writing to /global/cscratch1/sd/qpzhang/spark_env
starting org.apache.spark.deploy.master.Master, logging to /global/cscratch1/sd/qpzhang/spark/2291611/sparklogs/spark-qpzhang-org.apache.spark.deploy.master.Master-1-nid01104.out
/global/common/cori/software/spark/1.5.1/sbin/..
nid01105: doing ssh -o StrictHostKeyChecking=no nid01105  cd /global/common/cori/software/spark/1.5.1/sbin/.. ; /usr/common/software/spark/1.5.1/sbin/start-slave.sh spark://nid01104:7077
nid01106: doing ssh -o StrictHostKeyChecking=no nid01106  cd /global/common/cori/software/spark/1.5.1/sbin/.. ; /usr/common/software/spark/1.5.1/sbin/start-slave.sh spark://nid01104:7077
nid01107: doing ssh -o StrictHostKeyChecking=no nid01107  cd /global/common/cori/software/spark/1.5.1/sbin/.. ; /usr/common/software/spark/1.5.1/sbin/start-slave.sh spark://nid01104:7077
nid01108: doing ssh -o StrictHostKeyChecking=no nid01108  cd /global/common/cori/software/spark/1.5.1/sbin/.. ; /usr/common/software/spark/1.5.1/sbin/start-slave.sh spark://nid01104:7077
nid01109: doing ssh -o StrictHostKeyChecking=no nid01109  cd /global/common/cori/software/spark/1.5.1/sbin/.. ; /usr/common/software/spark/1.5.1/sbin/start-slave.sh spark://nid01104:7077
nid01110: doing ssh -o StrictHostKeyChecking=no nid01110  cd /global/common/cori/software/spark/1.5.1/sbin/.. ; /usr/common/software/spark/1.5.1/sbin/start-slave.sh spark://nid01104:7077
nid01111: doing ssh -o StrictHostKeyChecking=no nid01111  cd /global/common/cori/software/spark/1.5.1/sbin/.. ; /usr/common/software/spark/1.5.1/sbin/start-slave.sh spark://nid01104:7077
nid01112: doing ssh -o StrictHostKeyChecking=no nid01112  cd /global/common/cori/software/spark/1.5.1/sbin/.. ; /usr/common/software/spark/1.5.1/sbin/start-slave.sh spark://nid01104:7077
nid01113: doing ssh -o StrictHostKeyChecking=no nid01113  cd /global/common/cori/software/spark/1.5.1/sbin/.. ; /usr/common/software/spark/1.5.1/sbin/start-slave.sh spark://nid01104:7077
nid01105: @@@@@@@@@@@@@@@@@@@@@@@@@@@@@@@@@@@@@@@@@@@@@@@@@@@@@@@@@@@
nid01105: @    WARNING: REMOTE HOST IDENTIFICATION HAS CHANGED!     @
nid01105: @@@@@@@@@@@@@@@@@@@@@@@@@@@@@@@@@@@@@@@@@@@@@@@@@@@@@@@@@@@
nid01105: IT IS POSSIBLE THAT SOMEONE IS DOING SOMETHING NASTY!
nid01105: Someone could be eavesdropping on you right now (man-in-the-middle attack)!
nid01105: It is also possible that a host key has just been changed.
nid01105: The fingerprint for the ECDSA key sent by the remote host is
nid01105: SHA256:pwuCeQ7cvPnrhKnNjcXNtrWaxzHaM/RpWfbA4wo1sK4.
nid01105: Please contact your system administrator.
nid01105: Add correct host key in /global/homes/q/qpzhang/.ssh/known_hosts to get rid of this message.
nid01105: Offending ECDSA key in /global/homes/q/qpzhang/.ssh/known_hosts:1018
nid01105: Password authentication is disabled to avoid man-in-the-middle attacks.
nid01105: Keyboard-interactive authentication is disabled to avoid man-in-the-middle attacks.
nid01105: starting org.apache.spark.deploy.worker.Worker, logging to /global/cscratch1/sd/qpzhang/spark/2291611/sparklogs/spark-qpzhang-org.apache.spark.deploy.worker.Worker-1-nid01104.out
nid01106: @@@@@@@@@@@@@@@@@@@@@@@@@@@@@@@@@@@@@@@@@@@@@@@@@@@@@@@@@@@
nid01106: @    WARNING: REMOTE HOST IDENTIFICATION HAS CHANGED!     @
nid01106: @@@@@@@@@@@@@@@@@@@@@@@@@@@@@@@@@@@@@@@@@@@@@@@@@@@@@@@@@@@
nid01106: IT IS POSSIBLE THAT SOMEONE IS DOING SOMETHING NASTY!
nid01106: Someone could be eavesdropping on you right now (man-in-the-middle attack)!
nid01106: It is also possible that a host key has just been changed.
nid01106: The fingerprint for the ECDSA key sent by the remote host is
nid01106: SHA256:PTqexW8Qc/oUYOot4vyktDMiTs21Qu8jgeQovp54nVk.
nid01106: Please contact your system administrator.
nid01106: Add correct host key in /global/homes/q/qpzhang/.ssh/known_hosts to get rid of this message.
nid01106: Offending ECDSA key in /global/homes/q/qpzhang/.ssh/known_hosts:1019
nid01106: Password authentication is disabled to avoid man-in-the-middle attacks.
nid01106: Keyboard-interactive authentication is disabled to avoid man-in-the-middle attacks.
nid01106: starting org.apache.spark.deploy.worker.Worker, logging to /global/cscratch1/sd/qpzhang/spark/2291611/sparklogs/spark-qpzhang-org.apache.spark.deploy.worker.Worker-1-nid01104.out
nid01107: @@@@@@@@@@@@@@@@@@@@@@@@@@@@@@@@@@@@@@@@@@@@@@@@@@@@@@@@@@@
nid01107: @    WARNING: REMOTE HOST IDENTIFICATION HAS CHANGED!     @
nid01107: @@@@@@@@@@@@@@@@@@@@@@@@@@@@@@@@@@@@@@@@@@@@@@@@@@@@@@@@@@@
nid01107: IT IS POSSIBLE THAT SOMEONE IS DOING SOMETHING NASTY!
nid01107: Someone could be eavesdropping on you right now (man-in-the-middle attack)!
nid01107: It is also possible that a host key has just been changed.
nid01107: The fingerprint for the ECDSA key sent by the remote host is
nid01107: SHA256:UmEGKmhavW5ADm+rQwmB+Ah9QlCpsaFbsXVtdMNtLU0.
nid01107: Please contact your system administrator.
nid01107: Add correct host key in /global/homes/q/qpzhang/.ssh/known_hosts to get rid of this message.
nid01107: Offending ECDSA key in /global/homes/q/qpzhang/.ssh/known_hosts:216
nid01107: Password authentication is disabled to avoid man-in-the-middle attacks.
nid01107: Keyboard-interactive authentication is disabled to avoid man-in-the-middle attacks.
nid01107: starting org.apache.spark.deploy.worker.Worker, logging to /global/cscratch1/sd/qpzhang/spark/2291611/sparklogs/spark-qpzhang-org.apache.spark.deploy.worker.Worker-1-nid01104.out
nid01108: @@@@@@@@@@@@@@@@@@@@@@@@@@@@@@@@@@@@@@@@@@@@@@@@@@@@@@@@@@@
nid01108: @    WARNING: REMOTE HOST IDENTIFICATION HAS CHANGED!     @
nid01108: @@@@@@@@@@@@@@@@@@@@@@@@@@@@@@@@@@@@@@@@@@@@@@@@@@@@@@@@@@@
nid01108: IT IS POSSIBLE THAT SOMEONE IS DOING SOMETHING NASTY!
nid01108: Someone could be eavesdropping on you right now (man-in-the-middle attack)!
nid01108: It is also possible that a host key has just been changed.
nid01108: The fingerprint for the ECDSA key sent by the remote host is
nid01108: SHA256:2ntwxsO1D0QIujaNMmio1ij0Zroju7goYFJ2iUz0cIE.
nid01108: Please contact your system administrator.
nid01108: Add correct host key in /global/homes/q/qpzhang/.ssh/known_hosts to get rid of this message.
nid01108: Offending ECDSA key in /global/homes/q/qpzhang/.ssh/known_hosts:1020
nid01108: Password authentication is disabled to avoid man-in-the-middle attacks.
nid01108: Keyboard-interactive authentication is disabled to avoid man-in-the-middle attacks.
nid01108: mv: cannot stat `/global/cscratch1/sd/qpzhang/spark/2291611/sparklogs/spark-qpzhang-org.apache.spark.deploy.worker.Worker-1-nid01104.out.1': No such file or directory
nid01108: mv: cannot stat `/global/cscratch1/sd/qpzhang/spark/2291611/sparklogs/spark-qpzhang-org.apache.spark.deploy.worker.Worker-1-nid01104.out': No such file or directory
nid01108: starting org.apache.spark.deploy.worker.Worker, logging to /global/cscratch1/sd/qpzhang/spark/2291611/sparklogs/spark-qpzhang-org.apache.spark.deploy.worker.Worker-1-nid01104.out
nid01109: @@@@@@@@@@@@@@@@@@@@@@@@@@@@@@@@@@@@@@@@@@@@@@@@@@@@@@@@@@@
nid01109: @    WARNING: REMOTE HOST IDENTIFICATION HAS CHANGED!     @
nid01109: @@@@@@@@@@@@@@@@@@@@@@@@@@@@@@@@@@@@@@@@@@@@@@@@@@@@@@@@@@@
nid01109: IT IS POSSIBLE THAT SOMEONE IS DOING SOMETHING NASTY!
nid01109: Someone could be eavesdropping on you right now (man-in-the-middle attack)!
nid01109: It is also possible that a host key has just been changed.
nid01109: The fingerprint for the ECDSA key sent by the remote host is
nid01109: SHA256:INOQ8cqT+ki85szwpBBZrYrf1TB5wzMPaZArsKq4e4w.
nid01109: Please contact your system administrator.
nid01109: Add correct host key in /global/homes/q/qpzhang/.ssh/known_hosts to get rid of this message.
nid01109: Offending ECDSA key in /global/homes/q/qpzhang/.ssh/known_hosts:1021
nid01109: Password authentication is disabled to avoid man-in-the-middle attacks.
nid01109: Keyboard-interactive authentication is disabled to avoid man-in-the-middle attacks.
nid01109: starting org.apache.spark.deploy.worker.Worker, logging to /global/cscratch1/sd/qpzhang/spark/2291611/sparklogs/spark-qpzhang-org.apache.spark.deploy.worker.Worker-1-nid01104.out
nid01112: @@@@@@@@@@@@@@@@@@@@@@@@@@@@@@@@@@@@@@@@@@@@@@@@@@@@@@@@@@@
nid01112: @    WARNING: REMOTE HOST IDENTIFICATION HAS CHANGED!     @
nid01112: @@@@@@@@@@@@@@@@@@@@@@@@@@@@@@@@@@@@@@@@@@@@@@@@@@@@@@@@@@@
nid01112: IT IS POSSIBLE THAT SOMEONE IS DOING SOMETHING NASTY!
nid01112: Someone could be eavesdropping on you right now (man-in-the-middle attack)!
nid01112: It is also possible that a host key has just been changed.
nid01112: The fingerprint for the ECDSA key sent by the remote host is
nid01112: SHA256:Hb/SPFqQlo2Dfs0IfTFNwjQmW0ZIIlJ7zYoRB9De7a0.
nid01112: Please contact your system administrator.
nid01112: Add correct host key in /global/homes/q/qpzhang/.ssh/known_hosts to get rid of this message.
nid01112: Offending ECDSA key in /global/homes/q/qpzhang/.ssh/known_hosts:1025
nid01112: Password authentication is disabled to avoid man-in-the-middle attacks.
nid01112: Keyboard-interactive authentication is disabled to avoid man-in-the-middle attacks.
nid01112: mv: cannot stat `/global/cscratch1/sd/qpzhang/spark/2291611/sparklogs/spark-qpzhang-org.apache.spark.deploy.worker.Worker-1-nid01104.out.1': No such file or directory
nid01112: starting org.apache.spark.deploy.worker.Worker, logging to /global/cscratch1/sd/qpzhang/spark/2291611/sparklogs/spark-qpzhang-org.apache.spark.deploy.worker.Worker-1-nid01104.out
nid01111: @@@@@@@@@@@@@@@@@@@@@@@@@@@@@@@@@@@@@@@@@@@@@@@@@@@@@@@@@@@
nid01111: @    WARNING: REMOTE HOST IDENTIFICATION HAS CHANGED!     @
nid01111: @@@@@@@@@@@@@@@@@@@@@@@@@@@@@@@@@@@@@@@@@@@@@@@@@@@@@@@@@@@
nid01111: IT IS POSSIBLE THAT SOMEONE IS DOING SOMETHING NASTY!
nid01111: Someone could be eavesdropping on you right now (man-in-the-middle attack)!
nid01111: It is also possible that a host key has just been changed.
nid01111: The fingerprint for the ECDSA key sent by the remote host is
nid01111: SHA256:g+/NzAIJCTlKiRMqiCnIgEnphrihpORKfT3DZXSl32g.
nid01111: Please contact your system administrator.
nid01111: Add correct host key in /global/homes/q/qpzhang/.ssh/known_hosts to get rid of this message.
nid01111: Offending ECDSA key in /global/homes/q/qpzhang/.ssh/known_hosts:1022
nid01111: Password authentication is disabled to avoid man-in-the-middle attacks.
nid01111: Keyboard-interactive authentication is disabled to avoid man-in-the-middle attacks.
nid01111: mv: cannot stat `/global/cscratch1/sd/qpzhang/spark/2291611/sparklogs/spark-qpzhang-org.apache.spark.deploy.worker.Worker-1-nid01104.out.1': No such file or directory
nid01111: mv: cannot stat `/global/cscratch1/sd/qpzhang/spark/2291611/sparklogs/spark-qpzhang-org.apache.spark.deploy.worker.Worker-1-nid01104.out': No such file or directory
nid01111: starting org.apache.spark.deploy.worker.Worker, logging to /global/cscratch1/sd/qpzhang/spark/2291611/sparklogs/spark-qpzhang-org.apache.spark.deploy.worker.Worker-1-nid01104.out
nid01113: @@@@@@@@@@@@@@@@@@@@@@@@@@@@@@@@@@@@@@@@@@@@@@@@@@@@@@@@@@@
nid01113: @    WARNING: REMOTE HOST IDENTIFICATION HAS CHANGED!     @
nid01113: @@@@@@@@@@@@@@@@@@@@@@@@@@@@@@@@@@@@@@@@@@@@@@@@@@@@@@@@@@@
nid01113: IT IS POSSIBLE THAT SOMEONE IS DOING SOMETHING NASTY!
nid01113: Someone could be eavesdropping on you right now (man-in-the-middle attack)!
nid01113: It is also possible that a host key has just been changed.
nid01113: The fingerprint for the ECDSA key sent by the remote host is
nid01113: SHA256:2vpHKf6F65tdStYLWtLGe5rsFJyps/g2Imcv/dM2MhM.
nid01113: Please contact your system administrator.
nid01113: Add correct host key in /global/homes/q/qpzhang/.ssh/known_hosts to get rid of this message.
nid01113: Offending ECDSA key in /global/homes/q/qpzhang/.ssh/known_hosts:1024
nid01113: Password authentication is disabled to avoid man-in-the-middle attacks.
nid01113: Keyboard-interactive authentication is disabled to avoid man-in-the-middle attacks.
nid01113: mv: cannot stat `/global/cscratch1/sd/qpzhang/spark/2291611/sparklogs/spark-qpzhang-org.apache.spark.deploy.worker.Worker-1-nid01104.out': No such file or directory
nid01113: starting org.apache.spark.deploy.worker.Worker, logging to /global/cscratch1/sd/qpzhang/spark/2291611/sparklogs/spark-qpzhang-org.apache.spark.deploy.worker.Worker-1-nid01104.out
nid01110: @@@@@@@@@@@@@@@@@@@@@@@@@@@@@@@@@@@@@@@@@@@@@@@@@@@@@@@@@@@
nid01110: @    WARNING: REMOTE HOST IDENTIFICATION HAS CHANGED!     @
nid01110: @@@@@@@@@@@@@@@@@@@@@@@@@@@@@@@@@@@@@@@@@@@@@@@@@@@@@@@@@@@
nid01110: IT IS POSSIBLE THAT SOMEONE IS DOING SOMETHING NASTY!
nid01110: Someone could be eavesdropping on you right now (man-in-the-middle attack)!
nid01110: It is also possible that a host key has just been changed.
nid01110: The fingerprint for the ECDSA key sent by the remote host is
nid01110: SHA256:ya+rcUVjog8GhBWCx1of5CIG+L/H0lgULzR01vD6Ve4.
nid01110: Please contact your system administrator.
nid01110: Add correct host key in /global/homes/q/qpzhang/.ssh/known_hosts to get rid of this message.
nid01110: Offending ECDSA key in /global/homes/q/qpzhang/.ssh/known_hosts:1023
nid01110: Password authentication is disabled to avoid man-in-the-middle attacks.
nid01110: Keyboard-interactive authentication is disabled to avoid man-in-the-middle attacks.
nid01110: starting org.apache.spark.deploy.worker.Worker, logging to /global/cscratch1/sd/qpzhang/spark/2291611/sparklogs/spark-qpzhang-org.apache.spark.deploy.worker.Worker-1-nid01104.out
