writing to /global/cscratch1/sd/qpzhang/spark_env
starting org.apache.spark.deploy.master.Master, logging to /global/cscratch1/sd/qpzhang/spark/2329718/sparklogs/spark-qpzhang-org.apache.spark.deploy.master.Master-1-nid01855.out
/global/common/cori/software/spark/1.5.1/sbin/..
nid00682: doing ssh -o StrictHostKeyChecking=no nid00682  cd /global/common/cori/software/spark/1.5.1/sbin/.. ; /usr/common/software/spark/1.5.1/sbin/start-slave.sh spark://nid01855:7077
nid00683: doing ssh -o StrictHostKeyChecking=no nid00683  cd /global/common/cori/software/spark/1.5.1/sbin/.. ; /usr/common/software/spark/1.5.1/sbin/start-slave.sh spark://nid01855:7077
nid00684: doing ssh -o StrictHostKeyChecking=no nid00684  cd /global/common/cori/software/spark/1.5.1/sbin/.. ; /usr/common/software/spark/1.5.1/sbin/start-slave.sh spark://nid01855:7077
nid00685: doing ssh -o StrictHostKeyChecking=no nid00685  cd /global/common/cori/software/spark/1.5.1/sbin/.. ; /usr/common/software/spark/1.5.1/sbin/start-slave.sh spark://nid01855:7077
nid00686: doing ssh -o StrictHostKeyChecking=no nid00686  cd /global/common/cori/software/spark/1.5.1/sbin/.. ; /usr/common/software/spark/1.5.1/sbin/start-slave.sh spark://nid01855:7077
nid00687: doing ssh -o StrictHostKeyChecking=no nid00687  cd /global/common/cori/software/spark/1.5.1/sbin/.. ; /usr/common/software/spark/1.5.1/sbin/start-slave.sh spark://nid01855:7077
nid00688: doing ssh -o StrictHostKeyChecking=no nid00688  cd /global/common/cori/software/spark/1.5.1/sbin/.. ; /usr/common/software/spark/1.5.1/sbin/start-slave.sh spark://nid01855:7077
nid00689: doing ssh -o StrictHostKeyChecking=no nid00689  cd /global/common/cori/software/spark/1.5.1/sbin/.. ; /usr/common/software/spark/1.5.1/sbin/start-slave.sh spark://nid01855:7077
nid00690: doing ssh -o StrictHostKeyChecking=no nid00690  cd /global/common/cori/software/spark/1.5.1/sbin/.. ; /usr/common/software/spark/1.5.1/sbin/start-slave.sh spark://nid01855:7077
nid00691: doing ssh -o StrictHostKeyChecking=no nid00691  cd /global/common/cori/software/spark/1.5.1/sbin/.. ; /usr/common/software/spark/1.5.1/sbin/start-slave.sh spark://nid01855:7077
nid00692: doing ssh -o StrictHostKeyChecking=no nid00692  cd /global/common/cori/software/spark/1.5.1/sbin/.. ; /usr/common/software/spark/1.5.1/sbin/start-slave.sh spark://nid01855:7077
nid00693: doing ssh -o StrictHostKeyChecking=no nid00693  cd /global/common/cori/software/spark/1.5.1/sbin/.. ; /usr/common/software/spark/1.5.1/sbin/start-slave.sh spark://nid01855:7077
nid00694: doing ssh -o StrictHostKeyChecking=no nid00694  cd /global/common/cori/software/spark/1.5.1/sbin/.. ; /usr/common/software/spark/1.5.1/sbin/start-slave.sh spark://nid01855:7077
nid00695: doing ssh -o StrictHostKeyChecking=no nid00695  cd /global/common/cori/software/spark/1.5.1/sbin/.. ; /usr/common/software/spark/1.5.1/sbin/start-slave.sh spark://nid01855:7077
nid00696: doing ssh -o StrictHostKeyChecking=no nid00696  cd /global/common/cori/software/spark/1.5.1/sbin/.. ; /usr/common/software/spark/1.5.1/sbin/start-slave.sh spark://nid01855:7077
nid00697: doing ssh -o StrictHostKeyChecking=no nid00697  cd /global/common/cori/software/spark/1.5.1/sbin/.. ; /usr/common/software/spark/1.5.1/sbin/start-slave.sh spark://nid01855:7077
nid00698: doing ssh -o StrictHostKeyChecking=no nid00698  cd /global/common/cori/software/spark/1.5.1/sbin/.. ; /usr/common/software/spark/1.5.1/sbin/start-slave.sh spark://nid01855:7077
nid00699: doing ssh -o StrictHostKeyChecking=no nid00699  cd /global/common/cori/software/spark/1.5.1/sbin/.. ; /usr/common/software/spark/1.5.1/sbin/start-slave.sh spark://nid01855:7077
nid00700: doing ssh -o StrictHostKeyChecking=no nid00700  cd /global/common/cori/software/spark/1.5.1/sbin/.. ; /usr/common/software/spark/1.5.1/sbin/start-slave.sh spark://nid01855:7077
nid01721: doing ssh -o StrictHostKeyChecking=no nid01721  cd /global/common/cori/software/spark/1.5.1/sbin/.. ; /usr/common/software/spark/1.5.1/sbin/start-slave.sh spark://nid01855:7077
nid01722: doing ssh -o StrictHostKeyChecking=no nid01722  cd /global/common/cori/software/spark/1.5.1/sbin/.. ; /usr/common/software/spark/1.5.1/sbin/start-slave.sh spark://nid01855:7077
nid01723: doing ssh -o StrictHostKeyChecking=no nid01723  cd /global/common/cori/software/spark/1.5.1/sbin/.. ; /usr/common/software/spark/1.5.1/sbin/start-slave.sh spark://nid01855:7077
nid01724: doing ssh -o StrictHostKeyChecking=no nid01724  cd /global/common/cori/software/spark/1.5.1/sbin/.. ; /usr/common/software/spark/1.5.1/sbin/start-slave.sh spark://nid01855:7077
nid01725: doing ssh -o StrictHostKeyChecking=no nid01725  cd /global/common/cori/software/spark/1.5.1/sbin/.. ; /usr/common/software/spark/1.5.1/sbin/start-slave.sh spark://nid01855:7077
nid01726: doing ssh -o StrictHostKeyChecking=no nid01726  cd /global/common/cori/software/spark/1.5.1/sbin/.. ; /usr/common/software/spark/1.5.1/sbin/start-slave.sh spark://nid01855:7077
nid01727: doing ssh -o StrictHostKeyChecking=no nid01727  cd /global/common/cori/software/spark/1.5.1/sbin/.. ; /usr/common/software/spark/1.5.1/sbin/start-slave.sh spark://nid01855:7077
nid01748: doing ssh -o StrictHostKeyChecking=no nid01748  cd /global/common/cori/software/spark/1.5.1/sbin/.. ; /usr/common/software/spark/1.5.1/sbin/start-slave.sh spark://nid01855:7077
nid01749: doing ssh -o StrictHostKeyChecking=no nid01749  cd /global/common/cori/software/spark/1.5.1/sbin/.. ; /usr/common/software/spark/1.5.1/sbin/start-slave.sh spark://nid01855:7077
nid01750: doing ssh -o StrictHostKeyChecking=no nid01750  cd /global/common/cori/software/spark/1.5.1/sbin/.. ; /usr/common/software/spark/1.5.1/sbin/start-slave.sh spark://nid01855:7077
nid01751: doing ssh -o StrictHostKeyChecking=no nid01751  cd /global/common/cori/software/spark/1.5.1/sbin/.. ; /usr/common/software/spark/1.5.1/sbin/start-slave.sh spark://nid01855:7077
nid01752: doing ssh -o StrictHostKeyChecking=no nid01752  cd /global/common/cori/software/spark/1.5.1/sbin/.. ; /usr/common/software/spark/1.5.1/sbin/start-slave.sh spark://nid01855:7077
nid01753: doing ssh -o StrictHostKeyChecking=no nid01753  cd /global/common/cori/software/spark/1.5.1/sbin/.. ; /usr/common/software/spark/1.5.1/sbin/start-slave.sh spark://nid01855:7077
nid01754: doing ssh -o StrictHostKeyChecking=no nid01754  cd /global/common/cori/software/spark/1.5.1/sbin/.. ; /usr/common/software/spark/1.5.1/sbin/start-slave.sh spark://nid01855:7077
nid01755: doing ssh -o StrictHostKeyChecking=no nid01755  cd /global/common/cori/software/spark/1.5.1/sbin/.. ; /usr/common/software/spark/1.5.1/sbin/start-slave.sh spark://nid01855:7077
nid01756: doing ssh -o StrictHostKeyChecking=no nid01756  cd /global/common/cori/software/spark/1.5.1/sbin/.. ; /usr/common/software/spark/1.5.1/sbin/start-slave.sh spark://nid01855:7077
nid01757: doing ssh -o StrictHostKeyChecking=no nid01757  cd /global/common/cori/software/spark/1.5.1/sbin/.. ; /usr/common/software/spark/1.5.1/sbin/start-slave.sh spark://nid01855:7077
nid01758: doing ssh -o StrictHostKeyChecking=no nid01758  cd /global/common/cori/software/spark/1.5.1/sbin/.. ; /usr/common/software/spark/1.5.1/sbin/start-slave.sh spark://nid01855:7077
nid01759: doing ssh -o StrictHostKeyChecking=no nid01759  cd /global/common/cori/software/spark/1.5.1/sbin/.. ; /usr/common/software/spark/1.5.1/sbin/start-slave.sh spark://nid01855:7077
nid01760: doing ssh -o StrictHostKeyChecking=no nid01760  cd /global/common/cori/software/spark/1.5.1/sbin/.. ; /usr/common/software/spark/1.5.1/sbin/start-slave.sh spark://nid01855:7077
nid00682: @@@@@@@@@@@@@@@@@@@@@@@@@@@@@@@@@@@@@@@@@@@@@@@@@@@@@@@@@@@
nid00682: @    WARNING: REMOTE HOST IDENTIFICATION HAS CHANGED!     @
nid00682: @@@@@@@@@@@@@@@@@@@@@@@@@@@@@@@@@@@@@@@@@@@@@@@@@@@@@@@@@@@
nid00682: IT IS POSSIBLE THAT SOMEONE IS DOING SOMETHING NASTY!
nid00682: Someone could be eavesdropping on you right now (man-in-the-middle attack)!
nid00682: It is also possible that a host key has just been changed.
nid00682: The fingerprint for the ECDSA key sent by the remote host is
nid00682: SHA256:xn96l+lkr0f9MSJk7WXmbwzpSmDv8kEFBgdNcFGG8n4.
nid00682: Please contact your system administrator.
nid00682: Add correct host key in /global/homes/q/qpzhang/.ssh/known_hosts to get rid of this message.
nid00682: Offending ECDSA key in /global/homes/q/qpzhang/.ssh/known_hosts:997
nid00682: Password authentication is disabled to avoid man-in-the-middle attacks.
nid00682: Keyboard-interactive authentication is disabled to avoid man-in-the-middle attacks.
nid00682: starting org.apache.spark.deploy.worker.Worker, logging to /global/cscratch1/sd/qpzhang/spark/2329719/sparklogs/spark-qpzhang-org.apache.spark.deploy.worker.Worker-1-nid00681.out
nid00683: @@@@@@@@@@@@@@@@@@@@@@@@@@@@@@@@@@@@@@@@@@@@@@@@@@@@@@@@@@@
nid00683: @    WARNING: REMOTE HOST IDENTIFICATION HAS CHANGED!     @
nid00683: @@@@@@@@@@@@@@@@@@@@@@@@@@@@@@@@@@@@@@@@@@@@@@@@@@@@@@@@@@@
nid00683: IT IS POSSIBLE THAT SOMEONE IS DOING SOMETHING NASTY!
nid00683: Someone could be eavesdropping on you right now (man-in-the-middle attack)!
nid00683: It is also possible that a host key has just been changed.
nid00683: The fingerprint for the ECDSA key sent by the remote host is
nid00683: SHA256:dwYDSU0C6T5O5W+F/K+amvchYCMwcBftUYBKKFRHfJg.
nid00683: Please contact your system administrator.
nid00683: Add correct host key in /global/homes/q/qpzhang/.ssh/known_hosts to get rid of this message.
nid00683: Offending ECDSA key in /global/homes/q/qpzhang/.ssh/known_hosts:996
nid00683: Password authentication is disabled to avoid man-in-the-middle attacks.
nid00683: Keyboard-interactive authentication is disabled to avoid man-in-the-middle attacks.
nid00683: starting org.apache.spark.deploy.worker.Worker, logging to /global/cscratch1/sd/qpzhang/spark/2329719/sparklogs/spark-qpzhang-org.apache.spark.deploy.worker.Worker-1-nid00681.out
nid00693: @@@@@@@@@@@@@@@@@@@@@@@@@@@@@@@@@@@@@@@@@@@@@@@@@@@@@@@@@@@
nid00693: @    WARNING: REMOTE HOST IDENTIFICATION HAS CHANGED!     @
nid00693: @@@@@@@@@@@@@@@@@@@@@@@@@@@@@@@@@@@@@@@@@@@@@@@@@@@@@@@@@@@
nid00693: IT IS POSSIBLE THAT SOMEONE IS DOING SOMETHING NASTY!
nid00693: Someone could be eavesdropping on you right now (man-in-the-middle attack)!
nid00693: It is also possible that a host key has just been changed.
nid00693: The fingerprint for the ECDSA key sent by the remote host is
nid00693: SHA256:qmS9+v0Atia8j4Ikp7utEQK33UgwaCz1j0yyjP+UpWs.
nid00693: Please contact your system administrator.
nid00693: Add correct host key in /global/homes/q/qpzhang/.ssh/known_hosts to get rid of this message.
nid00693: Offending ECDSA key in /global/homes/q/qpzhang/.ssh/known_hosts:1030
nid00693: Password authentication is disabled to avoid man-in-the-middle attacks.
nid00693: Keyboard-interactive authentication is disabled to avoid man-in-the-middle attacks.
nid00693: starting org.apache.spark.deploy.worker.Worker, logging to /global/cscratch1/sd/qpzhang/spark/2329719/sparklogs/spark-qpzhang-org.apache.spark.deploy.worker.Worker-1-nid00681.out
nid00688: @@@@@@@@@@@@@@@@@@@@@@@@@@@@@@@@@@@@@@@@@@@@@@@@@@@@@@@@@@@
nid00688: @    WARNING: REMOTE HOST IDENTIFICATION HAS CHANGED!     @
nid00688: @@@@@@@@@@@@@@@@@@@@@@@@@@@@@@@@@@@@@@@@@@@@@@@@@@@@@@@@@@@
nid00688: IT IS POSSIBLE THAT SOMEONE IS DOING SOMETHING NASTY!
nid00688: Someone could be eavesdropping on you right now (man-in-the-middle attack)!
nid00688: It is also possible that a host key has just been changed.
nid00688: The fingerprint for the ECDSA key sent by the remote host is
nid00688: SHA256:IAFsfHyQhk5s48jZhmUTwIJk87ZRUH8CkcMZfS4vpJQ.
nid00688: Please contact your system administrator.
nid00688: Add correct host key in /global/homes/q/qpzhang/.ssh/known_hosts to get rid of this message.
nid00688: Offending ECDSA key in /global/homes/q/qpzhang/.ssh/known_hosts:527
nid00688: Password authentication is disabled to avoid man-in-the-middle attacks.
nid00688: Keyboard-interactive authentication is disabled to avoid man-in-the-middle attacks.
nid00688: starting org.apache.spark.deploy.worker.Worker, logging to /global/cscratch1/sd/qpzhang/spark/2329719/sparklogs/spark-qpzhang-org.apache.spark.deploy.worker.Worker-1-nid00681.out
nid00685: Warning: Permanently added '[nid00685]:204,[10.128.2.178]:204' (ECDSA) to the list of known hosts.
nid00685: starting org.apache.spark.deploy.worker.Worker, logging to /global/cscratch1/sd/qpzhang/spark/2329719/sparklogs/spark-qpzhang-org.apache.spark.deploy.worker.Worker-1-nid00681.out
nid00684: @@@@@@@@@@@@@@@@@@@@@@@@@@@@@@@@@@@@@@@@@@@@@@@@@@@@@@@@@@@
nid00684: @    WARNING: REMOTE HOST IDENTIFICATION HAS CHANGED!     @
nid00684: @@@@@@@@@@@@@@@@@@@@@@@@@@@@@@@@@@@@@@@@@@@@@@@@@@@@@@@@@@@
nid00684: IT IS POSSIBLE THAT SOMEONE IS DOING SOMETHING NASTY!
nid00684: Someone could be eavesdropping on you right now (man-in-the-middle attack)!
nid00684: It is also possible that a host key has just been changed.
nid00684: The fingerprint for the ECDSA key sent by the remote host is
nid00684: SHA256:efampeYJvNP1ns32fGV6yGIqXTk8WEwNAYRWwJDTw08.
nid00684: Please contact your system administrator.
nid00684: Add correct host key in /global/homes/q/qpzhang/.ssh/known_hosts to get rid of this message.
nid00684: Offending ECDSA key in /global/homes/q/qpzhang/.ssh/known_hosts:998
nid00684: Password authentication is disabled to avoid man-in-the-middle attacks.
nid00684: Keyboard-interactive authentication is disabled to avoid man-in-the-middle attacks.
nid00684: starting org.apache.spark.deploy.worker.Worker, logging to /global/cscratch1/sd/qpzhang/spark/2329719/sparklogs/spark-qpzhang-org.apache.spark.deploy.worker.Worker-1-nid00681.out
nid00694: @@@@@@@@@@@@@@@@@@@@@@@@@@@@@@@@@@@@@@@@@@@@@@@@@@@@@@@@@@@
nid00694: @    WARNING: REMOTE HOST IDENTIFICATION HAS CHANGED!     @
nid00694: @@@@@@@@@@@@@@@@@@@@@@@@@@@@@@@@@@@@@@@@@@@@@@@@@@@@@@@@@@@
nid00694: IT IS POSSIBLE THAT SOMEONE IS DOING SOMETHING NASTY!
nid00694: Someone could be eavesdropping on you right now (man-in-the-middle attack)!
nid00694: It is also possible that a host key has just been changed.
nid00694: The fingerprint for the ECDSA key sent by the remote host is
nid00694: SHA256:43jXTZH/0jqk0Grna0lsZbwLTChb6qV9jrz3H8sOWso.
nid00694: Please contact your system administrator.
nid00694: Add correct host key in /global/homes/q/qpzhang/.ssh/known_hosts to get rid of this message.
nid00694: Offending ECDSA key in /global/homes/q/qpzhang/.ssh/known_hosts:1031
nid00694: Password authentication is disabled to avoid man-in-the-middle attacks.
nid00694: Keyboard-interactive authentication is disabled to avoid man-in-the-middle attacks.
nid00694: starting org.apache.spark.deploy.worker.Worker, logging to /global/cscratch1/sd/qpzhang/spark/2329719/sparklogs/spark-qpzhang-org.apache.spark.deploy.worker.Worker-1-nid00681.out
nid00686: Warning: Permanently added '[nid00686]:204,[10.128.2.179]:204' (ECDSA) to the list of known hosts.
nid00686: starting org.apache.spark.deploy.worker.Worker, logging to /global/cscratch1/sd/qpzhang/spark/2329719/sparklogs/spark-qpzhang-org.apache.spark.deploy.worker.Worker-1-nid00681.out
nid00687: Warning: Permanently added '[nid00687]:204,[10.128.2.180]:204' (ECDSA) to the list of known hosts.
nid00687: starting org.apache.spark.deploy.worker.Worker, logging to /global/cscratch1/sd/qpzhang/spark/2329719/sparklogs/spark-qpzhang-org.apache.spark.deploy.worker.Worker-1-nid00681.out
nid00695: Warning: Permanently added '[nid00695]:204,[10.128.2.188]:204' (ECDSA) to the list of known hosts.
nid00695: starting org.apache.spark.deploy.worker.Worker, logging to /global/cscratch1/sd/qpzhang/spark/2329719/sparklogs/spark-qpzhang-org.apache.spark.deploy.worker.Worker-1-nid00681.out
nid00691: Warning: Permanently added '[nid00691]:204,[10.128.2.184]:204' (ECDSA) to the list of known hosts.
nid00691: starting org.apache.spark.deploy.worker.Worker, logging to /global/cscratch1/sd/qpzhang/spark/2329719/sparklogs/spark-qpzhang-org.apache.spark.deploy.worker.Worker-1-nid00681.out
nid00692: Warning: Permanently added '[nid00692]:204,[10.128.2.185]:204' (ECDSA) to the list of known hosts.
nid00692: mv: cannot stat `/global/cscratch1/sd/qpzhang/spark/2329719/sparklogs/spark-qpzhang-org.apache.spark.deploy.worker.Worker-1-nid00681.out.2': No such file or directory
nid00692: mv: cannot stat `/global/cscratch1/sd/qpzhang/spark/2329719/sparklogs/spark-qpzhang-org.apache.spark.deploy.worker.Worker-1-nid00681.out.1': No such file or directory
nid00692: starting org.apache.spark.deploy.worker.Worker, logging to /global/cscratch1/sd/qpzhang/spark/2329719/sparklogs/spark-qpzhang-org.apache.spark.deploy.worker.Worker-1-nid00681.out
nid00690: @@@@@@@@@@@@@@@@@@@@@@@@@@@@@@@@@@@@@@@@@@@@@@@@@@@@@@@@@@@
nid00690: @    WARNING: REMOTE HOST IDENTIFICATION HAS CHANGED!     @
nid00690: @@@@@@@@@@@@@@@@@@@@@@@@@@@@@@@@@@@@@@@@@@@@@@@@@@@@@@@@@@@
nid00690: IT IS POSSIBLE THAT SOMEONE IS DOING SOMETHING NASTY!
nid00690: Someone could be eavesdropping on you right now (man-in-the-middle attack)!
nid00690: It is also possible that a host key has just been changed.
nid00690: The fingerprint for the ECDSA key sent by the remote host is
nid00690: SHA256:Kb6NrlgjW+JXOGxcChSLnSaCA58HkFhVOB/B8Xqsx0s.
nid00690: Please contact your system administrator.
nid00690: Add correct host key in /global/homes/q/qpzhang/.ssh/known_hosts to get rid of this message.
nid00690: Offending ECDSA key in /global/homes/q/qpzhang/.ssh/known_hosts:861
nid00690: Password authentication is disabled to avoid man-in-the-middle attacks.
nid00690: Keyboard-interactive authentication is disabled to avoid man-in-the-middle attacks.
nid00690: mv: cannot stat `/global/cscratch1/sd/qpzhang/spark/2329719/sparklogs/spark-qpzhang-org.apache.spark.deploy.worker.Worker-1-nid00681.out': No such file or directory
nid00690: starting org.apache.spark.deploy.worker.Worker, logging to /global/cscratch1/sd/qpzhang/spark/2329719/sparklogs/spark-qpzhang-org.apache.spark.deploy.worker.Worker-1-nid00681.out
nid00689: Warning: Permanently added '[nid00689]:204,[10.128.2.182]:204' (ECDSA) to the list of known hosts.
nid00689: mv: cannot stat `/global/cscratch1/sd/qpzhang/spark/2329719/sparklogs/spark-qpzhang-org.apache.spark.deploy.worker.Worker-1-nid00681.out.3': No such file or directory
nid00689: mv: cannot stat `/global/cscratch1/sd/qpzhang/spark/2329719/sparklogs/spark-qpzhang-org.apache.spark.deploy.worker.Worker-1-nid00681.out.1': No such file or directory
nid00689: mv: cannot stat `/global/cscratch1/sd/qpzhang/spark/2329719/sparklogs/spark-qpzhang-org.apache.spark.deploy.worker.Worker-1-nid00681.out': No such file or directory
nid00689: starting org.apache.spark.deploy.worker.Worker, logging to /global/cscratch1/sd/qpzhang/spark/2329719/sparklogs/spark-qpzhang-org.apache.spark.deploy.worker.Worker-1-nid00681.out
nid01721: @@@@@@@@@@@@@@@@@@@@@@@@@@@@@@@@@@@@@@@@@@@@@@@@@@@@@@@@@@@
nid01721: @    WARNING: REMOTE HOST IDENTIFICATION HAS CHANGED!     @
nid01721: @@@@@@@@@@@@@@@@@@@@@@@@@@@@@@@@@@@@@@@@@@@@@@@@@@@@@@@@@@@
nid01721: IT IS POSSIBLE THAT SOMEONE IS DOING SOMETHING NASTY!
nid01721: Someone could be eavesdropping on you right now (man-in-the-middle attack)!
nid01721: It is also possible that a host key has just been changed.
nid01721: The fingerprint for the ECDSA key sent by the remote host is
nid01721: SHA256:A+jxbIvilWIsrehpqi/MfuwMc97OxMhNU4S4yXq6B8U.
nid01721: Please contact your system administrator.
nid01721: Add correct host key in /global/homes/q/qpzhang/.ssh/known_hosts to get rid of this message.
nid01721: Offending ECDSA key in /global/homes/q/qpzhang/.ssh/known_hosts:50
nid01721: Password authentication is disabled to avoid man-in-the-middle attacks.
nid01721: Keyboard-interactive authentication is disabled to avoid man-in-the-middle attacks.
nid01721: starting org.apache.spark.deploy.worker.Worker, logging to /global/cscratch1/sd/qpzhang/spark/2329719/sparklogs/spark-qpzhang-org.apache.spark.deploy.worker.Worker-1-nid00681.out
nid01722: @@@@@@@@@@@@@@@@@@@@@@@@@@@@@@@@@@@@@@@@@@@@@@@@@@@@@@@@@@@
nid01722: @    WARNING: REMOTE HOST IDENTIFICATION HAS CHANGED!     @
nid01722: @@@@@@@@@@@@@@@@@@@@@@@@@@@@@@@@@@@@@@@@@@@@@@@@@@@@@@@@@@@
nid01722: IT IS POSSIBLE THAT SOMEONE IS DOING SOMETHING NASTY!
nid01722: Someone could be eavesdropping on you right now (man-in-the-middle attack)!
nid01722: It is also possible that a host key has just been changed.
nid01722: The fingerprint for the ECDSA key sent by the remote host is
nid01722: SHA256:S5I5FvlAyvJ9Uf5WuNSyveXlhvSH6MjSsf0xLcDFVMk.
nid01722: Please contact your system administrator.
nid01722: Add correct host key in /global/homes/q/qpzhang/.ssh/known_hosts to get rid of this message.
nid01722: Offending ECDSA key in /global/homes/q/qpzhang/.ssh/known_hosts:51
nid01722: Password authentication is disabled to avoid man-in-the-middle attacks.
nid01722: Keyboard-interactive authentication is disabled to avoid man-in-the-middle attacks.
nid01722: starting org.apache.spark.deploy.worker.Worker, logging to /global/cscratch1/sd/qpzhang/spark/2329719/sparklogs/spark-qpzhang-org.apache.spark.deploy.worker.Worker-1-nid00681.out
nid01726: @@@@@@@@@@@@@@@@@@@@@@@@@@@@@@@@@@@@@@@@@@@@@@@@@@@@@@@@@@@
nid01726: @    WARNING: REMOTE HOST IDENTIFICATION HAS CHANGED!     @
nid01726: @@@@@@@@@@@@@@@@@@@@@@@@@@@@@@@@@@@@@@@@@@@@@@@@@@@@@@@@@@@
nid01726: IT IS POSSIBLE THAT SOMEONE IS DOING SOMETHING NASTY!
nid01726: Someone could be eavesdropping on you right now (man-in-the-middle attack)!
nid01726: It is also possible that a host key has just been changed.
nid01726: The fingerprint for the ECDSA key sent by the remote host is
nid01726: SHA256:LpVlI/2lTaucFLpZWwhDRVyHAKevMVEHNY4zB+z3FdA.
nid01726: Please contact your system administrator.
nid01726: Add correct host key in /global/homes/q/qpzhang/.ssh/known_hosts to get rid of this message.
nid01726: Offending ECDSA key in /global/homes/q/qpzhang/.ssh/known_hosts:758
nid01726: Password authentication is disabled to avoid man-in-the-middle attacks.
nid01726: Keyboard-interactive authentication is disabled to avoid man-in-the-middle attacks.
nid01726: mv: cannot stat `/global/cscratch1/sd/qpzhang/spark/2329719/sparklogs/spark-qpzhang-org.apache.spark.deploy.worker.Worker-1-nid00681.out.2': No such file or directory
nid01726: starting org.apache.spark.deploy.worker.Worker, logging to /global/cscratch1/sd/qpzhang/spark/2329719/sparklogs/spark-qpzhang-org.apache.spark.deploy.worker.Worker-1-nid00681.out
nid01752: @@@@@@@@@@@@@@@@@@@@@@@@@@@@@@@@@@@@@@@@@@@@@@@@@@@@@@@@@@@
nid01752: @    WARNING: REMOTE HOST IDENTIFICATION HAS CHANGED!     @
nid01752: @@@@@@@@@@@@@@@@@@@@@@@@@@@@@@@@@@@@@@@@@@@@@@@@@@@@@@@@@@@
nid01752: IT IS POSSIBLE THAT SOMEONE IS DOING SOMETHING NASTY!
nid01752: Someone could be eavesdropping on you right now (man-in-the-middle attack)!
nid01752: It is also possible that a host key has just been changed.
nid01752: The fingerprint for the ECDSA key sent by the remote host is
nid01752: SHA256:f/KimwhQ+O/ZRaPM1mvLDQayTpr9Cb00JzgfMX5IkBw.
nid01752: Please contact your system administrator.
nid01752: Add correct host key in /global/homes/q/qpzhang/.ssh/known_hosts to get rid of this message.
nid01752: Offending ECDSA key in /global/homes/q/qpzhang/.ssh/known_hosts:1080
nid01752: Password authentication is disabled to avoid man-in-the-middle attacks.
nid01752: Keyboard-interactive authentication is disabled to avoid man-in-the-middle attacks.
nid01752: mv: cannot stat `/global/cscratch1/sd/qpzhang/spark/2329719/sparklogs/spark-qpzhang-org.apache.spark.deploy.worker.Worker-1-nid00681.out.4': No such file or directory
nid01752: mv: cannot stat `/global/cscratch1/sd/qpzhang/spark/2329719/sparklogs/spark-qpzhang-org.apache.spark.deploy.worker.Worker-1-nid00681.out.3': No such file or directory
nid01752: mv: cannot stat `/global/cscratch1/sd/qpzhang/spark/2329719/sparklogs/spark-qpzhang-org.apache.spark.deploy.worker.Worker-1-nid00681.out.2': No such file or directory
nid01752: mv: cannot stat `/global/cscratch1/sd/qpzhang/spark/2329719/sparklogs/spark-qpzhang-org.apache.spark.deploy.worker.Worker-1-nid00681.out.1': No such file or directory
nid01752: starting org.apache.spark.deploy.worker.Worker, logging to /global/cscratch1/sd/qpzhang/spark/2329719/sparklogs/spark-qpzhang-org.apache.spark.deploy.worker.Worker-1-nid00681.out
nid00696: @@@@@@@@@@@@@@@@@@@@@@@@@@@@@@@@@@@@@@@@@@@@@@@@@@@@@@@@@@@
nid00696: @    WARNING: REMOTE HOST IDENTIFICATION HAS CHANGED!     @
nid00696: @@@@@@@@@@@@@@@@@@@@@@@@@@@@@@@@@@@@@@@@@@@@@@@@@@@@@@@@@@@
nid00696: IT IS POSSIBLE THAT SOMEONE IS DOING SOMETHING NASTY!
nid00696: Someone could be eavesdropping on you right now (man-in-the-middle attack)!
nid00696: It is also possible that a host key has just been changed.
nid00696: The fingerprint for the ECDSA key sent by the remote host is
nid00696: SHA256:Py8Kim28IdDphah7xgiJ/MX+/Lp/mCNBSi694GiE3zg.
nid00696: Please contact your system administrator.
nid00696: Add correct host key in /global/homes/q/qpzhang/.ssh/known_hosts to get rid of this message.
nid00696: Offending ECDSA key in /global/homes/q/qpzhang/.ssh/known_hosts:140
nid00696: Password authentication is disabled to avoid man-in-the-middle attacks.
nid00696: Keyboard-interactive authentication is disabled to avoid man-in-the-middle attacks.
nid00696: mv: cannot stat `/global/cscratch1/sd/qpzhang/spark/2329719/sparklogs/spark-qpzhang-org.apache.spark.deploy.worker.Worker-1-nid00681.out': No such file or directory
nid00696: starting org.apache.spark.deploy.worker.Worker, logging to /global/cscratch1/sd/qpzhang/spark/2329719/sparklogs/spark-qpzhang-org.apache.spark.deploy.worker.Worker-1-nid00681.out
nid00700: @@@@@@@@@@@@@@@@@@@@@@@@@@@@@@@@@@@@@@@@@@@@@@@@@@@@@@@@@@@
nid00700: @    WARNING: REMOTE HOST IDENTIFICATION HAS CHANGED!     @
nid00700: @@@@@@@@@@@@@@@@@@@@@@@@@@@@@@@@@@@@@@@@@@@@@@@@@@@@@@@@@@@
nid00700: IT IS POSSIBLE THAT SOMEONE IS DOING SOMETHING NASTY!
nid00700: Someone could be eavesdropping on you right now (man-in-the-middle attack)!
nid00700: It is also possible that a host key has just been changed.
nid00700: The fingerprint for the ECDSA key sent by the remote host is
nid00700: SHA256:BG4cQI5lpL2Z8J3xGvOd/EdasL0Msj2WlZwIPoqnWU8.
nid00700: Please contact your system administrator.
nid00700: Add correct host key in /global/homes/q/qpzhang/.ssh/known_hosts to get rid of this message.
nid00700: Offending ECDSA key in /global/homes/q/qpzhang/.ssh/known_hosts:512
nid00700: Password authentication is disabled to avoid man-in-the-middle attacks.
nid00700: Keyboard-interactive authentication is disabled to avoid man-in-the-middle attacks.
nid00700: mv: cannot stat `/global/cscratch1/sd/qpzhang/spark/2329719/sparklogs/spark-qpzhang-org.apache.spark.deploy.worker.Worker-1-nid00681.out.4': No such file or directory
nid00700: mv: cannot stat `/global/cscratch1/sd/qpzhang/spark/2329719/sparklogs/spark-qpzhang-org.apache.spark.deploy.worker.Worker-1-nid00681.out.3': No such file or directory
nid00700: mv: cannot stat `/global/cscratch1/sd/qpzhang/spark/2329719/sparklogs/spark-qpzhang-org.apache.spark.deploy.worker.Worker-1-nid00681.out.2': No such file or directory
nid00700: mv: cannot stat `/global/cscratch1/sd/qpzhang/spark/2329719/sparklogs/spark-qpzhang-org.apache.spark.deploy.worker.Worker-1-nid00681.out.1': No such file or directory
nid00700: mv: cannot stat `/global/cscratch1/sd/qpzhang/spark/2329719/sparklogs/spark-qpzhang-org.apache.spark.deploy.worker.Worker-1-nid00681.out': No such file or directory
nid00700: starting org.apache.spark.deploy.worker.Worker, logging to /global/cscratch1/sd/qpzhang/spark/2329719/sparklogs/spark-qpzhang-org.apache.spark.deploy.worker.Worker-1-nid00681.out
nid00698: @@@@@@@@@@@@@@@@@@@@@@@@@@@@@@@@@@@@@@@@@@@@@@@@@@@@@@@@@@@
nid00698: @    WARNING: REMOTE HOST IDENTIFICATION HAS CHANGED!     @
nid00698: @@@@@@@@@@@@@@@@@@@@@@@@@@@@@@@@@@@@@@@@@@@@@@@@@@@@@@@@@@@
nid00698: IT IS POSSIBLE THAT SOMEONE IS DOING SOMETHING NASTY!
nid00698: Someone could be eavesdropping on you right now (man-in-the-middle attack)!
nid00698: It is also possible that a host key has just been changed.
nid00698: The fingerprint for the ECDSA key sent by the remote host is
nid00698: SHA256:02/x9BL3oRAy+XUKJu3y3MU7dqBCwu62DT+qWLwKP+M.
nid00698: Please contact your system administrator.
nid00698: Add correct host key in /global/homes/q/qpzhang/.ssh/known_hosts to get rid of this message.
nid00698: Offending ECDSA key in /global/homes/q/qpzhang/.ssh/known_hosts:730
nid00698: Password authentication is disabled to avoid man-in-the-middle attacks.
nid00698: Keyboard-interactive authentication is disabled to avoid man-in-the-middle attacks.
nid00698: mv: cannot stat `/global/cscratch1/sd/qpzhang/spark/2329719/sparklogs/spark-qpzhang-org.apache.spark.deploy.worker.Worker-1-nid00681.out.4': No such file or directory
nid00698: mv: cannot stat `/global/cscratch1/sd/qpzhang/spark/2329719/sparklogs/spark-qpzhang-org.apache.spark.deploy.worker.Worker-1-nid00681.out.3': No such file or directory
nid00698: mv: cannot stat `/global/cscratch1/sd/qpzhang/spark/2329719/sparklogs/spark-qpzhang-org.apache.spark.deploy.worker.Worker-1-nid00681.out.2': No such file or directory
nid00698: mv: cannot stat `/global/cscratch1/sd/qpzhang/spark/2329719/sparklogs/spark-qpzhang-org.apache.spark.deploy.worker.Worker-1-nid00681.out.1': No such file or directory
nid00698: mv: cannot stat `/global/cscratch1/sd/qpzhang/spark/2329719/sparklogs/spark-qpzhang-org.apache.spark.deploy.worker.Worker-1-nid00681.out': No such file or directory
nid00698: starting org.apache.spark.deploy.worker.Worker, logging to /global/cscratch1/sd/qpzhang/spark/2329719/sparklogs/spark-qpzhang-org.apache.spark.deploy.worker.Worker-1-nid00681.out
nid00697: @@@@@@@@@@@@@@@@@@@@@@@@@@@@@@@@@@@@@@@@@@@@@@@@@@@@@@@@@@@
nid00697: @    WARNING: REMOTE HOST IDENTIFICATION HAS CHANGED!     @
nid00697: @@@@@@@@@@@@@@@@@@@@@@@@@@@@@@@@@@@@@@@@@@@@@@@@@@@@@@@@@@@
nid00697: IT IS POSSIBLE THAT SOMEONE IS DOING SOMETHING NASTY!
nid00697: Someone could be eavesdropping on you right now (man-in-the-middle attack)!
nid00697: It is also possible that a host key has just been changed.
nid00697: The fingerprint for the ECDSA key sent by the remote host is
nid00697: SHA256:HulMaMLjzDDCuONxm/mcq4ypQtnyoIl+KTJQ2+/wTS0.
nid00697: Please contact your system administrator.
nid00697: Add correct host key in /global/homes/q/qpzhang/.ssh/known_hosts to get rid of this message.
nid00697: Offending ECDSA key in /global/homes/q/qpzhang/.ssh/known_hosts:141
nid00697: Password authentication is disabled to avoid man-in-the-middle attacks.
nid00697: Keyboard-interactive authentication is disabled to avoid man-in-the-middle attacks.
nid00697: mv: cannot stat `/global/cscratch1/sd/qpzhang/spark/2329719/sparklogs/spark-qpzhang-org.apache.spark.deploy.worker.Worker-1-nid00681.out.4': No such file or directory
nid00697: mv: cannot stat `/global/cscratch1/sd/qpzhang/spark/2329719/sparklogs/spark-qpzhang-org.apache.spark.deploy.worker.Worker-1-nid00681.out.2': No such file or directory
nid00697: mv: cannot stat `/global/cscratch1/sd/qpzhang/spark/2329719/sparklogs/spark-qpzhang-org.apache.spark.deploy.worker.Worker-1-nid00681.out.1': No such file or directory
nid00697: mv: cannot stat `/global/cscratch1/sd/qpzhang/spark/2329719/sparklogs/spark-qpzhang-org.apache.spark.deploy.worker.Worker-1-nid00681.out': No such file or directory
nid00697: starting org.apache.spark.deploy.worker.Worker, logging to /global/cscratch1/sd/qpzhang/spark/2329719/sparklogs/spark-qpzhang-org.apache.spark.deploy.worker.Worker-1-nid00681.out
nid01724: @@@@@@@@@@@@@@@@@@@@@@@@@@@@@@@@@@@@@@@@@@@@@@@@@@@@@@@@@@@
nid01724: @    WARNING: REMOTE HOST IDENTIFICATION HAS CHANGED!     @
nid01724: @@@@@@@@@@@@@@@@@@@@@@@@@@@@@@@@@@@@@@@@@@@@@@@@@@@@@@@@@@@
nid01724: IT IS POSSIBLE THAT SOMEONE IS DOING SOMETHING NASTY!
nid01724: Someone could be eavesdropping on you right now (man-in-the-middle attack)!
nid01724: It is also possible that a host key has just been changed.
nid01724: The fingerprint for the ECDSA key sent by the remote host is
nid01724: SHA256:NQg7RMW4pO/1DRvYQ0k1jLdAkT6XumYuqvn/AoYMnQU.
nid01724: Please contact your system administrator.
nid01724: Add correct host key in /global/homes/q/qpzhang/.ssh/known_hosts to get rid of this message.
nid01724: Offending ECDSA key in /global/homes/q/qpzhang/.ssh/known_hosts:1048
nid01724: Password authentication is disabled to avoid man-in-the-middle attacks.
nid01724: Keyboard-interactive authentication is disabled to avoid man-in-the-middle attacks.
nid01724: mv: cannot stat `/global/cscratch1/sd/qpzhang/spark/2329719/sparklogs/spark-qpzhang-org.apache.spark.deploy.worker.Worker-1-nid00681.out.2': No such file or directory
nid01724: starting org.apache.spark.deploy.worker.Worker, logging to /global/cscratch1/sd/qpzhang/spark/2329719/sparklogs/spark-qpzhang-org.apache.spark.deploy.worker.Worker-1-nid00681.out
nid00699: @@@@@@@@@@@@@@@@@@@@@@@@@@@@@@@@@@@@@@@@@@@@@@@@@@@@@@@@@@@
nid00699: @    WARNING: REMOTE HOST IDENTIFICATION HAS CHANGED!     @
nid00699: @@@@@@@@@@@@@@@@@@@@@@@@@@@@@@@@@@@@@@@@@@@@@@@@@@@@@@@@@@@
nid00699: IT IS POSSIBLE THAT SOMEONE IS DOING SOMETHING NASTY!
nid00699: Someone could be eavesdropping on you right now (man-in-the-middle attack)!
nid00699: It is also possible that a host key has just been changed.
nid00699: The fingerprint for the ECDSA key sent by the remote host is
nid00699: SHA256:COiD4oXVULAccItia4jp8qkAGInp1NA5YuxY3Dev9RA.
nid00699: Please contact your system administrator.
nid00699: Add correct host key in /global/homes/q/qpzhang/.ssh/known_hosts to get rid of this message.
nid00699: Offending ECDSA key in /global/homes/q/qpzhang/.ssh/known_hosts:731
nid00699: Password authentication is disabled to avoid man-in-the-middle attacks.
nid00699: Keyboard-interactive authentication is disabled to avoid man-in-the-middle attacks.
nid00699: mv: cannot stat `/global/cscratch1/sd/qpzhang/spark/2329719/sparklogs/spark-qpzhang-org.apache.spark.deploy.worker.Worker-1-nid00681.out.1': No such file or directory
nid00699: mv: cannot stat `/global/cscratch1/sd/qpzhang/spark/2329719/sparklogs/spark-qpzhang-org.apache.spark.deploy.worker.Worker-1-nid00681.out': No such file or directory
nid00699: starting org.apache.spark.deploy.worker.Worker, logging to /global/cscratch1/sd/qpzhang/spark/2329719/sparklogs/spark-qpzhang-org.apache.spark.deploy.worker.Worker-1-nid00681.out
nid01754: @@@@@@@@@@@@@@@@@@@@@@@@@@@@@@@@@@@@@@@@@@@@@@@@@@@@@@@@@@@
nid01754: @    WARNING: REMOTE HOST IDENTIFICATION HAS CHANGED!     @
nid01754: @@@@@@@@@@@@@@@@@@@@@@@@@@@@@@@@@@@@@@@@@@@@@@@@@@@@@@@@@@@
nid01754: IT IS POSSIBLE THAT SOMEONE IS DOING SOMETHING NASTY!
nid01754: Someone could be eavesdropping on you right now (man-in-the-middle attack)!
nid01754: It is also possible that a host key has just been changed.
nid01754: The fingerprint for the ECDSA key sent by the remote host is
nid01754: SHA256:DQvc2sN5td4J+hXAXlXCCUc9CG/2zzGh8sSNuXr06mg.
nid01754: Please contact your system administrator.
nid01754: Add correct host key in /global/homes/q/qpzhang/.ssh/known_hosts to get rid of this message.
nid01754: Offending ECDSA key in /global/homes/q/qpzhang/.ssh/known_hosts:653
nid01754: Password authentication is disabled to avoid man-in-the-middle attacks.
nid01754: Keyboard-interactive authentication is disabled to avoid man-in-the-middle attacks.
nid01754: mv: cannot stat `/global/cscratch1/sd/qpzhang/spark/2329719/sparklogs/spark-qpzhang-org.apache.spark.deploy.worker.Worker-1-nid00681.out.2': No such file or directory
nid01754: mv: cannot stat `/global/cscratch1/sd/qpzhang/spark/2329719/sparklogs/spark-qpzhang-org.apache.spark.deploy.worker.Worker-1-nid00681.out': No such file or directory
nid01754: starting org.apache.spark.deploy.worker.Worker, logging to /global/cscratch1/sd/qpzhang/spark/2329719/sparklogs/spark-qpzhang-org.apache.spark.deploy.worker.Worker-1-nid00681.out
nid01749: @@@@@@@@@@@@@@@@@@@@@@@@@@@@@@@@@@@@@@@@@@@@@@@@@@@@@@@@@@@
nid01749: @    WARNING: REMOTE HOST IDENTIFICATION HAS CHANGED!     @
nid01749: @@@@@@@@@@@@@@@@@@@@@@@@@@@@@@@@@@@@@@@@@@@@@@@@@@@@@@@@@@@
nid01749: IT IS POSSIBLE THAT SOMEONE IS DOING SOMETHING NASTY!
nid01749: Someone could be eavesdropping on you right now (man-in-the-middle attack)!
nid01749: It is also possible that a host key has just been changed.
nid01749: The fingerprint for the ECDSA key sent by the remote host is
nid01749: SHA256:pkemZ6vwvLBBcCV70EokNuLdPBlfVmOSDnn+bRF/7rU.
nid01749: Please contact your system administrator.
nid01749: Add correct host key in /global/homes/q/qpzhang/.ssh/known_hosts to get rid of this message.
nid01749: Offending ECDSA key in /global/homes/q/qpzhang/.ssh/known_hosts:761
nid01749: Password authentication is disabled to avoid man-in-the-middle attacks.
nid01749: Keyboard-interactive authentication is disabled to avoid man-in-the-middle attacks.
nid01749: mv: cannot stat `/global/cscratch1/sd/qpzhang/spark/2329719/sparklogs/spark-qpzhang-org.apache.spark.deploy.worker.Worker-1-nid00681.out.4': No such file or directory
nid01749: mv: cannot stat `/global/cscratch1/sd/qpzhang/spark/2329719/sparklogs/spark-qpzhang-org.apache.spark.deploy.worker.Worker-1-nid00681.out.3': No such file or directory
nid01749: mv: cannot stat `/global/cscratch1/sd/qpzhang/spark/2329719/sparklogs/spark-qpzhang-org.apache.spark.deploy.worker.Worker-1-nid00681.out.2': No such file or directory
nid01749: starting org.apache.spark.deploy.worker.Worker, logging to /global/cscratch1/sd/qpzhang/spark/2329719/sparklogs/spark-qpzhang-org.apache.spark.deploy.worker.Worker-1-nid00681.out
nid01723: @@@@@@@@@@@@@@@@@@@@@@@@@@@@@@@@@@@@@@@@@@@@@@@@@@@@@@@@@@@
nid01723: @    WARNING: REMOTE HOST IDENTIFICATION HAS CHANGED!     @
nid01723: @@@@@@@@@@@@@@@@@@@@@@@@@@@@@@@@@@@@@@@@@@@@@@@@@@@@@@@@@@@
nid01723: IT IS POSSIBLE THAT SOMEONE IS DOING SOMETHING NASTY!
nid01723: Someone could be eavesdropping on you right now (man-in-the-middle attack)!
nid01723: It is also possible that a host key has just been changed.
nid01723: The fingerprint for the ECDSA key sent by the remote host is
nid01723: SHA256:81ljMl6WmvRN3ECO2+PO2bQxziKxy3zPCNMbxMTTYbo.
nid01723: Please contact your system administrator.
nid01723: Add correct host key in /global/homes/q/qpzhang/.ssh/known_hosts to get rid of this message.
nid01723: Offending ECDSA key in /global/homes/q/qpzhang/.ssh/known_hosts:1076
nid01723: Password authentication is disabled to avoid man-in-the-middle attacks.
nid01723: Keyboard-interactive authentication is disabled to avoid man-in-the-middle attacks.
nid01723: mv: cannot stat `/global/cscratch1/sd/qpzhang/spark/2329719/sparklogs/spark-qpzhang-org.apache.spark.deploy.worker.Worker-1-nid00681.out.3': No such file or directory
nid01723: mv: cannot stat `/global/cscratch1/sd/qpzhang/spark/2329719/sparklogs/spark-qpzhang-org.apache.spark.deploy.worker.Worker-1-nid00681.out.1': No such file or directory
nid01723: mv: `/global/cscratch1/sd/qpzhang/spark/2329719/sparklogs/spark-qpzhang-org.apache.spark.deploy.worker.Worker-1-nid00681.out' and `/global/cscratch1/sd/qpzhang/spark/2329719/sparklogs/spark-qpzhang-org.apache.spark.deploy.worker.Worker-1-nid00681.out.1' are the same file
nid01723: starting org.apache.spark.deploy.worker.Worker, logging to /global/cscratch1/sd/qpzhang/spark/2329719/sparklogs/spark-qpzhang-org.apache.spark.deploy.worker.Worker-1-nid00681.out
nid01760: @@@@@@@@@@@@@@@@@@@@@@@@@@@@@@@@@@@@@@@@@@@@@@@@@@@@@@@@@@@
nid01760: @    WARNING: REMOTE HOST IDENTIFICATION HAS CHANGED!     @
nid01760: @@@@@@@@@@@@@@@@@@@@@@@@@@@@@@@@@@@@@@@@@@@@@@@@@@@@@@@@@@@
nid01760: IT IS POSSIBLE THAT SOMEONE IS DOING SOMETHING NASTY!
nid01760: Someone could be eavesdropping on you right now (man-in-the-middle attack)!
nid01760: It is also possible that a host key has just been changed.
nid01760: The fingerprint for the ECDSA key sent by the remote host is
nid01760: SHA256:3vdcwkWzwmij98Dx2uRlEitBsCQF0TkusJXDP8LcTWk.
nid01760: Please contact your system administrator.
nid01760: Add correct host key in /global/homes/q/qpzhang/.ssh/known_hosts to get rid of this message.
nid01760: Offending ECDSA key in /global/homes/q/qpzhang/.ssh/known_hosts:666
nid01760: Password authentication is disabled to avoid man-in-the-middle attacks.
nid01760: Keyboard-interactive authentication is disabled to avoid man-in-the-middle attacks.
nid01760: starting org.apache.spark.deploy.worker.Worker, logging to /global/cscratch1/sd/qpzhang/spark/2329719/sparklogs/spark-qpzhang-org.apache.spark.deploy.worker.Worker-1-nid00681.out
nid01757: @@@@@@@@@@@@@@@@@@@@@@@@@@@@@@@@@@@@@@@@@@@@@@@@@@@@@@@@@@@
nid01757: @    WARNING: REMOTE HOST IDENTIFICATION HAS CHANGED!     @
nid01757: @@@@@@@@@@@@@@@@@@@@@@@@@@@@@@@@@@@@@@@@@@@@@@@@@@@@@@@@@@@
nid01757: IT IS POSSIBLE THAT SOMEONE IS DOING SOMETHING NASTY!
nid01757: Someone could be eavesdropping on you right now (man-in-the-middle attack)!
nid01757: It is also possible that a host key has just been changed.
nid01757: The fingerprint for the ECDSA key sent by the remote host is
nid01757: SHA256:rqf8+xCxofuRNYyJ+k2mQZdobp/uq2Op+6MS6mc6sv0.
nid01757: Please contact your system administrator.
nid01757: Add correct host key in /global/homes/q/qpzhang/.ssh/known_hosts to get rid of this message.
nid01757: Offending ECDSA key in /global/homes/q/qpzhang/.ssh/known_hosts:622
nid01757: Password authentication is disabled to avoid man-in-the-middle attacks.
nid01757: Keyboard-interactive authentication is disabled to avoid man-in-the-middle attacks.
nid01757: mv: cannot stat `/global/cscratch1/sd/qpzhang/spark/2329719/sparklogs/spark-qpzhang-org.apache.spark.deploy.worker.Worker-1-nid00681.out.1': No such file or directory
nid01757: mv: cannot stat `/global/cscratch1/sd/qpzhang/spark/2329719/sparklogs/spark-qpzhang-org.apache.spark.deploy.worker.Worker-1-nid00681.out': No such file or directory
nid01757: starting org.apache.spark.deploy.worker.Worker, logging to /global/cscratch1/sd/qpzhang/spark/2329719/sparklogs/spark-qpzhang-org.apache.spark.deploy.worker.Worker-1-nid00681.out
nid01750: @@@@@@@@@@@@@@@@@@@@@@@@@@@@@@@@@@@@@@@@@@@@@@@@@@@@@@@@@@@
nid01750: @    WARNING: REMOTE HOST IDENTIFICATION HAS CHANGED!     @
nid01750: @@@@@@@@@@@@@@@@@@@@@@@@@@@@@@@@@@@@@@@@@@@@@@@@@@@@@@@@@@@
nid01750: IT IS POSSIBLE THAT SOMEONE IS DOING SOMETHING NASTY!
nid01750: Someone could be eavesdropping on you right now (man-in-the-middle attack)!
nid01750: It is also possible that a host key has just been changed.
nid01750: The fingerprint for the ECDSA key sent by the remote host is
nid01750: SHA256:d6tMzLVl8wGrYnx9kW0GI96fpbzakcTNWkPwI/gt5ps.
nid01750: Please contact your system administrator.
nid01750: Add correct host key in /global/homes/q/qpzhang/.ssh/known_hosts to get rid of this message.
nid01750: Offending ECDSA key in /global/homes/q/qpzhang/.ssh/known_hosts:1078
nid01750: Password authentication is disabled to avoid man-in-the-middle attacks.
nid01750: Keyboard-interactive authentication is disabled to avoid man-in-the-middle attacks.
nid01750: mv: cannot stat `/global/cscratch1/sd/qpzhang/spark/2329719/sparklogs/spark-qpzhang-org.apache.spark.deploy.worker.Worker-1-nid00681.out.4': No such file or directory
nid01750: starting org.apache.spark.deploy.worker.Worker, logging to /global/cscratch1/sd/qpzhang/spark/2329719/sparklogs/spark-qpzhang-org.apache.spark.deploy.worker.Worker-1-nid00681.out
nid01751: @@@@@@@@@@@@@@@@@@@@@@@@@@@@@@@@@@@@@@@@@@@@@@@@@@@@@@@@@@@
nid01751: @    WARNING: REMOTE HOST IDENTIFICATION HAS CHANGED!     @
nid01751: @@@@@@@@@@@@@@@@@@@@@@@@@@@@@@@@@@@@@@@@@@@@@@@@@@@@@@@@@@@
nid01751: IT IS POSSIBLE THAT SOMEONE IS DOING SOMETHING NASTY!
nid01751: Someone could be eavesdropping on you right now (man-in-the-middle attack)!
nid01751: It is also possible that a host key has just been changed.
nid01751: The fingerprint for the ECDSA key sent by the remote host is
nid01751: SHA256:1IRYtw4EBX/Y+R6h0j/9qaVP2O6BaQuJfYG80dd8QMM.
nid01751: Please contact your system administrator.
nid01751: Add correct host key in /global/homes/q/qpzhang/.ssh/known_hosts to get rid of this message.
nid01751: Offending ECDSA key in /global/homes/q/qpzhang/.ssh/known_hosts:1079
nid01751: Password authentication is disabled to avoid man-in-the-middle attacks.
nid01751: Keyboard-interactive authentication is disabled to avoid man-in-the-middle attacks.
nid01751: mv: cannot stat `/global/cscratch1/sd/qpzhang/spark/2329719/sparklogs/spark-qpzhang-org.apache.spark.deploy.worker.Worker-1-nid00681.out.4': No such file or directory
nid01751: mv: cannot stat `/global/cscratch1/sd/qpzhang/spark/2329719/sparklogs/spark-qpzhang-org.apache.spark.deploy.worker.Worker-1-nid00681.out.3': No such file or directory
nid01751: mv: cannot stat `/global/cscratch1/sd/qpzhang/spark/2329719/sparklogs/spark-qpzhang-org.apache.spark.deploy.worker.Worker-1-nid00681.out.2': No such file or directory
nid01751: mv: cannot stat `/global/cscratch1/sd/qpzhang/spark/2329719/sparklogs/spark-qpzhang-org.apache.spark.deploy.worker.Worker-1-nid00681.out.1': No such file or directory
nid01751: mv: cannot stat `/global/cscratch1/sd/qpzhang/spark/2329719/sparklogs/spark-qpzhang-org.apache.spark.deploy.worker.Worker-1-nid00681.out': No such file or directory
nid01751: starting org.apache.spark.deploy.worker.Worker, logging to /global/cscratch1/sd/qpzhang/spark/2329719/sparklogs/spark-qpzhang-org.apache.spark.deploy.worker.Worker-1-nid00681.out
nid01727: @@@@@@@@@@@@@@@@@@@@@@@@@@@@@@@@@@@@@@@@@@@@@@@@@@@@@@@@@@@
nid01727: @    WARNING: REMOTE HOST IDENTIFICATION HAS CHANGED!     @
nid01727: @@@@@@@@@@@@@@@@@@@@@@@@@@@@@@@@@@@@@@@@@@@@@@@@@@@@@@@@@@@
nid01727: IT IS POSSIBLE THAT SOMEONE IS DOING SOMETHING NASTY!
nid01727: Someone could be eavesdropping on you right now (man-in-the-middle attack)!
nid01727: It is also possible that a host key has just been changed.
nid01727: The fingerprint for the ECDSA key sent by the remote host is
nid01727: SHA256:JCqc37VE2LIAW3pE+kA7yQWi5dHSapf8s20BWSRi1C8.
nid01727: Please contact your system administrator.
nid01727: Add correct host key in /global/homes/q/qpzhang/.ssh/known_hosts to get rid of this message.
nid01727: Offending ECDSA key in /global/homes/q/qpzhang/.ssh/known_hosts:759
nid01727: Password authentication is disabled to avoid man-in-the-middle attacks.
nid01727: Keyboard-interactive authentication is disabled to avoid man-in-the-middle attacks.
nid01727: mv: cannot stat `/global/cscratch1/sd/qpzhang/spark/2329719/sparklogs/spark-qpzhang-org.apache.spark.deploy.worker.Worker-1-nid00681.out.4': No such file or directory
nid01727: mv: cannot stat `/global/cscratch1/sd/qpzhang/spark/2329719/sparklogs/spark-qpzhang-org.apache.spark.deploy.worker.Worker-1-nid00681.out.2': No such file or directory
nid01727: mv: cannot stat `/global/cscratch1/sd/qpzhang/spark/2329719/sparklogs/spark-qpzhang-org.apache.spark.deploy.worker.Worker-1-nid00681.out': No such file or directory
nid01727: starting org.apache.spark.deploy.worker.Worker, logging to /global/cscratch1/sd/qpzhang/spark/2329719/sparklogs/spark-qpzhang-org.apache.spark.deploy.worker.Worker-1-nid00681.out
nid01748: @@@@@@@@@@@@@@@@@@@@@@@@@@@@@@@@@@@@@@@@@@@@@@@@@@@@@@@@@@@
nid01748: @    WARNING: REMOTE HOST IDENTIFICATION HAS CHANGED!     @
nid01748: @@@@@@@@@@@@@@@@@@@@@@@@@@@@@@@@@@@@@@@@@@@@@@@@@@@@@@@@@@@
nid01748: IT IS POSSIBLE THAT SOMEONE IS DOING SOMETHING NASTY!
nid01748: Someone could be eavesdropping on you right now (man-in-the-middle attack)!
nid01748: It is also possible that a host key has just been changed.
nid01748: The fingerprint for the ECDSA key sent by the remote host is
nid01748: SHA256:CTHlVtCVeELLNxrR9WP0cLwpasqjpiGccs4hlzVBWgE.
nid01748: Please contact your system administrator.
nid01748: Add correct host key in /global/homes/q/qpzhang/.ssh/known_hosts to get rid of this message.
nid01748: Offending ECDSA key in /global/homes/q/qpzhang/.ssh/known_hosts:760
nid01748: Password authentication is disabled to avoid man-in-the-middle attacks.
nid01748: Keyboard-interactive authentication is disabled to avoid man-in-the-middle attacks.
nid01748: mv: cannot stat `/global/cscratch1/sd/qpzhang/spark/2329719/sparklogs/spark-qpzhang-org.apache.spark.deploy.worker.Worker-1-nid00681.out.4': No such file or directory
nid01748: mv: cannot stat `/global/cscratch1/sd/qpzhang/spark/2329719/sparklogs/spark-qpzhang-org.apache.spark.deploy.worker.Worker-1-nid00681.out.3': No such file or directory
nid01748: mv: cannot stat `/global/cscratch1/sd/qpzhang/spark/2329719/sparklogs/spark-qpzhang-org.apache.spark.deploy.worker.Worker-1-nid00681.out.2': No such file or directory
nid01748: mv: cannot stat `/global/cscratch1/sd/qpzhang/spark/2329719/sparklogs/spark-qpzhang-org.apache.spark.deploy.worker.Worker-1-nid00681.out': No such file or directory
nid01748: starting org.apache.spark.deploy.worker.Worker, logging to /global/cscratch1/sd/qpzhang/spark/2329719/sparklogs/spark-qpzhang-org.apache.spark.deploy.worker.Worker-1-nid00681.out
nid01755: @@@@@@@@@@@@@@@@@@@@@@@@@@@@@@@@@@@@@@@@@@@@@@@@@@@@@@@@@@@
nid01755: @    WARNING: REMOTE HOST IDENTIFICATION HAS CHANGED!     @
nid01755: @@@@@@@@@@@@@@@@@@@@@@@@@@@@@@@@@@@@@@@@@@@@@@@@@@@@@@@@@@@
nid01755: IT IS POSSIBLE THAT SOMEONE IS DOING SOMETHING NASTY!
nid01755: Someone could be eavesdropping on you right now (man-in-the-middle attack)!
nid01755: It is also possible that a host key has just been changed.
nid01755: The fingerprint for the ECDSA key sent by the remote host is
nid01755: SHA256:WhveVGqMVxr4Uatyw7taULL07KEoINP9jAXD6EjnI6Y.
nid01755: Please contact your system administrator.
nid01755: Add correct host key in /global/homes/q/qpzhang/.ssh/known_hosts to get rid of this message.
nid01755: Offending ECDSA key in /global/homes/q/qpzhang/.ssh/known_hosts:655
nid01755: Password authentication is disabled to avoid man-in-the-middle attacks.
nid01755: Keyboard-interactive authentication is disabled to avoid man-in-the-middle attacks.
nid01755: mv: cannot stat `/global/cscratch1/sd/qpzhang/spark/2329719/sparklogs/spark-qpzhang-org.apache.spark.deploy.worker.Worker-1-nid00681.out.2': No such file or directory
nid01755: mv: cannot stat `/global/cscratch1/sd/qpzhang/spark/2329719/sparklogs/spark-qpzhang-org.apache.spark.deploy.worker.Worker-1-nid00681.out.1': No such file or directory
nid01755: mv: cannot stat `/global/cscratch1/sd/qpzhang/spark/2329719/sparklogs/spark-qpzhang-org.apache.spark.deploy.worker.Worker-1-nid00681.out': No such file or directory
nid01755: starting org.apache.spark.deploy.worker.Worker, logging to /global/cscratch1/sd/qpzhang/spark/2329719/sparklogs/spark-qpzhang-org.apache.spark.deploy.worker.Worker-1-nid00681.out
nid01753: @@@@@@@@@@@@@@@@@@@@@@@@@@@@@@@@@@@@@@@@@@@@@@@@@@@@@@@@@@@
nid01753: @    WARNING: REMOTE HOST IDENTIFICATION HAS CHANGED!     @
nid01753: @@@@@@@@@@@@@@@@@@@@@@@@@@@@@@@@@@@@@@@@@@@@@@@@@@@@@@@@@@@
nid01753: IT IS POSSIBLE THAT SOMEONE IS DOING SOMETHING NASTY!
nid01753: Someone could be eavesdropping on you right now (man-in-the-middle attack)!
nid01753: It is also possible that a host key has just been changed.
nid01753: The fingerprint for the ECDSA key sent by the remote host is
nid01753: SHA256:EPsKl3vKpJgkHkuDIoDt8Il0pAbO5lKAX2mNo2GOqXg.
nid01753: Please contact your system administrator.
nid01753: Add correct host key in /global/homes/q/qpzhang/.ssh/known_hosts to get rid of this message.
nid01753: Offending ECDSA key in /global/homes/q/qpzhang/.ssh/known_hosts:1081
nid01753: Password authentication is disabled to avoid man-in-the-middle attacks.
nid01753: Keyboard-interactive authentication is disabled to avoid man-in-the-middle attacks.
nid01753: mv: cannot stat `/global/cscratch1/sd/qpzhang/spark/2329719/sparklogs/spark-qpzhang-org.apache.spark.deploy.worker.Worker-1-nid00681.out.4': No such file or directory
nid01753: mv: cannot stat `/global/cscratch1/sd/qpzhang/spark/2329719/sparklogs/spark-qpzhang-org.apache.spark.deploy.worker.Worker-1-nid00681.out.3': No such file or directory
nid01753: mv: cannot stat `/global/cscratch1/sd/qpzhang/spark/2329719/sparklogs/spark-qpzhang-org.apache.spark.deploy.worker.Worker-1-nid00681.out.2': No such file or directory
nid01753: mv: cannot stat `/global/cscratch1/sd/qpzhang/spark/2329719/sparklogs/spark-qpzhang-org.apache.spark.deploy.worker.Worker-1-nid00681.out': No such file or directory
nid01753: starting org.apache.spark.deploy.worker.Worker, logging to /global/cscratch1/sd/qpzhang/spark/2329719/sparklogs/spark-qpzhang-org.apache.spark.deploy.worker.Worker-1-nid00681.out
nid01758: @@@@@@@@@@@@@@@@@@@@@@@@@@@@@@@@@@@@@@@@@@@@@@@@@@@@@@@@@@@
nid01758: @    WARNING: REMOTE HOST IDENTIFICATION HAS CHANGED!     @
nid01758: @@@@@@@@@@@@@@@@@@@@@@@@@@@@@@@@@@@@@@@@@@@@@@@@@@@@@@@@@@@
nid01758: IT IS POSSIBLE THAT SOMEONE IS DOING SOMETHING NASTY!
nid01758: Someone could be eavesdropping on you right now (man-in-the-middle attack)!
nid01758: It is also possible that a host key has just been changed.
nid01758: The fingerprint for the ECDSA key sent by the remote host is
nid01758: SHA256:dlLa0FibWVKYDmuTrs6P42Umg3nvjZWWGxpxhiXoKKM.
nid01758: Please contact your system administrator.
nid01758: Add correct host key in /global/homes/q/qpzhang/.ssh/known_hosts to get rid of this message.
nid01758: Offending ECDSA key in /global/homes/q/qpzhang/.ssh/known_hosts:624
nid01758: Password authentication is disabled to avoid man-in-the-middle attacks.
nid01758: Keyboard-interactive authentication is disabled to avoid man-in-the-middle attacks.
nid01758: mv: cannot stat `/global/cscratch1/sd/qpzhang/spark/2329719/sparklogs/spark-qpzhang-org.apache.spark.deploy.worker.Worker-1-nid00681.out.3': No such file or directory
nid01758: mv: cannot stat `/global/cscratch1/sd/qpzhang/spark/2329719/sparklogs/spark-qpzhang-org.apache.spark.deploy.worker.Worker-1-nid00681.out.1': No such file or directory
nid01758: mv: cannot stat `/global/cscratch1/sd/qpzhang/spark/2329719/sparklogs/spark-qpzhang-org.apache.spark.deploy.worker.Worker-1-nid00681.out': No such file or directory
nid01758: starting org.apache.spark.deploy.worker.Worker, logging to /global/cscratch1/sd/qpzhang/spark/2329719/sparklogs/spark-qpzhang-org.apache.spark.deploy.worker.Worker-1-nid00681.out
nid01756: @@@@@@@@@@@@@@@@@@@@@@@@@@@@@@@@@@@@@@@@@@@@@@@@@@@@@@@@@@@
nid01756: @    WARNING: REMOTE HOST IDENTIFICATION HAS CHANGED!     @
nid01756: @@@@@@@@@@@@@@@@@@@@@@@@@@@@@@@@@@@@@@@@@@@@@@@@@@@@@@@@@@@
nid01756: IT IS POSSIBLE THAT SOMEONE IS DOING SOMETHING NASTY!
nid01756: Someone could be eavesdropping on you right now (man-in-the-middle attack)!
nid01756: It is also possible that a host key has just been changed.
nid01756: The fingerprint for the ECDSA key sent by the remote host is
nid01756: SHA256:zFWaLqGqcwbgqXGgicjwVnGYPjcA1VY7v5idzwUMs0I.
nid01756: Please contact your system administrator.
nid01756: Add correct host key in /global/homes/q/qpzhang/.ssh/known_hosts to get rid of this message.
nid01756: Offending ECDSA key in /global/homes/q/qpzhang/.ssh/known_hosts:621
nid01756: Password authentication is disabled to avoid man-in-the-middle attacks.
nid01756: Keyboard-interactive authentication is disabled to avoid man-in-the-middle attacks.
nid01756: starting org.apache.spark.deploy.worker.Worker, logging to /global/cscratch1/sd/qpzhang/spark/2329719/sparklogs/spark-qpzhang-org.apache.spark.deploy.worker.Worker-1-nid00681.out
nid01725: @@@@@@@@@@@@@@@@@@@@@@@@@@@@@@@@@@@@@@@@@@@@@@@@@@@@@@@@@@@
nid01725: @    WARNING: REMOTE HOST IDENTIFICATION HAS CHANGED!     @
nid01725: @@@@@@@@@@@@@@@@@@@@@@@@@@@@@@@@@@@@@@@@@@@@@@@@@@@@@@@@@@@
nid01725: IT IS POSSIBLE THAT SOMEONE IS DOING SOMETHING NASTY!
nid01725: Someone could be eavesdropping on you right now (man-in-the-middle attack)!
nid01725: It is also possible that a host key has just been changed.
nid01725: The fingerprint for the ECDSA key sent by the remote host is
nid01725: SHA256:H/x9HNwK4H1GxWGZsVNnaJKSCymfoTbbJoRKB0MoWIE.
nid01725: Please contact your system administrator.
nid01725: Add correct host key in /global/homes/q/qpzhang/.ssh/known_hosts to get rid of this message.
nid01725: Offending ECDSA key in /global/homes/q/qpzhang/.ssh/known_hosts:1077
nid01725: Password authentication is disabled to avoid man-in-the-middle attacks.
nid01725: Keyboard-interactive authentication is disabled to avoid man-in-the-middle attacks.
nid01725: mv: cannot stat `/global/cscratch1/sd/qpzhang/spark/2329719/sparklogs/spark-qpzhang-org.apache.spark.deploy.worker.Worker-1-nid00681.out.4': No such file or directory
nid01725: mv: cannot stat `/global/cscratch1/sd/qpzhang/spark/2329719/sparklogs/spark-qpzhang-org.apache.spark.deploy.worker.Worker-1-nid00681.out.3': No such file or directory
nid01725: mv: cannot stat `/global/cscratch1/sd/qpzhang/spark/2329719/sparklogs/spark-qpzhang-org.apache.spark.deploy.worker.Worker-1-nid00681.out.2': No such file or directory
nid01725: mv: cannot stat `/global/cscratch1/sd/qpzhang/spark/2329719/sparklogs/spark-qpzhang-org.apache.spark.deploy.worker.Worker-1-nid00681.out.1': No such file or directory
nid01725: starting org.apache.spark.deploy.worker.Worker, logging to /global/cscratch1/sd/qpzhang/spark/2329719/sparklogs/spark-qpzhang-org.apache.spark.deploy.worker.Worker-1-nid00681.out
nid01759: @@@@@@@@@@@@@@@@@@@@@@@@@@@@@@@@@@@@@@@@@@@@@@@@@@@@@@@@@@@
nid01759: @    WARNING: REMOTE HOST IDENTIFICATION HAS CHANGED!     @
nid01759: @@@@@@@@@@@@@@@@@@@@@@@@@@@@@@@@@@@@@@@@@@@@@@@@@@@@@@@@@@@
nid01759: IT IS POSSIBLE THAT SOMEONE IS DOING SOMETHING NASTY!
nid01759: Someone could be eavesdropping on you right now (man-in-the-middle attack)!
nid01759: It is also possible that a host key has just been changed.
nid01759: The fingerprint for the ECDSA key sent by the remote host is
nid01759: SHA256:Bz+OYdhoXDTUfAC4Oaz/zLMpNrOwxiLeOw7nJoT5Nm8.
nid01759: Please contact your system administrator.
nid01759: Add correct host key in /global/homes/q/qpzhang/.ssh/known_hosts to get rid of this message.
nid01759: Offending ECDSA key in /global/homes/q/qpzhang/.ssh/known_hosts:623
nid01759: Password authentication is disabled to avoid man-in-the-middle attacks.
nid01759: Keyboard-interactive authentication is disabled to avoid man-in-the-middle attacks.
nid01759: starting org.apache.spark.deploy.worker.Worker, logging to /global/cscratch1/sd/qpzhang/spark/2329719/sparklogs/spark-qpzhang-org.apache.spark.deploy.worker.Worker-1-nid00681.out
nid00682: doing ssh -o StrictHostKeyChecking=no nid00682  cd /global/common/cori/software/spark/1.5.1/sbin/.. ; /usr/common/software/spark/1.5.1/sbin/stop-slave.sh
nid00683: doing ssh -o StrictHostKeyChecking=no nid00683  cd /global/common/cori/software/spark/1.5.1/sbin/.. ; /usr/common/software/spark/1.5.1/sbin/stop-slave.sh
nid00684: doing ssh -o StrictHostKeyChecking=no nid00684  cd /global/common/cori/software/spark/1.5.1/sbin/.. ; /usr/common/software/spark/1.5.1/sbin/stop-slave.sh
nid00685: doing ssh -o StrictHostKeyChecking=no nid00685  cd /global/common/cori/software/spark/1.5.1/sbin/.. ; /usr/common/software/spark/1.5.1/sbin/stop-slave.sh
nid00686: doing ssh -o StrictHostKeyChecking=no nid00686  cd /global/common/cori/software/spark/1.5.1/sbin/.. ; /usr/common/software/spark/1.5.1/sbin/stop-slave.sh
nid00687: doing ssh -o StrictHostKeyChecking=no nid00687  cd /global/common/cori/software/spark/1.5.1/sbin/.. ; /usr/common/software/spark/1.5.1/sbin/stop-slave.sh
nid00688: doing ssh -o StrictHostKeyChecking=no nid00688  cd /global/common/cori/software/spark/1.5.1/sbin/.. ; /usr/common/software/spark/1.5.1/sbin/stop-slave.sh
nid00689: doing ssh -o StrictHostKeyChecking=no nid00689  cd /global/common/cori/software/spark/1.5.1/sbin/.. ; /usr/common/software/spark/1.5.1/sbin/stop-slave.sh
nid00690: doing ssh -o StrictHostKeyChecking=no nid00690  cd /global/common/cori/software/spark/1.5.1/sbin/.. ; /usr/common/software/spark/1.5.1/sbin/stop-slave.sh
nid00691: doing ssh -o StrictHostKeyChecking=no nid00691  cd /global/common/cori/software/spark/1.5.1/sbin/.. ; /usr/common/software/spark/1.5.1/sbin/stop-slave.sh
nid00692: doing ssh -o StrictHostKeyChecking=no nid00692  cd /global/common/cori/software/spark/1.5.1/sbin/.. ; /usr/common/software/spark/1.5.1/sbin/stop-slave.sh
nid00693: doing ssh -o StrictHostKeyChecking=no nid00693  cd /global/common/cori/software/spark/1.5.1/sbin/.. ; /usr/common/software/spark/1.5.1/sbin/stop-slave.sh
nid00694: doing ssh -o StrictHostKeyChecking=no nid00694  cd /global/common/cori/software/spark/1.5.1/sbin/.. ; /usr/common/software/spark/1.5.1/sbin/stop-slave.sh
nid00695: doing ssh -o StrictHostKeyChecking=no nid00695  cd /global/common/cori/software/spark/1.5.1/sbin/.. ; /usr/common/software/spark/1.5.1/sbin/stop-slave.sh
nid00696: doing ssh -o StrictHostKeyChecking=no nid00696  cd /global/common/cori/software/spark/1.5.1/sbin/.. ; /usr/common/software/spark/1.5.1/sbin/stop-slave.sh
nid00697: doing ssh -o StrictHostKeyChecking=no nid00697  cd /global/common/cori/software/spark/1.5.1/sbin/.. ; /usr/common/software/spark/1.5.1/sbin/stop-slave.sh
nid00698: doing ssh -o StrictHostKeyChecking=no nid00698  cd /global/common/cori/software/spark/1.5.1/sbin/.. ; /usr/common/software/spark/1.5.1/sbin/stop-slave.sh
nid00699: doing ssh -o StrictHostKeyChecking=no nid00699  cd /global/common/cori/software/spark/1.5.1/sbin/.. ; /usr/common/software/spark/1.5.1/sbin/stop-slave.sh
nid00700: doing ssh -o StrictHostKeyChecking=no nid00700  cd /global/common/cori/software/spark/1.5.1/sbin/.. ; /usr/common/software/spark/1.5.1/sbin/stop-slave.sh
nid01721: doing ssh -o StrictHostKeyChecking=no nid01721  cd /global/common/cori/software/spark/1.5.1/sbin/.. ; /usr/common/software/spark/1.5.1/sbin/stop-slave.sh
nid01722: doing ssh -o StrictHostKeyChecking=no nid01722  cd /global/common/cori/software/spark/1.5.1/sbin/.. ; /usr/common/software/spark/1.5.1/sbin/stop-slave.sh
nid01723: doing ssh -o StrictHostKeyChecking=no nid01723  cd /global/common/cori/software/spark/1.5.1/sbin/.. ; /usr/common/software/spark/1.5.1/sbin/stop-slave.sh
nid01724: doing ssh -o StrictHostKeyChecking=no nid01724  cd /global/common/cori/software/spark/1.5.1/sbin/.. ; /usr/common/software/spark/1.5.1/sbin/stop-slave.sh
nid01725: doing ssh -o StrictHostKeyChecking=no nid01725  cd /global/common/cori/software/spark/1.5.1/sbin/.. ; /usr/common/software/spark/1.5.1/sbin/stop-slave.sh
nid01726: doing ssh -o StrictHostKeyChecking=no nid01726  cd /global/common/cori/software/spark/1.5.1/sbin/.. ; /usr/common/software/spark/1.5.1/sbin/stop-slave.sh
nid01727: doing ssh -o StrictHostKeyChecking=no nid01727  cd /global/common/cori/software/spark/1.5.1/sbin/.. ; /usr/common/software/spark/1.5.1/sbin/stop-slave.sh
nid01748: doing ssh -o StrictHostKeyChecking=no nid01748  cd /global/common/cori/software/spark/1.5.1/sbin/.. ; /usr/common/software/spark/1.5.1/sbin/stop-slave.sh
nid01749: doing ssh -o StrictHostKeyChecking=no nid01749  cd /global/common/cori/software/spark/1.5.1/sbin/.. ; /usr/common/software/spark/1.5.1/sbin/stop-slave.sh
nid01750: doing ssh -o StrictHostKeyChecking=no nid01750  cd /global/common/cori/software/spark/1.5.1/sbin/.. ; /usr/common/software/spark/1.5.1/sbin/stop-slave.sh
nid01751: doing ssh -o StrictHostKeyChecking=no nid01751  cd /global/common/cori/software/spark/1.5.1/sbin/.. ; /usr/common/software/spark/1.5.1/sbin/stop-slave.sh
nid01752: doing ssh -o StrictHostKeyChecking=no nid01752  cd /global/common/cori/software/spark/1.5.1/sbin/.. ; /usr/common/software/spark/1.5.1/sbin/stop-slave.sh
nid01753: doing ssh -o StrictHostKeyChecking=no nid01753  cd /global/common/cori/software/spark/1.5.1/sbin/.. ; /usr/common/software/spark/1.5.1/sbin/stop-slave.sh
nid01754: doing ssh -o StrictHostKeyChecking=no nid01754  cd /global/common/cori/software/spark/1.5.1/sbin/.. ; /usr/common/software/spark/1.5.1/sbin/stop-slave.sh
nid01755: doing ssh -o StrictHostKeyChecking=no nid01755  cd /global/common/cori/software/spark/1.5.1/sbin/.. ; /usr/common/software/spark/1.5.1/sbin/stop-slave.sh
nid01756: doing ssh -o StrictHostKeyChecking=no nid01756  cd /global/common/cori/software/spark/1.5.1/sbin/.. ; /usr/common/software/spark/1.5.1/sbin/stop-slave.sh
nid01757: doing ssh -o StrictHostKeyChecking=no nid01757  cd /global/common/cori/software/spark/1.5.1/sbin/.. ; /usr/common/software/spark/1.5.1/sbin/stop-slave.sh
nid01758: doing ssh -o StrictHostKeyChecking=no nid01758  cd /global/common/cori/software/spark/1.5.1/sbin/.. ; /usr/common/software/spark/1.5.1/sbin/stop-slave.sh
nid01759: doing ssh -o StrictHostKeyChecking=no nid01759  cd /global/common/cori/software/spark/1.5.1/sbin/.. ; /usr/common/software/spark/1.5.1/sbin/stop-slave.sh
nid01760: doing ssh -o StrictHostKeyChecking=no nid01760  cd /global/common/cori/software/spark/1.5.1/sbin/.. ; /usr/common/software/spark/1.5.1/sbin/stop-slave.sh
nid00682: @@@@@@@@@@@@@@@@@@@@@@@@@@@@@@@@@@@@@@@@@@@@@@@@@@@@@@@@@@@
nid00682: @    WARNING: REMOTE HOST IDENTIFICATION HAS CHANGED!     @
nid00682: @@@@@@@@@@@@@@@@@@@@@@@@@@@@@@@@@@@@@@@@@@@@@@@@@@@@@@@@@@@
nid00682: IT IS POSSIBLE THAT SOMEONE IS DOING SOMETHING NASTY!
nid00682: Someone could be eavesdropping on you right now (man-in-the-middle attack)!
nid00682: It is also possible that a host key has just been changed.
nid00682: The fingerprint for the ECDSA key sent by the remote host is
nid00682: SHA256:xn96l+lkr0f9MSJk7WXmbwzpSmDv8kEFBgdNcFGG8n4.
nid00682: Please contact your system administrator.
nid00682: Add correct host key in /global/homes/q/qpzhang/.ssh/known_hosts to get rid of this message.
nid00682: Offending ECDSA key in /global/homes/q/qpzhang/.ssh/known_hosts:997
nid00682: Password authentication is disabled to avoid man-in-the-middle attacks.
nid00682: Keyboard-interactive authentication is disabled to avoid man-in-the-middle attacks.
nid00682: stopping org.apache.spark.deploy.worker.Worker
nid00683: @@@@@@@@@@@@@@@@@@@@@@@@@@@@@@@@@@@@@@@@@@@@@@@@@@@@@@@@@@@
nid00683: @    WARNING: REMOTE HOST IDENTIFICATION HAS CHANGED!     @
nid00683: @@@@@@@@@@@@@@@@@@@@@@@@@@@@@@@@@@@@@@@@@@@@@@@@@@@@@@@@@@@
nid00683: IT IS POSSIBLE THAT SOMEONE IS DOING SOMETHING NASTY!
nid00683: Someone could be eavesdropping on you right now (man-in-the-middle attack)!
nid00683: It is also possible that a host key has just been changed.
nid00683: The fingerprint for the ECDSA key sent by the remote host is
nid00683: SHA256:dwYDSU0C6T5O5W+F/K+amvchYCMwcBftUYBKKFRHfJg.
nid00683: Please contact your system administrator.
nid00683: Add correct host key in /global/homes/q/qpzhang/.ssh/known_hosts to get rid of this message.
nid00683: Offending ECDSA key in /global/homes/q/qpzhang/.ssh/known_hosts:996
nid00683: Password authentication is disabled to avoid man-in-the-middle attacks.
nid00683: Keyboard-interactive authentication is disabled to avoid man-in-the-middle attacks.
nid00683: stopping org.apache.spark.deploy.worker.Worker
nid00684: @@@@@@@@@@@@@@@@@@@@@@@@@@@@@@@@@@@@@@@@@@@@@@@@@@@@@@@@@@@
nid00684: @    WARNING: REMOTE HOST IDENTIFICATION HAS CHANGED!     @
nid00684: @@@@@@@@@@@@@@@@@@@@@@@@@@@@@@@@@@@@@@@@@@@@@@@@@@@@@@@@@@@
nid00684: IT IS POSSIBLE THAT SOMEONE IS DOING SOMETHING NASTY!
nid00684: Someone could be eavesdropping on you right now (man-in-the-middle attack)!
nid00684: It is also possible that a host key has just been changed.
nid00684: The fingerprint for the ECDSA key sent by the remote host is
nid00684: SHA256:efampeYJvNP1ns32fGV6yGIqXTk8WEwNAYRWwJDTw08.
nid00684: Please contact your system administrator.
nid00684: Add correct host key in /global/homes/q/qpzhang/.ssh/known_hosts to get rid of this message.
nid00684: Offending ECDSA key in /global/homes/q/qpzhang/.ssh/known_hosts:998
nid00684: Password authentication is disabled to avoid man-in-the-middle attacks.
nid00684: Keyboard-interactive authentication is disabled to avoid man-in-the-middle attacks.
nid00684: stopping org.apache.spark.deploy.worker.Worker
nid00692: stopping org.apache.spark.deploy.worker.Worker
nid00685: stopping org.apache.spark.deploy.worker.Worker
nid00686: stopping org.apache.spark.deploy.worker.Worker
nid00687: stopping org.apache.spark.deploy.worker.Worker
nid00693: @@@@@@@@@@@@@@@@@@@@@@@@@@@@@@@@@@@@@@@@@@@@@@@@@@@@@@@@@@@
nid00693: @    WARNING: REMOTE HOST IDENTIFICATION HAS CHANGED!     @
nid00693: @@@@@@@@@@@@@@@@@@@@@@@@@@@@@@@@@@@@@@@@@@@@@@@@@@@@@@@@@@@
nid00693: IT IS POSSIBLE THAT SOMEONE IS DOING SOMETHING NASTY!
nid00693: Someone could be eavesdropping on you right now (man-in-the-middle attack)!
nid00693: It is also possible that a host key has just been changed.
nid00693: The fingerprint for the ECDSA key sent by the remote host is
nid00693: SHA256:qmS9+v0Atia8j4Ikp7utEQK33UgwaCz1j0yyjP+UpWs.
nid00693: Please contact your system administrator.
nid00693: Add correct host key in /global/homes/q/qpzhang/.ssh/known_hosts to get rid of this message.
nid00693: Offending ECDSA key in /global/homes/q/qpzhang/.ssh/known_hosts:1030
nid00693: Password authentication is disabled to avoid man-in-the-middle attacks.
nid00693: Keyboard-interactive authentication is disabled to avoid man-in-the-middle attacks.
nid00693: stopping org.apache.spark.deploy.worker.Worker
nid00694: @@@@@@@@@@@@@@@@@@@@@@@@@@@@@@@@@@@@@@@@@@@@@@@@@@@@@@@@@@@
nid00694: @    WARNING: REMOTE HOST IDENTIFICATION HAS CHANGED!     @
nid00694: @@@@@@@@@@@@@@@@@@@@@@@@@@@@@@@@@@@@@@@@@@@@@@@@@@@@@@@@@@@
nid00694: IT IS POSSIBLE THAT SOMEONE IS DOING SOMETHING NASTY!
nid00694: Someone could be eavesdropping on you right now (man-in-the-middle attack)!
nid00694: It is also possible that a host key has just been changed.
nid00694: The fingerprint for the ECDSA key sent by the remote host is
nid00694: SHA256:43jXTZH/0jqk0Grna0lsZbwLTChb6qV9jrz3H8sOWso.
nid00694: Please contact your system administrator.
nid00694: Add correct host key in /global/homes/q/qpzhang/.ssh/known_hosts to get rid of this message.
nid00694: Offending ECDSA key in /global/homes/q/qpzhang/.ssh/known_hosts:1031
nid00694: Password authentication is disabled to avoid man-in-the-middle attacks.
nid00694: Keyboard-interactive authentication is disabled to avoid man-in-the-middle attacks.
nid00694: stopping org.apache.spark.deploy.worker.Worker
nid00695: stopping org.apache.spark.deploy.worker.Worker
nid00696: @@@@@@@@@@@@@@@@@@@@@@@@@@@@@@@@@@@@@@@@@@@@@@@@@@@@@@@@@@@
nid00696: @    WARNING: REMOTE HOST IDENTIFICATION HAS CHANGED!     @
nid00696: @@@@@@@@@@@@@@@@@@@@@@@@@@@@@@@@@@@@@@@@@@@@@@@@@@@@@@@@@@@
nid00696: IT IS POSSIBLE THAT SOMEONE IS DOING SOMETHING NASTY!
nid00696: Someone could be eavesdropping on you right now (man-in-the-middle attack)!
nid00696: It is also possible that a host key has just been changed.
nid00696: The fingerprint for the ECDSA key sent by the remote host is
nid00696: SHA256:Py8Kim28IdDphah7xgiJ/MX+/Lp/mCNBSi694GiE3zg.
nid00696: Please contact your system administrator.
nid00696: Add correct host key in /global/homes/q/qpzhang/.ssh/known_hosts to get rid of this message.
nid00696: Offending ECDSA key in /global/homes/q/qpzhang/.ssh/known_hosts:140
nid00696: Password authentication is disabled to avoid man-in-the-middle attacks.
nid00696: Keyboard-interactive authentication is disabled to avoid man-in-the-middle attacks.
nid00696: stopping org.apache.spark.deploy.worker.Worker
nid00690: @@@@@@@@@@@@@@@@@@@@@@@@@@@@@@@@@@@@@@@@@@@@@@@@@@@@@@@@@@@
nid00690: @    WARNING: REMOTE HOST IDENTIFICATION HAS CHANGED!     @
nid00690: @@@@@@@@@@@@@@@@@@@@@@@@@@@@@@@@@@@@@@@@@@@@@@@@@@@@@@@@@@@
nid00690: IT IS POSSIBLE THAT SOMEONE IS DOING SOMETHING NASTY!
nid00690: Someone could be eavesdropping on you right now (man-in-the-middle attack)!
nid00690: It is also possible that a host key has just been changed.
nid00690: The fingerprint for the ECDSA key sent by the remote host is
nid00690: SHA256:Kb6NrlgjW+JXOGxcChSLnSaCA58HkFhVOB/B8Xqsx0s.
nid00690: Please contact your system administrator.
nid00690: Add correct host key in /global/homes/q/qpzhang/.ssh/known_hosts to get rid of this message.
nid00690: Offending ECDSA key in /global/homes/q/qpzhang/.ssh/known_hosts:861
nid00690: Password authentication is disabled to avoid man-in-the-middle attacks.
nid00690: Keyboard-interactive authentication is disabled to avoid man-in-the-middle attacks.
nid00690: stopping org.apache.spark.deploy.worker.Worker
nid00689: stopping org.apache.spark.deploy.worker.Worker
nid00688: @@@@@@@@@@@@@@@@@@@@@@@@@@@@@@@@@@@@@@@@@@@@@@@@@@@@@@@@@@@
nid00688: @    WARNING: REMOTE HOST IDENTIFICATION HAS CHANGED!     @
nid00688: @@@@@@@@@@@@@@@@@@@@@@@@@@@@@@@@@@@@@@@@@@@@@@@@@@@@@@@@@@@
nid00688: IT IS POSSIBLE THAT SOMEONE IS DOING SOMETHING NASTY!
nid00688: Someone could be eavesdropping on you right now (man-in-the-middle attack)!
nid00688: It is also possible that a host key has just been changed.
nid00688: The fingerprint for the ECDSA key sent by the remote host is
nid00688: SHA256:IAFsfHyQhk5s48jZhmUTwIJk87ZRUH8CkcMZfS4vpJQ.
nid00688: Please contact your system administrator.
nid00688: Add correct host key in /global/homes/q/qpzhang/.ssh/known_hosts to get rid of this message.
nid00688: Offending ECDSA key in /global/homes/q/qpzhang/.ssh/known_hosts:527
nid00688: Password authentication is disabled to avoid man-in-the-middle attacks.
nid00688: Keyboard-interactive authentication is disabled to avoid man-in-the-middle attacks.
nid00688: stopping org.apache.spark.deploy.worker.Worker
nid00691: stopping org.apache.spark.deploy.worker.Worker
nid00698: @@@@@@@@@@@@@@@@@@@@@@@@@@@@@@@@@@@@@@@@@@@@@@@@@@@@@@@@@@@
nid00698: @    WARNING: REMOTE HOST IDENTIFICATION HAS CHANGED!     @
nid00698: @@@@@@@@@@@@@@@@@@@@@@@@@@@@@@@@@@@@@@@@@@@@@@@@@@@@@@@@@@@
nid00698: IT IS POSSIBLE THAT SOMEONE IS DOING SOMETHING NASTY!
nid00698: Someone could be eavesdropping on you right now (man-in-the-middle attack)!
nid00698: It is also possible that a host key has just been changed.
nid00698: The fingerprint for the ECDSA key sent by the remote host is
nid00698: SHA256:02/x9BL3oRAy+XUKJu3y3MU7dqBCwu62DT+qWLwKP+M.
nid00698: Please contact your system administrator.
nid00698: Add correct host key in /global/homes/q/qpzhang/.ssh/known_hosts to get rid of this message.
nid00698: Offending ECDSA key in /global/homes/q/qpzhang/.ssh/known_hosts:730
nid00698: Password authentication is disabled to avoid man-in-the-middle attacks.
nid00698: Keyboard-interactive authentication is disabled to avoid man-in-the-middle attacks.
nid00698: stopping org.apache.spark.deploy.worker.Worker
nid00697: @@@@@@@@@@@@@@@@@@@@@@@@@@@@@@@@@@@@@@@@@@@@@@@@@@@@@@@@@@@
nid00697: @    WARNING: REMOTE HOST IDENTIFICATION HAS CHANGED!     @
nid00697: @@@@@@@@@@@@@@@@@@@@@@@@@@@@@@@@@@@@@@@@@@@@@@@@@@@@@@@@@@@
nid00697: IT IS POSSIBLE THAT SOMEONE IS DOING SOMETHING NASTY!
nid00697: Someone could be eavesdropping on you right now (man-in-the-middle attack)!
nid00697: It is also possible that a host key has just been changed.
nid00697: The fingerprint for the ECDSA key sent by the remote host is
nid00697: SHA256:HulMaMLjzDDCuONxm/mcq4ypQtnyoIl+KTJQ2+/wTS0.
nid00697: Please contact your system administrator.
nid00697: Add correct host key in /global/homes/q/qpzhang/.ssh/known_hosts to get rid of this message.
nid00697: Offending ECDSA key in /global/homes/q/qpzhang/.ssh/known_hosts:141
nid00697: Password authentication is disabled to avoid man-in-the-middle attacks.
nid00697: Keyboard-interactive authentication is disabled to avoid man-in-the-middle attacks.
nid00697: stopping org.apache.spark.deploy.worker.Worker
nid00699: @@@@@@@@@@@@@@@@@@@@@@@@@@@@@@@@@@@@@@@@@@@@@@@@@@@@@@@@@@@
nid00699: @    WARNING: REMOTE HOST IDENTIFICATION HAS CHANGED!     @
nid00699: @@@@@@@@@@@@@@@@@@@@@@@@@@@@@@@@@@@@@@@@@@@@@@@@@@@@@@@@@@@
nid00699: IT IS POSSIBLE THAT SOMEONE IS DOING SOMETHING NASTY!
nid00699: Someone could be eavesdropping on you right now (man-in-the-middle attack)!
nid00699: It is also possible that a host key has just been changed.
nid00699: The fingerprint for the ECDSA key sent by the remote host is
nid00699: SHA256:COiD4oXVULAccItia4jp8qkAGInp1NA5YuxY3Dev9RA.
nid00699: Please contact your system administrator.
nid00699: Add correct host key in /global/homes/q/qpzhang/.ssh/known_hosts to get rid of this message.
nid00699: Offending ECDSA key in /global/homes/q/qpzhang/.ssh/known_hosts:731
nid00699: Password authentication is disabled to avoid man-in-the-middle attacks.
nid00699: Keyboard-interactive authentication is disabled to avoid man-in-the-middle attacks.
nid00699: stopping org.apache.spark.deploy.worker.Worker
nid00700: @@@@@@@@@@@@@@@@@@@@@@@@@@@@@@@@@@@@@@@@@@@@@@@@@@@@@@@@@@@
nid00700: @    WARNING: REMOTE HOST IDENTIFICATION HAS CHANGED!     @
nid00700: @@@@@@@@@@@@@@@@@@@@@@@@@@@@@@@@@@@@@@@@@@@@@@@@@@@@@@@@@@@
nid00700: IT IS POSSIBLE THAT SOMEONE IS DOING SOMETHING NASTY!
nid00700: Someone could be eavesdropping on you right now (man-in-the-middle attack)!
nid00700: It is also possible that a host key has just been changed.
nid00700: The fingerprint for the ECDSA key sent by the remote host is
nid00700: SHA256:BG4cQI5lpL2Z8J3xGvOd/EdasL0Msj2WlZwIPoqnWU8.
nid00700: Please contact your system administrator.
nid00700: Add correct host key in /global/homes/q/qpzhang/.ssh/known_hosts to get rid of this message.
nid00700: Offending ECDSA key in /global/homes/q/qpzhang/.ssh/known_hosts:512
nid00700: Password authentication is disabled to avoid man-in-the-middle attacks.
nid00700: Keyboard-interactive authentication is disabled to avoid man-in-the-middle attacks.
nid00700: stopping org.apache.spark.deploy.worker.Worker
nid01721: @@@@@@@@@@@@@@@@@@@@@@@@@@@@@@@@@@@@@@@@@@@@@@@@@@@@@@@@@@@
nid01721: @    WARNING: REMOTE HOST IDENTIFICATION HAS CHANGED!     @
nid01721: @@@@@@@@@@@@@@@@@@@@@@@@@@@@@@@@@@@@@@@@@@@@@@@@@@@@@@@@@@@
nid01721: IT IS POSSIBLE THAT SOMEONE IS DOING SOMETHING NASTY!
nid01721: Someone could be eavesdropping on you right now (man-in-the-middle attack)!
nid01721: It is also possible that a host key has just been changed.
nid01721: The fingerprint for the ECDSA key sent by the remote host is
nid01721: SHA256:A+jxbIvilWIsrehpqi/MfuwMc97OxMhNU4S4yXq6B8U.
nid01721: Please contact your system administrator.
nid01721: Add correct host key in /global/homes/q/qpzhang/.ssh/known_hosts to get rid of this message.
nid01721: Offending ECDSA key in /global/homes/q/qpzhang/.ssh/known_hosts:50
nid01721: Password authentication is disabled to avoid man-in-the-middle attacks.
nid01721: Keyboard-interactive authentication is disabled to avoid man-in-the-middle attacks.
nid01721: stopping org.apache.spark.deploy.worker.Worker
nid01748: @@@@@@@@@@@@@@@@@@@@@@@@@@@@@@@@@@@@@@@@@@@@@@@@@@@@@@@@@@@
nid01748: @    WARNING: REMOTE HOST IDENTIFICATION HAS CHANGED!     @
nid01748: @@@@@@@@@@@@@@@@@@@@@@@@@@@@@@@@@@@@@@@@@@@@@@@@@@@@@@@@@@@
nid01748: IT IS POSSIBLE THAT SOMEONE IS DOING SOMETHING NASTY!
nid01748: Someone could be eavesdropping on you right now (man-in-the-middle attack)!
nid01748: It is also possible that a host key has just been changed.
nid01748: The fingerprint for the ECDSA key sent by the remote host is
nid01748: SHA256:CTHlVtCVeELLNxrR9WP0cLwpasqjpiGccs4hlzVBWgE.
nid01748: Please contact your system administrator.
nid01748: Add correct host key in /global/homes/q/qpzhang/.ssh/known_hosts to get rid of this message.
nid01748: Offending ECDSA key in /global/homes/q/qpzhang/.ssh/known_hosts:760
nid01748: Password authentication is disabled to avoid man-in-the-middle attacks.
nid01748: Keyboard-interactive authentication is disabled to avoid man-in-the-middle attacks.
nid01748: stopping org.apache.spark.deploy.worker.Worker
nid01725: @@@@@@@@@@@@@@@@@@@@@@@@@@@@@@@@@@@@@@@@@@@@@@@@@@@@@@@@@@@
nid01725: @    WARNING: REMOTE HOST IDENTIFICATION HAS CHANGED!     @
nid01725: @@@@@@@@@@@@@@@@@@@@@@@@@@@@@@@@@@@@@@@@@@@@@@@@@@@@@@@@@@@
nid01725: IT IS POSSIBLE THAT SOMEONE IS DOING SOMETHING NASTY!
nid01725: Someone could be eavesdropping on you right now (man-in-the-middle attack)!
nid01725: It is also possible that a host key has just been changed.
nid01725: The fingerprint for the ECDSA key sent by the remote host is
nid01725: SHA256:H/x9HNwK4H1GxWGZsVNnaJKSCymfoTbbJoRKB0MoWIE.
nid01725: Please contact your system administrator.
nid01725: Add correct host key in /global/homes/q/qpzhang/.ssh/known_hosts to get rid of this message.
nid01725: Offending ECDSA key in /global/homes/q/qpzhang/.ssh/known_hosts:1077
nid01725: Password authentication is disabled to avoid man-in-the-middle attacks.
nid01725: Keyboard-interactive authentication is disabled to avoid man-in-the-middle attacks.
nid01725: stopping org.apache.spark.deploy.worker.Worker
nid01724: @@@@@@@@@@@@@@@@@@@@@@@@@@@@@@@@@@@@@@@@@@@@@@@@@@@@@@@@@@@
nid01724: @    WARNING: REMOTE HOST IDENTIFICATION HAS CHANGED!     @
nid01724: @@@@@@@@@@@@@@@@@@@@@@@@@@@@@@@@@@@@@@@@@@@@@@@@@@@@@@@@@@@
nid01724: IT IS POSSIBLE THAT SOMEONE IS DOING SOMETHING NASTY!
nid01724: Someone could be eavesdropping on you right now (man-in-the-middle attack)!
nid01724: It is also possible that a host key has just been changed.
nid01724: The fingerprint for the ECDSA key sent by the remote host is
nid01724: SHA256:NQg7RMW4pO/1DRvYQ0k1jLdAkT6XumYuqvn/AoYMnQU.
nid01724: Please contact your system administrator.
nid01724: Add correct host key in /global/homes/q/qpzhang/.ssh/known_hosts to get rid of this message.
nid01724: Offending ECDSA key in /global/homes/q/qpzhang/.ssh/known_hosts:1048
nid01724: Password authentication is disabled to avoid man-in-the-middle attacks.
nid01724: Keyboard-interactive authentication is disabled to avoid man-in-the-middle attacks.
nid01724: stopping org.apache.spark.deploy.worker.Worker
nid01722: @@@@@@@@@@@@@@@@@@@@@@@@@@@@@@@@@@@@@@@@@@@@@@@@@@@@@@@@@@@
nid01722: @    WARNING: REMOTE HOST IDENTIFICATION HAS CHANGED!     @
nid01722: @@@@@@@@@@@@@@@@@@@@@@@@@@@@@@@@@@@@@@@@@@@@@@@@@@@@@@@@@@@
nid01722: IT IS POSSIBLE THAT SOMEONE IS DOING SOMETHING NASTY!
nid01722: Someone could be eavesdropping on you right now (man-in-the-middle attack)!
nid01722: It is also possible that a host key has just been changed.
nid01722: The fingerprint for the ECDSA key sent by the remote host is
nid01722: SHA256:S5I5FvlAyvJ9Uf5WuNSyveXlhvSH6MjSsf0xLcDFVMk.
nid01722: Please contact your system administrator.
nid01722: Add correct host key in /global/homes/q/qpzhang/.ssh/known_hosts to get rid of this message.
nid01722: Offending ECDSA key in /global/homes/q/qpzhang/.ssh/known_hosts:51
nid01722: Password authentication is disabled to avoid man-in-the-middle attacks.
nid01722: Keyboard-interactive authentication is disabled to avoid man-in-the-middle attacks.
nid01722: stopping org.apache.spark.deploy.worker.Worker
nid01723: @@@@@@@@@@@@@@@@@@@@@@@@@@@@@@@@@@@@@@@@@@@@@@@@@@@@@@@@@@@
nid01723: @    WARNING: REMOTE HOST IDENTIFICATION HAS CHANGED!     @
nid01723: @@@@@@@@@@@@@@@@@@@@@@@@@@@@@@@@@@@@@@@@@@@@@@@@@@@@@@@@@@@
nid01723: IT IS POSSIBLE THAT SOMEONE IS DOING SOMETHING NASTY!
nid01723: Someone could be eavesdropping on you right now (man-in-the-middle attack)!
nid01723: It is also possible that a host key has just been changed.
nid01723: The fingerprint for the ECDSA key sent by the remote host is
nid01723: SHA256:81ljMl6WmvRN3ECO2+PO2bQxziKxy3zPCNMbxMTTYbo.
nid01723: Please contact your system administrator.
nid01723: Add correct host key in /global/homes/q/qpzhang/.ssh/known_hosts to get rid of this message.
nid01723: Offending ECDSA key in /global/homes/q/qpzhang/.ssh/known_hosts:1076
nid01723: Password authentication is disabled to avoid man-in-the-middle attacks.
nid01723: Keyboard-interactive authentication is disabled to avoid man-in-the-middle attacks.
nid01723: stopping org.apache.spark.deploy.worker.Worker
nid01750: @@@@@@@@@@@@@@@@@@@@@@@@@@@@@@@@@@@@@@@@@@@@@@@@@@@@@@@@@@@
nid01750: @    WARNING: REMOTE HOST IDENTIFICATION HAS CHANGED!     @
nid01750: @@@@@@@@@@@@@@@@@@@@@@@@@@@@@@@@@@@@@@@@@@@@@@@@@@@@@@@@@@@
nid01750: IT IS POSSIBLE THAT SOMEONE IS DOING SOMETHING NASTY!
nid01750: Someone could be eavesdropping on you right now (man-in-the-middle attack)!
nid01750: It is also possible that a host key has just been changed.
nid01750: The fingerprint for the ECDSA key sent by the remote host is
nid01750: SHA256:d6tMzLVl8wGrYnx9kW0GI96fpbzakcTNWkPwI/gt5ps.
nid01750: Please contact your system administrator.
nid01750: Add correct host key in /global/homes/q/qpzhang/.ssh/known_hosts to get rid of this message.
nid01750: Offending ECDSA key in /global/homes/q/qpzhang/.ssh/known_hosts:1078
nid01750: Password authentication is disabled to avoid man-in-the-middle attacks.
nid01750: Keyboard-interactive authentication is disabled to avoid man-in-the-middle attacks.
nid01750: stopping org.apache.spark.deploy.worker.Worker
nid01726: @@@@@@@@@@@@@@@@@@@@@@@@@@@@@@@@@@@@@@@@@@@@@@@@@@@@@@@@@@@
nid01726: @    WARNING: REMOTE HOST IDENTIFICATION HAS CHANGED!     @
nid01726: @@@@@@@@@@@@@@@@@@@@@@@@@@@@@@@@@@@@@@@@@@@@@@@@@@@@@@@@@@@
nid01726: IT IS POSSIBLE THAT SOMEONE IS DOING SOMETHING NASTY!
nid01726: Someone could be eavesdropping on you right now (man-in-the-middle attack)!
nid01726: It is also possible that a host key has just been changed.
nid01726: The fingerprint for the ECDSA key sent by the remote host is
nid01726: SHA256:LpVlI/2lTaucFLpZWwhDRVyHAKevMVEHNY4zB+z3FdA.
nid01726: Please contact your system administrator.
nid01726: Add correct host key in /global/homes/q/qpzhang/.ssh/known_hosts to get rid of this message.
nid01726: Offending ECDSA key in /global/homes/q/qpzhang/.ssh/known_hosts:758
nid01726: Password authentication is disabled to avoid man-in-the-middle attacks.
nid01726: Keyboard-interactive authentication is disabled to avoid man-in-the-middle attacks.
nid01726: stopping org.apache.spark.deploy.worker.Worker
nid01751: @@@@@@@@@@@@@@@@@@@@@@@@@@@@@@@@@@@@@@@@@@@@@@@@@@@@@@@@@@@
nid01751: @    WARNING: REMOTE HOST IDENTIFICATION HAS CHANGED!     @
nid01751: @@@@@@@@@@@@@@@@@@@@@@@@@@@@@@@@@@@@@@@@@@@@@@@@@@@@@@@@@@@
nid01751: IT IS POSSIBLE THAT SOMEONE IS DOING SOMETHING NASTY!
nid01751: Someone could be eavesdropping on you right now (man-in-the-middle attack)!
nid01751: It is also possible that a host key has just been changed.
nid01751: The fingerprint for the ECDSA key sent by the remote host is
nid01751: SHA256:1IRYtw4EBX/Y+R6h0j/9qaVP2O6BaQuJfYG80dd8QMM.
nid01751: Please contact your system administrator.
nid01751: Add correct host key in /global/homes/q/qpzhang/.ssh/known_hosts to get rid of this message.
nid01751: Offending ECDSA key in /global/homes/q/qpzhang/.ssh/known_hosts:1079
nid01751: Password authentication is disabled to avoid man-in-the-middle attacks.
nid01751: Keyboard-interactive authentication is disabled to avoid man-in-the-middle attacks.
nid01751: stopping org.apache.spark.deploy.worker.Worker
nid01749: @@@@@@@@@@@@@@@@@@@@@@@@@@@@@@@@@@@@@@@@@@@@@@@@@@@@@@@@@@@
nid01749: @    WARNING: REMOTE HOST IDENTIFICATION HAS CHANGED!     @
nid01749: @@@@@@@@@@@@@@@@@@@@@@@@@@@@@@@@@@@@@@@@@@@@@@@@@@@@@@@@@@@
nid01749: IT IS POSSIBLE THAT SOMEONE IS DOING SOMETHING NASTY!
nid01749: Someone could be eavesdropping on you right now (man-in-the-middle attack)!
nid01749: It is also possible that a host key has just been changed.
nid01749: The fingerprint for the ECDSA key sent by the remote host is
nid01749: SHA256:pkemZ6vwvLBBcCV70EokNuLdPBlfVmOSDnn+bRF/7rU.
nid01749: Please contact your system administrator.
nid01749: Add correct host key in /global/homes/q/qpzhang/.ssh/known_hosts to get rid of this message.
nid01749: Offending ECDSA key in /global/homes/q/qpzhang/.ssh/known_hosts:761
nid01749: Password authentication is disabled to avoid man-in-the-middle attacks.
nid01749: Keyboard-interactive authentication is disabled to avoid man-in-the-middle attacks.
nid01749: stopping org.apache.spark.deploy.worker.Worker
nid01727: @@@@@@@@@@@@@@@@@@@@@@@@@@@@@@@@@@@@@@@@@@@@@@@@@@@@@@@@@@@
nid01727: @    WARNING: REMOTE HOST IDENTIFICATION HAS CHANGED!     @
nid01727: @@@@@@@@@@@@@@@@@@@@@@@@@@@@@@@@@@@@@@@@@@@@@@@@@@@@@@@@@@@
nid01727: IT IS POSSIBLE THAT SOMEONE IS DOING SOMETHING NASTY!
nid01727: Someone could be eavesdropping on you right now (man-in-the-middle attack)!
nid01727: It is also possible that a host key has just been changed.
nid01727: The fingerprint for the ECDSA key sent by the remote host is
nid01727: SHA256:JCqc37VE2LIAW3pE+kA7yQWi5dHSapf8s20BWSRi1C8.
nid01727: Please contact your system administrator.
nid01727: Add correct host key in /global/homes/q/qpzhang/.ssh/known_hosts to get rid of this message.
nid01727: Offending ECDSA key in /global/homes/q/qpzhang/.ssh/known_hosts:759
nid01727: Password authentication is disabled to avoid man-in-the-middle attacks.
nid01727: Keyboard-interactive authentication is disabled to avoid man-in-the-middle attacks.
nid01727: stopping org.apache.spark.deploy.worker.Worker
nid01752: @@@@@@@@@@@@@@@@@@@@@@@@@@@@@@@@@@@@@@@@@@@@@@@@@@@@@@@@@@@
nid01752: @    WARNING: REMOTE HOST IDENTIFICATION HAS CHANGED!     @
nid01752: @@@@@@@@@@@@@@@@@@@@@@@@@@@@@@@@@@@@@@@@@@@@@@@@@@@@@@@@@@@
nid01752: IT IS POSSIBLE THAT SOMEONE IS DOING SOMETHING NASTY!
nid01752: Someone could be eavesdropping on you right now (man-in-the-middle attack)!
nid01752: It is also possible that a host key has just been changed.
nid01752: The fingerprint for the ECDSA key sent by the remote host is
nid01752: SHA256:f/KimwhQ+O/ZRaPM1mvLDQayTpr9Cb00JzgfMX5IkBw.
nid01752: Please contact your system administrator.
nid01752: Add correct host key in /global/homes/q/qpzhang/.ssh/known_hosts to get rid of this message.
nid01752: Offending ECDSA key in /global/homes/q/qpzhang/.ssh/known_hosts:1080
nid01752: Password authentication is disabled to avoid man-in-the-middle attacks.
nid01752: Keyboard-interactive authentication is disabled to avoid man-in-the-middle attacks.
nid01752: stopping org.apache.spark.deploy.worker.Worker
nid01755: @@@@@@@@@@@@@@@@@@@@@@@@@@@@@@@@@@@@@@@@@@@@@@@@@@@@@@@@@@@
nid01755: @    WARNING: REMOTE HOST IDENTIFICATION HAS CHANGED!     @
nid01755: @@@@@@@@@@@@@@@@@@@@@@@@@@@@@@@@@@@@@@@@@@@@@@@@@@@@@@@@@@@
nid01755: IT IS POSSIBLE THAT SOMEONE IS DOING SOMETHING NASTY!
nid01755: Someone could be eavesdropping on you right now (man-in-the-middle attack)!
nid01755: It is also possible that a host key has just been changed.
nid01755: The fingerprint for the ECDSA key sent by the remote host is
nid01755: SHA256:WhveVGqMVxr4Uatyw7taULL07KEoINP9jAXD6EjnI6Y.
nid01755: Please contact your system administrator.
nid01755: Add correct host key in /global/homes/q/qpzhang/.ssh/known_hosts to get rid of this message.
nid01755: Offending ECDSA key in /global/homes/q/qpzhang/.ssh/known_hosts:655
nid01755: Password authentication is disabled to avoid man-in-the-middle attacks.
nid01755: Keyboard-interactive authentication is disabled to avoid man-in-the-middle attacks.
nid01755: stopping org.apache.spark.deploy.worker.Worker
nid01759: @@@@@@@@@@@@@@@@@@@@@@@@@@@@@@@@@@@@@@@@@@@@@@@@@@@@@@@@@@@
nid01759: @    WARNING: REMOTE HOST IDENTIFICATION HAS CHANGED!     @
nid01759: @@@@@@@@@@@@@@@@@@@@@@@@@@@@@@@@@@@@@@@@@@@@@@@@@@@@@@@@@@@
nid01759: IT IS POSSIBLE THAT SOMEONE IS DOING SOMETHING NASTY!
nid01759: Someone could be eavesdropping on you right now (man-in-the-middle attack)!
nid01759: It is also possible that a host key has just been changed.
nid01759: The fingerprint for the ECDSA key sent by the remote host is
nid01759: SHA256:Bz+OYdhoXDTUfAC4Oaz/zLMpNrOwxiLeOw7nJoT5Nm8.
nid01759: Please contact your system administrator.
nid01759: Add correct host key in /global/homes/q/qpzhang/.ssh/known_hosts to get rid of this message.
nid01759: Offending ECDSA key in /global/homes/q/qpzhang/.ssh/known_hosts:623
nid01759: Password authentication is disabled to avoid man-in-the-middle attacks.
nid01759: Keyboard-interactive authentication is disabled to avoid man-in-the-middle attacks.
nid01759: stopping org.apache.spark.deploy.worker.Worker
nid01757: @@@@@@@@@@@@@@@@@@@@@@@@@@@@@@@@@@@@@@@@@@@@@@@@@@@@@@@@@@@
nid01757: @    WARNING: REMOTE HOST IDENTIFICATION HAS CHANGED!     @
nid01757: @@@@@@@@@@@@@@@@@@@@@@@@@@@@@@@@@@@@@@@@@@@@@@@@@@@@@@@@@@@
nid01757: IT IS POSSIBLE THAT SOMEONE IS DOING SOMETHING NASTY!
nid01757: Someone could be eavesdropping on you right now (man-in-the-middle attack)!
nid01757: It is also possible that a host key has just been changed.
nid01757: The fingerprint for the ECDSA key sent by the remote host is
nid01757: SHA256:rqf8+xCxofuRNYyJ+k2mQZdobp/uq2Op+6MS6mc6sv0.
nid01757: Please contact your system administrator.
nid01757: Add correct host key in /global/homes/q/qpzhang/.ssh/known_hosts to get rid of this message.
nid01757: Offending ECDSA key in /global/homes/q/qpzhang/.ssh/known_hosts:622
nid01757: Password authentication is disabled to avoid man-in-the-middle attacks.
nid01757: Keyboard-interactive authentication is disabled to avoid man-in-the-middle attacks.
nid01757: stopping org.apache.spark.deploy.worker.Worker
nid01753: @@@@@@@@@@@@@@@@@@@@@@@@@@@@@@@@@@@@@@@@@@@@@@@@@@@@@@@@@@@
nid01753: @    WARNING: REMOTE HOST IDENTIFICATION HAS CHANGED!     @
nid01753: @@@@@@@@@@@@@@@@@@@@@@@@@@@@@@@@@@@@@@@@@@@@@@@@@@@@@@@@@@@
nid01753: IT IS POSSIBLE THAT SOMEONE IS DOING SOMETHING NASTY!
nid01753: Someone could be eavesdropping on you right now (man-in-the-middle attack)!
nid01753: It is also possible that a host key has just been changed.
nid01753: The fingerprint for the ECDSA key sent by the remote host is
nid01753: SHA256:EPsKl3vKpJgkHkuDIoDt8Il0pAbO5lKAX2mNo2GOqXg.
nid01753: Please contact your system administrator.
nid01753: Add correct host key in /global/homes/q/qpzhang/.ssh/known_hosts to get rid of this message.
nid01753: Offending ECDSA key in /global/homes/q/qpzhang/.ssh/known_hosts:1081
nid01753: Password authentication is disabled to avoid man-in-the-middle attacks.
nid01753: Keyboard-interactive authentication is disabled to avoid man-in-the-middle attacks.
nid01753: stopping org.apache.spark.deploy.worker.Worker
nid01754: @@@@@@@@@@@@@@@@@@@@@@@@@@@@@@@@@@@@@@@@@@@@@@@@@@@@@@@@@@@
nid01754: @    WARNING: REMOTE HOST IDENTIFICATION HAS CHANGED!     @
nid01754: @@@@@@@@@@@@@@@@@@@@@@@@@@@@@@@@@@@@@@@@@@@@@@@@@@@@@@@@@@@
nid01754: IT IS POSSIBLE THAT SOMEONE IS DOING SOMETHING NASTY!
nid01754: Someone could be eavesdropping on you right now (man-in-the-middle attack)!
nid01754: It is also possible that a host key has just been changed.
nid01754: The fingerprint for the ECDSA key sent by the remote host is
nid01754: SHA256:DQvc2sN5td4J+hXAXlXCCUc9CG/2zzGh8sSNuXr06mg.
nid01754: Please contact your system administrator.
nid01754: Add correct host key in /global/homes/q/qpzhang/.ssh/known_hosts to get rid of this message.
nid01754: Offending ECDSA key in /global/homes/q/qpzhang/.ssh/known_hosts:653
nid01754: Password authentication is disabled to avoid man-in-the-middle attacks.
nid01754: Keyboard-interactive authentication is disabled to avoid man-in-the-middle attacks.
nid01754: stopping org.apache.spark.deploy.worker.Worker
nid01758: @@@@@@@@@@@@@@@@@@@@@@@@@@@@@@@@@@@@@@@@@@@@@@@@@@@@@@@@@@@
nid01758: @    WARNING: REMOTE HOST IDENTIFICATION HAS CHANGED!     @
nid01758: @@@@@@@@@@@@@@@@@@@@@@@@@@@@@@@@@@@@@@@@@@@@@@@@@@@@@@@@@@@
nid01758: IT IS POSSIBLE THAT SOMEONE IS DOING SOMETHING NASTY!
nid01758: Someone could be eavesdropping on you right now (man-in-the-middle attack)!
nid01758: It is also possible that a host key has just been changed.
nid01758: The fingerprint for the ECDSA key sent by the remote host is
nid01758: SHA256:dlLa0FibWVKYDmuTrs6P42Umg3nvjZWWGxpxhiXoKKM.
nid01758: Please contact your system administrator.
nid01758: Add correct host key in /global/homes/q/qpzhang/.ssh/known_hosts to get rid of this message.
nid01758: Offending ECDSA key in /global/homes/q/qpzhang/.ssh/known_hosts:624
nid01758: Password authentication is disabled to avoid man-in-the-middle attacks.
nid01758: Keyboard-interactive authentication is disabled to avoid man-in-the-middle attacks.
nid01758: stopping org.apache.spark.deploy.worker.Worker
nid01756: @@@@@@@@@@@@@@@@@@@@@@@@@@@@@@@@@@@@@@@@@@@@@@@@@@@@@@@@@@@
nid01756: @    WARNING: REMOTE HOST IDENTIFICATION HAS CHANGED!     @
nid01756: @@@@@@@@@@@@@@@@@@@@@@@@@@@@@@@@@@@@@@@@@@@@@@@@@@@@@@@@@@@
nid01756: IT IS POSSIBLE THAT SOMEONE IS DOING SOMETHING NASTY!
nid01756: Someone could be eavesdropping on you right now (man-in-the-middle attack)!
nid01756: It is also possible that a host key has just been changed.
nid01756: The fingerprint for the ECDSA key sent by the remote host is
nid01756: SHA256:zFWaLqGqcwbgqXGgicjwVnGYPjcA1VY7v5idzwUMs0I.
nid01756: Please contact your system administrator.
nid01756: Add correct host key in /global/homes/q/qpzhang/.ssh/known_hosts to get rid of this message.
nid01756: Offending ECDSA key in /global/homes/q/qpzhang/.ssh/known_hosts:621
nid01756: Password authentication is disabled to avoid man-in-the-middle attacks.
nid01756: Keyboard-interactive authentication is disabled to avoid man-in-the-middle attacks.
nid01756: stopping org.apache.spark.deploy.worker.Worker
nid01760: @@@@@@@@@@@@@@@@@@@@@@@@@@@@@@@@@@@@@@@@@@@@@@@@@@@@@@@@@@@
nid01760: @    WARNING: REMOTE HOST IDENTIFICATION HAS CHANGED!     @
nid01760: @@@@@@@@@@@@@@@@@@@@@@@@@@@@@@@@@@@@@@@@@@@@@@@@@@@@@@@@@@@
nid01760: IT IS POSSIBLE THAT SOMEONE IS DOING SOMETHING NASTY!
nid01760: Someone could be eavesdropping on you right now (man-in-the-middle attack)!
nid01760: It is also possible that a host key has just been changed.
nid01760: The fingerprint for the ECDSA key sent by the remote host is
nid01760: SHA256:3vdcwkWzwmij98Dx2uRlEitBsCQF0TkusJXDP8LcTWk.
nid01760: Please contact your system administrator.
nid01760: Add correct host key in /global/homes/q/qpzhang/.ssh/known_hosts to get rid of this message.
nid01760: Offending ECDSA key in /global/homes/q/qpzhang/.ssh/known_hosts:666
nid01760: Password authentication is disabled to avoid man-in-the-middle attacks.
nid01760: Keyboard-interactive authentication is disabled to avoid man-in-the-middle attacks.
nid01760: stopping org.apache.spark.deploy.worker.Worker
stopping org.apache.spark.deploy.master.Master
