writing to /global/cscratch1/sd/qpzhang/spark_env
starting org.apache.spark.deploy.master.Master, logging to /global/cscratch1/sd/qpzhang/spark/2273580/sparklogs/spark-qpzhang-org.apache.spark.deploy.master.Master-1-nid00677.out
/global/common/cori/software/spark/1.5.1/sbin/..
nid00678: doing ssh -o StrictHostKeyChecking=no nid00678  cd /global/common/cori/software/spark/1.5.1/sbin/.. ; /usr/common/software/spark/1.5.1/sbin/start-slave.sh spark://nid00677:7077
nid00679: doing ssh -o StrictHostKeyChecking=no nid00679  cd /global/common/cori/software/spark/1.5.1/sbin/.. ; /usr/common/software/spark/1.5.1/sbin/start-slave.sh spark://nid00677:7077
nid00680: doing ssh -o StrictHostKeyChecking=no nid00680  cd /global/common/cori/software/spark/1.5.1/sbin/.. ; /usr/common/software/spark/1.5.1/sbin/start-slave.sh spark://nid00677:7077
nid00681: doing ssh -o StrictHostKeyChecking=no nid00681  cd /global/common/cori/software/spark/1.5.1/sbin/.. ; /usr/common/software/spark/1.5.1/sbin/start-slave.sh spark://nid00677:7077
nid00682: doing ssh -o StrictHostKeyChecking=no nid00682  cd /global/common/cori/software/spark/1.5.1/sbin/.. ; /usr/common/software/spark/1.5.1/sbin/start-slave.sh spark://nid00677:7077
nid00683: doing ssh -o StrictHostKeyChecking=no nid00683  cd /global/common/cori/software/spark/1.5.1/sbin/.. ; /usr/common/software/spark/1.5.1/sbin/start-slave.sh spark://nid00677:7077
nid00684: doing ssh -o StrictHostKeyChecking=no nid00684  cd /global/common/cori/software/spark/1.5.1/sbin/.. ; /usr/common/software/spark/1.5.1/sbin/start-slave.sh spark://nid00677:7077
nid00721: doing ssh -o StrictHostKeyChecking=no nid00721  cd /global/common/cori/software/spark/1.5.1/sbin/.. ; /usr/common/software/spark/1.5.1/sbin/start-slave.sh spark://nid00677:7077
nid00722: doing ssh -o StrictHostKeyChecking=no nid00722  cd /global/common/cori/software/spark/1.5.1/sbin/.. ; /usr/common/software/spark/1.5.1/sbin/start-slave.sh spark://nid00677:7077
nid00723: doing ssh -o StrictHostKeyChecking=no nid00723  cd /global/common/cori/software/spark/1.5.1/sbin/.. ; /usr/common/software/spark/1.5.1/sbin/start-slave.sh spark://nid00677:7077
nid00724: doing ssh -o StrictHostKeyChecking=no nid00724  cd /global/common/cori/software/spark/1.5.1/sbin/.. ; /usr/common/software/spark/1.5.1/sbin/start-slave.sh spark://nid00677:7077
nid00807: doing ssh -o StrictHostKeyChecking=no nid00807  cd /global/common/cori/software/spark/1.5.1/sbin/.. ; /usr/common/software/spark/1.5.1/sbin/start-slave.sh spark://nid00677:7077
nid00826: doing ssh -o StrictHostKeyChecking=no nid00826  cd /global/common/cori/software/spark/1.5.1/sbin/.. ; /usr/common/software/spark/1.5.1/sbin/start-slave.sh spark://nid00677:7077
nid01008: doing ssh -o StrictHostKeyChecking=no nid01008  cd /global/common/cori/software/spark/1.5.1/sbin/.. ; /usr/common/software/spark/1.5.1/sbin/start-slave.sh spark://nid00677:7077
nid01010: doing ssh -o StrictHostKeyChecking=no nid01010  cd /global/common/cori/software/spark/1.5.1/sbin/.. ; /usr/common/software/spark/1.5.1/sbin/start-slave.sh spark://nid00677:7077
nid01011: doing ssh -o StrictHostKeyChecking=no nid01011  cd /global/common/cori/software/spark/1.5.1/sbin/.. ; /usr/common/software/spark/1.5.1/sbin/start-slave.sh spark://nid00677:7077
nid01012: doing ssh -o StrictHostKeyChecking=no nid01012  cd /global/common/cori/software/spark/1.5.1/sbin/.. ; /usr/common/software/spark/1.5.1/sbin/start-slave.sh spark://nid00677:7077
nid01013: doing ssh -o StrictHostKeyChecking=no nid01013  cd /global/common/cori/software/spark/1.5.1/sbin/.. ; /usr/common/software/spark/1.5.1/sbin/start-slave.sh spark://nid00677:7077
nid01014: doing ssh -o StrictHostKeyChecking=no nid01014  cd /global/common/cori/software/spark/1.5.1/sbin/.. ; /usr/common/software/spark/1.5.1/sbin/start-slave.sh spark://nid00677:7077
nid01015: doing ssh -o StrictHostKeyChecking=no nid01015  cd /global/common/cori/software/spark/1.5.1/sbin/.. ; /usr/common/software/spark/1.5.1/sbin/start-slave.sh spark://nid00677:7077
nid01016: doing ssh -o StrictHostKeyChecking=no nid01016  cd /global/common/cori/software/spark/1.5.1/sbin/.. ; /usr/common/software/spark/1.5.1/sbin/start-slave.sh spark://nid00677:7077
nid01017: doing ssh -o StrictHostKeyChecking=no nid01017  cd /global/common/cori/software/spark/1.5.1/sbin/.. ; /usr/common/software/spark/1.5.1/sbin/start-slave.sh spark://nid00677:7077
nid01018: doing ssh -o StrictHostKeyChecking=no nid01018  cd /global/common/cori/software/spark/1.5.1/sbin/.. ; /usr/common/software/spark/1.5.1/sbin/start-slave.sh spark://nid00677:7077
nid01019: doing ssh -o StrictHostKeyChecking=no nid01019  cd /global/common/cori/software/spark/1.5.1/sbin/.. ; /usr/common/software/spark/1.5.1/sbin/start-slave.sh spark://nid00677:7077
nid01020: doing ssh -o StrictHostKeyChecking=no nid01020  cd /global/common/cori/software/spark/1.5.1/sbin/.. ; /usr/common/software/spark/1.5.1/sbin/start-slave.sh spark://nid00677:7077
nid01021: doing ssh -o StrictHostKeyChecking=no nid01021  cd /global/common/cori/software/spark/1.5.1/sbin/.. ; /usr/common/software/spark/1.5.1/sbin/start-slave.sh spark://nid00677:7077
nid01022: doing ssh -o StrictHostKeyChecking=no nid01022  cd /global/common/cori/software/spark/1.5.1/sbin/.. ; /usr/common/software/spark/1.5.1/sbin/start-slave.sh spark://nid00677:7077
nid01023: doing ssh -o StrictHostKeyChecking=no nid01023  cd /global/common/cori/software/spark/1.5.1/sbin/.. ; /usr/common/software/spark/1.5.1/sbin/start-slave.sh spark://nid00677:7077
nid01040: doing ssh -o StrictHostKeyChecking=no nid01040  cd /global/common/cori/software/spark/1.5.1/sbin/.. ; /usr/common/software/spark/1.5.1/sbin/start-slave.sh spark://nid00677:7077
nid01041: doing ssh -o StrictHostKeyChecking=no nid01041  cd /global/common/cori/software/spark/1.5.1/sbin/.. ; /usr/common/software/spark/1.5.1/sbin/start-slave.sh spark://nid00677:7077
nid01058: doing ssh -o StrictHostKeyChecking=no nid01058  cd /global/common/cori/software/spark/1.5.1/sbin/.. ; /usr/common/software/spark/1.5.1/sbin/start-slave.sh spark://nid00677:7077
nid01059: doing ssh -o StrictHostKeyChecking=no nid01059  cd /global/common/cori/software/spark/1.5.1/sbin/.. ; /usr/common/software/spark/1.5.1/sbin/start-slave.sh spark://nid00677:7077
nid01060: doing ssh -o StrictHostKeyChecking=no nid01060  cd /global/common/cori/software/spark/1.5.1/sbin/.. ; /usr/common/software/spark/1.5.1/sbin/start-slave.sh spark://nid00677:7077
nid01061: doing ssh -o StrictHostKeyChecking=no nid01061  cd /global/common/cori/software/spark/1.5.1/sbin/.. ; /usr/common/software/spark/1.5.1/sbin/start-slave.sh spark://nid00677:7077
nid01616: doing ssh -o StrictHostKeyChecking=no nid01616  cd /global/common/cori/software/spark/1.5.1/sbin/.. ; /usr/common/software/spark/1.5.1/sbin/start-slave.sh spark://nid00677:7077
nid02073: doing ssh -o StrictHostKeyChecking=no nid02073  cd /global/common/cori/software/spark/1.5.1/sbin/.. ; /usr/common/software/spark/1.5.1/sbin/start-slave.sh spark://nid00677:7077
nid02196: doing ssh -o StrictHostKeyChecking=no nid02196  cd /global/common/cori/software/spark/1.5.1/sbin/.. ; /usr/common/software/spark/1.5.1/sbin/start-slave.sh spark://nid00677:7077
nid02197: doing ssh -o StrictHostKeyChecking=no nid02197  cd /global/common/cori/software/spark/1.5.1/sbin/.. ; /usr/common/software/spark/1.5.1/sbin/start-slave.sh spark://nid00677:7077
nid02210: doing ssh -o StrictHostKeyChecking=no nid02210  cd /global/common/cori/software/spark/1.5.1/sbin/.. ; /usr/common/software/spark/1.5.1/sbin/start-slave.sh spark://nid00677:7077
nid00678: @@@@@@@@@@@@@@@@@@@@@@@@@@@@@@@@@@@@@@@@@@@@@@@@@@@@@@@@@@@
nid00678: @    WARNING: REMOTE HOST IDENTIFICATION HAS CHANGED!     @
nid00678: @@@@@@@@@@@@@@@@@@@@@@@@@@@@@@@@@@@@@@@@@@@@@@@@@@@@@@@@@@@
nid00678: IT IS POSSIBLE THAT SOMEONE IS DOING SOMETHING NASTY!
nid00678: Someone could be eavesdropping on you right now (man-in-the-middle attack)!
nid00678: It is also possible that a host key has just been changed.
nid00678: The fingerprint for the ECDSA key sent by the remote host is
nid00678: SHA256:T5IDd3VyHdfvlOKzot3AKRA/HRLDDCsp3NHaZrQcHBM.
nid00678: Please contact your system administrator.
nid00678: Add correct host key in /global/homes/q/qpzhang/.ssh/known_hosts to get rid of this message.
nid00678: Offending ECDSA key in /global/homes/q/qpzhang/.ssh/known_hosts:176
nid00678: Password authentication is disabled to avoid man-in-the-middle attacks.
nid00678: Keyboard-interactive authentication is disabled to avoid man-in-the-middle attacks.
nid00678: starting org.apache.spark.deploy.worker.Worker, logging to /global/cscratch1/sd/qpzhang/spark/2273580/sparklogs/spark-qpzhang-org.apache.spark.deploy.worker.Worker-1-nid00677.out
nid00679: @@@@@@@@@@@@@@@@@@@@@@@@@@@@@@@@@@@@@@@@@@@@@@@@@@@@@@@@@@@
nid00679: @    WARNING: REMOTE HOST IDENTIFICATION HAS CHANGED!     @
nid00679: @@@@@@@@@@@@@@@@@@@@@@@@@@@@@@@@@@@@@@@@@@@@@@@@@@@@@@@@@@@
nid00679: IT IS POSSIBLE THAT SOMEONE IS DOING SOMETHING NASTY!
nid00679: Someone could be eavesdropping on you right now (man-in-the-middle attack)!
nid00679: It is also possible that a host key has just been changed.
nid00679: The fingerprint for the ECDSA key sent by the remote host is
nid00679: SHA256:V8IUuKSKDmP/GYmWHG4lUgxQpcBWiRzOHX5LChrqkiU.
nid00679: Please contact your system administrator.
nid00679: Add correct host key in /global/homes/q/qpzhang/.ssh/known_hosts to get rid of this message.
nid00679: Offending ECDSA key in /global/homes/q/qpzhang/.ssh/known_hosts:177
nid00679: Password authentication is disabled to avoid man-in-the-middle attacks.
nid00679: Keyboard-interactive authentication is disabled to avoid man-in-the-middle attacks.
nid00679: starting org.apache.spark.deploy.worker.Worker, logging to /global/cscratch1/sd/qpzhang/spark/2273580/sparklogs/spark-qpzhang-org.apache.spark.deploy.worker.Worker-1-nid00677.out
nid01008: Warning: Permanently added '[nid01008]:204,[10.128.3.247]:204' (ECDSA) to the list of known hosts.
nid01008: starting org.apache.spark.deploy.worker.Worker, logging to /global/cscratch1/sd/qpzhang/spark/2273580/sparklogs/spark-qpzhang-org.apache.spark.deploy.worker.Worker-1-nid00677.out
nid00682: Warning: Permanently added '[nid00682]:204,[10.128.2.175]:204' (ECDSA) to the list of known hosts.
nid00682: starting org.apache.spark.deploy.worker.Worker, logging to /global/cscratch1/sd/qpzhang/spark/2273580/sparklogs/spark-qpzhang-org.apache.spark.deploy.worker.Worker-1-nid00677.out
nid00721: @@@@@@@@@@@@@@@@@@@@@@@@@@@@@@@@@@@@@@@@@@@@@@@@@@@@@@@@@@@
nid00721: @    WARNING: REMOTE HOST IDENTIFICATION HAS CHANGED!     @
nid00721: @@@@@@@@@@@@@@@@@@@@@@@@@@@@@@@@@@@@@@@@@@@@@@@@@@@@@@@@@@@
nid00721: IT IS POSSIBLE THAT SOMEONE IS DOING SOMETHING NASTY!
nid00721: Someone could be eavesdropping on you right now (man-in-the-middle attack)!
nid00721: It is also possible that a host key has just been changed.
nid00721: The fingerprint for the ECDSA key sent by the remote host is
nid00721: SHA256:bOm0qq41KT+DyGdxfhJRI13YpzAg4PgD2W8taZyK8/U.
nid00721: Please contact your system administrator.
nid00721: Add correct host key in /global/homes/q/qpzhang/.ssh/known_hosts to get rid of this message.
nid00721: Offending ECDSA key in /global/homes/q/qpzhang/.ssh/known_hosts:975
nid00721: Password authentication is disabled to avoid man-in-the-middle attacks.
nid00721: Keyboard-interactive authentication is disabled to avoid man-in-the-middle attacks.
nid00721: starting org.apache.spark.deploy.worker.Worker, logging to /global/cscratch1/sd/qpzhang/spark/2273580/sparklogs/spark-qpzhang-org.apache.spark.deploy.worker.Worker-1-nid00677.out
nid00723: Warning: Permanently added '[nid00723]:204,[10.128.2.216]:204' (ECDSA) to the list of known hosts.
nid00723: starting org.apache.spark.deploy.worker.Worker, logging to /global/cscratch1/sd/qpzhang/spark/2273580/sparklogs/spark-qpzhang-org.apache.spark.deploy.worker.Worker-1-nid00677.out
nid00684: Warning: Permanently added '[nid00684]:204,[10.128.2.177]:204' (ECDSA) to the list of known hosts.
nid00684: starting org.apache.spark.deploy.worker.Worker, logging to /global/cscratch1/sd/qpzhang/spark/2273580/sparklogs/spark-qpzhang-org.apache.spark.deploy.worker.Worker-1-nid00677.out
nid00724: Warning: Permanently added '[nid00724]:204,[10.128.2.217]:204' (ECDSA) to the list of known hosts.
nid00724: starting org.apache.spark.deploy.worker.Worker, logging to /global/cscratch1/sd/qpzhang/spark/2273580/sparklogs/spark-qpzhang-org.apache.spark.deploy.worker.Worker-1-nid00677.out
nid00683: Warning: Permanently added '[nid00683]:204,[10.128.2.176]:204' (ECDSA) to the list of known hosts.
nid00683: starting org.apache.spark.deploy.worker.Worker, logging to /global/cscratch1/sd/qpzhang/spark/2273580/sparklogs/spark-qpzhang-org.apache.spark.deploy.worker.Worker-1-nid00677.out
nid00722: @@@@@@@@@@@@@@@@@@@@@@@@@@@@@@@@@@@@@@@@@@@@@@@@@@@@@@@@@@@
nid00722: @    WARNING: REMOTE HOST IDENTIFICATION HAS CHANGED!     @
nid00722: @@@@@@@@@@@@@@@@@@@@@@@@@@@@@@@@@@@@@@@@@@@@@@@@@@@@@@@@@@@
nid00722: IT IS POSSIBLE THAT SOMEONE IS DOING SOMETHING NASTY!
nid00722: Someone could be eavesdropping on you right now (man-in-the-middle attack)!
nid00722: It is also possible that a host key has just been changed.
nid00722: The fingerprint for the ECDSA key sent by the remote host is
nid00722: SHA256:U6yEfnhxrWnKDUG/oWCGaNrO3sdgsaHzwCjigOOiQ9Q.
nid00722: Please contact your system administrator.
nid00722: Add correct host key in /global/homes/q/qpzhang/.ssh/known_hosts to get rid of this message.
nid00722: Offending ECDSA key in /global/homes/q/qpzhang/.ssh/known_hosts:976
nid00722: Password authentication is disabled to avoid man-in-the-middle attacks.
nid00722: Keyboard-interactive authentication is disabled to avoid man-in-the-middle attacks.
nid00722: mv: cannot stat `/global/cscratch1/sd/qpzhang/spark/2273580/sparklogs/spark-qpzhang-org.apache.spark.deploy.worker.Worker-1-nid00677.out': No such file or directory
nid00722: starting org.apache.spark.deploy.worker.Worker, logging to /global/cscratch1/sd/qpzhang/spark/2273580/sparklogs/spark-qpzhang-org.apache.spark.deploy.worker.Worker-1-nid00677.out
nid01016: @@@@@@@@@@@@@@@@@@@@@@@@@@@@@@@@@@@@@@@@@@@@@@@@@@@@@@@@@@@
nid01016: @    WARNING: REMOTE HOST IDENTIFICATION HAS CHANGED!     @
nid01016: @@@@@@@@@@@@@@@@@@@@@@@@@@@@@@@@@@@@@@@@@@@@@@@@@@@@@@@@@@@
nid01016: IT IS POSSIBLE THAT SOMEONE IS DOING SOMETHING NASTY!
nid01016: Someone could be eavesdropping on you right now (man-in-the-middle attack)!
nid01016: It is also possible that a host key has just been changed.
nid01016: The fingerprint for the ECDSA key sent by the remote host is
nid01016: SHA256:eDYs+rtddBVBf4D676UH/aZbEbGdfeJxzRgaP2Va2vI.
nid01016: Please contact your system administrator.
nid01016: Add correct host key in /global/homes/q/qpzhang/.ssh/known_hosts to get rid of this message.
nid01016: Offending ECDSA key in /global/homes/q/qpzhang/.ssh/known_hosts:386
nid01016: Password authentication is disabled to avoid man-in-the-middle attacks.
nid01016: Keyboard-interactive authentication is disabled to avoid man-in-the-middle attacks.
nid01016: starting org.apache.spark.deploy.worker.Worker, logging to /global/cscratch1/sd/qpzhang/spark/2273580/sparklogs/spark-qpzhang-org.apache.spark.deploy.worker.Worker-1-nid00677.out
nid00826: Warning: Permanently added '[nid00826]:204,[10.128.3.65]:204' (ECDSA) to the list of known hosts.
nid00826: mv: cannot stat `/global/cscratch1/sd/qpzhang/spark/2273580/sparklogs/spark-qpzhang-org.apache.spark.deploy.worker.Worker-1-nid00677.out.1': No such file or directory
nid00826: mv: cannot stat `/global/cscratch1/sd/qpzhang/spark/2273580/sparklogs/spark-qpzhang-org.apache.spark.deploy.worker.Worker-1-nid00677.out': No such file or directory
nid00826: starting org.apache.spark.deploy.worker.Worker, logging to /global/cscratch1/sd/qpzhang/spark/2273580/sparklogs/spark-qpzhang-org.apache.spark.deploy.worker.Worker-1-nid00677.out
nid00680: Warning: Permanently added '[nid00680]:204,[10.128.2.173]:204' (ECDSA) to the list of known hosts.
nid00680: starting org.apache.spark.deploy.worker.Worker, logging to /global/cscratch1/sd/qpzhang/spark/2273580/sparklogs/spark-qpzhang-org.apache.spark.deploy.worker.Worker-1-nid00677.out
nid00681: Warning: Permanently added '[nid00681]:204,[10.128.2.174]:204' (ECDSA) to the list of known hosts.
nid00681: starting org.apache.spark.deploy.worker.Worker, logging to /global/cscratch1/sd/qpzhang/spark/2273580/sparklogs/spark-qpzhang-org.apache.spark.deploy.worker.Worker-1-nid00677.out
nid01019: @@@@@@@@@@@@@@@@@@@@@@@@@@@@@@@@@@@@@@@@@@@@@@@@@@@@@@@@@@@
nid01019: @    WARNING: REMOTE HOST IDENTIFICATION HAS CHANGED!     @
nid01019: @@@@@@@@@@@@@@@@@@@@@@@@@@@@@@@@@@@@@@@@@@@@@@@@@@@@@@@@@@@
nid01019: IT IS POSSIBLE THAT SOMEONE IS DOING SOMETHING NASTY!
nid01019: Someone could be eavesdropping on you right now (man-in-the-middle attack)!
nid01019: It is also possible that a host key has just been changed.
nid01019: The fingerprint for the ECDSA key sent by the remote host is
nid01019: SHA256:GE5bdaKuV8X8xDZx9+5x9F9AKO0YXJGV1DJy3ncI25M.
nid01019: Please contact your system administrator.
nid01019: Add correct host key in /global/homes/q/qpzhang/.ssh/known_hosts to get rid of this message.
nid01019: Offending ECDSA key in /global/homes/q/qpzhang/.ssh/known_hosts:389
nid01019: Password authentication is disabled to avoid man-in-the-middle attacks.
nid01019: Keyboard-interactive authentication is disabled to avoid man-in-the-middle attacks.
nid01019: mv: cannot stat `/global/cscratch1/sd/qpzhang/spark/2273580/sparklogs/spark-qpzhang-org.apache.spark.deploy.worker.Worker-1-nid00677.out.2': No such file or directory
nid01019: mv: cannot stat `/global/cscratch1/sd/qpzhang/spark/2273580/sparklogs/spark-qpzhang-org.apache.spark.deploy.worker.Worker-1-nid00677.out': No such file or directory
nid01019: starting org.apache.spark.deploy.worker.Worker, logging to /global/cscratch1/sd/qpzhang/spark/2273580/sparklogs/spark-qpzhang-org.apache.spark.deploy.worker.Worker-1-nid00677.out
nid01017: @@@@@@@@@@@@@@@@@@@@@@@@@@@@@@@@@@@@@@@@@@@@@@@@@@@@@@@@@@@
nid01017: @    WARNING: REMOTE HOST IDENTIFICATION HAS CHANGED!     @
nid01017: @@@@@@@@@@@@@@@@@@@@@@@@@@@@@@@@@@@@@@@@@@@@@@@@@@@@@@@@@@@
nid01017: IT IS POSSIBLE THAT SOMEONE IS DOING SOMETHING NASTY!
nid01017: Someone could be eavesdropping on you right now (man-in-the-middle attack)!
nid01017: It is also possible that a host key has just been changed.
nid01017: The fingerprint for the ECDSA key sent by the remote host is
nid01017: SHA256:Ook4bYUNXDwuBJ1j4OGWHOcpZFPSfl8gO5z5PMPxato.
nid01017: Please contact your system administrator.
nid01017: Add correct host key in /global/homes/q/qpzhang/.ssh/known_hosts to get rid of this message.
nid01017: Offending ECDSA key in /global/homes/q/qpzhang/.ssh/known_hosts:387
nid01017: Password authentication is disabled to avoid man-in-the-middle attacks.
nid01017: Keyboard-interactive authentication is disabled to avoid man-in-the-middle attacks.
nid01017: starting org.apache.spark.deploy.worker.Worker, logging to /global/cscratch1/sd/qpzhang/spark/2273580/sparklogs/spark-qpzhang-org.apache.spark.deploy.worker.Worker-1-nid00677.out
nid00807: Warning: Permanently added '[nid00807]:204,[10.128.3.46]:204' (ECDSA) to the list of known hosts.
nid00807: mv: cannot stat `/global/cscratch1/sd/qpzhang/spark/2273580/sparklogs/spark-qpzhang-org.apache.spark.deploy.worker.Worker-1-nid00677.out.1': No such file or directory
nid00807: starting org.apache.spark.deploy.worker.Worker, logging to /global/cscratch1/sd/qpzhang/spark/2273580/sparklogs/spark-qpzhang-org.apache.spark.deploy.worker.Worker-1-nid00677.out
nid01010: Warning: Permanently added '[nid01010]:204,[10.128.3.249]:204' (ECDSA) to the list of known hosts.
nid01010: mv: cannot stat `/global/cscratch1/sd/qpzhang/spark/2273580/sparklogs/spark-qpzhang-org.apache.spark.deploy.worker.Worker-1-nid00677.out.2': No such file or directory
nid01010: mv: cannot stat `/global/cscratch1/sd/qpzhang/spark/2273580/sparklogs/spark-qpzhang-org.apache.spark.deploy.worker.Worker-1-nid00677.out.1': No such file or directory
nid01010: mv: `/global/cscratch1/sd/qpzhang/spark/2273580/sparklogs/spark-qpzhang-org.apache.spark.deploy.worker.Worker-1-nid00677.out' and `/global/cscratch1/sd/qpzhang/spark/2273580/sparklogs/spark-qpzhang-org.apache.spark.deploy.worker.Worker-1-nid00677.out.1' are the same file
nid01010: starting org.apache.spark.deploy.worker.Worker, logging to /global/cscratch1/sd/qpzhang/spark/2273580/sparklogs/spark-qpzhang-org.apache.spark.deploy.worker.Worker-1-nid00677.out
nid01012: @@@@@@@@@@@@@@@@@@@@@@@@@@@@@@@@@@@@@@@@@@@@@@@@@@@@@@@@@@@
nid01012: @    WARNING: REMOTE HOST IDENTIFICATION HAS CHANGED!     @
nid01012: @@@@@@@@@@@@@@@@@@@@@@@@@@@@@@@@@@@@@@@@@@@@@@@@@@@@@@@@@@@
nid01012: IT IS POSSIBLE THAT SOMEONE IS DOING SOMETHING NASTY!
nid01012: Someone could be eavesdropping on you right now (man-in-the-middle attack)!
nid01012: It is also possible that a host key has just been changed.
nid01012: The fingerprint for the ECDSA key sent by the remote host is
nid01012: SHA256:EJbazv4WSHoidbp0fdrMQ5kJgoQtG/nfTj+FfhhM1SI.
nid01012: Please contact your system administrator.
nid01012: Add correct host key in /global/homes/q/qpzhang/.ssh/known_hosts to get rid of this message.
nid01012: Offending ECDSA key in /global/homes/q/qpzhang/.ssh/known_hosts:382
nid01012: Password authentication is disabled to avoid man-in-the-middle attacks.
nid01012: Keyboard-interactive authentication is disabled to avoid man-in-the-middle attacks.
nid01012: mv: cannot stat `/global/cscratch1/sd/qpzhang/spark/2273580/sparklogs/spark-qpzhang-org.apache.spark.deploy.worker.Worker-1-nid00677.out.1': No such file or directory
nid01012: mv: cannot stat `/global/cscratch1/sd/qpzhang/spark/2273580/sparklogs/spark-qpzhang-org.apache.spark.deploy.worker.Worker-1-nid00677.out': No such file or directory
nid01012: starting org.apache.spark.deploy.worker.Worker, logging to /global/cscratch1/sd/qpzhang/spark/2273580/sparklogs/spark-qpzhang-org.apache.spark.deploy.worker.Worker-1-nid00677.out
nid01060: @@@@@@@@@@@@@@@@@@@@@@@@@@@@@@@@@@@@@@@@@@@@@@@@@@@@@@@@@@@
nid01060: @    WARNING: REMOTE HOST IDENTIFICATION HAS CHANGED!     @
nid01060: @@@@@@@@@@@@@@@@@@@@@@@@@@@@@@@@@@@@@@@@@@@@@@@@@@@@@@@@@@@
nid01060: IT IS POSSIBLE THAT SOMEONE IS DOING SOMETHING NASTY!
nid01060: Someone could be eavesdropping on you right now (man-in-the-middle attack)!
nid01060: It is also possible that a host key has just been changed.
nid01060: The fingerprint for the ECDSA key sent by the remote host is
nid01060: SHA256:/WgVbVvw3Ij4SGAifn+3EdO7MP6yiHEUKrE1hbgtNrg.
nid01060: Please contact your system administrator.
nid01060: Add correct host key in /global/homes/q/qpzhang/.ssh/known_hosts to get rid of this message.
nid01060: Offending ECDSA key in /global/homes/q/qpzhang/.ssh/known_hosts:345
nid01060: Password authentication is disabled to avoid man-in-the-middle attacks.
nid01060: Keyboard-interactive authentication is disabled to avoid man-in-the-middle attacks.
nid01060: starting org.apache.spark.deploy.worker.Worker, logging to /global/cscratch1/sd/qpzhang/spark/2273580/sparklogs/spark-qpzhang-org.apache.spark.deploy.worker.Worker-1-nid00677.out
nid01011: Warning: Permanently added '[nid01011]:204,[10.128.3.250]:204' (ECDSA) to the list of known hosts.
nid01011: mv: cannot stat `/global/cscratch1/sd/qpzhang/spark/2273580/sparklogs/spark-qpzhang-org.apache.spark.deploy.worker.Worker-1-nid00677.out.1': No such file or directory
nid01011: mv: cannot stat `/global/cscratch1/sd/qpzhang/spark/2273580/sparklogs/spark-qpzhang-org.apache.spark.deploy.worker.Worker-1-nid00677.out': No such file or directory
nid01011: starting org.apache.spark.deploy.worker.Worker, logging to /global/cscratch1/sd/qpzhang/spark/2273580/sparklogs/spark-qpzhang-org.apache.spark.deploy.worker.Worker-1-nid00677.out
nid01020: @@@@@@@@@@@@@@@@@@@@@@@@@@@@@@@@@@@@@@@@@@@@@@@@@@@@@@@@@@@
nid01020: @    WARNING: REMOTE HOST IDENTIFICATION HAS CHANGED!     @
nid01020: @@@@@@@@@@@@@@@@@@@@@@@@@@@@@@@@@@@@@@@@@@@@@@@@@@@@@@@@@@@
nid01020: IT IS POSSIBLE THAT SOMEONE IS DOING SOMETHING NASTY!
nid01020: Someone could be eavesdropping on you right now (man-in-the-middle attack)!
nid01020: It is also possible that a host key has just been changed.
nid01020: The fingerprint for the ECDSA key sent by the remote host is
nid01020: SHA256:5wxbfle7xwlUxsZqzp2xZoPXOATg6Col0PEWt4K4Q5k.
nid01020: Please contact your system administrator.
nid01020: Add correct host key in /global/homes/q/qpzhang/.ssh/known_hosts to get rid of this message.
nid01020: Offending ECDSA key in /global/homes/q/qpzhang/.ssh/known_hosts:391
nid01020: Password authentication is disabled to avoid man-in-the-middle attacks.
nid01020: Keyboard-interactive authentication is disabled to avoid man-in-the-middle attacks.
nid01020: starting org.apache.spark.deploy.worker.Worker, logging to /global/cscratch1/sd/qpzhang/spark/2273580/sparklogs/spark-qpzhang-org.apache.spark.deploy.worker.Worker-1-nid00677.out
nid01013: @@@@@@@@@@@@@@@@@@@@@@@@@@@@@@@@@@@@@@@@@@@@@@@@@@@@@@@@@@@
nid01013: @    WARNING: REMOTE HOST IDENTIFICATION HAS CHANGED!     @
nid01013: @@@@@@@@@@@@@@@@@@@@@@@@@@@@@@@@@@@@@@@@@@@@@@@@@@@@@@@@@@@
nid01013: IT IS POSSIBLE THAT SOMEONE IS DOING SOMETHING NASTY!
nid01013: Someone could be eavesdropping on you right now (man-in-the-middle attack)!
nid01013: It is also possible that a host key has just been changed.
nid01013: The fingerprint for the ECDSA key sent by the remote host is
nid01013: SHA256:xUWgpgIaajatA0b2mLURYahPUhqjIOrZkEosUGd8s2k.
nid01013: Please contact your system administrator.
nid01013: Add correct host key in /global/homes/q/qpzhang/.ssh/known_hosts to get rid of this message.
nid01013: Offending ECDSA key in /global/homes/q/qpzhang/.ssh/known_hosts:384
nid01013: Password authentication is disabled to avoid man-in-the-middle attacks.
nid01013: Keyboard-interactive authentication is disabled to avoid man-in-the-middle attacks.
nid01013: mv: cannot stat `/global/cscratch1/sd/qpzhang/spark/2273580/sparklogs/spark-qpzhang-org.apache.spark.deploy.worker.Worker-1-nid00677.out.3': No such file or directory
nid01013: mv: cannot stat `/global/cscratch1/sd/qpzhang/spark/2273580/sparklogs/spark-qpzhang-org.apache.spark.deploy.worker.Worker-1-nid00677.out': No such file or directory
nid01013: starting org.apache.spark.deploy.worker.Worker, logging to /global/cscratch1/sd/qpzhang/spark/2273580/sparklogs/spark-qpzhang-org.apache.spark.deploy.worker.Worker-1-nid00677.out
nid01022: @@@@@@@@@@@@@@@@@@@@@@@@@@@@@@@@@@@@@@@@@@@@@@@@@@@@@@@@@@@
nid01022: @    WARNING: REMOTE HOST IDENTIFICATION HAS CHANGED!     @
nid01022: @@@@@@@@@@@@@@@@@@@@@@@@@@@@@@@@@@@@@@@@@@@@@@@@@@@@@@@@@@@
nid01022: IT IS POSSIBLE THAT SOMEONE IS DOING SOMETHING NASTY!
nid01022: Someone could be eavesdropping on you right now (man-in-the-middle attack)!
nid01022: It is also possible that a host key has just been changed.
nid01022: The fingerprint for the ECDSA key sent by the remote host is
nid01022: SHA256:WIiedegkow0sgugJppk4SXNKTEVr8Y7LIuDehAZSqmA.
nid01022: Please contact your system administrator.
nid01022: Add correct host key in /global/homes/q/qpzhang/.ssh/known_hosts to get rid of this message.
nid01022: Offending ECDSA key in /global/homes/q/qpzhang/.ssh/known_hosts:212
nid01022: Password authentication is disabled to avoid man-in-the-middle attacks.
nid01022: Keyboard-interactive authentication is disabled to avoid man-in-the-middle attacks.
nid01022: mv: cannot stat `/global/cscratch1/sd/qpzhang/spark/2273580/sparklogs/spark-qpzhang-org.apache.spark.deploy.worker.Worker-1-nid00677.out.3': No such file or directory
nid01022: mv: cannot stat `/global/cscratch1/sd/qpzhang/spark/2273580/sparklogs/spark-qpzhang-org.apache.spark.deploy.worker.Worker-1-nid00677.out.2': No such file or directory
nid01022: mv: cannot stat `/global/cscratch1/sd/qpzhang/spark/2273580/sparklogs/spark-qpzhang-org.apache.spark.deploy.worker.Worker-1-nid00677.out.1': No such file or directory
nid01022: mv: cannot stat `/global/cscratch1/sd/qpzhang/spark/2273580/sparklogs/spark-qpzhang-org.apache.spark.deploy.worker.Worker-1-nid00677.out': No such file or directory
nid01022: starting org.apache.spark.deploy.worker.Worker, logging to /global/cscratch1/sd/qpzhang/spark/2273580/sparklogs/spark-qpzhang-org.apache.spark.deploy.worker.Worker-1-nid00677.out
nid01021: @@@@@@@@@@@@@@@@@@@@@@@@@@@@@@@@@@@@@@@@@@@@@@@@@@@@@@@@@@@
nid01021: @    WARNING: REMOTE HOST IDENTIFICATION HAS CHANGED!     @
nid01021: @@@@@@@@@@@@@@@@@@@@@@@@@@@@@@@@@@@@@@@@@@@@@@@@@@@@@@@@@@@
nid01021: IT IS POSSIBLE THAT SOMEONE IS DOING SOMETHING NASTY!
nid01021: Someone could be eavesdropping on you right now (man-in-the-middle attack)!
nid01021: It is also possible that a host key has just been changed.
nid01021: The fingerprint for the ECDSA key sent by the remote host is
nid01021: SHA256:yWLc8UBEQd4u+YMRPS8p1mVuXieszdH4p+L8ByoHUK0.
nid01021: Please contact your system administrator.
nid01021: Add correct host key in /global/homes/q/qpzhang/.ssh/known_hosts to get rid of this message.
nid01021: Offending ECDSA key in /global/homes/q/qpzhang/.ssh/known_hosts:390
nid01021: Password authentication is disabled to avoid man-in-the-middle attacks.
nid01021: Keyboard-interactive authentication is disabled to avoid man-in-the-middle attacks.
nid01021: mv: cannot stat `/global/cscratch1/sd/qpzhang/spark/2273580/sparklogs/spark-qpzhang-org.apache.spark.deploy.worker.Worker-1-nid00677.out.3': No such file or directory
nid01021: mv: cannot stat `/global/cscratch1/sd/qpzhang/spark/2273580/sparklogs/spark-qpzhang-org.apache.spark.deploy.worker.Worker-1-nid00677.out.2': No such file or directory
nid01021: mv: cannot stat `/global/cscratch1/sd/qpzhang/spark/2273580/sparklogs/spark-qpzhang-org.apache.spark.deploy.worker.Worker-1-nid00677.out.1': No such file or directory
nid01021: starting org.apache.spark.deploy.worker.Worker, logging to /global/cscratch1/sd/qpzhang/spark/2273580/sparklogs/spark-qpzhang-org.apache.spark.deploy.worker.Worker-1-nid00677.out
nid01015: @@@@@@@@@@@@@@@@@@@@@@@@@@@@@@@@@@@@@@@@@@@@@@@@@@@@@@@@@@@
nid01015: @    WARNING: REMOTE HOST IDENTIFICATION HAS CHANGED!     @
nid01015: @@@@@@@@@@@@@@@@@@@@@@@@@@@@@@@@@@@@@@@@@@@@@@@@@@@@@@@@@@@
nid01015: IT IS POSSIBLE THAT SOMEONE IS DOING SOMETHING NASTY!
nid01015: Someone could be eavesdropping on you right now (man-in-the-middle attack)!
nid01015: It is also possible that a host key has just been changed.
nid01015: The fingerprint for the ECDSA key sent by the remote host is
nid01015: SHA256:lIEspfsV1WBpn6UC3wvHE0GpVTnZshtC9715OD3yIc8.
nid01015: Please contact your system administrator.
nid01015: Add correct host key in /global/homes/q/qpzhang/.ssh/known_hosts to get rid of this message.
nid01015: Offending ECDSA key in /global/homes/q/qpzhang/.ssh/known_hosts:385
nid01015: Password authentication is disabled to avoid man-in-the-middle attacks.
nid01015: Keyboard-interactive authentication is disabled to avoid man-in-the-middle attacks.
nid01015: mv: cannot stat `/global/cscratch1/sd/qpzhang/spark/2273580/sparklogs/spark-qpzhang-org.apache.spark.deploy.worker.Worker-1-nid00677.out.3': No such file or directory
nid01015: mv: cannot stat `/global/cscratch1/sd/qpzhang/spark/2273580/sparklogs/spark-qpzhang-org.apache.spark.deploy.worker.Worker-1-nid00677.out.1': No such file or directory
nid01015: mv: cannot stat `/global/cscratch1/sd/qpzhang/spark/2273580/sparklogs/spark-qpzhang-org.apache.spark.deploy.worker.Worker-1-nid00677.out': No such file or directory
nid01015: starting org.apache.spark.deploy.worker.Worker, logging to /global/cscratch1/sd/qpzhang/spark/2273580/sparklogs/spark-qpzhang-org.apache.spark.deploy.worker.Worker-1-nid00677.out
nid01059: @@@@@@@@@@@@@@@@@@@@@@@@@@@@@@@@@@@@@@@@@@@@@@@@@@@@@@@@@@@
nid01059: @    WARNING: REMOTE HOST IDENTIFICATION HAS CHANGED!     @
nid01059: @@@@@@@@@@@@@@@@@@@@@@@@@@@@@@@@@@@@@@@@@@@@@@@@@@@@@@@@@@@
nid01059: IT IS POSSIBLE THAT SOMEONE IS DOING SOMETHING NASTY!
nid01059: Someone could be eavesdropping on you right now (man-in-the-middle attack)!
nid01059: It is also possible that a host key has just been changed.
nid01059: The fingerprint for the ECDSA key sent by the remote host is
nid01059: SHA256:13pEY0hmydpBcGyn1/rsK1/5iBd/mSAjoQmaDDkDsco.
nid01059: Please contact your system administrator.
nid01059: Add correct host key in /global/homes/q/qpzhang/.ssh/known_hosts to get rid of this message.
nid01059: Offending ECDSA key in /global/homes/q/qpzhang/.ssh/known_hosts:344
nid01059: Password authentication is disabled to avoid man-in-the-middle attacks.
nid01059: Keyboard-interactive authentication is disabled to avoid man-in-the-middle attacks.
nid01059: starting org.apache.spark.deploy.worker.Worker, logging to /global/cscratch1/sd/qpzhang/spark/2273580/sparklogs/spark-qpzhang-org.apache.spark.deploy.worker.Worker-1-nid00677.out
nid01023: @@@@@@@@@@@@@@@@@@@@@@@@@@@@@@@@@@@@@@@@@@@@@@@@@@@@@@@@@@@
nid01023: @    WARNING: REMOTE HOST IDENTIFICATION HAS CHANGED!     @
nid01023: @@@@@@@@@@@@@@@@@@@@@@@@@@@@@@@@@@@@@@@@@@@@@@@@@@@@@@@@@@@
nid01023: IT IS POSSIBLE THAT SOMEONE IS DOING SOMETHING NASTY!
nid01023: Someone could be eavesdropping on you right now (man-in-the-middle attack)!
nid01023: It is also possible that a host key has just been changed.
nid01023: The fingerprint for the ECDSA key sent by the remote host is
nid01023: SHA256:BHNL8zWEfIFDJVYP991yoPoS0H5wYCzEJx+7M/f8PkI.
nid01023: Please contact your system administrator.
nid01023: Add correct host key in /global/homes/q/qpzhang/.ssh/known_hosts to get rid of this message.
nid01023: Offending ECDSA key in /global/homes/q/qpzhang/.ssh/known_hosts:392
nid01023: Password authentication is disabled to avoid man-in-the-middle attacks.
nid01023: Keyboard-interactive authentication is disabled to avoid man-in-the-middle attacks.
nid01023: mv: cannot stat `/global/cscratch1/sd/qpzhang/spark/2273580/sparklogs/spark-qpzhang-org.apache.spark.deploy.worker.Worker-1-nid00677.out.4': No such file or directory
nid01023: starting org.apache.spark.deploy.worker.Worker, logging to /global/cscratch1/sd/qpzhang/spark/2273580/sparklogs/spark-qpzhang-org.apache.spark.deploy.worker.Worker-1-nid00677.out
nid01041: @@@@@@@@@@@@@@@@@@@@@@@@@@@@@@@@@@@@@@@@@@@@@@@@@@@@@@@@@@@
nid01041: @    WARNING: REMOTE HOST IDENTIFICATION HAS CHANGED!     @
nid01041: @@@@@@@@@@@@@@@@@@@@@@@@@@@@@@@@@@@@@@@@@@@@@@@@@@@@@@@@@@@
nid01041: IT IS POSSIBLE THAT SOMEONE IS DOING SOMETHING NASTY!
nid01041: Someone could be eavesdropping on you right now (man-in-the-middle attack)!
nid01041: It is also possible that a host key has just been changed.
nid01041: The fingerprint for the ECDSA key sent by the remote host is
nid01041: SHA256:4etkG1noyv8nKJdIwGYGZxk/ygUJmqnEMXYkvMHB0ck.
nid01041: Please contact your system administrator.
nid01041: Add correct host key in /global/homes/q/qpzhang/.ssh/known_hosts to get rid of this message.
nid01041: Offending ECDSA key in /global/homes/q/qpzhang/.ssh/known_hosts:155
nid01041: Password authentication is disabled to avoid man-in-the-middle attacks.
nid01041: Keyboard-interactive authentication is disabled to avoid man-in-the-middle attacks.
nid01041: starting org.apache.spark.deploy.worker.Worker, logging to /global/cscratch1/sd/qpzhang/spark/2273580/sparklogs/spark-qpzhang-org.apache.spark.deploy.worker.Worker-1-nid00677.out
nid01014: @@@@@@@@@@@@@@@@@@@@@@@@@@@@@@@@@@@@@@@@@@@@@@@@@@@@@@@@@@@
nid01014: @    WARNING: REMOTE HOST IDENTIFICATION HAS CHANGED!     @
nid01014: @@@@@@@@@@@@@@@@@@@@@@@@@@@@@@@@@@@@@@@@@@@@@@@@@@@@@@@@@@@
nid01014: IT IS POSSIBLE THAT SOMEONE IS DOING SOMETHING NASTY!
nid01014: Someone could be eavesdropping on you right now (man-in-the-middle attack)!
nid01014: It is also possible that a host key has just been changed.
nid01014: The fingerprint for the ECDSA key sent by the remote host is
nid01014: SHA256:yaeeJ07uDGP8x0LkZJ9VYqMx3u8uJkucRI1xLupYILI.
nid01014: Please contact your system administrator.
nid01014: Add correct host key in /global/homes/q/qpzhang/.ssh/known_hosts to get rid of this message.
nid01014: Offending ECDSA key in /global/homes/q/qpzhang/.ssh/known_hosts:383
nid01014: Password authentication is disabled to avoid man-in-the-middle attacks.
nid01014: Keyboard-interactive authentication is disabled to avoid man-in-the-middle attacks.
nid01014: mv: cannot stat `/global/cscratch1/sd/qpzhang/spark/2273580/sparklogs/spark-qpzhang-org.apache.spark.deploy.worker.Worker-1-nid00677.out.3': No such file or directory
nid01014: mv: cannot stat `/global/cscratch1/sd/qpzhang/spark/2273580/sparklogs/spark-qpzhang-org.apache.spark.deploy.worker.Worker-1-nid00677.out.2': No such file or directory
nid01014: mv: cannot stat `/global/cscratch1/sd/qpzhang/spark/2273580/sparklogs/spark-qpzhang-org.apache.spark.deploy.worker.Worker-1-nid00677.out': No such file or directory
nid01014: starting org.apache.spark.deploy.worker.Worker, logging to /global/cscratch1/sd/qpzhang/spark/2273580/sparklogs/spark-qpzhang-org.apache.spark.deploy.worker.Worker-1-nid00677.out
nid01018: @@@@@@@@@@@@@@@@@@@@@@@@@@@@@@@@@@@@@@@@@@@@@@@@@@@@@@@@@@@
nid01018: @    WARNING: REMOTE HOST IDENTIFICATION HAS CHANGED!     @
nid01018: @@@@@@@@@@@@@@@@@@@@@@@@@@@@@@@@@@@@@@@@@@@@@@@@@@@@@@@@@@@
nid01018: IT IS POSSIBLE THAT SOMEONE IS DOING SOMETHING NASTY!
nid01018: Someone could be eavesdropping on you right now (man-in-the-middle attack)!
nid01018: It is also possible that a host key has just been changed.
nid01018: The fingerprint for the ECDSA key sent by the remote host is
nid01018: SHA256:Dwo3d3AUjL2srzo++c9h3m5VBiCpbPAzvBOdeeDKU3o.
nid01018: Please contact your system administrator.
nid01018: Add correct host key in /global/homes/q/qpzhang/.ssh/known_hosts to get rid of this message.
nid01018: Offending ECDSA key in /global/homes/q/qpzhang/.ssh/known_hosts:388
nid01018: Password authentication is disabled to avoid man-in-the-middle attacks.
nid01018: Keyboard-interactive authentication is disabled to avoid man-in-the-middle attacks.
nid01018: mv: cannot stat `/global/cscratch1/sd/qpzhang/spark/2273580/sparklogs/spark-qpzhang-org.apache.spark.deploy.worker.Worker-1-nid00677.out.4': No such file or directory
nid01018: mv: cannot stat `/global/cscratch1/sd/qpzhang/spark/2273580/sparklogs/spark-qpzhang-org.apache.spark.deploy.worker.Worker-1-nid00677.out.3': No such file or directory
nid01018: mv: cannot stat `/global/cscratch1/sd/qpzhang/spark/2273580/sparklogs/spark-qpzhang-org.apache.spark.deploy.worker.Worker-1-nid00677.out.1': No such file or directory
nid01018: mv: cannot stat `/global/cscratch1/sd/qpzhang/spark/2273580/sparklogs/spark-qpzhang-org.apache.spark.deploy.worker.Worker-1-nid00677.out': No such file or directory
nid01018: starting org.apache.spark.deploy.worker.Worker, logging to /global/cscratch1/sd/qpzhang/spark/2273580/sparklogs/spark-qpzhang-org.apache.spark.deploy.worker.Worker-1-nid00677.out
nid01061: @@@@@@@@@@@@@@@@@@@@@@@@@@@@@@@@@@@@@@@@@@@@@@@@@@@@@@@@@@@
nid01061: @    WARNING: REMOTE HOST IDENTIFICATION HAS CHANGED!     @
nid01061: @@@@@@@@@@@@@@@@@@@@@@@@@@@@@@@@@@@@@@@@@@@@@@@@@@@@@@@@@@@
nid01061: IT IS POSSIBLE THAT SOMEONE IS DOING SOMETHING NASTY!
nid01061: Someone could be eavesdropping on you right now (man-in-the-middle attack)!
nid01061: It is also possible that a host key has just been changed.
nid01061: The fingerprint for the ECDSA key sent by the remote host is
nid01061: SHA256:uvKkSTIaya8kMz63b7WEV+wGsQgovNPxxW7tSf1gLiM.
nid01061: Please contact your system administrator.
nid01061: Add correct host key in /global/homes/q/qpzhang/.ssh/known_hosts to get rid of this message.
nid01061: Offending ECDSA key in /global/homes/q/qpzhang/.ssh/known_hosts:346
nid01061: Password authentication is disabled to avoid man-in-the-middle attacks.
nid01061: Keyboard-interactive authentication is disabled to avoid man-in-the-middle attacks.
nid01061: starting org.apache.spark.deploy.worker.Worker, logging to /global/cscratch1/sd/qpzhang/spark/2273580/sparklogs/spark-qpzhang-org.apache.spark.deploy.worker.Worker-1-nid00677.out
nid02073: Warning: Permanently added '[nid02073]:204,[10.128.8.42]:204' (ECDSA) to the list of known hosts.
nid02073: mv: cannot stat `/global/cscratch1/sd/qpzhang/spark/2273580/sparklogs/spark-qpzhang-org.apache.spark.deploy.worker.Worker-1-nid00677.out.3': No such file or directory
nid02073: mv: cannot stat `/global/cscratch1/sd/qpzhang/spark/2273580/sparklogs/spark-qpzhang-org.apache.spark.deploy.worker.Worker-1-nid00677.out.2': No such file or directory
nid02073: mv: cannot stat `/global/cscratch1/sd/qpzhang/spark/2273580/sparklogs/spark-qpzhang-org.apache.spark.deploy.worker.Worker-1-nid00677.out.1': No such file or directory
nid02073: mv: cannot stat `/global/cscratch1/sd/qpzhang/spark/2273580/sparklogs/spark-qpzhang-org.apache.spark.deploy.worker.Worker-1-nid00677.out': No such file or directory
nid02073: starting org.apache.spark.deploy.worker.Worker, logging to /global/cscratch1/sd/qpzhang/spark/2273580/sparklogs/spark-qpzhang-org.apache.spark.deploy.worker.Worker-1-nid00677.out
nid02197: @@@@@@@@@@@@@@@@@@@@@@@@@@@@@@@@@@@@@@@@@@@@@@@@@@@@@@@@@@@
nid02197: @    WARNING: REMOTE HOST IDENTIFICATION HAS CHANGED!     @
nid02197: @@@@@@@@@@@@@@@@@@@@@@@@@@@@@@@@@@@@@@@@@@@@@@@@@@@@@@@@@@@
nid02197: IT IS POSSIBLE THAT SOMEONE IS DOING SOMETHING NASTY!
nid02197: Someone could be eavesdropping on you right now (man-in-the-middle attack)!
nid02197: It is also possible that a host key has just been changed.
nid02197: The fingerprint for the ECDSA key sent by the remote host is
nid02197: SHA256:lV34cj/+PDY/9IkCWUn4B3ggs7AKQZItjc6AOVl8GEI.
nid02197: Please contact your system administrator.
nid02197: Add correct host key in /global/homes/q/qpzhang/.ssh/known_hosts to get rid of this message.
nid02197: Offending ECDSA key in /global/homes/q/qpzhang/.ssh/known_hosts:493
nid02197: Password authentication is disabled to avoid man-in-the-middle attacks.
nid02197: Keyboard-interactive authentication is disabled to avoid man-in-the-middle attacks.
nid02197: mv: cannot stat `/global/cscratch1/sd/qpzhang/spark/2273580/sparklogs/spark-qpzhang-org.apache.spark.deploy.worker.Worker-1-nid00677.out.2': No such file or directory
nid02197: mv: cannot stat `/global/cscratch1/sd/qpzhang/spark/2273580/sparklogs/spark-qpzhang-org.apache.spark.deploy.worker.Worker-1-nid00677.out': No such file or directory
nid02197: starting org.apache.spark.deploy.worker.Worker, logging to /global/cscratch1/sd/qpzhang/spark/2273580/sparklogs/spark-qpzhang-org.apache.spark.deploy.worker.Worker-1-nid00677.out
nid01040: @@@@@@@@@@@@@@@@@@@@@@@@@@@@@@@@@@@@@@@@@@@@@@@@@@@@@@@@@@@
nid01040: @    WARNING: REMOTE HOST IDENTIFICATION HAS CHANGED!     @
nid01040: @@@@@@@@@@@@@@@@@@@@@@@@@@@@@@@@@@@@@@@@@@@@@@@@@@@@@@@@@@@
nid01040: IT IS POSSIBLE THAT SOMEONE IS DOING SOMETHING NASTY!
nid01040: Someone could be eavesdropping on you right now (man-in-the-middle attack)!
nid01040: It is also possible that a host key has just been changed.
nid01040: The fingerprint for the ECDSA key sent by the remote host is
nid01040: SHA256:Fnf5he5vEhUq3JBJEzRqrH/mo0N7NHSF4xQsPltLqhg.
nid01040: Please contact your system administrator.
nid01040: Add correct host key in /global/homes/q/qpzhang/.ssh/known_hosts to get rid of this message.
nid01040: Offending ECDSA key in /global/homes/q/qpzhang/.ssh/known_hosts:423
nid01040: Password authentication is disabled to avoid man-in-the-middle attacks.
nid01040: Keyboard-interactive authentication is disabled to avoid man-in-the-middle attacks.
nid01040: starting org.apache.spark.deploy.worker.Worker, logging to /global/cscratch1/sd/qpzhang/spark/2273580/sparklogs/spark-qpzhang-org.apache.spark.deploy.worker.Worker-1-nid00677.out
nid01616: Warning: Permanently added '[nid01616]:204,[10.128.6.93]:204' (ECDSA) to the list of known hosts.
nid01616: starting org.apache.spark.deploy.worker.Worker, logging to /global/cscratch1/sd/qpzhang/spark/2273580/sparklogs/spark-qpzhang-org.apache.spark.deploy.worker.Worker-1-nid00677.out
nid02196: Warning: Permanently added '[nid02196]:204,[10.128.8.165]:204' (ECDSA) to the list of known hosts.
nid02196: mv: cannot stat `/global/cscratch1/sd/qpzhang/spark/2273580/sparklogs/spark-qpzhang-org.apache.spark.deploy.worker.Worker-1-nid00677.out.4': No such file or directory
nid02196: mv: cannot stat `/global/cscratch1/sd/qpzhang/spark/2273580/sparklogs/spark-qpzhang-org.apache.spark.deploy.worker.Worker-1-nid00677.out.2': No such file or directory
nid02196: mv: `/global/cscratch1/sd/qpzhang/spark/2273580/sparklogs/spark-qpzhang-org.apache.spark.deploy.worker.Worker-1-nid00677.out' and `/global/cscratch1/sd/qpzhang/spark/2273580/sparklogs/spark-qpzhang-org.apache.spark.deploy.worker.Worker-1-nid00677.out.1' are the same file
nid02196: starting org.apache.spark.deploy.worker.Worker, logging to /global/cscratch1/sd/qpzhang/spark/2273580/sparklogs/spark-qpzhang-org.apache.spark.deploy.worker.Worker-1-nid00677.out
nid02210: @@@@@@@@@@@@@@@@@@@@@@@@@@@@@@@@@@@@@@@@@@@@@@@@@@@@@@@@@@@
nid02210: @    WARNING: REMOTE HOST IDENTIFICATION HAS CHANGED!     @
nid02210: @@@@@@@@@@@@@@@@@@@@@@@@@@@@@@@@@@@@@@@@@@@@@@@@@@@@@@@@@@@
nid02210: IT IS POSSIBLE THAT SOMEONE IS DOING SOMETHING NASTY!
nid02210: Someone could be eavesdropping on you right now (man-in-the-middle attack)!
nid02210: It is also possible that a host key has just been changed.
nid02210: The fingerprint for the ECDSA key sent by the remote host is
nid02210: SHA256:hJ+ubGd/naeeoXogX44YjhKEB94eJo43z5Frnz4PPGE.
nid02210: Please contact your system administrator.
nid02210: Add correct host key in /global/homes/q/qpzhang/.ssh/known_hosts to get rid of this message.
nid02210: Offending ECDSA key in /global/homes/q/qpzhang/.ssh/known_hosts:848
nid02210: Password authentication is disabled to avoid man-in-the-middle attacks.
nid02210: Keyboard-interactive authentication is disabled to avoid man-in-the-middle attacks.
nid02210: mv: cannot stat `/global/cscratch1/sd/qpzhang/spark/2273580/sparklogs/spark-qpzhang-org.apache.spark.deploy.worker.Worker-1-nid00677.out.2': No such file or directory
nid02210: mv: cannot stat `/global/cscratch1/sd/qpzhang/spark/2273580/sparklogs/spark-qpzhang-org.apache.spark.deploy.worker.Worker-1-nid00677.out.1': No such file or directory
nid02210: starting org.apache.spark.deploy.worker.Worker, logging to /global/cscratch1/sd/qpzhang/spark/2273580/sparklogs/spark-qpzhang-org.apache.spark.deploy.worker.Worker-1-nid00677.out
nid01058: @@@@@@@@@@@@@@@@@@@@@@@@@@@@@@@@@@@@@@@@@@@@@@@@@@@@@@@@@@@
nid01058: @    WARNING: REMOTE HOST IDENTIFICATION HAS CHANGED!     @
nid01058: @@@@@@@@@@@@@@@@@@@@@@@@@@@@@@@@@@@@@@@@@@@@@@@@@@@@@@@@@@@
nid01058: IT IS POSSIBLE THAT SOMEONE IS DOING SOMETHING NASTY!
nid01058: Someone could be eavesdropping on you right now (man-in-the-middle attack)!
nid01058: It is also possible that a host key has just been changed.
nid01058: The fingerprint for the ECDSA key sent by the remote host is
nid01058: SHA256:4iKz7YBb4LmJVYUgZCJUO/GrG96XSw4VGuW84o5SKUU.
nid01058: Please contact your system administrator.
nid01058: Add correct host key in /global/homes/q/qpzhang/.ssh/known_hosts to get rid of this message.
nid01058: Offending ECDSA key in /global/homes/q/qpzhang/.ssh/known_hosts:343
nid01058: Password authentication is disabled to avoid man-in-the-middle attacks.
nid01058: Keyboard-interactive authentication is disabled to avoid man-in-the-middle attacks.
nid01058: mv: cannot stat `/global/cscratch1/sd/qpzhang/spark/2273580/sparklogs/spark-qpzhang-org.apache.spark.deploy.worker.Worker-1-nid00677.out.4': No such file or directory
nid01058: mv: cannot stat `/global/cscratch1/sd/qpzhang/spark/2273580/sparklogs/spark-qpzhang-org.apache.spark.deploy.worker.Worker-1-nid00677.out.2': No such file or directory
nid01058: mv: cannot stat `/global/cscratch1/sd/qpzhang/spark/2273580/sparklogs/spark-qpzhang-org.apache.spark.deploy.worker.Worker-1-nid00677.out': No such file or directory
nid01058: starting org.apache.spark.deploy.worker.Worker, logging to /global/cscratch1/sd/qpzhang/spark/2273580/sparklogs/spark-qpzhang-org.apache.spark.deploy.worker.Worker-1-nid00677.out
nid00678: doing ssh -o StrictHostKeyChecking=no nid00678  cd /global/common/cori/software/spark/1.5.1/sbin/.. ; /usr/common/software/spark/1.5.1/sbin/stop-slave.sh
nid00679: doing ssh -o StrictHostKeyChecking=no nid00679  cd /global/common/cori/software/spark/1.5.1/sbin/.. ; /usr/common/software/spark/1.5.1/sbin/stop-slave.sh
nid00680: doing ssh -o StrictHostKeyChecking=no nid00680  cd /global/common/cori/software/spark/1.5.1/sbin/.. ; /usr/common/software/spark/1.5.1/sbin/stop-slave.sh
nid00681: doing ssh -o StrictHostKeyChecking=no nid00681  cd /global/common/cori/software/spark/1.5.1/sbin/.. ; /usr/common/software/spark/1.5.1/sbin/stop-slave.sh
nid00682: doing ssh -o StrictHostKeyChecking=no nid00682  cd /global/common/cori/software/spark/1.5.1/sbin/.. ; /usr/common/software/spark/1.5.1/sbin/stop-slave.sh
nid00683: doing ssh -o StrictHostKeyChecking=no nid00683  cd /global/common/cori/software/spark/1.5.1/sbin/.. ; /usr/common/software/spark/1.5.1/sbin/stop-slave.sh
nid00684: doing ssh -o StrictHostKeyChecking=no nid00684  cd /global/common/cori/software/spark/1.5.1/sbin/.. ; /usr/common/software/spark/1.5.1/sbin/stop-slave.sh
nid00721: doing ssh -o StrictHostKeyChecking=no nid00721  cd /global/common/cori/software/spark/1.5.1/sbin/.. ; /usr/common/software/spark/1.5.1/sbin/stop-slave.sh
nid00722: doing ssh -o StrictHostKeyChecking=no nid00722  cd /global/common/cori/software/spark/1.5.1/sbin/.. ; /usr/common/software/spark/1.5.1/sbin/stop-slave.sh
nid00723: doing ssh -o StrictHostKeyChecking=no nid00723  cd /global/common/cori/software/spark/1.5.1/sbin/.. ; /usr/common/software/spark/1.5.1/sbin/stop-slave.sh
nid00724: doing ssh -o StrictHostKeyChecking=no nid00724  cd /global/common/cori/software/spark/1.5.1/sbin/.. ; /usr/common/software/spark/1.5.1/sbin/stop-slave.sh
nid00807: doing ssh -o StrictHostKeyChecking=no nid00807  cd /global/common/cori/software/spark/1.5.1/sbin/.. ; /usr/common/software/spark/1.5.1/sbin/stop-slave.sh
nid00826: doing ssh -o StrictHostKeyChecking=no nid00826  cd /global/common/cori/software/spark/1.5.1/sbin/.. ; /usr/common/software/spark/1.5.1/sbin/stop-slave.sh
nid01008: doing ssh -o StrictHostKeyChecking=no nid01008  cd /global/common/cori/software/spark/1.5.1/sbin/.. ; /usr/common/software/spark/1.5.1/sbin/stop-slave.sh
nid01010: doing ssh -o StrictHostKeyChecking=no nid01010  cd /global/common/cori/software/spark/1.5.1/sbin/.. ; /usr/common/software/spark/1.5.1/sbin/stop-slave.sh
nid01011: doing ssh -o StrictHostKeyChecking=no nid01011  cd /global/common/cori/software/spark/1.5.1/sbin/.. ; /usr/common/software/spark/1.5.1/sbin/stop-slave.sh
nid01012: doing ssh -o StrictHostKeyChecking=no nid01012  cd /global/common/cori/software/spark/1.5.1/sbin/.. ; /usr/common/software/spark/1.5.1/sbin/stop-slave.sh
nid01013: doing ssh -o StrictHostKeyChecking=no nid01013  cd /global/common/cori/software/spark/1.5.1/sbin/.. ; /usr/common/software/spark/1.5.1/sbin/stop-slave.sh
nid01014: doing ssh -o StrictHostKeyChecking=no nid01014  cd /global/common/cori/software/spark/1.5.1/sbin/.. ; /usr/common/software/spark/1.5.1/sbin/stop-slave.sh
nid01015: doing ssh -o StrictHostKeyChecking=no nid01015  cd /global/common/cori/software/spark/1.5.1/sbin/.. ; /usr/common/software/spark/1.5.1/sbin/stop-slave.sh
nid01016: doing ssh -o StrictHostKeyChecking=no nid01016  cd /global/common/cori/software/spark/1.5.1/sbin/.. ; /usr/common/software/spark/1.5.1/sbin/stop-slave.sh
nid01017: doing ssh -o StrictHostKeyChecking=no nid01017  cd /global/common/cori/software/spark/1.5.1/sbin/.. ; /usr/common/software/spark/1.5.1/sbin/stop-slave.sh
nid01018: doing ssh -o StrictHostKeyChecking=no nid01018  cd /global/common/cori/software/spark/1.5.1/sbin/.. ; /usr/common/software/spark/1.5.1/sbin/stop-slave.sh
nid01019: doing ssh -o StrictHostKeyChecking=no nid01019  cd /global/common/cori/software/spark/1.5.1/sbin/.. ; /usr/common/software/spark/1.5.1/sbin/stop-slave.sh
nid01020: doing ssh -o StrictHostKeyChecking=no nid01020  cd /global/common/cori/software/spark/1.5.1/sbin/.. ; /usr/common/software/spark/1.5.1/sbin/stop-slave.sh
nid01021: doing ssh -o StrictHostKeyChecking=no nid01021  cd /global/common/cori/software/spark/1.5.1/sbin/.. ; /usr/common/software/spark/1.5.1/sbin/stop-slave.sh
nid01022: doing ssh -o StrictHostKeyChecking=no nid01022  cd /global/common/cori/software/spark/1.5.1/sbin/.. ; /usr/common/software/spark/1.5.1/sbin/stop-slave.sh
nid01023: doing ssh -o StrictHostKeyChecking=no nid01023  cd /global/common/cori/software/spark/1.5.1/sbin/.. ; /usr/common/software/spark/1.5.1/sbin/stop-slave.sh
nid01040: doing ssh -o StrictHostKeyChecking=no nid01040  cd /global/common/cori/software/spark/1.5.1/sbin/.. ; /usr/common/software/spark/1.5.1/sbin/stop-slave.sh
nid01041: doing ssh -o StrictHostKeyChecking=no nid01041  cd /global/common/cori/software/spark/1.5.1/sbin/.. ; /usr/common/software/spark/1.5.1/sbin/stop-slave.sh
nid01058: doing ssh -o StrictHostKeyChecking=no nid01058  cd /global/common/cori/software/spark/1.5.1/sbin/.. ; /usr/common/software/spark/1.5.1/sbin/stop-slave.sh
nid01059: doing ssh -o StrictHostKeyChecking=no nid01059  cd /global/common/cori/software/spark/1.5.1/sbin/.. ; /usr/common/software/spark/1.5.1/sbin/stop-slave.sh
nid01060: doing ssh -o StrictHostKeyChecking=no nid01060  cd /global/common/cori/software/spark/1.5.1/sbin/.. ; /usr/common/software/spark/1.5.1/sbin/stop-slave.sh
nid01061: doing ssh -o StrictHostKeyChecking=no nid01061  cd /global/common/cori/software/spark/1.5.1/sbin/.. ; /usr/common/software/spark/1.5.1/sbin/stop-slave.sh
nid01616: doing ssh -o StrictHostKeyChecking=no nid01616  cd /global/common/cori/software/spark/1.5.1/sbin/.. ; /usr/common/software/spark/1.5.1/sbin/stop-slave.sh
nid02073: doing ssh -o StrictHostKeyChecking=no nid02073  cd /global/common/cori/software/spark/1.5.1/sbin/.. ; /usr/common/software/spark/1.5.1/sbin/stop-slave.sh
nid02196: doing ssh -o StrictHostKeyChecking=no nid02196  cd /global/common/cori/software/spark/1.5.1/sbin/.. ; /usr/common/software/spark/1.5.1/sbin/stop-slave.sh
nid02197: doing ssh -o StrictHostKeyChecking=no nid02197  cd /global/common/cori/software/spark/1.5.1/sbin/.. ; /usr/common/software/spark/1.5.1/sbin/stop-slave.sh
nid02210: doing ssh -o StrictHostKeyChecking=no nid02210  cd /global/common/cori/software/spark/1.5.1/sbin/.. ; /usr/common/software/spark/1.5.1/sbin/stop-slave.sh
nid00679: @@@@@@@@@@@@@@@@@@@@@@@@@@@@@@@@@@@@@@@@@@@@@@@@@@@@@@@@@@@
nid00679: @    WARNING: REMOTE HOST IDENTIFICATION HAS CHANGED!     @
nid00679: @@@@@@@@@@@@@@@@@@@@@@@@@@@@@@@@@@@@@@@@@@@@@@@@@@@@@@@@@@@
nid00679: IT IS POSSIBLE THAT SOMEONE IS DOING SOMETHING NASTY!
nid00679: Someone could be eavesdropping on you right now (man-in-the-middle attack)!
nid00679: It is also possible that a host key has just been changed.
nid00679: The fingerprint for the ECDSA key sent by the remote host is
nid00679: SHA256:V8IUuKSKDmP/GYmWHG4lUgxQpcBWiRzOHX5LChrqkiU.
nid00679: Please contact your system administrator.
nid00679: Add correct host key in /global/homes/q/qpzhang/.ssh/known_hosts to get rid of this message.
nid00679: Offending ECDSA key in /global/homes/q/qpzhang/.ssh/known_hosts:177
nid00679: Password authentication is disabled to avoid man-in-the-middle attacks.
nid00679: Keyboard-interactive authentication is disabled to avoid man-in-the-middle attacks.
nid00679: stopping org.apache.spark.deploy.worker.Worker
nid00678: @@@@@@@@@@@@@@@@@@@@@@@@@@@@@@@@@@@@@@@@@@@@@@@@@@@@@@@@@@@
nid00678: @    WARNING: REMOTE HOST IDENTIFICATION HAS CHANGED!     @
nid00678: @@@@@@@@@@@@@@@@@@@@@@@@@@@@@@@@@@@@@@@@@@@@@@@@@@@@@@@@@@@
nid00678: IT IS POSSIBLE THAT SOMEONE IS DOING SOMETHING NASTY!
nid00678: Someone could be eavesdropping on you right now (man-in-the-middle attack)!
nid00678: It is also possible that a host key has just been changed.
nid00678: The fingerprint for the ECDSA key sent by the remote host is
nid00678: SHA256:T5IDd3VyHdfvlOKzot3AKRA/HRLDDCsp3NHaZrQcHBM.
nid00678: Please contact your system administrator.
nid00678: Add correct host key in /global/homes/q/qpzhang/.ssh/known_hosts to get rid of this message.
nid00678: Offending ECDSA key in /global/homes/q/qpzhang/.ssh/known_hosts:176
nid00678: Password authentication is disabled to avoid man-in-the-middle attacks.
nid00678: Keyboard-interactive authentication is disabled to avoid man-in-the-middle attacks.
nid00678: stopping org.apache.spark.deploy.worker.Worker
nid00722: @@@@@@@@@@@@@@@@@@@@@@@@@@@@@@@@@@@@@@@@@@@@@@@@@@@@@@@@@@@
nid00722: @    WARNING: REMOTE HOST IDENTIFICATION HAS CHANGED!     @
nid00722: @@@@@@@@@@@@@@@@@@@@@@@@@@@@@@@@@@@@@@@@@@@@@@@@@@@@@@@@@@@
nid00722: IT IS POSSIBLE THAT SOMEONE IS DOING SOMETHING NASTY!
nid00722: Someone could be eavesdropping on you right now (man-in-the-middle attack)!
nid00722: It is also possible that a host key has just been changed.
nid00722: The fingerprint for the ECDSA key sent by the remote host is
nid00722: SHA256:U6yEfnhxrWnKDUG/oWCGaNrO3sdgsaHzwCjigOOiQ9Q.
nid00722: Please contact your system administrator.
nid00722: Add correct host key in /global/homes/q/qpzhang/.ssh/known_hosts to get rid of this message.
nid00722: Offending ECDSA key in /global/homes/q/qpzhang/.ssh/known_hosts:976
nid00722: Password authentication is disabled to avoid man-in-the-middle attacks.
nid00722: Keyboard-interactive authentication is disabled to avoid man-in-the-middle attacks.
nid00722: stopping org.apache.spark.deploy.worker.Worker
nid00680: stopping org.apache.spark.deploy.worker.Worker
nid00721: @@@@@@@@@@@@@@@@@@@@@@@@@@@@@@@@@@@@@@@@@@@@@@@@@@@@@@@@@@@
nid00721: @    WARNING: REMOTE HOST IDENTIFICATION HAS CHANGED!     @
nid00721: @@@@@@@@@@@@@@@@@@@@@@@@@@@@@@@@@@@@@@@@@@@@@@@@@@@@@@@@@@@
nid00721: IT IS POSSIBLE THAT SOMEONE IS DOING SOMETHING NASTY!
nid00721: Someone could be eavesdropping on you right now (man-in-the-middle attack)!
nid00721: It is also possible that a host key has just been changed.
nid00721: The fingerprint for the ECDSA key sent by the remote host is
nid00721: SHA256:bOm0qq41KT+DyGdxfhJRI13YpzAg4PgD2W8taZyK8/U.
nid00721: Please contact your system administrator.
nid00721: Add correct host key in /global/homes/q/qpzhang/.ssh/known_hosts to get rid of this message.
nid00721: Offending ECDSA key in /global/homes/q/qpzhang/.ssh/known_hosts:975
nid00721: Password authentication is disabled to avoid man-in-the-middle attacks.
nid00721: Keyboard-interactive authentication is disabled to avoid man-in-the-middle attacks.
nid00721: stopping org.apache.spark.deploy.worker.Worker
nid00684: stopping org.apache.spark.deploy.worker.Worker
nid00682: stopping org.apache.spark.deploy.worker.Worker
nid00681: stopping org.apache.spark.deploy.worker.Worker
nid00723: stopping org.apache.spark.deploy.worker.Worker
nid01008: stopping org.apache.spark.deploy.worker.Worker
nid00683: stopping org.apache.spark.deploy.worker.Worker
nid00826: stopping org.apache.spark.deploy.worker.Worker
nid00724: stopping org.apache.spark.deploy.worker.Worker
nid00807: stopping org.apache.spark.deploy.worker.Worker
nid01010: stopping org.apache.spark.deploy.worker.Worker
nid01011: stopping org.apache.spark.deploy.worker.Worker
nid01019: @@@@@@@@@@@@@@@@@@@@@@@@@@@@@@@@@@@@@@@@@@@@@@@@@@@@@@@@@@@
nid01019: @    WARNING: REMOTE HOST IDENTIFICATION HAS CHANGED!     @
nid01019: @@@@@@@@@@@@@@@@@@@@@@@@@@@@@@@@@@@@@@@@@@@@@@@@@@@@@@@@@@@
nid01019: IT IS POSSIBLE THAT SOMEONE IS DOING SOMETHING NASTY!
nid01019: Someone could be eavesdropping on you right now (man-in-the-middle attack)!
nid01019: It is also possible that a host key has just been changed.
nid01019: The fingerprint for the ECDSA key sent by the remote host is
nid01019: SHA256:GE5bdaKuV8X8xDZx9+5x9F9AKO0YXJGV1DJy3ncI25M.
nid01019: Please contact your system administrator.
nid01019: Add correct host key in /global/homes/q/qpzhang/.ssh/known_hosts to get rid of this message.
nid01019: Offending ECDSA key in /global/homes/q/qpzhang/.ssh/known_hosts:389
nid01019: Password authentication is disabled to avoid man-in-the-middle attacks.
nid01019: Keyboard-interactive authentication is disabled to avoid man-in-the-middle attacks.
nid01019: stopping org.apache.spark.deploy.worker.Worker
nid01016: @@@@@@@@@@@@@@@@@@@@@@@@@@@@@@@@@@@@@@@@@@@@@@@@@@@@@@@@@@@
nid01016: @    WARNING: REMOTE HOST IDENTIFICATION HAS CHANGED!     @
nid01016: @@@@@@@@@@@@@@@@@@@@@@@@@@@@@@@@@@@@@@@@@@@@@@@@@@@@@@@@@@@
nid01016: IT IS POSSIBLE THAT SOMEONE IS DOING SOMETHING NASTY!
nid01016: Someone could be eavesdropping on you right now (man-in-the-middle attack)!
nid01016: It is also possible that a host key has just been changed.
nid01016: The fingerprint for the ECDSA key sent by the remote host is
nid01016: SHA256:eDYs+rtddBVBf4D676UH/aZbEbGdfeJxzRgaP2Va2vI.
nid01016: Please contact your system administrator.
nid01016: Add correct host key in /global/homes/q/qpzhang/.ssh/known_hosts to get rid of this message.
nid01016: Offending ECDSA key in /global/homes/q/qpzhang/.ssh/known_hosts:386
nid01016: Password authentication is disabled to avoid man-in-the-middle attacks.
nid01016: Keyboard-interactive authentication is disabled to avoid man-in-the-middle attacks.
nid01016: stopping org.apache.spark.deploy.worker.Worker
nid01017: @@@@@@@@@@@@@@@@@@@@@@@@@@@@@@@@@@@@@@@@@@@@@@@@@@@@@@@@@@@
nid01017: @    WARNING: REMOTE HOST IDENTIFICATION HAS CHANGED!     @
nid01017: @@@@@@@@@@@@@@@@@@@@@@@@@@@@@@@@@@@@@@@@@@@@@@@@@@@@@@@@@@@
nid01017: IT IS POSSIBLE THAT SOMEONE IS DOING SOMETHING NASTY!
nid01017: Someone could be eavesdropping on you right now (man-in-the-middle attack)!
nid01017: It is also possible that a host key has just been changed.
nid01017: The fingerprint for the ECDSA key sent by the remote host is
nid01017: SHA256:Ook4bYUNXDwuBJ1j4OGWHOcpZFPSfl8gO5z5PMPxato.
nid01017: Please contact your system administrator.
nid01017: Add correct host key in /global/homes/q/qpzhang/.ssh/known_hosts to get rid of this message.
nid01017: Offending ECDSA key in /global/homes/q/qpzhang/.ssh/known_hosts:387
nid01017: Password authentication is disabled to avoid man-in-the-middle attacks.
nid01017: Keyboard-interactive authentication is disabled to avoid man-in-the-middle attacks.
nid01017: stopping org.apache.spark.deploy.worker.Worker
nid01012: @@@@@@@@@@@@@@@@@@@@@@@@@@@@@@@@@@@@@@@@@@@@@@@@@@@@@@@@@@@
nid01012: @    WARNING: REMOTE HOST IDENTIFICATION HAS CHANGED!     @
nid01012: @@@@@@@@@@@@@@@@@@@@@@@@@@@@@@@@@@@@@@@@@@@@@@@@@@@@@@@@@@@
nid01012: IT IS POSSIBLE THAT SOMEONE IS DOING SOMETHING NASTY!
nid01012: Someone could be eavesdropping on you right now (man-in-the-middle attack)!
nid01012: It is also possible that a host key has just been changed.
nid01012: The fingerprint for the ECDSA key sent by the remote host is
nid01012: SHA256:EJbazv4WSHoidbp0fdrMQ5kJgoQtG/nfTj+FfhhM1SI.
nid01012: Please contact your system administrator.
nid01012: Add correct host key in /global/homes/q/qpzhang/.ssh/known_hosts to get rid of this message.
nid01012: Offending ECDSA key in /global/homes/q/qpzhang/.ssh/known_hosts:382
nid01012: Password authentication is disabled to avoid man-in-the-middle attacks.
nid01012: Keyboard-interactive authentication is disabled to avoid man-in-the-middle attacks.
nid01012: stopping org.apache.spark.deploy.worker.Worker
nid01013: @@@@@@@@@@@@@@@@@@@@@@@@@@@@@@@@@@@@@@@@@@@@@@@@@@@@@@@@@@@
nid01013: @    WARNING: REMOTE HOST IDENTIFICATION HAS CHANGED!     @
nid01013: @@@@@@@@@@@@@@@@@@@@@@@@@@@@@@@@@@@@@@@@@@@@@@@@@@@@@@@@@@@
nid01013: IT IS POSSIBLE THAT SOMEONE IS DOING SOMETHING NASTY!
nid01013: Someone could be eavesdropping on you right now (man-in-the-middle attack)!
nid01013: It is also possible that a host key has just been changed.
nid01013: The fingerprint for the ECDSA key sent by the remote host is
nid01013: SHA256:xUWgpgIaajatA0b2mLURYahPUhqjIOrZkEosUGd8s2k.
nid01013: Please contact your system administrator.
nid01013: Add correct host key in /global/homes/q/qpzhang/.ssh/known_hosts to get rid of this message.
nid01013: Offending ECDSA key in /global/homes/q/qpzhang/.ssh/known_hosts:384
nid01013: Password authentication is disabled to avoid man-in-the-middle attacks.
nid01013: Keyboard-interactive authentication is disabled to avoid man-in-the-middle attacks.
nid01013: stopping org.apache.spark.deploy.worker.Worker
nid01021: @@@@@@@@@@@@@@@@@@@@@@@@@@@@@@@@@@@@@@@@@@@@@@@@@@@@@@@@@@@
nid01021: @    WARNING: REMOTE HOST IDENTIFICATION HAS CHANGED!     @
nid01021: @@@@@@@@@@@@@@@@@@@@@@@@@@@@@@@@@@@@@@@@@@@@@@@@@@@@@@@@@@@
nid01021: IT IS POSSIBLE THAT SOMEONE IS DOING SOMETHING NASTY!
nid01021: Someone could be eavesdropping on you right now (man-in-the-middle attack)!
nid01021: It is also possible that a host key has just been changed.
nid01021: The fingerprint for the ECDSA key sent by the remote host is
nid01021: SHA256:yWLc8UBEQd4u+YMRPS8p1mVuXieszdH4p+L8ByoHUK0.
nid01021: Please contact your system administrator.
nid01021: Add correct host key in /global/homes/q/qpzhang/.ssh/known_hosts to get rid of this message.
nid01021: Offending ECDSA key in /global/homes/q/qpzhang/.ssh/known_hosts:390
nid01021: Password authentication is disabled to avoid man-in-the-middle attacks.
nid01021: Keyboard-interactive authentication is disabled to avoid man-in-the-middle attacks.
nid01021: stopping org.apache.spark.deploy.worker.Worker
nid01020: @@@@@@@@@@@@@@@@@@@@@@@@@@@@@@@@@@@@@@@@@@@@@@@@@@@@@@@@@@@
nid01020: @    WARNING: REMOTE HOST IDENTIFICATION HAS CHANGED!     @
nid01020: @@@@@@@@@@@@@@@@@@@@@@@@@@@@@@@@@@@@@@@@@@@@@@@@@@@@@@@@@@@
nid01020: IT IS POSSIBLE THAT SOMEONE IS DOING SOMETHING NASTY!
nid01020: Someone could be eavesdropping on you right now (man-in-the-middle attack)!
nid01020: It is also possible that a host key has just been changed.
nid01020: The fingerprint for the ECDSA key sent by the remote host is
nid01020: SHA256:5wxbfle7xwlUxsZqzp2xZoPXOATg6Col0PEWt4K4Q5k.
nid01020: Please contact your system administrator.
nid01020: Add correct host key in /global/homes/q/qpzhang/.ssh/known_hosts to get rid of this message.
nid01020: Offending ECDSA key in /global/homes/q/qpzhang/.ssh/known_hosts:391
nid01020: Password authentication is disabled to avoid man-in-the-middle attacks.
nid01020: Keyboard-interactive authentication is disabled to avoid man-in-the-middle attacks.
nid01020: stopping org.apache.spark.deploy.worker.Worker
nid01022: @@@@@@@@@@@@@@@@@@@@@@@@@@@@@@@@@@@@@@@@@@@@@@@@@@@@@@@@@@@
nid01022: @    WARNING: REMOTE HOST IDENTIFICATION HAS CHANGED!     @
nid01022: @@@@@@@@@@@@@@@@@@@@@@@@@@@@@@@@@@@@@@@@@@@@@@@@@@@@@@@@@@@
nid01022: IT IS POSSIBLE THAT SOMEONE IS DOING SOMETHING NASTY!
nid01022: Someone could be eavesdropping on you right now (man-in-the-middle attack)!
nid01022: It is also possible that a host key has just been changed.
nid01022: The fingerprint for the ECDSA key sent by the remote host is
nid01022: SHA256:WIiedegkow0sgugJppk4SXNKTEVr8Y7LIuDehAZSqmA.
nid01022: Please contact your system administrator.
nid01022: Add correct host key in /global/homes/q/qpzhang/.ssh/known_hosts to get rid of this message.
nid01022: Offending ECDSA key in /global/homes/q/qpzhang/.ssh/known_hosts:212
nid01022: Password authentication is disabled to avoid man-in-the-middle attacks.
nid01022: Keyboard-interactive authentication is disabled to avoid man-in-the-middle attacks.
nid01022: stopping org.apache.spark.deploy.worker.Worker
nid01014: @@@@@@@@@@@@@@@@@@@@@@@@@@@@@@@@@@@@@@@@@@@@@@@@@@@@@@@@@@@
nid01014: @    WARNING: REMOTE HOST IDENTIFICATION HAS CHANGED!     @
nid01014: @@@@@@@@@@@@@@@@@@@@@@@@@@@@@@@@@@@@@@@@@@@@@@@@@@@@@@@@@@@
nid01014: IT IS POSSIBLE THAT SOMEONE IS DOING SOMETHING NASTY!
nid01014: Someone could be eavesdropping on you right now (man-in-the-middle attack)!
nid01014: It is also possible that a host key has just been changed.
nid01014: The fingerprint for the ECDSA key sent by the remote host is
nid01014: SHA256:yaeeJ07uDGP8x0LkZJ9VYqMx3u8uJkucRI1xLupYILI.
nid01014: Please contact your system administrator.
nid01014: Add correct host key in /global/homes/q/qpzhang/.ssh/known_hosts to get rid of this message.
nid01014: Offending ECDSA key in /global/homes/q/qpzhang/.ssh/known_hosts:383
nid01014: Password authentication is disabled to avoid man-in-the-middle attacks.
nid01014: Keyboard-interactive authentication is disabled to avoid man-in-the-middle attacks.
nid01014: stopping org.apache.spark.deploy.worker.Worker
nid01023: @@@@@@@@@@@@@@@@@@@@@@@@@@@@@@@@@@@@@@@@@@@@@@@@@@@@@@@@@@@
nid01023: @    WARNING: REMOTE HOST IDENTIFICATION HAS CHANGED!     @
nid01023: @@@@@@@@@@@@@@@@@@@@@@@@@@@@@@@@@@@@@@@@@@@@@@@@@@@@@@@@@@@
nid01023: IT IS POSSIBLE THAT SOMEONE IS DOING SOMETHING NASTY!
nid01023: Someone could be eavesdropping on you right now (man-in-the-middle attack)!
nid01023: It is also possible that a host key has just been changed.
nid01023: The fingerprint for the ECDSA key sent by the remote host is
nid01023: SHA256:BHNL8zWEfIFDJVYP991yoPoS0H5wYCzEJx+7M/f8PkI.
nid01023: Please contact your system administrator.
nid01023: Add correct host key in /global/homes/q/qpzhang/.ssh/known_hosts to get rid of this message.
nid01023: Offending ECDSA key in /global/homes/q/qpzhang/.ssh/known_hosts:392
nid01023: Password authentication is disabled to avoid man-in-the-middle attacks.
nid01023: Keyboard-interactive authentication is disabled to avoid man-in-the-middle attacks.
nid01023: stopping org.apache.spark.deploy.worker.Worker
nid01015: @@@@@@@@@@@@@@@@@@@@@@@@@@@@@@@@@@@@@@@@@@@@@@@@@@@@@@@@@@@
nid01015: @    WARNING: REMOTE HOST IDENTIFICATION HAS CHANGED!     @
nid01015: @@@@@@@@@@@@@@@@@@@@@@@@@@@@@@@@@@@@@@@@@@@@@@@@@@@@@@@@@@@
nid01015: IT IS POSSIBLE THAT SOMEONE IS DOING SOMETHING NASTY!
nid01015: Someone could be eavesdropping on you right now (man-in-the-middle attack)!
nid01015: It is also possible that a host key has just been changed.
nid01015: The fingerprint for the ECDSA key sent by the remote host is
nid01015: SHA256:lIEspfsV1WBpn6UC3wvHE0GpVTnZshtC9715OD3yIc8.
nid01015: Please contact your system administrator.
nid01015: Add correct host key in /global/homes/q/qpzhang/.ssh/known_hosts to get rid of this message.
nid01015: Offending ECDSA key in /global/homes/q/qpzhang/.ssh/known_hosts:385
nid01015: Password authentication is disabled to avoid man-in-the-middle attacks.
nid01015: Keyboard-interactive authentication is disabled to avoid man-in-the-middle attacks.
nid01015: stopping org.apache.spark.deploy.worker.Worker
nid01018: @@@@@@@@@@@@@@@@@@@@@@@@@@@@@@@@@@@@@@@@@@@@@@@@@@@@@@@@@@@
nid01018: @    WARNING: REMOTE HOST IDENTIFICATION HAS CHANGED!     @
nid01018: @@@@@@@@@@@@@@@@@@@@@@@@@@@@@@@@@@@@@@@@@@@@@@@@@@@@@@@@@@@
nid01018: IT IS POSSIBLE THAT SOMEONE IS DOING SOMETHING NASTY!
nid01018: Someone could be eavesdropping on you right now (man-in-the-middle attack)!
nid01018: It is also possible that a host key has just been changed.
nid01018: The fingerprint for the ECDSA key sent by the remote host is
nid01018: SHA256:Dwo3d3AUjL2srzo++c9h3m5VBiCpbPAzvBOdeeDKU3o.
nid01018: Please contact your system administrator.
nid01018: Add correct host key in /global/homes/q/qpzhang/.ssh/known_hosts to get rid of this message.
nid01018: Offending ECDSA key in /global/homes/q/qpzhang/.ssh/known_hosts:388
nid01018: Password authentication is disabled to avoid man-in-the-middle attacks.
nid01018: Keyboard-interactive authentication is disabled to avoid man-in-the-middle attacks.
nid01018: stopping org.apache.spark.deploy.worker.Worker
nid01060: @@@@@@@@@@@@@@@@@@@@@@@@@@@@@@@@@@@@@@@@@@@@@@@@@@@@@@@@@@@
nid01060: @    WARNING: REMOTE HOST IDENTIFICATION HAS CHANGED!     @
nid01060: @@@@@@@@@@@@@@@@@@@@@@@@@@@@@@@@@@@@@@@@@@@@@@@@@@@@@@@@@@@
nid01060: IT IS POSSIBLE THAT SOMEONE IS DOING SOMETHING NASTY!
nid01060: Someone could be eavesdropping on you right now (man-in-the-middle attack)!
nid01060: It is also possible that a host key has just been changed.
nid01060: The fingerprint for the ECDSA key sent by the remote host is
nid01060: SHA256:/WgVbVvw3Ij4SGAifn+3EdO7MP6yiHEUKrE1hbgtNrg.
nid01060: Please contact your system administrator.
nid01060: Add correct host key in /global/homes/q/qpzhang/.ssh/known_hosts to get rid of this message.
nid01060: Offending ECDSA key in /global/homes/q/qpzhang/.ssh/known_hosts:345
nid01060: Password authentication is disabled to avoid man-in-the-middle attacks.
nid01060: Keyboard-interactive authentication is disabled to avoid man-in-the-middle attacks.
nid01060: stopping org.apache.spark.deploy.worker.Worker
nid01061: @@@@@@@@@@@@@@@@@@@@@@@@@@@@@@@@@@@@@@@@@@@@@@@@@@@@@@@@@@@
nid01061: @    WARNING: REMOTE HOST IDENTIFICATION HAS CHANGED!     @
nid01061: @@@@@@@@@@@@@@@@@@@@@@@@@@@@@@@@@@@@@@@@@@@@@@@@@@@@@@@@@@@
nid01061: IT IS POSSIBLE THAT SOMEONE IS DOING SOMETHING NASTY!
nid01061: Someone could be eavesdropping on you right now (man-in-the-middle attack)!
nid01061: It is also possible that a host key has just been changed.
nid01061: The fingerprint for the ECDSA key sent by the remote host is
nid01061: SHA256:uvKkSTIaya8kMz63b7WEV+wGsQgovNPxxW7tSf1gLiM.
nid01061: Please contact your system administrator.
nid01061: Add correct host key in /global/homes/q/qpzhang/.ssh/known_hosts to get rid of this message.
nid01061: Offending ECDSA key in /global/homes/q/qpzhang/.ssh/known_hosts:346
nid01061: Password authentication is disabled to avoid man-in-the-middle attacks.
nid01061: Keyboard-interactive authentication is disabled to avoid man-in-the-middle attacks.
nid01061: stopping org.apache.spark.deploy.worker.Worker
nid01040: @@@@@@@@@@@@@@@@@@@@@@@@@@@@@@@@@@@@@@@@@@@@@@@@@@@@@@@@@@@
nid01040: @    WARNING: REMOTE HOST IDENTIFICATION HAS CHANGED!     @
nid01040: @@@@@@@@@@@@@@@@@@@@@@@@@@@@@@@@@@@@@@@@@@@@@@@@@@@@@@@@@@@
nid01040: IT IS POSSIBLE THAT SOMEONE IS DOING SOMETHING NASTY!
nid01040: Someone could be eavesdropping on you right now (man-in-the-middle attack)!
nid01040: It is also possible that a host key has just been changed.
nid01040: The fingerprint for the ECDSA key sent by the remote host is
nid01040: SHA256:Fnf5he5vEhUq3JBJEzRqrH/mo0N7NHSF4xQsPltLqhg.
nid01040: Please contact your system administrator.
nid01040: Add correct host key in /global/homes/q/qpzhang/.ssh/known_hosts to get rid of this message.
nid01040: Offending ECDSA key in /global/homes/q/qpzhang/.ssh/known_hosts:423
nid01040: Password authentication is disabled to avoid man-in-the-middle attacks.
nid01040: Keyboard-interactive authentication is disabled to avoid man-in-the-middle attacks.
nid01040: stopping org.apache.spark.deploy.worker.Worker
nid02073: stopping org.apache.spark.deploy.worker.Worker
nid01059: @@@@@@@@@@@@@@@@@@@@@@@@@@@@@@@@@@@@@@@@@@@@@@@@@@@@@@@@@@@
nid01059: @    WARNING: REMOTE HOST IDENTIFICATION HAS CHANGED!     @
nid01059: @@@@@@@@@@@@@@@@@@@@@@@@@@@@@@@@@@@@@@@@@@@@@@@@@@@@@@@@@@@
nid01059: IT IS POSSIBLE THAT SOMEONE IS DOING SOMETHING NASTY!
nid01059: Someone could be eavesdropping on you right now (man-in-the-middle attack)!
nid01059: It is also possible that a host key has just been changed.
nid01059: The fingerprint for the ECDSA key sent by the remote host is
nid01059: SHA256:13pEY0hmydpBcGyn1/rsK1/5iBd/mSAjoQmaDDkDsco.
nid01059: Please contact your system administrator.
nid01059: Add correct host key in /global/homes/q/qpzhang/.ssh/known_hosts to get rid of this message.
nid01059: Offending ECDSA key in /global/homes/q/qpzhang/.ssh/known_hosts:344
nid01059: Password authentication is disabled to avoid man-in-the-middle attacks.
nid01059: Keyboard-interactive authentication is disabled to avoid man-in-the-middle attacks.
nid01059: stopping org.apache.spark.deploy.worker.Worker
nid02197: @@@@@@@@@@@@@@@@@@@@@@@@@@@@@@@@@@@@@@@@@@@@@@@@@@@@@@@@@@@
nid02197: @    WARNING: REMOTE HOST IDENTIFICATION HAS CHANGED!     @
nid02197: @@@@@@@@@@@@@@@@@@@@@@@@@@@@@@@@@@@@@@@@@@@@@@@@@@@@@@@@@@@
nid02197: IT IS POSSIBLE THAT SOMEONE IS DOING SOMETHING NASTY!
nid02197: Someone could be eavesdropping on you right now (man-in-the-middle attack)!
nid02197: It is also possible that a host key has just been changed.
nid02197: The fingerprint for the ECDSA key sent by the remote host is
nid02197: SHA256:lV34cj/+PDY/9IkCWUn4B3ggs7AKQZItjc6AOVl8GEI.
nid02197: Please contact your system administrator.
nid02197: Add correct host key in /global/homes/q/qpzhang/.ssh/known_hosts to get rid of this message.
nid02197: Offending ECDSA key in /global/homes/q/qpzhang/.ssh/known_hosts:493
nid02197: Password authentication is disabled to avoid man-in-the-middle attacks.
nid02197: Keyboard-interactive authentication is disabled to avoid man-in-the-middle attacks.
nid02197: stopping org.apache.spark.deploy.worker.Worker
nid01041: @@@@@@@@@@@@@@@@@@@@@@@@@@@@@@@@@@@@@@@@@@@@@@@@@@@@@@@@@@@
nid01041: @    WARNING: REMOTE HOST IDENTIFICATION HAS CHANGED!     @
nid01041: @@@@@@@@@@@@@@@@@@@@@@@@@@@@@@@@@@@@@@@@@@@@@@@@@@@@@@@@@@@
nid01041: IT IS POSSIBLE THAT SOMEONE IS DOING SOMETHING NASTY!
nid01041: Someone could be eavesdropping on you right now (man-in-the-middle attack)!
nid01041: It is also possible that a host key has just been changed.
nid01041: The fingerprint for the ECDSA key sent by the remote host is
nid01041: SHA256:4etkG1noyv8nKJdIwGYGZxk/ygUJmqnEMXYkvMHB0ck.
nid01041: Please contact your system administrator.
nid01041: Add correct host key in /global/homes/q/qpzhang/.ssh/known_hosts to get rid of this message.
nid01041: Offending ECDSA key in /global/homes/q/qpzhang/.ssh/known_hosts:155
nid01041: Password authentication is disabled to avoid man-in-the-middle attacks.
nid01041: Keyboard-interactive authentication is disabled to avoid man-in-the-middle attacks.
nid01041: stopping org.apache.spark.deploy.worker.Worker
nid01616: stopping org.apache.spark.deploy.worker.Worker
nid02196: stopping org.apache.spark.deploy.worker.Worker
nid01058: @@@@@@@@@@@@@@@@@@@@@@@@@@@@@@@@@@@@@@@@@@@@@@@@@@@@@@@@@@@
nid01058: @    WARNING: REMOTE HOST IDENTIFICATION HAS CHANGED!     @
nid01058: @@@@@@@@@@@@@@@@@@@@@@@@@@@@@@@@@@@@@@@@@@@@@@@@@@@@@@@@@@@
nid01058: IT IS POSSIBLE THAT SOMEONE IS DOING SOMETHING NASTY!
nid01058: Someone could be eavesdropping on you right now (man-in-the-middle attack)!
nid01058: It is also possible that a host key has just been changed.
nid01058: The fingerprint for the ECDSA key sent by the remote host is
nid01058: SHA256:4iKz7YBb4LmJVYUgZCJUO/GrG96XSw4VGuW84o5SKUU.
nid01058: Please contact your system administrator.
nid01058: Add correct host key in /global/homes/q/qpzhang/.ssh/known_hosts to get rid of this message.
nid01058: Offending ECDSA key in /global/homes/q/qpzhang/.ssh/known_hosts:343
nid01058: Password authentication is disabled to avoid man-in-the-middle attacks.
nid01058: Keyboard-interactive authentication is disabled to avoid man-in-the-middle attacks.
nid01058: stopping org.apache.spark.deploy.worker.Worker
nid02210: @@@@@@@@@@@@@@@@@@@@@@@@@@@@@@@@@@@@@@@@@@@@@@@@@@@@@@@@@@@
nid02210: @    WARNING: REMOTE HOST IDENTIFICATION HAS CHANGED!     @
nid02210: @@@@@@@@@@@@@@@@@@@@@@@@@@@@@@@@@@@@@@@@@@@@@@@@@@@@@@@@@@@
nid02210: IT IS POSSIBLE THAT SOMEONE IS DOING SOMETHING NASTY!
nid02210: Someone could be eavesdropping on you right now (man-in-the-middle attack)!
nid02210: It is also possible that a host key has just been changed.
nid02210: The fingerprint for the ECDSA key sent by the remote host is
nid02210: SHA256:hJ+ubGd/naeeoXogX44YjhKEB94eJo43z5Frnz4PPGE.
nid02210: Please contact your system administrator.
nid02210: Add correct host key in /global/homes/q/qpzhang/.ssh/known_hosts to get rid of this message.
nid02210: Offending ECDSA key in /global/homes/q/qpzhang/.ssh/known_hosts:848
nid02210: Password authentication is disabled to avoid man-in-the-middle attacks.
nid02210: Keyboard-interactive authentication is disabled to avoid man-in-the-middle attacks.
nid02210: stopping org.apache.spark.deploy.worker.Worker
stopping org.apache.spark.deploy.master.Master
