writing to /global/cscratch1/sd/qpzhang/spark_env
starting org.apache.spark.deploy.master.Master, logging to /global/cscratch1/sd/qpzhang/spark/2273579/sparklogs/spark-qpzhang-org.apache.spark.deploy.master.Master-1-nid00422.out
/global/common/cori/software/spark/1.5.1/sbin/..
nid00423: doing ssh -o StrictHostKeyChecking=no nid00423  cd /global/common/cori/software/spark/1.5.1/sbin/.. ; /usr/common/software/spark/1.5.1/sbin/start-slave.sh spark://nid00422:7077
nid00424: doing ssh -o StrictHostKeyChecking=no nid00424  cd /global/common/cori/software/spark/1.5.1/sbin/.. ; /usr/common/software/spark/1.5.1/sbin/start-slave.sh spark://nid00422:7077
nid00425: doing ssh -o StrictHostKeyChecking=no nid00425  cd /global/common/cori/software/spark/1.5.1/sbin/.. ; /usr/common/software/spark/1.5.1/sbin/start-slave.sh spark://nid00422:7077
nid00721: doing ssh -o StrictHostKeyChecking=no nid00721  cd /global/common/cori/software/spark/1.5.1/sbin/.. ; /usr/common/software/spark/1.5.1/sbin/start-slave.sh spark://nid00422:7077
nid00722: doing ssh -o StrictHostKeyChecking=no nid00722  cd /global/common/cori/software/spark/1.5.1/sbin/.. ; /usr/common/software/spark/1.5.1/sbin/start-slave.sh spark://nid00422:7077
nid00759: doing ssh -o StrictHostKeyChecking=no nid00759  cd /global/common/cori/software/spark/1.5.1/sbin/.. ; /usr/common/software/spark/1.5.1/sbin/start-slave.sh spark://nid00422:7077
nid00760: doing ssh -o StrictHostKeyChecking=no nid00760  cd /global/common/cori/software/spark/1.5.1/sbin/.. ; /usr/common/software/spark/1.5.1/sbin/start-slave.sh spark://nid00422:7077
nid00761: doing ssh -o StrictHostKeyChecking=no nid00761  cd /global/common/cori/software/spark/1.5.1/sbin/.. ; /usr/common/software/spark/1.5.1/sbin/start-slave.sh spark://nid00422:7077
nid00763: doing ssh -o StrictHostKeyChecking=no nid00763  cd /global/common/cori/software/spark/1.5.1/sbin/.. ; /usr/common/software/spark/1.5.1/sbin/start-slave.sh spark://nid00422:7077
nid00764: doing ssh -o StrictHostKeyChecking=no nid00764  cd /global/common/cori/software/spark/1.5.1/sbin/.. ; /usr/common/software/spark/1.5.1/sbin/start-slave.sh spark://nid00422:7077
nid00765: doing ssh -o StrictHostKeyChecking=no nid00765  cd /global/common/cori/software/spark/1.5.1/sbin/.. ; /usr/common/software/spark/1.5.1/sbin/start-slave.sh spark://nid00422:7077
nid00791: doing ssh -o StrictHostKeyChecking=no nid00791  cd /global/common/cori/software/spark/1.5.1/sbin/.. ; /usr/common/software/spark/1.5.1/sbin/start-slave.sh spark://nid00422:7077
nid00792: doing ssh -o StrictHostKeyChecking=no nid00792  cd /global/common/cori/software/spark/1.5.1/sbin/.. ; /usr/common/software/spark/1.5.1/sbin/start-slave.sh spark://nid00422:7077
nid00889: doing ssh -o StrictHostKeyChecking=no nid00889  cd /global/common/cori/software/spark/1.5.1/sbin/.. ; /usr/common/software/spark/1.5.1/sbin/start-slave.sh spark://nid00422:7077
nid00890: doing ssh -o StrictHostKeyChecking=no nid00890  cd /global/common/cori/software/spark/1.5.1/sbin/.. ; /usr/common/software/spark/1.5.1/sbin/start-slave.sh spark://nid00422:7077
nid00891: doing ssh -o StrictHostKeyChecking=no nid00891  cd /global/common/cori/software/spark/1.5.1/sbin/.. ; /usr/common/software/spark/1.5.1/sbin/start-slave.sh spark://nid00422:7077
nid00892: doing ssh -o StrictHostKeyChecking=no nid00892  cd /global/common/cori/software/spark/1.5.1/sbin/.. ; /usr/common/software/spark/1.5.1/sbin/start-slave.sh spark://nid00422:7077
nid00893: doing ssh -o StrictHostKeyChecking=no nid00893  cd /global/common/cori/software/spark/1.5.1/sbin/.. ; /usr/common/software/spark/1.5.1/sbin/start-slave.sh spark://nid00422:7077
nid00894: doing ssh -o StrictHostKeyChecking=no nid00894  cd /global/common/cori/software/spark/1.5.1/sbin/.. ; /usr/common/software/spark/1.5.1/sbin/start-slave.sh spark://nid00422:7077
nid00895: doing ssh -o StrictHostKeyChecking=no nid00895  cd /global/common/cori/software/spark/1.5.1/sbin/.. ; /usr/common/software/spark/1.5.1/sbin/start-slave.sh spark://nid00422:7077
nid00916: doing ssh -o StrictHostKeyChecking=no nid00916  cd /global/common/cori/software/spark/1.5.1/sbin/.. ; /usr/common/software/spark/1.5.1/sbin/start-slave.sh spark://nid00422:7077
nid00917: doing ssh -o StrictHostKeyChecking=no nid00917  cd /global/common/cori/software/spark/1.5.1/sbin/.. ; /usr/common/software/spark/1.5.1/sbin/start-slave.sh spark://nid00422:7077
nid00918: doing ssh -o StrictHostKeyChecking=no nid00918  cd /global/common/cori/software/spark/1.5.1/sbin/.. ; /usr/common/software/spark/1.5.1/sbin/start-slave.sh spark://nid00422:7077
nid00919: doing ssh -o StrictHostKeyChecking=no nid00919  cd /global/common/cori/software/spark/1.5.1/sbin/.. ; /usr/common/software/spark/1.5.1/sbin/start-slave.sh spark://nid00422:7077
nid00920: doing ssh -o StrictHostKeyChecking=no nid00920  cd /global/common/cori/software/spark/1.5.1/sbin/.. ; /usr/common/software/spark/1.5.1/sbin/start-slave.sh spark://nid00422:7077
nid00933: doing ssh -o StrictHostKeyChecking=no nid00933  cd /global/common/cori/software/spark/1.5.1/sbin/.. ; /usr/common/software/spark/1.5.1/sbin/start-slave.sh spark://nid00422:7077
nid00934: doing ssh -o StrictHostKeyChecking=no nid00934  cd /global/common/cori/software/spark/1.5.1/sbin/.. ; /usr/common/software/spark/1.5.1/sbin/start-slave.sh spark://nid00422:7077
nid00935: doing ssh -o StrictHostKeyChecking=no nid00935  cd /global/common/cori/software/spark/1.5.1/sbin/.. ; /usr/common/software/spark/1.5.1/sbin/start-slave.sh spark://nid00422:7077
nid00936: doing ssh -o StrictHostKeyChecking=no nid00936  cd /global/common/cori/software/spark/1.5.1/sbin/.. ; /usr/common/software/spark/1.5.1/sbin/start-slave.sh spark://nid00422:7077
nid00941: doing ssh -o StrictHostKeyChecking=no nid00941  cd /global/common/cori/software/spark/1.5.1/sbin/.. ; /usr/common/software/spark/1.5.1/sbin/start-slave.sh spark://nid00422:7077
nid00942: doing ssh -o StrictHostKeyChecking=no nid00942  cd /global/common/cori/software/spark/1.5.1/sbin/.. ; /usr/common/software/spark/1.5.1/sbin/start-slave.sh spark://nid00422:7077
nid00943: doing ssh -o StrictHostKeyChecking=no nid00943  cd /global/common/cori/software/spark/1.5.1/sbin/.. ; /usr/common/software/spark/1.5.1/sbin/start-slave.sh spark://nid00422:7077
nid00944: doing ssh -o StrictHostKeyChecking=no nid00944  cd /global/common/cori/software/spark/1.5.1/sbin/.. ; /usr/common/software/spark/1.5.1/sbin/start-slave.sh spark://nid00422:7077
nid01198: doing ssh -o StrictHostKeyChecking=no nid01198  cd /global/common/cori/software/spark/1.5.1/sbin/.. ; /usr/common/software/spark/1.5.1/sbin/start-slave.sh spark://nid00422:7077
nid01199: doing ssh -o StrictHostKeyChecking=no nid01199  cd /global/common/cori/software/spark/1.5.1/sbin/.. ; /usr/common/software/spark/1.5.1/sbin/start-slave.sh spark://nid00422:7077
nid02081: doing ssh -o StrictHostKeyChecking=no nid02081  cd /global/common/cori/software/spark/1.5.1/sbin/.. ; /usr/common/software/spark/1.5.1/sbin/start-slave.sh spark://nid00422:7077
nid02082: doing ssh -o StrictHostKeyChecking=no nid02082  cd /global/common/cori/software/spark/1.5.1/sbin/.. ; /usr/common/software/spark/1.5.1/sbin/start-slave.sh spark://nid00422:7077
nid02083: doing ssh -o StrictHostKeyChecking=no nid02083  cd /global/common/cori/software/spark/1.5.1/sbin/.. ; /usr/common/software/spark/1.5.1/sbin/start-slave.sh spark://nid00422:7077
nid02084: doing ssh -o StrictHostKeyChecking=no nid02084  cd /global/common/cori/software/spark/1.5.1/sbin/.. ; /usr/common/software/spark/1.5.1/sbin/start-slave.sh spark://nid00422:7077
nid00759: @@@@@@@@@@@@@@@@@@@@@@@@@@@@@@@@@@@@@@@@@@@@@@@@@@@@@@@@@@@
nid00759: @    WARNING: REMOTE HOST IDENTIFICATION HAS CHANGED!     @
nid00759: @@@@@@@@@@@@@@@@@@@@@@@@@@@@@@@@@@@@@@@@@@@@@@@@@@@@@@@@@@@
nid00759: IT IS POSSIBLE THAT SOMEONE IS DOING SOMETHING NASTY!
nid00759: Someone could be eavesdropping on you right now (man-in-the-middle attack)!
nid00759: It is also possible that a host key has just been changed.
nid00759: The fingerprint for the ECDSA key sent by the remote host is
nid00759: SHA256:cVfjDCLGmr0HI1Kp4/TSpv4rGMHOB3ysmwg+N98HG9w.
nid00759: Please contact your system administrator.
nid00759: Add correct host key in /global/homes/q/qpzhang/.ssh/known_hosts to get rid of this message.
nid00759: Offending ECDSA key in /global/homes/q/qpzhang/.ssh/known_hosts:481
nid00759: Password authentication is disabled to avoid man-in-the-middle attacks.
nid00759: Keyboard-interactive authentication is disabled to avoid man-in-the-middle attacks.
nid00759: starting org.apache.spark.deploy.worker.Worker, logging to /global/cscratch1/sd/qpzhang/spark/2273579/sparklogs/spark-qpzhang-org.apache.spark.deploy.worker.Worker-1-nid00422.out
nid00889: @@@@@@@@@@@@@@@@@@@@@@@@@@@@@@@@@@@@@@@@@@@@@@@@@@@@@@@@@@@
nid00889: @    WARNING: REMOTE HOST IDENTIFICATION HAS CHANGED!     @
nid00889: @@@@@@@@@@@@@@@@@@@@@@@@@@@@@@@@@@@@@@@@@@@@@@@@@@@@@@@@@@@
nid00889: IT IS POSSIBLE THAT SOMEONE IS DOING SOMETHING NASTY!
nid00889: Someone could be eavesdropping on you right now (man-in-the-middle attack)!
nid00889: It is also possible that a host key has just been changed.
nid00889: The fingerprint for the ECDSA key sent by the remote host is
nid00889: SHA256:Ezd1pofQXWIUKkb8sG1tARLLLvtBScWbvdRupz5D80k.
nid00889: Please contact your system administrator.
nid00889: Add correct host key in /global/homes/q/qpzhang/.ssh/known_hosts to get rid of this message.
nid00889: Offending ECDSA key in /global/homes/q/qpzhang/.ssh/known_hosts:282
nid00889: Password authentication is disabled to avoid man-in-the-middle attacks.
nid00889: Keyboard-interactive authentication is disabled to avoid man-in-the-middle attacks.
nid00889: starting org.apache.spark.deploy.worker.Worker, logging to /global/cscratch1/sd/qpzhang/spark/2273579/sparklogs/spark-qpzhang-org.apache.spark.deploy.worker.Worker-1-nid00422.out
nid00893: Warning: Permanently added '[nid00893]:204,[10.128.3.132]:204' (ECDSA) to the list of known hosts.
nid00893: starting org.apache.spark.deploy.worker.Worker, logging to /global/cscratch1/sd/qpzhang/spark/2273579/sparklogs/spark-qpzhang-org.apache.spark.deploy.worker.Worker-1-nid00422.out
nid00895: @@@@@@@@@@@@@@@@@@@@@@@@@@@@@@@@@@@@@@@@@@@@@@@@@@@@@@@@@@@
nid00895: @    WARNING: REMOTE HOST IDENTIFICATION HAS CHANGED!     @
nid00895: @@@@@@@@@@@@@@@@@@@@@@@@@@@@@@@@@@@@@@@@@@@@@@@@@@@@@@@@@@@
nid00895: IT IS POSSIBLE THAT SOMEONE IS DOING SOMETHING NASTY!
nid00895: Someone could be eavesdropping on you right now (man-in-the-middle attack)!
nid00895: It is also possible that a host key has just been changed.
nid00895: The fingerprint for the ECDSA key sent by the remote host is
nid00895: SHA256:fmZ0sYxQ+AumRo2+pk7UX0yTtczaHJ45c383pi8pSLw.
nid00895: Please contact your system administrator.
nid00895: Add correct host key in /global/homes/q/qpzhang/.ssh/known_hosts to get rid of this message.
nid00895: Offending ECDSA key in /global/homes/q/qpzhang/.ssh/known_hosts:880
nid00895: Password authentication is disabled to avoid man-in-the-middle attacks.
nid00895: Keyboard-interactive authentication is disabled to avoid man-in-the-middle attacks.
nid00895: starting org.apache.spark.deploy.worker.Worker, logging to /global/cscratch1/sd/qpzhang/spark/2273579/sparklogs/spark-qpzhang-org.apache.spark.deploy.worker.Worker-1-nid00422.out
nid00425: @@@@@@@@@@@@@@@@@@@@@@@@@@@@@@@@@@@@@@@@@@@@@@@@@@@@@@@@@@@
nid00425: @    WARNING: REMOTE HOST IDENTIFICATION HAS CHANGED!     @
nid00425: @@@@@@@@@@@@@@@@@@@@@@@@@@@@@@@@@@@@@@@@@@@@@@@@@@@@@@@@@@@
nid00425: IT IS POSSIBLE THAT SOMEONE IS DOING SOMETHING NASTY!
nid00425: Someone could be eavesdropping on you right now (man-in-the-middle attack)!
nid00425: It is also possible that a host key has just been changed.
nid00425: The fingerprint for the ECDSA key sent by the remote host is
nid00425: SHA256:91UiXH9k+kwfgBDj87QFOPFs/NYhUB3EcaYTshHfZP0.
nid00425: Please contact your system administrator.
nid00425: Add correct host key in /global/homes/q/qpzhang/.ssh/known_hosts to get rid of this message.
nid00425: Offending ECDSA key in /global/homes/q/qpzhang/.ssh/known_hosts:246
nid00425: Password authentication is disabled to avoid man-in-the-middle attacks.
nid00425: Keyboard-interactive authentication is disabled to avoid man-in-the-middle attacks.
nid00425: starting org.apache.spark.deploy.worker.Worker, logging to /global/cscratch1/sd/qpzhang/spark/2273579/sparklogs/spark-qpzhang-org.apache.spark.deploy.worker.Worker-1-nid00422.out
nid00919: @@@@@@@@@@@@@@@@@@@@@@@@@@@@@@@@@@@@@@@@@@@@@@@@@@@@@@@@@@@
nid00919: @    WARNING: REMOTE HOST IDENTIFICATION HAS CHANGED!     @
nid00919: @@@@@@@@@@@@@@@@@@@@@@@@@@@@@@@@@@@@@@@@@@@@@@@@@@@@@@@@@@@
nid00919: IT IS POSSIBLE THAT SOMEONE IS DOING SOMETHING NASTY!
nid00919: Someone could be eavesdropping on you right now (man-in-the-middle attack)!
nid00919: It is also possible that a host key has just been changed.
nid00919: The fingerprint for the ECDSA key sent by the remote host is
nid00919: SHA256:sZxPmcfGyz11vrRckOmbnAzgO1eh9asVKemi0jhGtJs.
nid00919: Please contact your system administrator.
nid00919: Add correct host key in /global/homes/q/qpzhang/.ssh/known_hosts to get rid of this message.
nid00919: Offending ECDSA key in /global/homes/q/qpzhang/.ssh/known_hosts:881
nid00919: Password authentication is disabled to avoid man-in-the-middle attacks.
nid00919: Keyboard-interactive authentication is disabled to avoid man-in-the-middle attacks.
nid00919: starting org.apache.spark.deploy.worker.Worker, logging to /global/cscratch1/sd/qpzhang/spark/2273579/sparklogs/spark-qpzhang-org.apache.spark.deploy.worker.Worker-1-nid00422.out
nid00891: @@@@@@@@@@@@@@@@@@@@@@@@@@@@@@@@@@@@@@@@@@@@@@@@@@@@@@@@@@@
nid00891: @    WARNING: REMOTE HOST IDENTIFICATION HAS CHANGED!     @
nid00891: @@@@@@@@@@@@@@@@@@@@@@@@@@@@@@@@@@@@@@@@@@@@@@@@@@@@@@@@@@@
nid00891: IT IS POSSIBLE THAT SOMEONE IS DOING SOMETHING NASTY!
nid00891: Someone could be eavesdropping on you right now (man-in-the-middle attack)!
nid00891: It is also possible that a host key has just been changed.
nid00891: The fingerprint for the ECDSA key sent by the remote host is
nid00891: SHA256:wmk/XJfLYMj/2xjHa4BCTP8xoE7alHoTED/dDY2BER8.
nid00891: Please contact your system administrator.
nid00891: Add correct host key in /global/homes/q/qpzhang/.ssh/known_hosts to get rid of this message.
nid00891: Offending ECDSA key in /global/homes/q/qpzhang/.ssh/known_hosts:284
nid00891: Password authentication is disabled to avoid man-in-the-middle attacks.
nid00891: Keyboard-interactive authentication is disabled to avoid man-in-the-middle attacks.
nid00891: starting org.apache.spark.deploy.worker.Worker, logging to /global/cscratch1/sd/qpzhang/spark/2273579/sparklogs/spark-qpzhang-org.apache.spark.deploy.worker.Worker-1-nid00422.out
nid00918: @@@@@@@@@@@@@@@@@@@@@@@@@@@@@@@@@@@@@@@@@@@@@@@@@@@@@@@@@@@
nid00918: @    WARNING: REMOTE HOST IDENTIFICATION HAS CHANGED!     @
nid00918: @@@@@@@@@@@@@@@@@@@@@@@@@@@@@@@@@@@@@@@@@@@@@@@@@@@@@@@@@@@
nid00918: IT IS POSSIBLE THAT SOMEONE IS DOING SOMETHING NASTY!
nid00918: Someone could be eavesdropping on you right now (man-in-the-middle attack)!
nid00918: It is also possible that a host key has just been changed.
nid00918: The fingerprint for the ECDSA key sent by the remote host is
nid00918: SHA256:a1y4ZV1mHGBUbkjx+b+3z8RkTFSqpUgZoB7LRNLxhYw.
nid00918: Please contact your system administrator.
nid00918: Add correct host key in /global/homes/q/qpzhang/.ssh/known_hosts to get rid of this message.
nid00918: Offending ECDSA key in /global/homes/q/qpzhang/.ssh/known_hosts:301
nid00918: Password authentication is disabled to avoid man-in-the-middle attacks.
nid00918: Keyboard-interactive authentication is disabled to avoid man-in-the-middle attacks.
nid00918: mv: cannot stat `/global/cscratch1/sd/qpzhang/spark/2273579/sparklogs/spark-qpzhang-org.apache.spark.deploy.worker.Worker-1-nid00422.out.1': No such file or directory
nid00918: starting org.apache.spark.deploy.worker.Worker, logging to /global/cscratch1/sd/qpzhang/spark/2273579/sparklogs/spark-qpzhang-org.apache.spark.deploy.worker.Worker-1-nid00422.out
nid00890: @@@@@@@@@@@@@@@@@@@@@@@@@@@@@@@@@@@@@@@@@@@@@@@@@@@@@@@@@@@
nid00890: @    WARNING: REMOTE HOST IDENTIFICATION HAS CHANGED!     @
nid00890: @@@@@@@@@@@@@@@@@@@@@@@@@@@@@@@@@@@@@@@@@@@@@@@@@@@@@@@@@@@
nid00890: IT IS POSSIBLE THAT SOMEONE IS DOING SOMETHING NASTY!
nid00890: Someone could be eavesdropping on you right now (man-in-the-middle attack)!
nid00890: It is also possible that a host key has just been changed.
nid00890: The fingerprint for the ECDSA key sent by the remote host is
nid00890: SHA256:hLMWz6sRgE15YMj2GNJPBOPc6Dc8lNlHZrx8afqgRzo.
nid00890: Please contact your system administrator.
nid00890: Add correct host key in /global/homes/q/qpzhang/.ssh/known_hosts to get rid of this message.
nid00890: Offending ECDSA key in /global/homes/q/qpzhang/.ssh/known_hosts:285
nid00890: Password authentication is disabled to avoid man-in-the-middle attacks.
nid00890: Keyboard-interactive authentication is disabled to avoid man-in-the-middle attacks.
nid00890: mv: cannot stat `/global/cscratch1/sd/qpzhang/spark/2273579/sparklogs/spark-qpzhang-org.apache.spark.deploy.worker.Worker-1-nid00422.out': No such file or directory
nid00890: starting org.apache.spark.deploy.worker.Worker, logging to /global/cscratch1/sd/qpzhang/spark/2273579/sparklogs/spark-qpzhang-org.apache.spark.deploy.worker.Worker-1-nid00422.out
nid00892: Warning: Permanently added '[nid00892]:204,[10.128.3.131]:204' (ECDSA) to the list of known hosts.
nid00892: mv: cannot stat `/global/cscratch1/sd/qpzhang/spark/2273579/sparklogs/spark-qpzhang-org.apache.spark.deploy.worker.Worker-1-nid00422.out.2': No such file or directory
nid00892: mv: cannot stat `/global/cscratch1/sd/qpzhang/spark/2273579/sparklogs/spark-qpzhang-org.apache.spark.deploy.worker.Worker-1-nid00422.out.1': No such file or directory
nid00892: starting org.apache.spark.deploy.worker.Worker, logging to /global/cscratch1/sd/qpzhang/spark/2273579/sparklogs/spark-qpzhang-org.apache.spark.deploy.worker.Worker-1-nid00422.out
nid00761: Warning: Permanently added '[nid00761]:204,[10.128.2.254]:204' (ECDSA) to the list of known hosts.
nid00761: mv: cannot stat `/global/cscratch1/sd/qpzhang/spark/2273579/sparklogs/spark-qpzhang-org.apache.spark.deploy.worker.Worker-1-nid00422.out.2': No such file or directory
nid00761: starting org.apache.spark.deploy.worker.Worker, logging to /global/cscratch1/sd/qpzhang/spark/2273579/sparklogs/spark-qpzhang-org.apache.spark.deploy.worker.Worker-1-nid00422.out
nid00763: @@@@@@@@@@@@@@@@@@@@@@@@@@@@@@@@@@@@@@@@@@@@@@@@@@@@@@@@@@@
nid00763: @    WARNING: REMOTE HOST IDENTIFICATION HAS CHANGED!     @
nid00763: @@@@@@@@@@@@@@@@@@@@@@@@@@@@@@@@@@@@@@@@@@@@@@@@@@@@@@@@@@@
nid00763: IT IS POSSIBLE THAT SOMEONE IS DOING SOMETHING NASTY!
nid00763: Someone could be eavesdropping on you right now (man-in-the-middle attack)!
nid00763: It is also possible that a host key has just been changed.
nid00763: The fingerprint for the ECDSA key sent by the remote host is
nid00763: SHA256:tcBkczFtVYxwvH8peXif+R84uMxlC5k1MRju6l0+QpU.
nid00763: Please contact your system administrator.
nid00763: Add correct host key in /global/homes/q/qpzhang/.ssh/known_hosts to get rid of this message.
nid00763: Offending ECDSA key in /global/homes/q/qpzhang/.ssh/known_hosts:525
nid00763: Password authentication is disabled to avoid man-in-the-middle attacks.
nid00763: Keyboard-interactive authentication is disabled to avoid man-in-the-middle attacks.
nid00763: mv: `/global/cscratch1/sd/qpzhang/spark/2273579/sparklogs/spark-qpzhang-org.apache.spark.deploy.worker.Worker-1-nid00422.out.1' and `/global/cscratch1/sd/qpzhang/spark/2273579/sparklogs/spark-qpzhang-org.apache.spark.deploy.worker.Worker-1-nid00422.out.2' are the same file
nid00763: mv: cannot stat `/global/cscratch1/sd/qpzhang/spark/2273579/sparklogs/spark-qpzhang-org.apache.spark.deploy.worker.Worker-1-nid00422.out': No such file or directory
nid00763: starting org.apache.spark.deploy.worker.Worker, logging to /global/cscratch1/sd/qpzhang/spark/2273579/sparklogs/spark-qpzhang-org.apache.spark.deploy.worker.Worker-1-nid00422.out
nid00760: Warning: Permanently added '[nid00760]:204,[10.128.2.253]:204' (ECDSA) to the list of known hosts.
nid00760: mv: cannot stat `/global/cscratch1/sd/qpzhang/spark/2273579/sparklogs/spark-qpzhang-org.apache.spark.deploy.worker.Worker-1-nid00422.out.3': No such file or directory
nid00760: mv: cannot stat `/global/cscratch1/sd/qpzhang/spark/2273579/sparklogs/spark-qpzhang-org.apache.spark.deploy.worker.Worker-1-nid00422.out': No such file or directory
nid00760: starting org.apache.spark.deploy.worker.Worker, logging to /global/cscratch1/sd/qpzhang/spark/2273579/sparklogs/spark-qpzhang-org.apache.spark.deploy.worker.Worker-1-nid00422.out
nid00917: @@@@@@@@@@@@@@@@@@@@@@@@@@@@@@@@@@@@@@@@@@@@@@@@@@@@@@@@@@@
nid00917: @    WARNING: REMOTE HOST IDENTIFICATION HAS CHANGED!     @
nid00917: @@@@@@@@@@@@@@@@@@@@@@@@@@@@@@@@@@@@@@@@@@@@@@@@@@@@@@@@@@@
nid00917: IT IS POSSIBLE THAT SOMEONE IS DOING SOMETHING NASTY!
nid00917: Someone could be eavesdropping on you right now (man-in-the-middle attack)!
nid00917: It is also possible that a host key has just been changed.
nid00917: The fingerprint for the ECDSA key sent by the remote host is
nid00917: SHA256:dZHiWFzZE5rPnGpD/S1+nQ/E/kWMumgN9vUfZdaBC3A.
nid00917: Please contact your system administrator.
nid00917: Add correct host key in /global/homes/q/qpzhang/.ssh/known_hosts to get rid of this message.
nid00917: Offending ECDSA key in /global/homes/q/qpzhang/.ssh/known_hosts:485
nid00917: Password authentication is disabled to avoid man-in-the-middle attacks.
nid00917: Keyboard-interactive authentication is disabled to avoid man-in-the-middle attacks.
nid00917: mv: cannot stat `/global/cscratch1/sd/qpzhang/spark/2273579/sparklogs/spark-qpzhang-org.apache.spark.deploy.worker.Worker-1-nid00422.out.1': No such file or directory
nid00917: starting org.apache.spark.deploy.worker.Worker, logging to /global/cscratch1/sd/qpzhang/spark/2273579/sparklogs/spark-qpzhang-org.apache.spark.deploy.worker.Worker-1-nid00422.out
nid00894: @@@@@@@@@@@@@@@@@@@@@@@@@@@@@@@@@@@@@@@@@@@@@@@@@@@@@@@@@@@
nid00894: @    WARNING: REMOTE HOST IDENTIFICATION HAS CHANGED!     @
nid00894: @@@@@@@@@@@@@@@@@@@@@@@@@@@@@@@@@@@@@@@@@@@@@@@@@@@@@@@@@@@
nid00894: IT IS POSSIBLE THAT SOMEONE IS DOING SOMETHING NASTY!
nid00894: Someone could be eavesdropping on you right now (man-in-the-middle attack)!
nid00894: It is also possible that a host key has just been changed.
nid00894: The fingerprint for the ECDSA key sent by the remote host is
nid00894: SHA256:pdxR4Jn0p07bmC0Ul1vPHDYxEL1jWwJrwGv045f524I.
nid00894: Please contact your system administrator.
nid00894: Add correct host key in /global/homes/q/qpzhang/.ssh/known_hosts to get rid of this message.
nid00894: Offending ECDSA key in /global/homes/q/qpzhang/.ssh/known_hosts:878
nid00894: Password authentication is disabled to avoid man-in-the-middle attacks.
nid00894: Keyboard-interactive authentication is disabled to avoid man-in-the-middle attacks.
nid00894: mv: cannot stat `/global/cscratch1/sd/qpzhang/spark/2273579/sparklogs/spark-qpzhang-org.apache.spark.deploy.worker.Worker-1-nid00422.out.2': No such file or directory
nid00894: mv: cannot stat `/global/cscratch1/sd/qpzhang/spark/2273579/sparklogs/spark-qpzhang-org.apache.spark.deploy.worker.Worker-1-nid00422.out.1': No such file or directory
nid00894: mv: cannot stat `/global/cscratch1/sd/qpzhang/spark/2273579/sparklogs/spark-qpzhang-org.apache.spark.deploy.worker.Worker-1-nid00422.out': No such file or directory
nid00894: starting org.apache.spark.deploy.worker.Worker, logging to /global/cscratch1/sd/qpzhang/spark/2273579/sparklogs/spark-qpzhang-org.apache.spark.deploy.worker.Worker-1-nid00422.out
nid00916: Warning: Permanently added '[nid00916]:204,[10.128.3.155]:204' (ECDSA) to the list of known hosts.
nid00916: mv: cannot stat `/global/cscratch1/sd/qpzhang/spark/2273579/sparklogs/spark-qpzhang-org.apache.spark.deploy.worker.Worker-1-nid00422.out.1': No such file or directory
nid00916: starting org.apache.spark.deploy.worker.Worker, logging to /global/cscratch1/sd/qpzhang/spark/2273579/sparklogs/spark-qpzhang-org.apache.spark.deploy.worker.Worker-1-nid00422.out
nid00920: Warning: Permanently added '[nid00920]:204,[10.128.3.159]:204' (ECDSA) to the list of known hosts.
nid00920: mv: `/global/cscratch1/sd/qpzhang/spark/2273579/sparklogs/spark-qpzhang-org.apache.spark.deploy.worker.Worker-1-nid00422.out' and `/global/cscratch1/sd/qpzhang/spark/2273579/sparklogs/spark-qpzhang-org.apache.spark.deploy.worker.Worker-1-nid00422.out.1' are the same file
nid00920: starting org.apache.spark.deploy.worker.Worker, logging to /global/cscratch1/sd/qpzhang/spark/2273579/sparklogs/spark-qpzhang-org.apache.spark.deploy.worker.Worker-1-nid00422.out
nid00424: Warning: Permanently added '[nid00424]:204,[10.128.1.171]:204' (ECDSA) to the list of known hosts.
nid00424: mv: cannot stat `/global/cscratch1/sd/qpzhang/spark/2273579/sparklogs/spark-qpzhang-org.apache.spark.deploy.worker.Worker-1-nid00422.out.2': No such file or directory
nid00424: mv: cannot stat `/global/cscratch1/sd/qpzhang/spark/2273579/sparklogs/spark-qpzhang-org.apache.spark.deploy.worker.Worker-1-nid00422.out': No such file or directory
nid00424: starting org.apache.spark.deploy.worker.Worker, logging to /global/cscratch1/sd/qpzhang/spark/2273579/sparklogs/spark-qpzhang-org.apache.spark.deploy.worker.Worker-1-nid00422.out
nid00423: Warning: Permanently added '[nid00423]:204,[10.128.1.170]:204' (ECDSA) to the list of known hosts.
nid00423: mv: cannot stat `/global/cscratch1/sd/qpzhang/spark/2273579/sparklogs/spark-qpzhang-org.apache.spark.deploy.worker.Worker-1-nid00422.out.2': No such file or directory
nid00423: starting org.apache.spark.deploy.worker.Worker, logging to /global/cscratch1/sd/qpzhang/spark/2273579/sparklogs/spark-qpzhang-org.apache.spark.deploy.worker.Worker-1-nid00422.out
nid00765: Warning: Permanently added '[nid00765]:204,[10.128.3.4]:204' (ECDSA) to the list of known hosts.
nid00765: starting org.apache.spark.deploy.worker.Worker, logging to /global/cscratch1/sd/qpzhang/spark/2273579/sparklogs/spark-qpzhang-org.apache.spark.deploy.worker.Worker-1-nid00422.out
nid00722: Warning: Permanently added '[nid00722]:204,[10.128.2.215]:204' (ECDSA) to the list of known hosts.
nid00722: starting org.apache.spark.deploy.worker.Worker, logging to /global/cscratch1/sd/qpzhang/spark/2273579/sparklogs/spark-qpzhang-org.apache.spark.deploy.worker.Worker-1-nid00422.out
nid00721: Warning: Permanently added '[nid00721]:204,[10.128.2.214]:204' (ECDSA) to the list of known hosts.
nid00721: mv: cannot stat `/global/cscratch1/sd/qpzhang/spark/2273579/sparklogs/spark-qpzhang-org.apache.spark.deploy.worker.Worker-1-nid00422.out.3': No such file or directory
nid00721: mv: cannot stat `/global/cscratch1/sd/qpzhang/spark/2273579/sparklogs/spark-qpzhang-org.apache.spark.deploy.worker.Worker-1-nid00422.out.1': No such file or directory
nid00721: starting org.apache.spark.deploy.worker.Worker, logging to /global/cscratch1/sd/qpzhang/spark/2273579/sparklogs/spark-qpzhang-org.apache.spark.deploy.worker.Worker-1-nid00422.out
nid00764: Warning: Permanently added '[nid00764]:204,[10.128.3.3]:204' (ECDSA) to the list of known hosts.
nid00764: starting org.apache.spark.deploy.worker.Worker, logging to /global/cscratch1/sd/qpzhang/spark/2273579/sparklogs/spark-qpzhang-org.apache.spark.deploy.worker.Worker-1-nid00422.out
nid00791: Warning: Permanently added '[nid00791]:204,[10.128.3.30]:204' (ECDSA) to the list of known hosts.
nid00791: starting org.apache.spark.deploy.worker.Worker, logging to /global/cscratch1/sd/qpzhang/spark/2273579/sparklogs/spark-qpzhang-org.apache.spark.deploy.worker.Worker-1-nid00422.out
nid00792: Warning: Permanently added '[nid00792]:204,[10.128.3.31]:204' (ECDSA) to the list of known hosts.
nid00792: mv: cannot stat `/global/cscratch1/sd/qpzhang/spark/2273579/sparklogs/spark-qpzhang-org.apache.spark.deploy.worker.Worker-1-nid00422.out.2': No such file or directory
nid00792: mv: cannot stat `/global/cscratch1/sd/qpzhang/spark/2273579/sparklogs/spark-qpzhang-org.apache.spark.deploy.worker.Worker-1-nid00422.out': No such file or directory
nid00792: starting org.apache.spark.deploy.worker.Worker, logging to /global/cscratch1/sd/qpzhang/spark/2273579/sparklogs/spark-qpzhang-org.apache.spark.deploy.worker.Worker-1-nid00422.out
nid00933: @@@@@@@@@@@@@@@@@@@@@@@@@@@@@@@@@@@@@@@@@@@@@@@@@@@@@@@@@@@
nid00933: @    WARNING: REMOTE HOST IDENTIFICATION HAS CHANGED!     @
nid00933: @@@@@@@@@@@@@@@@@@@@@@@@@@@@@@@@@@@@@@@@@@@@@@@@@@@@@@@@@@@
nid00933: IT IS POSSIBLE THAT SOMEONE IS DOING SOMETHING NASTY!
nid00933: Someone could be eavesdropping on you right now (man-in-the-middle attack)!
nid00933: It is also possible that a host key has just been changed.
nid00933: The fingerprint for the ECDSA key sent by the remote host is
nid00933: SHA256:dsZ4NSSdJIUj6KzxdatQG2UrZ2Vu8GNlek2KVymlnC4.
nid00933: Please contact your system administrator.
nid00933: Add correct host key in /global/homes/q/qpzhang/.ssh/known_hosts to get rid of this message.
nid00933: Offending ECDSA key in /global/homes/q/qpzhang/.ssh/known_hosts:366
nid00933: Password authentication is disabled to avoid man-in-the-middle attacks.
nid00933: Keyboard-interactive authentication is disabled to avoid man-in-the-middle attacks.
nid00933: starting org.apache.spark.deploy.worker.Worker, logging to /global/cscratch1/sd/qpzhang/spark/2273579/sparklogs/spark-qpzhang-org.apache.spark.deploy.worker.Worker-1-nid00422.out
nid00934: @@@@@@@@@@@@@@@@@@@@@@@@@@@@@@@@@@@@@@@@@@@@@@@@@@@@@@@@@@@
nid00934: @    WARNING: REMOTE HOST IDENTIFICATION HAS CHANGED!     @
nid00934: @@@@@@@@@@@@@@@@@@@@@@@@@@@@@@@@@@@@@@@@@@@@@@@@@@@@@@@@@@@
nid00934: IT IS POSSIBLE THAT SOMEONE IS DOING SOMETHING NASTY!
nid00934: Someone could be eavesdropping on you right now (man-in-the-middle attack)!
nid00934: It is also possible that a host key has just been changed.
nid00934: The fingerprint for the ECDSA key sent by the remote host is
nid00934: SHA256:OP1Mw8DegvPxooKZ1ef8UBUt5Ncph9RyHKyehw6KkLc.
nid00934: Please contact your system administrator.
nid00934: Add correct host key in /global/homes/q/qpzhang/.ssh/known_hosts to get rid of this message.
nid00934: Offending ECDSA key in /global/homes/q/qpzhang/.ssh/known_hosts:365
nid00934: Password authentication is disabled to avoid man-in-the-middle attacks.
nid00934: Keyboard-interactive authentication is disabled to avoid man-in-the-middle attacks.
nid00934: mv: cannot stat `/global/cscratch1/sd/qpzhang/spark/2273579/sparklogs/spark-qpzhang-org.apache.spark.deploy.worker.Worker-1-nid00422.out.3': No such file or directory
nid00934: mv: cannot stat `/global/cscratch1/sd/qpzhang/spark/2273579/sparklogs/spark-qpzhang-org.apache.spark.deploy.worker.Worker-1-nid00422.out.1': No such file or directory
nid00934: mv: `/global/cscratch1/sd/qpzhang/spark/2273579/sparklogs/spark-qpzhang-org.apache.spark.deploy.worker.Worker-1-nid00422.out' and `/global/cscratch1/sd/qpzhang/spark/2273579/sparklogs/spark-qpzhang-org.apache.spark.deploy.worker.Worker-1-nid00422.out.1' are the same file
nid00934: starting org.apache.spark.deploy.worker.Worker, logging to /global/cscratch1/sd/qpzhang/spark/2273579/sparklogs/spark-qpzhang-org.apache.spark.deploy.worker.Worker-1-nid00422.out
nid00935: @@@@@@@@@@@@@@@@@@@@@@@@@@@@@@@@@@@@@@@@@@@@@@@@@@@@@@@@@@@
nid00935: @    WARNING: REMOTE HOST IDENTIFICATION HAS CHANGED!     @
nid00935: @@@@@@@@@@@@@@@@@@@@@@@@@@@@@@@@@@@@@@@@@@@@@@@@@@@@@@@@@@@
nid00935: IT IS POSSIBLE THAT SOMEONE IS DOING SOMETHING NASTY!
nid00935: Someone could be eavesdropping on you right now (man-in-the-middle attack)!
nid00935: It is also possible that a host key has just been changed.
nid00935: The fingerprint for the ECDSA key sent by the remote host is
nid00935: SHA256:4LGowXCNctHR3l0dCNPhWl+7DaXdWvstGZrrl+N3cl0.
nid00935: Please contact your system administrator.
nid00935: Add correct host key in /global/homes/q/qpzhang/.ssh/known_hosts to get rid of this message.
nid00935: Offending ECDSA key in /global/homes/q/qpzhang/.ssh/known_hosts:367
nid00935: Password authentication is disabled to avoid man-in-the-middle attacks.
nid00935: Keyboard-interactive authentication is disabled to avoid man-in-the-middle attacks.
nid00935: starting org.apache.spark.deploy.worker.Worker, logging to /global/cscratch1/sd/qpzhang/spark/2273579/sparklogs/spark-qpzhang-org.apache.spark.deploy.worker.Worker-1-nid00422.out
nid00936: @@@@@@@@@@@@@@@@@@@@@@@@@@@@@@@@@@@@@@@@@@@@@@@@@@@@@@@@@@@
nid00936: @    WARNING: REMOTE HOST IDENTIFICATION HAS CHANGED!     @
nid00936: @@@@@@@@@@@@@@@@@@@@@@@@@@@@@@@@@@@@@@@@@@@@@@@@@@@@@@@@@@@
nid00936: IT IS POSSIBLE THAT SOMEONE IS DOING SOMETHING NASTY!
nid00936: Someone could be eavesdropping on you right now (man-in-the-middle attack)!
nid00936: It is also possible that a host key has just been changed.
nid00936: The fingerprint for the ECDSA key sent by the remote host is
nid00936: SHA256:LMSt2nPDEUPst3YGLR5oF27uqtEJghvkXm7GsqpOakw.
nid00936: Please contact your system administrator.
nid00936: Add correct host key in /global/homes/q/qpzhang/.ssh/known_hosts to get rid of this message.
nid00936: Offending ECDSA key in /global/homes/q/qpzhang/.ssh/known_hosts:555
nid00936: Password authentication is disabled to avoid man-in-the-middle attacks.
nid00936: Keyboard-interactive authentication is disabled to avoid man-in-the-middle attacks.
nid00936: mv: cannot stat `/global/cscratch1/sd/qpzhang/spark/2273579/sparklogs/spark-qpzhang-org.apache.spark.deploy.worker.Worker-1-nid00422.out.4': No such file or directory
nid00936: mv: cannot stat `/global/cscratch1/sd/qpzhang/spark/2273579/sparklogs/spark-qpzhang-org.apache.spark.deploy.worker.Worker-1-nid00422.out.2': No such file or directory
nid00936: mv: cannot stat `/global/cscratch1/sd/qpzhang/spark/2273579/sparklogs/spark-qpzhang-org.apache.spark.deploy.worker.Worker-1-nid00422.out.1': No such file or directory
nid00936: mv: cannot stat `/global/cscratch1/sd/qpzhang/spark/2273579/sparklogs/spark-qpzhang-org.apache.spark.deploy.worker.Worker-1-nid00422.out': No such file or directory
nid00936: starting org.apache.spark.deploy.worker.Worker, logging to /global/cscratch1/sd/qpzhang/spark/2273579/sparklogs/spark-qpzhang-org.apache.spark.deploy.worker.Worker-1-nid00422.out
nid00944: Warning: Permanently added '[nid00944]:204,[10.128.3.183]:204' (ECDSA) to the list of known hosts.
nid00944: starting org.apache.spark.deploy.worker.Worker, logging to /global/cscratch1/sd/qpzhang/spark/2273579/sparklogs/spark-qpzhang-org.apache.spark.deploy.worker.Worker-1-nid00422.out
nid02084: Warning: Permanently added '[nid02084]:204,[10.128.8.53]:204' (ECDSA) to the list of known hosts.
nid02084: starting org.apache.spark.deploy.worker.Worker, logging to /global/cscratch1/sd/qpzhang/spark/2273579/sparklogs/spark-qpzhang-org.apache.spark.deploy.worker.Worker-1-nid00422.out
nid00943: Warning: Permanently added '[nid00943]:204,[10.128.3.182]:204' (ECDSA) to the list of known hosts.
nid00943: mv: cannot stat `/global/cscratch1/sd/qpzhang/spark/2273579/sparklogs/spark-qpzhang-org.apache.spark.deploy.worker.Worker-1-nid00422.out': No such file or directory
nid00943: starting org.apache.spark.deploy.worker.Worker, logging to /global/cscratch1/sd/qpzhang/spark/2273579/sparklogs/spark-qpzhang-org.apache.spark.deploy.worker.Worker-1-nid00422.out
nid02081: @@@@@@@@@@@@@@@@@@@@@@@@@@@@@@@@@@@@@@@@@@@@@@@@@@@@@@@@@@@
nid02081: @    WARNING: REMOTE HOST IDENTIFICATION HAS CHANGED!     @
nid02081: @@@@@@@@@@@@@@@@@@@@@@@@@@@@@@@@@@@@@@@@@@@@@@@@@@@@@@@@@@@
nid02081: IT IS POSSIBLE THAT SOMEONE IS DOING SOMETHING NASTY!
nid02081: Someone could be eavesdropping on you right now (man-in-the-middle attack)!
nid02081: It is also possible that a host key has just been changed.
nid02081: The fingerprint for the ECDSA key sent by the remote host is
nid02081: SHA256:3fDUSN0CHcSf7sAd5ZeJnPGKzVDr8ohTBgOezelv22Q.
nid02081: Please contact your system administrator.
nid02081: Add correct host key in /global/homes/q/qpzhang/.ssh/known_hosts to get rid of this message.
nid02081: Offending ECDSA key in /global/homes/q/qpzhang/.ssh/known_hosts:780
nid02081: Password authentication is disabled to avoid man-in-the-middle attacks.
nid02081: Keyboard-interactive authentication is disabled to avoid man-in-the-middle attacks.
nid02081: mv: cannot stat `/global/cscratch1/sd/qpzhang/spark/2273579/sparklogs/spark-qpzhang-org.apache.spark.deploy.worker.Worker-1-nid00422.out.2': No such file or directory
nid02081: starting org.apache.spark.deploy.worker.Worker, logging to /global/cscratch1/sd/qpzhang/spark/2273579/sparklogs/spark-qpzhang-org.apache.spark.deploy.worker.Worker-1-nid00422.out
nid01199: @@@@@@@@@@@@@@@@@@@@@@@@@@@@@@@@@@@@@@@@@@@@@@@@@@@@@@@@@@@
nid01199: @    WARNING: REMOTE HOST IDENTIFICATION HAS CHANGED!     @
nid01199: @@@@@@@@@@@@@@@@@@@@@@@@@@@@@@@@@@@@@@@@@@@@@@@@@@@@@@@@@@@
nid01199: IT IS POSSIBLE THAT SOMEONE IS DOING SOMETHING NASTY!
nid01199: Someone could be eavesdropping on you right now (man-in-the-middle attack)!
nid01199: It is also possible that a host key has just been changed.
nid01199: The fingerprint for the ECDSA key sent by the remote host is
nid01199: SHA256:lNJkn/Z1vmsIdpAAKgJHC67YfyTF7ZXuyqSilMN6uo4.
nid01199: Please contact your system administrator.
nid01199: Add correct host key in /global/homes/q/qpzhang/.ssh/known_hosts to get rid of this message.
nid01199: Offending ECDSA key in /global/homes/q/qpzhang/.ssh/known_hosts:509
nid01199: Password authentication is disabled to avoid man-in-the-middle attacks.
nid01199: Keyboard-interactive authentication is disabled to avoid man-in-the-middle attacks.
nid01199: mv: cannot stat `/global/cscratch1/sd/qpzhang/spark/2273579/sparklogs/spark-qpzhang-org.apache.spark.deploy.worker.Worker-1-nid00422.out.3': No such file or directory
nid01199: mv: cannot move `/global/cscratch1/sd/qpzhang/spark/2273579/sparklogs/spark-qpzhang-org.apache.spark.deploy.worker.Worker-1-nid00422.out.1' to `/global/cscratch1/sd/qpzhang/spark/2273579/sparklogs/spark-qpzhang-org.apache.spark.deploy.worker.Worker-1-nid00422.out.2': No such file or directory
nid01199: mv: cannot stat `/global/cscratch1/sd/qpzhang/spark/2273579/sparklogs/spark-qpzhang-org.apache.spark.deploy.worker.Worker-1-nid00422.out': No such file or directory
nid01199: starting org.apache.spark.deploy.worker.Worker, logging to /global/cscratch1/sd/qpzhang/spark/2273579/sparklogs/spark-qpzhang-org.apache.spark.deploy.worker.Worker-1-nid00422.out
nid01198: @@@@@@@@@@@@@@@@@@@@@@@@@@@@@@@@@@@@@@@@@@@@@@@@@@@@@@@@@@@
nid01198: @    WARNING: REMOTE HOST IDENTIFICATION HAS CHANGED!     @
nid01198: @@@@@@@@@@@@@@@@@@@@@@@@@@@@@@@@@@@@@@@@@@@@@@@@@@@@@@@@@@@
nid01198: IT IS POSSIBLE THAT SOMEONE IS DOING SOMETHING NASTY!
nid01198: Someone could be eavesdropping on you right now (man-in-the-middle attack)!
nid01198: It is also possible that a host key has just been changed.
nid01198: The fingerprint for the ECDSA key sent by the remote host is
nid01198: SHA256:st/BMT/p9KTdNhDbtDCcD9DEZfY1OqUDWEeSgVrMCDE.
nid01198: Please contact your system administrator.
nid01198: Add correct host key in /global/homes/q/qpzhang/.ssh/known_hosts to get rid of this message.
nid01198: Offending ECDSA key in /global/homes/q/qpzhang/.ssh/known_hosts:461
nid01198: Password authentication is disabled to avoid man-in-the-middle attacks.
nid01198: Keyboard-interactive authentication is disabled to avoid man-in-the-middle attacks.
nid01198: mv: cannot stat `/global/cscratch1/sd/qpzhang/spark/2273579/sparklogs/spark-qpzhang-org.apache.spark.deploy.worker.Worker-1-nid00422.out.4': No such file or directory
nid01198: mv: cannot stat `/global/cscratch1/sd/qpzhang/spark/2273579/sparklogs/spark-qpzhang-org.apache.spark.deploy.worker.Worker-1-nid00422.out.3': No such file or directory
nid01198: mv: cannot stat `/global/cscratch1/sd/qpzhang/spark/2273579/sparklogs/spark-qpzhang-org.apache.spark.deploy.worker.Worker-1-nid00422.out.2': No such file or directory
nid01198: mv: cannot stat `/global/cscratch1/sd/qpzhang/spark/2273579/sparklogs/spark-qpzhang-org.apache.spark.deploy.worker.Worker-1-nid00422.out': No such file or directory
nid01198: starting org.apache.spark.deploy.worker.Worker, logging to /global/cscratch1/sd/qpzhang/spark/2273579/sparklogs/spark-qpzhang-org.apache.spark.deploy.worker.Worker-1-nid00422.out
nid00941: Warning: Permanently added '[nid00941]:204,[10.128.3.180]:204' (ECDSA) to the list of known hosts.
nid00941: mv: cannot stat `/global/cscratch1/sd/qpzhang/spark/2273579/sparklogs/spark-qpzhang-org.apache.spark.deploy.worker.Worker-1-nid00422.out.1': No such file or directory
nid00941: starting org.apache.spark.deploy.worker.Worker, logging to /global/cscratch1/sd/qpzhang/spark/2273579/sparklogs/spark-qpzhang-org.apache.spark.deploy.worker.Worker-1-nid00422.out
nid02082: Warning: Permanently added '[nid02082]:204,[10.128.8.51]:204' (ECDSA) to the list of known hosts.
nid02082: starting org.apache.spark.deploy.worker.Worker, logging to /global/cscratch1/sd/qpzhang/spark/2273579/sparklogs/spark-qpzhang-org.apache.spark.deploy.worker.Worker-1-nid00422.out
nid00942: Warning: Permanently added '[nid00942]:204,[10.128.3.181]:204' (ECDSA) to the list of known hosts.
nid00942: mv: cannot stat `/global/cscratch1/sd/qpzhang/spark/2273579/sparklogs/spark-qpzhang-org.apache.spark.deploy.worker.Worker-1-nid00422.out.4': No such file or directory
nid00942: mv: cannot stat `/global/cscratch1/sd/qpzhang/spark/2273579/sparklogs/spark-qpzhang-org.apache.spark.deploy.worker.Worker-1-nid00422.out.3': No such file or directory
nid00942: mv: cannot stat `/global/cscratch1/sd/qpzhang/spark/2273579/sparklogs/spark-qpzhang-org.apache.spark.deploy.worker.Worker-1-nid00422.out.2': No such file or directory
nid00942: mv: cannot stat `/global/cscratch1/sd/qpzhang/spark/2273579/sparklogs/spark-qpzhang-org.apache.spark.deploy.worker.Worker-1-nid00422.out.1': No such file or directory
nid00942: starting org.apache.spark.deploy.worker.Worker, logging to /global/cscratch1/sd/qpzhang/spark/2273579/sparklogs/spark-qpzhang-org.apache.spark.deploy.worker.Worker-1-nid00422.out
nid02083: Warning: Permanently added '[nid02083]:204,[10.128.8.52]:204' (ECDSA) to the list of known hosts.
nid02083: starting org.apache.spark.deploy.worker.Worker, logging to /global/cscratch1/sd/qpzhang/spark/2273579/sparklogs/spark-qpzhang-org.apache.spark.deploy.worker.Worker-1-nid00422.out
nid00423: doing ssh -o StrictHostKeyChecking=no nid00423  cd /global/common/cori/software/spark/1.5.1/sbin/.. ; /usr/common/software/spark/1.5.1/sbin/stop-slave.sh
nid00424: doing ssh -o StrictHostKeyChecking=no nid00424  cd /global/common/cori/software/spark/1.5.1/sbin/.. ; /usr/common/software/spark/1.5.1/sbin/stop-slave.sh
nid00425: doing ssh -o StrictHostKeyChecking=no nid00425  cd /global/common/cori/software/spark/1.5.1/sbin/.. ; /usr/common/software/spark/1.5.1/sbin/stop-slave.sh
nid00721: doing ssh -o StrictHostKeyChecking=no nid00721  cd /global/common/cori/software/spark/1.5.1/sbin/.. ; /usr/common/software/spark/1.5.1/sbin/stop-slave.sh
nid00722: doing ssh -o StrictHostKeyChecking=no nid00722  cd /global/common/cori/software/spark/1.5.1/sbin/.. ; /usr/common/software/spark/1.5.1/sbin/stop-slave.sh
nid00759: doing ssh -o StrictHostKeyChecking=no nid00759  cd /global/common/cori/software/spark/1.5.1/sbin/.. ; /usr/common/software/spark/1.5.1/sbin/stop-slave.sh
nid00760: doing ssh -o StrictHostKeyChecking=no nid00760  cd /global/common/cori/software/spark/1.5.1/sbin/.. ; /usr/common/software/spark/1.5.1/sbin/stop-slave.sh
nid00761: doing ssh -o StrictHostKeyChecking=no nid00761  cd /global/common/cori/software/spark/1.5.1/sbin/.. ; /usr/common/software/spark/1.5.1/sbin/stop-slave.sh
nid00763: doing ssh -o StrictHostKeyChecking=no nid00763  cd /global/common/cori/software/spark/1.5.1/sbin/.. ; /usr/common/software/spark/1.5.1/sbin/stop-slave.sh
nid00764: doing ssh -o StrictHostKeyChecking=no nid00764  cd /global/common/cori/software/spark/1.5.1/sbin/.. ; /usr/common/software/spark/1.5.1/sbin/stop-slave.sh
nid00765: doing ssh -o StrictHostKeyChecking=no nid00765  cd /global/common/cori/software/spark/1.5.1/sbin/.. ; /usr/common/software/spark/1.5.1/sbin/stop-slave.sh
nid00791: doing ssh -o StrictHostKeyChecking=no nid00791  cd /global/common/cori/software/spark/1.5.1/sbin/.. ; /usr/common/software/spark/1.5.1/sbin/stop-slave.sh
nid00792: doing ssh -o StrictHostKeyChecking=no nid00792  cd /global/common/cori/software/spark/1.5.1/sbin/.. ; /usr/common/software/spark/1.5.1/sbin/stop-slave.sh
nid00889: doing ssh -o StrictHostKeyChecking=no nid00889  cd /global/common/cori/software/spark/1.5.1/sbin/.. ; /usr/common/software/spark/1.5.1/sbin/stop-slave.sh
nid00890: doing ssh -o StrictHostKeyChecking=no nid00890  cd /global/common/cori/software/spark/1.5.1/sbin/.. ; /usr/common/software/spark/1.5.1/sbin/stop-slave.sh
nid00891: doing ssh -o StrictHostKeyChecking=no nid00891  cd /global/common/cori/software/spark/1.5.1/sbin/.. ; /usr/common/software/spark/1.5.1/sbin/stop-slave.sh
nid00892: doing ssh -o StrictHostKeyChecking=no nid00892  cd /global/common/cori/software/spark/1.5.1/sbin/.. ; /usr/common/software/spark/1.5.1/sbin/stop-slave.sh
nid00893: doing ssh -o StrictHostKeyChecking=no nid00893  cd /global/common/cori/software/spark/1.5.1/sbin/.. ; /usr/common/software/spark/1.5.1/sbin/stop-slave.sh
nid00894: doing ssh -o StrictHostKeyChecking=no nid00894  cd /global/common/cori/software/spark/1.5.1/sbin/.. ; /usr/common/software/spark/1.5.1/sbin/stop-slave.sh
nid00895: doing ssh -o StrictHostKeyChecking=no nid00895  cd /global/common/cori/software/spark/1.5.1/sbin/.. ; /usr/common/software/spark/1.5.1/sbin/stop-slave.sh
nid00916: doing ssh -o StrictHostKeyChecking=no nid00916  cd /global/common/cori/software/spark/1.5.1/sbin/.. ; /usr/common/software/spark/1.5.1/sbin/stop-slave.sh
nid00917: doing ssh -o StrictHostKeyChecking=no nid00917  cd /global/common/cori/software/spark/1.5.1/sbin/.. ; /usr/common/software/spark/1.5.1/sbin/stop-slave.sh
nid00918: doing ssh -o StrictHostKeyChecking=no nid00918  cd /global/common/cori/software/spark/1.5.1/sbin/.. ; /usr/common/software/spark/1.5.1/sbin/stop-slave.sh
nid00919: doing ssh -o StrictHostKeyChecking=no nid00919  cd /global/common/cori/software/spark/1.5.1/sbin/.. ; /usr/common/software/spark/1.5.1/sbin/stop-slave.sh
nid00920: doing ssh -o StrictHostKeyChecking=no nid00920  cd /global/common/cori/software/spark/1.5.1/sbin/.. ; /usr/common/software/spark/1.5.1/sbin/stop-slave.sh
nid00933: doing ssh -o StrictHostKeyChecking=no nid00933  cd /global/common/cori/software/spark/1.5.1/sbin/.. ; /usr/common/software/spark/1.5.1/sbin/stop-slave.sh
nid00934: doing ssh -o StrictHostKeyChecking=no nid00934  cd /global/common/cori/software/spark/1.5.1/sbin/.. ; /usr/common/software/spark/1.5.1/sbin/stop-slave.sh
nid00935: doing ssh -o StrictHostKeyChecking=no nid00935  cd /global/common/cori/software/spark/1.5.1/sbin/.. ; /usr/common/software/spark/1.5.1/sbin/stop-slave.sh
nid00936: doing ssh -o StrictHostKeyChecking=no nid00936  cd /global/common/cori/software/spark/1.5.1/sbin/.. ; /usr/common/software/spark/1.5.1/sbin/stop-slave.sh
nid00941: doing ssh -o StrictHostKeyChecking=no nid00941  cd /global/common/cori/software/spark/1.5.1/sbin/.. ; /usr/common/software/spark/1.5.1/sbin/stop-slave.sh
nid00942: doing ssh -o StrictHostKeyChecking=no nid00942  cd /global/common/cori/software/spark/1.5.1/sbin/.. ; /usr/common/software/spark/1.5.1/sbin/stop-slave.sh
nid00943: doing ssh -o StrictHostKeyChecking=no nid00943  cd /global/common/cori/software/spark/1.5.1/sbin/.. ; /usr/common/software/spark/1.5.1/sbin/stop-slave.sh
nid00944: doing ssh -o StrictHostKeyChecking=no nid00944  cd /global/common/cori/software/spark/1.5.1/sbin/.. ; /usr/common/software/spark/1.5.1/sbin/stop-slave.sh
nid01198: doing ssh -o StrictHostKeyChecking=no nid01198  cd /global/common/cori/software/spark/1.5.1/sbin/.. ; /usr/common/software/spark/1.5.1/sbin/stop-slave.sh
nid01199: doing ssh -o StrictHostKeyChecking=no nid01199  cd /global/common/cori/software/spark/1.5.1/sbin/.. ; /usr/common/software/spark/1.5.1/sbin/stop-slave.sh
nid02081: doing ssh -o StrictHostKeyChecking=no nid02081  cd /global/common/cori/software/spark/1.5.1/sbin/.. ; /usr/common/software/spark/1.5.1/sbin/stop-slave.sh
nid02082: doing ssh -o StrictHostKeyChecking=no nid02082  cd /global/common/cori/software/spark/1.5.1/sbin/.. ; /usr/common/software/spark/1.5.1/sbin/stop-slave.sh
nid02083: doing ssh -o StrictHostKeyChecking=no nid02083  cd /global/common/cori/software/spark/1.5.1/sbin/.. ; /usr/common/software/spark/1.5.1/sbin/stop-slave.sh
nid02084: doing ssh -o StrictHostKeyChecking=no nid02084  cd /global/common/cori/software/spark/1.5.1/sbin/.. ; /usr/common/software/spark/1.5.1/sbin/stop-slave.sh
nid00425: @@@@@@@@@@@@@@@@@@@@@@@@@@@@@@@@@@@@@@@@@@@@@@@@@@@@@@@@@@@
nid00425: @    WARNING: REMOTE HOST IDENTIFICATION HAS CHANGED!     @
nid00425: @@@@@@@@@@@@@@@@@@@@@@@@@@@@@@@@@@@@@@@@@@@@@@@@@@@@@@@@@@@
nid00425: IT IS POSSIBLE THAT SOMEONE IS DOING SOMETHING NASTY!
nid00425: Someone could be eavesdropping on you right now (man-in-the-middle attack)!
nid00425: It is also possible that a host key has just been changed.
nid00425: The fingerprint for the ECDSA key sent by the remote host is
nid00425: SHA256:91UiXH9k+kwfgBDj87QFOPFs/NYhUB3EcaYTshHfZP0.
nid00425: Please contact your system administrator.
nid00425: Add correct host key in /global/homes/q/qpzhang/.ssh/known_hosts to get rid of this message.
nid00425: Offending ECDSA key in /global/homes/q/qpzhang/.ssh/known_hosts:246
nid00425: Password authentication is disabled to avoid man-in-the-middle attacks.
nid00425: Keyboard-interactive authentication is disabled to avoid man-in-the-middle attacks.
nid00425: stopping org.apache.spark.deploy.worker.Worker
nid00424: stopping org.apache.spark.deploy.worker.Worker
nid00423: stopping org.apache.spark.deploy.worker.Worker
nid00759: @@@@@@@@@@@@@@@@@@@@@@@@@@@@@@@@@@@@@@@@@@@@@@@@@@@@@@@@@@@
nid00759: @    WARNING: REMOTE HOST IDENTIFICATION HAS CHANGED!     @
nid00759: @@@@@@@@@@@@@@@@@@@@@@@@@@@@@@@@@@@@@@@@@@@@@@@@@@@@@@@@@@@
nid00759: IT IS POSSIBLE THAT SOMEONE IS DOING SOMETHING NASTY!
nid00759: Someone could be eavesdropping on you right now (man-in-the-middle attack)!
nid00759: It is also possible that a host key has just been changed.
nid00759: The fingerprint for the ECDSA key sent by the remote host is
nid00759: SHA256:cVfjDCLGmr0HI1Kp4/TSpv4rGMHOB3ysmwg+N98HG9w.
nid00759: Please contact your system administrator.
nid00759: Add correct host key in /global/homes/q/qpzhang/.ssh/known_hosts to get rid of this message.
nid00759: Offending ECDSA key in /global/homes/q/qpzhang/.ssh/known_hosts:481
nid00759: Password authentication is disabled to avoid man-in-the-middle attacks.
nid00759: Keyboard-interactive authentication is disabled to avoid man-in-the-middle attacks.
nid00759: stopping org.apache.spark.deploy.worker.Worker
nid00760: stopping org.apache.spark.deploy.worker.Worker
nid00761: stopping org.apache.spark.deploy.worker.Worker
nid00763: @@@@@@@@@@@@@@@@@@@@@@@@@@@@@@@@@@@@@@@@@@@@@@@@@@@@@@@@@@@
nid00763: @    WARNING: REMOTE HOST IDENTIFICATION HAS CHANGED!     @
nid00763: @@@@@@@@@@@@@@@@@@@@@@@@@@@@@@@@@@@@@@@@@@@@@@@@@@@@@@@@@@@
nid00763: IT IS POSSIBLE THAT SOMEONE IS DOING SOMETHING NASTY!
nid00763: Someone could be eavesdropping on you right now (man-in-the-middle attack)!
nid00763: It is also possible that a host key has just been changed.
nid00763: The fingerprint for the ECDSA key sent by the remote host is
nid00763: SHA256:tcBkczFtVYxwvH8peXif+R84uMxlC5k1MRju6l0+QpU.
nid00763: Please contact your system administrator.
nid00763: Add correct host key in /global/homes/q/qpzhang/.ssh/known_hosts to get rid of this message.
nid00763: Offending ECDSA key in /global/homes/q/qpzhang/.ssh/known_hosts:525
nid00763: Password authentication is disabled to avoid man-in-the-middle attacks.
nid00763: Keyboard-interactive authentication is disabled to avoid man-in-the-middle attacks.
nid00763: stopping org.apache.spark.deploy.worker.Worker
nid00721: stopping org.apache.spark.deploy.worker.Worker
nid00722: stopping org.apache.spark.deploy.worker.Worker
nid00889: @@@@@@@@@@@@@@@@@@@@@@@@@@@@@@@@@@@@@@@@@@@@@@@@@@@@@@@@@@@
nid00889: @    WARNING: REMOTE HOST IDENTIFICATION HAS CHANGED!     @
nid00889: @@@@@@@@@@@@@@@@@@@@@@@@@@@@@@@@@@@@@@@@@@@@@@@@@@@@@@@@@@@
nid00889: IT IS POSSIBLE THAT SOMEONE IS DOING SOMETHING NASTY!
nid00889: Someone could be eavesdropping on you right now (man-in-the-middle attack)!
nid00889: It is also possible that a host key has just been changed.
nid00889: The fingerprint for the ECDSA key sent by the remote host is
nid00889: SHA256:Ezd1pofQXWIUKkb8sG1tARLLLvtBScWbvdRupz5D80k.
nid00889: Please contact your system administrator.
nid00889: Add correct host key in /global/homes/q/qpzhang/.ssh/known_hosts to get rid of this message.
nid00889: Offending ECDSA key in /global/homes/q/qpzhang/.ssh/known_hosts:282
nid00889: Password authentication is disabled to avoid man-in-the-middle attacks.
nid00889: Keyboard-interactive authentication is disabled to avoid man-in-the-middle attacks.
nid00889: stopping org.apache.spark.deploy.worker.Worker
nid00764: stopping org.apache.spark.deploy.worker.Worker
nid00890: @@@@@@@@@@@@@@@@@@@@@@@@@@@@@@@@@@@@@@@@@@@@@@@@@@@@@@@@@@@
nid00890: @    WARNING: REMOTE HOST IDENTIFICATION HAS CHANGED!     @
nid00890: @@@@@@@@@@@@@@@@@@@@@@@@@@@@@@@@@@@@@@@@@@@@@@@@@@@@@@@@@@@
nid00890: IT IS POSSIBLE THAT SOMEONE IS DOING SOMETHING NASTY!
nid00890: Someone could be eavesdropping on you right now (man-in-the-middle attack)!
nid00890: It is also possible that a host key has just been changed.
nid00890: The fingerprint for the ECDSA key sent by the remote host is
nid00890: SHA256:hLMWz6sRgE15YMj2GNJPBOPc6Dc8lNlHZrx8afqgRzo.
nid00890: Please contact your system administrator.
nid00890: Add correct host key in /global/homes/q/qpzhang/.ssh/known_hosts to get rid of this message.
nid00890: Offending ECDSA key in /global/homes/q/qpzhang/.ssh/known_hosts:285
nid00890: Password authentication is disabled to avoid man-in-the-middle attacks.
nid00890: Keyboard-interactive authentication is disabled to avoid man-in-the-middle attacks.
nid00890: stopping org.apache.spark.deploy.worker.Worker
nid00891: @@@@@@@@@@@@@@@@@@@@@@@@@@@@@@@@@@@@@@@@@@@@@@@@@@@@@@@@@@@
nid00891: @    WARNING: REMOTE HOST IDENTIFICATION HAS CHANGED!     @
nid00891: @@@@@@@@@@@@@@@@@@@@@@@@@@@@@@@@@@@@@@@@@@@@@@@@@@@@@@@@@@@
nid00891: IT IS POSSIBLE THAT SOMEONE IS DOING SOMETHING NASTY!
nid00891: Someone could be eavesdropping on you right now (man-in-the-middle attack)!
nid00891: It is also possible that a host key has just been changed.
nid00891: The fingerprint for the ECDSA key sent by the remote host is
nid00891: SHA256:wmk/XJfLYMj/2xjHa4BCTP8xoE7alHoTED/dDY2BER8.
nid00891: Please contact your system administrator.
nid00891: Add correct host key in /global/homes/q/qpzhang/.ssh/known_hosts to get rid of this message.
nid00891: Offending ECDSA key in /global/homes/q/qpzhang/.ssh/known_hosts:284
nid00891: Password authentication is disabled to avoid man-in-the-middle attacks.
nid00891: Keyboard-interactive authentication is disabled to avoid man-in-the-middle attacks.
nid00891: stopping org.apache.spark.deploy.worker.Worker
nid00765: stopping org.apache.spark.deploy.worker.Worker
nid00892: stopping org.apache.spark.deploy.worker.Worker
nid00893: stopping org.apache.spark.deploy.worker.Worker
nid00792: stopping org.apache.spark.deploy.worker.Worker
nid00791: stopping org.apache.spark.deploy.worker.Worker
nid00895: @@@@@@@@@@@@@@@@@@@@@@@@@@@@@@@@@@@@@@@@@@@@@@@@@@@@@@@@@@@
nid00895: @    WARNING: REMOTE HOST IDENTIFICATION HAS CHANGED!     @
nid00895: @@@@@@@@@@@@@@@@@@@@@@@@@@@@@@@@@@@@@@@@@@@@@@@@@@@@@@@@@@@
nid00895: IT IS POSSIBLE THAT SOMEONE IS DOING SOMETHING NASTY!
nid00895: Someone could be eavesdropping on you right now (man-in-the-middle attack)!
nid00895: It is also possible that a host key has just been changed.
nid00895: The fingerprint for the ECDSA key sent by the remote host is
nid00895: SHA256:fmZ0sYxQ+AumRo2+pk7UX0yTtczaHJ45c383pi8pSLw.
nid00895: Please contact your system administrator.
nid00895: Add correct host key in /global/homes/q/qpzhang/.ssh/known_hosts to get rid of this message.
nid00895: Offending ECDSA key in /global/homes/q/qpzhang/.ssh/known_hosts:880
nid00895: Password authentication is disabled to avoid man-in-the-middle attacks.
nid00895: Keyboard-interactive authentication is disabled to avoid man-in-the-middle attacks.
nid00895: stopping org.apache.spark.deploy.worker.Worker
nid00918: @@@@@@@@@@@@@@@@@@@@@@@@@@@@@@@@@@@@@@@@@@@@@@@@@@@@@@@@@@@
nid00918: @    WARNING: REMOTE HOST IDENTIFICATION HAS CHANGED!     @
nid00918: @@@@@@@@@@@@@@@@@@@@@@@@@@@@@@@@@@@@@@@@@@@@@@@@@@@@@@@@@@@
nid00918: IT IS POSSIBLE THAT SOMEONE IS DOING SOMETHING NASTY!
nid00918: Someone could be eavesdropping on you right now (man-in-the-middle attack)!
nid00918: It is also possible that a host key has just been changed.
nid00918: The fingerprint for the ECDSA key sent by the remote host is
nid00918: SHA256:a1y4ZV1mHGBUbkjx+b+3z8RkTFSqpUgZoB7LRNLxhYw.
nid00918: Please contact your system administrator.
nid00918: Add correct host key in /global/homes/q/qpzhang/.ssh/known_hosts to get rid of this message.
nid00918: Offending ECDSA key in /global/homes/q/qpzhang/.ssh/known_hosts:301
nid00918: Password authentication is disabled to avoid man-in-the-middle attacks.
nid00918: Keyboard-interactive authentication is disabled to avoid man-in-the-middle attacks.
nid00918: stopping org.apache.spark.deploy.worker.Worker
nid00894: @@@@@@@@@@@@@@@@@@@@@@@@@@@@@@@@@@@@@@@@@@@@@@@@@@@@@@@@@@@
nid00894: @    WARNING: REMOTE HOST IDENTIFICATION HAS CHANGED!     @
nid00894: @@@@@@@@@@@@@@@@@@@@@@@@@@@@@@@@@@@@@@@@@@@@@@@@@@@@@@@@@@@
nid00894: IT IS POSSIBLE THAT SOMEONE IS DOING SOMETHING NASTY!
nid00894: Someone could be eavesdropping on you right now (man-in-the-middle attack)!
nid00894: It is also possible that a host key has just been changed.
nid00894: The fingerprint for the ECDSA key sent by the remote host is
nid00894: SHA256:pdxR4Jn0p07bmC0Ul1vPHDYxEL1jWwJrwGv045f524I.
nid00894: Please contact your system administrator.
nid00894: Add correct host key in /global/homes/q/qpzhang/.ssh/known_hosts to get rid of this message.
nid00894: Offending ECDSA key in /global/homes/q/qpzhang/.ssh/known_hosts:878
nid00894: Password authentication is disabled to avoid man-in-the-middle attacks.
nid00894: Keyboard-interactive authentication is disabled to avoid man-in-the-middle attacks.
nid00894: stopping org.apache.spark.deploy.worker.Worker
nid00917: @@@@@@@@@@@@@@@@@@@@@@@@@@@@@@@@@@@@@@@@@@@@@@@@@@@@@@@@@@@
nid00917: @    WARNING: REMOTE HOST IDENTIFICATION HAS CHANGED!     @
nid00917: @@@@@@@@@@@@@@@@@@@@@@@@@@@@@@@@@@@@@@@@@@@@@@@@@@@@@@@@@@@
nid00917: IT IS POSSIBLE THAT SOMEONE IS DOING SOMETHING NASTY!
nid00917: Someone could be eavesdropping on you right now (man-in-the-middle attack)!
nid00917: It is also possible that a host key has just been changed.
nid00917: The fingerprint for the ECDSA key sent by the remote host is
nid00917: SHA256:dZHiWFzZE5rPnGpD/S1+nQ/E/kWMumgN9vUfZdaBC3A.
nid00917: Please contact your system administrator.
nid00917: Add correct host key in /global/homes/q/qpzhang/.ssh/known_hosts to get rid of this message.
nid00917: Offending ECDSA key in /global/homes/q/qpzhang/.ssh/known_hosts:485
nid00917: Password authentication is disabled to avoid man-in-the-middle attacks.
nid00917: Keyboard-interactive authentication is disabled to avoid man-in-the-middle attacks.
nid00917: stopping org.apache.spark.deploy.worker.Worker
nid00919: @@@@@@@@@@@@@@@@@@@@@@@@@@@@@@@@@@@@@@@@@@@@@@@@@@@@@@@@@@@
nid00919: @    WARNING: REMOTE HOST IDENTIFICATION HAS CHANGED!     @
nid00919: @@@@@@@@@@@@@@@@@@@@@@@@@@@@@@@@@@@@@@@@@@@@@@@@@@@@@@@@@@@
nid00919: IT IS POSSIBLE THAT SOMEONE IS DOING SOMETHING NASTY!
nid00919: Someone could be eavesdropping on you right now (man-in-the-middle attack)!
nid00919: It is also possible that a host key has just been changed.
nid00919: The fingerprint for the ECDSA key sent by the remote host is
nid00919: SHA256:sZxPmcfGyz11vrRckOmbnAzgO1eh9asVKemi0jhGtJs.
nid00919: Please contact your system administrator.
nid00919: Add correct host key in /global/homes/q/qpzhang/.ssh/known_hosts to get rid of this message.
nid00919: Offending ECDSA key in /global/homes/q/qpzhang/.ssh/known_hosts:881
nid00919: Password authentication is disabled to avoid man-in-the-middle attacks.
nid00919: Keyboard-interactive authentication is disabled to avoid man-in-the-middle attacks.
nid00919: stopping org.apache.spark.deploy.worker.Worker
nid00920: stopping org.apache.spark.deploy.worker.Worker
nid00916: stopping org.apache.spark.deploy.worker.Worker
nid00933: @@@@@@@@@@@@@@@@@@@@@@@@@@@@@@@@@@@@@@@@@@@@@@@@@@@@@@@@@@@
nid00933: @    WARNING: REMOTE HOST IDENTIFICATION HAS CHANGED!     @
nid00933: @@@@@@@@@@@@@@@@@@@@@@@@@@@@@@@@@@@@@@@@@@@@@@@@@@@@@@@@@@@
nid00933: IT IS POSSIBLE THAT SOMEONE IS DOING SOMETHING NASTY!
nid00933: Someone could be eavesdropping on you right now (man-in-the-middle attack)!
nid00933: It is also possible that a host key has just been changed.
nid00933: The fingerprint for the ECDSA key sent by the remote host is
nid00933: SHA256:dsZ4NSSdJIUj6KzxdatQG2UrZ2Vu8GNlek2KVymlnC4.
nid00933: Please contact your system administrator.
nid00933: Add correct host key in /global/homes/q/qpzhang/.ssh/known_hosts to get rid of this message.
nid00933: Offending ECDSA key in /global/homes/q/qpzhang/.ssh/known_hosts:366
nid00933: Password authentication is disabled to avoid man-in-the-middle attacks.
nid00933: Keyboard-interactive authentication is disabled to avoid man-in-the-middle attacks.
nid00933: stopping org.apache.spark.deploy.worker.Worker
nid00934: @@@@@@@@@@@@@@@@@@@@@@@@@@@@@@@@@@@@@@@@@@@@@@@@@@@@@@@@@@@
nid00934: @    WARNING: REMOTE HOST IDENTIFICATION HAS CHANGED!     @
nid00934: @@@@@@@@@@@@@@@@@@@@@@@@@@@@@@@@@@@@@@@@@@@@@@@@@@@@@@@@@@@
nid00934: IT IS POSSIBLE THAT SOMEONE IS DOING SOMETHING NASTY!
nid00934: Someone could be eavesdropping on you right now (man-in-the-middle attack)!
nid00934: It is also possible that a host key has just been changed.
nid00934: The fingerprint for the ECDSA key sent by the remote host is
nid00934: SHA256:OP1Mw8DegvPxooKZ1ef8UBUt5Ncph9RyHKyehw6KkLc.
nid00934: Please contact your system administrator.
nid00934: Add correct host key in /global/homes/q/qpzhang/.ssh/known_hosts to get rid of this message.
nid00934: Offending ECDSA key in /global/homes/q/qpzhang/.ssh/known_hosts:365
nid00934: Password authentication is disabled to avoid man-in-the-middle attacks.
nid00934: Keyboard-interactive authentication is disabled to avoid man-in-the-middle attacks.
nid00934: stopping org.apache.spark.deploy.worker.Worker
nid00935: @@@@@@@@@@@@@@@@@@@@@@@@@@@@@@@@@@@@@@@@@@@@@@@@@@@@@@@@@@@
nid00935: @    WARNING: REMOTE HOST IDENTIFICATION HAS CHANGED!     @
nid00935: @@@@@@@@@@@@@@@@@@@@@@@@@@@@@@@@@@@@@@@@@@@@@@@@@@@@@@@@@@@
nid00935: IT IS POSSIBLE THAT SOMEONE IS DOING SOMETHING NASTY!
nid00935: Someone could be eavesdropping on you right now (man-in-the-middle attack)!
nid00935: It is also possible that a host key has just been changed.
nid00935: The fingerprint for the ECDSA key sent by the remote host is
nid00935: SHA256:4LGowXCNctHR3l0dCNPhWl+7DaXdWvstGZrrl+N3cl0.
nid00935: Please contact your system administrator.
nid00935: Add correct host key in /global/homes/q/qpzhang/.ssh/known_hosts to get rid of this message.
nid00935: Offending ECDSA key in /global/homes/q/qpzhang/.ssh/known_hosts:367
nid00935: Password authentication is disabled to avoid man-in-the-middle attacks.
nid00935: Keyboard-interactive authentication is disabled to avoid man-in-the-middle attacks.
nid00935: stopping org.apache.spark.deploy.worker.Worker
nid00936: @@@@@@@@@@@@@@@@@@@@@@@@@@@@@@@@@@@@@@@@@@@@@@@@@@@@@@@@@@@
nid00936: @    WARNING: REMOTE HOST IDENTIFICATION HAS CHANGED!     @
nid00936: @@@@@@@@@@@@@@@@@@@@@@@@@@@@@@@@@@@@@@@@@@@@@@@@@@@@@@@@@@@
nid00936: IT IS POSSIBLE THAT SOMEONE IS DOING SOMETHING NASTY!
nid00936: Someone could be eavesdropping on you right now (man-in-the-middle attack)!
nid00936: It is also possible that a host key has just been changed.
nid00936: The fingerprint for the ECDSA key sent by the remote host is
nid00936: SHA256:LMSt2nPDEUPst3YGLR5oF27uqtEJghvkXm7GsqpOakw.
nid00936: Please contact your system administrator.
nid00936: Add correct host key in /global/homes/q/qpzhang/.ssh/known_hosts to get rid of this message.
nid00936: Offending ECDSA key in /global/homes/q/qpzhang/.ssh/known_hosts:555
nid00936: Password authentication is disabled to avoid man-in-the-middle attacks.
nid00936: Keyboard-interactive authentication is disabled to avoid man-in-the-middle attacks.
nid00936: stopping org.apache.spark.deploy.worker.Worker
nid00944: stopping org.apache.spark.deploy.worker.Worker
nid00942: stopping org.apache.spark.deploy.worker.Worker
nid00941: stopping org.apache.spark.deploy.worker.Worker
nid01198: @@@@@@@@@@@@@@@@@@@@@@@@@@@@@@@@@@@@@@@@@@@@@@@@@@@@@@@@@@@
nid01198: @    WARNING: REMOTE HOST IDENTIFICATION HAS CHANGED!     @
nid01198: @@@@@@@@@@@@@@@@@@@@@@@@@@@@@@@@@@@@@@@@@@@@@@@@@@@@@@@@@@@
nid01198: IT IS POSSIBLE THAT SOMEONE IS DOING SOMETHING NASTY!
nid01198: Someone could be eavesdropping on you right now (man-in-the-middle attack)!
nid01198: It is also possible that a host key has just been changed.
nid01198: The fingerprint for the ECDSA key sent by the remote host is
nid01198: SHA256:st/BMT/p9KTdNhDbtDCcD9DEZfY1OqUDWEeSgVrMCDE.
nid01198: Please contact your system administrator.
nid01198: Add correct host key in /global/homes/q/qpzhang/.ssh/known_hosts to get rid of this message.
nid01198: Offending ECDSA key in /global/homes/q/qpzhang/.ssh/known_hosts:461
nid01198: Password authentication is disabled to avoid man-in-the-middle attacks.
nid01198: Keyboard-interactive authentication is disabled to avoid man-in-the-middle attacks.
nid01198: stopping org.apache.spark.deploy.worker.Worker
nid00943: stopping org.apache.spark.deploy.worker.Worker
nid01199: @@@@@@@@@@@@@@@@@@@@@@@@@@@@@@@@@@@@@@@@@@@@@@@@@@@@@@@@@@@
nid01199: @    WARNING: REMOTE HOST IDENTIFICATION HAS CHANGED!     @
nid01199: @@@@@@@@@@@@@@@@@@@@@@@@@@@@@@@@@@@@@@@@@@@@@@@@@@@@@@@@@@@
nid01199: IT IS POSSIBLE THAT SOMEONE IS DOING SOMETHING NASTY!
nid01199: Someone could be eavesdropping on you right now (man-in-the-middle attack)!
nid01199: It is also possible that a host key has just been changed.
nid01199: The fingerprint for the ECDSA key sent by the remote host is
nid01199: SHA256:lNJkn/Z1vmsIdpAAKgJHC67YfyTF7ZXuyqSilMN6uo4.
nid01199: Please contact your system administrator.
nid01199: Add correct host key in /global/homes/q/qpzhang/.ssh/known_hosts to get rid of this message.
nid01199: Offending ECDSA key in /global/homes/q/qpzhang/.ssh/known_hosts:509
nid01199: Password authentication is disabled to avoid man-in-the-middle attacks.
nid01199: Keyboard-interactive authentication is disabled to avoid man-in-the-middle attacks.
nid01199: stopping org.apache.spark.deploy.worker.Worker
nid02081: @@@@@@@@@@@@@@@@@@@@@@@@@@@@@@@@@@@@@@@@@@@@@@@@@@@@@@@@@@@
nid02081: @    WARNING: REMOTE HOST IDENTIFICATION HAS CHANGED!     @
nid02081: @@@@@@@@@@@@@@@@@@@@@@@@@@@@@@@@@@@@@@@@@@@@@@@@@@@@@@@@@@@
nid02081: IT IS POSSIBLE THAT SOMEONE IS DOING SOMETHING NASTY!
nid02081: Someone could be eavesdropping on you right now (man-in-the-middle attack)!
nid02081: It is also possible that a host key has just been changed.
nid02081: The fingerprint for the ECDSA key sent by the remote host is
nid02081: SHA256:3fDUSN0CHcSf7sAd5ZeJnPGKzVDr8ohTBgOezelv22Q.
nid02081: Please contact your system administrator.
nid02081: Add correct host key in /global/homes/q/qpzhang/.ssh/known_hosts to get rid of this message.
nid02081: Offending ECDSA key in /global/homes/q/qpzhang/.ssh/known_hosts:780
nid02081: Password authentication is disabled to avoid man-in-the-middle attacks.
nid02081: Keyboard-interactive authentication is disabled to avoid man-in-the-middle attacks.
nid02081: stopping org.apache.spark.deploy.worker.Worker
nid02082: stopping org.apache.spark.deploy.worker.Worker
nid02083: stopping org.apache.spark.deploy.worker.Worker
nid02084: stopping org.apache.spark.deploy.worker.Worker
stopping org.apache.spark.deploy.master.Master
