writing to /global/cscratch1/sd/qpzhang/spark_env
starting org.apache.spark.deploy.master.Master, logging to /global/cscratch1/sd/qpzhang/spark/2296488/sparklogs/spark-qpzhang-org.apache.spark.deploy.master.Master-1-nid00381.out
/global/common/cori/software/spark/1.5.1/sbin/..
nid00602: doing ssh -o StrictHostKeyChecking=no nid00602  cd /global/common/cori/software/spark/1.5.1/sbin/.. ; /usr/common/software/spark/1.5.1/sbin/start-slave.sh spark://nid00381:7077
nid01215: doing ssh -o StrictHostKeyChecking=no nid01215  cd /global/common/cori/software/spark/1.5.1/sbin/.. ; /usr/common/software/spark/1.5.1/sbin/start-slave.sh spark://nid00381:7077
nid01232: doing ssh -o StrictHostKeyChecking=no nid01232  cd /global/common/cori/software/spark/1.5.1/sbin/.. ; /usr/common/software/spark/1.5.1/sbin/start-slave.sh spark://nid00381:7077
nid01233: doing ssh -o StrictHostKeyChecking=no nid01233  cd /global/common/cori/software/spark/1.5.1/sbin/.. ; /usr/common/software/spark/1.5.1/sbin/start-slave.sh spark://nid00381:7077
nid01234: doing ssh -o StrictHostKeyChecking=no nid01234  cd /global/common/cori/software/spark/1.5.1/sbin/.. ; /usr/common/software/spark/1.5.1/sbin/start-slave.sh spark://nid00381:7077
nid01235: doing ssh -o StrictHostKeyChecking=no nid01235  cd /global/common/cori/software/spark/1.5.1/sbin/.. ; /usr/common/software/spark/1.5.1/sbin/start-slave.sh spark://nid00381:7077
nid01240: doing ssh -o StrictHostKeyChecking=no nid01240  cd /global/common/cori/software/spark/1.5.1/sbin/.. ; /usr/common/software/spark/1.5.1/sbin/start-slave.sh spark://nid00381:7077
nid01373: doing ssh -o StrictHostKeyChecking=no nid01373  cd /global/common/cori/software/spark/1.5.1/sbin/.. ; /usr/common/software/spark/1.5.1/sbin/start-slave.sh spark://nid00381:7077
nid01398: doing ssh -o StrictHostKeyChecking=no nid01398  cd /global/common/cori/software/spark/1.5.1/sbin/.. ; /usr/common/software/spark/1.5.1/sbin/start-slave.sh spark://nid00381:7077
nid01405: doing ssh -o StrictHostKeyChecking=no nid01405  cd /global/common/cori/software/spark/1.5.1/sbin/.. ; /usr/common/software/spark/1.5.1/sbin/start-slave.sh spark://nid00381:7077
nid01438: doing ssh -o StrictHostKeyChecking=no nid01438  cd /global/common/cori/software/spark/1.5.1/sbin/.. ; /usr/common/software/spark/1.5.1/sbin/start-slave.sh spark://nid00381:7077
nid01501: doing ssh -o StrictHostKeyChecking=no nid01501  cd /global/common/cori/software/spark/1.5.1/sbin/.. ; /usr/common/software/spark/1.5.1/sbin/start-slave.sh spark://nid00381:7077
nid01639: doing ssh -o StrictHostKeyChecking=no nid01639  cd /global/common/cori/software/spark/1.5.1/sbin/.. ; /usr/common/software/spark/1.5.1/sbin/start-slave.sh spark://nid00381:7077
nid01640: doing ssh -o StrictHostKeyChecking=no nid01640  cd /global/common/cori/software/spark/1.5.1/sbin/.. ; /usr/common/software/spark/1.5.1/sbin/start-slave.sh spark://nid00381:7077
nid01724: doing ssh -o StrictHostKeyChecking=no nid01724  cd /global/common/cori/software/spark/1.5.1/sbin/.. ; /usr/common/software/spark/1.5.1/sbin/start-slave.sh spark://nid00381:7077
nid01880: doing ssh -o StrictHostKeyChecking=no nid01880  cd /global/common/cori/software/spark/1.5.1/sbin/.. ; /usr/common/software/spark/1.5.1/sbin/start-slave.sh spark://nid00381:7077
nid01956: doing ssh -o StrictHostKeyChecking=no nid01956  cd /global/common/cori/software/spark/1.5.1/sbin/.. ; /usr/common/software/spark/1.5.1/sbin/start-slave.sh spark://nid00381:7077
nid02028: doing ssh -o StrictHostKeyChecking=no nid02028  cd /global/common/cori/software/spark/1.5.1/sbin/.. ; /usr/common/software/spark/1.5.1/sbin/start-slave.sh spark://nid00381:7077
nid02070: doing ssh -o StrictHostKeyChecking=no nid02070  cd /global/common/cori/software/spark/1.5.1/sbin/.. ; /usr/common/software/spark/1.5.1/sbin/start-slave.sh spark://nid00381:7077
nid01233: Warning: Permanently added '[nid01233]:204,[10.128.4.218]:204' (ECDSA) to the list of known hosts.
nid01233: starting org.apache.spark.deploy.worker.Worker, logging to /global/cscratch1/sd/qpzhang/spark/2296488/sparklogs/spark-qpzhang-org.apache.spark.deploy.worker.Worker-1-nid00381.out
nid01232: Warning: Permanently added '[nid01232]:204,[10.128.4.217]:204' (ECDSA) to the list of known hosts.
nid01232: starting org.apache.spark.deploy.worker.Worker, logging to /global/cscratch1/sd/qpzhang/spark/2296488/sparklogs/spark-qpzhang-org.apache.spark.deploy.worker.Worker-1-nid00381.out
nid00602: Warning: Permanently added '[nid00602]:204,[10.128.2.95]:204' (ECDSA) to the list of known hosts.
nid00602: starting org.apache.spark.deploy.worker.Worker, logging to /global/cscratch1/sd/qpzhang/spark/2296488/sparklogs/spark-qpzhang-org.apache.spark.deploy.worker.Worker-1-nid00381.out
nid01234: Warning: Permanently added '[nid01234]:204,[10.128.4.219]:204' (ECDSA) to the list of known hosts.
nid01234: starting org.apache.spark.deploy.worker.Worker, logging to /global/cscratch1/sd/qpzhang/spark/2296488/sparklogs/spark-qpzhang-org.apache.spark.deploy.worker.Worker-1-nid00381.out
nid01215: @@@@@@@@@@@@@@@@@@@@@@@@@@@@@@@@@@@@@@@@@@@@@@@@@@@@@@@@@@@
nid01215: @    WARNING: REMOTE HOST IDENTIFICATION HAS CHANGED!     @
nid01215: @@@@@@@@@@@@@@@@@@@@@@@@@@@@@@@@@@@@@@@@@@@@@@@@@@@@@@@@@@@
nid01215: IT IS POSSIBLE THAT SOMEONE IS DOING SOMETHING NASTY!
nid01215: Someone could be eavesdropping on you right now (man-in-the-middle attack)!
nid01215: It is also possible that a host key has just been changed.
nid01215: The fingerprint for the ECDSA key sent by the remote host is
nid01215: SHA256:SAD8Q/VHc9Va1so/otJVSF8aVTq/YA49xCTjcj4YSWE.
nid01215: Please contact your system administrator.
nid01215: Add correct host key in /global/homes/q/qpzhang/.ssh/known_hosts to get rid of this message.
nid01215: Offending ECDSA key in /global/homes/q/qpzhang/.ssh/known_hosts:419
nid01215: Password authentication is disabled to avoid man-in-the-middle attacks.
nid01215: Keyboard-interactive authentication is disabled to avoid man-in-the-middle attacks.
nid01215: starting org.apache.spark.deploy.worker.Worker, logging to /global/cscratch1/sd/qpzhang/spark/2296488/sparklogs/spark-qpzhang-org.apache.spark.deploy.worker.Worker-1-nid00381.out
nid01398: Warning: Permanently added '[nid01398]:204,[10.128.5.129]:204' (ECDSA) to the list of known hosts.
nid01398: mv: cannot stat `/global/cscratch1/sd/qpzhang/spark/2296488/sparklogs/spark-qpzhang-org.apache.spark.deploy.worker.Worker-1-nid00381.out': No such file or directory
nid01398: starting org.apache.spark.deploy.worker.Worker, logging to /global/cscratch1/sd/qpzhang/spark/2296488/sparklogs/spark-qpzhang-org.apache.spark.deploy.worker.Worker-1-nid00381.out
nid01438: @@@@@@@@@@@@@@@@@@@@@@@@@@@@@@@@@@@@@@@@@@@@@@@@@@@@@@@@@@@
nid01438: @    WARNING: REMOTE HOST IDENTIFICATION HAS CHANGED!     @
nid01438: @@@@@@@@@@@@@@@@@@@@@@@@@@@@@@@@@@@@@@@@@@@@@@@@@@@@@@@@@@@
nid01438: IT IS POSSIBLE THAT SOMEONE IS DOING SOMETHING NASTY!
nid01438: Someone could be eavesdropping on you right now (man-in-the-middle attack)!
nid01438: It is also possible that a host key has just been changed.
nid01438: The fingerprint for the ECDSA key sent by the remote host is
nid01438: SHA256:+Hntcc7inpEPUn8ETxr3P4NFkchcVyobtzsBTkw91Y0.
nid01438: Please contact your system administrator.
nid01438: Add correct host key in /global/homes/q/qpzhang/.ssh/known_hosts to get rid of this message.
nid01438: Offending ECDSA key in /global/homes/q/qpzhang/.ssh/known_hosts:916
nid01438: Password authentication is disabled to avoid man-in-the-middle attacks.
nid01438: Keyboard-interactive authentication is disabled to avoid man-in-the-middle attacks.
nid01438: mv: cannot stat `/global/cscratch1/sd/qpzhang/spark/2296488/sparklogs/spark-qpzhang-org.apache.spark.deploy.worker.Worker-1-nid00381.out': No such file or directory
nid01438: starting org.apache.spark.deploy.worker.Worker, logging to /global/cscratch1/sd/qpzhang/spark/2296488/sparklogs/spark-qpzhang-org.apache.spark.deploy.worker.Worker-1-nid00381.out
nid01640: Warning: Permanently added '[nid01640]:204,[10.128.6.117]:204' (ECDSA) to the list of known hosts.
nid01640: mv: cannot move `/global/cscratch1/sd/qpzhang/spark/2296488/sparklogs/spark-qpzhang-org.apache.spark.deploy.worker.Worker-1-nid00381.out' to `/global/cscratch1/sd/qpzhang/spark/2296488/sparklogs/spark-qpzhang-org.apache.spark.deploy.worker.Worker-1-nid00381.out.1': No such file or directory
nid01640: starting org.apache.spark.deploy.worker.Worker, logging to /global/cscratch1/sd/qpzhang/spark/2296488/sparklogs/spark-qpzhang-org.apache.spark.deploy.worker.Worker-1-nid00381.out
nid01235: Warning: Permanently added '[nid01235]:204,[10.128.4.220]:204' (ECDSA) to the list of known hosts.
nid01235: starting org.apache.spark.deploy.worker.Worker, logging to /global/cscratch1/sd/qpzhang/spark/2296488/sparklogs/spark-qpzhang-org.apache.spark.deploy.worker.Worker-1-nid00381.out
nid01639: Warning: Permanently added '[nid01639]:204,[10.128.6.116]:204' (ECDSA) to the list of known hosts.
nid01639: starting org.apache.spark.deploy.worker.Worker, logging to /global/cscratch1/sd/qpzhang/spark/2296488/sparklogs/spark-qpzhang-org.apache.spark.deploy.worker.Worker-1-nid00381.out
nid01405: @@@@@@@@@@@@@@@@@@@@@@@@@@@@@@@@@@@@@@@@@@@@@@@@@@@@@@@@@@@
nid01405: @    WARNING: REMOTE HOST IDENTIFICATION HAS CHANGED!     @
nid01405: @@@@@@@@@@@@@@@@@@@@@@@@@@@@@@@@@@@@@@@@@@@@@@@@@@@@@@@@@@@
nid01405: IT IS POSSIBLE THAT SOMEONE IS DOING SOMETHING NASTY!
nid01405: Someone could be eavesdropping on you right now (man-in-the-middle attack)!
nid01405: It is also possible that a host key has just been changed.
nid01405: The fingerprint for the ECDSA key sent by the remote host is
nid01405: SHA256:ThJywL4F8c23wj2aG3kv8U01K1VTr3d/E8NbDCtd+Nk.
nid01405: Please contact your system administrator.
nid01405: Add correct host key in /global/homes/q/qpzhang/.ssh/known_hosts to get rid of this message.
nid01405: Offending ECDSA key in /global/homes/q/qpzhang/.ssh/known_hosts:907
nid01405: Password authentication is disabled to avoid man-in-the-middle attacks.
nid01405: Keyboard-interactive authentication is disabled to avoid man-in-the-middle attacks.
nid01405: mv: cannot move `/global/cscratch1/sd/qpzhang/spark/2296488/sparklogs/spark-qpzhang-org.apache.spark.deploy.worker.Worker-1-nid00381.out.2' to `/global/cscratch1/sd/qpzhang/spark/2296488/sparklogs/spark-qpzhang-org.apache.spark.deploy.worker.Worker-1-nid00381.out.3': No such file or directory
nid01405: mv: `/global/cscratch1/sd/qpzhang/spark/2296488/sparklogs/spark-qpzhang-org.apache.spark.deploy.worker.Worker-1-nid00381.out' and `/global/cscratch1/sd/qpzhang/spark/2296488/sparklogs/spark-qpzhang-org.apache.spark.deploy.worker.Worker-1-nid00381.out.1' are the same file
nid01405: starting org.apache.spark.deploy.worker.Worker, logging to /global/cscratch1/sd/qpzhang/spark/2296488/sparklogs/spark-qpzhang-org.apache.spark.deploy.worker.Worker-1-nid00381.out
nid01373: @@@@@@@@@@@@@@@@@@@@@@@@@@@@@@@@@@@@@@@@@@@@@@@@@@@@@@@@@@@
nid01373: @    WARNING: REMOTE HOST IDENTIFICATION HAS CHANGED!     @
nid01373: @@@@@@@@@@@@@@@@@@@@@@@@@@@@@@@@@@@@@@@@@@@@@@@@@@@@@@@@@@@
nid01373: IT IS POSSIBLE THAT SOMEONE IS DOING SOMETHING NASTY!
nid01373: Someone could be eavesdropping on you right now (man-in-the-middle attack)!
nid01373: It is also possible that a host key has just been changed.
nid01373: The fingerprint for the ECDSA key sent by the remote host is
nid01373: SHA256:qXbZWBDVQ6f4I8DktDcA0bU+yh3Wuita5ppx1NDEm+w.
nid01373: Please contact your system administrator.
nid01373: Add correct host key in /global/homes/q/qpzhang/.ssh/known_hosts to get rid of this message.
nid01373: Offending ECDSA key in /global/homes/q/qpzhang/.ssh/known_hosts:803
nid01373: Password authentication is disabled to avoid man-in-the-middle attacks.
nid01373: Keyboard-interactive authentication is disabled to avoid man-in-the-middle attacks.
nid01373: mv: cannot stat `/global/cscratch1/sd/qpzhang/spark/2296488/sparklogs/spark-qpzhang-org.apache.spark.deploy.worker.Worker-1-nid00381.out.1': No such file or directory
nid01373: starting org.apache.spark.deploy.worker.Worker, logging to /global/cscratch1/sd/qpzhang/spark/2296488/sparklogs/spark-qpzhang-org.apache.spark.deploy.worker.Worker-1-nid00381.out
nid01501: @@@@@@@@@@@@@@@@@@@@@@@@@@@@@@@@@@@@@@@@@@@@@@@@@@@@@@@@@@@
nid01501: @    WARNING: REMOTE HOST IDENTIFICATION HAS CHANGED!     @
nid01501: @@@@@@@@@@@@@@@@@@@@@@@@@@@@@@@@@@@@@@@@@@@@@@@@@@@@@@@@@@@
nid01501: IT IS POSSIBLE THAT SOMEONE IS DOING SOMETHING NASTY!
nid01501: Someone could be eavesdropping on you right now (man-in-the-middle attack)!
nid01501: It is also possible that a host key has just been changed.
nid01501: The fingerprint for the ECDSA key sent by the remote host is
nid01501: SHA256:hdACINxefxg+oYwdeVou/BcPjhXlVHY4mEeKCXXEeS4.
nid01501: Please contact your system administrator.
nid01501: Add correct host key in /global/homes/q/qpzhang/.ssh/known_hosts to get rid of this message.
nid01501: Offending ECDSA key in /global/homes/q/qpzhang/.ssh/known_hosts:963
nid01501: Password authentication is disabled to avoid man-in-the-middle attacks.
nid01501: Keyboard-interactive authentication is disabled to avoid man-in-the-middle attacks.
nid01501: starting org.apache.spark.deploy.worker.Worker, logging to /global/cscratch1/sd/qpzhang/spark/2296488/sparklogs/spark-qpzhang-org.apache.spark.deploy.worker.Worker-1-nid00381.out
nid01240: Warning: Permanently added '[nid01240]:204,[10.128.4.225]:204' (ECDSA) to the list of known hosts.
nid01240: mv: cannot stat `/global/cscratch1/sd/qpzhang/spark/2296488/sparklogs/spark-qpzhang-org.apache.spark.deploy.worker.Worker-1-nid00381.out.3': No such file or directory
nid01240: mv: cannot stat `/global/cscratch1/sd/qpzhang/spark/2296488/sparklogs/spark-qpzhang-org.apache.spark.deploy.worker.Worker-1-nid00381.out.2': No such file or directory
nid01240: mv: cannot stat `/global/cscratch1/sd/qpzhang/spark/2296488/sparklogs/spark-qpzhang-org.apache.spark.deploy.worker.Worker-1-nid00381.out.1': No such file or directory
nid01240: mv: cannot stat `/global/cscratch1/sd/qpzhang/spark/2296488/sparklogs/spark-qpzhang-org.apache.spark.deploy.worker.Worker-1-nid00381.out': No such file or directory
nid01240: starting org.apache.spark.deploy.worker.Worker, logging to /global/cscratch1/sd/qpzhang/spark/2296488/sparklogs/spark-qpzhang-org.apache.spark.deploy.worker.Worker-1-nid00381.out
nid01956: @@@@@@@@@@@@@@@@@@@@@@@@@@@@@@@@@@@@@@@@@@@@@@@@@@@@@@@@@@@
nid01956: @    WARNING: REMOTE HOST IDENTIFICATION HAS CHANGED!     @
nid01956: @@@@@@@@@@@@@@@@@@@@@@@@@@@@@@@@@@@@@@@@@@@@@@@@@@@@@@@@@@@
nid01956: IT IS POSSIBLE THAT SOMEONE IS DOING SOMETHING NASTY!
nid01956: Someone could be eavesdropping on you right now (man-in-the-middle attack)!
nid01956: It is also possible that a host key has just been changed.
nid01956: The fingerprint for the ECDSA key sent by the remote host is
nid01956: SHA256:PeANguUZ/purFjB81pKP8C93bNfkRCBt5XkMqpcVkVA.
nid01956: Please contact your system administrator.
nid01956: Add correct host key in /global/homes/q/qpzhang/.ssh/known_hosts to get rid of this message.
nid01956: Offending ECDSA key in /global/homes/q/qpzhang/.ssh/known_hosts:815
nid01956: Password authentication is disabled to avoid man-in-the-middle attacks.
nid01956: Keyboard-interactive authentication is disabled to avoid man-in-the-middle attacks.
nid01956: starting org.apache.spark.deploy.worker.Worker, logging to /global/cscratch1/sd/qpzhang/spark/2296488/sparklogs/spark-qpzhang-org.apache.spark.deploy.worker.Worker-1-nid00381.out
nid01880: Warning: Permanently added '[nid01880]:204,[10.128.7.103]:204' (ECDSA) to the list of known hosts.
nid01880: mv: cannot stat `/global/cscratch1/sd/qpzhang/spark/2296488/sparklogs/spark-qpzhang-org.apache.spark.deploy.worker.Worker-1-nid00381.out.4': No such file or directory
nid01880: mv: cannot stat `/global/cscratch1/sd/qpzhang/spark/2296488/sparklogs/spark-qpzhang-org.apache.spark.deploy.worker.Worker-1-nid00381.out.3': No such file or directory
nid01880: mv: cannot stat `/global/cscratch1/sd/qpzhang/spark/2296488/sparklogs/spark-qpzhang-org.apache.spark.deploy.worker.Worker-1-nid00381.out.2': No such file or directory
nid01880: mv: cannot stat `/global/cscratch1/sd/qpzhang/spark/2296488/sparklogs/spark-qpzhang-org.apache.spark.deploy.worker.Worker-1-nid00381.out.1': No such file or directory
nid01880: mv: cannot stat `/global/cscratch1/sd/qpzhang/spark/2296488/sparklogs/spark-qpzhang-org.apache.spark.deploy.worker.Worker-1-nid00381.out': No such file or directory
nid01880: starting org.apache.spark.deploy.worker.Worker, logging to /global/cscratch1/sd/qpzhang/spark/2296488/sparklogs/spark-qpzhang-org.apache.spark.deploy.worker.Worker-1-nid00381.out
nid02028: Warning: Permanently added '[nid02028]:204,[10.128.7.251]:204' (ECDSA) to the list of known hosts.
nid02028: mv: cannot stat `/global/cscratch1/sd/qpzhang/spark/2296488/sparklogs/spark-qpzhang-org.apache.spark.deploy.worker.Worker-1-nid00381.out.4': No such file or directory
nid02028: mv: cannot move `/global/cscratch1/sd/qpzhang/spark/2296488/sparklogs/spark-qpzhang-org.apache.spark.deploy.worker.Worker-1-nid00381.out.3' to `/global/cscratch1/sd/qpzhang/spark/2296488/sparklogs/spark-qpzhang-org.apache.spark.deploy.worker.Worker-1-nid00381.out.4': No such file or directory
nid02028: mv: cannot stat `/global/cscratch1/sd/qpzhang/spark/2296488/sparklogs/spark-qpzhang-org.apache.spark.deploy.worker.Worker-1-nid00381.out.2': No such file or directory
nid02028: mv: cannot move `/global/cscratch1/sd/qpzhang/spark/2296488/sparklogs/spark-qpzhang-org.apache.spark.deploy.worker.Worker-1-nid00381.out.1' to `/global/cscratch1/sd/qpzhang/spark/2296488/sparklogs/spark-qpzhang-org.apache.spark.deploy.worker.Worker-1-nid00381.out.2': No such file or directory
nid02028: starting org.apache.spark.deploy.worker.Worker, logging to /global/cscratch1/sd/qpzhang/spark/2296488/sparklogs/spark-qpzhang-org.apache.spark.deploy.worker.Worker-1-nid00381.out
nid02070: Warning: Permanently added '[nid02070]:204,[10.128.8.39]:204' (ECDSA) to the list of known hosts.
nid02070: mv: `/global/cscratch1/sd/qpzhang/spark/2296488/sparklogs/spark-qpzhang-org.apache.spark.deploy.worker.Worker-1-nid00381.out' and `/global/cscratch1/sd/qpzhang/spark/2296488/sparklogs/spark-qpzhang-org.apache.spark.deploy.worker.Worker-1-nid00381.out.1' are the same file
nid02070: starting org.apache.spark.deploy.worker.Worker, logging to /global/cscratch1/sd/qpzhang/spark/2296488/sparklogs/spark-qpzhang-org.apache.spark.deploy.worker.Worker-1-nid00381.out
nid01724: Warning: Permanently added '[nid01724]:204,[10.128.6.201]:204' (ECDSA) to the list of known hosts.
nid01724: mv: cannot stat `/global/cscratch1/sd/qpzhang/spark/2296488/sparklogs/spark-qpzhang-org.apache.spark.deploy.worker.Worker-1-nid00381.out.4': No such file or directory
nid01724: mv: cannot stat `/global/cscratch1/sd/qpzhang/spark/2296488/sparklogs/spark-qpzhang-org.apache.spark.deploy.worker.Worker-1-nid00381.out.3': No such file or directory
nid01724: mv: cannot stat `/global/cscratch1/sd/qpzhang/spark/2296488/sparklogs/spark-qpzhang-org.apache.spark.deploy.worker.Worker-1-nid00381.out.2': No such file or directory
nid01724: mv: cannot stat `/global/cscratch1/sd/qpzhang/spark/2296488/sparklogs/spark-qpzhang-org.apache.spark.deploy.worker.Worker-1-nid00381.out': No such file or directory
nid01724: starting org.apache.spark.deploy.worker.Worker, logging to /global/cscratch1/sd/qpzhang/spark/2296488/sparklogs/spark-qpzhang-org.apache.spark.deploy.worker.Worker-1-nid00381.out
nid00602: doing ssh -o StrictHostKeyChecking=no nid00602  cd /global/common/cori/software/spark/1.5.1/sbin/.. ; /usr/common/software/spark/1.5.1/sbin/stop-slave.sh
nid01215: doing ssh -o StrictHostKeyChecking=no nid01215  cd /global/common/cori/software/spark/1.5.1/sbin/.. ; /usr/common/software/spark/1.5.1/sbin/stop-slave.sh
nid01232: doing ssh -o StrictHostKeyChecking=no nid01232  cd /global/common/cori/software/spark/1.5.1/sbin/.. ; /usr/common/software/spark/1.5.1/sbin/stop-slave.sh
nid01233: doing ssh -o StrictHostKeyChecking=no nid01233  cd /global/common/cori/software/spark/1.5.1/sbin/.. ; /usr/common/software/spark/1.5.1/sbin/stop-slave.sh
nid01234: doing ssh -o StrictHostKeyChecking=no nid01234  cd /global/common/cori/software/spark/1.5.1/sbin/.. ; /usr/common/software/spark/1.5.1/sbin/stop-slave.sh
nid01235: doing ssh -o StrictHostKeyChecking=no nid01235  cd /global/common/cori/software/spark/1.5.1/sbin/.. ; /usr/common/software/spark/1.5.1/sbin/stop-slave.sh
nid01240: doing ssh -o StrictHostKeyChecking=no nid01240  cd /global/common/cori/software/spark/1.5.1/sbin/.. ; /usr/common/software/spark/1.5.1/sbin/stop-slave.sh
nid01373: doing ssh -o StrictHostKeyChecking=no nid01373  cd /global/common/cori/software/spark/1.5.1/sbin/.. ; /usr/common/software/spark/1.5.1/sbin/stop-slave.sh
nid01398: doing ssh -o StrictHostKeyChecking=no nid01398  cd /global/common/cori/software/spark/1.5.1/sbin/.. ; /usr/common/software/spark/1.5.1/sbin/stop-slave.sh
nid01405: doing ssh -o StrictHostKeyChecking=no nid01405  cd /global/common/cori/software/spark/1.5.1/sbin/.. ; /usr/common/software/spark/1.5.1/sbin/stop-slave.sh
nid01438: doing ssh -o StrictHostKeyChecking=no nid01438  cd /global/common/cori/software/spark/1.5.1/sbin/.. ; /usr/common/software/spark/1.5.1/sbin/stop-slave.sh
nid01501: doing ssh -o StrictHostKeyChecking=no nid01501  cd /global/common/cori/software/spark/1.5.1/sbin/.. ; /usr/common/software/spark/1.5.1/sbin/stop-slave.sh
nid01639: doing ssh -o StrictHostKeyChecking=no nid01639  cd /global/common/cori/software/spark/1.5.1/sbin/.. ; /usr/common/software/spark/1.5.1/sbin/stop-slave.sh
nid01640: doing ssh -o StrictHostKeyChecking=no nid01640  cd /global/common/cori/software/spark/1.5.1/sbin/.. ; /usr/common/software/spark/1.5.1/sbin/stop-slave.sh
nid01724: doing ssh -o StrictHostKeyChecking=no nid01724  cd /global/common/cori/software/spark/1.5.1/sbin/.. ; /usr/common/software/spark/1.5.1/sbin/stop-slave.sh
nid01880: doing ssh -o StrictHostKeyChecking=no nid01880  cd /global/common/cori/software/spark/1.5.1/sbin/.. ; /usr/common/software/spark/1.5.1/sbin/stop-slave.sh
nid01956: doing ssh -o StrictHostKeyChecking=no nid01956  cd /global/common/cori/software/spark/1.5.1/sbin/.. ; /usr/common/software/spark/1.5.1/sbin/stop-slave.sh
nid02028: doing ssh -o StrictHostKeyChecking=no nid02028  cd /global/common/cori/software/spark/1.5.1/sbin/.. ; /usr/common/software/spark/1.5.1/sbin/stop-slave.sh
nid02070: doing ssh -o StrictHostKeyChecking=no nid02070  cd /global/common/cori/software/spark/1.5.1/sbin/.. ; /usr/common/software/spark/1.5.1/sbin/stop-slave.sh
nid00602: stopping org.apache.spark.deploy.worker.Worker
nid01215: @@@@@@@@@@@@@@@@@@@@@@@@@@@@@@@@@@@@@@@@@@@@@@@@@@@@@@@@@@@
nid01215: @    WARNING: REMOTE HOST IDENTIFICATION HAS CHANGED!     @
nid01215: @@@@@@@@@@@@@@@@@@@@@@@@@@@@@@@@@@@@@@@@@@@@@@@@@@@@@@@@@@@
nid01215: IT IS POSSIBLE THAT SOMEONE IS DOING SOMETHING NASTY!
nid01215: Someone could be eavesdropping on you right now (man-in-the-middle attack)!
nid01215: It is also possible that a host key has just been changed.
nid01215: The fingerprint for the ECDSA key sent by the remote host is
nid01215: SHA256:SAD8Q/VHc9Va1so/otJVSF8aVTq/YA49xCTjcj4YSWE.
nid01215: Please contact your system administrator.
nid01215: Add correct host key in /global/homes/q/qpzhang/.ssh/known_hosts to get rid of this message.
nid01215: Offending ECDSA key in /global/homes/q/qpzhang/.ssh/known_hosts:419
nid01215: Password authentication is disabled to avoid man-in-the-middle attacks.
nid01215: Keyboard-interactive authentication is disabled to avoid man-in-the-middle attacks.
nid01215: stopping org.apache.spark.deploy.worker.Worker
nid01232: stopping org.apache.spark.deploy.worker.Worker
nid01398: stopping org.apache.spark.deploy.worker.Worker
nid01438: @@@@@@@@@@@@@@@@@@@@@@@@@@@@@@@@@@@@@@@@@@@@@@@@@@@@@@@@@@@
nid01438: @    WARNING: REMOTE HOST IDENTIFICATION HAS CHANGED!     @
nid01438: @@@@@@@@@@@@@@@@@@@@@@@@@@@@@@@@@@@@@@@@@@@@@@@@@@@@@@@@@@@
nid01438: IT IS POSSIBLE THAT SOMEONE IS DOING SOMETHING NASTY!
nid01438: Someone could be eavesdropping on you right now (man-in-the-middle attack)!
nid01438: It is also possible that a host key has just been changed.
nid01438: The fingerprint for the ECDSA key sent by the remote host is
nid01438: SHA256:+Hntcc7inpEPUn8ETxr3P4NFkchcVyobtzsBTkw91Y0.
nid01438: Please contact your system administrator.
nid01438: Add correct host key in /global/homes/q/qpzhang/.ssh/known_hosts to get rid of this message.
nid01438: Offending ECDSA key in /global/homes/q/qpzhang/.ssh/known_hosts:916
nid01438: Password authentication is disabled to avoid man-in-the-middle attacks.
nid01438: Keyboard-interactive authentication is disabled to avoid man-in-the-middle attacks.
nid01438: stopping org.apache.spark.deploy.worker.Worker
nid01234: stopping org.apache.spark.deploy.worker.Worker
nid01640: stopping org.apache.spark.deploy.worker.Worker
nid01233: stopping org.apache.spark.deploy.worker.Worker
nid01373: @@@@@@@@@@@@@@@@@@@@@@@@@@@@@@@@@@@@@@@@@@@@@@@@@@@@@@@@@@@
nid01373: @    WARNING: REMOTE HOST IDENTIFICATION HAS CHANGED!     @
nid01373: @@@@@@@@@@@@@@@@@@@@@@@@@@@@@@@@@@@@@@@@@@@@@@@@@@@@@@@@@@@
nid01373: IT IS POSSIBLE THAT SOMEONE IS DOING SOMETHING NASTY!
nid01373: Someone could be eavesdropping on you right now (man-in-the-middle attack)!
nid01373: It is also possible that a host key has just been changed.
nid01373: The fingerprint for the ECDSA key sent by the remote host is
nid01373: SHA256:qXbZWBDVQ6f4I8DktDcA0bU+yh3Wuita5ppx1NDEm+w.
nid01373: Please contact your system administrator.
nid01373: Add correct host key in /global/homes/q/qpzhang/.ssh/known_hosts to get rid of this message.
nid01373: Offending ECDSA key in /global/homes/q/qpzhang/.ssh/known_hosts:803
nid01373: Password authentication is disabled to avoid man-in-the-middle attacks.
nid01373: Keyboard-interactive authentication is disabled to avoid man-in-the-middle attacks.
nid01373: stopping org.apache.spark.deploy.worker.Worker
nid01405: @@@@@@@@@@@@@@@@@@@@@@@@@@@@@@@@@@@@@@@@@@@@@@@@@@@@@@@@@@@
nid01405: @    WARNING: REMOTE HOST IDENTIFICATION HAS CHANGED!     @
nid01405: @@@@@@@@@@@@@@@@@@@@@@@@@@@@@@@@@@@@@@@@@@@@@@@@@@@@@@@@@@@
nid01405: IT IS POSSIBLE THAT SOMEONE IS DOING SOMETHING NASTY!
nid01405: Someone could be eavesdropping on you right now (man-in-the-middle attack)!
nid01405: It is also possible that a host key has just been changed.
nid01405: The fingerprint for the ECDSA key sent by the remote host is
nid01405: SHA256:ThJywL4F8c23wj2aG3kv8U01K1VTr3d/E8NbDCtd+Nk.
nid01405: Please contact your system administrator.
nid01405: Add correct host key in /global/homes/q/qpzhang/.ssh/known_hosts to get rid of this message.
nid01405: Offending ECDSA key in /global/homes/q/qpzhang/.ssh/known_hosts:907
nid01405: Password authentication is disabled to avoid man-in-the-middle attacks.
nid01405: Keyboard-interactive authentication is disabled to avoid man-in-the-middle attacks.
nid01405: stopping org.apache.spark.deploy.worker.Worker
nid01240: stopping org.apache.spark.deploy.worker.Worker
nid01880: stopping org.apache.spark.deploy.worker.Worker
nid01501: @@@@@@@@@@@@@@@@@@@@@@@@@@@@@@@@@@@@@@@@@@@@@@@@@@@@@@@@@@@
nid01501: @    WARNING: REMOTE HOST IDENTIFICATION HAS CHANGED!     @
nid01501: @@@@@@@@@@@@@@@@@@@@@@@@@@@@@@@@@@@@@@@@@@@@@@@@@@@@@@@@@@@
nid01501: IT IS POSSIBLE THAT SOMEONE IS DOING SOMETHING NASTY!
nid01501: Someone could be eavesdropping on you right now (man-in-the-middle attack)!
nid01501: It is also possible that a host key has just been changed.
nid01501: The fingerprint for the ECDSA key sent by the remote host is
nid01501: SHA256:hdACINxefxg+oYwdeVou/BcPjhXlVHY4mEeKCXXEeS4.
nid01501: Please contact your system administrator.
nid01501: Add correct host key in /global/homes/q/qpzhang/.ssh/known_hosts to get rid of this message.
nid01501: Offending ECDSA key in /global/homes/q/qpzhang/.ssh/known_hosts:963
nid01501: Password authentication is disabled to avoid man-in-the-middle attacks.
nid01501: Keyboard-interactive authentication is disabled to avoid man-in-the-middle attacks.
nid01501: stopping org.apache.spark.deploy.worker.Worker
nid01724: stopping org.apache.spark.deploy.worker.Worker
nid01639: stopping org.apache.spark.deploy.worker.Worker
nid01956: @@@@@@@@@@@@@@@@@@@@@@@@@@@@@@@@@@@@@@@@@@@@@@@@@@@@@@@@@@@
nid01956: @    WARNING: REMOTE HOST IDENTIFICATION HAS CHANGED!     @
nid01956: @@@@@@@@@@@@@@@@@@@@@@@@@@@@@@@@@@@@@@@@@@@@@@@@@@@@@@@@@@@
nid01956: IT IS POSSIBLE THAT SOMEONE IS DOING SOMETHING NASTY!
nid01956: Someone could be eavesdropping on you right now (man-in-the-middle attack)!
nid01956: It is also possible that a host key has just been changed.
nid01956: The fingerprint for the ECDSA key sent by the remote host is
nid01956: SHA256:PeANguUZ/purFjB81pKP8C93bNfkRCBt5XkMqpcVkVA.
nid01956: Please contact your system administrator.
nid01956: Add correct host key in /global/homes/q/qpzhang/.ssh/known_hosts to get rid of this message.
nid01956: Offending ECDSA key in /global/homes/q/qpzhang/.ssh/known_hosts:815
nid01956: Password authentication is disabled to avoid man-in-the-middle attacks.
nid01956: Keyboard-interactive authentication is disabled to avoid man-in-the-middle attacks.
nid01956: stopping org.apache.spark.deploy.worker.Worker
nid02028: stopping org.apache.spark.deploy.worker.Worker
nid02070: stopping org.apache.spark.deploy.worker.Worker
nid01235: stopping org.apache.spark.deploy.worker.Worker
stopping org.apache.spark.deploy.master.Master
