writing to /global/cscratch1/sd/qpzhang/spark_env
starting org.apache.spark.deploy.master.Master, logging to /global/cscratch1/sd/qpzhang/spark/2316797/sparklogs/spark-qpzhang-org.apache.spark.deploy.master.Master-1-nid00725.out
/global/common/cori/software/spark/1.5.1/sbin/..
nid00726: doing ssh -o StrictHostKeyChecking=no nid00726  cd /global/common/cori/software/spark/1.5.1/sbin/.. ; /usr/common/software/spark/1.5.1/sbin/start-slave.sh spark://nid00689:7077
nid00727: doing ssh -o StrictHostKeyChecking=no nid00727  cd /global/common/cori/software/spark/1.5.1/sbin/.. ; /usr/common/software/spark/1.5.1/sbin/start-slave.sh spark://nid00689:7077
nid00728: doing ssh -o StrictHostKeyChecking=no nid00728  cd /global/common/cori/software/spark/1.5.1/sbin/.. ; /usr/common/software/spark/1.5.1/sbin/start-slave.sh spark://nid00689:7077
nid00729: doing ssh -o StrictHostKeyChecking=no nid00729  cd /global/common/cori/software/spark/1.5.1/sbin/.. ; /usr/common/software/spark/1.5.1/sbin/start-slave.sh spark://nid00689:7077
nid00730: doing ssh -o StrictHostKeyChecking=no nid00730  cd /global/common/cori/software/spark/1.5.1/sbin/.. ; /usr/common/software/spark/1.5.1/sbin/start-slave.sh spark://nid00689:7077
nid00731: doing ssh -o StrictHostKeyChecking=no nid00731  cd /global/common/cori/software/spark/1.5.1/sbin/.. ; /usr/common/software/spark/1.5.1/sbin/start-slave.sh spark://nid00689:7077
nid00732: doing ssh -o StrictHostKeyChecking=no nid00732  cd /global/common/cori/software/spark/1.5.1/sbin/.. ; /usr/common/software/spark/1.5.1/sbin/start-slave.sh spark://nid00689:7077
nid00733: doing ssh -o StrictHostKeyChecking=no nid00733  cd /global/common/cori/software/spark/1.5.1/sbin/.. ; /usr/common/software/spark/1.5.1/sbin/start-slave.sh spark://nid00689:7077
nid00734: doing ssh -o StrictHostKeyChecking=no nid00734  cd /global/common/cori/software/spark/1.5.1/sbin/.. ; /usr/common/software/spark/1.5.1/sbin/start-slave.sh spark://nid00689:7077
nid00735: doing ssh -o StrictHostKeyChecking=no nid00735  cd /global/common/cori/software/spark/1.5.1/sbin/.. ; /usr/common/software/spark/1.5.1/sbin/start-slave.sh spark://nid00689:7077
nid00736: doing ssh -o StrictHostKeyChecking=no nid00736  cd /global/common/cori/software/spark/1.5.1/sbin/.. ; /usr/common/software/spark/1.5.1/sbin/start-slave.sh spark://nid00689:7077
nid00737: doing ssh -o StrictHostKeyChecking=no nid00737  cd /global/common/cori/software/spark/1.5.1/sbin/.. ; /usr/common/software/spark/1.5.1/sbin/start-slave.sh spark://nid00689:7077
nid00738: doing ssh -o StrictHostKeyChecking=no nid00738  cd /global/common/cori/software/spark/1.5.1/sbin/.. ; /usr/common/software/spark/1.5.1/sbin/start-slave.sh spark://nid00689:7077
nid00739: doing ssh -o StrictHostKeyChecking=no nid00739  cd /global/common/cori/software/spark/1.5.1/sbin/.. ; /usr/common/software/spark/1.5.1/sbin/start-slave.sh spark://nid00689:7077
nid00740: doing ssh -o StrictHostKeyChecking=no nid00740  cd /global/common/cori/software/spark/1.5.1/sbin/.. ; /usr/common/software/spark/1.5.1/sbin/start-slave.sh spark://nid00689:7077
nid00741: doing ssh -o StrictHostKeyChecking=no nid00741  cd /global/common/cori/software/spark/1.5.1/sbin/.. ; /usr/common/software/spark/1.5.1/sbin/start-slave.sh spark://nid00689:7077
nid00742: doing ssh -o StrictHostKeyChecking=no nid00742  cd /global/common/cori/software/spark/1.5.1/sbin/.. ; /usr/common/software/spark/1.5.1/sbin/start-slave.sh spark://nid00689:7077
nid00743: doing ssh -o StrictHostKeyChecking=no nid00743  cd /global/common/cori/software/spark/1.5.1/sbin/.. ; /usr/common/software/spark/1.5.1/sbin/start-slave.sh spark://nid00689:7077
nid00744: doing ssh -o StrictHostKeyChecking=no nid00744  cd /global/common/cori/software/spark/1.5.1/sbin/.. ; /usr/common/software/spark/1.5.1/sbin/start-slave.sh spark://nid00689:7077
nid00727: @@@@@@@@@@@@@@@@@@@@@@@@@@@@@@@@@@@@@@@@@@@@@@@@@@@@@@@@@@@
nid00727: @    WARNING: REMOTE HOST IDENTIFICATION HAS CHANGED!     @
nid00727: @@@@@@@@@@@@@@@@@@@@@@@@@@@@@@@@@@@@@@@@@@@@@@@@@@@@@@@@@@@
nid00727: IT IS POSSIBLE THAT SOMEONE IS DOING SOMETHING NASTY!
nid00727: Someone could be eavesdropping on you right now (man-in-the-middle attack)!
nid00727: It is also possible that a host key has just been changed.
nid00727: The fingerprint for the ECDSA key sent by the remote host is
nid00727: SHA256:/Dkz02utAG5+xQECSJTZF0wjEJ0cGXaN2tTI+VfaDY0.
nid00727: Please contact your system administrator.
nid00727: Add correct host key in /global/homes/q/qpzhang/.ssh/known_hosts to get rid of this message.
nid00727: Offending ECDSA key in /global/homes/q/qpzhang/.ssh/known_hosts:732
nid00727: Password authentication is disabled to avoid man-in-the-middle attacks.
nid00727: Keyboard-interactive authentication is disabled to avoid man-in-the-middle attacks.
nid00727: /global/cscratch1/sd/qpzhang/spark_env: line 423: sr/bin/printenv: No such file or directory
nid00727: /global/cscratch1/sd/qpzhang/spark_env: line 423: sr/bin/printenv: No such file or directory
nid00727: starting org.apache.spark.deploy.worker.Worker, logging to /global/cscratch1/sd/qpzhang/spark/2316797/sparklogs/spark-qpzhang-org.apache.spark.deploy.worker.Worker-1-nid00725.out
nid00728: @@@@@@@@@@@@@@@@@@@@@@@@@@@@@@@@@@@@@@@@@@@@@@@@@@@@@@@@@@@
nid00728: @    WARNING: REMOTE HOST IDENTIFICATION HAS CHANGED!     @
nid00728: @@@@@@@@@@@@@@@@@@@@@@@@@@@@@@@@@@@@@@@@@@@@@@@@@@@@@@@@@@@
nid00728: IT IS POSSIBLE THAT SOMEONE IS DOING SOMETHING NASTY!
nid00728: Someone could be eavesdropping on you right now (man-in-the-middle attack)!
nid00728: It is also possible that a host key has just been changed.
nid00728: The fingerprint for the ECDSA key sent by the remote host is
nid00728: SHA256:QxwpIH8TViYDluOiGkCt98bRnOuKF7fW800ex/1bDOg.
nid00728: Please contact your system administrator.
nid00728: Add correct host key in /global/homes/q/qpzhang/.ssh/known_hosts to get rid of this message.
nid00728: Offending ECDSA key in /global/homes/q/qpzhang/.ssh/known_hosts:733
nid00728: Password authentication is disabled to avoid man-in-the-middle attacks.
nid00728: Keyboard-interactive authentication is disabled to avoid man-in-the-middle attacks.
nid00728: /global/cscratch1/sd/qpzhang/spark_env: line 423: sr/bin/printenv: No such file or directory
nid00728: /global/cscratch1/sd/qpzhang/spark_env: line 423: sr/bin/printenv: No such file or directory
nid00728: mv: `/global/cscratch1/sd/qpzhang/spark/2316797/sparklogs/spark-qpzhang-org.apache.spark.deploy.worker.Worker-1-nid00725.out' and `/global/cscratch1/sd/qpzhang/spark/2316797/sparklogs/spark-qpzhang-org.apache.spark.deploy.worker.Worker-1-nid00725.out.1' are the same file
nid00728: starting org.apache.spark.deploy.worker.Worker, logging to /global/cscratch1/sd/qpzhang/spark/2316797/sparklogs/spark-qpzhang-org.apache.spark.deploy.worker.Worker-1-nid00725.out
nid00731: @@@@@@@@@@@@@@@@@@@@@@@@@@@@@@@@@@@@@@@@@@@@@@@@@@@@@@@@@@@
nid00731: @    WARNING: REMOTE HOST IDENTIFICATION HAS CHANGED!     @
nid00731: @@@@@@@@@@@@@@@@@@@@@@@@@@@@@@@@@@@@@@@@@@@@@@@@@@@@@@@@@@@
nid00731: IT IS POSSIBLE THAT SOMEONE IS DOING SOMETHING NASTY!
nid00731: Someone could be eavesdropping on you right now (man-in-the-middle attack)!
nid00731: It is also possible that a host key has just been changed.
nid00731: The fingerprint for the ECDSA key sent by the remote host is
nid00731: SHA256:9lpacLrmM65Ystmb+zVNnkJSRv2Rhz9uhku+tTqnSNY.
nid00731: Please contact your system administrator.
nid00731: Add correct host key in /global/homes/q/qpzhang/.ssh/known_hosts to get rid of this message.
nid00731: Offending ECDSA key in /global/homes/q/qpzhang/.ssh/known_hosts:736
nid00731: Password authentication is disabled to avoid man-in-the-middle attacks.
nid00731: Keyboard-interactive authentication is disabled to avoid man-in-the-middle attacks.
nid00731: /global/cscratch1/sd/qpzhang/spark_env: line 423: sr/bin/printenv: No such file or directory
nid00731: /global/cscratch1/sd/qpzhang/spark_env: line 423: sr/bin/printenv: No such file or directory
nid00731: mv: `/global/cscratch1/sd/qpzhang/spark/2316797/sparklogs/spark-qpzhang-org.apache.spark.deploy.worker.Worker-1-nid00725.out' and `/global/cscratch1/sd/qpzhang/spark/2316797/sparklogs/spark-qpzhang-org.apache.spark.deploy.worker.Worker-1-nid00725.out.1' are the same file
nid00731: starting org.apache.spark.deploy.worker.Worker, logging to /global/cscratch1/sd/qpzhang/spark/2316797/sparklogs/spark-qpzhang-org.apache.spark.deploy.worker.Worker-1-nid00725.out
nid00732: @@@@@@@@@@@@@@@@@@@@@@@@@@@@@@@@@@@@@@@@@@@@@@@@@@@@@@@@@@@
nid00732: @    WARNING: REMOTE HOST IDENTIFICATION HAS CHANGED!     @
nid00732: @@@@@@@@@@@@@@@@@@@@@@@@@@@@@@@@@@@@@@@@@@@@@@@@@@@@@@@@@@@
nid00732: IT IS POSSIBLE THAT SOMEONE IS DOING SOMETHING NASTY!
nid00732: Someone could be eavesdropping on you right now (man-in-the-middle attack)!
nid00732: It is also possible that a host key has just been changed.
nid00732: The fingerprint for the ECDSA key sent by the remote host is
nid00732: SHA256:AP/kLExoQzidV3/z4Mu7Jo6uIDu+mFbe2FrfwymKKtM.
nid00732: Please contact your system administrator.
nid00732: Add correct host key in /global/homes/q/qpzhang/.ssh/known_hosts to get rid of this message.
nid00732: Offending ECDSA key in /global/homes/q/qpzhang/.ssh/known_hosts:738
nid00732: Password authentication is disabled to avoid man-in-the-middle attacks.
nid00732: Keyboard-interactive authentication is disabled to avoid man-in-the-middle attacks.
nid00732: /global/cscratch1/sd/qpzhang/spark_env: line 423: sr/bin/printenv: No such file or directory
nid00732: /global/cscratch1/sd/qpzhang/spark_env: line 423: sr/bin/printenv: No such file or directory
nid00732: starting org.apache.spark.deploy.worker.Worker, logging to /global/cscratch1/sd/qpzhang/spark/2316797/sparklogs/spark-qpzhang-org.apache.spark.deploy.worker.Worker-1-nid00725.out
nid00726: Warning: Permanently added '[nid00726]:204,[10.128.2.219]:204' (ECDSA) to the list of known hosts.
nid00726: /global/cscratch1/sd/qpzhang/spark_env: line 423: sr/bin/printenv: No such file or directory
nid00726: /global/cscratch1/sd/qpzhang/spark_env: line 423: sr/bin/printenv: No such file or directory
nid00726: starting org.apache.spark.deploy.worker.Worker, logging to /global/cscratch1/sd/qpzhang/spark/2316797/sparklogs/spark-qpzhang-org.apache.spark.deploy.worker.Worker-1-nid00725.out
nid00729: @@@@@@@@@@@@@@@@@@@@@@@@@@@@@@@@@@@@@@@@@@@@@@@@@@@@@@@@@@@
nid00729: @    WARNING: REMOTE HOST IDENTIFICATION HAS CHANGED!     @
nid00729: @@@@@@@@@@@@@@@@@@@@@@@@@@@@@@@@@@@@@@@@@@@@@@@@@@@@@@@@@@@
nid00729: IT IS POSSIBLE THAT SOMEONE IS DOING SOMETHING NASTY!
nid00729: Someone could be eavesdropping on you right now (man-in-the-middle attack)!
nid00729: It is also possible that a host key has just been changed.
nid00729: The fingerprint for the ECDSA key sent by the remote host is
nid00729: SHA256:sXbE4X5MOzRKYqtFRXKm+H3V6bUM7NSJfsENPidUes4.
nid00729: Please contact your system administrator.
nid00729: Add correct host key in /global/homes/q/qpzhang/.ssh/known_hosts to get rid of this message.
nid00729: Offending ECDSA key in /global/homes/q/qpzhang/.ssh/known_hosts:734
nid00729: Password authentication is disabled to avoid man-in-the-middle attacks.
nid00729: Keyboard-interactive authentication is disabled to avoid man-in-the-middle attacks.
nid00729: /global/cscratch1/sd/qpzhang/spark_env: line 423: sr/bin/printenv: No such file or directory
nid00729: /global/cscratch1/sd/qpzhang/spark_env: line 423: sr/bin/printenv: No such file or directory
nid00729: mv: cannot stat `/global/cscratch1/sd/qpzhang/spark/2316797/sparklogs/spark-qpzhang-org.apache.spark.deploy.worker.Worker-1-nid00725.out': No such file or directory
nid00729: starting org.apache.spark.deploy.worker.Worker, logging to /global/cscratch1/sd/qpzhang/spark/2316797/sparklogs/spark-qpzhang-org.apache.spark.deploy.worker.Worker-1-nid00725.out
nid00730: @@@@@@@@@@@@@@@@@@@@@@@@@@@@@@@@@@@@@@@@@@@@@@@@@@@@@@@@@@@
nid00730: @    WARNING: REMOTE HOST IDENTIFICATION HAS CHANGED!     @
nid00730: @@@@@@@@@@@@@@@@@@@@@@@@@@@@@@@@@@@@@@@@@@@@@@@@@@@@@@@@@@@
nid00730: IT IS POSSIBLE THAT SOMEONE IS DOING SOMETHING NASTY!
nid00730: Someone could be eavesdropping on you right now (man-in-the-middle attack)!
nid00730: It is also possible that a host key has just been changed.
nid00730: The fingerprint for the ECDSA key sent by the remote host is
nid00730: SHA256:cCLvE868CP1rmeE5H0UKrQv974LN9xo3e5WjGVTKdsU.
nid00730: Please contact your system administrator.
nid00730: Add correct host key in /global/homes/q/qpzhang/.ssh/known_hosts to get rid of this message.
nid00730: Offending ECDSA key in /global/homes/q/qpzhang/.ssh/known_hosts:735
nid00730: Password authentication is disabled to avoid man-in-the-middle attacks.
nid00730: Keyboard-interactive authentication is disabled to avoid man-in-the-middle attacks.
nid00730: /global/cscratch1/sd/qpzhang/spark_env: line 423: sr/bin/printenv: No such file or directory
nid00730: /global/cscratch1/sd/qpzhang/spark_env: line 423: sr/bin/printenv: No such file or directory
nid00730: mv: cannot stat `/global/cscratch1/sd/qpzhang/spark/2316797/sparklogs/spark-qpzhang-org.apache.spark.deploy.worker.Worker-1-nid00725.out': No such file or directory
nid00730: starting org.apache.spark.deploy.worker.Worker, logging to /global/cscratch1/sd/qpzhang/spark/2316797/sparklogs/spark-qpzhang-org.apache.spark.deploy.worker.Worker-1-nid00725.out
nid00743: @@@@@@@@@@@@@@@@@@@@@@@@@@@@@@@@@@@@@@@@@@@@@@@@@@@@@@@@@@@
nid00743: @    WARNING: REMOTE HOST IDENTIFICATION HAS CHANGED!     @
nid00743: @@@@@@@@@@@@@@@@@@@@@@@@@@@@@@@@@@@@@@@@@@@@@@@@@@@@@@@@@@@
nid00743: IT IS POSSIBLE THAT SOMEONE IS DOING SOMETHING NASTY!
nid00743: Someone could be eavesdropping on you right now (man-in-the-middle attack)!
nid00743: It is also possible that a host key has just been changed.
nid00743: The fingerprint for the ECDSA key sent by the remote host is
nid00743: SHA256:hpTUUUxwMK0ihG1C1FnhUSqwb5jvQ5coKk9nDFjCjfw.
nid00743: Please contact your system administrator.
nid00743: Add correct host key in /global/homes/q/qpzhang/.ssh/known_hosts to get rid of this message.
nid00743: Offending ECDSA key in /global/homes/q/qpzhang/.ssh/known_hosts:864
nid00743: Password authentication is disabled to avoid man-in-the-middle attacks.
nid00743: Keyboard-interactive authentication is disabled to avoid man-in-the-middle attacks.
nid00743: /global/cscratch1/sd/qpzhang/spark_env: line 423: sr/bin/printenv: No such file or directory
nid00743: /global/cscratch1/sd/qpzhang/spark_env: line 423: sr/bin/printenv: No such file or directory
nid00743: mv: cannot move `/global/cscratch1/sd/qpzhang/spark/2316797/sparklogs/spark-qpzhang-org.apache.spark.deploy.worker.Worker-1-nid00725.out.2' to `/global/cscratch1/sd/qpzhang/spark/2316797/sparklogs/spark-qpzhang-org.apache.spark.deploy.worker.Worker-1-nid00725.out.3': No such file or directory
nid00743: mv: `/global/cscratch1/sd/qpzhang/spark/2316797/sparklogs/spark-qpzhang-org.apache.spark.deploy.worker.Worker-1-nid00725.out.1' and `/global/cscratch1/sd/qpzhang/spark/2316797/sparklogs/spark-qpzhang-org.apache.spark.deploy.worker.Worker-1-nid00725.out.2' are the same file
nid00743: mv: cannot stat `/global/cscratch1/sd/qpzhang/spark/2316797/sparklogs/spark-qpzhang-org.apache.spark.deploy.worker.Worker-1-nid00725.out': No such file or directory
nid00743: starting org.apache.spark.deploy.worker.Worker, logging to /global/cscratch1/sd/qpzhang/spark/2316797/sparklogs/spark-qpzhang-org.apache.spark.deploy.worker.Worker-1-nid00725.out
nid00741: Warning: Permanently added '[nid00741]:204,[10.128.2.234]:204' (ECDSA) to the list of known hosts.
nid00741: /global/cscratch1/sd/qpzhang/spark_env: line 423: sr/bin/printenv: No such file or directory
nid00741: /global/cscratch1/sd/qpzhang/spark_env: line 423: sr/bin/printenv: No such file or directory
nid00741: starting org.apache.spark.deploy.worker.Worker, logging to /global/cscratch1/sd/qpzhang/spark/2316797/sparklogs/spark-qpzhang-org.apache.spark.deploy.worker.Worker-1-nid00725.out
nid00736: Warning: Permanently added '[nid00736]:204,[10.128.2.229]:204' (ECDSA) to the list of known hosts.
nid00736: /global/cscratch1/sd/qpzhang/spark_env: line 423: sr/bin/printenv: No such file or directory
nid00736: /global/cscratch1/sd/qpzhang/spark_env: line 423: sr/bin/printenv: No such file or directory
nid00736: mv: cannot stat `/global/cscratch1/sd/qpzhang/spark/2316797/sparklogs/spark-qpzhang-org.apache.spark.deploy.worker.Worker-1-nid00725.out.1': No such file or directory
nid00736: mv: cannot stat `/global/cscratch1/sd/qpzhang/spark/2316797/sparklogs/spark-qpzhang-org.apache.spark.deploy.worker.Worker-1-nid00725.out': No such file or directory
nid00736: starting org.apache.spark.deploy.worker.Worker, logging to /global/cscratch1/sd/qpzhang/spark/2316797/sparklogs/spark-qpzhang-org.apache.spark.deploy.worker.Worker-1-nid00725.out
nid00742: Warning: Permanently added '[nid00742]:204,[10.128.2.235]:204' (ECDSA) to the list of known hosts.
nid00742: /global/cscratch1/sd/qpzhang/spark_env: line 423: sr/bin/printenv: No such file or directory
nid00742: /global/cscratch1/sd/qpzhang/spark_env: line 423: sr/bin/printenv: No such file or directory
nid00742: mv: cannot stat `/global/cscratch1/sd/qpzhang/spark/2316797/sparklogs/spark-qpzhang-org.apache.spark.deploy.worker.Worker-1-nid00725.out.1': No such file or directory
nid00742: mv: cannot stat `/global/cscratch1/sd/qpzhang/spark/2316797/sparklogs/spark-qpzhang-org.apache.spark.deploy.worker.Worker-1-nid00725.out': No such file or directory
nid00742: starting org.apache.spark.deploy.worker.Worker, logging to /global/cscratch1/sd/qpzhang/spark/2316797/sparklogs/spark-qpzhang-org.apache.spark.deploy.worker.Worker-1-nid00725.out
nid00735: Warning: Permanently added '[nid00735]:204,[10.128.2.228]:204' (ECDSA) to the list of known hosts.
nid00735: /global/cscratch1/sd/qpzhang/spark_env: line 423: sr/bin/printenv: No such file or directory
nid00735: /global/cscratch1/sd/qpzhang/spark_env: line 423: sr/bin/printenv: No such file or directory
nid00735: mv: cannot stat `/global/cscratch1/sd/qpzhang/spark/2316797/sparklogs/spark-qpzhang-org.apache.spark.deploy.worker.Worker-1-nid00725.out.1': No such file or directory
nid00735: mv: cannot stat `/global/cscratch1/sd/qpzhang/spark/2316797/sparklogs/spark-qpzhang-org.apache.spark.deploy.worker.Worker-1-nid00725.out': No such file or directory
nid00735: starting org.apache.spark.deploy.worker.Worker, logging to /global/cscratch1/sd/qpzhang/spark/2316797/sparklogs/spark-qpzhang-org.apache.spark.deploy.worker.Worker-1-nid00725.out
nid00734: Warning: Permanently added '[nid00734]:204,[10.128.2.227]:204' (ECDSA) to the list of known hosts.
nid00734: /global/cscratch1/sd/qpzhang/spark_env: line 423: sr/bin/printenv: No such file or directory
nid00734: /global/cscratch1/sd/qpzhang/spark_env: line 423: sr/bin/printenv: No such file or directory
nid00734: mv: `/global/cscratch1/sd/qpzhang/spark/2316797/sparklogs/spark-qpzhang-org.apache.spark.deploy.worker.Worker-1-nid00725.out.2' and `/global/cscratch1/sd/qpzhang/spark/2316797/sparklogs/spark-qpzhang-org.apache.spark.deploy.worker.Worker-1-nid00725.out.3' are the same file
nid00734: mv: cannot stat `/global/cscratch1/sd/qpzhang/spark/2316797/sparklogs/spark-qpzhang-org.apache.spark.deploy.worker.Worker-1-nid00725.out.1': No such file or directory
nid00734: mv: cannot stat `/global/cscratch1/sd/qpzhang/spark/2316797/sparklogs/spark-qpzhang-org.apache.spark.deploy.worker.Worker-1-nid00725.out': No such file or directory
nid00734: starting org.apache.spark.deploy.worker.Worker, logging to /global/cscratch1/sd/qpzhang/spark/2316797/sparklogs/spark-qpzhang-org.apache.spark.deploy.worker.Worker-1-nid00725.out
nid00734: failed to launch org.apache.spark.deploy.worker.Worker:
nid00734:   
nid00734:   ========================================full log in /global/cscratch1/sd/qpzhang/spark/2316797/sparklogs/spark-qpzhang-org.apache.spark.deploy.worker.Worker-1-nid00725.out
nid00740: Warning: Permanently added '[nid00740]:204,[10.128.2.233]:204' (ECDSA) to the list of known hosts.
nid00740: /global/cscratch1/sd/qpzhang/spark_env: line 423: sr/bin/printenv: No such file or directory
nid00740: /global/cscratch1/sd/qpzhang/spark_env: line 423: sr/bin/printenv: No such file or directory
nid00740: mv: cannot stat `/global/cscratch1/sd/qpzhang/spark/2316797/sparklogs/spark-qpzhang-org.apache.spark.deploy.worker.Worker-1-nid00725.out.1': No such file or directory
nid00740: starting org.apache.spark.deploy.worker.Worker, logging to /global/cscratch1/sd/qpzhang/spark/2316797/sparklogs/spark-qpzhang-org.apache.spark.deploy.worker.Worker-1-nid00725.out
nid00738: Warning: Permanently added '[nid00738]:204,[10.128.2.231]:204' (ECDSA) to the list of known hosts.
nid00738: /global/cscratch1/sd/qpzhang/spark_env: line 423: sr/bin/printenv: No such file or directory
nid00738: /global/cscratch1/sd/qpzhang/spark_env: line 423: sr/bin/printenv: No such file or directory
nid00738: mv: cannot stat `/global/cscratch1/sd/qpzhang/spark/2316797/sparklogs/spark-qpzhang-org.apache.spark.deploy.worker.Worker-1-nid00725.out.1': No such file or directory
nid00738: mv: cannot stat `/global/cscratch1/sd/qpzhang/spark/2316797/sparklogs/spark-qpzhang-org.apache.spark.deploy.worker.Worker-1-nid00725.out': No such file or directory
nid00738: starting org.apache.spark.deploy.worker.Worker, logging to /global/cscratch1/sd/qpzhang/spark/2316797/sparklogs/spark-qpzhang-org.apache.spark.deploy.worker.Worker-1-nid00725.out
nid00738: failed to launch org.apache.spark.deploy.worker.Worker:
nid00738:   
nid00738:   ================================================================================full log in /global/cscratch1/sd/qpzhang/spark/2316797/sparklogs/spark-qpzhang-org.apache.spark.deploy.worker.Worker-1-nid00725.out
nid00737: @@@@@@@@@@@@@@@@@@@@@@@@@@@@@@@@@@@@@@@@@@@@@@@@@@@@@@@@@@@
nid00737: @    WARNING: REMOTE HOST IDENTIFICATION HAS CHANGED!     @
nid00737: @@@@@@@@@@@@@@@@@@@@@@@@@@@@@@@@@@@@@@@@@@@@@@@@@@@@@@@@@@@
nid00737: IT IS POSSIBLE THAT SOMEONE IS DOING SOMETHING NASTY!
nid00737: Someone could be eavesdropping on you right now (man-in-the-middle attack)!
nid00737: It is also possible that a host key has just been changed.
nid00737: The fingerprint for the ECDSA key sent by the remote host is
nid00737: SHA256:h/usAqGSMWg7DkPHcUVMcoUun9qxqJWlX5D1Y9OisAY.
nid00737: Please contact your system administrator.
nid00737: Add correct host key in /global/homes/q/qpzhang/.ssh/known_hosts to get rid of this message.
nid00737: Offending ECDSA key in /global/homes/q/qpzhang/.ssh/known_hosts:863
nid00737: Password authentication is disabled to avoid man-in-the-middle attacks.
nid00737: Keyboard-interactive authentication is disabled to avoid man-in-the-middle attacks.
nid00737: /global/cscratch1/sd/qpzhang/spark_env: line 423: sr/bin/printenv: No such file or directory
nid00737: /global/cscratch1/sd/qpzhang/spark_env: line 423: sr/bin/printenv: No such file or directory
nid00737: mv: cannot stat `/global/cscratch1/sd/qpzhang/spark/2316797/sparklogs/spark-qpzhang-org.apache.spark.deploy.worker.Worker-1-nid00725.out.1': No such file or directory
nid00737: mv: cannot stat `/global/cscratch1/sd/qpzhang/spark/2316797/sparklogs/spark-qpzhang-org.apache.spark.deploy.worker.Worker-1-nid00725.out': No such file or directory
nid00737: starting org.apache.spark.deploy.worker.Worker, logging to /global/cscratch1/sd/qpzhang/spark/2316797/sparklogs/spark-qpzhang-org.apache.spark.deploy.worker.Worker-1-nid00725.out
nid00737: failed to launch org.apache.spark.deploy.worker.Worker:
nid00737:   
nid00737:   ========================================================================================================================full log in /global/cscratch1/sd/qpzhang/spark/2316797/sparklogs/spark-qpzhang-org.apache.spark.deploy.worker.Worker-1-nid00725.out
nid00739: Warning: Permanently added '[nid00739]:204,[10.128.2.232]:204' (ECDSA) to the list of known hosts.
nid00739: /global/cscratch1/sd/qpzhang/spark_env: line 423: sr/bin/printenv: No such file or directory
nid00739: /global/cscratch1/sd/qpzhang/spark_env: line 423: sr/bin/printenv: No such file or directory
nid00739: mv: cannot stat `/global/cscratch1/sd/qpzhang/spark/2316797/sparklogs/spark-qpzhang-org.apache.spark.deploy.worker.Worker-1-nid00725.out.1': No such file or directory
nid00739: mv: cannot stat `/global/cscratch1/sd/qpzhang/spark/2316797/sparklogs/spark-qpzhang-org.apache.spark.deploy.worker.Worker-1-nid00725.out': No such file or directory
nid00739: starting org.apache.spark.deploy.worker.Worker, logging to /global/cscratch1/sd/qpzhang/spark/2316797/sparklogs/spark-qpzhang-org.apache.spark.deploy.worker.Worker-1-nid00725.out
nid00739: failed to launch org.apache.spark.deploy.worker.Worker:
nid00739:   
nid00739:   ========================================================================================================================
nid00739: full log in /global/cscratch1/sd/qpzhang/spark/2316797/sparklogs/spark-qpzhang-org.apache.spark.deploy.worker.Worker-1-nid00725.out
nid00733: Warning: Permanently added '[nid00733]:204,[10.128.2.226]:204' (ECDSA) to the list of known hosts.
nid00733: /global/cscratch1/sd/qpzhang/spark_env: line 423: sr/bin/printenv: No such file or directory
nid00733: /global/cscratch1/sd/qpzhang/spark_env: line 423: sr/bin/printenv: No such file or directory
nid00733: mv: cannot move `/global/cscratch1/sd/qpzhang/spark/2316797/sparklogs/spark-qpzhang-org.apache.spark.deploy.worker.Worker-1-nid00725.out.2' to `/global/cscratch1/sd/qpzhang/spark/2316797/sparklogs/spark-qpzhang-org.apache.spark.deploy.worker.Worker-1-nid00725.out.3': No such file or directory
nid00733: mv: cannot stat `/global/cscratch1/sd/qpzhang/spark/2316797/sparklogs/spark-qpzhang-org.apache.spark.deploy.worker.Worker-1-nid00725.out.1': No such file or directory
nid00733: mv: cannot stat `/global/cscratch1/sd/qpzhang/spark/2316797/sparklogs/spark-qpzhang-org.apache.spark.deploy.worker.Worker-1-nid00725.out': No such file or directory
nid00733: starting org.apache.spark.deploy.worker.Worker, logging to /global/cscratch1/sd/qpzhang/spark/2316797/sparklogs/spark-qpzhang-org.apache.spark.deploy.worker.Worker-1-nid00725.out
nid00733: failed to launch org.apache.spark.deploy.worker.Worker:
nid00733:   
nid00733:   ================================================================================full log in /global/cscratch1/sd/qpzhang/spark/2316797/sparklogs/spark-qpzhang-org.apache.spark.deploy.worker.Worker-1-nid00725.out
nid00744: @@@@@@@@@@@@@@@@@@@@@@@@@@@@@@@@@@@@@@@@@@@@@@@@@@@@@@@@@@@
nid00744: @    WARNING: REMOTE HOST IDENTIFICATION HAS CHANGED!     @
nid00744: @@@@@@@@@@@@@@@@@@@@@@@@@@@@@@@@@@@@@@@@@@@@@@@@@@@@@@@@@@@
nid00744: IT IS POSSIBLE THAT SOMEONE IS DOING SOMETHING NASTY!
nid00744: Someone could be eavesdropping on you right now (man-in-the-middle attack)!
nid00744: It is also possible that a host key has just been changed.
nid00744: The fingerprint for the ECDSA key sent by the remote host is
nid00744: SHA256:rsBMymO6pe0nVlHzNvPbDt8ixE7gIfCYGcAKyaa27ak.
nid00744: Please contact your system administrator.
nid00744: Add correct host key in /global/homes/q/qpzhang/.ssh/known_hosts to get rid of this message.
nid00744: Offending ECDSA key in /global/homes/q/qpzhang/.ssh/known_hosts:865
nid00744: Password authentication is disabled to avoid man-in-the-middle attacks.
nid00744: Keyboard-interactive authentication is disabled to avoid man-in-the-middle attacks.
nid00744: /global/cscratch1/sd/qpzhang/spark_env: line 423: sr/bin/printenv: No such file or directory
nid00744: /global/cscratch1/sd/qpzhang/spark_env: line 423: sr/bin/printenv: No such file or directory
nid00744: mv: cannot stat `/global/cscratch1/sd/qpzhang/spark/2316797/sparklogs/spark-qpzhang-org.apache.spark.deploy.worker.Worker-1-nid00725.out.1': No such file or directory
nid00744: mv: cannot stat `/global/cscratch1/sd/qpzhang/spark/2316797/sparklogs/spark-qpzhang-org.apache.spark.deploy.worker.Worker-1-nid00725.out': No such file or directory
nid00744: starting org.apache.spark.deploy.worker.Worker, logging to /global/cscratch1/sd/qpzhang/spark/2316797/sparklogs/spark-qpzhang-org.apache.spark.deploy.worker.Worker-1-nid00725.out
nid00744: failed to launch org.apache.spark.deploy.worker.Worker:
nid00744:   ========================================================================================================================
nid00744:   ================================================================================full log in /global/cscratch1/sd/qpzhang/spark/2316797/sparklogs/spark-qpzhang-org.apache.spark.deploy.worker.Worker-1-nid00725.out
nid00726: doing ssh -o StrictHostKeyChecking=no nid00726  cd /global/common/cori/software/spark/1.5.1/sbin/.. ; /usr/common/software/spark/1.5.1/sbin/stop-slave.sh
nid00726: ssh: connect to host nid00726 port 204: Connection refused
nid00727: doing ssh -o StrictHostKeyChecking=no nid00727  cd /global/common/cori/software/spark/1.5.1/sbin/.. ; /usr/common/software/spark/1.5.1/sbin/stop-slave.sh
nid00728: doing ssh -o StrictHostKeyChecking=no nid00728  cd /global/common/cori/software/spark/1.5.1/sbin/.. ; /usr/common/software/spark/1.5.1/sbin/stop-slave.sh
nid00729: doing ssh -o StrictHostKeyChecking=no nid00729  cd /global/common/cori/software/spark/1.5.1/sbin/.. ; /usr/common/software/spark/1.5.1/sbin/stop-slave.sh
nid00730: doing ssh -o StrictHostKeyChecking=no nid00730  cd /global/common/cori/software/spark/1.5.1/sbin/.. ; /usr/common/software/spark/1.5.1/sbin/stop-slave.sh
nid00731: doing ssh -o StrictHostKeyChecking=no nid00731  cd /global/common/cori/software/spark/1.5.1/sbin/.. ; /usr/common/software/spark/1.5.1/sbin/stop-slave.sh
nid00732: doing ssh -o StrictHostKeyChecking=no nid00732  cd /global/common/cori/software/spark/1.5.1/sbin/.. ; /usr/common/software/spark/1.5.1/sbin/stop-slave.sh
nid00733: doing ssh -o StrictHostKeyChecking=no nid00733  cd /global/common/cori/software/spark/1.5.1/sbin/.. ; /usr/common/software/spark/1.5.1/sbin/stop-slave.sh
nid00732: ssh: connect to host nid00732 port 204: Connection refused
nid00734: doing ssh -o StrictHostKeyChecking=no nid00734  cd /global/common/cori/software/spark/1.5.1/sbin/.. ; /usr/common/software/spark/1.5.1/sbin/stop-slave.sh
nid00735: doing ssh -o StrictHostKeyChecking=no nid00735  cd /global/common/cori/software/spark/1.5.1/sbin/.. ; /usr/common/software/spark/1.5.1/sbin/stop-slave.sh
nid00736: doing ssh -o StrictHostKeyChecking=no nid00736  cd /global/common/cori/software/spark/1.5.1/sbin/.. ; /usr/common/software/spark/1.5.1/sbin/stop-slave.sh
nid00737: doing ssh -o StrictHostKeyChecking=no nid00737  cd /global/common/cori/software/spark/1.5.1/sbin/.. ; /usr/common/software/spark/1.5.1/sbin/stop-slave.sh
nid00737: ssh: connect to host nid00737 port 204: Connection refused
nid00738: doing ssh -o StrictHostKeyChecking=no nid00738  cd /global/common/cori/software/spark/1.5.1/sbin/.. ; /usr/common/software/spark/1.5.1/sbin/stop-slave.sh
nid00739: doing ssh -o StrictHostKeyChecking=no nid00739  cd /global/common/cori/software/spark/1.5.1/sbin/.. ; /usr/common/software/spark/1.5.1/sbin/stop-slave.sh
nid00738: ssh: connect to host nid00738 port 204: Connection refused
nid00739: ssh: connect to host nid00739 port 204: Connection refused
nid00740: doing ssh -o StrictHostKeyChecking=no nid00740  cd /global/common/cori/software/spark/1.5.1/sbin/.. ; /usr/common/software/spark/1.5.1/sbin/stop-slave.sh
nid00740: ssh: connect to host nid00740 port 204: Connection refused
nid00741: doing ssh -o StrictHostKeyChecking=no nid00741  cd /global/common/cori/software/spark/1.5.1/sbin/.. ; /usr/common/software/spark/1.5.1/sbin/stop-slave.sh
nid00742: doing ssh -o StrictHostKeyChecking=no nid00742  cd /global/common/cori/software/spark/1.5.1/sbin/.. ; /usr/common/software/spark/1.5.1/sbin/stop-slave.sh
nid00742: ssh: connect to host nid00742 port 204: Connection refused
nid00743: doing ssh -o StrictHostKeyChecking=no nid00743  cd /global/common/cori/software/spark/1.5.1/sbin/.. ; /usr/common/software/spark/1.5.1/sbin/stop-slave.sh
nid00744: doing ssh -o StrictHostKeyChecking=no nid00744  cd /global/common/cori/software/spark/1.5.1/sbin/.. ; /usr/common/software/spark/1.5.1/sbin/stop-slave.sh
nid00743: ssh: connect to host nid00743 port 204: Connection refused
nid00728: @@@@@@@@@@@@@@@@@@@@@@@@@@@@@@@@@@@@@@@@@@@@@@@@@@@@@@@@@@@
nid00728: @    WARNING: REMOTE HOST IDENTIFICATION HAS CHANGED!     @
nid00728: @@@@@@@@@@@@@@@@@@@@@@@@@@@@@@@@@@@@@@@@@@@@@@@@@@@@@@@@@@@
nid00728: IT IS POSSIBLE THAT SOMEONE IS DOING SOMETHING NASTY!
nid00728: Someone could be eavesdropping on you right now (man-in-the-middle attack)!
nid00728: It is also possible that a host key has just been changed.
nid00728: The fingerprint for the ECDSA key sent by the remote host is
nid00728: SHA256:QxwpIH8TViYDluOiGkCt98bRnOuKF7fW800ex/1bDOg.
nid00728: Please contact your system administrator.
nid00728: Add correct host key in /global/homes/q/qpzhang/.ssh/known_hosts to get rid of this message.
nid00728: Offending ECDSA key in /global/homes/q/qpzhang/.ssh/known_hosts:733
nid00728: Password authentication is disabled to avoid man-in-the-middle attacks.
nid00728: Keyboard-interactive authentication is disabled to avoid man-in-the-middle attacks.
nid00728: /global/cscratch1/sd/qpzhang/spark_env: line 423: sr/bin/printenv: No such file or directory
nid00728: /global/cscratch1/sd/qpzhang/spark_env: line 423: sr/bin/printenv: No such file or directory
nid00728: stopping org.apache.spark.deploy.worker.Worker
nid00730: @@@@@@@@@@@@@@@@@@@@@@@@@@@@@@@@@@@@@@@@@@@@@@@@@@@@@@@@@@@
nid00730: @    WARNING: REMOTE HOST IDENTIFICATION HAS CHANGED!     @
nid00730: @@@@@@@@@@@@@@@@@@@@@@@@@@@@@@@@@@@@@@@@@@@@@@@@@@@@@@@@@@@
nid00730: IT IS POSSIBLE THAT SOMEONE IS DOING SOMETHING NASTY!
nid00730: Someone could be eavesdropping on you right now (man-in-the-middle attack)!
nid00730: It is also possible that a host key has just been changed.
nid00730: The fingerprint for the ECDSA key sent by the remote host is
nid00730: SHA256:cCLvE868CP1rmeE5H0UKrQv974LN9xo3e5WjGVTKdsU.
nid00730: Please contact your system administrator.
nid00730: Add correct host key in /global/homes/q/qpzhang/.ssh/known_hosts to get rid of this message.
nid00730: Offending ECDSA key in /global/homes/q/qpzhang/.ssh/known_hosts:735
nid00730: Password authentication is disabled to avoid man-in-the-middle attacks.
nid00730: Keyboard-interactive authentication is disabled to avoid man-in-the-middle attacks.
nid00730: /global/cscratch1/sd/qpzhang/spark_env: line 423: sr/bin/printenv: No such file or directory
nid00730: /global/cscratch1/sd/qpzhang/spark_env: line 423: sr/bin/printenv: No such file or directory
nid00730: stopping org.apache.spark.deploy.worker.Worker
nid00741: /global/cscratch1/sd/qpzhang/spark_env: line 423: sr/bin/printenv: No such file or directory
nid00741: /global/cscratch1/sd/qpzhang/spark_env: line 423: sr/bin/printenv: No such file or directory
nid00741: stopping org.apache.spark.deploy.worker.Worker
nid00744: @@@@@@@@@@@@@@@@@@@@@@@@@@@@@@@@@@@@@@@@@@@@@@@@@@@@@@@@@@@
nid00744: @    WARNING: REMOTE HOST IDENTIFICATION HAS CHANGED!     @
nid00744: @@@@@@@@@@@@@@@@@@@@@@@@@@@@@@@@@@@@@@@@@@@@@@@@@@@@@@@@@@@
nid00744: IT IS POSSIBLE THAT SOMEONE IS DOING SOMETHING NASTY!
nid00744: Someone could be eavesdropping on you right now (man-in-the-middle attack)!
nid00744: It is also possible that a host key has just been changed.
nid00744: The fingerprint for the ECDSA key sent by the remote host is
nid00744: SHA256:rsBMymO6pe0nVlHzNvPbDt8ixE7gIfCYGcAKyaa27ak.
nid00744: Please contact your system administrator.
nid00744: Add correct host key in /global/homes/q/qpzhang/.ssh/known_hosts to get rid of this message.
nid00744: Offending ECDSA key in /global/homes/q/qpzhang/.ssh/known_hosts:865
nid00744: Password authentication is disabled to avoid man-in-the-middle attacks.
nid00744: Keyboard-interactive authentication is disabled to avoid man-in-the-middle attacks.
nid00744: /global/cscratch1/sd/qpzhang/spark_env: line 423: sr/bin/printenv: No such file or directory
nid00744: /global/cscratch1/sd/qpzhang/spark_env: line 423: sr/bin/printenv: No such file or directory
nid00744: stopping org.apache.spark.deploy.worker.Worker
nid00733: /global/cscratch1/sd/qpzhang/spark_env: line 423: sr/bin/printenv: No such file or directory
nid00733: /global/cscratch1/sd/qpzhang/spark_env: line 423: sr/bin/printenv: No such file or directory
nid00733: stopping org.apache.spark.deploy.worker.Worker
nid00735: /global/cscratch1/sd/qpzhang/spark_env: line 423: sr/bin/printenv: No such file or directory
nid00735: /global/cscratch1/sd/qpzhang/spark_env: line 423: sr/bin/printenv: No such file or directory
nid00735: stopping org.apache.spark.deploy.worker.Worker
nid00736: /global/cscratch1/sd/qpzhang/spark_env: line 423: sr/bin/printenv: No such file or directory
nid00736: /global/cscratch1/sd/qpzhang/spark_env: line 423: sr/bin/printenv: No such file or directory
nid00736: stopping org.apache.spark.deploy.worker.Worker
nid00734: /global/cscratch1/sd/qpzhang/spark_env: line 423: sr/bin/printenv: No such file or directory
nid00734: /global/cscratch1/sd/qpzhang/spark_env: line 423: sr/bin/printenv: No such file or directory
nid00734: stopping org.apache.spark.deploy.worker.Worker
nid00727: @@@@@@@@@@@@@@@@@@@@@@@@@@@@@@@@@@@@@@@@@@@@@@@@@@@@@@@@@@@
nid00727: @    WARNING: REMOTE HOST IDENTIFICATION HAS CHANGED!     @
nid00727: @@@@@@@@@@@@@@@@@@@@@@@@@@@@@@@@@@@@@@@@@@@@@@@@@@@@@@@@@@@
nid00727: IT IS POSSIBLE THAT SOMEONE IS DOING SOMETHING NASTY!
nid00727: Someone could be eavesdropping on you right now (man-in-the-middle attack)!
nid00727: It is also possible that a host key has just been changed.
nid00727: The fingerprint for the ECDSA key sent by the remote host is
nid00727: SHA256:/Dkz02utAG5+xQECSJTZF0wjEJ0cGXaN2tTI+VfaDY0.
nid00727: Please contact your system administrator.
nid00727: Add correct host key in /global/homes/q/qpzhang/.ssh/known_hosts to get rid of this message.
nid00727: Offending ECDSA key in /global/homes/q/qpzhang/.ssh/known_hosts:732
nid00727: Password authentication is disabled to avoid man-in-the-middle attacks.
nid00727: Keyboard-interactive authentication is disabled to avoid man-in-the-middle attacks.
nid00727: no org.apache.spark.deploy.worker.Worker to stop
