writing to /global/cscratch1/sd/qpzhang/spark_env
starting org.apache.spark.deploy.master.Master, logging to /global/cscratch1/sd/qpzhang/spark/2335275/sparklogs/spark-qpzhang-org.apache.spark.deploy.master.Master-1-nid01059.out
/global/common/cori/software/spark/1.5.1/sbin/..
nid01060: doing ssh -o StrictHostKeyChecking=no nid01060  cd /global/common/cori/software/spark/1.5.1/sbin/.. ; /usr/common/software/spark/1.5.1/sbin/start-slave.sh spark://nid01059:7077
nid01061: doing ssh -o StrictHostKeyChecking=no nid01061  cd /global/common/cori/software/spark/1.5.1/sbin/.. ; /usr/common/software/spark/1.5.1/sbin/start-slave.sh spark://nid01059:7077
nid01062: doing ssh -o StrictHostKeyChecking=no nid01062  cd /global/common/cori/software/spark/1.5.1/sbin/.. ; /usr/common/software/spark/1.5.1/sbin/start-slave.sh spark://nid01059:7077
nid01063: doing ssh -o StrictHostKeyChecking=no nid01063  cd /global/common/cori/software/spark/1.5.1/sbin/.. ; /usr/common/software/spark/1.5.1/sbin/start-slave.sh spark://nid01059:7077
nid01064: doing ssh -o StrictHostKeyChecking=no nid01064  cd /global/common/cori/software/spark/1.5.1/sbin/.. ; /usr/common/software/spark/1.5.1/sbin/start-slave.sh spark://nid01059:7077
nid01065: doing ssh -o StrictHostKeyChecking=no nid01065  cd /global/common/cori/software/spark/1.5.1/sbin/.. ; /usr/common/software/spark/1.5.1/sbin/start-slave.sh spark://nid01059:7077
nid01066: doing ssh -o StrictHostKeyChecking=no nid01066  cd /global/common/cori/software/spark/1.5.1/sbin/.. ; /usr/common/software/spark/1.5.1/sbin/start-slave.sh spark://nid01059:7077
nid01067: doing ssh -o StrictHostKeyChecking=no nid01067  cd /global/common/cori/software/spark/1.5.1/sbin/.. ; /usr/common/software/spark/1.5.1/sbin/start-slave.sh spark://nid01059:7077
nid01068: doing ssh -o StrictHostKeyChecking=no nid01068  cd /global/common/cori/software/spark/1.5.1/sbin/.. ; /usr/common/software/spark/1.5.1/sbin/start-slave.sh spark://nid01059:7077
nid01069: doing ssh -o StrictHostKeyChecking=no nid01069  cd /global/common/cori/software/spark/1.5.1/sbin/.. ; /usr/common/software/spark/1.5.1/sbin/start-slave.sh spark://nid01059:7077
nid01530: doing ssh -o StrictHostKeyChecking=no nid01530  cd /global/common/cori/software/spark/1.5.1/sbin/.. ; /usr/common/software/spark/1.5.1/sbin/start-slave.sh spark://nid01059:7077
nid01531: doing ssh -o StrictHostKeyChecking=no nid01531  cd /global/common/cori/software/spark/1.5.1/sbin/.. ; /usr/common/software/spark/1.5.1/sbin/start-slave.sh spark://nid01059:7077
nid01532: doing ssh -o StrictHostKeyChecking=no nid01532  cd /global/common/cori/software/spark/1.5.1/sbin/.. ; /usr/common/software/spark/1.5.1/sbin/start-slave.sh spark://nid01059:7077
nid01533: doing ssh -o StrictHostKeyChecking=no nid01533  cd /global/common/cori/software/spark/1.5.1/sbin/.. ; /usr/common/software/spark/1.5.1/sbin/start-slave.sh spark://nid01059:7077
nid01534: doing ssh -o StrictHostKeyChecking=no nid01534  cd /global/common/cori/software/spark/1.5.1/sbin/.. ; /usr/common/software/spark/1.5.1/sbin/start-slave.sh spark://nid01059:7077
nid01535: doing ssh -o StrictHostKeyChecking=no nid01535  cd /global/common/cori/software/spark/1.5.1/sbin/.. ; /usr/common/software/spark/1.5.1/sbin/start-slave.sh spark://nid01059:7077
nid01556: doing ssh -o StrictHostKeyChecking=no nid01556  cd /global/common/cori/software/spark/1.5.1/sbin/.. ; /usr/common/software/spark/1.5.1/sbin/start-slave.sh spark://nid01059:7077
nid01557: doing ssh -o StrictHostKeyChecking=no nid01557  cd /global/common/cori/software/spark/1.5.1/sbin/.. ; /usr/common/software/spark/1.5.1/sbin/start-slave.sh spark://nid01059:7077
nid01558: doing ssh -o StrictHostKeyChecking=no nid01558  cd /global/common/cori/software/spark/1.5.1/sbin/.. ; /usr/common/software/spark/1.5.1/sbin/start-slave.sh spark://nid01059:7077
nid01060: @@@@@@@@@@@@@@@@@@@@@@@@@@@@@@@@@@@@@@@@@@@@@@@@@@@@@@@@@@@
nid01060: @    WARNING: REMOTE HOST IDENTIFICATION HAS CHANGED!     @
nid01060: @@@@@@@@@@@@@@@@@@@@@@@@@@@@@@@@@@@@@@@@@@@@@@@@@@@@@@@@@@@
nid01060: IT IS POSSIBLE THAT SOMEONE IS DOING SOMETHING NASTY!
nid01060: Someone could be eavesdropping on you right now (man-in-the-middle attack)!
nid01060: It is also possible that a host key has just been changed.
nid01060: The fingerprint for the ECDSA key sent by the remote host is
nid01060: SHA256:awVXcW+1G9A9iAFUmmm2CnKt6kRF6Pr3Z5WDv7WeyWY.
nid01060: Please contact your system administrator.
nid01060: Add correct host key in /global/homes/q/qpzhang/.ssh/known_hosts to get rid of this message.
nid01060: Offending ECDSA key in /global/homes/q/qpzhang/.ssh/known_hosts:345
nid01060: Password authentication is disabled to avoid man-in-the-middle attacks.
nid01060: Keyboard-interactive authentication is disabled to avoid man-in-the-middle attacks.
nid01060: starting org.apache.spark.deploy.worker.Worker, logging to /global/cscratch1/sd/qpzhang/spark/2335275/sparklogs/spark-qpzhang-org.apache.spark.deploy.worker.Worker-1-nid01059.out
nid01061: @@@@@@@@@@@@@@@@@@@@@@@@@@@@@@@@@@@@@@@@@@@@@@@@@@@@@@@@@@@
nid01061: @    WARNING: REMOTE HOST IDENTIFICATION HAS CHANGED!     @
nid01061: @@@@@@@@@@@@@@@@@@@@@@@@@@@@@@@@@@@@@@@@@@@@@@@@@@@@@@@@@@@
nid01061: IT IS POSSIBLE THAT SOMEONE IS DOING SOMETHING NASTY!
nid01061: Someone could be eavesdropping on you right now (man-in-the-middle attack)!
nid01061: It is also possible that a host key has just been changed.
nid01061: The fingerprint for the ECDSA key sent by the remote host is
nid01061: SHA256:Sl9H6iw/FDfj7Pwl9xvzoIWaT2ptO+dJP+YDHCNtrZQ.
nid01061: Please contact your system administrator.
nid01061: Add correct host key in /global/homes/q/qpzhang/.ssh/known_hosts to get rid of this message.
nid01061: Offending ECDSA key in /global/homes/q/qpzhang/.ssh/known_hosts:346
nid01061: Password authentication is disabled to avoid man-in-the-middle attacks.
nid01061: Keyboard-interactive authentication is disabled to avoid man-in-the-middle attacks.
nid01061: starting org.apache.spark.deploy.worker.Worker, logging to /global/cscratch1/sd/qpzhang/spark/2335275/sparklogs/spark-qpzhang-org.apache.spark.deploy.worker.Worker-1-nid01059.out
nid01063: @@@@@@@@@@@@@@@@@@@@@@@@@@@@@@@@@@@@@@@@@@@@@@@@@@@@@@@@@@@
nid01063: @    WARNING: REMOTE HOST IDENTIFICATION HAS CHANGED!     @
nid01063: @@@@@@@@@@@@@@@@@@@@@@@@@@@@@@@@@@@@@@@@@@@@@@@@@@@@@@@@@@@
nid01063: IT IS POSSIBLE THAT SOMEONE IS DOING SOMETHING NASTY!
nid01063: Someone could be eavesdropping on you right now (man-in-the-middle attack)!
nid01063: It is also possible that a host key has just been changed.
nid01063: The fingerprint for the ECDSA key sent by the remote host is
nid01063: SHA256:dqDcEVF3zc+2hSG82P+Kv4CjsLYoLeEGluoUvVOPLVo.
nid01063: Please contact your system administrator.
nid01063: Add correct host key in /global/homes/q/qpzhang/.ssh/known_hosts to get rid of this message.
nid01063: Offending ECDSA key in /global/homes/q/qpzhang/.ssh/known_hosts:349
nid01063: Password authentication is disabled to avoid man-in-the-middle attacks.
nid01063: Keyboard-interactive authentication is disabled to avoid man-in-the-middle attacks.
nid01063: starting org.apache.spark.deploy.worker.Worker, logging to /global/cscratch1/sd/qpzhang/spark/2335275/sparklogs/spark-qpzhang-org.apache.spark.deploy.worker.Worker-1-nid01059.out
nid01062: @@@@@@@@@@@@@@@@@@@@@@@@@@@@@@@@@@@@@@@@@@@@@@@@@@@@@@@@@@@
nid01062: @    WARNING: REMOTE HOST IDENTIFICATION HAS CHANGED!     @
nid01062: @@@@@@@@@@@@@@@@@@@@@@@@@@@@@@@@@@@@@@@@@@@@@@@@@@@@@@@@@@@
nid01062: IT IS POSSIBLE THAT SOMEONE IS DOING SOMETHING NASTY!
nid01062: Someone could be eavesdropping on you right now (man-in-the-middle attack)!
nid01062: It is also possible that a host key has just been changed.
nid01062: The fingerprint for the ECDSA key sent by the remote host is
nid01062: SHA256:lLbLFhBF1g3jDNQHtdL1C1eL975NUnDF1J1eNFs2tKc.
nid01062: Please contact your system administrator.
nid01062: Add correct host key in /global/homes/q/qpzhang/.ssh/known_hosts to get rid of this message.
nid01062: Offending ECDSA key in /global/homes/q/qpzhang/.ssh/known_hosts:347
nid01062: Password authentication is disabled to avoid man-in-the-middle attacks.
nid01062: Keyboard-interactive authentication is disabled to avoid man-in-the-middle attacks.
nid01062: starting org.apache.spark.deploy.worker.Worker, logging to /global/cscratch1/sd/qpzhang/spark/2335275/sparklogs/spark-qpzhang-org.apache.spark.deploy.worker.Worker-1-nid01059.out
nid01065: @@@@@@@@@@@@@@@@@@@@@@@@@@@@@@@@@@@@@@@@@@@@@@@@@@@@@@@@@@@
nid01065: @    WARNING: REMOTE HOST IDENTIFICATION HAS CHANGED!     @
nid01065: @@@@@@@@@@@@@@@@@@@@@@@@@@@@@@@@@@@@@@@@@@@@@@@@@@@@@@@@@@@
nid01065: IT IS POSSIBLE THAT SOMEONE IS DOING SOMETHING NASTY!
nid01065: Someone could be eavesdropping on you right now (man-in-the-middle attack)!
nid01065: It is also possible that a host key has just been changed.
nid01065: The fingerprint for the ECDSA key sent by the remote host is
nid01065: SHA256:e4tGVU3Cm1ts1ZqDN1WOBRGaGADBIuS2gPNTUkgEnsc.
nid01065: Please contact your system administrator.
nid01065: Add correct host key in /global/homes/q/qpzhang/.ssh/known_hosts to get rid of this message.
nid01065: Offending ECDSA key in /global/homes/q/qpzhang/.ssh/known_hosts:214
nid01065: Password authentication is disabled to avoid man-in-the-middle attacks.
nid01065: Keyboard-interactive authentication is disabled to avoid man-in-the-middle attacks.
nid01065: starting org.apache.spark.deploy.worker.Worker, logging to /global/cscratch1/sd/qpzhang/spark/2335275/sparklogs/spark-qpzhang-org.apache.spark.deploy.worker.Worker-1-nid01059.out
nid01064: Warning: Permanently added '[nid01064]:204,[10.128.4.49]:204' (ECDSA) to the list of known hosts.
nid01064: starting org.apache.spark.deploy.worker.Worker, logging to /global/cscratch1/sd/qpzhang/spark/2335275/sparklogs/spark-qpzhang-org.apache.spark.deploy.worker.Worker-1-nid01059.out
nid01556: @@@@@@@@@@@@@@@@@@@@@@@@@@@@@@@@@@@@@@@@@@@@@@@@@@@@@@@@@@@
nid01556: @    WARNING: REMOTE HOST IDENTIFICATION HAS CHANGED!     @
nid01556: @@@@@@@@@@@@@@@@@@@@@@@@@@@@@@@@@@@@@@@@@@@@@@@@@@@@@@@@@@@
nid01556: IT IS POSSIBLE THAT SOMEONE IS DOING SOMETHING NASTY!
nid01556: Someone could be eavesdropping on you right now (man-in-the-middle attack)!
nid01556: It is also possible that a host key has just been changed.
nid01556: The fingerprint for the ECDSA key sent by the remote host is
nid01556: SHA256:i3Xyt7k4alI/prG2Q1h3hWQf3zxwXvXdIcLl8cTTfII.
nid01556: Please contact your system administrator.
nid01556: Add correct host key in /global/homes/q/qpzhang/.ssh/known_hosts to get rid of this message.
nid01556: Offending ECDSA key in /global/homes/q/qpzhang/.ssh/known_hosts:240
nid01556: Password authentication is disabled to avoid man-in-the-middle attacks.
nid01556: Keyboard-interactive authentication is disabled to avoid man-in-the-middle attacks.
nid01556: starting org.apache.spark.deploy.worker.Worker, logging to /global/cscratch1/sd/qpzhang/spark/2335275/sparklogs/spark-qpzhang-org.apache.spark.deploy.worker.Worker-1-nid01059.out
nid01067: Warning: Permanently added '[nid01067]:204,[10.128.4.52]:204' (ECDSA) to the list of known hosts.
nid01067: mv: cannot stat `/global/cscratch1/sd/qpzhang/spark/2335275/sparklogs/spark-qpzhang-org.apache.spark.deploy.worker.Worker-1-nid01059.out.1': No such file or directory
nid01067: mv: cannot stat `/global/cscratch1/sd/qpzhang/spark/2335275/sparklogs/spark-qpzhang-org.apache.spark.deploy.worker.Worker-1-nid01059.out': No such file or directory
nid01067: starting org.apache.spark.deploy.worker.Worker, logging to /global/cscratch1/sd/qpzhang/spark/2335275/sparklogs/spark-qpzhang-org.apache.spark.deploy.worker.Worker-1-nid01059.out
nid01066: Warning: Permanently added '[nid01066]:204,[10.128.4.51]:204' (ECDSA) to the list of known hosts.
nid01066: starting org.apache.spark.deploy.worker.Worker, logging to /global/cscratch1/sd/qpzhang/spark/2335275/sparklogs/spark-qpzhang-org.apache.spark.deploy.worker.Worker-1-nid01059.out
nid01068: Warning: Permanently added '[nid01068]:204,[10.128.4.53]:204' (ECDSA) to the list of known hosts.
nid01068: starting org.apache.spark.deploy.worker.Worker, logging to /global/cscratch1/sd/qpzhang/spark/2335275/sparklogs/spark-qpzhang-org.apache.spark.deploy.worker.Worker-1-nid01059.out
nid01069: Warning: Permanently added '[nid01069]:204,[10.128.4.54]:204' (ECDSA) to the list of known hosts.
nid01069: mv: cannot stat `/global/cscratch1/sd/qpzhang/spark/2335275/sparklogs/spark-qpzhang-org.apache.spark.deploy.worker.Worker-1-nid01059.out.2': No such file or directory
nid01069: mv: cannot stat `/global/cscratch1/sd/qpzhang/spark/2335275/sparklogs/spark-qpzhang-org.apache.spark.deploy.worker.Worker-1-nid01059.out.1': No such file or directory
nid01069: starting org.apache.spark.deploy.worker.Worker, logging to /global/cscratch1/sd/qpzhang/spark/2335275/sparklogs/spark-qpzhang-org.apache.spark.deploy.worker.Worker-1-nid01059.out
nid01532: @@@@@@@@@@@@@@@@@@@@@@@@@@@@@@@@@@@@@@@@@@@@@@@@@@@@@@@@@@@
nid01532: @    WARNING: REMOTE HOST IDENTIFICATION HAS CHANGED!     @
nid01532: @@@@@@@@@@@@@@@@@@@@@@@@@@@@@@@@@@@@@@@@@@@@@@@@@@@@@@@@@@@
nid01532: IT IS POSSIBLE THAT SOMEONE IS DOING SOMETHING NASTY!
nid01532: Someone could be eavesdropping on you right now (man-in-the-middle attack)!
nid01532: It is also possible that a host key has just been changed.
nid01532: The fingerprint for the ECDSA key sent by the remote host is
nid01532: SHA256:OzDgzHvbMpdKUQwqNLZnpHbZ2mjXLBOX/TxscecOzaY.
nid01532: Please contact your system administrator.
nid01532: Add correct host key in /global/homes/q/qpzhang/.ssh/known_hosts to get rid of this message.
nid01532: Offending ECDSA key in /global/homes/q/qpzhang/.ssh/known_hosts:266
nid01532: Password authentication is disabled to avoid man-in-the-middle attacks.
nid01532: Keyboard-interactive authentication is disabled to avoid man-in-the-middle attacks.
nid01532: starting org.apache.spark.deploy.worker.Worker, logging to /global/cscratch1/sd/qpzhang/spark/2335275/sparklogs/spark-qpzhang-org.apache.spark.deploy.worker.Worker-1-nid01059.out
nid01558: @@@@@@@@@@@@@@@@@@@@@@@@@@@@@@@@@@@@@@@@@@@@@@@@@@@@@@@@@@@
nid01558: @    WARNING: REMOTE HOST IDENTIFICATION HAS CHANGED!     @
nid01558: @@@@@@@@@@@@@@@@@@@@@@@@@@@@@@@@@@@@@@@@@@@@@@@@@@@@@@@@@@@
nid01558: IT IS POSSIBLE THAT SOMEONE IS DOING SOMETHING NASTY!
nid01558: Someone could be eavesdropping on you right now (man-in-the-middle attack)!
nid01558: It is also possible that a host key has just been changed.
nid01558: The fingerprint for the ECDSA key sent by the remote host is
nid01558: SHA256:uQxQ6WEmpsGOzH6i6YZ28jP02goe0htZPNvBmuKWjIw.
nid01558: Please contact your system administrator.
nid01558: Add correct host key in /global/homes/q/qpzhang/.ssh/known_hosts to get rid of this message.
nid01558: Offending ECDSA key in /global/homes/q/qpzhang/.ssh/known_hosts:241
nid01558: Password authentication is disabled to avoid man-in-the-middle attacks.
nid01558: Keyboard-interactive authentication is disabled to avoid man-in-the-middle attacks.
nid01558: mv: cannot stat `/global/cscratch1/sd/qpzhang/spark/2335275/sparklogs/spark-qpzhang-org.apache.spark.deploy.worker.Worker-1-nid01059.out.3': No such file or directory
nid01558: mv: cannot stat `/global/cscratch1/sd/qpzhang/spark/2335275/sparklogs/spark-qpzhang-org.apache.spark.deploy.worker.Worker-1-nid01059.out.2': No such file or directory
nid01558: mv: cannot stat `/global/cscratch1/sd/qpzhang/spark/2335275/sparklogs/spark-qpzhang-org.apache.spark.deploy.worker.Worker-1-nid01059.out.1': No such file or directory
nid01558: mv: cannot stat `/global/cscratch1/sd/qpzhang/spark/2335275/sparklogs/spark-qpzhang-org.apache.spark.deploy.worker.Worker-1-nid01059.out': No such file or directory
nid01558: starting org.apache.spark.deploy.worker.Worker, logging to /global/cscratch1/sd/qpzhang/spark/2335275/sparklogs/spark-qpzhang-org.apache.spark.deploy.worker.Worker-1-nid01059.out
nid01557: @@@@@@@@@@@@@@@@@@@@@@@@@@@@@@@@@@@@@@@@@@@@@@@@@@@@@@@@@@@
nid01557: @    WARNING: REMOTE HOST IDENTIFICATION HAS CHANGED!     @
nid01557: @@@@@@@@@@@@@@@@@@@@@@@@@@@@@@@@@@@@@@@@@@@@@@@@@@@@@@@@@@@
nid01557: IT IS POSSIBLE THAT SOMEONE IS DOING SOMETHING NASTY!
nid01557: Someone could be eavesdropping on you right now (man-in-the-middle attack)!
nid01557: It is also possible that a host key has just been changed.
nid01557: The fingerprint for the ECDSA key sent by the remote host is
nid01557: SHA256:T/QCmcf3uvhd8uqmDOn1roCz4+G8kBJ7tiC8HLk5fLg.
nid01557: Please contact your system administrator.
nid01557: Add correct host key in /global/homes/q/qpzhang/.ssh/known_hosts to get rid of this message.
nid01557: Offending ECDSA key in /global/homes/q/qpzhang/.ssh/known_hosts:242
nid01557: Password authentication is disabled to avoid man-in-the-middle attacks.
nid01557: Keyboard-interactive authentication is disabled to avoid man-in-the-middle attacks.
nid01557: starting org.apache.spark.deploy.worker.Worker, logging to /global/cscratch1/sd/qpzhang/spark/2335275/sparklogs/spark-qpzhang-org.apache.spark.deploy.worker.Worker-1-nid01059.out
nid01533: @@@@@@@@@@@@@@@@@@@@@@@@@@@@@@@@@@@@@@@@@@@@@@@@@@@@@@@@@@@
nid01533: @    WARNING: REMOTE HOST IDENTIFICATION HAS CHANGED!     @
nid01533: @@@@@@@@@@@@@@@@@@@@@@@@@@@@@@@@@@@@@@@@@@@@@@@@@@@@@@@@@@@
nid01533: IT IS POSSIBLE THAT SOMEONE IS DOING SOMETHING NASTY!
nid01533: Someone could be eavesdropping on you right now (man-in-the-middle attack)!
nid01533: It is also possible that a host key has just been changed.
nid01533: The fingerprint for the ECDSA key sent by the remote host is
nid01533: SHA256:f3HOWiOvboRZk/aEw/+6DV8qMyi3Lrx7z3KMzy+RXtY.
nid01533: Please contact your system administrator.
nid01533: Add correct host key in /global/homes/q/qpzhang/.ssh/known_hosts to get rid of this message.
nid01533: Offending ECDSA key in /global/homes/q/qpzhang/.ssh/known_hosts:267
nid01533: Password authentication is disabled to avoid man-in-the-middle attacks.
nid01533: Keyboard-interactive authentication is disabled to avoid man-in-the-middle attacks.
nid01533: mv: cannot stat `/global/cscratch1/sd/qpzhang/spark/2335275/sparklogs/spark-qpzhang-org.apache.spark.deploy.worker.Worker-1-nid01059.out.2': No such file or directory
nid01533: mv: cannot stat `/global/cscratch1/sd/qpzhang/spark/2335275/sparklogs/spark-qpzhang-org.apache.spark.deploy.worker.Worker-1-nid01059.out': No such file or directory
nid01533: starting org.apache.spark.deploy.worker.Worker, logging to /global/cscratch1/sd/qpzhang/spark/2335275/sparklogs/spark-qpzhang-org.apache.spark.deploy.worker.Worker-1-nid01059.out
nid01535: @@@@@@@@@@@@@@@@@@@@@@@@@@@@@@@@@@@@@@@@@@@@@@@@@@@@@@@@@@@
nid01535: @    WARNING: REMOTE HOST IDENTIFICATION HAS CHANGED!     @
nid01535: @@@@@@@@@@@@@@@@@@@@@@@@@@@@@@@@@@@@@@@@@@@@@@@@@@@@@@@@@@@
nid01535: IT IS POSSIBLE THAT SOMEONE IS DOING SOMETHING NASTY!
nid01535: Someone could be eavesdropping on you right now (man-in-the-middle attack)!
nid01535: It is also possible that a host key has just been changed.
nid01535: The fingerprint for the ECDSA key sent by the remote host is
nid01535: SHA256:q8bwNSlzMhVIReJZglgzbDJAwVrhrNr2BZsR70+Xh2M.
nid01535: Please contact your system administrator.
nid01535: Add correct host key in /global/homes/q/qpzhang/.ssh/known_hosts to get rid of this message.
nid01535: Offending ECDSA key in /global/homes/q/qpzhang/.ssh/known_hosts:268
nid01535: Password authentication is disabled to avoid man-in-the-middle attacks.
nid01535: Keyboard-interactive authentication is disabled to avoid man-in-the-middle attacks.
nid01535: mv: cannot stat `/global/cscratch1/sd/qpzhang/spark/2335275/sparklogs/spark-qpzhang-org.apache.spark.deploy.worker.Worker-1-nid01059.out.3': No such file or directory
nid01535: mv: cannot stat `/global/cscratch1/sd/qpzhang/spark/2335275/sparklogs/spark-qpzhang-org.apache.spark.deploy.worker.Worker-1-nid01059.out.2': No such file or directory
nid01535: starting org.apache.spark.deploy.worker.Worker, logging to /global/cscratch1/sd/qpzhang/spark/2335275/sparklogs/spark-qpzhang-org.apache.spark.deploy.worker.Worker-1-nid01059.out
nid01530: @@@@@@@@@@@@@@@@@@@@@@@@@@@@@@@@@@@@@@@@@@@@@@@@@@@@@@@@@@@
nid01530: @    WARNING: REMOTE HOST IDENTIFICATION HAS CHANGED!     @
nid01530: @@@@@@@@@@@@@@@@@@@@@@@@@@@@@@@@@@@@@@@@@@@@@@@@@@@@@@@@@@@
nid01530: IT IS POSSIBLE THAT SOMEONE IS DOING SOMETHING NASTY!
nid01530: Someone could be eavesdropping on you right now (man-in-the-middle attack)!
nid01530: It is also possible that a host key has just been changed.
nid01530: The fingerprint for the ECDSA key sent by the remote host is
nid01530: SHA256:Pu+JkwYr7zofRhZAHykOHxvxj4n5jN7WUEHL9Xt2XyQ.
nid01530: Please contact your system administrator.
nid01530: Add correct host key in /global/homes/q/qpzhang/.ssh/known_hosts to get rid of this message.
nid01530: Offending ECDSA key in /global/homes/q/qpzhang/.ssh/known_hosts:701
nid01530: Password authentication is disabled to avoid man-in-the-middle attacks.
nid01530: Keyboard-interactive authentication is disabled to avoid man-in-the-middle attacks.
nid01530: mv: cannot stat `/global/cscratch1/sd/qpzhang/spark/2335275/sparklogs/spark-qpzhang-org.apache.spark.deploy.worker.Worker-1-nid01059.out.1': No such file or directory
nid01530: mv: cannot stat `/global/cscratch1/sd/qpzhang/spark/2335275/sparklogs/spark-qpzhang-org.apache.spark.deploy.worker.Worker-1-nid01059.out': No such file or directory
nid01530: starting org.apache.spark.deploy.worker.Worker, logging to /global/cscratch1/sd/qpzhang/spark/2335275/sparklogs/spark-qpzhang-org.apache.spark.deploy.worker.Worker-1-nid01059.out
nid01534: @@@@@@@@@@@@@@@@@@@@@@@@@@@@@@@@@@@@@@@@@@@@@@@@@@@@@@@@@@@
nid01534: @    WARNING: REMOTE HOST IDENTIFICATION HAS CHANGED!     @
nid01534: @@@@@@@@@@@@@@@@@@@@@@@@@@@@@@@@@@@@@@@@@@@@@@@@@@@@@@@@@@@
nid01534: IT IS POSSIBLE THAT SOMEONE IS DOING SOMETHING NASTY!
nid01534: Someone could be eavesdropping on you right now (man-in-the-middle attack)!
nid01534: It is also possible that a host key has just been changed.
nid01534: The fingerprint for the ECDSA key sent by the remote host is
nid01534: SHA256:VYsxKL0cKoWSvDYkNQUvWFdRse4Q0eFyK8X2r1P4JSs.
nid01534: Please contact your system administrator.
nid01534: Add correct host key in /global/homes/q/qpzhang/.ssh/known_hosts to get rid of this message.
nid01534: Offending ECDSA key in /global/homes/q/qpzhang/.ssh/known_hosts:270
nid01534: Password authentication is disabled to avoid man-in-the-middle attacks.
nid01534: Keyboard-interactive authentication is disabled to avoid man-in-the-middle attacks.
nid01534: mv: cannot stat `/global/cscratch1/sd/qpzhang/spark/2335275/sparklogs/spark-qpzhang-org.apache.spark.deploy.worker.Worker-1-nid01059.out.4': No such file or directory
nid01534: mv: cannot stat `/global/cscratch1/sd/qpzhang/spark/2335275/sparklogs/spark-qpzhang-org.apache.spark.deploy.worker.Worker-1-nid01059.out.3': No such file or directory
nid01534: mv: cannot stat `/global/cscratch1/sd/qpzhang/spark/2335275/sparklogs/spark-qpzhang-org.apache.spark.deploy.worker.Worker-1-nid01059.out.2': No such file or directory
nid01534: mv: cannot stat `/global/cscratch1/sd/qpzhang/spark/2335275/sparklogs/spark-qpzhang-org.apache.spark.deploy.worker.Worker-1-nid01059.out.1': No such file or directory
nid01534: mv: cannot stat `/global/cscratch1/sd/qpzhang/spark/2335275/sparklogs/spark-qpzhang-org.apache.spark.deploy.worker.Worker-1-nid01059.out': No such file or directory
nid01534: starting org.apache.spark.deploy.worker.Worker, logging to /global/cscratch1/sd/qpzhang/spark/2335275/sparklogs/spark-qpzhang-org.apache.spark.deploy.worker.Worker-1-nid01059.out
nid01531: @@@@@@@@@@@@@@@@@@@@@@@@@@@@@@@@@@@@@@@@@@@@@@@@@@@@@@@@@@@
nid01531: @    WARNING: REMOTE HOST IDENTIFICATION HAS CHANGED!     @
nid01531: @@@@@@@@@@@@@@@@@@@@@@@@@@@@@@@@@@@@@@@@@@@@@@@@@@@@@@@@@@@
nid01531: IT IS POSSIBLE THAT SOMEONE IS DOING SOMETHING NASTY!
nid01531: Someone could be eavesdropping on you right now (man-in-the-middle attack)!
nid01531: It is also possible that a host key has just been changed.
nid01531: The fingerprint for the ECDSA key sent by the remote host is
nid01531: SHA256:yIOP7hFF2B/xulSkyjMfHiuQEW2ggmXWYrWNSgDUPd8.
nid01531: Please contact your system administrator.
nid01531: Add correct host key in /global/homes/q/qpzhang/.ssh/known_hosts to get rid of this message.
nid01531: Offending ECDSA key in /global/homes/q/qpzhang/.ssh/known_hosts:702
nid01531: Password authentication is disabled to avoid man-in-the-middle attacks.
nid01531: Keyboard-interactive authentication is disabled to avoid man-in-the-middle attacks.
nid01531: mv: cannot stat `/global/cscratch1/sd/qpzhang/spark/2335275/sparklogs/spark-qpzhang-org.apache.spark.deploy.worker.Worker-1-nid01059.out.4': No such file or directory
nid01531: mv: cannot stat `/global/cscratch1/sd/qpzhang/spark/2335275/sparklogs/spark-qpzhang-org.apache.spark.deploy.worker.Worker-1-nid01059.out.3': No such file or directory
nid01531: mv: cannot stat `/global/cscratch1/sd/qpzhang/spark/2335275/sparklogs/spark-qpzhang-org.apache.spark.deploy.worker.Worker-1-nid01059.out.2': No such file or directory
nid01531: mv: cannot stat `/global/cscratch1/sd/qpzhang/spark/2335275/sparklogs/spark-qpzhang-org.apache.spark.deploy.worker.Worker-1-nid01059.out.1': No such file or directory
nid01531: mv: cannot stat `/global/cscratch1/sd/qpzhang/spark/2335275/sparklogs/spark-qpzhang-org.apache.spark.deploy.worker.Worker-1-nid01059.out': No such file or directory
nid01531: starting org.apache.spark.deploy.worker.Worker, logging to /global/cscratch1/sd/qpzhang/spark/2335275/sparklogs/spark-qpzhang-org.apache.spark.deploy.worker.Worker-1-nid01059.out
nid01887: doing ssh -o StrictHostKeyChecking=no nid01887  cd /global/common/cori/software/spark/1.5.1/sbin/.. ; /usr/common/software/spark/1.5.1/sbin/stop-slave.sh
nid01887: ssh: connect to host nid01887 port 204: Connection refused
nid01888: doing ssh -o StrictHostKeyChecking=no nid01888  cd /global/common/cori/software/spark/1.5.1/sbin/.. ; /usr/common/software/spark/1.5.1/sbin/stop-slave.sh
nid01889: doing ssh -o StrictHostKeyChecking=no nid01889  cd /global/common/cori/software/spark/1.5.1/sbin/.. ; /usr/common/software/spark/1.5.1/sbin/stop-slave.sh
nid01888: ssh: connect to host nid01888 port 204: Connection refused
nid01890: doing ssh -o StrictHostKeyChecking=no nid01890  cd /global/common/cori/software/spark/1.5.1/sbin/.. ; /usr/common/software/spark/1.5.1/sbin/stop-slave.sh
nid01889: ssh: connect to host nid01889 port 204: Connection refused
nid01891: doing ssh -o StrictHostKeyChecking=no nid01891  cd /global/common/cori/software/spark/1.5.1/sbin/.. ; /usr/common/software/spark/1.5.1/sbin/stop-slave.sh
nid01890: ssh: connect to host nid01890 port 204: Connection refused
nid01892: doing ssh -o StrictHostKeyChecking=no nid01892  cd /global/common/cori/software/spark/1.5.1/sbin/.. ; /usr/common/software/spark/1.5.1/sbin/stop-slave.sh
nid01891: ssh: connect to host nid01891 port 204: Connection refused
nid01893: doing ssh -o StrictHostKeyChecking=no nid01893  cd /global/common/cori/software/spark/1.5.1/sbin/.. ; /usr/common/software/spark/1.5.1/sbin/stop-slave.sh
nid01892: ssh: connect to host nid01892 port 204: Connection refused
nid01894: doing ssh -o StrictHostKeyChecking=no nid01894  cd /global/common/cori/software/spark/1.5.1/sbin/.. ; /usr/common/software/spark/1.5.1/sbin/stop-slave.sh
nid01893: ssh: connect to host nid01893 port 204: Connection refused
nid01895: doing ssh -o StrictHostKeyChecking=no nid01895  cd /global/common/cori/software/spark/1.5.1/sbin/.. ; /usr/common/software/spark/1.5.1/sbin/stop-slave.sh
nid01894: ssh: connect to host nid01894 port 204: Connection refused
nid01895: ssh: connect to host nid01895 port 204: Connection refused
nid01896: doing ssh -o StrictHostKeyChecking=no nid01896  cd /global/common/cori/software/spark/1.5.1/sbin/.. ; /usr/common/software/spark/1.5.1/sbin/stop-slave.sh
nid01896: ssh: connect to host nid01896 port 204: Connection refused
nid01897: doing ssh -o StrictHostKeyChecking=no nid01897  cd /global/common/cori/software/spark/1.5.1/sbin/.. ; /usr/common/software/spark/1.5.1/sbin/stop-slave.sh
nid01898: doing ssh -o StrictHostKeyChecking=no nid01898  cd /global/common/cori/software/spark/1.5.1/sbin/.. ; /usr/common/software/spark/1.5.1/sbin/stop-slave.sh
nid01897: ssh: connect to host nid01897 port 204: Connection refused
nid01898: ssh: connect to host nid01898 port 204: Connection refused
nid01899: doing ssh -o StrictHostKeyChecking=no nid01899  cd /global/common/cori/software/spark/1.5.1/sbin/.. ; /usr/common/software/spark/1.5.1/sbin/stop-slave.sh
nid01899: ssh: connect to host nid01899 port 204: Connection refused
nid01900: doing ssh -o StrictHostKeyChecking=no nid01900  cd /global/common/cori/software/spark/1.5.1/sbin/.. ; /usr/common/software/spark/1.5.1/sbin/stop-slave.sh
nid01900: ssh: connect to host nid01900 port 204: Connection refused
nid01901: doing ssh -o StrictHostKeyChecking=no nid01901  cd /global/common/cori/software/spark/1.5.1/sbin/.. ; /usr/common/software/spark/1.5.1/sbin/stop-slave.sh
nid01901: ssh: connect to host nid01901 port 204: Connection refused
nid01902: doing ssh -o StrictHostKeyChecking=no nid01902  cd /global/common/cori/software/spark/1.5.1/sbin/.. ; /usr/common/software/spark/1.5.1/sbin/stop-slave.sh
nid01903: doing ssh -o StrictHostKeyChecking=no nid01903  cd /global/common/cori/software/spark/1.5.1/sbin/.. ; /usr/common/software/spark/1.5.1/sbin/stop-slave.sh
nid01902: ssh: connect to host nid01902 port 204: Connection refused
nid01903: ssh: connect to host nid01903 port 204: Connection refused
nid01904: doing ssh -o StrictHostKeyChecking=no nid01904  cd /global/common/cori/software/spark/1.5.1/sbin/.. ; /usr/common/software/spark/1.5.1/sbin/stop-slave.sh
nid01905: doing ssh -o StrictHostKeyChecking=no nid01905  cd /global/common/cori/software/spark/1.5.1/sbin/.. ; /usr/common/software/spark/1.5.1/sbin/stop-slave.sh
nid01904: ssh: connect to host nid01904 port 204: Connection refused
nid01905: ssh: connect to host nid01905 port 204: Connection refused
stopping org.apache.spark.deploy.master.Master
