writing to /global/cscratch1/sd/qpzhang/spark_env
starting org.apache.spark.deploy.master.Master, logging to /global/cscratch1/sd/qpzhang/spark/2291610/sparklogs/spark-qpzhang-org.apache.spark.deploy.master.Master-1-nid01104.out
/global/common/cori/software/spark/1.5.1/sbin/..
nid01105: doing ssh -o StrictHostKeyChecking=no nid01105  cd /global/common/cori/software/spark/1.5.1/sbin/.. ; /usr/common/software/spark/1.5.1/sbin/start-slave.sh spark://nid01104:7077
nid01106: doing ssh -o StrictHostKeyChecking=no nid01106  cd /global/common/cori/software/spark/1.5.1/sbin/.. ; /usr/common/software/spark/1.5.1/sbin/start-slave.sh spark://nid01104:7077
nid01107: doing ssh -o StrictHostKeyChecking=no nid01107  cd /global/common/cori/software/spark/1.5.1/sbin/.. ; /usr/common/software/spark/1.5.1/sbin/start-slave.sh spark://nid01104:7077
nid01108: doing ssh -o StrictHostKeyChecking=no nid01108  cd /global/common/cori/software/spark/1.5.1/sbin/.. ; /usr/common/software/spark/1.5.1/sbin/start-slave.sh spark://nid01104:7077
nid01109: doing ssh -o StrictHostKeyChecking=no nid01109  cd /global/common/cori/software/spark/1.5.1/sbin/.. ; /usr/common/software/spark/1.5.1/sbin/start-slave.sh spark://nid01104:7077
nid01110: doing ssh -o StrictHostKeyChecking=no nid01110  cd /global/common/cori/software/spark/1.5.1/sbin/.. ; /usr/common/software/spark/1.5.1/sbin/start-slave.sh spark://nid01104:7077
nid01111: doing ssh -o StrictHostKeyChecking=no nid01111  cd /global/common/cori/software/spark/1.5.1/sbin/.. ; /usr/common/software/spark/1.5.1/sbin/start-slave.sh spark://nid01104:7077
nid01112: doing ssh -o StrictHostKeyChecking=no nid01112  cd /global/common/cori/software/spark/1.5.1/sbin/.. ; /usr/common/software/spark/1.5.1/sbin/start-slave.sh spark://nid01104:7077
nid01113: doing ssh -o StrictHostKeyChecking=no nid01113  cd /global/common/cori/software/spark/1.5.1/sbin/.. ; /usr/common/software/spark/1.5.1/sbin/start-slave.sh spark://nid01104:7077
nid01105: Warning: Permanently added '[nid01105]:204,[10.128.4.90]:204' (ECDSA) to the list of known hosts.
nid01105: starting org.apache.spark.deploy.worker.Worker, logging to /global/cscratch1/sd/qpzhang/spark/2291610/sparklogs/spark-qpzhang-org.apache.spark.deploy.worker.Worker-1-nid01104.out
nid01107: @@@@@@@@@@@@@@@@@@@@@@@@@@@@@@@@@@@@@@@@@@@@@@@@@@@@@@@@@@@
nid01107: @    WARNING: REMOTE HOST IDENTIFICATION HAS CHANGED!     @
nid01107: @@@@@@@@@@@@@@@@@@@@@@@@@@@@@@@@@@@@@@@@@@@@@@@@@@@@@@@@@@@
nid01107: IT IS POSSIBLE THAT SOMEONE IS DOING SOMETHING NASTY!
nid01107: Someone could be eavesdropping on you right now (man-in-the-middle attack)!
nid01107: It is also possible that a host key has just been changed.
nid01107: The fingerprint for the ECDSA key sent by the remote host is
nid01107: SHA256:PaPoFMHOmrztA5Zn7HoRNqH7ZX1G5opRXx8iiu7gt1Q.
nid01107: Please contact your system administrator.
nid01107: Add correct host key in /global/homes/q/qpzhang/.ssh/known_hosts to get rid of this message.
nid01107: Offending ECDSA key in /global/homes/q/qpzhang/.ssh/known_hosts:216
nid01107: Password authentication is disabled to avoid man-in-the-middle attacks.
nid01107: Keyboard-interactive authentication is disabled to avoid man-in-the-middle attacks.
nid01107: starting org.apache.spark.deploy.worker.Worker, logging to /global/cscratch1/sd/qpzhang/spark/2291610/sparklogs/spark-qpzhang-org.apache.spark.deploy.worker.Worker-1-nid01104.out
nid01108: Warning: Permanently added '[nid01108]:204,[10.128.4.93]:204' (ECDSA) to the list of known hosts.
nid01108: starting org.apache.spark.deploy.worker.Worker, logging to /global/cscratch1/sd/qpzhang/spark/2291610/sparklogs/spark-qpzhang-org.apache.spark.deploy.worker.Worker-1-nid01104.out
nid01110: Warning: Permanently added '[nid01110]:204,[10.128.4.95]:204' (ECDSA) to the list of known hosts.
nid01110: mv: cannot stat `/global/cscratch1/sd/qpzhang/spark/2291610/sparklogs/spark-qpzhang-org.apache.spark.deploy.worker.Worker-1-nid01104.out.1': No such file or directory
nid01110: starting org.apache.spark.deploy.worker.Worker, logging to /global/cscratch1/sd/qpzhang/spark/2291610/sparklogs/spark-qpzhang-org.apache.spark.deploy.worker.Worker-1-nid01104.out
nid01106: Warning: Permanently added '[nid01106]:204,[10.128.4.91]:204' (ECDSA) to the list of known hosts.
nid01106: mv: cannot stat `/global/cscratch1/sd/qpzhang/spark/2291610/sparklogs/spark-qpzhang-org.apache.spark.deploy.worker.Worker-1-nid01104.out.1': No such file or directory
nid01106: mv: cannot stat `/global/cscratch1/sd/qpzhang/spark/2291610/sparklogs/spark-qpzhang-org.apache.spark.deploy.worker.Worker-1-nid01104.out': No such file or directory
nid01106: starting org.apache.spark.deploy.worker.Worker, logging to /global/cscratch1/sd/qpzhang/spark/2291610/sparklogs/spark-qpzhang-org.apache.spark.deploy.worker.Worker-1-nid01104.out
nid01109: Warning: Permanently added '[nid01109]:204,[10.128.4.94]:204' (ECDSA) to the list of known hosts.
nid01109: mv: cannot stat `/global/cscratch1/sd/qpzhang/spark/2291610/sparklogs/spark-qpzhang-org.apache.spark.deploy.worker.Worker-1-nid01104.out': No such file or directory
nid01109: starting org.apache.spark.deploy.worker.Worker, logging to /global/cscratch1/sd/qpzhang/spark/2291610/sparklogs/spark-qpzhang-org.apache.spark.deploy.worker.Worker-1-nid01104.out
nid01112: Warning: Permanently added '[nid01112]:204,[10.128.4.97]:204' (ECDSA) to the list of known hosts.
nid01112: mv: cannot stat `/global/cscratch1/sd/qpzhang/spark/2291610/sparklogs/spark-qpzhang-org.apache.spark.deploy.worker.Worker-1-nid01104.out.2': No such file or directory
nid01112: mv: cannot stat `/global/cscratch1/sd/qpzhang/spark/2291610/sparklogs/spark-qpzhang-org.apache.spark.deploy.worker.Worker-1-nid01104.out.1': No such file or directory
nid01112: mv: cannot stat `/global/cscratch1/sd/qpzhang/spark/2291610/sparklogs/spark-qpzhang-org.apache.spark.deploy.worker.Worker-1-nid01104.out': No such file or directory
nid01112: starting org.apache.spark.deploy.worker.Worker, logging to /global/cscratch1/sd/qpzhang/spark/2291610/sparklogs/spark-qpzhang-org.apache.spark.deploy.worker.Worker-1-nid01104.out
nid01113: Warning: Permanently added '[nid01113]:204,[10.128.4.98]:204' (ECDSA) to the list of known hosts.
nid01113: starting org.apache.spark.deploy.worker.Worker, logging to /global/cscratch1/sd/qpzhang/spark/2291610/sparklogs/spark-qpzhang-org.apache.spark.deploy.worker.Worker-1-nid01104.out
nid01111: Warning: Permanently added '[nid01111]:204,[10.128.4.96]:204' (ECDSA) to the list of known hosts.
nid01111: mv: cannot stat `/global/cscratch1/sd/qpzhang/spark/2291610/sparklogs/spark-qpzhang-org.apache.spark.deploy.worker.Worker-1-nid01104.out.2': No such file or directory
nid01111: mv: cannot stat `/global/cscratch1/sd/qpzhang/spark/2291610/sparklogs/spark-qpzhang-org.apache.spark.deploy.worker.Worker-1-nid01104.out': No such file or directory
nid01111: starting org.apache.spark.deploy.worker.Worker, logging to /global/cscratch1/sd/qpzhang/spark/2291610/sparklogs/spark-qpzhang-org.apache.spark.deploy.worker.Worker-1-nid01104.out
nid01105: doing ssh -o StrictHostKeyChecking=no nid01105  cd /global/common/cori/software/spark/1.5.1/sbin/.. ; /usr/common/software/spark/1.5.1/sbin/stop-slave.sh
nid01106: doing ssh -o StrictHostKeyChecking=no nid01106  cd /global/common/cori/software/spark/1.5.1/sbin/.. ; /usr/common/software/spark/1.5.1/sbin/stop-slave.sh
nid01107: doing ssh -o StrictHostKeyChecking=no nid01107  cd /global/common/cori/software/spark/1.5.1/sbin/.. ; /usr/common/software/spark/1.5.1/sbin/stop-slave.sh
nid01108: doing ssh -o StrictHostKeyChecking=no nid01108  cd /global/common/cori/software/spark/1.5.1/sbin/.. ; /usr/common/software/spark/1.5.1/sbin/stop-slave.sh
nid01109: doing ssh -o StrictHostKeyChecking=no nid01109  cd /global/common/cori/software/spark/1.5.1/sbin/.. ; /usr/common/software/spark/1.5.1/sbin/stop-slave.sh
nid01110: doing ssh -o StrictHostKeyChecking=no nid01110  cd /global/common/cori/software/spark/1.5.1/sbin/.. ; /usr/common/software/spark/1.5.1/sbin/stop-slave.sh
nid01111: doing ssh -o StrictHostKeyChecking=no nid01111  cd /global/common/cori/software/spark/1.5.1/sbin/.. ; /usr/common/software/spark/1.5.1/sbin/stop-slave.sh
nid01112: doing ssh -o StrictHostKeyChecking=no nid01112  cd /global/common/cori/software/spark/1.5.1/sbin/.. ; /usr/common/software/spark/1.5.1/sbin/stop-slave.sh
nid01113: doing ssh -o StrictHostKeyChecking=no nid01113  cd /global/common/cori/software/spark/1.5.1/sbin/.. ; /usr/common/software/spark/1.5.1/sbin/stop-slave.sh
nid01105: stopping org.apache.spark.deploy.worker.Worker
nid01106: stopping org.apache.spark.deploy.worker.Worker
nid01109: stopping org.apache.spark.deploy.worker.Worker
nid01107: @@@@@@@@@@@@@@@@@@@@@@@@@@@@@@@@@@@@@@@@@@@@@@@@@@@@@@@@@@@
nid01107: @    WARNING: REMOTE HOST IDENTIFICATION HAS CHANGED!     @
nid01107: @@@@@@@@@@@@@@@@@@@@@@@@@@@@@@@@@@@@@@@@@@@@@@@@@@@@@@@@@@@
nid01107: IT IS POSSIBLE THAT SOMEONE IS DOING SOMETHING NASTY!
nid01107: Someone could be eavesdropping on you right now (man-in-the-middle attack)!
nid01107: It is also possible that a host key has just been changed.
nid01107: The fingerprint for the ECDSA key sent by the remote host is
nid01107: SHA256:PaPoFMHOmrztA5Zn7HoRNqH7ZX1G5opRXx8iiu7gt1Q.
nid01107: Please contact your system administrator.
nid01107: Add correct host key in /global/homes/q/qpzhang/.ssh/known_hosts to get rid of this message.
nid01107: Offending ECDSA key in /global/homes/q/qpzhang/.ssh/known_hosts:216
nid01107: Password authentication is disabled to avoid man-in-the-middle attacks.
nid01107: Keyboard-interactive authentication is disabled to avoid man-in-the-middle attacks.
nid01107: stopping org.apache.spark.deploy.worker.Worker
nid01108: stopping org.apache.spark.deploy.worker.Worker
nid01110: stopping org.apache.spark.deploy.worker.Worker
nid01112: stopping org.apache.spark.deploy.worker.Worker
nid01111: stopping org.apache.spark.deploy.worker.Worker
nid01113: stopping org.apache.spark.deploy.worker.Worker
stopping org.apache.spark.deploy.master.Master
