writing to /global/cscratch1/sd/qpzhang/spark_env
starting org.apache.spark.deploy.master.Master, logging to /global/cscratch1/sd/qpzhang/spark/2329717/sparklogs/spark-qpzhang-org.apache.spark.deploy.master.Master-1-nid01855.out
/global/common/cori/software/spark/1.5.1/sbin/..
nid01872: doing ssh -o StrictHostKeyChecking=no nid01872  cd /global/common/cori/software/spark/1.5.1/sbin/.. ; /usr/common/software/spark/1.5.1/sbin/start-slave.sh spark://nid01855:7077
nid01873: doing ssh -o StrictHostKeyChecking=no nid01873  cd /global/common/cori/software/spark/1.5.1/sbin/.. ; /usr/common/software/spark/1.5.1/sbin/start-slave.sh spark://nid01855:7077
nid01874: doing ssh -o StrictHostKeyChecking=no nid01874  cd /global/common/cori/software/spark/1.5.1/sbin/.. ; /usr/common/software/spark/1.5.1/sbin/start-slave.sh spark://nid01855:7077
nid01875: doing ssh -o StrictHostKeyChecking=no nid01875  cd /global/common/cori/software/spark/1.5.1/sbin/.. ; /usr/common/software/spark/1.5.1/sbin/start-slave.sh spark://nid01855:7077
nid01876: doing ssh -o StrictHostKeyChecking=no nid01876  cd /global/common/cori/software/spark/1.5.1/sbin/.. ; /usr/common/software/spark/1.5.1/sbin/start-slave.sh spark://nid01855:7077
nid01877: doing ssh -o StrictHostKeyChecking=no nid01877  cd /global/common/cori/software/spark/1.5.1/sbin/.. ; /usr/common/software/spark/1.5.1/sbin/start-slave.sh spark://nid01855:7077
nid01878: doing ssh -o StrictHostKeyChecking=no nid01878  cd /global/common/cori/software/spark/1.5.1/sbin/.. ; /usr/common/software/spark/1.5.1/sbin/start-slave.sh spark://nid01855:7077
nid01879: doing ssh -o StrictHostKeyChecking=no nid01879  cd /global/common/cori/software/spark/1.5.1/sbin/.. ; /usr/common/software/spark/1.5.1/sbin/start-slave.sh spark://nid01855:7077
nid01880: doing ssh -o StrictHostKeyChecking=no nid01880  cd /global/common/cori/software/spark/1.5.1/sbin/.. ; /usr/common/software/spark/1.5.1/sbin/start-slave.sh spark://nid01855:7077
nid01881: doing ssh -o StrictHostKeyChecking=no nid01881  cd /global/common/cori/software/spark/1.5.1/sbin/.. ; /usr/common/software/spark/1.5.1/sbin/start-slave.sh spark://nid01855:7077
nid01882: doing ssh -o StrictHostKeyChecking=no nid01882  cd /global/common/cori/software/spark/1.5.1/sbin/.. ; /usr/common/software/spark/1.5.1/sbin/start-slave.sh spark://nid01855:7077
nid01883: doing ssh -o StrictHostKeyChecking=no nid01883  cd /global/common/cori/software/spark/1.5.1/sbin/.. ; /usr/common/software/spark/1.5.1/sbin/start-slave.sh spark://nid01855:7077
nid01884: doing ssh -o StrictHostKeyChecking=no nid01884  cd /global/common/cori/software/spark/1.5.1/sbin/.. ; /usr/common/software/spark/1.5.1/sbin/start-slave.sh spark://nid01855:7077
nid01885: doing ssh -o StrictHostKeyChecking=no nid01885  cd /global/common/cori/software/spark/1.5.1/sbin/.. ; /usr/common/software/spark/1.5.1/sbin/start-slave.sh spark://nid01855:7077
nid01886: doing ssh -o StrictHostKeyChecking=no nid01886  cd /global/common/cori/software/spark/1.5.1/sbin/.. ; /usr/common/software/spark/1.5.1/sbin/start-slave.sh spark://nid01855:7077
nid01887: doing ssh -o StrictHostKeyChecking=no nid01887  cd /global/common/cori/software/spark/1.5.1/sbin/.. ; /usr/common/software/spark/1.5.1/sbin/start-slave.sh spark://nid01855:7077
nid01888: doing ssh -o StrictHostKeyChecking=no nid01888  cd /global/common/cori/software/spark/1.5.1/sbin/.. ; /usr/common/software/spark/1.5.1/sbin/start-slave.sh spark://nid01855:7077
nid01889: doing ssh -o StrictHostKeyChecking=no nid01889  cd /global/common/cori/software/spark/1.5.1/sbin/.. ; /usr/common/software/spark/1.5.1/sbin/start-slave.sh spark://nid01855:7077
nid01890: doing ssh -o StrictHostKeyChecking=no nid01890  cd /global/common/cori/software/spark/1.5.1/sbin/.. ; /usr/common/software/spark/1.5.1/sbin/start-slave.sh spark://nid01855:7077
nid01891: doing ssh -o StrictHostKeyChecking=no nid01891  cd /global/common/cori/software/spark/1.5.1/sbin/.. ; /usr/common/software/spark/1.5.1/sbin/start-slave.sh spark://nid01855:7077
nid01892: doing ssh -o StrictHostKeyChecking=no nid01892  cd /global/common/cori/software/spark/1.5.1/sbin/.. ; /usr/common/software/spark/1.5.1/sbin/start-slave.sh spark://nid01855:7077
nid01893: doing ssh -o StrictHostKeyChecking=no nid01893  cd /global/common/cori/software/spark/1.5.1/sbin/.. ; /usr/common/software/spark/1.5.1/sbin/start-slave.sh spark://nid01855:7077
nid01894: doing ssh -o StrictHostKeyChecking=no nid01894  cd /global/common/cori/software/spark/1.5.1/sbin/.. ; /usr/common/software/spark/1.5.1/sbin/start-slave.sh spark://nid01855:7077
nid01895: doing ssh -o StrictHostKeyChecking=no nid01895  cd /global/common/cori/software/spark/1.5.1/sbin/.. ; /usr/common/software/spark/1.5.1/sbin/start-slave.sh spark://nid01855:7077
nid01896: doing ssh -o StrictHostKeyChecking=no nid01896  cd /global/common/cori/software/spark/1.5.1/sbin/.. ; /usr/common/software/spark/1.5.1/sbin/start-slave.sh spark://nid01855:7077
nid01897: doing ssh -o StrictHostKeyChecking=no nid01897  cd /global/common/cori/software/spark/1.5.1/sbin/.. ; /usr/common/software/spark/1.5.1/sbin/start-slave.sh spark://nid01855:7077
nid01898: doing ssh -o StrictHostKeyChecking=no nid01898  cd /global/common/cori/software/spark/1.5.1/sbin/.. ; /usr/common/software/spark/1.5.1/sbin/start-slave.sh spark://nid01855:7077
nid01899: doing ssh -o StrictHostKeyChecking=no nid01899  cd /global/common/cori/software/spark/1.5.1/sbin/.. ; /usr/common/software/spark/1.5.1/sbin/start-slave.sh spark://nid01855:7077
nid01900: doing ssh -o StrictHostKeyChecking=no nid01900  cd /global/common/cori/software/spark/1.5.1/sbin/.. ; /usr/common/software/spark/1.5.1/sbin/start-slave.sh spark://nid01855:7077
nid01901: doing ssh -o StrictHostKeyChecking=no nid01901  cd /global/common/cori/software/spark/1.5.1/sbin/.. ; /usr/common/software/spark/1.5.1/sbin/start-slave.sh spark://nid01855:7077
nid01902: doing ssh -o StrictHostKeyChecking=no nid01902  cd /global/common/cori/software/spark/1.5.1/sbin/.. ; /usr/common/software/spark/1.5.1/sbin/start-slave.sh spark://nid01855:7077
nid01903: doing ssh -o StrictHostKeyChecking=no nid01903  cd /global/common/cori/software/spark/1.5.1/sbin/.. ; /usr/common/software/spark/1.5.1/sbin/start-slave.sh spark://nid01855:7077
nid01904: doing ssh -o StrictHostKeyChecking=no nid01904  cd /global/common/cori/software/spark/1.5.1/sbin/.. ; /usr/common/software/spark/1.5.1/sbin/start-slave.sh spark://nid01855:7077
nid01905: doing ssh -o StrictHostKeyChecking=no nid01905  cd /global/common/cori/software/spark/1.5.1/sbin/.. ; /usr/common/software/spark/1.5.1/sbin/start-slave.sh spark://nid01855:7077
nid01906: doing ssh -o StrictHostKeyChecking=no nid01906  cd /global/common/cori/software/spark/1.5.1/sbin/.. ; /usr/common/software/spark/1.5.1/sbin/start-slave.sh spark://nid01855:7077
nid01907: doing ssh -o StrictHostKeyChecking=no nid01907  cd /global/common/cori/software/spark/1.5.1/sbin/.. ; /usr/common/software/spark/1.5.1/sbin/start-slave.sh spark://nid01855:7077
nid01908: doing ssh -o StrictHostKeyChecking=no nid01908  cd /global/common/cori/software/spark/1.5.1/sbin/.. ; /usr/common/software/spark/1.5.1/sbin/start-slave.sh spark://nid01855:7077
nid01909: doing ssh -o StrictHostKeyChecking=no nid01909  cd /global/common/cori/software/spark/1.5.1/sbin/.. ; /usr/common/software/spark/1.5.1/sbin/start-slave.sh spark://nid01855:7077
nid01910: doing ssh -o StrictHostKeyChecking=no nid01910  cd /global/common/cori/software/spark/1.5.1/sbin/.. ; /usr/common/software/spark/1.5.1/sbin/start-slave.sh spark://nid01855:7077
nid01872: @@@@@@@@@@@@@@@@@@@@@@@@@@@@@@@@@@@@@@@@@@@@@@@@@@@@@@@@@@@
nid01872: @    WARNING: REMOTE HOST IDENTIFICATION HAS CHANGED!     @
nid01872: @@@@@@@@@@@@@@@@@@@@@@@@@@@@@@@@@@@@@@@@@@@@@@@@@@@@@@@@@@@
nid01872: IT IS POSSIBLE THAT SOMEONE IS DOING SOMETHING NASTY!
nid01872: Someone could be eavesdropping on you right now (man-in-the-middle attack)!
nid01872: It is also possible that a host key has just been changed.
nid01872: The fingerprint for the ECDSA key sent by the remote host is
nid01872: SHA256:qC6kTcu89tPYF/lWG97mrB0BjGv6SXnel8rTIwkaQNk.
nid01872: Please contact your system administrator.
nid01872: Add correct host key in /global/homes/q/qpzhang/.ssh/known_hosts to get rid of this message.
nid01872: Offending ECDSA key in /global/homes/q/qpzhang/.ssh/known_hosts:475
nid01872: Password authentication is disabled to avoid man-in-the-middle attacks.
nid01872: Keyboard-interactive authentication is disabled to avoid man-in-the-middle attacks.
nid01872: starting org.apache.spark.deploy.worker.Worker, logging to /global/cscratch1/sd/qpzhang/spark/2329717/sparklogs/spark-qpzhang-org.apache.spark.deploy.worker.Worker-1-nid01855.out
nid01873: @@@@@@@@@@@@@@@@@@@@@@@@@@@@@@@@@@@@@@@@@@@@@@@@@@@@@@@@@@@
nid01873: @    WARNING: REMOTE HOST IDENTIFICATION HAS CHANGED!     @
nid01873: @@@@@@@@@@@@@@@@@@@@@@@@@@@@@@@@@@@@@@@@@@@@@@@@@@@@@@@@@@@
nid01873: IT IS POSSIBLE THAT SOMEONE IS DOING SOMETHING NASTY!
nid01873: Someone could be eavesdropping on you right now (man-in-the-middle attack)!
nid01873: It is also possible that a host key has just been changed.
nid01873: The fingerprint for the ECDSA key sent by the remote host is
nid01873: SHA256:XoeN7/ZlvD2dlVghcbbEuf9N6xl4Orl/wwW8Rt9gDHQ.
nid01873: Please contact your system administrator.
nid01873: Add correct host key in /global/homes/q/qpzhang/.ssh/known_hosts to get rid of this message.
nid01873: Offending ECDSA key in /global/homes/q/qpzhang/.ssh/known_hosts:904
nid01873: Password authentication is disabled to avoid man-in-the-middle attacks.
nid01873: Keyboard-interactive authentication is disabled to avoid man-in-the-middle attacks.
nid01873: starting org.apache.spark.deploy.worker.Worker, logging to /global/cscratch1/sd/qpzhang/spark/2329717/sparklogs/spark-qpzhang-org.apache.spark.deploy.worker.Worker-1-nid01855.out
nid01882: @@@@@@@@@@@@@@@@@@@@@@@@@@@@@@@@@@@@@@@@@@@@@@@@@@@@@@@@@@@
nid01882: @    WARNING: REMOTE HOST IDENTIFICATION HAS CHANGED!     @
nid01882: @@@@@@@@@@@@@@@@@@@@@@@@@@@@@@@@@@@@@@@@@@@@@@@@@@@@@@@@@@@
nid01882: IT IS POSSIBLE THAT SOMEONE IS DOING SOMETHING NASTY!
nid01882: Someone could be eavesdropping on you right now (man-in-the-middle attack)!
nid01882: It is also possible that a host key has just been changed.
nid01882: The fingerprint for the ECDSA key sent by the remote host is
nid01882: SHA256:CPSWTGmzye3cEKAT9mdu6Z+5hJLBHvH36Hv1GJxyE4A.
nid01882: Please contact your system administrator.
nid01882: Add correct host key in /global/homes/q/qpzhang/.ssh/known_hosts to get rid of this message.
nid01882: Offending ECDSA key in /global/homes/q/qpzhang/.ssh/known_hosts:572
nid01882: Password authentication is disabled to avoid man-in-the-middle attacks.
nid01882: Keyboard-interactive authentication is disabled to avoid man-in-the-middle attacks.
nid01882: starting org.apache.spark.deploy.worker.Worker, logging to /global/cscratch1/sd/qpzhang/spark/2329717/sparklogs/spark-qpzhang-org.apache.spark.deploy.worker.Worker-1-nid01855.out
nid01880: @@@@@@@@@@@@@@@@@@@@@@@@@@@@@@@@@@@@@@@@@@@@@@@@@@@@@@@@@@@
nid01880: @    WARNING: REMOTE HOST IDENTIFICATION HAS CHANGED!     @
nid01880: @@@@@@@@@@@@@@@@@@@@@@@@@@@@@@@@@@@@@@@@@@@@@@@@@@@@@@@@@@@
nid01880: IT IS POSSIBLE THAT SOMEONE IS DOING SOMETHING NASTY!
nid01880: Someone could be eavesdropping on you right now (man-in-the-middle attack)!
nid01880: It is also possible that a host key has just been changed.
nid01880: The fingerprint for the ECDSA key sent by the remote host is
nid01880: SHA256:InmdxP4BljswtujBJdYFilJ47/8Vy2z6Sno3Ezm403E.
nid01880: Please contact your system administrator.
nid01880: Add correct host key in /global/homes/q/qpzhang/.ssh/known_hosts to get rid of this message.
nid01880: Offending ECDSA key in /global/homes/q/qpzhang/.ssh/known_hosts:1047
nid01880: Password authentication is disabled to avoid man-in-the-middle attacks.
nid01880: Keyboard-interactive authentication is disabled to avoid man-in-the-middle attacks.
nid01880: starting org.apache.spark.deploy.worker.Worker, logging to /global/cscratch1/sd/qpzhang/spark/2329717/sparklogs/spark-qpzhang-org.apache.spark.deploy.worker.Worker-1-nid01855.out
nid01883: @@@@@@@@@@@@@@@@@@@@@@@@@@@@@@@@@@@@@@@@@@@@@@@@@@@@@@@@@@@
nid01883: @    WARNING: REMOTE HOST IDENTIFICATION HAS CHANGED!     @
nid01883: @@@@@@@@@@@@@@@@@@@@@@@@@@@@@@@@@@@@@@@@@@@@@@@@@@@@@@@@@@@
nid01883: IT IS POSSIBLE THAT SOMEONE IS DOING SOMETHING NASTY!
nid01883: Someone could be eavesdropping on you right now (man-in-the-middle attack)!
nid01883: It is also possible that a host key has just been changed.
nid01883: The fingerprint for the ECDSA key sent by the remote host is
nid01883: SHA256:xJFh9aXx0uRW3Qzq+nFlJf2Y3HNA03+iMfAmBhl1S84.
nid01883: Please contact your system administrator.
nid01883: Add correct host key in /global/homes/q/qpzhang/.ssh/known_hosts to get rid of this message.
nid01883: Offending ECDSA key in /global/homes/q/qpzhang/.ssh/known_hosts:573
nid01883: Password authentication is disabled to avoid man-in-the-middle attacks.
nid01883: Keyboard-interactive authentication is disabled to avoid man-in-the-middle attacks.
nid01883: starting org.apache.spark.deploy.worker.Worker, logging to /global/cscratch1/sd/qpzhang/spark/2329717/sparklogs/spark-qpzhang-org.apache.spark.deploy.worker.Worker-1-nid01855.out
nid01884: @@@@@@@@@@@@@@@@@@@@@@@@@@@@@@@@@@@@@@@@@@@@@@@@@@@@@@@@@@@
nid01884: @    WARNING: REMOTE HOST IDENTIFICATION HAS CHANGED!     @
nid01884: @@@@@@@@@@@@@@@@@@@@@@@@@@@@@@@@@@@@@@@@@@@@@@@@@@@@@@@@@@@
nid01884: IT IS POSSIBLE THAT SOMEONE IS DOING SOMETHING NASTY!
nid01884: Someone could be eavesdropping on you right now (man-in-the-middle attack)!
nid01884: It is also possible that a host key has just been changed.
nid01884: The fingerprint for the ECDSA key sent by the remote host is
nid01884: SHA256:90PDuV8kLR8n0Tqudeh5U8k8gqgyn70JEQTWZ0h7yno.
nid01884: Please contact your system administrator.
nid01884: Add correct host key in /global/homes/q/qpzhang/.ssh/known_hosts to get rid of this message.
nid01884: Offending ECDSA key in /global/homes/q/qpzhang/.ssh/known_hosts:165
nid01884: Password authentication is disabled to avoid man-in-the-middle attacks.
nid01884: Keyboard-interactive authentication is disabled to avoid man-in-the-middle attacks.
nid01884: starting org.apache.spark.deploy.worker.Worker, logging to /global/cscratch1/sd/qpzhang/spark/2329717/sparklogs/spark-qpzhang-org.apache.spark.deploy.worker.Worker-1-nid01855.out
nid01885: @@@@@@@@@@@@@@@@@@@@@@@@@@@@@@@@@@@@@@@@@@@@@@@@@@@@@@@@@@@
nid01885: @    WARNING: REMOTE HOST IDENTIFICATION HAS CHANGED!     @
nid01885: @@@@@@@@@@@@@@@@@@@@@@@@@@@@@@@@@@@@@@@@@@@@@@@@@@@@@@@@@@@
nid01885: IT IS POSSIBLE THAT SOMEONE IS DOING SOMETHING NASTY!
nid01885: Someone could be eavesdropping on you right now (man-in-the-middle attack)!
nid01885: It is also possible that a host key has just been changed.
nid01885: The fingerprint for the ECDSA key sent by the remote host is
nid01885: SHA256:uf0i2G2BrUw5N6LZz9puqa7WC+ilkwxpPpfwWLeVEiY.
nid01885: Please contact your system administrator.
nid01885: Add correct host key in /global/homes/q/qpzhang/.ssh/known_hosts to get rid of this message.
nid01885: Offending ECDSA key in /global/homes/q/qpzhang/.ssh/known_hosts:574
nid01885: Password authentication is disabled to avoid man-in-the-middle attacks.
nid01885: Keyboard-interactive authentication is disabled to avoid man-in-the-middle attacks.
nid01885: mv: cannot stat `/global/cscratch1/sd/qpzhang/spark/2329717/sparklogs/spark-qpzhang-org.apache.spark.deploy.worker.Worker-1-nid01855.out.2': No such file or directory
nid01885: mv: cannot stat `/global/cscratch1/sd/qpzhang/spark/2329717/sparklogs/spark-qpzhang-org.apache.spark.deploy.worker.Worker-1-nid01855.out.1': No such file or directory
nid01885: starting org.apache.spark.deploy.worker.Worker, logging to /global/cscratch1/sd/qpzhang/spark/2329717/sparklogs/spark-qpzhang-org.apache.spark.deploy.worker.Worker-1-nid01855.out
nid01877: Warning: Permanently added '[nid01877]:204,[10.128.7.100]:204' (ECDSA) to the list of known hosts.
nid01877: starting org.apache.spark.deploy.worker.Worker, logging to /global/cscratch1/sd/qpzhang/spark/2329717/sparklogs/spark-qpzhang-org.apache.spark.deploy.worker.Worker-1-nid01855.out
nid01875: Warning: Permanently added '[nid01875]:204,[10.128.7.98]:204' (ECDSA) to the list of known hosts.
nid01875: mv: cannot stat `/global/cscratch1/sd/qpzhang/spark/2329717/sparklogs/spark-qpzhang-org.apache.spark.deploy.worker.Worker-1-nid01855.out.2': No such file or directory
nid01875: mv: cannot stat `/global/cscratch1/sd/qpzhang/spark/2329717/sparklogs/spark-qpzhang-org.apache.spark.deploy.worker.Worker-1-nid01855.out.1': No such file or directory
nid01875: starting org.apache.spark.deploy.worker.Worker, logging to /global/cscratch1/sd/qpzhang/spark/2329717/sparklogs/spark-qpzhang-org.apache.spark.deploy.worker.Worker-1-nid01855.out
nid01876: Warning: Permanently added '[nid01876]:204,[10.128.7.99]:204' (ECDSA) to the list of known hosts.
nid01876: starting org.apache.spark.deploy.worker.Worker, logging to /global/cscratch1/sd/qpzhang/spark/2329717/sparklogs/spark-qpzhang-org.apache.spark.deploy.worker.Worker-1-nid01855.out
nid01874: Warning: Permanently added '[nid01874]:204,[10.128.7.97]:204' (ECDSA) to the list of known hosts.
nid01874: mv: cannot stat `/global/cscratch1/sd/qpzhang/spark/2329717/sparklogs/spark-qpzhang-org.apache.spark.deploy.worker.Worker-1-nid01855.out.2': No such file or directory
nid01874: mv: cannot stat `/global/cscratch1/sd/qpzhang/spark/2329717/sparklogs/spark-qpzhang-org.apache.spark.deploy.worker.Worker-1-nid01855.out.1': No such file or directory
nid01874: mv: cannot stat `/global/cscratch1/sd/qpzhang/spark/2329717/sparklogs/spark-qpzhang-org.apache.spark.deploy.worker.Worker-1-nid01855.out': No such file or directory
nid01874: starting org.apache.spark.deploy.worker.Worker, logging to /global/cscratch1/sd/qpzhang/spark/2329717/sparklogs/spark-qpzhang-org.apache.spark.deploy.worker.Worker-1-nid01855.out
nid01878: Warning: Permanently added '[nid01878]:204,[10.128.7.101]:204' (ECDSA) to the list of known hosts.
nid01878: mv: cannot stat `/global/cscratch1/sd/qpzhang/spark/2329717/sparklogs/spark-qpzhang-org.apache.spark.deploy.worker.Worker-1-nid01855.out': No such file or directory
nid01878: starting org.apache.spark.deploy.worker.Worker, logging to /global/cscratch1/sd/qpzhang/spark/2329717/sparklogs/spark-qpzhang-org.apache.spark.deploy.worker.Worker-1-nid01855.out
nid01879: Warning: Permanently added '[nid01879]:204,[10.128.7.102]:204' (ECDSA) to the list of known hosts.
nid01879: starting org.apache.spark.deploy.worker.Worker, logging to /global/cscratch1/sd/qpzhang/spark/2329717/sparklogs/spark-qpzhang-org.apache.spark.deploy.worker.Worker-1-nid01855.out
nid01888: @@@@@@@@@@@@@@@@@@@@@@@@@@@@@@@@@@@@@@@@@@@@@@@@@@@@@@@@@@@
nid01888: @    WARNING: REMOTE HOST IDENTIFICATION HAS CHANGED!     @
nid01888: @@@@@@@@@@@@@@@@@@@@@@@@@@@@@@@@@@@@@@@@@@@@@@@@@@@@@@@@@@@
nid01888: IT IS POSSIBLE THAT SOMEONE IS DOING SOMETHING NASTY!
nid01888: Someone could be eavesdropping on you right now (man-in-the-middle attack)!
nid01888: It is also possible that a host key has just been changed.
nid01888: The fingerprint for the ECDSA key sent by the remote host is
nid01888: SHA256:XL4jT4IYvA3+S1y/W7Huurmr2bG7RrErlp4eVhucing.
nid01888: Please contact your system administrator.
nid01888: Add correct host key in /global/homes/q/qpzhang/.ssh/known_hosts to get rid of this message.
nid01888: Offending ECDSA key in /global/homes/q/qpzhang/.ssh/known_hosts:576
nid01888: Password authentication is disabled to avoid man-in-the-middle attacks.
nid01888: Keyboard-interactive authentication is disabled to avoid man-in-the-middle attacks.
nid01888: starting org.apache.spark.deploy.worker.Worker, logging to /global/cscratch1/sd/qpzhang/spark/2329717/sparklogs/spark-qpzhang-org.apache.spark.deploy.worker.Worker-1-nid01855.out
nid01895: @@@@@@@@@@@@@@@@@@@@@@@@@@@@@@@@@@@@@@@@@@@@@@@@@@@@@@@@@@@
nid01895: @    WARNING: REMOTE HOST IDENTIFICATION HAS CHANGED!     @
nid01895: @@@@@@@@@@@@@@@@@@@@@@@@@@@@@@@@@@@@@@@@@@@@@@@@@@@@@@@@@@@
nid01895: IT IS POSSIBLE THAT SOMEONE IS DOING SOMETHING NASTY!
nid01895: Someone could be eavesdropping on you right now (man-in-the-middle attack)!
nid01895: It is also possible that a host key has just been changed.
nid01895: The fingerprint for the ECDSA key sent by the remote host is
nid01895: SHA256:/Ctj7x60wflQS0hs8ngWCNj6da03H+J23MXNPpgWxhU.
nid01895: Please contact your system administrator.
nid01895: Add correct host key in /global/homes/q/qpzhang/.ssh/known_hosts to get rid of this message.
nid01895: Offending ECDSA key in /global/homes/q/qpzhang/.ssh/known_hosts:200
nid01895: Password authentication is disabled to avoid man-in-the-middle attacks.
nid01895: Keyboard-interactive authentication is disabled to avoid man-in-the-middle attacks.
nid01895: mv: cannot move `/global/cscratch1/sd/qpzhang/spark/2329717/sparklogs/spark-qpzhang-org.apache.spark.deploy.worker.Worker-1-nid01855.out' to `/global/cscratch1/sd/qpzhang/spark/2329717/sparklogs/spark-qpzhang-org.apache.spark.deploy.worker.Worker-1-nid01855.out.1': No such file or directory
nid01895: starting org.apache.spark.deploy.worker.Worker, logging to /global/cscratch1/sd/qpzhang/spark/2329717/sparklogs/spark-qpzhang-org.apache.spark.deploy.worker.Worker-1-nid01855.out
nid01889: @@@@@@@@@@@@@@@@@@@@@@@@@@@@@@@@@@@@@@@@@@@@@@@@@@@@@@@@@@@
nid01889: @    WARNING: REMOTE HOST IDENTIFICATION HAS CHANGED!     @
nid01889: @@@@@@@@@@@@@@@@@@@@@@@@@@@@@@@@@@@@@@@@@@@@@@@@@@@@@@@@@@@
nid01889: IT IS POSSIBLE THAT SOMEONE IS DOING SOMETHING NASTY!
nid01889: Someone could be eavesdropping on you right now (man-in-the-middle attack)!
nid01889: It is also possible that a host key has just been changed.
nid01889: The fingerprint for the ECDSA key sent by the remote host is
nid01889: SHA256:DxYedni3bbZ3LgDjWqL4/v/jp8X9gvDqhwhebjzbgLU.
nid01889: Please contact your system administrator.
nid01889: Add correct host key in /global/homes/q/qpzhang/.ssh/known_hosts to get rid of this message.
nid01889: Offending ECDSA key in /global/homes/q/qpzhang/.ssh/known_hosts:579
nid01889: Password authentication is disabled to avoid man-in-the-middle attacks.
nid01889: Keyboard-interactive authentication is disabled to avoid man-in-the-middle attacks.
nid01889: starting org.apache.spark.deploy.worker.Worker, logging to /global/cscratch1/sd/qpzhang/spark/2329717/sparklogs/spark-qpzhang-org.apache.spark.deploy.worker.Worker-1-nid01855.out
nid01887: @@@@@@@@@@@@@@@@@@@@@@@@@@@@@@@@@@@@@@@@@@@@@@@@@@@@@@@@@@@
nid01887: @    WARNING: REMOTE HOST IDENTIFICATION HAS CHANGED!     @
nid01887: @@@@@@@@@@@@@@@@@@@@@@@@@@@@@@@@@@@@@@@@@@@@@@@@@@@@@@@@@@@
nid01887: IT IS POSSIBLE THAT SOMEONE IS DOING SOMETHING NASTY!
nid01887: Someone could be eavesdropping on you right now (man-in-the-middle attack)!
nid01887: It is also possible that a host key has just been changed.
nid01887: The fingerprint for the ECDSA key sent by the remote host is
nid01887: SHA256:d8ZKJYkZB9td3FxbylXpqpoDQViSkmpiroUmf9BJKzE.
nid01887: Please contact your system administrator.
nid01887: Add correct host key in /global/homes/q/qpzhang/.ssh/known_hosts to get rid of this message.
nid01887: Offending ECDSA key in /global/homes/q/qpzhang/.ssh/known_hosts:575
nid01887: Password authentication is disabled to avoid man-in-the-middle attacks.
nid01887: Keyboard-interactive authentication is disabled to avoid man-in-the-middle attacks.
nid01887: starting org.apache.spark.deploy.worker.Worker, logging to /global/cscratch1/sd/qpzhang/spark/2329717/sparklogs/spark-qpzhang-org.apache.spark.deploy.worker.Worker-1-nid01855.out
nid01894: @@@@@@@@@@@@@@@@@@@@@@@@@@@@@@@@@@@@@@@@@@@@@@@@@@@@@@@@@@@
nid01894: @    WARNING: REMOTE HOST IDENTIFICATION HAS CHANGED!     @
nid01894: @@@@@@@@@@@@@@@@@@@@@@@@@@@@@@@@@@@@@@@@@@@@@@@@@@@@@@@@@@@
nid01894: IT IS POSSIBLE THAT SOMEONE IS DOING SOMETHING NASTY!
nid01894: Someone could be eavesdropping on you right now (man-in-the-middle attack)!
nid01894: It is also possible that a host key has just been changed.
nid01894: The fingerprint for the ECDSA key sent by the remote host is
nid01894: SHA256:yQYZaFlt7GEWy5aE6veGnJ0pEzz0saNMy5g6U0fDa/U.
nid01894: Please contact your system administrator.
nid01894: Add correct host key in /global/homes/q/qpzhang/.ssh/known_hosts to get rid of this message.
nid01894: Offending ECDSA key in /global/homes/q/qpzhang/.ssh/known_hosts:199
nid01894: Password authentication is disabled to avoid man-in-the-middle attacks.
nid01894: Keyboard-interactive authentication is disabled to avoid man-in-the-middle attacks.
nid01894: mv: cannot stat `/global/cscratch1/sd/qpzhang/spark/2329717/sparklogs/spark-qpzhang-org.apache.spark.deploy.worker.Worker-1-nid01855.out.3': No such file or directory
nid01894: mv: cannot stat `/global/cscratch1/sd/qpzhang/spark/2329717/sparklogs/spark-qpzhang-org.apache.spark.deploy.worker.Worker-1-nid01855.out.2': No such file or directory
nid01894: mv: cannot stat `/global/cscratch1/sd/qpzhang/spark/2329717/sparklogs/spark-qpzhang-org.apache.spark.deploy.worker.Worker-1-nid01855.out.1': No such file or directory
nid01894: mv: cannot stat `/global/cscratch1/sd/qpzhang/spark/2329717/sparklogs/spark-qpzhang-org.apache.spark.deploy.worker.Worker-1-nid01855.out': No such file or directory
nid01894: starting org.apache.spark.deploy.worker.Worker, logging to /global/cscratch1/sd/qpzhang/spark/2329717/sparklogs/spark-qpzhang-org.apache.spark.deploy.worker.Worker-1-nid01855.out
nid01881: Warning: Permanently added '[nid01881]:204,[10.128.7.104]:204' (ECDSA) to the list of known hosts.
nid01881: mv: cannot stat `/global/cscratch1/sd/qpzhang/spark/2329717/sparklogs/spark-qpzhang-org.apache.spark.deploy.worker.Worker-1-nid01855.out.3': No such file or directory
nid01881: mv: cannot stat `/global/cscratch1/sd/qpzhang/spark/2329717/sparklogs/spark-qpzhang-org.apache.spark.deploy.worker.Worker-1-nid01855.out.1': No such file or directory
nid01881: starting org.apache.spark.deploy.worker.Worker, logging to /global/cscratch1/sd/qpzhang/spark/2329717/sparklogs/spark-qpzhang-org.apache.spark.deploy.worker.Worker-1-nid01855.out
nid01896: @@@@@@@@@@@@@@@@@@@@@@@@@@@@@@@@@@@@@@@@@@@@@@@@@@@@@@@@@@@
nid01896: @    WARNING: REMOTE HOST IDENTIFICATION HAS CHANGED!     @
nid01896: @@@@@@@@@@@@@@@@@@@@@@@@@@@@@@@@@@@@@@@@@@@@@@@@@@@@@@@@@@@
nid01896: IT IS POSSIBLE THAT SOMEONE IS DOING SOMETHING NASTY!
nid01896: Someone could be eavesdropping on you right now (man-in-the-middle attack)!
nid01896: It is also possible that a host key has just been changed.
nid01896: The fingerprint for the ECDSA key sent by the remote host is
nid01896: SHA256:uIHbWfEkJT3TQZGgvd5fZzCC/T5ZBHTA9ZzluOg8Uhg.
nid01896: Please contact your system administrator.
nid01896: Add correct host key in /global/homes/q/qpzhang/.ssh/known_hosts to get rid of this message.
nid01896: Offending ECDSA key in /global/homes/q/qpzhang/.ssh/known_hosts:580
nid01896: Password authentication is disabled to avoid man-in-the-middle attacks.
nid01896: Keyboard-interactive authentication is disabled to avoid man-in-the-middle attacks.
nid01896: mv: cannot stat `/global/cscratch1/sd/qpzhang/spark/2329717/sparklogs/spark-qpzhang-org.apache.spark.deploy.worker.Worker-1-nid01855.out.4': No such file or directory
nid01896: mv: cannot stat `/global/cscratch1/sd/qpzhang/spark/2329717/sparklogs/spark-qpzhang-org.apache.spark.deploy.worker.Worker-1-nid01855.out.2': No such file or directory
nid01896: mv: cannot stat `/global/cscratch1/sd/qpzhang/spark/2329717/sparklogs/spark-qpzhang-org.apache.spark.deploy.worker.Worker-1-nid01855.out.1': No such file or directory
nid01896: starting org.apache.spark.deploy.worker.Worker, logging to /global/cscratch1/sd/qpzhang/spark/2329717/sparklogs/spark-qpzhang-org.apache.spark.deploy.worker.Worker-1-nid01855.out
nid01892: @@@@@@@@@@@@@@@@@@@@@@@@@@@@@@@@@@@@@@@@@@@@@@@@@@@@@@@@@@@
nid01892: @    WARNING: REMOTE HOST IDENTIFICATION HAS CHANGED!     @
nid01892: @@@@@@@@@@@@@@@@@@@@@@@@@@@@@@@@@@@@@@@@@@@@@@@@@@@@@@@@@@@
nid01892: IT IS POSSIBLE THAT SOMEONE IS DOING SOMETHING NASTY!
nid01892: Someone could be eavesdropping on you right now (man-in-the-middle attack)!
nid01892: It is also possible that a host key has just been changed.
nid01892: The fingerprint for the ECDSA key sent by the remote host is
nid01892: SHA256:c/LsLLokkKlHL0u2iWNX2mlUP/JN5K0YyPDurqCWcPU.
nid01892: Please contact your system administrator.
nid01892: Add correct host key in /global/homes/q/qpzhang/.ssh/known_hosts to get rid of this message.
nid01892: Offending ECDSA key in /global/homes/q/qpzhang/.ssh/known_hosts:197
nid01892: Password authentication is disabled to avoid man-in-the-middle attacks.
nid01892: Keyboard-interactive authentication is disabled to avoid man-in-the-middle attacks.
nid01892: mv: cannot stat `/global/cscratch1/sd/qpzhang/spark/2329717/sparklogs/spark-qpzhang-org.apache.spark.deploy.worker.Worker-1-nid01855.out.2': No such file or directory
nid01892: mv: cannot stat `/global/cscratch1/sd/qpzhang/spark/2329717/sparklogs/spark-qpzhang-org.apache.spark.deploy.worker.Worker-1-nid01855.out': No such file or directory
nid01892: starting org.apache.spark.deploy.worker.Worker, logging to /global/cscratch1/sd/qpzhang/spark/2329717/sparklogs/spark-qpzhang-org.apache.spark.deploy.worker.Worker-1-nid01855.out
nid01899: @@@@@@@@@@@@@@@@@@@@@@@@@@@@@@@@@@@@@@@@@@@@@@@@@@@@@@@@@@@
nid01899: @    WARNING: REMOTE HOST IDENTIFICATION HAS CHANGED!     @
nid01899: @@@@@@@@@@@@@@@@@@@@@@@@@@@@@@@@@@@@@@@@@@@@@@@@@@@@@@@@@@@
nid01899: IT IS POSSIBLE THAT SOMEONE IS DOING SOMETHING NASTY!
nid01899: Someone could be eavesdropping on you right now (man-in-the-middle attack)!
nid01899: It is also possible that a host key has just been changed.
nid01899: The fingerprint for the ECDSA key sent by the remote host is
nid01899: SHA256:UkeV3lARhsUaGiTSQTVU6jR9xtj7/OhGThK2i6cekCA.
nid01899: Please contact your system administrator.
nid01899: Add correct host key in /global/homes/q/qpzhang/.ssh/known_hosts to get rid of this message.
nid01899: Offending ECDSA key in /global/homes/q/qpzhang/.ssh/known_hosts:583
nid01899: Password authentication is disabled to avoid man-in-the-middle attacks.
nid01899: Keyboard-interactive authentication is disabled to avoid man-in-the-middle attacks.
nid01899: mv: cannot stat `/global/cscratch1/sd/qpzhang/spark/2329717/sparklogs/spark-qpzhang-org.apache.spark.deploy.worker.Worker-1-nid01855.out.2': No such file or directory
nid01899: starting org.apache.spark.deploy.worker.Worker, logging to /global/cscratch1/sd/qpzhang/spark/2329717/sparklogs/spark-qpzhang-org.apache.spark.deploy.worker.Worker-1-nid01855.out
nid01898: @@@@@@@@@@@@@@@@@@@@@@@@@@@@@@@@@@@@@@@@@@@@@@@@@@@@@@@@@@@
nid01898: @    WARNING: REMOTE HOST IDENTIFICATION HAS CHANGED!     @
nid01898: @@@@@@@@@@@@@@@@@@@@@@@@@@@@@@@@@@@@@@@@@@@@@@@@@@@@@@@@@@@
nid01898: IT IS POSSIBLE THAT SOMEONE IS DOING SOMETHING NASTY!
nid01898: Someone could be eavesdropping on you right now (man-in-the-middle attack)!
nid01898: It is also possible that a host key has just been changed.
nid01898: The fingerprint for the ECDSA key sent by the remote host is
nid01898: SHA256:u+Od0GHbU96LC9ZcdE4cKoTkb3kOuJOLM5Yd80N4RR4.
nid01898: Please contact your system administrator.
nid01898: Add correct host key in /global/homes/q/qpzhang/.ssh/known_hosts to get rid of this message.
nid01898: Offending ECDSA key in /global/homes/q/qpzhang/.ssh/known_hosts:582
nid01898: Password authentication is disabled to avoid man-in-the-middle attacks.
nid01898: Keyboard-interactive authentication is disabled to avoid man-in-the-middle attacks.
nid01898: mv: cannot stat `/global/cscratch1/sd/qpzhang/spark/2329717/sparklogs/spark-qpzhang-org.apache.spark.deploy.worker.Worker-1-nid01855.out.1': No such file or directory
nid01898: starting org.apache.spark.deploy.worker.Worker, logging to /global/cscratch1/sd/qpzhang/spark/2329717/sparklogs/spark-qpzhang-org.apache.spark.deploy.worker.Worker-1-nid01855.out
nid01893: @@@@@@@@@@@@@@@@@@@@@@@@@@@@@@@@@@@@@@@@@@@@@@@@@@@@@@@@@@@
nid01893: @    WARNING: REMOTE HOST IDENTIFICATION HAS CHANGED!     @
nid01893: @@@@@@@@@@@@@@@@@@@@@@@@@@@@@@@@@@@@@@@@@@@@@@@@@@@@@@@@@@@
nid01893: IT IS POSSIBLE THAT SOMEONE IS DOING SOMETHING NASTY!
nid01893: Someone could be eavesdropping on you right now (man-in-the-middle attack)!
nid01893: It is also possible that a host key has just been changed.
nid01893: The fingerprint for the ECDSA key sent by the remote host is
nid01893: SHA256:t23xobFfIyvUBjrBKTbYbodFfLAUin7STHPGajMzkpM.
nid01893: Please contact your system administrator.
nid01893: Add correct host key in /global/homes/q/qpzhang/.ssh/known_hosts to get rid of this message.
nid01893: Offending ECDSA key in /global/homes/q/qpzhang/.ssh/known_hosts:198
nid01893: Password authentication is disabled to avoid man-in-the-middle attacks.
nid01893: Keyboard-interactive authentication is disabled to avoid man-in-the-middle attacks.
nid01893: mv: cannot stat `/global/cscratch1/sd/qpzhang/spark/2329717/sparklogs/spark-qpzhang-org.apache.spark.deploy.worker.Worker-1-nid01855.out.4': No such file or directory
nid01893: mv: cannot move `/global/cscratch1/sd/qpzhang/spark/2329717/sparklogs/spark-qpzhang-org.apache.spark.deploy.worker.Worker-1-nid01855.out.1' to `/global/cscratch1/sd/qpzhang/spark/2329717/sparklogs/spark-qpzhang-org.apache.spark.deploy.worker.Worker-1-nid01855.out.2': No such file or directory
nid01893: starting org.apache.spark.deploy.worker.Worker, logging to /global/cscratch1/sd/qpzhang/spark/2329717/sparklogs/spark-qpzhang-org.apache.spark.deploy.worker.Worker-1-nid01855.out
nid01897: @@@@@@@@@@@@@@@@@@@@@@@@@@@@@@@@@@@@@@@@@@@@@@@@@@@@@@@@@@@
nid01897: @    WARNING: REMOTE HOST IDENTIFICATION HAS CHANGED!     @
nid01897: @@@@@@@@@@@@@@@@@@@@@@@@@@@@@@@@@@@@@@@@@@@@@@@@@@@@@@@@@@@
nid01897: IT IS POSSIBLE THAT SOMEONE IS DOING SOMETHING NASTY!
nid01897: Someone could be eavesdropping on you right now (man-in-the-middle attack)!
nid01897: It is also possible that a host key has just been changed.
nid01897: The fingerprint for the ECDSA key sent by the remote host is
nid01897: SHA256:F7rW6i5ZYfdkzQDjWA6RHGJCZJWxwUoDY+0IB3YFZg0.
nid01897: Please contact your system administrator.
nid01897: Add correct host key in /global/homes/q/qpzhang/.ssh/known_hosts to get rid of this message.
nid01897: Offending ECDSA key in /global/homes/q/qpzhang/.ssh/known_hosts:581
nid01897: Password authentication is disabled to avoid man-in-the-middle attacks.
nid01897: Keyboard-interactive authentication is disabled to avoid man-in-the-middle attacks.
nid01897: starting org.apache.spark.deploy.worker.Worker, logging to /global/cscratch1/sd/qpzhang/spark/2329717/sparklogs/spark-qpzhang-org.apache.spark.deploy.worker.Worker-1-nid01855.out
nid01886: @@@@@@@@@@@@@@@@@@@@@@@@@@@@@@@@@@@@@@@@@@@@@@@@@@@@@@@@@@@
nid01886: @    WARNING: REMOTE HOST IDENTIFICATION HAS CHANGED!     @
nid01886: @@@@@@@@@@@@@@@@@@@@@@@@@@@@@@@@@@@@@@@@@@@@@@@@@@@@@@@@@@@
nid01886: IT IS POSSIBLE THAT SOMEONE IS DOING SOMETHING NASTY!
nid01886: Someone could be eavesdropping on you right now (man-in-the-middle attack)!
nid01886: It is also possible that a host key has just been changed.
nid01886: The fingerprint for the ECDSA key sent by the remote host is
nid01886: SHA256:vu1XW7Ta6X6JcYs5PBdD5DaAvzjk7VmOJq/+H0fEcY0.
nid01886: Please contact your system administrator.
nid01886: Add correct host key in /global/homes/q/qpzhang/.ssh/known_hosts to get rid of this message.
nid01886: Offending ECDSA key in /global/homes/q/qpzhang/.ssh/known_hosts:164
nid01886: Password authentication is disabled to avoid man-in-the-middle attacks.
nid01886: Keyboard-interactive authentication is disabled to avoid man-in-the-middle attacks.
nid01886: mv: cannot stat `/global/cscratch1/sd/qpzhang/spark/2329717/sparklogs/spark-qpzhang-org.apache.spark.deploy.worker.Worker-1-nid01855.out.4': No such file or directory
nid01886: mv: cannot stat `/global/cscratch1/sd/qpzhang/spark/2329717/sparklogs/spark-qpzhang-org.apache.spark.deploy.worker.Worker-1-nid01855.out.2': No such file or directory
nid01886: mv: cannot stat `/global/cscratch1/sd/qpzhang/spark/2329717/sparklogs/spark-qpzhang-org.apache.spark.deploy.worker.Worker-1-nid01855.out': No such file or directory
nid01886: starting org.apache.spark.deploy.worker.Worker, logging to /global/cscratch1/sd/qpzhang/spark/2329717/sparklogs/spark-qpzhang-org.apache.spark.deploy.worker.Worker-1-nid01855.out
nid01890: @@@@@@@@@@@@@@@@@@@@@@@@@@@@@@@@@@@@@@@@@@@@@@@@@@@@@@@@@@@
nid01890: @    WARNING: REMOTE HOST IDENTIFICATION HAS CHANGED!     @
nid01890: @@@@@@@@@@@@@@@@@@@@@@@@@@@@@@@@@@@@@@@@@@@@@@@@@@@@@@@@@@@
nid01890: IT IS POSSIBLE THAT SOMEONE IS DOING SOMETHING NASTY!
nid01890: Someone could be eavesdropping on you right now (man-in-the-middle attack)!
nid01890: It is also possible that a host key has just been changed.
nid01890: The fingerprint for the ECDSA key sent by the remote host is
nid01890: SHA256:X/e0sf+xztmFdudklw370emZZqnOLJxreak+wo4UAyw.
nid01890: Please contact your system administrator.
nid01890: Add correct host key in /global/homes/q/qpzhang/.ssh/known_hosts to get rid of this message.
nid01890: Offending ECDSA key in /global/homes/q/qpzhang/.ssh/known_hosts:577
nid01890: Password authentication is disabled to avoid man-in-the-middle attacks.
nid01890: Keyboard-interactive authentication is disabled to avoid man-in-the-middle attacks.
nid01890: mv: cannot stat `/global/cscratch1/sd/qpzhang/spark/2329717/sparklogs/spark-qpzhang-org.apache.spark.deploy.worker.Worker-1-nid01855.out.2': No such file or directory
nid01890: mv: cannot stat `/global/cscratch1/sd/qpzhang/spark/2329717/sparklogs/spark-qpzhang-org.apache.spark.deploy.worker.Worker-1-nid01855.out': No such file or directory
nid01890: starting org.apache.spark.deploy.worker.Worker, logging to /global/cscratch1/sd/qpzhang/spark/2329717/sparklogs/spark-qpzhang-org.apache.spark.deploy.worker.Worker-1-nid01855.out
nid01891: @@@@@@@@@@@@@@@@@@@@@@@@@@@@@@@@@@@@@@@@@@@@@@@@@@@@@@@@@@@
nid01891: @    WARNING: REMOTE HOST IDENTIFICATION HAS CHANGED!     @
nid01891: @@@@@@@@@@@@@@@@@@@@@@@@@@@@@@@@@@@@@@@@@@@@@@@@@@@@@@@@@@@
nid01891: IT IS POSSIBLE THAT SOMEONE IS DOING SOMETHING NASTY!
nid01891: Someone could be eavesdropping on you right now (man-in-the-middle attack)!
nid01891: It is also possible that a host key has just been changed.
nid01891: The fingerprint for the ECDSA key sent by the remote host is
nid01891: SHA256:3EJePJ17ZW+cvf5nF25ac4E9SFusmM6+sMOFHND52aU.
nid01891: Please contact your system administrator.
nid01891: Add correct host key in /global/homes/q/qpzhang/.ssh/known_hosts to get rid of this message.
nid01891: Offending ECDSA key in /global/homes/q/qpzhang/.ssh/known_hosts:578
nid01891: Password authentication is disabled to avoid man-in-the-middle attacks.
nid01891: Keyboard-interactive authentication is disabled to avoid man-in-the-middle attacks.
nid01891: starting org.apache.spark.deploy.worker.Worker, logging to /global/cscratch1/sd/qpzhang/spark/2329717/sparklogs/spark-qpzhang-org.apache.spark.deploy.worker.Worker-1-nid01855.out
nid01901: @@@@@@@@@@@@@@@@@@@@@@@@@@@@@@@@@@@@@@@@@@@@@@@@@@@@@@@@@@@
nid01901: @    WARNING: REMOTE HOST IDENTIFICATION HAS CHANGED!     @
nid01901: @@@@@@@@@@@@@@@@@@@@@@@@@@@@@@@@@@@@@@@@@@@@@@@@@@@@@@@@@@@
nid01901: IT IS POSSIBLE THAT SOMEONE IS DOING SOMETHING NASTY!
nid01901: Someone could be eavesdropping on you right now (man-in-the-middle attack)!
nid01901: It is also possible that a host key has just been changed.
nid01901: The fingerprint for the ECDSA key sent by the remote host is
nid01901: SHA256:yEaIXs8fg1aj1dFp/y2798szRwha0D4i1Y9Zj1mWZa8.
nid01901: Please contact your system administrator.
nid01901: Add correct host key in /global/homes/q/qpzhang/.ssh/known_hosts to get rid of this message.
nid01901: Offending ECDSA key in /global/homes/q/qpzhang/.ssh/known_hosts:269
nid01901: Password authentication is disabled to avoid man-in-the-middle attacks.
nid01901: Keyboard-interactive authentication is disabled to avoid man-in-the-middle attacks.
nid01901: mv: cannot stat `/global/cscratch1/sd/qpzhang/spark/2329717/sparklogs/spark-qpzhang-org.apache.spark.deploy.worker.Worker-1-nid01855.out.4': No such file or directory
nid01901: mv: cannot stat `/global/cscratch1/sd/qpzhang/spark/2329717/sparklogs/spark-qpzhang-org.apache.spark.deploy.worker.Worker-1-nid01855.out.2': No such file or directory
nid01901: mv: cannot move `/global/cscratch1/sd/qpzhang/spark/2329717/sparklogs/spark-qpzhang-org.apache.spark.deploy.worker.Worker-1-nid01855.out.1' to `/global/cscratch1/sd/qpzhang/spark/2329717/sparklogs/spark-qpzhang-org.apache.spark.deploy.worker.Worker-1-nid01855.out.2': No such file or directory
nid01901: starting org.apache.spark.deploy.worker.Worker, logging to /global/cscratch1/sd/qpzhang/spark/2329717/sparklogs/spark-qpzhang-org.apache.spark.deploy.worker.Worker-1-nid01855.out
nid01901: failed to launch org.apache.spark.deploy.worker.Worker:
nid01901: full log in /global/cscratch1/sd/qpzhang/spark/2329717/sparklogs/spark-qpzhang-org.apache.spark.deploy.worker.Worker-1-nid01855.out
nid01904: @@@@@@@@@@@@@@@@@@@@@@@@@@@@@@@@@@@@@@@@@@@@@@@@@@@@@@@@@@@
nid01904: @    WARNING: REMOTE HOST IDENTIFICATION HAS CHANGED!     @
nid01904: @@@@@@@@@@@@@@@@@@@@@@@@@@@@@@@@@@@@@@@@@@@@@@@@@@@@@@@@@@@
nid01904: IT IS POSSIBLE THAT SOMEONE IS DOING SOMETHING NASTY!
nid01904: Someone could be eavesdropping on you right now (man-in-the-middle attack)!
nid01904: It is also possible that a host key has just been changed.
nid01904: The fingerprint for the ECDSA key sent by the remote host is
nid01904: SHA256:VHoCas6IzJFKZEWdmRv86gtp+JlSsiBW7UL9/eZhoIk.
nid01904: Please contact your system administrator.
nid01904: Add correct host key in /global/homes/q/qpzhang/.ssh/known_hosts to get rid of this message.
nid01904: Offending ECDSA key in /global/homes/q/qpzhang/.ssh/known_hosts:587
nid01904: Password authentication is disabled to avoid man-in-the-middle attacks.
nid01904: Keyboard-interactive authentication is disabled to avoid man-in-the-middle attacks.
nid01904: mv: cannot stat `/global/cscratch1/sd/qpzhang/spark/2329717/sparklogs/spark-qpzhang-org.apache.spark.deploy.worker.Worker-1-nid01855.out.4': No such file or directory
nid01904: mv: cannot stat `/global/cscratch1/sd/qpzhang/spark/2329717/sparklogs/spark-qpzhang-org.apache.spark.deploy.worker.Worker-1-nid01855.out.3': No such file or directory
nid01904: mv: cannot stat `/global/cscratch1/sd/qpzhang/spark/2329717/sparklogs/spark-qpzhang-org.apache.spark.deploy.worker.Worker-1-nid01855.out.2': No such file or directory
nid01904: mv: cannot stat `/global/cscratch1/sd/qpzhang/spark/2329717/sparklogs/spark-qpzhang-org.apache.spark.deploy.worker.Worker-1-nid01855.out.1': No such file or directory
nid01904: starting org.apache.spark.deploy.worker.Worker, logging to /global/cscratch1/sd/qpzhang/spark/2329717/sparklogs/spark-qpzhang-org.apache.spark.deploy.worker.Worker-1-nid01855.out
nid01904: failed to launch org.apache.spark.deploy.worker.Worker:
nid01904: full log in /global/cscratch1/sd/qpzhang/spark/2329717/sparklogs/spark-qpzhang-org.apache.spark.deploy.worker.Worker-1-nid01855.out
nid01905: @@@@@@@@@@@@@@@@@@@@@@@@@@@@@@@@@@@@@@@@@@@@@@@@@@@@@@@@@@@
nid01905: @    WARNING: REMOTE HOST IDENTIFICATION HAS CHANGED!     @
nid01905: @@@@@@@@@@@@@@@@@@@@@@@@@@@@@@@@@@@@@@@@@@@@@@@@@@@@@@@@@@@
nid01905: IT IS POSSIBLE THAT SOMEONE IS DOING SOMETHING NASTY!
nid01905: Someone could be eavesdropping on you right now (man-in-the-middle attack)!
nid01905: It is also possible that a host key has just been changed.
nid01905: The fingerprint for the ECDSA key sent by the remote host is
nid01905: SHA256:0yQF7sXRoQJqqXKaLbTO8JESeEhcCPuFEjb71YhTpw0.
nid01905: Please contact your system administrator.
nid01905: Add correct host key in /global/homes/q/qpzhang/.ssh/known_hosts to get rid of this message.
nid01905: Offending ECDSA key in /global/homes/q/qpzhang/.ssh/known_hosts:588
nid01905: Password authentication is disabled to avoid man-in-the-middle attacks.
nid01905: Keyboard-interactive authentication is disabled to avoid man-in-the-middle attacks.
nid01905: mv: cannot stat `/global/cscratch1/sd/qpzhang/spark/2329717/sparklogs/spark-qpzhang-org.apache.spark.deploy.worker.Worker-1-nid01855.out.4': No such file or directory
nid01905: mv: cannot stat `/global/cscratch1/sd/qpzhang/spark/2329717/sparklogs/spark-qpzhang-org.apache.spark.deploy.worker.Worker-1-nid01855.out.3': No such file or directory
nid01905: mv: cannot stat `/global/cscratch1/sd/qpzhang/spark/2329717/sparklogs/spark-qpzhang-org.apache.spark.deploy.worker.Worker-1-nid01855.out.2': No such file or directory
nid01905: mv: cannot stat `/global/cscratch1/sd/qpzhang/spark/2329717/sparklogs/spark-qpzhang-org.apache.spark.deploy.worker.Worker-1-nid01855.out.1': No such file or directory
nid01905: mv: cannot stat `/global/cscratch1/sd/qpzhang/spark/2329717/sparklogs/spark-qpzhang-org.apache.spark.deploy.worker.Worker-1-nid01855.out': No such file or directory
nid01905: starting org.apache.spark.deploy.worker.Worker, logging to /global/cscratch1/sd/qpzhang/spark/2329717/sparklogs/spark-qpzhang-org.apache.spark.deploy.worker.Worker-1-nid01855.out
nid01905: failed to launch org.apache.spark.deploy.worker.Worker:
nid01905: full log in /global/cscratch1/sd/qpzhang/spark/2329717/sparklogs/spark-qpzhang-org.apache.spark.deploy.worker.Worker-1-nid01855.out
nid01902: @@@@@@@@@@@@@@@@@@@@@@@@@@@@@@@@@@@@@@@@@@@@@@@@@@@@@@@@@@@
nid01902: @    WARNING: REMOTE HOST IDENTIFICATION HAS CHANGED!     @
nid01902: @@@@@@@@@@@@@@@@@@@@@@@@@@@@@@@@@@@@@@@@@@@@@@@@@@@@@@@@@@@
nid01902: IT IS POSSIBLE THAT SOMEONE IS DOING SOMETHING NASTY!
nid01902: Someone could be eavesdropping on you right now (man-in-the-middle attack)!
nid01902: It is also possible that a host key has just been changed.
nid01902: The fingerprint for the ECDSA key sent by the remote host is
nid01902: SHA256:6lwEkfeg1Uy6LFnQjWlKidm903dBWMMXWHG9HzqK4bQ.
nid01902: Please contact your system administrator.
nid01902: Add correct host key in /global/homes/q/qpzhang/.ssh/known_hosts to get rid of this message.
nid01902: Offending ECDSA key in /global/homes/q/qpzhang/.ssh/known_hosts:585
nid01902: Password authentication is disabled to avoid man-in-the-middle attacks.
nid01902: Keyboard-interactive authentication is disabled to avoid man-in-the-middle attacks.
nid01902: starting org.apache.spark.deploy.worker.Worker, logging to /global/cscratch1/sd/qpzhang/spark/2329717/sparklogs/spark-qpzhang-org.apache.spark.deploy.worker.Worker-1-nid01855.out
nid01902: failed to launch org.apache.spark.deploy.worker.Worker:
nid01902: full log in /global/cscratch1/sd/qpzhang/spark/2329717/sparklogs/spark-qpzhang-org.apache.spark.deploy.worker.Worker-1-nid01855.out
nid01910: @@@@@@@@@@@@@@@@@@@@@@@@@@@@@@@@@@@@@@@@@@@@@@@@@@@@@@@@@@@
nid01910: @    WARNING: REMOTE HOST IDENTIFICATION HAS CHANGED!     @
nid01910: @@@@@@@@@@@@@@@@@@@@@@@@@@@@@@@@@@@@@@@@@@@@@@@@@@@@@@@@@@@
nid01910: IT IS POSSIBLE THAT SOMEONE IS DOING SOMETHING NASTY!
nid01910: Someone could be eavesdropping on you right now (man-in-the-middle attack)!
nid01910: It is also possible that a host key has just been changed.
nid01910: The fingerprint for the ECDSA key sent by the remote host is
nid01910: SHA256:WXMkzeO8xyThcKk7NgjZJ44lFrW1/mYma8z9YtfdC50.
nid01910: Please contact your system administrator.
nid01910: Add correct host key in /global/homes/q/qpzhang/.ssh/known_hosts to get rid of this message.
nid01910: Offending ECDSA key in /global/homes/q/qpzhang/.ssh/known_hosts:595
nid01910: Password authentication is disabled to avoid man-in-the-middle attacks.
nid01910: Keyboard-interactive authentication is disabled to avoid man-in-the-middle attacks.
nid01910: mv: cannot stat `/global/cscratch1/sd/qpzhang/spark/2329717/sparklogs/spark-qpzhang-org.apache.spark.deploy.worker.Worker-1-nid01855.out.2': No such file or directory
nid01910: mv: cannot stat `/global/cscratch1/sd/qpzhang/spark/2329717/sparklogs/spark-qpzhang-org.apache.spark.deploy.worker.Worker-1-nid01855.out.1': No such file or directory
nid01910: mv: cannot stat `/global/cscratch1/sd/qpzhang/spark/2329717/sparklogs/spark-qpzhang-org.apache.spark.deploy.worker.Worker-1-nid01855.out': No such file or directory
nid01910: starting org.apache.spark.deploy.worker.Worker, logging to /global/cscratch1/sd/qpzhang/spark/2329717/sparklogs/spark-qpzhang-org.apache.spark.deploy.worker.Worker-1-nid01855.out
nid01910: failed to launch org.apache.spark.deploy.worker.Worker:
nid01910: full log in /global/cscratch1/sd/qpzhang/spark/2329717/sparklogs/spark-qpzhang-org.apache.spark.deploy.worker.Worker-1-nid01855.out
nid01907: @@@@@@@@@@@@@@@@@@@@@@@@@@@@@@@@@@@@@@@@@@@@@@@@@@@@@@@@@@@
nid01907: @    WARNING: REMOTE HOST IDENTIFICATION HAS CHANGED!     @
nid01907: @@@@@@@@@@@@@@@@@@@@@@@@@@@@@@@@@@@@@@@@@@@@@@@@@@@@@@@@@@@
nid01907: IT IS POSSIBLE THAT SOMEONE IS DOING SOMETHING NASTY!
nid01907: Someone could be eavesdropping on you right now (man-in-the-middle attack)!
nid01907: It is also possible that a host key has just been changed.
nid01907: The fingerprint for the ECDSA key sent by the remote host is
nid01907: SHA256:W+hjVU4odcqmNXu/Eag8/96/eH8qnxfqa3Zzg9Jo2XQ.
nid01907: Please contact your system administrator.
nid01907: Add correct host key in /global/homes/q/qpzhang/.ssh/known_hosts to get rid of this message.
nid01907: Offending ECDSA key in /global/homes/q/qpzhang/.ssh/known_hosts:590
nid01907: Password authentication is disabled to avoid man-in-the-middle attacks.
nid01907: Keyboard-interactive authentication is disabled to avoid man-in-the-middle attacks.
nid01907: starting org.apache.spark.deploy.worker.Worker, logging to /global/cscratch1/sd/qpzhang/spark/2329717/sparklogs/spark-qpzhang-org.apache.spark.deploy.worker.Worker-1-nid01855.out
nid01907: failed to launch org.apache.spark.deploy.worker.Worker:
nid01907: full log in /global/cscratch1/sd/qpzhang/spark/2329717/sparklogs/spark-qpzhang-org.apache.spark.deploy.worker.Worker-1-nid01855.out
nid01900: @@@@@@@@@@@@@@@@@@@@@@@@@@@@@@@@@@@@@@@@@@@@@@@@@@@@@@@@@@@
nid01900: @    WARNING: REMOTE HOST IDENTIFICATION HAS CHANGED!     @
nid01900: @@@@@@@@@@@@@@@@@@@@@@@@@@@@@@@@@@@@@@@@@@@@@@@@@@@@@@@@@@@
nid01900: IT IS POSSIBLE THAT SOMEONE IS DOING SOMETHING NASTY!
nid01900: Someone could be eavesdropping on you right now (man-in-the-middle attack)!
nid01900: It is also possible that a host key has just been changed.
nid01900: The fingerprint for the ECDSA key sent by the remote host is
nid01900: SHA256:TNeRkHiuO1orn00ISfwNNfKY960y4YiwZGsSVpXZ1/U.
nid01900: Please contact your system administrator.
nid01900: Add correct host key in /global/homes/q/qpzhang/.ssh/known_hosts to get rid of this message.
nid01900: Offending ECDSA key in /global/homes/q/qpzhang/.ssh/known_hosts:584
nid01900: Password authentication is disabled to avoid man-in-the-middle attacks.
nid01900: Keyboard-interactive authentication is disabled to avoid man-in-the-middle attacks.
nid01900: mv: cannot stat `/global/cscratch1/sd/qpzhang/spark/2329717/sparklogs/spark-qpzhang-org.apache.spark.deploy.worker.Worker-1-nid01855.out': No such file or directory
nid01900: starting org.apache.spark.deploy.worker.Worker, logging to /global/cscratch1/sd/qpzhang/spark/2329717/sparklogs/spark-qpzhang-org.apache.spark.deploy.worker.Worker-1-nid01855.out
nid01900: failed to launch org.apache.spark.deploy.worker.Worker:
nid01900: full log in /global/cscratch1/sd/qpzhang/spark/2329717/sparklogs/spark-qpzhang-org.apache.spark.deploy.worker.Worker-1-nid01855.out
nid01906: @@@@@@@@@@@@@@@@@@@@@@@@@@@@@@@@@@@@@@@@@@@@@@@@@@@@@@@@@@@
nid01906: @    WARNING: REMOTE HOST IDENTIFICATION HAS CHANGED!     @
nid01906: @@@@@@@@@@@@@@@@@@@@@@@@@@@@@@@@@@@@@@@@@@@@@@@@@@@@@@@@@@@
nid01906: IT IS POSSIBLE THAT SOMEONE IS DOING SOMETHING NASTY!
nid01906: Someone could be eavesdropping on you right now (man-in-the-middle attack)!
nid01906: It is also possible that a host key has just been changed.
nid01906: The fingerprint for the ECDSA key sent by the remote host is
nid01906: SHA256:N6L7JipCN9oO/PMju2ozK8ORx5LLZmVlCqZy+xcg3ow.
nid01906: Please contact your system administrator.
nid01906: Add correct host key in /global/homes/q/qpzhang/.ssh/known_hosts to get rid of this message.
nid01906: Offending ECDSA key in /global/homes/q/qpzhang/.ssh/known_hosts:589
nid01906: Password authentication is disabled to avoid man-in-the-middle attacks.
nid01906: Keyboard-interactive authentication is disabled to avoid man-in-the-middle attacks.
nid01906: mv: cannot stat `/global/cscratch1/sd/qpzhang/spark/2329717/sparklogs/spark-qpzhang-org.apache.spark.deploy.worker.Worker-1-nid01855.out.2': No such file or directory
nid01906: starting org.apache.spark.deploy.worker.Worker, logging to /global/cscratch1/sd/qpzhang/spark/2329717/sparklogs/spark-qpzhang-org.apache.spark.deploy.worker.Worker-1-nid01855.out
nid01906: failed to launch org.apache.spark.deploy.worker.Worker:
nid01906: full log in /global/cscratch1/sd/qpzhang/spark/2329717/sparklogs/spark-qpzhang-org.apache.spark.deploy.worker.Worker-1-nid01855.out
nid01903: @@@@@@@@@@@@@@@@@@@@@@@@@@@@@@@@@@@@@@@@@@@@@@@@@@@@@@@@@@@
nid01903: @    WARNING: REMOTE HOST IDENTIFICATION HAS CHANGED!     @
nid01903: @@@@@@@@@@@@@@@@@@@@@@@@@@@@@@@@@@@@@@@@@@@@@@@@@@@@@@@@@@@
nid01903: IT IS POSSIBLE THAT SOMEONE IS DOING SOMETHING NASTY!
nid01903: Someone could be eavesdropping on you right now (man-in-the-middle attack)!
nid01903: It is also possible that a host key has just been changed.
nid01903: The fingerprint for the ECDSA key sent by the remote host is
nid01903: SHA256:FFBetIez7N+70xxlzyf4eq6+wLKQMoZ5CIz5kvYPnHI.
nid01903: Please contact your system administrator.
nid01903: Add correct host key in /global/homes/q/qpzhang/.ssh/known_hosts to get rid of this message.
nid01903: Offending ECDSA key in /global/homes/q/qpzhang/.ssh/known_hosts:586
nid01903: Password authentication is disabled to avoid man-in-the-middle attacks.
nid01903: Keyboard-interactive authentication is disabled to avoid man-in-the-middle attacks.
nid01903: mv: `/global/cscratch1/sd/qpzhang/spark/2329717/sparklogs/spark-qpzhang-org.apache.spark.deploy.worker.Worker-1-nid01855.out' and `/global/cscratch1/sd/qpzhang/spark/2329717/sparklogs/spark-qpzhang-org.apache.spark.deploy.worker.Worker-1-nid01855.out.1' are the same file
nid01903: starting org.apache.spark.deploy.worker.Worker, logging to /global/cscratch1/sd/qpzhang/spark/2329717/sparklogs/spark-qpzhang-org.apache.spark.deploy.worker.Worker-1-nid01855.out
nid01903: failed to launch org.apache.spark.deploy.worker.Worker:
nid01903: full log in /global/cscratch1/sd/qpzhang/spark/2329717/sparklogs/spark-qpzhang-org.apache.spark.deploy.worker.Worker-1-nid01855.out
nid01908: @@@@@@@@@@@@@@@@@@@@@@@@@@@@@@@@@@@@@@@@@@@@@@@@@@@@@@@@@@@
nid01908: @    WARNING: REMOTE HOST IDENTIFICATION HAS CHANGED!     @
nid01908: @@@@@@@@@@@@@@@@@@@@@@@@@@@@@@@@@@@@@@@@@@@@@@@@@@@@@@@@@@@
nid01908: IT IS POSSIBLE THAT SOMEONE IS DOING SOMETHING NASTY!
nid01908: Someone could be eavesdropping on you right now (man-in-the-middle attack)!
nid01908: It is also possible that a host key has just been changed.
nid01908: The fingerprint for the ECDSA key sent by the remote host is
nid01908: SHA256:A5EpJdXybR1y2434aU6IPCApywSMupg26KcxNhMCnDk.
nid01908: Please contact your system administrator.
nid01908: Add correct host key in /global/homes/q/qpzhang/.ssh/known_hosts to get rid of this message.
nid01908: Offending ECDSA key in /global/homes/q/qpzhang/.ssh/known_hosts:591
nid01908: Password authentication is disabled to avoid man-in-the-middle attacks.
nid01908: Keyboard-interactive authentication is disabled to avoid man-in-the-middle attacks.
nid01908: starting org.apache.spark.deploy.worker.Worker, logging to /global/cscratch1/sd/qpzhang/spark/2329717/sparklogs/spark-qpzhang-org.apache.spark.deploy.worker.Worker-1-nid01855.out
nid01908: failed to launch org.apache.spark.deploy.worker.Worker:
nid01908: full log in /global/cscratch1/sd/qpzhang/spark/2329717/sparklogs/spark-qpzhang-org.apache.spark.deploy.worker.Worker-1-nid01855.out
nid01909: @@@@@@@@@@@@@@@@@@@@@@@@@@@@@@@@@@@@@@@@@@@@@@@@@@@@@@@@@@@
nid01909: @    WARNING: REMOTE HOST IDENTIFICATION HAS CHANGED!     @
nid01909: @@@@@@@@@@@@@@@@@@@@@@@@@@@@@@@@@@@@@@@@@@@@@@@@@@@@@@@@@@@
nid01909: IT IS POSSIBLE THAT SOMEONE IS DOING SOMETHING NASTY!
nid01909: Someone could be eavesdropping on you right now (man-in-the-middle attack)!
nid01909: It is also possible that a host key has just been changed.
nid01909: The fingerprint for the ECDSA key sent by the remote host is
nid01909: SHA256:Iv3EHga2kezglmH6ZwP5X900BVcmMdVl6rcXo3PrFa0.
nid01909: Please contact your system administrator.
nid01909: Add correct host key in /global/homes/q/qpzhang/.ssh/known_hosts to get rid of this message.
nid01909: Offending ECDSA key in /global/homes/q/qpzhang/.ssh/known_hosts:592
nid01909: Password authentication is disabled to avoid man-in-the-middle attacks.
nid01909: Keyboard-interactive authentication is disabled to avoid man-in-the-middle attacks.
nid01909: mv: cannot stat `/global/cscratch1/sd/qpzhang/spark/2329717/sparklogs/spark-qpzhang-org.apache.spark.deploy.worker.Worker-1-nid01855.out.4': No such file or directory
nid01909: mv: cannot stat `/global/cscratch1/sd/qpzhang/spark/2329717/sparklogs/spark-qpzhang-org.apache.spark.deploy.worker.Worker-1-nid01855.out.3': No such file or directory
nid01909: mv: cannot stat `/global/cscratch1/sd/qpzhang/spark/2329717/sparklogs/spark-qpzhang-org.apache.spark.deploy.worker.Worker-1-nid01855.out.2': No such file or directory
nid01909: mv: cannot stat `/global/cscratch1/sd/qpzhang/spark/2329717/sparklogs/spark-qpzhang-org.apache.spark.deploy.worker.Worker-1-nid01855.out.1': No such file or directory
nid01909: mv: cannot stat `/global/cscratch1/sd/qpzhang/spark/2329717/sparklogs/spark-qpzhang-org.apache.spark.deploy.worker.Worker-1-nid01855.out': No such file or directory
nid01909: starting org.apache.spark.deploy.worker.Worker, logging to /global/cscratch1/sd/qpzhang/spark/2329717/sparklogs/spark-qpzhang-org.apache.spark.deploy.worker.Worker-1-nid01855.out
nid01909: failed to launch org.apache.spark.deploy.worker.Worker:
nid01909: full log in /global/cscratch1/sd/qpzhang/spark/2329717/sparklogs/spark-qpzhang-org.apache.spark.deploy.worker.Worker-1-nid01855.out
nid01872: doing ssh -o StrictHostKeyChecking=no nid01872  cd /global/common/cori/software/spark/1.5.1/sbin/.. ; /usr/common/software/spark/1.5.1/sbin/stop-slave.sh
nid01873: doing ssh -o StrictHostKeyChecking=no nid01873  cd /global/common/cori/software/spark/1.5.1/sbin/.. ; /usr/common/software/spark/1.5.1/sbin/stop-slave.sh
nid01874: doing ssh -o StrictHostKeyChecking=no nid01874  cd /global/common/cori/software/spark/1.5.1/sbin/.. ; /usr/common/software/spark/1.5.1/sbin/stop-slave.sh
nid01875: doing ssh -o StrictHostKeyChecking=no nid01875  cd /global/common/cori/software/spark/1.5.1/sbin/.. ; /usr/common/software/spark/1.5.1/sbin/stop-slave.sh
nid01876: doing ssh -o StrictHostKeyChecking=no nid01876  cd /global/common/cori/software/spark/1.5.1/sbin/.. ; /usr/common/software/spark/1.5.1/sbin/stop-slave.sh
nid01877: doing ssh -o StrictHostKeyChecking=no nid01877  cd /global/common/cori/software/spark/1.5.1/sbin/.. ; /usr/common/software/spark/1.5.1/sbin/stop-slave.sh
nid01878: doing ssh -o StrictHostKeyChecking=no nid01878  cd /global/common/cori/software/spark/1.5.1/sbin/.. ; /usr/common/software/spark/1.5.1/sbin/stop-slave.sh
nid01879: doing ssh -o StrictHostKeyChecking=no nid01879  cd /global/common/cori/software/spark/1.5.1/sbin/.. ; /usr/common/software/spark/1.5.1/sbin/stop-slave.sh
nid01880: doing ssh -o StrictHostKeyChecking=no nid01880  cd /global/common/cori/software/spark/1.5.1/sbin/.. ; /usr/common/software/spark/1.5.1/sbin/stop-slave.sh
nid01881: doing ssh -o StrictHostKeyChecking=no nid01881  cd /global/common/cori/software/spark/1.5.1/sbin/.. ; /usr/common/software/spark/1.5.1/sbin/stop-slave.sh
nid01882: doing ssh -o StrictHostKeyChecking=no nid01882  cd /global/common/cori/software/spark/1.5.1/sbin/.. ; /usr/common/software/spark/1.5.1/sbin/stop-slave.sh
nid01883: doing ssh -o StrictHostKeyChecking=no nid01883  cd /global/common/cori/software/spark/1.5.1/sbin/.. ; /usr/common/software/spark/1.5.1/sbin/stop-slave.sh
nid01884: doing ssh -o StrictHostKeyChecking=no nid01884  cd /global/common/cori/software/spark/1.5.1/sbin/.. ; /usr/common/software/spark/1.5.1/sbin/stop-slave.sh
nid01885: doing ssh -o StrictHostKeyChecking=no nid01885  cd /global/common/cori/software/spark/1.5.1/sbin/.. ; /usr/common/software/spark/1.5.1/sbin/stop-slave.sh
nid01886: doing ssh -o StrictHostKeyChecking=no nid01886  cd /global/common/cori/software/spark/1.5.1/sbin/.. ; /usr/common/software/spark/1.5.1/sbin/stop-slave.sh
nid01887: doing ssh -o StrictHostKeyChecking=no nid01887  cd /global/common/cori/software/spark/1.5.1/sbin/.. ; /usr/common/software/spark/1.5.1/sbin/stop-slave.sh
nid01888: doing ssh -o StrictHostKeyChecking=no nid01888  cd /global/common/cori/software/spark/1.5.1/sbin/.. ; /usr/common/software/spark/1.5.1/sbin/stop-slave.sh
nid01889: doing ssh -o StrictHostKeyChecking=no nid01889  cd /global/common/cori/software/spark/1.5.1/sbin/.. ; /usr/common/software/spark/1.5.1/sbin/stop-slave.sh
nid01890: doing ssh -o StrictHostKeyChecking=no nid01890  cd /global/common/cori/software/spark/1.5.1/sbin/.. ; /usr/common/software/spark/1.5.1/sbin/stop-slave.sh
nid01891: doing ssh -o StrictHostKeyChecking=no nid01891  cd /global/common/cori/software/spark/1.5.1/sbin/.. ; /usr/common/software/spark/1.5.1/sbin/stop-slave.sh
nid01892: doing ssh -o StrictHostKeyChecking=no nid01892  cd /global/common/cori/software/spark/1.5.1/sbin/.. ; /usr/common/software/spark/1.5.1/sbin/stop-slave.sh
nid01893: doing ssh -o StrictHostKeyChecking=no nid01893  cd /global/common/cori/software/spark/1.5.1/sbin/.. ; /usr/common/software/spark/1.5.1/sbin/stop-slave.sh
nid01894: doing ssh -o StrictHostKeyChecking=no nid01894  cd /global/common/cori/software/spark/1.5.1/sbin/.. ; /usr/common/software/spark/1.5.1/sbin/stop-slave.sh
nid01895: doing ssh -o StrictHostKeyChecking=no nid01895  cd /global/common/cori/software/spark/1.5.1/sbin/.. ; /usr/common/software/spark/1.5.1/sbin/stop-slave.sh
nid01896: doing ssh -o StrictHostKeyChecking=no nid01896  cd /global/common/cori/software/spark/1.5.1/sbin/.. ; /usr/common/software/spark/1.5.1/sbin/stop-slave.sh
nid01897: doing ssh -o StrictHostKeyChecking=no nid01897  cd /global/common/cori/software/spark/1.5.1/sbin/.. ; /usr/common/software/spark/1.5.1/sbin/stop-slave.sh
nid01898: doing ssh -o StrictHostKeyChecking=no nid01898  cd /global/common/cori/software/spark/1.5.1/sbin/.. ; /usr/common/software/spark/1.5.1/sbin/stop-slave.sh
nid01899: doing ssh -o StrictHostKeyChecking=no nid01899  cd /global/common/cori/software/spark/1.5.1/sbin/.. ; /usr/common/software/spark/1.5.1/sbin/stop-slave.sh
nid01900: doing ssh -o StrictHostKeyChecking=no nid01900  cd /global/common/cori/software/spark/1.5.1/sbin/.. ; /usr/common/software/spark/1.5.1/sbin/stop-slave.sh
nid01901: doing ssh -o StrictHostKeyChecking=no nid01901  cd /global/common/cori/software/spark/1.5.1/sbin/.. ; /usr/common/software/spark/1.5.1/sbin/stop-slave.sh
nid01902: doing ssh -o StrictHostKeyChecking=no nid01902  cd /global/common/cori/software/spark/1.5.1/sbin/.. ; /usr/common/software/spark/1.5.1/sbin/stop-slave.sh
nid01903: doing ssh -o StrictHostKeyChecking=no nid01903  cd /global/common/cori/software/spark/1.5.1/sbin/.. ; /usr/common/software/spark/1.5.1/sbin/stop-slave.sh
nid01904: doing ssh -o StrictHostKeyChecking=no nid01904  cd /global/common/cori/software/spark/1.5.1/sbin/.. ; /usr/common/software/spark/1.5.1/sbin/stop-slave.sh
nid01905: doing ssh -o StrictHostKeyChecking=no nid01905  cd /global/common/cori/software/spark/1.5.1/sbin/.. ; /usr/common/software/spark/1.5.1/sbin/stop-slave.sh
nid01906: doing ssh -o StrictHostKeyChecking=no nid01906  cd /global/common/cori/software/spark/1.5.1/sbin/.. ; /usr/common/software/spark/1.5.1/sbin/stop-slave.sh
nid01907: doing ssh -o StrictHostKeyChecking=no nid01907  cd /global/common/cori/software/spark/1.5.1/sbin/.. ; /usr/common/software/spark/1.5.1/sbin/stop-slave.sh
nid01908: doing ssh -o StrictHostKeyChecking=no nid01908  cd /global/common/cori/software/spark/1.5.1/sbin/.. ; /usr/common/software/spark/1.5.1/sbin/stop-slave.sh
nid01909: doing ssh -o StrictHostKeyChecking=no nid01909  cd /global/common/cori/software/spark/1.5.1/sbin/.. ; /usr/common/software/spark/1.5.1/sbin/stop-slave.sh
nid01910: doing ssh -o StrictHostKeyChecking=no nid01910  cd /global/common/cori/software/spark/1.5.1/sbin/.. ; /usr/common/software/spark/1.5.1/sbin/stop-slave.sh
nid01873: @@@@@@@@@@@@@@@@@@@@@@@@@@@@@@@@@@@@@@@@@@@@@@@@@@@@@@@@@@@
nid01873: @    WARNING: REMOTE HOST IDENTIFICATION HAS CHANGED!     @
nid01873: @@@@@@@@@@@@@@@@@@@@@@@@@@@@@@@@@@@@@@@@@@@@@@@@@@@@@@@@@@@
nid01873: IT IS POSSIBLE THAT SOMEONE IS DOING SOMETHING NASTY!
nid01873: Someone could be eavesdropping on you right now (man-in-the-middle attack)!
nid01873: It is also possible that a host key has just been changed.
nid01873: The fingerprint for the ECDSA key sent by the remote host is
nid01873: SHA256:XoeN7/ZlvD2dlVghcbbEuf9N6xl4Orl/wwW8Rt9gDHQ.
nid01873: Please contact your system administrator.
nid01873: Add correct host key in /global/homes/q/qpzhang/.ssh/known_hosts to get rid of this message.
nid01873: Offending ECDSA key in /global/homes/q/qpzhang/.ssh/known_hosts:904
nid01873: Password authentication is disabled to avoid man-in-the-middle attacks.
nid01873: Keyboard-interactive authentication is disabled to avoid man-in-the-middle attacks.
nid01873: no org.apache.spark.deploy.worker.Worker to stop
nid01872: @@@@@@@@@@@@@@@@@@@@@@@@@@@@@@@@@@@@@@@@@@@@@@@@@@@@@@@@@@@
nid01872: @    WARNING: REMOTE HOST IDENTIFICATION HAS CHANGED!     @
nid01872: @@@@@@@@@@@@@@@@@@@@@@@@@@@@@@@@@@@@@@@@@@@@@@@@@@@@@@@@@@@
nid01872: IT IS POSSIBLE THAT SOMEONE IS DOING SOMETHING NASTY!
nid01872: Someone could be eavesdropping on you right now (man-in-the-middle attack)!
nid01872: It is also possible that a host key has just been changed.
nid01872: The fingerprint for the ECDSA key sent by the remote host is
nid01872: SHA256:qC6kTcu89tPYF/lWG97mrB0BjGv6SXnel8rTIwkaQNk.
nid01872: Please contact your system administrator.
nid01872: Add correct host key in /global/homes/q/qpzhang/.ssh/known_hosts to get rid of this message.
nid01872: Offending ECDSA key in /global/homes/q/qpzhang/.ssh/known_hosts:475
nid01872: Password authentication is disabled to avoid man-in-the-middle attacks.
nid01872: Keyboard-interactive authentication is disabled to avoid man-in-the-middle attacks.
nid01872: no org.apache.spark.deploy.worker.Worker to stop
nid01874: no org.apache.spark.deploy.worker.Worker to stop
nid01882: @@@@@@@@@@@@@@@@@@@@@@@@@@@@@@@@@@@@@@@@@@@@@@@@@@@@@@@@@@@
nid01882: @    WARNING: REMOTE HOST IDENTIFICATION HAS CHANGED!     @
nid01882: @@@@@@@@@@@@@@@@@@@@@@@@@@@@@@@@@@@@@@@@@@@@@@@@@@@@@@@@@@@
nid01882: IT IS POSSIBLE THAT SOMEONE IS DOING SOMETHING NASTY!
nid01882: Someone could be eavesdropping on you right now (man-in-the-middle attack)!
nid01882: It is also possible that a host key has just been changed.
nid01882: The fingerprint for the ECDSA key sent by the remote host is
nid01882: SHA256:CPSWTGmzye3cEKAT9mdu6Z+5hJLBHvH36Hv1GJxyE4A.
nid01882: Please contact your system administrator.
nid01882: Add correct host key in /global/homes/q/qpzhang/.ssh/known_hosts to get rid of this message.
nid01882: Offending ECDSA key in /global/homes/q/qpzhang/.ssh/known_hosts:572
nid01882: Password authentication is disabled to avoid man-in-the-middle attacks.
nid01882: Keyboard-interactive authentication is disabled to avoid man-in-the-middle attacks.
nid01882: no org.apache.spark.deploy.worker.Worker to stop
nid01878: no org.apache.spark.deploy.worker.Worker to stop
nid01884: @@@@@@@@@@@@@@@@@@@@@@@@@@@@@@@@@@@@@@@@@@@@@@@@@@@@@@@@@@@
nid01884: @    WARNING: REMOTE HOST IDENTIFICATION HAS CHANGED!     @
nid01884: @@@@@@@@@@@@@@@@@@@@@@@@@@@@@@@@@@@@@@@@@@@@@@@@@@@@@@@@@@@
nid01884: IT IS POSSIBLE THAT SOMEONE IS DOING SOMETHING NASTY!
nid01884: Someone could be eavesdropping on you right now (man-in-the-middle attack)!
nid01884: It is also possible that a host key has just been changed.
nid01884: The fingerprint for the ECDSA key sent by the remote host is
nid01884: SHA256:90PDuV8kLR8n0Tqudeh5U8k8gqgyn70JEQTWZ0h7yno.
nid01884: Please contact your system administrator.
nid01884: Add correct host key in /global/homes/q/qpzhang/.ssh/known_hosts to get rid of this message.
nid01884: Offending ECDSA key in /global/homes/q/qpzhang/.ssh/known_hosts:165
nid01884: Password authentication is disabled to avoid man-in-the-middle attacks.
nid01884: Keyboard-interactive authentication is disabled to avoid man-in-the-middle attacks.
nid01884: no org.apache.spark.deploy.worker.Worker to stop
nid01876: no org.apache.spark.deploy.worker.Worker to stop
nid01875: no org.apache.spark.deploy.worker.Worker to stop
nid01883: @@@@@@@@@@@@@@@@@@@@@@@@@@@@@@@@@@@@@@@@@@@@@@@@@@@@@@@@@@@
nid01883: @    WARNING: REMOTE HOST IDENTIFICATION HAS CHANGED!     @
nid01883: @@@@@@@@@@@@@@@@@@@@@@@@@@@@@@@@@@@@@@@@@@@@@@@@@@@@@@@@@@@
nid01883: IT IS POSSIBLE THAT SOMEONE IS DOING SOMETHING NASTY!
nid01883: Someone could be eavesdropping on you right now (man-in-the-middle attack)!
nid01883: It is also possible that a host key has just been changed.
nid01883: The fingerprint for the ECDSA key sent by the remote host is
nid01883: SHA256:xJFh9aXx0uRW3Qzq+nFlJf2Y3HNA03+iMfAmBhl1S84.
nid01883: Please contact your system administrator.
nid01883: Add correct host key in /global/homes/q/qpzhang/.ssh/known_hosts to get rid of this message.
nid01883: Offending ECDSA key in /global/homes/q/qpzhang/.ssh/known_hosts:573
nid01883: Password authentication is disabled to avoid man-in-the-middle attacks.
nid01883: Keyboard-interactive authentication is disabled to avoid man-in-the-middle attacks.
nid01883: no org.apache.spark.deploy.worker.Worker to stop
nid01880: @@@@@@@@@@@@@@@@@@@@@@@@@@@@@@@@@@@@@@@@@@@@@@@@@@@@@@@@@@@
nid01880: @    WARNING: REMOTE HOST IDENTIFICATION HAS CHANGED!     @
nid01880: @@@@@@@@@@@@@@@@@@@@@@@@@@@@@@@@@@@@@@@@@@@@@@@@@@@@@@@@@@@
nid01880: IT IS POSSIBLE THAT SOMEONE IS DOING SOMETHING NASTY!
nid01880: Someone could be eavesdropping on you right now (man-in-the-middle attack)!
nid01880: It is also possible that a host key has just been changed.
nid01880: The fingerprint for the ECDSA key sent by the remote host is
nid01880: SHA256:InmdxP4BljswtujBJdYFilJ47/8Vy2z6Sno3Ezm403E.
nid01880: Please contact your system administrator.
nid01880: Add correct host key in /global/homes/q/qpzhang/.ssh/known_hosts to get rid of this message.
nid01880: Offending ECDSA key in /global/homes/q/qpzhang/.ssh/known_hosts:1047
nid01880: Password authentication is disabled to avoid man-in-the-middle attacks.
nid01880: Keyboard-interactive authentication is disabled to avoid man-in-the-middle attacks.
nid01880: no org.apache.spark.deploy.worker.Worker to stop
nid01877: no org.apache.spark.deploy.worker.Worker to stop
nid01879: no org.apache.spark.deploy.worker.Worker to stop
nid01885: @@@@@@@@@@@@@@@@@@@@@@@@@@@@@@@@@@@@@@@@@@@@@@@@@@@@@@@@@@@
nid01885: @    WARNING: REMOTE HOST IDENTIFICATION HAS CHANGED!     @
nid01885: @@@@@@@@@@@@@@@@@@@@@@@@@@@@@@@@@@@@@@@@@@@@@@@@@@@@@@@@@@@
nid01885: IT IS POSSIBLE THAT SOMEONE IS DOING SOMETHING NASTY!
nid01885: Someone could be eavesdropping on you right now (man-in-the-middle attack)!
nid01885: It is also possible that a host key has just been changed.
nid01885: The fingerprint for the ECDSA key sent by the remote host is
nid01885: SHA256:uf0i2G2BrUw5N6LZz9puqa7WC+ilkwxpPpfwWLeVEiY.
nid01885: Please contact your system administrator.
nid01885: Add correct host key in /global/homes/q/qpzhang/.ssh/known_hosts to get rid of this message.
nid01885: Offending ECDSA key in /global/homes/q/qpzhang/.ssh/known_hosts:574
nid01885: Password authentication is disabled to avoid man-in-the-middle attacks.
nid01885: Keyboard-interactive authentication is disabled to avoid man-in-the-middle attacks.
nid01885: no org.apache.spark.deploy.worker.Worker to stop
nid01881: no org.apache.spark.deploy.worker.Worker to stop
nid01886: @@@@@@@@@@@@@@@@@@@@@@@@@@@@@@@@@@@@@@@@@@@@@@@@@@@@@@@@@@@
nid01886: @    WARNING: REMOTE HOST IDENTIFICATION HAS CHANGED!     @
nid01886: @@@@@@@@@@@@@@@@@@@@@@@@@@@@@@@@@@@@@@@@@@@@@@@@@@@@@@@@@@@
nid01886: IT IS POSSIBLE THAT SOMEONE IS DOING SOMETHING NASTY!
nid01886: Someone could be eavesdropping on you right now (man-in-the-middle attack)!
nid01886: It is also possible that a host key has just been changed.
nid01886: The fingerprint for the ECDSA key sent by the remote host is
nid01886: SHA256:vu1XW7Ta6X6JcYs5PBdD5DaAvzjk7VmOJq/+H0fEcY0.
nid01886: Please contact your system administrator.
nid01886: Add correct host key in /global/homes/q/qpzhang/.ssh/known_hosts to get rid of this message.
nid01886: Offending ECDSA key in /global/homes/q/qpzhang/.ssh/known_hosts:164
nid01886: Password authentication is disabled to avoid man-in-the-middle attacks.
nid01886: Keyboard-interactive authentication is disabled to avoid man-in-the-middle attacks.
nid01886: no org.apache.spark.deploy.worker.Worker to stop
nid01887: @@@@@@@@@@@@@@@@@@@@@@@@@@@@@@@@@@@@@@@@@@@@@@@@@@@@@@@@@@@
nid01887: @    WARNING: REMOTE HOST IDENTIFICATION HAS CHANGED!     @
nid01887: @@@@@@@@@@@@@@@@@@@@@@@@@@@@@@@@@@@@@@@@@@@@@@@@@@@@@@@@@@@
nid01887: IT IS POSSIBLE THAT SOMEONE IS DOING SOMETHING NASTY!
nid01887: Someone could be eavesdropping on you right now (man-in-the-middle attack)!
nid01887: It is also possible that a host key has just been changed.
nid01887: The fingerprint for the ECDSA key sent by the remote host is
nid01887: SHA256:d8ZKJYkZB9td3FxbylXpqpoDQViSkmpiroUmf9BJKzE.
nid01887: Please contact your system administrator.
nid01887: Add correct host key in /global/homes/q/qpzhang/.ssh/known_hosts to get rid of this message.
nid01887: Offending ECDSA key in /global/homes/q/qpzhang/.ssh/known_hosts:575
nid01887: Password authentication is disabled to avoid man-in-the-middle attacks.
nid01887: Keyboard-interactive authentication is disabled to avoid man-in-the-middle attacks.
nid01887: no org.apache.spark.deploy.worker.Worker to stop
nid01888: @@@@@@@@@@@@@@@@@@@@@@@@@@@@@@@@@@@@@@@@@@@@@@@@@@@@@@@@@@@
nid01888: @    WARNING: REMOTE HOST IDENTIFICATION HAS CHANGED!     @
nid01888: @@@@@@@@@@@@@@@@@@@@@@@@@@@@@@@@@@@@@@@@@@@@@@@@@@@@@@@@@@@
nid01888: IT IS POSSIBLE THAT SOMEONE IS DOING SOMETHING NASTY!
nid01888: Someone could be eavesdropping on you right now (man-in-the-middle attack)!
nid01888: It is also possible that a host key has just been changed.
nid01888: The fingerprint for the ECDSA key sent by the remote host is
nid01888: SHA256:XL4jT4IYvA3+S1y/W7Huurmr2bG7RrErlp4eVhucing.
nid01888: Please contact your system administrator.
nid01888: Add correct host key in /global/homes/q/qpzhang/.ssh/known_hosts to get rid of this message.
nid01888: Offending ECDSA key in /global/homes/q/qpzhang/.ssh/known_hosts:576
nid01888: Password authentication is disabled to avoid man-in-the-middle attacks.
nid01888: Keyboard-interactive authentication is disabled to avoid man-in-the-middle attacks.
nid01888: no org.apache.spark.deploy.worker.Worker to stop
nid01889: @@@@@@@@@@@@@@@@@@@@@@@@@@@@@@@@@@@@@@@@@@@@@@@@@@@@@@@@@@@
nid01889: @    WARNING: REMOTE HOST IDENTIFICATION HAS CHANGED!     @
nid01889: @@@@@@@@@@@@@@@@@@@@@@@@@@@@@@@@@@@@@@@@@@@@@@@@@@@@@@@@@@@
nid01889: IT IS POSSIBLE THAT SOMEONE IS DOING SOMETHING NASTY!
nid01889: Someone could be eavesdropping on you right now (man-in-the-middle attack)!
nid01889: It is also possible that a host key has just been changed.
nid01889: The fingerprint for the ECDSA key sent by the remote host is
nid01889: SHA256:DxYedni3bbZ3LgDjWqL4/v/jp8X9gvDqhwhebjzbgLU.
nid01889: Please contact your system administrator.
nid01889: Add correct host key in /global/homes/q/qpzhang/.ssh/known_hosts to get rid of this message.
nid01889: Offending ECDSA key in /global/homes/q/qpzhang/.ssh/known_hosts:579
nid01889: Password authentication is disabled to avoid man-in-the-middle attacks.
nid01889: Keyboard-interactive authentication is disabled to avoid man-in-the-middle attacks.
nid01889: no org.apache.spark.deploy.worker.Worker to stop
nid01895: @@@@@@@@@@@@@@@@@@@@@@@@@@@@@@@@@@@@@@@@@@@@@@@@@@@@@@@@@@@
nid01895: @    WARNING: REMOTE HOST IDENTIFICATION HAS CHANGED!     @
nid01895: @@@@@@@@@@@@@@@@@@@@@@@@@@@@@@@@@@@@@@@@@@@@@@@@@@@@@@@@@@@
nid01895: IT IS POSSIBLE THAT SOMEONE IS DOING SOMETHING NASTY!
nid01895: Someone could be eavesdropping on you right now (man-in-the-middle attack)!
nid01895: It is also possible that a host key has just been changed.
nid01895: The fingerprint for the ECDSA key sent by the remote host is
nid01895: SHA256:/Ctj7x60wflQS0hs8ngWCNj6da03H+J23MXNPpgWxhU.
nid01895: Please contact your system administrator.
nid01895: Add correct host key in /global/homes/q/qpzhang/.ssh/known_hosts to get rid of this message.
nid01895: Offending ECDSA key in /global/homes/q/qpzhang/.ssh/known_hosts:200
nid01895: Password authentication is disabled to avoid man-in-the-middle attacks.
nid01895: Keyboard-interactive authentication is disabled to avoid man-in-the-middle attacks.
nid01895: no org.apache.spark.deploy.worker.Worker to stop
nid01894: @@@@@@@@@@@@@@@@@@@@@@@@@@@@@@@@@@@@@@@@@@@@@@@@@@@@@@@@@@@
nid01894: @    WARNING: REMOTE HOST IDENTIFICATION HAS CHANGED!     @
nid01894: @@@@@@@@@@@@@@@@@@@@@@@@@@@@@@@@@@@@@@@@@@@@@@@@@@@@@@@@@@@
nid01894: IT IS POSSIBLE THAT SOMEONE IS DOING SOMETHING NASTY!
nid01894: Someone could be eavesdropping on you right now (man-in-the-middle attack)!
nid01894: It is also possible that a host key has just been changed.
nid01894: The fingerprint for the ECDSA key sent by the remote host is
nid01894: SHA256:yQYZaFlt7GEWy5aE6veGnJ0pEzz0saNMy5g6U0fDa/U.
nid01894: Please contact your system administrator.
nid01894: Add correct host key in /global/homes/q/qpzhang/.ssh/known_hosts to get rid of this message.
nid01894: Offending ECDSA key in /global/homes/q/qpzhang/.ssh/known_hosts:199
nid01894: Password authentication is disabled to avoid man-in-the-middle attacks.
nid01894: Keyboard-interactive authentication is disabled to avoid man-in-the-middle attacks.
nid01894: no org.apache.spark.deploy.worker.Worker to stop
nid01890: @@@@@@@@@@@@@@@@@@@@@@@@@@@@@@@@@@@@@@@@@@@@@@@@@@@@@@@@@@@
nid01890: @    WARNING: REMOTE HOST IDENTIFICATION HAS CHANGED!     @
nid01890: @@@@@@@@@@@@@@@@@@@@@@@@@@@@@@@@@@@@@@@@@@@@@@@@@@@@@@@@@@@
nid01890: IT IS POSSIBLE THAT SOMEONE IS DOING SOMETHING NASTY!
nid01890: Someone could be eavesdropping on you right now (man-in-the-middle attack)!
nid01890: It is also possible that a host key has just been changed.
nid01890: The fingerprint for the ECDSA key sent by the remote host is
nid01890: SHA256:X/e0sf+xztmFdudklw370emZZqnOLJxreak+wo4UAyw.
nid01890: Please contact your system administrator.
nid01890: Add correct host key in /global/homes/q/qpzhang/.ssh/known_hosts to get rid of this message.
nid01890: Offending ECDSA key in /global/homes/q/qpzhang/.ssh/known_hosts:577
nid01890: Password authentication is disabled to avoid man-in-the-middle attacks.
nid01890: Keyboard-interactive authentication is disabled to avoid man-in-the-middle attacks.
nid01890: no org.apache.spark.deploy.worker.Worker to stop
nid01892: @@@@@@@@@@@@@@@@@@@@@@@@@@@@@@@@@@@@@@@@@@@@@@@@@@@@@@@@@@@
nid01892: @    WARNING: REMOTE HOST IDENTIFICATION HAS CHANGED!     @
nid01892: @@@@@@@@@@@@@@@@@@@@@@@@@@@@@@@@@@@@@@@@@@@@@@@@@@@@@@@@@@@
nid01892: IT IS POSSIBLE THAT SOMEONE IS DOING SOMETHING NASTY!
nid01892: Someone could be eavesdropping on you right now (man-in-the-middle attack)!
nid01892: It is also possible that a host key has just been changed.
nid01892: The fingerprint for the ECDSA key sent by the remote host is
nid01892: SHA256:c/LsLLokkKlHL0u2iWNX2mlUP/JN5K0YyPDurqCWcPU.
nid01892: Please contact your system administrator.
nid01892: Add correct host key in /global/homes/q/qpzhang/.ssh/known_hosts to get rid of this message.
nid01892: Offending ECDSA key in /global/homes/q/qpzhang/.ssh/known_hosts:197
nid01892: Password authentication is disabled to avoid man-in-the-middle attacks.
nid01892: Keyboard-interactive authentication is disabled to avoid man-in-the-middle attacks.
nid01892: no org.apache.spark.deploy.worker.Worker to stop
nid01899: @@@@@@@@@@@@@@@@@@@@@@@@@@@@@@@@@@@@@@@@@@@@@@@@@@@@@@@@@@@
nid01899: @    WARNING: REMOTE HOST IDENTIFICATION HAS CHANGED!     @
nid01899: @@@@@@@@@@@@@@@@@@@@@@@@@@@@@@@@@@@@@@@@@@@@@@@@@@@@@@@@@@@
nid01899: IT IS POSSIBLE THAT SOMEONE IS DOING SOMETHING NASTY!
nid01899: Someone could be eavesdropping on you right now (man-in-the-middle attack)!
nid01899: It is also possible that a host key has just been changed.
nid01899: The fingerprint for the ECDSA key sent by the remote host is
nid01899: SHA256:UkeV3lARhsUaGiTSQTVU6jR9xtj7/OhGThK2i6cekCA.
nid01899: Please contact your system administrator.
nid01899: Add correct host key in /global/homes/q/qpzhang/.ssh/known_hosts to get rid of this message.
nid01899: Offending ECDSA key in /global/homes/q/qpzhang/.ssh/known_hosts:583
nid01899: Password authentication is disabled to avoid man-in-the-middle attacks.
nid01899: Keyboard-interactive authentication is disabled to avoid man-in-the-middle attacks.
nid01899: no org.apache.spark.deploy.worker.Worker to stop
nid01891: @@@@@@@@@@@@@@@@@@@@@@@@@@@@@@@@@@@@@@@@@@@@@@@@@@@@@@@@@@@
nid01891: @    WARNING: REMOTE HOST IDENTIFICATION HAS CHANGED!     @
nid01891: @@@@@@@@@@@@@@@@@@@@@@@@@@@@@@@@@@@@@@@@@@@@@@@@@@@@@@@@@@@
nid01891: IT IS POSSIBLE THAT SOMEONE IS DOING SOMETHING NASTY!
nid01891: Someone could be eavesdropping on you right now (man-in-the-middle attack)!
nid01891: It is also possible that a host key has just been changed.
nid01891: The fingerprint for the ECDSA key sent by the remote host is
nid01891: SHA256:3EJePJ17ZW+cvf5nF25ac4E9SFusmM6+sMOFHND52aU.
nid01891: Please contact your system administrator.
nid01891: Add correct host key in /global/homes/q/qpzhang/.ssh/known_hosts to get rid of this message.
nid01891: Offending ECDSA key in /global/homes/q/qpzhang/.ssh/known_hosts:578
nid01891: Password authentication is disabled to avoid man-in-the-middle attacks.
nid01891: Keyboard-interactive authentication is disabled to avoid man-in-the-middle attacks.
nid01891: no org.apache.spark.deploy.worker.Worker to stop
nid01896: @@@@@@@@@@@@@@@@@@@@@@@@@@@@@@@@@@@@@@@@@@@@@@@@@@@@@@@@@@@
nid01896: @    WARNING: REMOTE HOST IDENTIFICATION HAS CHANGED!     @
nid01896: @@@@@@@@@@@@@@@@@@@@@@@@@@@@@@@@@@@@@@@@@@@@@@@@@@@@@@@@@@@
nid01896: IT IS POSSIBLE THAT SOMEONE IS DOING SOMETHING NASTY!
nid01896: Someone could be eavesdropping on you right now (man-in-the-middle attack)!
nid01896: It is also possible that a host key has just been changed.
nid01896: The fingerprint for the ECDSA key sent by the remote host is
nid01896: SHA256:uIHbWfEkJT3TQZGgvd5fZzCC/T5ZBHTA9ZzluOg8Uhg.
nid01896: Please contact your system administrator.
nid01896: Add correct host key in /global/homes/q/qpzhang/.ssh/known_hosts to get rid of this message.
nid01896: Offending ECDSA key in /global/homes/q/qpzhang/.ssh/known_hosts:580
nid01896: Password authentication is disabled to avoid man-in-the-middle attacks.
nid01896: Keyboard-interactive authentication is disabled to avoid man-in-the-middle attacks.
nid01896: no org.apache.spark.deploy.worker.Worker to stop
nid01898: @@@@@@@@@@@@@@@@@@@@@@@@@@@@@@@@@@@@@@@@@@@@@@@@@@@@@@@@@@@
nid01898: @    WARNING: REMOTE HOST IDENTIFICATION HAS CHANGED!     @
nid01898: @@@@@@@@@@@@@@@@@@@@@@@@@@@@@@@@@@@@@@@@@@@@@@@@@@@@@@@@@@@
nid01898: IT IS POSSIBLE THAT SOMEONE IS DOING SOMETHING NASTY!
nid01898: Someone could be eavesdropping on you right now (man-in-the-middle attack)!
nid01898: It is also possible that a host key has just been changed.
nid01898: The fingerprint for the ECDSA key sent by the remote host is
nid01898: SHA256:u+Od0GHbU96LC9ZcdE4cKoTkb3kOuJOLM5Yd80N4RR4.
nid01898: Please contact your system administrator.
nid01898: Add correct host key in /global/homes/q/qpzhang/.ssh/known_hosts to get rid of this message.
nid01898: Offending ECDSA key in /global/homes/q/qpzhang/.ssh/known_hosts:582
nid01898: Password authentication is disabled to avoid man-in-the-middle attacks.
nid01898: Keyboard-interactive authentication is disabled to avoid man-in-the-middle attacks.
nid01898: no org.apache.spark.deploy.worker.Worker to stop
nid01893: @@@@@@@@@@@@@@@@@@@@@@@@@@@@@@@@@@@@@@@@@@@@@@@@@@@@@@@@@@@
nid01893: @    WARNING: REMOTE HOST IDENTIFICATION HAS CHANGED!     @
nid01893: @@@@@@@@@@@@@@@@@@@@@@@@@@@@@@@@@@@@@@@@@@@@@@@@@@@@@@@@@@@
nid01893: IT IS POSSIBLE THAT SOMEONE IS DOING SOMETHING NASTY!
nid01893: Someone could be eavesdropping on you right now (man-in-the-middle attack)!
nid01893: It is also possible that a host key has just been changed.
nid01893: The fingerprint for the ECDSA key sent by the remote host is
nid01893: SHA256:t23xobFfIyvUBjrBKTbYbodFfLAUin7STHPGajMzkpM.
nid01893: Please contact your system administrator.
nid01893: Add correct host key in /global/homes/q/qpzhang/.ssh/known_hosts to get rid of this message.
nid01893: Offending ECDSA key in /global/homes/q/qpzhang/.ssh/known_hosts:198
nid01893: Password authentication is disabled to avoid man-in-the-middle attacks.
nid01893: Keyboard-interactive authentication is disabled to avoid man-in-the-middle attacks.
nid01893: no org.apache.spark.deploy.worker.Worker to stop
nid01897: @@@@@@@@@@@@@@@@@@@@@@@@@@@@@@@@@@@@@@@@@@@@@@@@@@@@@@@@@@@
nid01897: @    WARNING: REMOTE HOST IDENTIFICATION HAS CHANGED!     @
nid01897: @@@@@@@@@@@@@@@@@@@@@@@@@@@@@@@@@@@@@@@@@@@@@@@@@@@@@@@@@@@
nid01897: IT IS POSSIBLE THAT SOMEONE IS DOING SOMETHING NASTY!
nid01897: Someone could be eavesdropping on you right now (man-in-the-middle attack)!
nid01897: It is also possible that a host key has just been changed.
nid01897: The fingerprint for the ECDSA key sent by the remote host is
nid01897: SHA256:F7rW6i5ZYfdkzQDjWA6RHGJCZJWxwUoDY+0IB3YFZg0.
nid01897: Please contact your system administrator.
nid01897: Add correct host key in /global/homes/q/qpzhang/.ssh/known_hosts to get rid of this message.
nid01897: Offending ECDSA key in /global/homes/q/qpzhang/.ssh/known_hosts:581
nid01897: Password authentication is disabled to avoid man-in-the-middle attacks.
nid01897: Keyboard-interactive authentication is disabled to avoid man-in-the-middle attacks.
nid01897: no org.apache.spark.deploy.worker.Worker to stop
nid01900: @@@@@@@@@@@@@@@@@@@@@@@@@@@@@@@@@@@@@@@@@@@@@@@@@@@@@@@@@@@
nid01900: @    WARNING: REMOTE HOST IDENTIFICATION HAS CHANGED!     @
nid01900: @@@@@@@@@@@@@@@@@@@@@@@@@@@@@@@@@@@@@@@@@@@@@@@@@@@@@@@@@@@
nid01900: IT IS POSSIBLE THAT SOMEONE IS DOING SOMETHING NASTY!
nid01900: Someone could be eavesdropping on you right now (man-in-the-middle attack)!
nid01900: It is also possible that a host key has just been changed.
nid01900: The fingerprint for the ECDSA key sent by the remote host is
nid01900: SHA256:TNeRkHiuO1orn00ISfwNNfKY960y4YiwZGsSVpXZ1/U.
nid01900: Please contact your system administrator.
nid01900: Add correct host key in /global/homes/q/qpzhang/.ssh/known_hosts to get rid of this message.
nid01900: Offending ECDSA key in /global/homes/q/qpzhang/.ssh/known_hosts:584
nid01900: Password authentication is disabled to avoid man-in-the-middle attacks.
nid01900: Keyboard-interactive authentication is disabled to avoid man-in-the-middle attacks.
nid01900: no org.apache.spark.deploy.worker.Worker to stop
nid01901: @@@@@@@@@@@@@@@@@@@@@@@@@@@@@@@@@@@@@@@@@@@@@@@@@@@@@@@@@@@
nid01901: @    WARNING: REMOTE HOST IDENTIFICATION HAS CHANGED!     @
nid01901: @@@@@@@@@@@@@@@@@@@@@@@@@@@@@@@@@@@@@@@@@@@@@@@@@@@@@@@@@@@
nid01901: IT IS POSSIBLE THAT SOMEONE IS DOING SOMETHING NASTY!
nid01901: Someone could be eavesdropping on you right now (man-in-the-middle attack)!
nid01901: It is also possible that a host key has just been changed.
nid01901: The fingerprint for the ECDSA key sent by the remote host is
nid01901: SHA256:yEaIXs8fg1aj1dFp/y2798szRwha0D4i1Y9Zj1mWZa8.
nid01901: Please contact your system administrator.
nid01901: Add correct host key in /global/homes/q/qpzhang/.ssh/known_hosts to get rid of this message.
nid01901: Offending ECDSA key in /global/homes/q/qpzhang/.ssh/known_hosts:269
nid01901: Password authentication is disabled to avoid man-in-the-middle attacks.
nid01901: Keyboard-interactive authentication is disabled to avoid man-in-the-middle attacks.
nid01901: no org.apache.spark.deploy.worker.Worker to stop
nid01902: @@@@@@@@@@@@@@@@@@@@@@@@@@@@@@@@@@@@@@@@@@@@@@@@@@@@@@@@@@@
nid01902: @    WARNING: REMOTE HOST IDENTIFICATION HAS CHANGED!     @
nid01902: @@@@@@@@@@@@@@@@@@@@@@@@@@@@@@@@@@@@@@@@@@@@@@@@@@@@@@@@@@@
nid01902: IT IS POSSIBLE THAT SOMEONE IS DOING SOMETHING NASTY!
nid01902: Someone could be eavesdropping on you right now (man-in-the-middle attack)!
nid01902: It is also possible that a host key has just been changed.
nid01902: The fingerprint for the ECDSA key sent by the remote host is
nid01902: SHA256:6lwEkfeg1Uy6LFnQjWlKidm903dBWMMXWHG9HzqK4bQ.
nid01902: Please contact your system administrator.
nid01902: Add correct host key in /global/homes/q/qpzhang/.ssh/known_hosts to get rid of this message.
nid01902: Offending ECDSA key in /global/homes/q/qpzhang/.ssh/known_hosts:585
nid01902: Password authentication is disabled to avoid man-in-the-middle attacks.
nid01902: Keyboard-interactive authentication is disabled to avoid man-in-the-middle attacks.
nid01902: no org.apache.spark.deploy.worker.Worker to stop
nid01904: @@@@@@@@@@@@@@@@@@@@@@@@@@@@@@@@@@@@@@@@@@@@@@@@@@@@@@@@@@@
nid01904: @    WARNING: REMOTE HOST IDENTIFICATION HAS CHANGED!     @
nid01904: @@@@@@@@@@@@@@@@@@@@@@@@@@@@@@@@@@@@@@@@@@@@@@@@@@@@@@@@@@@
nid01904: IT IS POSSIBLE THAT SOMEONE IS DOING SOMETHING NASTY!
nid01904: Someone could be eavesdropping on you right now (man-in-the-middle attack)!
nid01904: It is also possible that a host key has just been changed.
nid01904: The fingerprint for the ECDSA key sent by the remote host is
nid01904: SHA256:VHoCas6IzJFKZEWdmRv86gtp+JlSsiBW7UL9/eZhoIk.
nid01904: Please contact your system administrator.
nid01904: Add correct host key in /global/homes/q/qpzhang/.ssh/known_hosts to get rid of this message.
nid01904: Offending ECDSA key in /global/homes/q/qpzhang/.ssh/known_hosts:587
nid01904: Password authentication is disabled to avoid man-in-the-middle attacks.
nid01904: Keyboard-interactive authentication is disabled to avoid man-in-the-middle attacks.
nid01904: no org.apache.spark.deploy.worker.Worker to stop
nid01903: @@@@@@@@@@@@@@@@@@@@@@@@@@@@@@@@@@@@@@@@@@@@@@@@@@@@@@@@@@@
nid01903: @    WARNING: REMOTE HOST IDENTIFICATION HAS CHANGED!     @
nid01903: @@@@@@@@@@@@@@@@@@@@@@@@@@@@@@@@@@@@@@@@@@@@@@@@@@@@@@@@@@@
nid01903: IT IS POSSIBLE THAT SOMEONE IS DOING SOMETHING NASTY!
nid01903: Someone could be eavesdropping on you right now (man-in-the-middle attack)!
nid01903: It is also possible that a host key has just been changed.
nid01903: The fingerprint for the ECDSA key sent by the remote host is
nid01903: SHA256:FFBetIez7N+70xxlzyf4eq6+wLKQMoZ5CIz5kvYPnHI.
nid01903: Please contact your system administrator.
nid01903: Add correct host key in /global/homes/q/qpzhang/.ssh/known_hosts to get rid of this message.
nid01903: Offending ECDSA key in /global/homes/q/qpzhang/.ssh/known_hosts:586
nid01903: Password authentication is disabled to avoid man-in-the-middle attacks.
nid01903: Keyboard-interactive authentication is disabled to avoid man-in-the-middle attacks.
nid01903: no org.apache.spark.deploy.worker.Worker to stop
nid01910: @@@@@@@@@@@@@@@@@@@@@@@@@@@@@@@@@@@@@@@@@@@@@@@@@@@@@@@@@@@
nid01910: @    WARNING: REMOTE HOST IDENTIFICATION HAS CHANGED!     @
nid01910: @@@@@@@@@@@@@@@@@@@@@@@@@@@@@@@@@@@@@@@@@@@@@@@@@@@@@@@@@@@
nid01910: IT IS POSSIBLE THAT SOMEONE IS DOING SOMETHING NASTY!
nid01910: Someone could be eavesdropping on you right now (man-in-the-middle attack)!
nid01910: It is also possible that a host key has just been changed.
nid01910: The fingerprint for the ECDSA key sent by the remote host is
nid01910: SHA256:WXMkzeO8xyThcKk7NgjZJ44lFrW1/mYma8z9YtfdC50.
nid01910: Please contact your system administrator.
nid01910: Add correct host key in /global/homes/q/qpzhang/.ssh/known_hosts to get rid of this message.
nid01910: Offending ECDSA key in /global/homes/q/qpzhang/.ssh/known_hosts:595
nid01910: Password authentication is disabled to avoid man-in-the-middle attacks.
nid01910: Keyboard-interactive authentication is disabled to avoid man-in-the-middle attacks.
nid01910: no org.apache.spark.deploy.worker.Worker to stop
nid01905: @@@@@@@@@@@@@@@@@@@@@@@@@@@@@@@@@@@@@@@@@@@@@@@@@@@@@@@@@@@
nid01905: @    WARNING: REMOTE HOST IDENTIFICATION HAS CHANGED!     @
nid01905: @@@@@@@@@@@@@@@@@@@@@@@@@@@@@@@@@@@@@@@@@@@@@@@@@@@@@@@@@@@
nid01905: IT IS POSSIBLE THAT SOMEONE IS DOING SOMETHING NASTY!
nid01905: Someone could be eavesdropping on you right now (man-in-the-middle attack)!
nid01905: It is also possible that a host key has just been changed.
nid01905: The fingerprint for the ECDSA key sent by the remote host is
nid01905: SHA256:0yQF7sXRoQJqqXKaLbTO8JESeEhcCPuFEjb71YhTpw0.
nid01905: Please contact your system administrator.
nid01905: Add correct host key in /global/homes/q/qpzhang/.ssh/known_hosts to get rid of this message.
nid01905: Offending ECDSA key in /global/homes/q/qpzhang/.ssh/known_hosts:588
nid01905: Password authentication is disabled to avoid man-in-the-middle attacks.
nid01905: Keyboard-interactive authentication is disabled to avoid man-in-the-middle attacks.
nid01905: no org.apache.spark.deploy.worker.Worker to stop
nid01908: @@@@@@@@@@@@@@@@@@@@@@@@@@@@@@@@@@@@@@@@@@@@@@@@@@@@@@@@@@@
nid01908: @    WARNING: REMOTE HOST IDENTIFICATION HAS CHANGED!     @
nid01908: @@@@@@@@@@@@@@@@@@@@@@@@@@@@@@@@@@@@@@@@@@@@@@@@@@@@@@@@@@@
nid01908: IT IS POSSIBLE THAT SOMEONE IS DOING SOMETHING NASTY!
nid01908: Someone could be eavesdropping on you right now (man-in-the-middle attack)!
nid01908: It is also possible that a host key has just been changed.
nid01908: The fingerprint for the ECDSA key sent by the remote host is
nid01908: SHA256:A5EpJdXybR1y2434aU6IPCApywSMupg26KcxNhMCnDk.
nid01908: Please contact your system administrator.
nid01908: Add correct host key in /global/homes/q/qpzhang/.ssh/known_hosts to get rid of this message.
nid01908: Offending ECDSA key in /global/homes/q/qpzhang/.ssh/known_hosts:591
nid01908: Password authentication is disabled to avoid man-in-the-middle attacks.
nid01908: Keyboard-interactive authentication is disabled to avoid man-in-the-middle attacks.
nid01908: no org.apache.spark.deploy.worker.Worker to stop
nid01909: @@@@@@@@@@@@@@@@@@@@@@@@@@@@@@@@@@@@@@@@@@@@@@@@@@@@@@@@@@@
nid01909: @    WARNING: REMOTE HOST IDENTIFICATION HAS CHANGED!     @
nid01909: @@@@@@@@@@@@@@@@@@@@@@@@@@@@@@@@@@@@@@@@@@@@@@@@@@@@@@@@@@@
nid01909: IT IS POSSIBLE THAT SOMEONE IS DOING SOMETHING NASTY!
nid01909: Someone could be eavesdropping on you right now (man-in-the-middle attack)!
nid01909: It is also possible that a host key has just been changed.
nid01909: The fingerprint for the ECDSA key sent by the remote host is
nid01909: SHA256:Iv3EHga2kezglmH6ZwP5X900BVcmMdVl6rcXo3PrFa0.
nid01909: Please contact your system administrator.
nid01909: Add correct host key in /global/homes/q/qpzhang/.ssh/known_hosts to get rid of this message.
nid01909: Offending ECDSA key in /global/homes/q/qpzhang/.ssh/known_hosts:592
nid01909: Password authentication is disabled to avoid man-in-the-middle attacks.
nid01909: Keyboard-interactive authentication is disabled to avoid man-in-the-middle attacks.
nid01909: no org.apache.spark.deploy.worker.Worker to stop
nid01906: @@@@@@@@@@@@@@@@@@@@@@@@@@@@@@@@@@@@@@@@@@@@@@@@@@@@@@@@@@@
nid01906: @    WARNING: REMOTE HOST IDENTIFICATION HAS CHANGED!     @
nid01906: @@@@@@@@@@@@@@@@@@@@@@@@@@@@@@@@@@@@@@@@@@@@@@@@@@@@@@@@@@@
nid01906: IT IS POSSIBLE THAT SOMEONE IS DOING SOMETHING NASTY!
nid01906: Someone could be eavesdropping on you right now (man-in-the-middle attack)!
nid01906: It is also possible that a host key has just been changed.
nid01906: The fingerprint for the ECDSA key sent by the remote host is
nid01906: SHA256:N6L7JipCN9oO/PMju2ozK8ORx5LLZmVlCqZy+xcg3ow.
nid01906: Please contact your system administrator.
nid01906: Add correct host key in /global/homes/q/qpzhang/.ssh/known_hosts to get rid of this message.
nid01906: Offending ECDSA key in /global/homes/q/qpzhang/.ssh/known_hosts:589
nid01906: Password authentication is disabled to avoid man-in-the-middle attacks.
nid01906: Keyboard-interactive authentication is disabled to avoid man-in-the-middle attacks.
nid01906: no org.apache.spark.deploy.worker.Worker to stop
nid01907: @@@@@@@@@@@@@@@@@@@@@@@@@@@@@@@@@@@@@@@@@@@@@@@@@@@@@@@@@@@
nid01907: @    WARNING: REMOTE HOST IDENTIFICATION HAS CHANGED!     @
nid01907: @@@@@@@@@@@@@@@@@@@@@@@@@@@@@@@@@@@@@@@@@@@@@@@@@@@@@@@@@@@
nid01907: IT IS POSSIBLE THAT SOMEONE IS DOING SOMETHING NASTY!
nid01907: Someone could be eavesdropping on you right now (man-in-the-middle attack)!
nid01907: It is also possible that a host key has just been changed.
nid01907: The fingerprint for the ECDSA key sent by the remote host is
nid01907: SHA256:W+hjVU4odcqmNXu/Eag8/96/eH8qnxfqa3Zzg9Jo2XQ.
nid01907: Please contact your system administrator.
nid01907: Add correct host key in /global/homes/q/qpzhang/.ssh/known_hosts to get rid of this message.
nid01907: Offending ECDSA key in /global/homes/q/qpzhang/.ssh/known_hosts:590
nid01907: Password authentication is disabled to avoid man-in-the-middle attacks.
nid01907: Keyboard-interactive authentication is disabled to avoid man-in-the-middle attacks.
nid01907: no org.apache.spark.deploy.worker.Worker to stop
stopping org.apache.spark.deploy.master.Master
