writing to /global/cscratch1/sd/qpzhang/spark_env
starting org.apache.spark.deploy.master.Master, logging to /global/cscratch1/sd/qpzhang/spark/2316802/sparklogs/spark-qpzhang-org.apache.spark.deploy.master.Master-1-nid01081.out
/global/common/cori/software/spark/1.5.1/sbin/..
nid01082: doing ssh -o StrictHostKeyChecking=no nid01082  cd /global/common/cori/software/spark/1.5.1/sbin/.. ; /usr/common/software/spark/1.5.1/sbin/start-slave.sh spark://nid01081:7077
nid01083: doing ssh -o StrictHostKeyChecking=no nid01083  cd /global/common/cori/software/spark/1.5.1/sbin/.. ; /usr/common/software/spark/1.5.1/sbin/start-slave.sh spark://nid01081:7077
nid01084: doing ssh -o StrictHostKeyChecking=no nid01084  cd /global/common/cori/software/spark/1.5.1/sbin/.. ; /usr/common/software/spark/1.5.1/sbin/start-slave.sh spark://nid01081:7077
nid01085: doing ssh -o StrictHostKeyChecking=no nid01085  cd /global/common/cori/software/spark/1.5.1/sbin/.. ; /usr/common/software/spark/1.5.1/sbin/start-slave.sh spark://nid01081:7077
nid01086: doing ssh -o StrictHostKeyChecking=no nid01086  cd /global/common/cori/software/spark/1.5.1/sbin/.. ; /usr/common/software/spark/1.5.1/sbin/start-slave.sh spark://nid01081:7077
nid01087: doing ssh -o StrictHostKeyChecking=no nid01087  cd /global/common/cori/software/spark/1.5.1/sbin/.. ; /usr/common/software/spark/1.5.1/sbin/start-slave.sh spark://nid01081:7077
nid01104: doing ssh -o StrictHostKeyChecking=no nid01104  cd /global/common/cori/software/spark/1.5.1/sbin/.. ; /usr/common/software/spark/1.5.1/sbin/start-slave.sh spark://nid01081:7077
nid01105: doing ssh -o StrictHostKeyChecking=no nid01105  cd /global/common/cori/software/spark/1.5.1/sbin/.. ; /usr/common/software/spark/1.5.1/sbin/start-slave.sh spark://nid01081:7077
nid01106: doing ssh -o StrictHostKeyChecking=no nid01106  cd /global/common/cori/software/spark/1.5.1/sbin/.. ; /usr/common/software/spark/1.5.1/sbin/start-slave.sh spark://nid01081:7077
nid01104: Warning: Permanently added '[nid01104]:204,[10.128.4.89]:204' (ECDSA) to the list of known hosts.
nid01104: starting org.apache.spark.deploy.worker.Worker, logging to /global/cscratch1/sd/qpzhang/spark/2316802/sparklogs/spark-qpzhang-org.apache.spark.deploy.worker.Worker-1-nid01081.out
nid01105: @@@@@@@@@@@@@@@@@@@@@@@@@@@@@@@@@@@@@@@@@@@@@@@@@@@@@@@@@@@
nid01105: @    WARNING: REMOTE HOST IDENTIFICATION HAS CHANGED!     @
nid01105: @@@@@@@@@@@@@@@@@@@@@@@@@@@@@@@@@@@@@@@@@@@@@@@@@@@@@@@@@@@
nid01105: IT IS POSSIBLE THAT SOMEONE IS DOING SOMETHING NASTY!
nid01105: Someone could be eavesdropping on you right now (man-in-the-middle attack)!
nid01105: It is also possible that a host key has just been changed.
nid01105: The fingerprint for the ECDSA key sent by the remote host is
nid01105: SHA256:3lhdDdEWFpmxuPe7SjdOqI8lfLVTs5y5wPRunQL8OEQ.
nid01105: Please contact your system administrator.
nid01105: Add correct host key in /global/homes/q/qpzhang/.ssh/known_hosts to get rid of this message.
nid01105: Offending ECDSA key in /global/homes/q/qpzhang/.ssh/known_hosts:1018
nid01105: Password authentication is disabled to avoid man-in-the-middle attacks.
nid01105: Keyboard-interactive authentication is disabled to avoid man-in-the-middle attacks.
nid01105: starting org.apache.spark.deploy.worker.Worker, logging to /global/cscratch1/sd/qpzhang/spark/2316802/sparklogs/spark-qpzhang-org.apache.spark.deploy.worker.Worker-1-nid01081.out
nid01083: Warning: Permanently added '[nid01083]:204,[10.128.4.68]:204' (ECDSA) to the list of known hosts.
nid01083: starting org.apache.spark.deploy.worker.Worker, logging to /global/cscratch1/sd/qpzhang/spark/2316802/sparklogs/spark-qpzhang-org.apache.spark.deploy.worker.Worker-1-nid01081.out
nid01087: Warning: Permanently added '[nid01087]:204,[10.128.4.72]:204' (ECDSA) to the list of known hosts.
nid01087: mv: cannot move `/global/cscratch1/sd/qpzhang/spark/2316802/sparklogs/spark-qpzhang-org.apache.spark.deploy.worker.Worker-1-nid01081.out' to `/global/cscratch1/sd/qpzhang/spark/2316802/sparklogs/spark-qpzhang-org.apache.spark.deploy.worker.Worker-1-nid01081.out.1': No such file or directory
nid01087: starting org.apache.spark.deploy.worker.Worker, logging to /global/cscratch1/sd/qpzhang/spark/2316802/sparklogs/spark-qpzhang-org.apache.spark.deploy.worker.Worker-1-nid01081.out
nid01084: Warning: Permanently added '[nid01084]:204,[10.128.4.69]:204' (ECDSA) to the list of known hosts.
nid01084: starting org.apache.spark.deploy.worker.Worker, logging to /global/cscratch1/sd/qpzhang/spark/2316802/sparklogs/spark-qpzhang-org.apache.spark.deploy.worker.Worker-1-nid01081.out
nid01086: Warning: Permanently added '[nid01086]:204,[10.128.4.71]:204' (ECDSA) to the list of known hosts.
nid01086: mv: `/global/cscratch1/sd/qpzhang/spark/2316802/sparklogs/spark-qpzhang-org.apache.spark.deploy.worker.Worker-1-nid01081.out' and `/global/cscratch1/sd/qpzhang/spark/2316802/sparklogs/spark-qpzhang-org.apache.spark.deploy.worker.Worker-1-nid01081.out.1' are the same file
nid01086: starting org.apache.spark.deploy.worker.Worker, logging to /global/cscratch1/sd/qpzhang/spark/2316802/sparklogs/spark-qpzhang-org.apache.spark.deploy.worker.Worker-1-nid01081.out
nid01085: Warning: Permanently added '[nid01085]:204,[10.128.4.70]:204' (ECDSA) to the list of known hosts.
nid01085: starting org.apache.spark.deploy.worker.Worker, logging to /global/cscratch1/sd/qpzhang/spark/2316802/sparklogs/spark-qpzhang-org.apache.spark.deploy.worker.Worker-1-nid01081.out
nid01106: @@@@@@@@@@@@@@@@@@@@@@@@@@@@@@@@@@@@@@@@@@@@@@@@@@@@@@@@@@@
nid01106: @    WARNING: REMOTE HOST IDENTIFICATION HAS CHANGED!     @
nid01106: @@@@@@@@@@@@@@@@@@@@@@@@@@@@@@@@@@@@@@@@@@@@@@@@@@@@@@@@@@@
nid01106: IT IS POSSIBLE THAT SOMEONE IS DOING SOMETHING NASTY!
nid01106: Someone could be eavesdropping on you right now (man-in-the-middle attack)!
nid01106: It is also possible that a host key has just been changed.
nid01106: The fingerprint for the ECDSA key sent by the remote host is
nid01106: SHA256:CgfcFywSL4g05Xil8hk+dn5KmoiLpQjcxTvPD7ezmrM.
nid01106: Please contact your system administrator.
nid01106: Add correct host key in /global/homes/q/qpzhang/.ssh/known_hosts to get rid of this message.
nid01106: Offending ECDSA key in /global/homes/q/qpzhang/.ssh/known_hosts:1019
nid01106: Password authentication is disabled to avoid man-in-the-middle attacks.
nid01106: Keyboard-interactive authentication is disabled to avoid man-in-the-middle attacks.
nid01106: starting org.apache.spark.deploy.worker.Worker, logging to /global/cscratch1/sd/qpzhang/spark/2316802/sparklogs/spark-qpzhang-org.apache.spark.deploy.worker.Worker-1-nid01081.out
nid01082: Warning: Permanently added '[nid01082]:204,[10.128.4.67]:204' (ECDSA) to the list of known hosts.
nid01082: starting org.apache.spark.deploy.worker.Worker, logging to /global/cscratch1/sd/qpzhang/spark/2316802/sparklogs/spark-qpzhang-org.apache.spark.deploy.worker.Worker-1-nid01081.out
