writing to /global/cscratch1/sd/qpzhang/spark_env
starting org.apache.spark.deploy.master.Master, logging to /global/cscratch1/sd/qpzhang/spark/2253727/sparklogs/spark-qpzhang-org.apache.spark.deploy.master.Master-1-nid00340.out
/global/common/cori/software/spark/1.5.1/sbin/..
nid00341: doing ssh -o StrictHostKeyChecking=no nid00341  cd /global/common/cori/software/spark/1.5.1/sbin/.. ; /usr/common/software/spark/1.5.1/sbin/start-slave.sh spark://nid00340:7077
nid00342: doing ssh -o StrictHostKeyChecking=no nid00342  cd /global/common/cori/software/spark/1.5.1/sbin/.. ; /usr/common/software/spark/1.5.1/sbin/start-slave.sh spark://nid00340:7077
nid01953: doing ssh -o StrictHostKeyChecking=no nid01953  cd /global/common/cori/software/spark/1.5.1/sbin/.. ; /usr/common/software/spark/1.5.1/sbin/start-slave.sh spark://nid00340:7077
nid01954: doing ssh -o StrictHostKeyChecking=no nid01954  cd /global/common/cori/software/spark/1.5.1/sbin/.. ; /usr/common/software/spark/1.5.1/sbin/start-slave.sh spark://nid00340:7077
nid01954: ssh: connect to host nid01954 port 204: Connection refused
nid01955: doing ssh -o StrictHostKeyChecking=no nid01955  cd /global/common/cori/software/spark/1.5.1/sbin/.. ; /usr/common/software/spark/1.5.1/sbin/start-slave.sh spark://nid00340:7077
nid01955: ssh: connect to host nid01955 port 204: Connection refused
nid01956: doing ssh -o StrictHostKeyChecking=no nid01956  cd /global/common/cori/software/spark/1.5.1/sbin/.. ; /usr/common/software/spark/1.5.1/sbin/start-slave.sh spark://nid00340:7077
nid01957: doing ssh -o StrictHostKeyChecking=no nid01957  cd /global/common/cori/software/spark/1.5.1/sbin/.. ; /usr/common/software/spark/1.5.1/sbin/start-slave.sh spark://nid00340:7077
nid01958: doing ssh -o StrictHostKeyChecking=no nid01958  cd /global/common/cori/software/spark/1.5.1/sbin/.. ; /usr/common/software/spark/1.5.1/sbin/start-slave.sh spark://nid00340:7077
nid01958: ssh: connect to host nid01958 port 204: Connection refused
nid01959: doing ssh -o StrictHostKeyChecking=no nid01959  cd /global/common/cori/software/spark/1.5.1/sbin/.. ; /usr/common/software/spark/1.5.1/sbin/start-slave.sh spark://nid00340:7077
nid01959: ssh: connect to host nid01959 port 204: Connection refused
nid01960: doing ssh -o StrictHostKeyChecking=no nid01960  cd /global/common/cori/software/spark/1.5.1/sbin/.. ; /usr/common/software/spark/1.5.1/sbin/start-slave.sh spark://nid00340:7077
nid01961: doing ssh -o StrictHostKeyChecking=no nid01961  cd /global/common/cori/software/spark/1.5.1/sbin/.. ; /usr/common/software/spark/1.5.1/sbin/start-slave.sh spark://nid00340:7077
nid01960: ssh: connect to host nid01960 port 204: Connection refused
nid01961: ssh: connect to host nid01961 port 204: Connection refused
nid01962: doing ssh -o StrictHostKeyChecking=no nid01962  cd /global/common/cori/software/spark/1.5.1/sbin/.. ; /usr/common/software/spark/1.5.1/sbin/start-slave.sh spark://nid00340:7077
nid01962: ssh: connect to host nid01962 port 204: Connection refused
nid01963: doing ssh -o StrictHostKeyChecking=no nid01963  cd /global/common/cori/software/spark/1.5.1/sbin/.. ; /usr/common/software/spark/1.5.1/sbin/start-slave.sh spark://nid00340:7077
nid01963: ssh: connect to host nid01963 port 204: Connection refused
nid01964: doing ssh -o StrictHostKeyChecking=no nid01964  cd /global/common/cori/software/spark/1.5.1/sbin/.. ; /usr/common/software/spark/1.5.1/sbin/start-slave.sh spark://nid00340:7077
nid01965: doing ssh -o StrictHostKeyChecking=no nid01965  cd /global/common/cori/software/spark/1.5.1/sbin/.. ; /usr/common/software/spark/1.5.1/sbin/start-slave.sh spark://nid00340:7077
nid01964: ssh: connect to host nid01964 port 204: Connection refused
nid01965: ssh: connect to host nid01965 port 204: Connection refused
nid01966: doing ssh -o StrictHostKeyChecking=no nid01966  cd /global/common/cori/software/spark/1.5.1/sbin/.. ; /usr/common/software/spark/1.5.1/sbin/start-slave.sh spark://nid00340:7077
nid01967: doing ssh -o StrictHostKeyChecking=no nid01967  cd /global/common/cori/software/spark/1.5.1/sbin/.. ; /usr/common/software/spark/1.5.1/sbin/start-slave.sh spark://nid00340:7077
nid01968: doing ssh -o StrictHostKeyChecking=no nid01968  cd /global/common/cori/software/spark/1.5.1/sbin/.. ; /usr/common/software/spark/1.5.1/sbin/start-slave.sh spark://nid00340:7077
nid01968: ssh: connect to host nid01968 port 204: Connection refused
nid01969: doing ssh -o StrictHostKeyChecking=no nid01969  cd /global/common/cori/software/spark/1.5.1/sbin/.. ; /usr/common/software/spark/1.5.1/sbin/start-slave.sh spark://nid00340:7077
nid01970: doing ssh -o StrictHostKeyChecking=no nid01970  cd /global/common/cori/software/spark/1.5.1/sbin/.. ; /usr/common/software/spark/1.5.1/sbin/start-slave.sh spark://nid00340:7077
nid01969: ssh: connect to host nid01969 port 204: Connection refused
nid01970: ssh: connect to host nid01970 port 204: Connection refused
nid01971: doing ssh -o StrictHostKeyChecking=no nid01971  cd /global/common/cori/software/spark/1.5.1/sbin/.. ; /usr/common/software/spark/1.5.1/sbin/start-slave.sh spark://nid00340:7077
nid01972: doing ssh -o StrictHostKeyChecking=no nid01972  cd /global/common/cori/software/spark/1.5.1/sbin/.. ; /usr/common/software/spark/1.5.1/sbin/start-slave.sh spark://nid00340:7077
nid01973: doing ssh -o StrictHostKeyChecking=no nid01973  cd /global/common/cori/software/spark/1.5.1/sbin/.. ; /usr/common/software/spark/1.5.1/sbin/start-slave.sh spark://nid00340:7077
nid01974: doing ssh -o StrictHostKeyChecking=no nid01974  cd /global/common/cori/software/spark/1.5.1/sbin/.. ; /usr/common/software/spark/1.5.1/sbin/start-slave.sh spark://nid00340:7077
nid01975: doing ssh -o StrictHostKeyChecking=no nid01975  cd /global/common/cori/software/spark/1.5.1/sbin/.. ; /usr/common/software/spark/1.5.1/sbin/start-slave.sh spark://nid00340:7077
nid01974: ssh: connect to host nid01974 port 204: Connection refused
nid01976: doing ssh -o StrictHostKeyChecking=no nid01976  cd /global/common/cori/software/spark/1.5.1/sbin/.. ; /usr/common/software/spark/1.5.1/sbin/start-slave.sh spark://nid00340:7077
nid01975: ssh: connect to host nid01975 port 204: Connection refused
nid01976: ssh: connect to host nid01976 port 204: Connection refused
nid01977: doing ssh -o StrictHostKeyChecking=no nid01977  cd /global/common/cori/software/spark/1.5.1/sbin/.. ; /usr/common/software/spark/1.5.1/sbin/start-slave.sh spark://nid00340:7077
nid01978: doing ssh -o StrictHostKeyChecking=no nid01978  cd /global/common/cori/software/spark/1.5.1/sbin/.. ; /usr/common/software/spark/1.5.1/sbin/start-slave.sh spark://nid00340:7077
nid01978: ssh: connect to host nid01978 port 204: Connection refused
nid01979: doing ssh -o StrictHostKeyChecking=no nid01979  cd /global/common/cori/software/spark/1.5.1/sbin/.. ; /usr/common/software/spark/1.5.1/sbin/start-slave.sh spark://nid00340:7077
nid01979: ssh: connect to host nid01979 port 204: Connection refused
nid01980: doing ssh -o StrictHostKeyChecking=no nid01980  cd /global/common/cori/software/spark/1.5.1/sbin/.. ; /usr/common/software/spark/1.5.1/sbin/start-slave.sh spark://nid00340:7077
nid01980: ssh: connect to host nid01980 port 204: Connection refused
nid01981: doing ssh -o StrictHostKeyChecking=no nid01981  cd /global/common/cori/software/spark/1.5.1/sbin/.. ; /usr/common/software/spark/1.5.1/sbin/start-slave.sh spark://nid00340:7077
nid01982: doing ssh -o StrictHostKeyChecking=no nid01982  cd /global/common/cori/software/spark/1.5.1/sbin/.. ; /usr/common/software/spark/1.5.1/sbin/start-slave.sh spark://nid00340:7077
nid01983: doing ssh -o StrictHostKeyChecking=no nid01983  cd /global/common/cori/software/spark/1.5.1/sbin/.. ; /usr/common/software/spark/1.5.1/sbin/start-slave.sh spark://nid00340:7077
nid01983: ssh: connect to host nid01983 port 204: Connection refused
nid02000: doing ssh -o StrictHostKeyChecking=no nid02000  cd /global/common/cori/software/spark/1.5.1/sbin/.. ; /usr/common/software/spark/1.5.1/sbin/start-slave.sh spark://nid00340:7077
nid02000: ssh: connect to host nid02000 port 204: Connection refused
nid02001: doing ssh -o StrictHostKeyChecking=no nid02001  cd /global/common/cori/software/spark/1.5.1/sbin/.. ; /usr/common/software/spark/1.5.1/sbin/start-slave.sh spark://nid00340:7077
nid02001: ssh: connect to host nid02001 port 204: Connection refused
nid02002: doing ssh -o StrictHostKeyChecking=no nid02002  cd /global/common/cori/software/spark/1.5.1/sbin/.. ; /usr/common/software/spark/1.5.1/sbin/start-slave.sh spark://nid00340:7077
nid02003: doing ssh -o StrictHostKeyChecking=no nid02003  cd /global/common/cori/software/spark/1.5.1/sbin/.. ; /usr/common/software/spark/1.5.1/sbin/start-slave.sh spark://nid00340:7077
nid02002: ssh: connect to host nid02002 port 204: Connection refused
nid02003: ssh: connect to host nid02003 port 204: Connection refused
nid02008: doing ssh -o StrictHostKeyChecking=no nid02008  cd /global/common/cori/software/spark/1.5.1/sbin/.. ; /usr/common/software/spark/1.5.1/sbin/start-slave.sh spark://nid00340:7077
nid02008: ssh: connect to host nid02008 port 204: Connection refused
nid02009: doing ssh -o StrictHostKeyChecking=no nid02009  cd /global/common/cori/software/spark/1.5.1/sbin/.. ; /usr/common/software/spark/1.5.1/sbin/start-slave.sh spark://nid00340:7077
nid00342: @@@@@@@@@@@@@@@@@@@@@@@@@@@@@@@@@@@@@@@@@@@@@@@@@@@@@@@@@@@
nid00342: @    WARNING: REMOTE HOST IDENTIFICATION HAS CHANGED!     @
nid00342: @@@@@@@@@@@@@@@@@@@@@@@@@@@@@@@@@@@@@@@@@@@@@@@@@@@@@@@@@@@
nid00342: IT IS POSSIBLE THAT SOMEONE IS DOING SOMETHING NASTY!
nid00342: Someone could be eavesdropping on you right now (man-in-the-middle attack)!
nid00342: It is also possible that a host key has just been changed.
nid00342: The fingerprint for the ECDSA key sent by the remote host is
nid00342: SHA256:3hkrdXbHPZ3fddFFNKXaKeVXd5fZOee3cGOKNAI/UFY.
nid00342: Please contact your system administrator.
nid00342: Add correct host key in /global/homes/q/qpzhang/.ssh/known_hosts to get rid of this message.
nid00342: Offending ECDSA key in /global/homes/q/qpzhang/.ssh/known_hosts:272
nid00342: Password authentication is disabled to avoid man-in-the-middle attacks.
nid00342: Keyboard-interactive authentication is disabled to avoid man-in-the-middle attacks.
nid00342: starting org.apache.spark.deploy.worker.Worker, logging to /global/cscratch1/sd/qpzhang/spark/2253727/sparklogs/spark-qpzhang-org.apache.spark.deploy.worker.Worker-1-nid00340.out
nid00342: failed to launch org.apache.spark.deploy.worker.Worker:
nid00342: tail: cannot open `/global/cscratch1/sd/qpzhang/spark/2253727/sparklogs/spark-qpzhang-org.apache.spark.deploy.worker.Worker-1-nid00340.out' for reading: No such file or directory
nid00342: full log in /global/cscratch1/sd/qpzhang/spark/2253727/sparklogs/spark-qpzhang-org.apache.spark.deploy.worker.Worker-1-nid00340.out
nid00341: @@@@@@@@@@@@@@@@@@@@@@@@@@@@@@@@@@@@@@@@@@@@@@@@@@@@@@@@@@@
nid00341: @    WARNING: REMOTE HOST IDENTIFICATION HAS CHANGED!     @
nid00341: @@@@@@@@@@@@@@@@@@@@@@@@@@@@@@@@@@@@@@@@@@@@@@@@@@@@@@@@@@@
nid00341: IT IS POSSIBLE THAT SOMEONE IS DOING SOMETHING NASTY!
nid00341: Someone could be eavesdropping on you right now (man-in-the-middle attack)!
nid00341: It is also possible that a host key has just been changed.
nid00341: The fingerprint for the ECDSA key sent by the remote host is
nid00341: SHA256:ibI+nzP+lDw9DLZd3nYTiJDNDWp7E/pEaxd6Szk0x4E.
nid00341: Please contact your system administrator.
nid00341: Add correct host key in /global/homes/q/qpzhang/.ssh/known_hosts to get rid of this message.
nid00341: Offending ECDSA key in /global/homes/q/qpzhang/.ssh/known_hosts:125
nid00341: Password authentication is disabled to avoid man-in-the-middle attacks.
nid00341: Keyboard-interactive authentication is disabled to avoid man-in-the-middle attacks.
nid00341: starting org.apache.spark.deploy.worker.Worker, logging to /global/cscratch1/sd/qpzhang/spark/2253727/sparklogs/spark-qpzhang-org.apache.spark.deploy.worker.Worker-1-nid00340.out
nid00341: failed to launch org.apache.spark.deploy.worker.Worker:
nid00341: full log in /global/cscratch1/sd/qpzhang/spark/2253727/sparklogs/spark-qpzhang-org.apache.spark.deploy.worker.Worker-1-nid00340.out
nid01953: @@@@@@@@@@@@@@@@@@@@@@@@@@@@@@@@@@@@@@@@@@@@@@@@@@@@@@@@@@@
nid01953: @    WARNING: REMOTE HOST IDENTIFICATION HAS CHANGED!     @
nid01953: @@@@@@@@@@@@@@@@@@@@@@@@@@@@@@@@@@@@@@@@@@@@@@@@@@@@@@@@@@@
nid01953: IT IS POSSIBLE THAT SOMEONE IS DOING SOMETHING NASTY!
nid01953: Someone could be eavesdropping on you right now (man-in-the-middle attack)!
nid01953: It is also possible that a host key has just been changed.
nid01953: The fingerprint for the ECDSA key sent by the remote host is
nid01953: SHA256:3P83sqNr/FL9jM+jiPLlPvPlnWNvo72yOHV98XzxxRw.
nid01953: Please contact your system administrator.
nid01953: Add correct host key in /global/homes/q/qpzhang/.ssh/known_hosts to get rid of this message.
nid01953: Offending ECDSA key in /global/homes/q/qpzhang/.ssh/known_hosts:811
nid01953: Password authentication is disabled to avoid man-in-the-middle attacks.
nid01953: Keyboard-interactive authentication is disabled to avoid man-in-the-middle attacks.
nid01953: starting org.apache.spark.deploy.worker.Worker, logging to /global/cscratch1/sd/qpzhang/spark/2253727/sparklogs/spark-qpzhang-org.apache.spark.deploy.worker.Worker-1-nid00340.out
nid01957: @@@@@@@@@@@@@@@@@@@@@@@@@@@@@@@@@@@@@@@@@@@@@@@@@@@@@@@@@@@
nid01957: @    WARNING: REMOTE HOST IDENTIFICATION HAS CHANGED!     @
nid01957: @@@@@@@@@@@@@@@@@@@@@@@@@@@@@@@@@@@@@@@@@@@@@@@@@@@@@@@@@@@
nid01957: IT IS POSSIBLE THAT SOMEONE IS DOING SOMETHING NASTY!
nid01957: Someone could be eavesdropping on you right now (man-in-the-middle attack)!
nid01957: It is also possible that a host key has just been changed.
nid01957: The fingerprint for the ECDSA key sent by the remote host is
nid01957: SHA256:EipTe4c4gUfmGbsDYD7cTRtxNy/yHukbgg7rzdteQPc.
nid01957: Please contact your system administrator.
nid01957: Add correct host key in /global/homes/q/qpzhang/.ssh/known_hosts to get rid of this message.
nid01957: Offending ECDSA key in /global/homes/q/qpzhang/.ssh/known_hosts:816
nid01957: Password authentication is disabled to avoid man-in-the-middle attacks.
nid01957: Keyboard-interactive authentication is disabled to avoid man-in-the-middle attacks.
nid01957: mv: cannot stat `/global/cscratch1/sd/qpzhang/spark/2253727/sparklogs/spark-qpzhang-org.apache.spark.deploy.worker.Worker-1-nid00340.out.2': No such file or directory
nid01957: mv: cannot stat `/global/cscratch1/sd/qpzhang/spark/2253727/sparklogs/spark-qpzhang-org.apache.spark.deploy.worker.Worker-1-nid00340.out': No such file or directory
nid01957: starting org.apache.spark.deploy.worker.Worker, logging to /global/cscratch1/sd/qpzhang/spark/2253727/sparklogs/spark-qpzhang-org.apache.spark.deploy.worker.Worker-1-nid00340.out
nid01957: failed to launch org.apache.spark.deploy.worker.Worker:
nid01957: full log in /global/cscratch1/sd/qpzhang/spark/2253727/sparklogs/spark-qpzhang-org.apache.spark.deploy.worker.Worker-1-nid00340.out
nid01956: @@@@@@@@@@@@@@@@@@@@@@@@@@@@@@@@@@@@@@@@@@@@@@@@@@@@@@@@@@@
nid01956: @    WARNING: REMOTE HOST IDENTIFICATION HAS CHANGED!     @
nid01956: @@@@@@@@@@@@@@@@@@@@@@@@@@@@@@@@@@@@@@@@@@@@@@@@@@@@@@@@@@@
nid01956: IT IS POSSIBLE THAT SOMEONE IS DOING SOMETHING NASTY!
nid01956: Someone could be eavesdropping on you right now (man-in-the-middle attack)!
nid01956: It is also possible that a host key has just been changed.
nid01956: The fingerprint for the ECDSA key sent by the remote host is
nid01956: SHA256:P7jmBV2NjkAc5kMlvUgVvsUwa+pi63RWW9J1AMUsc7U.
nid01956: Please contact your system administrator.
nid01956: Add correct host key in /global/homes/q/qpzhang/.ssh/known_hosts to get rid of this message.
nid01956: Offending ECDSA key in /global/homes/q/qpzhang/.ssh/known_hosts:815
nid01956: Password authentication is disabled to avoid man-in-the-middle attacks.
nid01956: Keyboard-interactive authentication is disabled to avoid man-in-the-middle attacks.
nid01956: starting org.apache.spark.deploy.worker.Worker, logging to /global/cscratch1/sd/qpzhang/spark/2253727/sparklogs/spark-qpzhang-org.apache.spark.deploy.worker.Worker-1-nid00340.out
nid01956: failed to launch org.apache.spark.deploy.worker.Worker:
nid01956: full log in /global/cscratch1/sd/qpzhang/spark/2253727/sparklogs/spark-qpzhang-org.apache.spark.deploy.worker.Worker-1-nid00340.out
nid01973: @@@@@@@@@@@@@@@@@@@@@@@@@@@@@@@@@@@@@@@@@@@@@@@@@@@@@@@@@@@
nid01973: @    WARNING: REMOTE HOST IDENTIFICATION HAS CHANGED!     @
nid01973: @@@@@@@@@@@@@@@@@@@@@@@@@@@@@@@@@@@@@@@@@@@@@@@@@@@@@@@@@@@
nid01973: IT IS POSSIBLE THAT SOMEONE IS DOING SOMETHING NASTY!
nid01973: Someone could be eavesdropping on you right now (man-in-the-middle attack)!
nid01973: It is also possible that a host key has just been changed.
nid01973: The fingerprint for the ECDSA key sent by the remote host is
nid01973: SHA256:jX5pEzB2PkUZfAcegq1hiFD7w3f2gQZz2InxRUo1WVA.
nid01973: Please contact your system administrator.
nid01973: Add correct host key in /global/homes/q/qpzhang/.ssh/known_hosts to get rid of this message.
nid01973: Offending ECDSA key in /global/homes/q/qpzhang/.ssh/known_hosts:251
nid01973: Password authentication is disabled to avoid man-in-the-middle attacks.
nid01973: Keyboard-interactive authentication is disabled to avoid man-in-the-middle attacks.
nid01973: starting org.apache.spark.deploy.worker.Worker, logging to /global/cscratch1/sd/qpzhang/spark/2253727/sparklogs/spark-qpzhang-org.apache.spark.deploy.worker.Worker-1-nid00340.out
nid01972: @@@@@@@@@@@@@@@@@@@@@@@@@@@@@@@@@@@@@@@@@@@@@@@@@@@@@@@@@@@
nid01972: @    WARNING: REMOTE HOST IDENTIFICATION HAS CHANGED!     @
nid01972: @@@@@@@@@@@@@@@@@@@@@@@@@@@@@@@@@@@@@@@@@@@@@@@@@@@@@@@@@@@
nid01972: IT IS POSSIBLE THAT SOMEONE IS DOING SOMETHING NASTY!
nid01972: Someone could be eavesdropping on you right now (man-in-the-middle attack)!
nid01972: It is also possible that a host key has just been changed.
nid01972: The fingerprint for the ECDSA key sent by the remote host is
nid01972: SHA256:zN9A7veff/jMrnV63EkyJ9yMigJe7kC0j5JZ4+WZbEw.
nid01972: Please contact your system administrator.
nid01972: Add correct host key in /global/homes/q/qpzhang/.ssh/known_hosts to get rid of this message.
nid01972: Offending ECDSA key in /global/homes/q/qpzhang/.ssh/known_hosts:249
nid01972: Password authentication is disabled to avoid man-in-the-middle attacks.
nid01972: Keyboard-interactive authentication is disabled to avoid man-in-the-middle attacks.
nid01972: mv: cannot stat `/global/cscratch1/sd/qpzhang/spark/2253727/sparklogs/spark-qpzhang-org.apache.spark.deploy.worker.Worker-1-nid00340.out.3': No such file or directory
nid01972: mv: cannot stat `/global/cscratch1/sd/qpzhang/spark/2253727/sparklogs/spark-qpzhang-org.apache.spark.deploy.worker.Worker-1-nid00340.out.1': No such file or directory
nid01972: mv: cannot stat `/global/cscratch1/sd/qpzhang/spark/2253727/sparklogs/spark-qpzhang-org.apache.spark.deploy.worker.Worker-1-nid00340.out': No such file or directory
nid01972: starting org.apache.spark.deploy.worker.Worker, logging to /global/cscratch1/sd/qpzhang/spark/2253727/sparklogs/spark-qpzhang-org.apache.spark.deploy.worker.Worker-1-nid00340.out
nid01971: @@@@@@@@@@@@@@@@@@@@@@@@@@@@@@@@@@@@@@@@@@@@@@@@@@@@@@@@@@@
nid01971: @    WARNING: REMOTE HOST IDENTIFICATION HAS CHANGED!     @
nid01971: @@@@@@@@@@@@@@@@@@@@@@@@@@@@@@@@@@@@@@@@@@@@@@@@@@@@@@@@@@@
nid01971: IT IS POSSIBLE THAT SOMEONE IS DOING SOMETHING NASTY!
nid01971: Someone could be eavesdropping on you right now (man-in-the-middle attack)!
nid01971: It is also possible that a host key has just been changed.
nid01971: The fingerprint for the ECDSA key sent by the remote host is
nid01971: SHA256:k5xeE8Uaq2Wofk/AmcAWL9IMNUM2U2RsILtBDXiptz4.
nid01971: Please contact your system administrator.
nid01971: Add correct host key in /global/homes/q/qpzhang/.ssh/known_hosts to get rid of this message.
nid01971: Offending ECDSA key in /global/homes/q/qpzhang/.ssh/known_hosts:830
nid01971: Password authentication is disabled to avoid man-in-the-middle attacks.
nid01971: Keyboard-interactive authentication is disabled to avoid man-in-the-middle attacks.
nid01971: mv: cannot stat `/global/cscratch1/sd/qpzhang/spark/2253727/sparklogs/spark-qpzhang-org.apache.spark.deploy.worker.Worker-1-nid00340.out.3': No such file or directory
nid01971: mv: cannot stat `/global/cscratch1/sd/qpzhang/spark/2253727/sparklogs/spark-qpzhang-org.apache.spark.deploy.worker.Worker-1-nid00340.out.2': No such file or directory
nid01971: mv: cannot stat `/global/cscratch1/sd/qpzhang/spark/2253727/sparklogs/spark-qpzhang-org.apache.spark.deploy.worker.Worker-1-nid00340.out.1': No such file or directory
nid01971: starting org.apache.spark.deploy.worker.Worker, logging to /global/cscratch1/sd/qpzhang/spark/2253727/sparklogs/spark-qpzhang-org.apache.spark.deploy.worker.Worker-1-nid00340.out
nid01967: @@@@@@@@@@@@@@@@@@@@@@@@@@@@@@@@@@@@@@@@@@@@@@@@@@@@@@@@@@@
nid01967: @    WARNING: REMOTE HOST IDENTIFICATION HAS CHANGED!     @
nid01967: @@@@@@@@@@@@@@@@@@@@@@@@@@@@@@@@@@@@@@@@@@@@@@@@@@@@@@@@@@@
nid01967: IT IS POSSIBLE THAT SOMEONE IS DOING SOMETHING NASTY!
nid01967: Someone could be eavesdropping on you right now (man-in-the-middle attack)!
nid01967: It is also possible that a host key has just been changed.
nid01967: The fingerprint for the ECDSA key sent by the remote host is
nid01967: SHA256:Rx8cuk7Rds8P9FoS1SK5zdM0Iy84c5n0orDmpwou9Kc.
nid01967: Please contact your system administrator.
nid01967: Add correct host key in /global/homes/q/qpzhang/.ssh/known_hosts to get rid of this message.
nid01967: Offending ECDSA key in /global/homes/q/qpzhang/.ssh/known_hosts:826
nid01967: Password authentication is disabled to avoid man-in-the-middle attacks.
nid01967: Keyboard-interactive authentication is disabled to avoid man-in-the-middle attacks.
nid01967: mv: cannot stat `/global/cscratch1/sd/qpzhang/spark/2253727/sparklogs/spark-qpzhang-org.apache.spark.deploy.worker.Worker-1-nid00340.out.3': No such file or directory
nid01967: mv: cannot stat `/global/cscratch1/sd/qpzhang/spark/2253727/sparklogs/spark-qpzhang-org.apache.spark.deploy.worker.Worker-1-nid00340.out.2': No such file or directory
nid01967: starting org.apache.spark.deploy.worker.Worker, logging to /global/cscratch1/sd/qpzhang/spark/2253727/sparklogs/spark-qpzhang-org.apache.spark.deploy.worker.Worker-1-nid00340.out
nid01967: failed to launch org.apache.spark.deploy.worker.Worker:
nid01967: full log in /global/cscratch1/sd/qpzhang/spark/2253727/sparklogs/spark-qpzhang-org.apache.spark.deploy.worker.Worker-1-nid00340.out
nid01966: @@@@@@@@@@@@@@@@@@@@@@@@@@@@@@@@@@@@@@@@@@@@@@@@@@@@@@@@@@@
nid01966: @    WARNING: REMOTE HOST IDENTIFICATION HAS CHANGED!     @
nid01966: @@@@@@@@@@@@@@@@@@@@@@@@@@@@@@@@@@@@@@@@@@@@@@@@@@@@@@@@@@@
nid01966: IT IS POSSIBLE THAT SOMEONE IS DOING SOMETHING NASTY!
nid01966: Someone could be eavesdropping on you right now (man-in-the-middle attack)!
nid01966: It is also possible that a host key has just been changed.
nid01966: The fingerprint for the ECDSA key sent by the remote host is
nid01966: SHA256:EGISqfbzCzVxoztzVHuQENTUkhzrd2XWMf8cTN4qruI.
nid01966: Please contact your system administrator.
nid01966: Add correct host key in /global/homes/q/qpzhang/.ssh/known_hosts to get rid of this message.
nid01966: Offending ECDSA key in /global/homes/q/qpzhang/.ssh/known_hosts:825
nid01966: Password authentication is disabled to avoid man-in-the-middle attacks.
nid01966: Keyboard-interactive authentication is disabled to avoid man-in-the-middle attacks.
nid01966: mv: cannot stat `/global/cscratch1/sd/qpzhang/spark/2253727/sparklogs/spark-qpzhang-org.apache.spark.deploy.worker.Worker-1-nid00340.out.1': No such file or directory
nid01966: mv: cannot stat `/global/cscratch1/sd/qpzhang/spark/2253727/sparklogs/spark-qpzhang-org.apache.spark.deploy.worker.Worker-1-nid00340.out': No such file or directory
nid01966: starting org.apache.spark.deploy.worker.Worker, logging to /global/cscratch1/sd/qpzhang/spark/2253727/sparklogs/spark-qpzhang-org.apache.spark.deploy.worker.Worker-1-nid00340.out
nid01966: failed to launch org.apache.spark.deploy.worker.Worker:
nid01966: full log in /global/cscratch1/sd/qpzhang/spark/2253727/sparklogs/spark-qpzhang-org.apache.spark.deploy.worker.Worker-1-nid00340.out
nid01977: @@@@@@@@@@@@@@@@@@@@@@@@@@@@@@@@@@@@@@@@@@@@@@@@@@@@@@@@@@@
nid01977: @    WARNING: REMOTE HOST IDENTIFICATION HAS CHANGED!     @
nid01977: @@@@@@@@@@@@@@@@@@@@@@@@@@@@@@@@@@@@@@@@@@@@@@@@@@@@@@@@@@@
nid01977: IT IS POSSIBLE THAT SOMEONE IS DOING SOMETHING NASTY!
nid01977: Someone could be eavesdropping on you right now (man-in-the-middle attack)!
nid01977: It is also possible that a host key has just been changed.
nid01977: The fingerprint for the ECDSA key sent by the remote host is
nid01977: SHA256:eeklpM+XxgzxDN6S3P4UqjNnSdS9EAteDhl+Lj/yauA.
nid01977: Please contact your system administrator.
nid01977: Add correct host key in /global/homes/q/qpzhang/.ssh/known_hosts to get rid of this message.
nid01977: Offending ECDSA key in /global/homes/q/qpzhang/.ssh/known_hosts:255
nid01977: Password authentication is disabled to avoid man-in-the-middle attacks.
nid01977: Keyboard-interactive authentication is disabled to avoid man-in-the-middle attacks.
nid01977: mv: cannot stat `/global/cscratch1/sd/qpzhang/spark/2253727/sparklogs/spark-qpzhang-org.apache.spark.deploy.worker.Worker-1-nid00340.out.2': No such file or directory
nid01977: mv: cannot stat `/global/cscratch1/sd/qpzhang/spark/2253727/sparklogs/spark-qpzhang-org.apache.spark.deploy.worker.Worker-1-nid00340.out.1': No such file or directory
nid01977: starting org.apache.spark.deploy.worker.Worker, logging to /global/cscratch1/sd/qpzhang/spark/2253727/sparklogs/spark-qpzhang-org.apache.spark.deploy.worker.Worker-1-nid00340.out
nid01977: failed to launch org.apache.spark.deploy.worker.Worker:
nid01977: full log in /global/cscratch1/sd/qpzhang/spark/2253727/sparklogs/spark-qpzhang-org.apache.spark.deploy.worker.Worker-1-nid00340.out
nid01982: @@@@@@@@@@@@@@@@@@@@@@@@@@@@@@@@@@@@@@@@@@@@@@@@@@@@@@@@@@@
nid01982: @    WARNING: REMOTE HOST IDENTIFICATION HAS CHANGED!     @
nid01982: @@@@@@@@@@@@@@@@@@@@@@@@@@@@@@@@@@@@@@@@@@@@@@@@@@@@@@@@@@@
nid01982: IT IS POSSIBLE THAT SOMEONE IS DOING SOMETHING NASTY!
nid01982: Someone could be eavesdropping on you right now (man-in-the-middle attack)!
nid01982: It is also possible that a host key has just been changed.
nid01982: The fingerprint for the ECDSA key sent by the remote host is
nid01982: SHA256:xC2jDTExsdRDuGfKfNyrN2UZrHzcJ9x/fMu9ErVFUxk.
nid01982: Please contact your system administrator.
nid01982: Add correct host key in /global/homes/q/qpzhang/.ssh/known_hosts to get rid of this message.
nid01982: Offending ECDSA key in /global/homes/q/qpzhang/.ssh/known_hosts:832
nid01982: Password authentication is disabled to avoid man-in-the-middle attacks.
nid01982: Keyboard-interactive authentication is disabled to avoid man-in-the-middle attacks.
nid01982: starting org.apache.spark.deploy.worker.Worker, logging to /global/cscratch1/sd/qpzhang/spark/2253727/sparklogs/spark-qpzhang-org.apache.spark.deploy.worker.Worker-1-nid00340.out
nid01982: failed to launch org.apache.spark.deploy.worker.Worker:
nid01982: full log in /global/cscratch1/sd/qpzhang/spark/2253727/sparklogs/spark-qpzhang-org.apache.spark.deploy.worker.Worker-1-nid00340.out
nid02009: @@@@@@@@@@@@@@@@@@@@@@@@@@@@@@@@@@@@@@@@@@@@@@@@@@@@@@@@@@@
nid02009: @    WARNING: REMOTE HOST IDENTIFICATION HAS CHANGED!     @
nid02009: @@@@@@@@@@@@@@@@@@@@@@@@@@@@@@@@@@@@@@@@@@@@@@@@@@@@@@@@@@@
nid02009: IT IS POSSIBLE THAT SOMEONE IS DOING SOMETHING NASTY!
nid02009: Someone could be eavesdropping on you right now (man-in-the-middle attack)!
nid02009: It is also possible that a host key has just been changed.
nid02009: The fingerprint for the ECDSA key sent by the remote host is
nid02009: SHA256:Mi7M47DsGOo/uQCsAyffhZSeUKJiMiLK9AIFTp0e5rs.
nid02009: Please contact your system administrator.
nid02009: Add correct host key in /global/homes/q/qpzhang/.ssh/known_hosts to get rid of this message.
nid02009: Offending ECDSA key in /global/homes/q/qpzhang/.ssh/known_hosts:643
nid02009: Password authentication is disabled to avoid man-in-the-middle attacks.
nid02009: Keyboard-interactive authentication is disabled to avoid man-in-the-middle attacks.
nid02009: starting org.apache.spark.deploy.worker.Worker, logging to /global/cscratch1/sd/qpzhang/spark/2253727/sparklogs/spark-qpzhang-org.apache.spark.deploy.worker.Worker-1-nid00340.out
nid02009: failed to launch org.apache.spark.deploy.worker.Worker:
nid02009: full log in /global/cscratch1/sd/qpzhang/spark/2253727/sparklogs/spark-qpzhang-org.apache.spark.deploy.worker.Worker-1-nid00340.out
nid01981: @@@@@@@@@@@@@@@@@@@@@@@@@@@@@@@@@@@@@@@@@@@@@@@@@@@@@@@@@@@
nid01981: @    WARNING: REMOTE HOST IDENTIFICATION HAS CHANGED!     @
nid01981: @@@@@@@@@@@@@@@@@@@@@@@@@@@@@@@@@@@@@@@@@@@@@@@@@@@@@@@@@@@
nid01981: IT IS POSSIBLE THAT SOMEONE IS DOING SOMETHING NASTY!
nid01981: Someone could be eavesdropping on you right now (man-in-the-middle attack)!
nid01981: It is also possible that a host key has just been changed.
nid01981: The fingerprint for the ECDSA key sent by the remote host is
nid01981: SHA256:HgOrjSxMIKvYZx15WnzaL5q/eb7YBVIgADuEV+v5B7A.
nid01981: Please contact your system administrator.
nid01981: Add correct host key in /global/homes/q/qpzhang/.ssh/known_hosts to get rid of this message.
nid01981: Offending ECDSA key in /global/homes/q/qpzhang/.ssh/known_hosts:831
nid01981: Password authentication is disabled to avoid man-in-the-middle attacks.
nid01981: Keyboard-interactive authentication is disabled to avoid man-in-the-middle attacks.
nid01981: mv: cannot move `/global/cscratch1/sd/qpzhang/spark/2253727/sparklogs/spark-qpzhang-org.apache.spark.deploy.worker.Worker-1-nid00340.out.4' to `/global/cscratch1/sd/qpzhang/spark/2253727/sparklogs/spark-qpzhang-org.apache.spark.deploy.worker.Worker-1-nid00340.out.5': No such file or directory
nid01981: mv: cannot stat `/global/cscratch1/sd/qpzhang/spark/2253727/sparklogs/spark-qpzhang-org.apache.spark.deploy.worker.Worker-1-nid00340.out.3': No such file or directory
nid01981: mv: cannot stat `/global/cscratch1/sd/qpzhang/spark/2253727/sparklogs/spark-qpzhang-org.apache.spark.deploy.worker.Worker-1-nid00340.out.2': No such file or directory
nid01981: mv: cannot stat `/global/cscratch1/sd/qpzhang/spark/2253727/sparklogs/spark-qpzhang-org.apache.spark.deploy.worker.Worker-1-nid00340.out.1': No such file or directory
nid01981: mv: cannot stat `/global/cscratch1/sd/qpzhang/spark/2253727/sparklogs/spark-qpzhang-org.apache.spark.deploy.worker.Worker-1-nid00340.out': No such file or directory
nid01981: starting org.apache.spark.deploy.worker.Worker, logging to /global/cscratch1/sd/qpzhang/spark/2253727/sparklogs/spark-qpzhang-org.apache.spark.deploy.worker.Worker-1-nid00340.out
nid01981: failed to launch org.apache.spark.deploy.worker.Worker:
nid01981:   Spark Command: /opt/java/jdk1.8.0_51/bin/java -cp /global/common/cori/software/spark/1.5.1/sbin/../conf/:/global/common/cori/software/spark/1.5.1/lib/spark-assembly-1.5.1-hadoop2.6.0.jar:/global/common/cori/software/spark/1.5.1/lib/datanucleus-core-3.2.10.jar:/global/common/cori/software/spark/1.5.1/lib/datanucleus-api-jdo-3.2.6.jar:/global/common/cori/software/spark/1.5.1/lib/datanucleus-rdbms-3.2.9.jar -Xms1g -Xmx1g org.apache.spark.deploy.worker.Worker --webui-port 8081 spark://nid00340:7077
nid01981:   ========================================
nid01981: full log in /global/cscratch1/sd/qpzhang/spark/2253727/sparklogs/spark-qpzhang-org.apache.spark.deploy.worker.Worker-1-nid00340.out
nid00341: doing ssh -o StrictHostKeyChecking=no nid00341  cd /global/common/cori/software/spark/1.5.1/sbin/.. ; /usr/common/software/spark/1.5.1/sbin/stop-slave.sh
nid00342: doing ssh -o StrictHostKeyChecking=no nid00342  cd /global/common/cori/software/spark/1.5.1/sbin/.. ; /usr/common/software/spark/1.5.1/sbin/stop-slave.sh
nid01953: doing ssh -o StrictHostKeyChecking=no nid01953  cd /global/common/cori/software/spark/1.5.1/sbin/.. ; /usr/common/software/spark/1.5.1/sbin/stop-slave.sh
nid01954: doing ssh -o StrictHostKeyChecking=no nid01954  cd /global/common/cori/software/spark/1.5.1/sbin/.. ; /usr/common/software/spark/1.5.1/sbin/stop-slave.sh
nid01954: ssh: connect to host nid01954 port 204: Connection refused
nid01955: doing ssh -o StrictHostKeyChecking=no nid01955  cd /global/common/cori/software/spark/1.5.1/sbin/.. ; /usr/common/software/spark/1.5.1/sbin/stop-slave.sh
nid01956: doing ssh -o StrictHostKeyChecking=no nid01956  cd /global/common/cori/software/spark/1.5.1/sbin/.. ; /usr/common/software/spark/1.5.1/sbin/stop-slave.sh
nid01955: ssh: connect to host nid01955 port 204: Connection refused
nid01957: doing ssh -o StrictHostKeyChecking=no nid01957  cd /global/common/cori/software/spark/1.5.1/sbin/.. ; /usr/common/software/spark/1.5.1/sbin/stop-slave.sh
nid01958: doing ssh -o StrictHostKeyChecking=no nid01958  cd /global/common/cori/software/spark/1.5.1/sbin/.. ; /usr/common/software/spark/1.5.1/sbin/stop-slave.sh
nid01958: ssh: connect to host nid01958 port 204: Connection refused
nid01959: doing ssh -o StrictHostKeyChecking=no nid01959  cd /global/common/cori/software/spark/1.5.1/sbin/.. ; /usr/common/software/spark/1.5.1/sbin/stop-slave.sh
nid01959: ssh: connect to host nid01959 port 204: Connection refused
nid01960: doing ssh -o StrictHostKeyChecking=no nid01960  cd /global/common/cori/software/spark/1.5.1/sbin/.. ; /usr/common/software/spark/1.5.1/sbin/stop-slave.sh
nid01961: doing ssh -o StrictHostKeyChecking=no nid01961  cd /global/common/cori/software/spark/1.5.1/sbin/.. ; /usr/common/software/spark/1.5.1/sbin/stop-slave.sh
nid01960: ssh: connect to host nid01960 port 204: Connection refused
nid01961: ssh: connect to host nid01961 port 204: Connection refused
nid01962: doing ssh -o StrictHostKeyChecking=no nid01962  cd /global/common/cori/software/spark/1.5.1/sbin/.. ; /usr/common/software/spark/1.5.1/sbin/stop-slave.sh
nid01963: doing ssh -o StrictHostKeyChecking=no nid01963  cd /global/common/cori/software/spark/1.5.1/sbin/.. ; /usr/common/software/spark/1.5.1/sbin/stop-slave.sh
nid01962: ssh: connect to host nid01962 port 204: Connection refused
nid01963: ssh: connect to host nid01963 port 204: Connection refused
nid01964: doing ssh -o StrictHostKeyChecking=no nid01964  cd /global/common/cori/software/spark/1.5.1/sbin/.. ; /usr/common/software/spark/1.5.1/sbin/stop-slave.sh
nid01964: ssh: connect to host nid01964 port 204: Connection refused
nid01965: doing ssh -o StrictHostKeyChecking=no nid01965  cd /global/common/cori/software/spark/1.5.1/sbin/.. ; /usr/common/software/spark/1.5.1/sbin/stop-slave.sh
nid01966: doing ssh -o StrictHostKeyChecking=no nid01966  cd /global/common/cori/software/spark/1.5.1/sbin/.. ; /usr/common/software/spark/1.5.1/sbin/stop-slave.sh
nid01965: ssh: connect to host nid01965 port 204: Connection refused
nid01967: doing ssh -o StrictHostKeyChecking=no nid01967  cd /global/common/cori/software/spark/1.5.1/sbin/.. ; /usr/common/software/spark/1.5.1/sbin/stop-slave.sh
nid01968: doing ssh -o StrictHostKeyChecking=no nid01968  cd /global/common/cori/software/spark/1.5.1/sbin/.. ; /usr/common/software/spark/1.5.1/sbin/stop-slave.sh
nid01968: ssh: connect to host nid01968 port 204: Connection refused
nid01969: doing ssh -o StrictHostKeyChecking=no nid01969  cd /global/common/cori/software/spark/1.5.1/sbin/.. ; /usr/common/software/spark/1.5.1/sbin/stop-slave.sh
nid01970: doing ssh -o StrictHostKeyChecking=no nid01970  cd /global/common/cori/software/spark/1.5.1/sbin/.. ; /usr/common/software/spark/1.5.1/sbin/stop-slave.sh
nid01969: ssh: connect to host nid01969 port 204: Connection refused
nid01971: doing ssh -o StrictHostKeyChecking=no nid01971  cd /global/common/cori/software/spark/1.5.1/sbin/.. ; /usr/common/software/spark/1.5.1/sbin/stop-slave.sh
nid01970: ssh: connect to host nid01970 port 204: Connection refused
nid01972: doing ssh -o StrictHostKeyChecking=no nid01972  cd /global/common/cori/software/spark/1.5.1/sbin/.. ; /usr/common/software/spark/1.5.1/sbin/stop-slave.sh
nid01973: doing ssh -o StrictHostKeyChecking=no nid01973  cd /global/common/cori/software/spark/1.5.1/sbin/.. ; /usr/common/software/spark/1.5.1/sbin/stop-slave.sh
nid01974: doing ssh -o StrictHostKeyChecking=no nid01974  cd /global/common/cori/software/spark/1.5.1/sbin/.. ; /usr/common/software/spark/1.5.1/sbin/stop-slave.sh
nid01974: ssh: connect to host nid01974 port 204: Connection refused
nid01975: doing ssh -o StrictHostKeyChecking=no nid01975  cd /global/common/cori/software/spark/1.5.1/sbin/.. ; /usr/common/software/spark/1.5.1/sbin/stop-slave.sh
nid01975: ssh: connect to host nid01975 port 204: Connection refused
nid01976: doing ssh -o StrictHostKeyChecking=no nid01976  cd /global/common/cori/software/spark/1.5.1/sbin/.. ; /usr/common/software/spark/1.5.1/sbin/stop-slave.sh
nid01977: doing ssh -o StrictHostKeyChecking=no nid01977  cd /global/common/cori/software/spark/1.5.1/sbin/.. ; /usr/common/software/spark/1.5.1/sbin/stop-slave.sh
nid01976: ssh: connect to host nid01976 port 204: Connection refused
nid01978: doing ssh -o StrictHostKeyChecking=no nid01978  cd /global/common/cori/software/spark/1.5.1/sbin/.. ; /usr/common/software/spark/1.5.1/sbin/stop-slave.sh
nid01979: doing ssh -o StrictHostKeyChecking=no nid01979  cd /global/common/cori/software/spark/1.5.1/sbin/.. ; /usr/common/software/spark/1.5.1/sbin/stop-slave.sh
nid01978: ssh: connect to host nid01978 port 204: Connection refused
nid01979: ssh: connect to host nid01979 port 204: Connection refused
nid01980: doing ssh -o StrictHostKeyChecking=no nid01980  cd /global/common/cori/software/spark/1.5.1/sbin/.. ; /usr/common/software/spark/1.5.1/sbin/stop-slave.sh
nid01981: doing ssh -o StrictHostKeyChecking=no nid01981  cd /global/common/cori/software/spark/1.5.1/sbin/.. ; /usr/common/software/spark/1.5.1/sbin/stop-slave.sh
nid01980: ssh: connect to host nid01980 port 204: Connection refused
nid01982: doing ssh -o StrictHostKeyChecking=no nid01982  cd /global/common/cori/software/spark/1.5.1/sbin/.. ; /usr/common/software/spark/1.5.1/sbin/stop-slave.sh
nid01983: doing ssh -o StrictHostKeyChecking=no nid01983  cd /global/common/cori/software/spark/1.5.1/sbin/.. ; /usr/common/software/spark/1.5.1/sbin/stop-slave.sh
nid02000: doing ssh -o StrictHostKeyChecking=no nid02000  cd /global/common/cori/software/spark/1.5.1/sbin/.. ; /usr/common/software/spark/1.5.1/sbin/stop-slave.sh
nid01983: ssh: connect to host nid01983 port 204: Connection refused
nid02001: doing ssh -o StrictHostKeyChecking=no nid02001  cd /global/common/cori/software/spark/1.5.1/sbin/.. ; /usr/common/software/spark/1.5.1/sbin/stop-slave.sh
nid02000: ssh: connect to host nid02000 port 204: Connection refused
nid02001: ssh: connect to host nid02001 port 204: Connection refused
nid02002: doing ssh -o StrictHostKeyChecking=no nid02002  cd /global/common/cori/software/spark/1.5.1/sbin/.. ; /usr/common/software/spark/1.5.1/sbin/stop-slave.sh
nid02003: doing ssh -o StrictHostKeyChecking=no nid02003  cd /global/common/cori/software/spark/1.5.1/sbin/.. ; /usr/common/software/spark/1.5.1/sbin/stop-slave.sh
nid02002: ssh: connect to host nid02002 port 204: Connection refused
nid02003: ssh: connect to host nid02003 port 204: Connection refused
nid02008: doing ssh -o StrictHostKeyChecking=no nid02008  cd /global/common/cori/software/spark/1.5.1/sbin/.. ; /usr/common/software/spark/1.5.1/sbin/stop-slave.sh
nid02008: ssh: connect to host nid02008 port 204: Connection refused
nid02009: doing ssh -o StrictHostKeyChecking=no nid02009  cd /global/common/cori/software/spark/1.5.1/sbin/.. ; /usr/common/software/spark/1.5.1/sbin/stop-slave.sh
nid01953: @@@@@@@@@@@@@@@@@@@@@@@@@@@@@@@@@@@@@@@@@@@@@@@@@@@@@@@@@@@
nid01953: @    WARNING: REMOTE HOST IDENTIFICATION HAS CHANGED!     @
nid01953: @@@@@@@@@@@@@@@@@@@@@@@@@@@@@@@@@@@@@@@@@@@@@@@@@@@@@@@@@@@
nid01953: IT IS POSSIBLE THAT SOMEONE IS DOING SOMETHING NASTY!
nid01953: Someone could be eavesdropping on you right now (man-in-the-middle attack)!
nid01953: It is also possible that a host key has just been changed.
nid01953: The fingerprint for the ECDSA key sent by the remote host is
nid01953: SHA256:3P83sqNr/FL9jM+jiPLlPvPlnWNvo72yOHV98XzxxRw.
nid01953: Please contact your system administrator.
nid01953: Add correct host key in /global/homes/q/qpzhang/.ssh/known_hosts to get rid of this message.
nid01953: Offending ECDSA key in /global/homes/q/qpzhang/.ssh/known_hosts:811
nid01953: Password authentication is disabled to avoid man-in-the-middle attacks.
nid01953: Keyboard-interactive authentication is disabled to avoid man-in-the-middle attacks.
nid01953: stopping org.apache.spark.deploy.worker.Worker
nid00341: @@@@@@@@@@@@@@@@@@@@@@@@@@@@@@@@@@@@@@@@@@@@@@@@@@@@@@@@@@@
nid00341: @    WARNING: REMOTE HOST IDENTIFICATION HAS CHANGED!     @
nid00341: @@@@@@@@@@@@@@@@@@@@@@@@@@@@@@@@@@@@@@@@@@@@@@@@@@@@@@@@@@@
nid00341: IT IS POSSIBLE THAT SOMEONE IS DOING SOMETHING NASTY!
nid00341: Someone could be eavesdropping on you right now (man-in-the-middle attack)!
nid00341: It is also possible that a host key has just been changed.
nid00341: The fingerprint for the ECDSA key sent by the remote host is
nid00341: SHA256:ibI+nzP+lDw9DLZd3nYTiJDNDWp7E/pEaxd6Szk0x4E.
nid00341: Please contact your system administrator.
nid00341: Add correct host key in /global/homes/q/qpzhang/.ssh/known_hosts to get rid of this message.
nid00341: Offending ECDSA key in /global/homes/q/qpzhang/.ssh/known_hosts:125
nid00341: Password authentication is disabled to avoid man-in-the-middle attacks.
nid00341: Keyboard-interactive authentication is disabled to avoid man-in-the-middle attacks.
nid00341: stopping org.apache.spark.deploy.worker.Worker
nid01971: @@@@@@@@@@@@@@@@@@@@@@@@@@@@@@@@@@@@@@@@@@@@@@@@@@@@@@@@@@@
nid01971: @    WARNING: REMOTE HOST IDENTIFICATION HAS CHANGED!     @
nid01971: @@@@@@@@@@@@@@@@@@@@@@@@@@@@@@@@@@@@@@@@@@@@@@@@@@@@@@@@@@@
nid01971: IT IS POSSIBLE THAT SOMEONE IS DOING SOMETHING NASTY!
nid01971: Someone could be eavesdropping on you right now (man-in-the-middle attack)!
nid01971: It is also possible that a host key has just been changed.
nid01971: The fingerprint for the ECDSA key sent by the remote host is
nid01971: SHA256:k5xeE8Uaq2Wofk/AmcAWL9IMNUM2U2RsILtBDXiptz4.
nid01971: Please contact your system administrator.
nid01971: Add correct host key in /global/homes/q/qpzhang/.ssh/known_hosts to get rid of this message.
nid01971: Offending ECDSA key in /global/homes/q/qpzhang/.ssh/known_hosts:830
nid01971: Password authentication is disabled to avoid man-in-the-middle attacks.
nid01971: Keyboard-interactive authentication is disabled to avoid man-in-the-middle attacks.
nid01971: stopping org.apache.spark.deploy.worker.Worker
nid01956: @@@@@@@@@@@@@@@@@@@@@@@@@@@@@@@@@@@@@@@@@@@@@@@@@@@@@@@@@@@
nid01956: @    WARNING: REMOTE HOST IDENTIFICATION HAS CHANGED!     @
nid01956: @@@@@@@@@@@@@@@@@@@@@@@@@@@@@@@@@@@@@@@@@@@@@@@@@@@@@@@@@@@
nid01956: IT IS POSSIBLE THAT SOMEONE IS DOING SOMETHING NASTY!
nid01956: Someone could be eavesdropping on you right now (man-in-the-middle attack)!
nid01956: It is also possible that a host key has just been changed.
nid01956: The fingerprint for the ECDSA key sent by the remote host is
nid01956: SHA256:P7jmBV2NjkAc5kMlvUgVvsUwa+pi63RWW9J1AMUsc7U.
nid01956: Please contact your system administrator.
nid01956: Add correct host key in /global/homes/q/qpzhang/.ssh/known_hosts to get rid of this message.
nid01956: Offending ECDSA key in /global/homes/q/qpzhang/.ssh/known_hosts:815
nid01956: Password authentication is disabled to avoid man-in-the-middle attacks.
nid01956: Keyboard-interactive authentication is disabled to avoid man-in-the-middle attacks.
nid01956: stopping org.apache.spark.deploy.worker.Worker
nid01957: @@@@@@@@@@@@@@@@@@@@@@@@@@@@@@@@@@@@@@@@@@@@@@@@@@@@@@@@@@@
nid01957: @    WARNING: REMOTE HOST IDENTIFICATION HAS CHANGED!     @
nid01957: @@@@@@@@@@@@@@@@@@@@@@@@@@@@@@@@@@@@@@@@@@@@@@@@@@@@@@@@@@@
nid01957: IT IS POSSIBLE THAT SOMEONE IS DOING SOMETHING NASTY!
nid01957: Someone could be eavesdropping on you right now (man-in-the-middle attack)!
nid01957: It is also possible that a host key has just been changed.
nid01957: The fingerprint for the ECDSA key sent by the remote host is
nid01957: SHA256:EipTe4c4gUfmGbsDYD7cTRtxNy/yHukbgg7rzdteQPc.
nid01957: Please contact your system administrator.
nid01957: Add correct host key in /global/homes/q/qpzhang/.ssh/known_hosts to get rid of this message.
nid01957: Offending ECDSA key in /global/homes/q/qpzhang/.ssh/known_hosts:816
nid01957: Password authentication is disabled to avoid man-in-the-middle attacks.
nid01957: Keyboard-interactive authentication is disabled to avoid man-in-the-middle attacks.
nid01957: stopping org.apache.spark.deploy.worker.Worker
nid00342: @@@@@@@@@@@@@@@@@@@@@@@@@@@@@@@@@@@@@@@@@@@@@@@@@@@@@@@@@@@
nid00342: @    WARNING: REMOTE HOST IDENTIFICATION HAS CHANGED!     @
nid00342: @@@@@@@@@@@@@@@@@@@@@@@@@@@@@@@@@@@@@@@@@@@@@@@@@@@@@@@@@@@
nid00342: IT IS POSSIBLE THAT SOMEONE IS DOING SOMETHING NASTY!
nid00342: Someone could be eavesdropping on you right now (man-in-the-middle attack)!
nid00342: It is also possible that a host key has just been changed.
nid00342: The fingerprint for the ECDSA key sent by the remote host is
nid00342: SHA256:3hkrdXbHPZ3fddFFNKXaKeVXd5fZOee3cGOKNAI/UFY.
nid00342: Please contact your system administrator.
nid00342: Add correct host key in /global/homes/q/qpzhang/.ssh/known_hosts to get rid of this message.
nid00342: Offending ECDSA key in /global/homes/q/qpzhang/.ssh/known_hosts:272
nid00342: Password authentication is disabled to avoid man-in-the-middle attacks.
nid00342: Keyboard-interactive authentication is disabled to avoid man-in-the-middle attacks.
nid00342: stopping org.apache.spark.deploy.worker.Worker
nid01972: @@@@@@@@@@@@@@@@@@@@@@@@@@@@@@@@@@@@@@@@@@@@@@@@@@@@@@@@@@@
nid01972: @    WARNING: REMOTE HOST IDENTIFICATION HAS CHANGED!     @
nid01972: @@@@@@@@@@@@@@@@@@@@@@@@@@@@@@@@@@@@@@@@@@@@@@@@@@@@@@@@@@@
nid01972: IT IS POSSIBLE THAT SOMEONE IS DOING SOMETHING NASTY!
nid01972: Someone could be eavesdropping on you right now (man-in-the-middle attack)!
nid01972: It is also possible that a host key has just been changed.
nid01972: The fingerprint for the ECDSA key sent by the remote host is
nid01972: SHA256:zN9A7veff/jMrnV63EkyJ9yMigJe7kC0j5JZ4+WZbEw.
nid01972: Please contact your system administrator.
nid01972: Add correct host key in /global/homes/q/qpzhang/.ssh/known_hosts to get rid of this message.
nid01972: Offending ECDSA key in /global/homes/q/qpzhang/.ssh/known_hosts:249
nid01972: Password authentication is disabled to avoid man-in-the-middle attacks.
nid01972: Keyboard-interactive authentication is disabled to avoid man-in-the-middle attacks.
nid01972: stopping org.apache.spark.deploy.worker.Worker
nid01973: @@@@@@@@@@@@@@@@@@@@@@@@@@@@@@@@@@@@@@@@@@@@@@@@@@@@@@@@@@@
nid01973: @    WARNING: REMOTE HOST IDENTIFICATION HAS CHANGED!     @
nid01973: @@@@@@@@@@@@@@@@@@@@@@@@@@@@@@@@@@@@@@@@@@@@@@@@@@@@@@@@@@@
nid01973: IT IS POSSIBLE THAT SOMEONE IS DOING SOMETHING NASTY!
nid01973: Someone could be eavesdropping on you right now (man-in-the-middle attack)!
nid01973: It is also possible that a host key has just been changed.
nid01973: The fingerprint for the ECDSA key sent by the remote host is
nid01973: SHA256:jX5pEzB2PkUZfAcegq1hiFD7w3f2gQZz2InxRUo1WVA.
nid01973: Please contact your system administrator.
nid01973: Add correct host key in /global/homes/q/qpzhang/.ssh/known_hosts to get rid of this message.
nid01973: Offending ECDSA key in /global/homes/q/qpzhang/.ssh/known_hosts:251
nid01973: Password authentication is disabled to avoid man-in-the-middle attacks.
nid01973: Keyboard-interactive authentication is disabled to avoid man-in-the-middle attacks.
nid01973: stopping org.apache.spark.deploy.worker.Worker
nid01966: @@@@@@@@@@@@@@@@@@@@@@@@@@@@@@@@@@@@@@@@@@@@@@@@@@@@@@@@@@@
nid01966: @    WARNING: REMOTE HOST IDENTIFICATION HAS CHANGED!     @
nid01966: @@@@@@@@@@@@@@@@@@@@@@@@@@@@@@@@@@@@@@@@@@@@@@@@@@@@@@@@@@@
nid01966: IT IS POSSIBLE THAT SOMEONE IS DOING SOMETHING NASTY!
nid01966: Someone could be eavesdropping on you right now (man-in-the-middle attack)!
nid01966: It is also possible that a host key has just been changed.
nid01966: The fingerprint for the ECDSA key sent by the remote host is
nid01966: SHA256:EGISqfbzCzVxoztzVHuQENTUkhzrd2XWMf8cTN4qruI.
nid01966: Please contact your system administrator.
nid01966: Add correct host key in /global/homes/q/qpzhang/.ssh/known_hosts to get rid of this message.
nid01966: Offending ECDSA key in /global/homes/q/qpzhang/.ssh/known_hosts:825
nid01966: Password authentication is disabled to avoid man-in-the-middle attacks.
nid01966: Keyboard-interactive authentication is disabled to avoid man-in-the-middle attacks.
nid01966: stopping org.apache.spark.deploy.worker.Worker
nid01967: @@@@@@@@@@@@@@@@@@@@@@@@@@@@@@@@@@@@@@@@@@@@@@@@@@@@@@@@@@@
nid01967: @    WARNING: REMOTE HOST IDENTIFICATION HAS CHANGED!     @
nid01967: @@@@@@@@@@@@@@@@@@@@@@@@@@@@@@@@@@@@@@@@@@@@@@@@@@@@@@@@@@@
nid01967: IT IS POSSIBLE THAT SOMEONE IS DOING SOMETHING NASTY!
nid01967: Someone could be eavesdropping on you right now (man-in-the-middle attack)!
nid01967: It is also possible that a host key has just been changed.
nid01967: The fingerprint for the ECDSA key sent by the remote host is
nid01967: SHA256:Rx8cuk7Rds8P9FoS1SK5zdM0Iy84c5n0orDmpwou9Kc.
nid01967: Please contact your system administrator.
nid01967: Add correct host key in /global/homes/q/qpzhang/.ssh/known_hosts to get rid of this message.
nid01967: Offending ECDSA key in /global/homes/q/qpzhang/.ssh/known_hosts:826
nid01967: Password authentication is disabled to avoid man-in-the-middle attacks.
nid01967: Keyboard-interactive authentication is disabled to avoid man-in-the-middle attacks.
nid01967: stopping org.apache.spark.deploy.worker.Worker
nid01982: @@@@@@@@@@@@@@@@@@@@@@@@@@@@@@@@@@@@@@@@@@@@@@@@@@@@@@@@@@@
nid01982: @    WARNING: REMOTE HOST IDENTIFICATION HAS CHANGED!     @
nid01982: @@@@@@@@@@@@@@@@@@@@@@@@@@@@@@@@@@@@@@@@@@@@@@@@@@@@@@@@@@@
nid01982: IT IS POSSIBLE THAT SOMEONE IS DOING SOMETHING NASTY!
nid01982: Someone could be eavesdropping on you right now (man-in-the-middle attack)!
nid01982: It is also possible that a host key has just been changed.
nid01982: The fingerprint for the ECDSA key sent by the remote host is
nid01982: SHA256:xC2jDTExsdRDuGfKfNyrN2UZrHzcJ9x/fMu9ErVFUxk.
nid01982: Please contact your system administrator.
nid01982: Add correct host key in /global/homes/q/qpzhang/.ssh/known_hosts to get rid of this message.
nid01982: Offending ECDSA key in /global/homes/q/qpzhang/.ssh/known_hosts:832
nid01982: Password authentication is disabled to avoid man-in-the-middle attacks.
nid01982: Keyboard-interactive authentication is disabled to avoid man-in-the-middle attacks.
nid01982: stopping org.apache.spark.deploy.worker.Worker
nid01977: @@@@@@@@@@@@@@@@@@@@@@@@@@@@@@@@@@@@@@@@@@@@@@@@@@@@@@@@@@@
nid01977: @    WARNING: REMOTE HOST IDENTIFICATION HAS CHANGED!     @
nid01977: @@@@@@@@@@@@@@@@@@@@@@@@@@@@@@@@@@@@@@@@@@@@@@@@@@@@@@@@@@@
nid01977: IT IS POSSIBLE THAT SOMEONE IS DOING SOMETHING NASTY!
nid01977: Someone could be eavesdropping on you right now (man-in-the-middle attack)!
nid01977: It is also possible that a host key has just been changed.
nid01977: The fingerprint for the ECDSA key sent by the remote host is
nid01977: SHA256:eeklpM+XxgzxDN6S3P4UqjNnSdS9EAteDhl+Lj/yauA.
nid01977: Please contact your system administrator.
nid01977: Add correct host key in /global/homes/q/qpzhang/.ssh/known_hosts to get rid of this message.
nid01977: Offending ECDSA key in /global/homes/q/qpzhang/.ssh/known_hosts:255
nid01977: Password authentication is disabled to avoid man-in-the-middle attacks.
nid01977: Keyboard-interactive authentication is disabled to avoid man-in-the-middle attacks.
nid01977: stopping org.apache.spark.deploy.worker.Worker
nid01981: @@@@@@@@@@@@@@@@@@@@@@@@@@@@@@@@@@@@@@@@@@@@@@@@@@@@@@@@@@@
nid01981: @    WARNING: REMOTE HOST IDENTIFICATION HAS CHANGED!     @
nid01981: @@@@@@@@@@@@@@@@@@@@@@@@@@@@@@@@@@@@@@@@@@@@@@@@@@@@@@@@@@@
nid01981: IT IS POSSIBLE THAT SOMEONE IS DOING SOMETHING NASTY!
nid01981: Someone could be eavesdropping on you right now (man-in-the-middle attack)!
nid01981: It is also possible that a host key has just been changed.
nid01981: The fingerprint for the ECDSA key sent by the remote host is
nid01981: SHA256:HgOrjSxMIKvYZx15WnzaL5q/eb7YBVIgADuEV+v5B7A.
nid01981: Please contact your system administrator.
nid01981: Add correct host key in /global/homes/q/qpzhang/.ssh/known_hosts to get rid of this message.
nid01981: Offending ECDSA key in /global/homes/q/qpzhang/.ssh/known_hosts:831
nid01981: Password authentication is disabled to avoid man-in-the-middle attacks.
nid01981: Keyboard-interactive authentication is disabled to avoid man-in-the-middle attacks.
nid01981: stopping org.apache.spark.deploy.worker.Worker
nid02009: @@@@@@@@@@@@@@@@@@@@@@@@@@@@@@@@@@@@@@@@@@@@@@@@@@@@@@@@@@@
nid02009: @    WARNING: REMOTE HOST IDENTIFICATION HAS CHANGED!     @
nid02009: @@@@@@@@@@@@@@@@@@@@@@@@@@@@@@@@@@@@@@@@@@@@@@@@@@@@@@@@@@@
nid02009: IT IS POSSIBLE THAT SOMEONE IS DOING SOMETHING NASTY!
nid02009: Someone could be eavesdropping on you right now (man-in-the-middle attack)!
nid02009: It is also possible that a host key has just been changed.
nid02009: The fingerprint for the ECDSA key sent by the remote host is
nid02009: SHA256:Mi7M47DsGOo/uQCsAyffhZSeUKJiMiLK9AIFTp0e5rs.
nid02009: Please contact your system administrator.
nid02009: Add correct host key in /global/homes/q/qpzhang/.ssh/known_hosts to get rid of this message.
nid02009: Offending ECDSA key in /global/homes/q/qpzhang/.ssh/known_hosts:643
nid02009: Password authentication is disabled to avoid man-in-the-middle attacks.
nid02009: Keyboard-interactive authentication is disabled to avoid man-in-the-middle attacks.
nid02009: stopping org.apache.spark.deploy.worker.Worker
stopping org.apache.spark.deploy.master.Master
