writing to /global/cscratch1/sd/qpzhang/spark_env
starting org.apache.spark.deploy.master.Master, logging to /global/cscratch1/sd/qpzhang/spark/2255930/sparklogs/spark-qpzhang-org.apache.spark.deploy.master.Master-1-nid01402.out
/global/common/cori/software/spark/1.5.1/sbin/..
nid01403: doing ssh -o StrictHostKeyChecking=no nid01403  cd /global/common/cori/software/spark/1.5.1/sbin/.. ; /usr/common/software/spark/1.5.1/sbin/start-slave.sh spark://nid01402:7077
nid01404: doing ssh -o StrictHostKeyChecking=no nid01404  cd /global/common/cori/software/spark/1.5.1/sbin/.. ; /usr/common/software/spark/1.5.1/sbin/start-slave.sh spark://nid01402:7077
nid01405: doing ssh -o StrictHostKeyChecking=no nid01405  cd /global/common/cori/software/spark/1.5.1/sbin/.. ; /usr/common/software/spark/1.5.1/sbin/start-slave.sh spark://nid01402:7077
nid01406: doing ssh -o StrictHostKeyChecking=no nid01406  cd /global/common/cori/software/spark/1.5.1/sbin/.. ; /usr/common/software/spark/1.5.1/sbin/start-slave.sh spark://nid01402:7077
nid01407: doing ssh -o StrictHostKeyChecking=no nid01407  cd /global/common/cori/software/spark/1.5.1/sbin/.. ; /usr/common/software/spark/1.5.1/sbin/start-slave.sh spark://nid01402:7077
nid01424: doing ssh -o StrictHostKeyChecking=no nid01424  cd /global/common/cori/software/spark/1.5.1/sbin/.. ; /usr/common/software/spark/1.5.1/sbin/start-slave.sh spark://nid01402:7077
nid01425: doing ssh -o StrictHostKeyChecking=no nid01425  cd /global/common/cori/software/spark/1.5.1/sbin/.. ; /usr/common/software/spark/1.5.1/sbin/start-slave.sh spark://nid01402:7077
nid01426: doing ssh -o StrictHostKeyChecking=no nid01426  cd /global/common/cori/software/spark/1.5.1/sbin/.. ; /usr/common/software/spark/1.5.1/sbin/start-slave.sh spark://nid01402:7077
nid01427: doing ssh -o StrictHostKeyChecking=no nid01427  cd /global/common/cori/software/spark/1.5.1/sbin/.. ; /usr/common/software/spark/1.5.1/sbin/start-slave.sh spark://nid01402:7077
nid01428: doing ssh -o StrictHostKeyChecking=no nid01428  cd /global/common/cori/software/spark/1.5.1/sbin/.. ; /usr/common/software/spark/1.5.1/sbin/start-slave.sh spark://nid01402:7077
nid01429: doing ssh -o StrictHostKeyChecking=no nid01429  cd /global/common/cori/software/spark/1.5.1/sbin/.. ; /usr/common/software/spark/1.5.1/sbin/start-slave.sh spark://nid01402:7077
nid01430: doing ssh -o StrictHostKeyChecking=no nid01430  cd /global/common/cori/software/spark/1.5.1/sbin/.. ; /usr/common/software/spark/1.5.1/sbin/start-slave.sh spark://nid01402:7077
nid01431: doing ssh -o StrictHostKeyChecking=no nid01431  cd /global/common/cori/software/spark/1.5.1/sbin/.. ; /usr/common/software/spark/1.5.1/sbin/start-slave.sh spark://nid01402:7077
nid01432: doing ssh -o StrictHostKeyChecking=no nid01432  cd /global/common/cori/software/spark/1.5.1/sbin/.. ; /usr/common/software/spark/1.5.1/sbin/start-slave.sh spark://nid01402:7077
nid01433: doing ssh -o StrictHostKeyChecking=no nid01433  cd /global/common/cori/software/spark/1.5.1/sbin/.. ; /usr/common/software/spark/1.5.1/sbin/start-slave.sh spark://nid01402:7077
nid01434: doing ssh -o StrictHostKeyChecking=no nid01434  cd /global/common/cori/software/spark/1.5.1/sbin/.. ; /usr/common/software/spark/1.5.1/sbin/start-slave.sh spark://nid01402:7077
nid01435: doing ssh -o StrictHostKeyChecking=no nid01435  cd /global/common/cori/software/spark/1.5.1/sbin/.. ; /usr/common/software/spark/1.5.1/sbin/start-slave.sh spark://nid01402:7077
nid01436: doing ssh -o StrictHostKeyChecking=no nid01436  cd /global/common/cori/software/spark/1.5.1/sbin/.. ; /usr/common/software/spark/1.5.1/sbin/start-slave.sh spark://nid01402:7077
nid01437: doing ssh -o StrictHostKeyChecking=no nid01437  cd /global/common/cori/software/spark/1.5.1/sbin/.. ; /usr/common/software/spark/1.5.1/sbin/start-slave.sh spark://nid01402:7077
nid01438: doing ssh -o StrictHostKeyChecking=no nid01438  cd /global/common/cori/software/spark/1.5.1/sbin/.. ; /usr/common/software/spark/1.5.1/sbin/start-slave.sh spark://nid01402:7077
nid01439: doing ssh -o StrictHostKeyChecking=no nid01439  cd /global/common/cori/software/spark/1.5.1/sbin/.. ; /usr/common/software/spark/1.5.1/sbin/start-slave.sh spark://nid01402:7077
nid01440: doing ssh -o StrictHostKeyChecking=no nid01440  cd /global/common/cori/software/spark/1.5.1/sbin/.. ; /usr/common/software/spark/1.5.1/sbin/start-slave.sh spark://nid01402:7077
nid01441: doing ssh -o StrictHostKeyChecking=no nid01441  cd /global/common/cori/software/spark/1.5.1/sbin/.. ; /usr/common/software/spark/1.5.1/sbin/start-slave.sh spark://nid01402:7077
nid01442: doing ssh -o StrictHostKeyChecking=no nid01442  cd /global/common/cori/software/spark/1.5.1/sbin/.. ; /usr/common/software/spark/1.5.1/sbin/start-slave.sh spark://nid01402:7077
nid01443: doing ssh -o StrictHostKeyChecking=no nid01443  cd /global/common/cori/software/spark/1.5.1/sbin/.. ; /usr/common/software/spark/1.5.1/sbin/start-slave.sh spark://nid01402:7077
nid01444: doing ssh -o StrictHostKeyChecking=no nid01444  cd /global/common/cori/software/spark/1.5.1/sbin/.. ; /usr/common/software/spark/1.5.1/sbin/start-slave.sh spark://nid01402:7077
nid01445: doing ssh -o StrictHostKeyChecking=no nid01445  cd /global/common/cori/software/spark/1.5.1/sbin/.. ; /usr/common/software/spark/1.5.1/sbin/start-slave.sh spark://nid01402:7077
nid01446: doing ssh -o StrictHostKeyChecking=no nid01446  cd /global/common/cori/software/spark/1.5.1/sbin/.. ; /usr/common/software/spark/1.5.1/sbin/start-slave.sh spark://nid01402:7077
nid01447: doing ssh -o StrictHostKeyChecking=no nid01447  cd /global/common/cori/software/spark/1.5.1/sbin/.. ; /usr/common/software/spark/1.5.1/sbin/start-slave.sh spark://nid01402:7077
nid01448: doing ssh -o StrictHostKeyChecking=no nid01448  cd /global/common/cori/software/spark/1.5.1/sbin/.. ; /usr/common/software/spark/1.5.1/sbin/start-slave.sh spark://nid01402:7077
nid01449: doing ssh -o StrictHostKeyChecking=no nid01449  cd /global/common/cori/software/spark/1.5.1/sbin/.. ; /usr/common/software/spark/1.5.1/sbin/start-slave.sh spark://nid01402:7077
nid01450: doing ssh -o StrictHostKeyChecking=no nid01450  cd /global/common/cori/software/spark/1.5.1/sbin/.. ; /usr/common/software/spark/1.5.1/sbin/start-slave.sh spark://nid01402:7077
nid01451: doing ssh -o StrictHostKeyChecking=no nid01451  cd /global/common/cori/software/spark/1.5.1/sbin/.. ; /usr/common/software/spark/1.5.1/sbin/start-slave.sh spark://nid01402:7077
nid01452: doing ssh -o StrictHostKeyChecking=no nid01452  cd /global/common/cori/software/spark/1.5.1/sbin/.. ; /usr/common/software/spark/1.5.1/sbin/start-slave.sh spark://nid01402:7077
nid01453: doing ssh -o StrictHostKeyChecking=no nid01453  cd /global/common/cori/software/spark/1.5.1/sbin/.. ; /usr/common/software/spark/1.5.1/sbin/start-slave.sh spark://nid01402:7077
nid01454: doing ssh -o StrictHostKeyChecking=no nid01454  cd /global/common/cori/software/spark/1.5.1/sbin/.. ; /usr/common/software/spark/1.5.1/sbin/start-slave.sh spark://nid01402:7077
nid01455: doing ssh -o StrictHostKeyChecking=no nid01455  cd /global/common/cori/software/spark/1.5.1/sbin/.. ; /usr/common/software/spark/1.5.1/sbin/start-slave.sh spark://nid01402:7077
nid01456: doing ssh -o StrictHostKeyChecking=no nid01456  cd /global/common/cori/software/spark/1.5.1/sbin/.. ; /usr/common/software/spark/1.5.1/sbin/start-slave.sh spark://nid01402:7077
nid01457: doing ssh -o StrictHostKeyChecking=no nid01457  cd /global/common/cori/software/spark/1.5.1/sbin/.. ; /usr/common/software/spark/1.5.1/sbin/start-slave.sh spark://nid01402:7077
nid01404: Warning: Permanently added '[nid01404]:204,[10.128.5.135]:204' (ECDSA) to the list of known hosts.
nid01404: starting org.apache.spark.deploy.worker.Worker, logging to /global/cscratch1/sd/qpzhang/spark/2255930/sparklogs/spark-qpzhang-org.apache.spark.deploy.worker.Worker-1-nid01402.out
nid01403: Warning: Permanently added '[nid01403]:204,[10.128.5.134]:204' (ECDSA) to the list of known hosts.
nid01403: starting org.apache.spark.deploy.worker.Worker, logging to /global/cscratch1/sd/qpzhang/spark/2255930/sparklogs/spark-qpzhang-org.apache.spark.deploy.worker.Worker-1-nid01402.out
nid01433: Warning: Permanently added '[nid01433]:204,[10.128.5.164]:204' (ECDSA) to the list of known hosts.
nid01433: starting org.apache.spark.deploy.worker.Worker, logging to /global/cscratch1/sd/qpzhang/spark/2255930/sparklogs/spark-qpzhang-org.apache.spark.deploy.worker.Worker-1-nid01402.out
nid01435: @@@@@@@@@@@@@@@@@@@@@@@@@@@@@@@@@@@@@@@@@@@@@@@@@@@@@@@@@@@
nid01435: @    WARNING: REMOTE HOST IDENTIFICATION HAS CHANGED!     @
nid01435: @@@@@@@@@@@@@@@@@@@@@@@@@@@@@@@@@@@@@@@@@@@@@@@@@@@@@@@@@@@
nid01435: IT IS POSSIBLE THAT SOMEONE IS DOING SOMETHING NASTY!
nid01435: Someone could be eavesdropping on you right now (man-in-the-middle attack)!
nid01435: It is also possible that a host key has just been changed.
nid01435: The fingerprint for the ECDSA key sent by the remote host is
nid01435: SHA256:LSbKzr7d456KvOqD/Amg7J2RpFvL6pBwI98C+Ziur0w.
nid01435: Please contact your system administrator.
nid01435: Add correct host key in /global/homes/q/qpzhang/.ssh/known_hosts to get rid of this message.
nid01435: Offending ECDSA key in /global/homes/q/qpzhang/.ssh/known_hosts:614
nid01435: Password authentication is disabled to avoid man-in-the-middle attacks.
nid01435: Keyboard-interactive authentication is disabled to avoid man-in-the-middle attacks.
nid01435: starting org.apache.spark.deploy.worker.Worker, logging to /global/cscratch1/sd/qpzhang/spark/2255930/sparklogs/spark-qpzhang-org.apache.spark.deploy.worker.Worker-1-nid01402.out
nid01406: @@@@@@@@@@@@@@@@@@@@@@@@@@@@@@@@@@@@@@@@@@@@@@@@@@@@@@@@@@@
nid01406: @    WARNING: REMOTE HOST IDENTIFICATION HAS CHANGED!     @
nid01406: @@@@@@@@@@@@@@@@@@@@@@@@@@@@@@@@@@@@@@@@@@@@@@@@@@@@@@@@@@@
nid01406: IT IS POSSIBLE THAT SOMEONE IS DOING SOMETHING NASTY!
nid01406: Someone could be eavesdropping on you right now (man-in-the-middle attack)!
nid01406: It is also possible that a host key has just been changed.
nid01406: The fingerprint for the ECDSA key sent by the remote host is
nid01406: SHA256:tlmkD441KpNG7ksb19MW4AOc6/xkOZt1JTOCq8MlgGY.
nid01406: Please contact your system administrator.
nid01406: Add correct host key in /global/homes/q/qpzhang/.ssh/known_hosts to get rid of this message.
nid01406: Offending ECDSA key in /global/homes/q/qpzhang/.ssh/known_hosts:710
nid01406: Password authentication is disabled to avoid man-in-the-middle attacks.
nid01406: Keyboard-interactive authentication is disabled to avoid man-in-the-middle attacks.
nid01406: starting org.apache.spark.deploy.worker.Worker, logging to /global/cscratch1/sd/qpzhang/spark/2255930/sparklogs/spark-qpzhang-org.apache.spark.deploy.worker.Worker-1-nid01402.out
nid01434: @@@@@@@@@@@@@@@@@@@@@@@@@@@@@@@@@@@@@@@@@@@@@@@@@@@@@@@@@@@
nid01434: @    WARNING: REMOTE HOST IDENTIFICATION HAS CHANGED!     @
nid01434: @@@@@@@@@@@@@@@@@@@@@@@@@@@@@@@@@@@@@@@@@@@@@@@@@@@@@@@@@@@
nid01434: IT IS POSSIBLE THAT SOMEONE IS DOING SOMETHING NASTY!
nid01434: Someone could be eavesdropping on you right now (man-in-the-middle attack)!
nid01434: It is also possible that a host key has just been changed.
nid01434: The fingerprint for the ECDSA key sent by the remote host is
nid01434: SHA256:6fSdKLKunwE6Wns3JwnbQ0vXVb2dbnABpT/EZnfQXKo.
nid01434: Please contact your system administrator.
nid01434: Add correct host key in /global/homes/q/qpzhang/.ssh/known_hosts to get rid of this message.
nid01434: Offending ECDSA key in /global/homes/q/qpzhang/.ssh/known_hosts:615
nid01434: Password authentication is disabled to avoid man-in-the-middle attacks.
nid01434: Keyboard-interactive authentication is disabled to avoid man-in-the-middle attacks.
nid01434: starting org.apache.spark.deploy.worker.Worker, logging to /global/cscratch1/sd/qpzhang/spark/2255930/sparklogs/spark-qpzhang-org.apache.spark.deploy.worker.Worker-1-nid01402.out
nid01407: @@@@@@@@@@@@@@@@@@@@@@@@@@@@@@@@@@@@@@@@@@@@@@@@@@@@@@@@@@@
nid01407: @    WARNING: REMOTE HOST IDENTIFICATION HAS CHANGED!     @
nid01407: @@@@@@@@@@@@@@@@@@@@@@@@@@@@@@@@@@@@@@@@@@@@@@@@@@@@@@@@@@@
nid01407: IT IS POSSIBLE THAT SOMEONE IS DOING SOMETHING NASTY!
nid01407: Someone could be eavesdropping on you right now (man-in-the-middle attack)!
nid01407: It is also possible that a host key has just been changed.
nid01407: The fingerprint for the ECDSA key sent by the remote host is
nid01407: SHA256:fo8ziW9FbV8RMzz2whJxKWv3ZTkJI7gu4Xol7wM/MlU.
nid01407: Please contact your system administrator.
nid01407: Add correct host key in /global/homes/q/qpzhang/.ssh/known_hosts to get rid of this message.
nid01407: Offending ECDSA key in /global/homes/q/qpzhang/.ssh/known_hosts:711
nid01407: Password authentication is disabled to avoid man-in-the-middle attacks.
nid01407: Keyboard-interactive authentication is disabled to avoid man-in-the-middle attacks.
nid01407: starting org.apache.spark.deploy.worker.Worker, logging to /global/cscratch1/sd/qpzhang/spark/2255930/sparklogs/spark-qpzhang-org.apache.spark.deploy.worker.Worker-1-nid01402.out
nid01430: Warning: Permanently added '[nid01430]:204,[10.128.5.161]:204' (ECDSA) to the list of known hosts.
nid01430: starting org.apache.spark.deploy.worker.Worker, logging to /global/cscratch1/sd/qpzhang/spark/2255930/sparklogs/spark-qpzhang-org.apache.spark.deploy.worker.Worker-1-nid01402.out
nid01405: Warning: Permanently added '[nid01405]:204,[10.128.5.136]:204' (ECDSA) to the list of known hosts.
nid01405: starting org.apache.spark.deploy.worker.Worker, logging to /global/cscratch1/sd/qpzhang/spark/2255930/sparklogs/spark-qpzhang-org.apache.spark.deploy.worker.Worker-1-nid01402.out
nid01432: Warning: Permanently added '[nid01432]:204,[10.128.5.163]:204' (ECDSA) to the list of known hosts.
nid01432: mv: cannot stat `/global/cscratch1/sd/qpzhang/spark/2255930/sparklogs/spark-qpzhang-org.apache.spark.deploy.worker.Worker-1-nid01402.out.1': No such file or directory
nid01432: mv: cannot stat `/global/cscratch1/sd/qpzhang/spark/2255930/sparklogs/spark-qpzhang-org.apache.spark.deploy.worker.Worker-1-nid01402.out': No such file or directory
nid01432: starting org.apache.spark.deploy.worker.Worker, logging to /global/cscratch1/sd/qpzhang/spark/2255930/sparklogs/spark-qpzhang-org.apache.spark.deploy.worker.Worker-1-nid01402.out
nid01436: @@@@@@@@@@@@@@@@@@@@@@@@@@@@@@@@@@@@@@@@@@@@@@@@@@@@@@@@@@@
nid01436: @    WARNING: REMOTE HOST IDENTIFICATION HAS CHANGED!     @
nid01436: @@@@@@@@@@@@@@@@@@@@@@@@@@@@@@@@@@@@@@@@@@@@@@@@@@@@@@@@@@@
nid01436: IT IS POSSIBLE THAT SOMEONE IS DOING SOMETHING NASTY!
nid01436: Someone could be eavesdropping on you right now (man-in-the-middle attack)!
nid01436: It is also possible that a host key has just been changed.
nid01436: The fingerprint for the ECDSA key sent by the remote host is
nid01436: SHA256:aCO5oEPdnBr3ebySY21xHxGdu48G8IVUBFt8mE+26Og.
nid01436: Please contact your system administrator.
nid01436: Add correct host key in /global/homes/q/qpzhang/.ssh/known_hosts to get rid of this message.
nid01436: Offending ECDSA key in /global/homes/q/qpzhang/.ssh/known_hosts:616
nid01436: Password authentication is disabled to avoid man-in-the-middle attacks.
nid01436: Keyboard-interactive authentication is disabled to avoid man-in-the-middle attacks.
nid01436: mv: cannot stat `/global/cscratch1/sd/qpzhang/spark/2255930/sparklogs/spark-qpzhang-org.apache.spark.deploy.worker.Worker-1-nid01402.out.2': No such file or directory
nid01436: mv: cannot move `/global/cscratch1/sd/qpzhang/spark/2255930/sparklogs/spark-qpzhang-org.apache.spark.deploy.worker.Worker-1-nid01402.out.1' to `/global/cscratch1/sd/qpzhang/spark/2255930/sparklogs/spark-qpzhang-org.apache.spark.deploy.worker.Worker-1-nid01402.out.2': No such file or directory
nid01436: starting org.apache.spark.deploy.worker.Worker, logging to /global/cscratch1/sd/qpzhang/spark/2255930/sparklogs/spark-qpzhang-org.apache.spark.deploy.worker.Worker-1-nid01402.out
nid01437: Warning: Permanently added '[nid01437]:204,[10.128.5.168]:204' (ECDSA) to the list of known hosts.
nid01437: mv: cannot stat `/global/cscratch1/sd/qpzhang/spark/2255930/sparklogs/spark-qpzhang-org.apache.spark.deploy.worker.Worker-1-nid01402.out.2': No such file or directory
nid01437: mv: cannot stat `/global/cscratch1/sd/qpzhang/spark/2255930/sparklogs/spark-qpzhang-org.apache.spark.deploy.worker.Worker-1-nid01402.out': No such file or directory
nid01437: starting org.apache.spark.deploy.worker.Worker, logging to /global/cscratch1/sd/qpzhang/spark/2255930/sparklogs/spark-qpzhang-org.apache.spark.deploy.worker.Worker-1-nid01402.out
nid01431: Warning: Permanently added '[nid01431]:204,[10.128.5.162]:204' (ECDSA) to the list of known hosts.
nid01431: mv: cannot stat `/global/cscratch1/sd/qpzhang/spark/2255930/sparklogs/spark-qpzhang-org.apache.spark.deploy.worker.Worker-1-nid01402.out.2': No such file or directory
nid01431: mv: cannot stat `/global/cscratch1/sd/qpzhang/spark/2255930/sparklogs/spark-qpzhang-org.apache.spark.deploy.worker.Worker-1-nid01402.out': No such file or directory
nid01431: starting org.apache.spark.deploy.worker.Worker, logging to /global/cscratch1/sd/qpzhang/spark/2255930/sparklogs/spark-qpzhang-org.apache.spark.deploy.worker.Worker-1-nid01402.out
nid01424: @@@@@@@@@@@@@@@@@@@@@@@@@@@@@@@@@@@@@@@@@@@@@@@@@@@@@@@@@@@
nid01424: @    WARNING: REMOTE HOST IDENTIFICATION HAS CHANGED!     @
nid01424: @@@@@@@@@@@@@@@@@@@@@@@@@@@@@@@@@@@@@@@@@@@@@@@@@@@@@@@@@@@
nid01424: IT IS POSSIBLE THAT SOMEONE IS DOING SOMETHING NASTY!
nid01424: Someone could be eavesdropping on you right now (man-in-the-middle attack)!
nid01424: It is also possible that a host key has just been changed.
nid01424: The fingerprint for the ECDSA key sent by the remote host is
nid01424: SHA256:1GZ4YJcmMfgE/YdXRh85G1MbyQQvzbG7kT55I6sRy28.
nid01424: Please contact your system administrator.
nid01424: Add correct host key in /global/homes/q/qpzhang/.ssh/known_hosts to get rid of this message.
nid01424: Offending ECDSA key in /global/homes/q/qpzhang/.ssh/known_hosts:712
nid01424: Password authentication is disabled to avoid man-in-the-middle attacks.
nid01424: Keyboard-interactive authentication is disabled to avoid man-in-the-middle attacks.
nid01424: mv: cannot stat `/global/cscratch1/sd/qpzhang/spark/2255930/sparklogs/spark-qpzhang-org.apache.spark.deploy.worker.Worker-1-nid01402.out': No such file or directory
nid01424: starting org.apache.spark.deploy.worker.Worker, logging to /global/cscratch1/sd/qpzhang/spark/2255930/sparklogs/spark-qpzhang-org.apache.spark.deploy.worker.Worker-1-nid01402.out
nid01426: @@@@@@@@@@@@@@@@@@@@@@@@@@@@@@@@@@@@@@@@@@@@@@@@@@@@@@@@@@@
nid01426: @    WARNING: REMOTE HOST IDENTIFICATION HAS CHANGED!     @
nid01426: @@@@@@@@@@@@@@@@@@@@@@@@@@@@@@@@@@@@@@@@@@@@@@@@@@@@@@@@@@@
nid01426: IT IS POSSIBLE THAT SOMEONE IS DOING SOMETHING NASTY!
nid01426: Someone could be eavesdropping on you right now (man-in-the-middle attack)!
nid01426: It is also possible that a host key has just been changed.
nid01426: The fingerprint for the ECDSA key sent by the remote host is
nid01426: SHA256:UCmvD5HU7t2muPOL6UI5aw7geLzIn6Wn/R1ccjDltFQ.
nid01426: Please contact your system administrator.
nid01426: Add correct host key in /global/homes/q/qpzhang/.ssh/known_hosts to get rid of this message.
nid01426: Offending ECDSA key in /global/homes/q/qpzhang/.ssh/known_hosts:714
nid01426: Password authentication is disabled to avoid man-in-the-middle attacks.
nid01426: Keyboard-interactive authentication is disabled to avoid man-in-the-middle attacks.
nid01426: mv: cannot stat `/global/cscratch1/sd/qpzhang/spark/2255930/sparklogs/spark-qpzhang-org.apache.spark.deploy.worker.Worker-1-nid01402.out.2': No such file or directory
nid01426: mv: cannot stat `/global/cscratch1/sd/qpzhang/spark/2255930/sparklogs/spark-qpzhang-org.apache.spark.deploy.worker.Worker-1-nid01402.out': No such file or directory
nid01426: starting org.apache.spark.deploy.worker.Worker, logging to /global/cscratch1/sd/qpzhang/spark/2255930/sparklogs/spark-qpzhang-org.apache.spark.deploy.worker.Worker-1-nid01402.out
nid01429: Warning: Permanently added '[nid01429]:204,[10.128.5.160]:204' (ECDSA) to the list of known hosts.
nid01429: mv: cannot stat `/global/cscratch1/sd/qpzhang/spark/2255930/sparklogs/spark-qpzhang-org.apache.spark.deploy.worker.Worker-1-nid01402.out.2': No such file or directory
nid01429: mv: cannot stat `/global/cscratch1/sd/qpzhang/spark/2255930/sparklogs/spark-qpzhang-org.apache.spark.deploy.worker.Worker-1-nid01402.out.1': No such file or directory
nid01429: mv: cannot stat `/global/cscratch1/sd/qpzhang/spark/2255930/sparklogs/spark-qpzhang-org.apache.spark.deploy.worker.Worker-1-nid01402.out': No such file or directory
nid01429: starting org.apache.spark.deploy.worker.Worker, logging to /global/cscratch1/sd/qpzhang/spark/2255930/sparklogs/spark-qpzhang-org.apache.spark.deploy.worker.Worker-1-nid01402.out
nid01438: Warning: Permanently added '[nid01438]:204,[10.128.5.169]:204' (ECDSA) to the list of known hosts.
nid01438: mv: cannot stat `/global/cscratch1/sd/qpzhang/spark/2255930/sparklogs/spark-qpzhang-org.apache.spark.deploy.worker.Worker-1-nid01402.out.1': No such file or directory
nid01438: starting org.apache.spark.deploy.worker.Worker, logging to /global/cscratch1/sd/qpzhang/spark/2255930/sparklogs/spark-qpzhang-org.apache.spark.deploy.worker.Worker-1-nid01402.out
nid01451: Warning: Permanently added '[nid01451]:204,[10.128.5.182]:204' (ECDSA) to the list of known hosts.
nid01451: starting org.apache.spark.deploy.worker.Worker, logging to /global/cscratch1/sd/qpzhang/spark/2255930/sparklogs/spark-qpzhang-org.apache.spark.deploy.worker.Worker-1-nid01402.out
nid01425: @@@@@@@@@@@@@@@@@@@@@@@@@@@@@@@@@@@@@@@@@@@@@@@@@@@@@@@@@@@
nid01425: @    WARNING: REMOTE HOST IDENTIFICATION HAS CHANGED!     @
nid01425: @@@@@@@@@@@@@@@@@@@@@@@@@@@@@@@@@@@@@@@@@@@@@@@@@@@@@@@@@@@
nid01425: IT IS POSSIBLE THAT SOMEONE IS DOING SOMETHING NASTY!
nid01425: Someone could be eavesdropping on you right now (man-in-the-middle attack)!
nid01425: It is also possible that a host key has just been changed.
nid01425: The fingerprint for the ECDSA key sent by the remote host is
nid01425: SHA256:z+mzux9UcBY2CmM84UmZhQ70qzhjAJKHgiQYGH+5KEI.
nid01425: Please contact your system administrator.
nid01425: Add correct host key in /global/homes/q/qpzhang/.ssh/known_hosts to get rid of this message.
nid01425: Offending ECDSA key in /global/homes/q/qpzhang/.ssh/known_hosts:713
nid01425: Password authentication is disabled to avoid man-in-the-middle attacks.
nid01425: Keyboard-interactive authentication is disabled to avoid man-in-the-middle attacks.
nid01425: mv: cannot stat `/global/cscratch1/sd/qpzhang/spark/2255930/sparklogs/spark-qpzhang-org.apache.spark.deploy.worker.Worker-1-nid01402.out.2': No such file or directory
nid01425: mv: cannot stat `/global/cscratch1/sd/qpzhang/spark/2255930/sparklogs/spark-qpzhang-org.apache.spark.deploy.worker.Worker-1-nid01402.out.1': No such file or directory
nid01425: mv: cannot move `/global/cscratch1/sd/qpzhang/spark/2255930/sparklogs/spark-qpzhang-org.apache.spark.deploy.worker.Worker-1-nid01402.out' to `/global/cscratch1/sd/qpzhang/spark/2255930/sparklogs/spark-qpzhang-org.apache.spark.deploy.worker.Worker-1-nid01402.out.1': No such file or directory
nid01425: starting org.apache.spark.deploy.worker.Worker, logging to /global/cscratch1/sd/qpzhang/spark/2255930/sparklogs/spark-qpzhang-org.apache.spark.deploy.worker.Worker-1-nid01402.out
nid01427: Warning: Permanently added '[nid01427]:204,[10.128.5.158]:204' (ECDSA) to the list of known hosts.
nid01427: mv: cannot stat `/global/cscratch1/sd/qpzhang/spark/2255930/sparklogs/spark-qpzhang-org.apache.spark.deploy.worker.Worker-1-nid01402.out.1': No such file or directory
nid01427: mv: cannot move `/global/cscratch1/sd/qpzhang/spark/2255930/sparklogs/spark-qpzhang-org.apache.spark.deploy.worker.Worker-1-nid01402.out' to `/global/cscratch1/sd/qpzhang/spark/2255930/sparklogs/spark-qpzhang-org.apache.spark.deploy.worker.Worker-1-nid01402.out.1': No such file or directory
nid01427: starting org.apache.spark.deploy.worker.Worker, logging to /global/cscratch1/sd/qpzhang/spark/2255930/sparklogs/spark-qpzhang-org.apache.spark.deploy.worker.Worker-1-nid01402.out
nid01428: Warning: Permanently added '[nid01428]:204,[10.128.5.159]:204' (ECDSA) to the list of known hosts.
nid01428: mv: cannot move `/global/cscratch1/sd/qpzhang/spark/2255930/sparklogs/spark-qpzhang-org.apache.spark.deploy.worker.Worker-1-nid01402.out' to `/global/cscratch1/sd/qpzhang/spark/2255930/sparklogs/spark-qpzhang-org.apache.spark.deploy.worker.Worker-1-nid01402.out.1': No such file or directory
nid01428: starting org.apache.spark.deploy.worker.Worker, logging to /global/cscratch1/sd/qpzhang/spark/2255930/sparklogs/spark-qpzhang-org.apache.spark.deploy.worker.Worker-1-nid01402.out
nid01441: Warning: Permanently added '[nid01441]:204,[10.128.5.172]:204' (ECDSA) to the list of known hosts.
nid01441: starting org.apache.spark.deploy.worker.Worker, logging to /global/cscratch1/sd/qpzhang/spark/2255930/sparklogs/spark-qpzhang-org.apache.spark.deploy.worker.Worker-1-nid01402.out
nid01449: Warning: Permanently added '[nid01449]:204,[10.128.5.180]:204' (ECDSA) to the list of known hosts.
nid01449: starting org.apache.spark.deploy.worker.Worker, logging to /global/cscratch1/sd/qpzhang/spark/2255930/sparklogs/spark-qpzhang-org.apache.spark.deploy.worker.Worker-1-nid01402.out
nid01450: Warning: Permanently added '[nid01450]:204,[10.128.5.181]:204' (ECDSA) to the list of known hosts.
nid01450: starting org.apache.spark.deploy.worker.Worker, logging to /global/cscratch1/sd/qpzhang/spark/2255930/sparklogs/spark-qpzhang-org.apache.spark.deploy.worker.Worker-1-nid01402.out
nid01446: Warning: Permanently added '[nid01446]:204,[10.128.5.177]:204' (ECDSA) to the list of known hosts.
nid01446: starting org.apache.spark.deploy.worker.Worker, logging to /global/cscratch1/sd/qpzhang/spark/2255930/sparklogs/spark-qpzhang-org.apache.spark.deploy.worker.Worker-1-nid01402.out
nid01443: Warning: Permanently added '[nid01443]:204,[10.128.5.174]:204' (ECDSA) to the list of known hosts.
nid01443: starting org.apache.spark.deploy.worker.Worker, logging to /global/cscratch1/sd/qpzhang/spark/2255930/sparklogs/spark-qpzhang-org.apache.spark.deploy.worker.Worker-1-nid01402.out
nid01455: Warning: Permanently added '[nid01455]:204,[10.128.5.186]:204' (ECDSA) to the list of known hosts.
nid01455: starting org.apache.spark.deploy.worker.Worker, logging to /global/cscratch1/sd/qpzhang/spark/2255930/sparklogs/spark-qpzhang-org.apache.spark.deploy.worker.Worker-1-nid01402.out
nid01453: Warning: Permanently added '[nid01453]:204,[10.128.5.184]:204' (ECDSA) to the list of known hosts.
nid01453: starting org.apache.spark.deploy.worker.Worker, logging to /global/cscratch1/sd/qpzhang/spark/2255930/sparklogs/spark-qpzhang-org.apache.spark.deploy.worker.Worker-1-nid01402.out
nid01447: @@@@@@@@@@@@@@@@@@@@@@@@@@@@@@@@@@@@@@@@@@@@@@@@@@@@@@@@@@@
nid01447: @    WARNING: REMOTE HOST IDENTIFICATION HAS CHANGED!     @
nid01447: @@@@@@@@@@@@@@@@@@@@@@@@@@@@@@@@@@@@@@@@@@@@@@@@@@@@@@@@@@@
nid01447: IT IS POSSIBLE THAT SOMEONE IS DOING SOMETHING NASTY!
nid01447: Someone could be eavesdropping on you right now (man-in-the-middle attack)!
nid01447: It is also possible that a host key has just been changed.
nid01447: The fingerprint for the ECDSA key sent by the remote host is
nid01447: SHA256:j82/pxosdNxGAKdb0UaWVOiYWX8UxOVkT7/difQUEMU.
nid01447: Please contact your system administrator.
nid01447: Add correct host key in /global/homes/q/qpzhang/.ssh/known_hosts to get rid of this message.
nid01447: Offending ECDSA key in /global/homes/q/qpzhang/.ssh/known_hosts:474
nid01447: Password authentication is disabled to avoid man-in-the-middle attacks.
nid01447: Keyboard-interactive authentication is disabled to avoid man-in-the-middle attacks.
nid01447: starting org.apache.spark.deploy.worker.Worker, logging to /global/cscratch1/sd/qpzhang/spark/2255930/sparklogs/spark-qpzhang-org.apache.spark.deploy.worker.Worker-1-nid01402.out
nid01439: Warning: Permanently added '[nid01439]:204,[10.128.5.170]:204' (ECDSA) to the list of known hosts.
nid01439: mv: cannot stat `/global/cscratch1/sd/qpzhang/spark/2255930/sparklogs/spark-qpzhang-org.apache.spark.deploy.worker.Worker-1-nid01402.out.4': No such file or directory
nid01439: mv: cannot stat `/global/cscratch1/sd/qpzhang/spark/2255930/sparklogs/spark-qpzhang-org.apache.spark.deploy.worker.Worker-1-nid01402.out.3': No such file or directory
nid01439: mv: cannot stat `/global/cscratch1/sd/qpzhang/spark/2255930/sparklogs/spark-qpzhang-org.apache.spark.deploy.worker.Worker-1-nid01402.out.2': No such file or directory
nid01439: mv: cannot stat `/global/cscratch1/sd/qpzhang/spark/2255930/sparklogs/spark-qpzhang-org.apache.spark.deploy.worker.Worker-1-nid01402.out.1': No such file or directory
nid01439: mv: cannot stat `/global/cscratch1/sd/qpzhang/spark/2255930/sparklogs/spark-qpzhang-org.apache.spark.deploy.worker.Worker-1-nid01402.out': No such file or directory
nid01439: starting org.apache.spark.deploy.worker.Worker, logging to /global/cscratch1/sd/qpzhang/spark/2255930/sparklogs/spark-qpzhang-org.apache.spark.deploy.worker.Worker-1-nid01402.out
nid01440: Warning: Permanently added '[nid01440]:204,[10.128.5.171]:204' (ECDSA) to the list of known hosts.
nid01440: starting org.apache.spark.deploy.worker.Worker, logging to /global/cscratch1/sd/qpzhang/spark/2255930/sparklogs/spark-qpzhang-org.apache.spark.deploy.worker.Worker-1-nid01402.out
nid01448: Warning: Permanently added '[nid01448]:204,[10.128.5.179]:204' (ECDSA) to the list of known hosts.
nid01448: mv: cannot stat `/global/cscratch1/sd/qpzhang/spark/2255930/sparklogs/spark-qpzhang-org.apache.spark.deploy.worker.Worker-1-nid01402.out.1': No such file or directory
nid01448: starting org.apache.spark.deploy.worker.Worker, logging to /global/cscratch1/sd/qpzhang/spark/2255930/sparklogs/spark-qpzhang-org.apache.spark.deploy.worker.Worker-1-nid01402.out
nid01444: Warning: Permanently added '[nid01444]:204,[10.128.5.175]:204' (ECDSA) to the list of known hosts.
nid01444: mv: cannot move `/global/cscratch1/sd/qpzhang/spark/2255930/sparklogs/spark-qpzhang-org.apache.spark.deploy.worker.Worker-1-nid01402.out.3' to `/global/cscratch1/sd/qpzhang/spark/2255930/sparklogs/spark-qpzhang-org.apache.spark.deploy.worker.Worker-1-nid01402.out.4': No such file or directory
nid01444: starting org.apache.spark.deploy.worker.Worker, logging to /global/cscratch1/sd/qpzhang/spark/2255930/sparklogs/spark-qpzhang-org.apache.spark.deploy.worker.Worker-1-nid01402.out
nid01452: Warning: Permanently added '[nid01452]:204,[10.128.5.183]:204' (ECDSA) to the list of known hosts.
nid01452: mv: cannot move `/global/cscratch1/sd/qpzhang/spark/2255930/sparklogs/spark-qpzhang-org.apache.spark.deploy.worker.Worker-1-nid01402.out.4' to `/global/cscratch1/sd/qpzhang/spark/2255930/sparklogs/spark-qpzhang-org.apache.spark.deploy.worker.Worker-1-nid01402.out.5': No such file or directory
nid01452: mv: cannot stat `/global/cscratch1/sd/qpzhang/spark/2255930/sparklogs/spark-qpzhang-org.apache.spark.deploy.worker.Worker-1-nid01402.out.2': No such file or directory
nid01452: mv: cannot stat `/global/cscratch1/sd/qpzhang/spark/2255930/sparklogs/spark-qpzhang-org.apache.spark.deploy.worker.Worker-1-nid01402.out.1': No such file or directory
nid01452: mv: cannot stat `/global/cscratch1/sd/qpzhang/spark/2255930/sparklogs/spark-qpzhang-org.apache.spark.deploy.worker.Worker-1-nid01402.out': No such file or directory
nid01452: starting org.apache.spark.deploy.worker.Worker, logging to /global/cscratch1/sd/qpzhang/spark/2255930/sparklogs/spark-qpzhang-org.apache.spark.deploy.worker.Worker-1-nid01402.out
nid01442: Warning: Permanently added '[nid01442]:204,[10.128.5.173]:204' (ECDSA) to the list of known hosts.
nid01442: mv: cannot stat `/global/cscratch1/sd/qpzhang/spark/2255930/sparklogs/spark-qpzhang-org.apache.spark.deploy.worker.Worker-1-nid01402.out.4': No such file or directory
nid01442: mv: cannot stat `/global/cscratch1/sd/qpzhang/spark/2255930/sparklogs/spark-qpzhang-org.apache.spark.deploy.worker.Worker-1-nid01402.out.3': No such file or directory
nid01442: mv: cannot stat `/global/cscratch1/sd/qpzhang/spark/2255930/sparklogs/spark-qpzhang-org.apache.spark.deploy.worker.Worker-1-nid01402.out.2': No such file or directory
nid01442: mv: cannot stat `/global/cscratch1/sd/qpzhang/spark/2255930/sparklogs/spark-qpzhang-org.apache.spark.deploy.worker.Worker-1-nid01402.out.1': No such file or directory
nid01442: mv: cannot stat `/global/cscratch1/sd/qpzhang/spark/2255930/sparklogs/spark-qpzhang-org.apache.spark.deploy.worker.Worker-1-nid01402.out': No such file or directory
nid01442: starting org.apache.spark.deploy.worker.Worker, logging to /global/cscratch1/sd/qpzhang/spark/2255930/sparklogs/spark-qpzhang-org.apache.spark.deploy.worker.Worker-1-nid01402.out
nid01445: Warning: Permanently added '[nid01445]:204,[10.128.5.176]:204' (ECDSA) to the list of known hosts.
nid01445: mv: cannot stat `/global/cscratch1/sd/qpzhang/spark/2255930/sparklogs/spark-qpzhang-org.apache.spark.deploy.worker.Worker-1-nid01402.out.3': No such file or directory
nid01445: mv: cannot stat `/global/cscratch1/sd/qpzhang/spark/2255930/sparklogs/spark-qpzhang-org.apache.spark.deploy.worker.Worker-1-nid01402.out.2': No such file or directory
nid01445: starting org.apache.spark.deploy.worker.Worker, logging to /global/cscratch1/sd/qpzhang/spark/2255930/sparklogs/spark-qpzhang-org.apache.spark.deploy.worker.Worker-1-nid01402.out
nid01454: Warning: Permanently added '[nid01454]:204,[10.128.5.185]:204' (ECDSA) to the list of known hosts.
nid01454: starting org.apache.spark.deploy.worker.Worker, logging to /global/cscratch1/sd/qpzhang/spark/2255930/sparklogs/spark-qpzhang-org.apache.spark.deploy.worker.Worker-1-nid01402.out
nid01456: Warning: Permanently added '[nid01456]:204,[10.128.5.187]:204' (ECDSA) to the list of known hosts.
nid01456: starting org.apache.spark.deploy.worker.Worker, logging to /global/cscratch1/sd/qpzhang/spark/2255930/sparklogs/spark-qpzhang-org.apache.spark.deploy.worker.Worker-1-nid01402.out
nid01457: Warning: Permanently added '[nid01457]:204,[10.128.5.188]:204' (ECDSA) to the list of known hosts.
nid01457: mv: cannot stat `/global/cscratch1/sd/qpzhang/spark/2255930/sparklogs/spark-qpzhang-org.apache.spark.deploy.worker.Worker-1-nid01402.out.4': No such file or directory
nid01457: mv: cannot stat `/global/cscratch1/sd/qpzhang/spark/2255930/sparklogs/spark-qpzhang-org.apache.spark.deploy.worker.Worker-1-nid01402.out.3': No such file or directory
nid01457: mv: cannot stat `/global/cscratch1/sd/qpzhang/spark/2255930/sparklogs/spark-qpzhang-org.apache.spark.deploy.worker.Worker-1-nid01402.out.2': No such file or directory
nid01457: mv: cannot stat `/global/cscratch1/sd/qpzhang/spark/2255930/sparklogs/spark-qpzhang-org.apache.spark.deploy.worker.Worker-1-nid01402.out.1': No such file or directory
nid01457: mv: cannot stat `/global/cscratch1/sd/qpzhang/spark/2255930/sparklogs/spark-qpzhang-org.apache.spark.deploy.worker.Worker-1-nid01402.out': No such file or directory
nid01457: starting org.apache.spark.deploy.worker.Worker, logging to /global/cscratch1/sd/qpzhang/spark/2255930/sparklogs/spark-qpzhang-org.apache.spark.deploy.worker.Worker-1-nid01402.out
nid01463: doing ssh -o StrictHostKeyChecking=no nid01463  cd /global/common/cori/software/spark/1.5.1/sbin/.. ; /usr/common/software/spark/1.5.1/sbin/stop-slave.sh
nid01464: doing ssh -o StrictHostKeyChecking=no nid01464  cd /global/common/cori/software/spark/1.5.1/sbin/.. ; /usr/common/software/spark/1.5.1/sbin/stop-slave.sh
nid01465: doing ssh -o StrictHostKeyChecking=no nid01465  cd /global/common/cori/software/spark/1.5.1/sbin/.. ; /usr/common/software/spark/1.5.1/sbin/stop-slave.sh
nid01466: doing ssh -o StrictHostKeyChecking=no nid01466  cd /global/common/cori/software/spark/1.5.1/sbin/.. ; /usr/common/software/spark/1.5.1/sbin/stop-slave.sh
nid01467: doing ssh -o StrictHostKeyChecking=no nid01467  cd /global/common/cori/software/spark/1.5.1/sbin/.. ; /usr/common/software/spark/1.5.1/sbin/stop-slave.sh
nid01468: doing ssh -o StrictHostKeyChecking=no nid01468  cd /global/common/cori/software/spark/1.5.1/sbin/.. ; /usr/common/software/spark/1.5.1/sbin/stop-slave.sh
nid01469: doing ssh -o StrictHostKeyChecking=no nid01469  cd /global/common/cori/software/spark/1.5.1/sbin/.. ; /usr/common/software/spark/1.5.1/sbin/stop-slave.sh
nid01470: doing ssh -o StrictHostKeyChecking=no nid01470  cd /global/common/cori/software/spark/1.5.1/sbin/.. ; /usr/common/software/spark/1.5.1/sbin/stop-slave.sh
nid01471: doing ssh -o StrictHostKeyChecking=no nid01471  cd /global/common/cori/software/spark/1.5.1/sbin/.. ; /usr/common/software/spark/1.5.1/sbin/stop-slave.sh
nid01488: doing ssh -o StrictHostKeyChecking=no nid01488  cd /global/common/cori/software/spark/1.5.1/sbin/.. ; /usr/common/software/spark/1.5.1/sbin/stop-slave.sh
nid01489: doing ssh -o StrictHostKeyChecking=no nid01489  cd /global/common/cori/software/spark/1.5.1/sbin/.. ; /usr/common/software/spark/1.5.1/sbin/stop-slave.sh
nid01490: doing ssh -o StrictHostKeyChecking=no nid01490  cd /global/common/cori/software/spark/1.5.1/sbin/.. ; /usr/common/software/spark/1.5.1/sbin/stop-slave.sh
nid01491: doing ssh -o StrictHostKeyChecking=no nid01491  cd /global/common/cori/software/spark/1.5.1/sbin/.. ; /usr/common/software/spark/1.5.1/sbin/stop-slave.sh
nid01492: doing ssh -o StrictHostKeyChecking=no nid01492  cd /global/common/cori/software/spark/1.5.1/sbin/.. ; /usr/common/software/spark/1.5.1/sbin/stop-slave.sh
nid01493: doing ssh -o StrictHostKeyChecking=no nid01493  cd /global/common/cori/software/spark/1.5.1/sbin/.. ; /usr/common/software/spark/1.5.1/sbin/stop-slave.sh
nid01494: doing ssh -o StrictHostKeyChecking=no nid01494  cd /global/common/cori/software/spark/1.5.1/sbin/.. ; /usr/common/software/spark/1.5.1/sbin/stop-slave.sh
nid01495: doing ssh -o StrictHostKeyChecking=no nid01495  cd /global/common/cori/software/spark/1.5.1/sbin/.. ; /usr/common/software/spark/1.5.1/sbin/stop-slave.sh
nid01496: doing ssh -o StrictHostKeyChecking=no nid01496  cd /global/common/cori/software/spark/1.5.1/sbin/.. ; /usr/common/software/spark/1.5.1/sbin/stop-slave.sh
nid01497: doing ssh -o StrictHostKeyChecking=no nid01497  cd /global/common/cori/software/spark/1.5.1/sbin/.. ; /usr/common/software/spark/1.5.1/sbin/stop-slave.sh
nid01498: doing ssh -o StrictHostKeyChecking=no nid01498  cd /global/common/cori/software/spark/1.5.1/sbin/.. ; /usr/common/software/spark/1.5.1/sbin/stop-slave.sh
nid01499: doing ssh -o StrictHostKeyChecking=no nid01499  cd /global/common/cori/software/spark/1.5.1/sbin/.. ; /usr/common/software/spark/1.5.1/sbin/stop-slave.sh
nid01500: doing ssh -o StrictHostKeyChecking=no nid01500  cd /global/common/cori/software/spark/1.5.1/sbin/.. ; /usr/common/software/spark/1.5.1/sbin/stop-slave.sh
nid01501: doing ssh -o StrictHostKeyChecking=no nid01501  cd /global/common/cori/software/spark/1.5.1/sbin/.. ; /usr/common/software/spark/1.5.1/sbin/stop-slave.sh
nid01502: doing ssh -o StrictHostKeyChecking=no nid01502  cd /global/common/cori/software/spark/1.5.1/sbin/.. ; /usr/common/software/spark/1.5.1/sbin/stop-slave.sh
nid01503: doing ssh -o StrictHostKeyChecking=no nid01503  cd /global/common/cori/software/spark/1.5.1/sbin/.. ; /usr/common/software/spark/1.5.1/sbin/stop-slave.sh
nid01504: doing ssh -o StrictHostKeyChecking=no nid01504  cd /global/common/cori/software/spark/1.5.1/sbin/.. ; /usr/common/software/spark/1.5.1/sbin/stop-slave.sh
nid01505: doing ssh -o StrictHostKeyChecking=no nid01505  cd /global/common/cori/software/spark/1.5.1/sbin/.. ; /usr/common/software/spark/1.5.1/sbin/stop-slave.sh
nid01506: doing ssh -o StrictHostKeyChecking=no nid01506  cd /global/common/cori/software/spark/1.5.1/sbin/.. ; /usr/common/software/spark/1.5.1/sbin/stop-slave.sh
nid01507: doing ssh -o StrictHostKeyChecking=no nid01507  cd /global/common/cori/software/spark/1.5.1/sbin/.. ; /usr/common/software/spark/1.5.1/sbin/stop-slave.sh
nid01508: doing ssh -o StrictHostKeyChecking=no nid01508  cd /global/common/cori/software/spark/1.5.1/sbin/.. ; /usr/common/software/spark/1.5.1/sbin/stop-slave.sh
nid01509: doing ssh -o StrictHostKeyChecking=no nid01509  cd /global/common/cori/software/spark/1.5.1/sbin/.. ; /usr/common/software/spark/1.5.1/sbin/stop-slave.sh
nid01510: doing ssh -o StrictHostKeyChecking=no nid01510  cd /global/common/cori/software/spark/1.5.1/sbin/.. ; /usr/common/software/spark/1.5.1/sbin/stop-slave.sh
nid01511: doing ssh -o StrictHostKeyChecking=no nid01511  cd /global/common/cori/software/spark/1.5.1/sbin/.. ; /usr/common/software/spark/1.5.1/sbin/stop-slave.sh
nid01512: doing ssh -o StrictHostKeyChecking=no nid01512  cd /global/common/cori/software/spark/1.5.1/sbin/.. ; /usr/common/software/spark/1.5.1/sbin/stop-slave.sh
nid01513: doing ssh -o StrictHostKeyChecking=no nid01513  cd /global/common/cori/software/spark/1.5.1/sbin/.. ; /usr/common/software/spark/1.5.1/sbin/stop-slave.sh
nid01514: doing ssh -o StrictHostKeyChecking=no nid01514  cd /global/common/cori/software/spark/1.5.1/sbin/.. ; /usr/common/software/spark/1.5.1/sbin/stop-slave.sh
nid01515: doing ssh -o StrictHostKeyChecking=no nid01515  cd /global/common/cori/software/spark/1.5.1/sbin/.. ; /usr/common/software/spark/1.5.1/sbin/stop-slave.sh
nid01516: doing ssh -o StrictHostKeyChecking=no nid01516  cd /global/common/cori/software/spark/1.5.1/sbin/.. ; /usr/common/software/spark/1.5.1/sbin/stop-slave.sh
nid01517: doing ssh -o StrictHostKeyChecking=no nid01517  cd /global/common/cori/software/spark/1.5.1/sbin/.. ; /usr/common/software/spark/1.5.1/sbin/stop-slave.sh
nid01466: stopping org.apache.spark.deploy.worker.Worker
nid01465: stopping org.apache.spark.deploy.worker.Worker
nid01467: stopping org.apache.spark.deploy.worker.Worker
nid01469: stopping org.apache.spark.deploy.worker.Worker
nid01468: stopping org.apache.spark.deploy.worker.Worker
nid01470: stopping org.apache.spark.deploy.worker.Worker
nid01464: stopping org.apache.spark.deploy.worker.Worker
nid01471: stopping org.apache.spark.deploy.worker.Worker
nid01490: stopping org.apache.spark.deploy.worker.Worker
nid01489: stopping org.apache.spark.deploy.worker.Worker
nid01493: stopping org.apache.spark.deploy.worker.Worker
nid01491: stopping org.apache.spark.deploy.worker.Worker
nid01492: stopping org.apache.spark.deploy.worker.Worker
nid01488: stopping org.apache.spark.deploy.worker.Worker
nid01463: stopping org.apache.spark.deploy.worker.Worker
nid01495: @@@@@@@@@@@@@@@@@@@@@@@@@@@@@@@@@@@@@@@@@@@@@@@@@@@@@@@@@@@
nid01495: @    WARNING: REMOTE HOST IDENTIFICATION HAS CHANGED!     @
nid01495: @@@@@@@@@@@@@@@@@@@@@@@@@@@@@@@@@@@@@@@@@@@@@@@@@@@@@@@@@@@
nid01495: IT IS POSSIBLE THAT SOMEONE IS DOING SOMETHING NASTY!
nid01495: Someone could be eavesdropping on you right now (man-in-the-middle attack)!
nid01495: It is also possible that a host key has just been changed.
nid01495: The fingerprint for the ECDSA key sent by the remote host is
nid01495: SHA256:7O58lCcsT8Q8Fl1+cBqpluMlFwfc6+DIgzGx4a1Ur4w.
nid01495: Please contact your system administrator.
nid01495: Add correct host key in /global/homes/q/qpzhang/.ssh/known_hosts to get rid of this message.
nid01495: Offending ECDSA key in /global/homes/q/qpzhang/.ssh/known_hosts:532
nid01495: Password authentication is disabled to avoid man-in-the-middle attacks.
nid01495: Keyboard-interactive authentication is disabled to avoid man-in-the-middle attacks.
nid01495: stopping org.apache.spark.deploy.worker.Worker
nid01494: stopping org.apache.spark.deploy.worker.Worker
nid01505: stopping org.apache.spark.deploy.worker.Worker
nid01498: stopping org.apache.spark.deploy.worker.Worker
nid01507: @@@@@@@@@@@@@@@@@@@@@@@@@@@@@@@@@@@@@@@@@@@@@@@@@@@@@@@@@@@
nid01507: @    WARNING: REMOTE HOST IDENTIFICATION HAS CHANGED!     @
nid01507: @@@@@@@@@@@@@@@@@@@@@@@@@@@@@@@@@@@@@@@@@@@@@@@@@@@@@@@@@@@
nid01507: IT IS POSSIBLE THAT SOMEONE IS DOING SOMETHING NASTY!
nid01507: Someone could be eavesdropping on you right now (man-in-the-middle attack)!
nid01507: It is also possible that a host key has just been changed.
nid01507: The fingerprint for the ECDSA key sent by the remote host is
nid01507: SHA256:FNta3g7n9FMQ5i4TmSmPMc6FGRn3oOzEL459xbDwDQs.
nid01507: Please contact your system administrator.
nid01507: Add correct host key in /global/homes/q/qpzhang/.ssh/known_hosts to get rid of this message.
nid01507: Offending ECDSA key in /global/homes/q/qpzhang/.ssh/known_hosts:810
nid01507: Password authentication is disabled to avoid man-in-the-middle attacks.
nid01507: Keyboard-interactive authentication is disabled to avoid man-in-the-middle attacks.
nid01507: stopping org.apache.spark.deploy.worker.Worker
nid01496: @@@@@@@@@@@@@@@@@@@@@@@@@@@@@@@@@@@@@@@@@@@@@@@@@@@@@@@@@@@
nid01496: @    WARNING: REMOTE HOST IDENTIFICATION HAS CHANGED!     @
nid01496: @@@@@@@@@@@@@@@@@@@@@@@@@@@@@@@@@@@@@@@@@@@@@@@@@@@@@@@@@@@
nid01496: IT IS POSSIBLE THAT SOMEONE IS DOING SOMETHING NASTY!
nid01496: Someone could be eavesdropping on you right now (man-in-the-middle attack)!
nid01496: It is also possible that a host key has just been changed.
nid01496: The fingerprint for the ECDSA key sent by the remote host is
nid01496: SHA256:vjgbtYVNubXvdu2mD0pGQMZxEf09vjJl4lchLEJqPog.
nid01496: Please contact your system administrator.
nid01496: Add correct host key in /global/homes/q/qpzhang/.ssh/known_hosts to get rid of this message.
nid01496: Offending ECDSA key in /global/homes/q/qpzhang/.ssh/known_hosts:426
nid01496: Password authentication is disabled to avoid man-in-the-middle attacks.
nid01496: Keyboard-interactive authentication is disabled to avoid man-in-the-middle attacks.
nid01496: stopping org.apache.spark.deploy.worker.Worker
nid01497: stopping org.apache.spark.deploy.worker.Worker
nid01506: @@@@@@@@@@@@@@@@@@@@@@@@@@@@@@@@@@@@@@@@@@@@@@@@@@@@@@@@@@@
nid01506: @    WARNING: REMOTE HOST IDENTIFICATION HAS CHANGED!     @
nid01506: @@@@@@@@@@@@@@@@@@@@@@@@@@@@@@@@@@@@@@@@@@@@@@@@@@@@@@@@@@@
nid01506: IT IS POSSIBLE THAT SOMEONE IS DOING SOMETHING NASTY!
nid01506: Someone could be eavesdropping on you right now (man-in-the-middle attack)!
nid01506: It is also possible that a host key has just been changed.
nid01506: The fingerprint for the ECDSA key sent by the remote host is
nid01506: SHA256:I2wi7m68/MERcEHPSpcf0ywOIdMYBi6PLazaubvwY+U.
nid01506: Please contact your system administrator.
nid01506: Add correct host key in /global/homes/q/qpzhang/.ssh/known_hosts to get rid of this message.
nid01506: Offending ECDSA key in /global/homes/q/qpzhang/.ssh/known_hosts:812
nid01506: Password authentication is disabled to avoid man-in-the-middle attacks.
nid01506: Keyboard-interactive authentication is disabled to avoid man-in-the-middle attacks.
nid01506: stopping org.apache.spark.deploy.worker.Worker
nid01499: stopping org.apache.spark.deploy.worker.Worker
nid01504: stopping org.apache.spark.deploy.worker.Worker
nid01501: stopping org.apache.spark.deploy.worker.Worker
nid01509: @@@@@@@@@@@@@@@@@@@@@@@@@@@@@@@@@@@@@@@@@@@@@@@@@@@@@@@@@@@
nid01509: @    WARNING: REMOTE HOST IDENTIFICATION HAS CHANGED!     @
nid01509: @@@@@@@@@@@@@@@@@@@@@@@@@@@@@@@@@@@@@@@@@@@@@@@@@@@@@@@@@@@
nid01509: IT IS POSSIBLE THAT SOMEONE IS DOING SOMETHING NASTY!
nid01509: Someone could be eavesdropping on you right now (man-in-the-middle attack)!
nid01509: It is also possible that a host key has just been changed.
nid01509: The fingerprint for the ECDSA key sent by the remote host is
nid01509: SHA256:qj+xOkKPoYcrl/GtqvSsFtL/Xp8Bh7H9zBuu3nOJOPE.
nid01509: Please contact your system administrator.
nid01509: Add correct host key in /global/homes/q/qpzhang/.ssh/known_hosts to get rid of this message.
nid01509: Offending ECDSA key in /global/homes/q/qpzhang/.ssh/known_hosts:842
nid01509: Password authentication is disabled to avoid man-in-the-middle attacks.
nid01509: Keyboard-interactive authentication is disabled to avoid man-in-the-middle attacks.
nid01509: stopping org.apache.spark.deploy.worker.Worker
nid01508: @@@@@@@@@@@@@@@@@@@@@@@@@@@@@@@@@@@@@@@@@@@@@@@@@@@@@@@@@@@
nid01508: @    WARNING: REMOTE HOST IDENTIFICATION HAS CHANGED!     @
nid01508: @@@@@@@@@@@@@@@@@@@@@@@@@@@@@@@@@@@@@@@@@@@@@@@@@@@@@@@@@@@
nid01508: IT IS POSSIBLE THAT SOMEONE IS DOING SOMETHING NASTY!
nid01508: Someone could be eavesdropping on you right now (man-in-the-middle attack)!
nid01508: It is also possible that a host key has just been changed.
nid01508: The fingerprint for the ECDSA key sent by the remote host is
nid01508: SHA256:GNCm7Xq0Z9jCz5q9tE+uZ99XxAW+beKhzbYxMUfFVbI.
nid01508: Please contact your system administrator.
nid01508: Add correct host key in /global/homes/q/qpzhang/.ssh/known_hosts to get rid of this message.
nid01508: Offending ECDSA key in /global/homes/q/qpzhang/.ssh/known_hosts:428
nid01508: Password authentication is disabled to avoid man-in-the-middle attacks.
nid01508: Keyboard-interactive authentication is disabled to avoid man-in-the-middle attacks.
nid01508: stopping org.apache.spark.deploy.worker.Worker
nid01510: @@@@@@@@@@@@@@@@@@@@@@@@@@@@@@@@@@@@@@@@@@@@@@@@@@@@@@@@@@@
nid01510: @    WARNING: REMOTE HOST IDENTIFICATION HAS CHANGED!     @
nid01510: @@@@@@@@@@@@@@@@@@@@@@@@@@@@@@@@@@@@@@@@@@@@@@@@@@@@@@@@@@@
nid01510: IT IS POSSIBLE THAT SOMEONE IS DOING SOMETHING NASTY!
nid01510: Someone could be eavesdropping on you right now (man-in-the-middle attack)!
nid01510: It is also possible that a host key has just been changed.
nid01510: The fingerprint for the ECDSA key sent by the remote host is
nid01510: SHA256:fe//sbBd3WpR2GAa57avJHNwGs2+NxaC4SQZbpj5N7c.
nid01510: Please contact your system administrator.
nid01510: Add correct host key in /global/homes/q/qpzhang/.ssh/known_hosts to get rid of this message.
nid01510: Offending ECDSA key in /global/homes/q/qpzhang/.ssh/known_hosts:843
nid01510: Password authentication is disabled to avoid man-in-the-middle attacks.
nid01510: Keyboard-interactive authentication is disabled to avoid man-in-the-middle attacks.
nid01510: stopping org.apache.spark.deploy.worker.Worker
nid01511: @@@@@@@@@@@@@@@@@@@@@@@@@@@@@@@@@@@@@@@@@@@@@@@@@@@@@@@@@@@
nid01511: @    WARNING: REMOTE HOST IDENTIFICATION HAS CHANGED!     @
nid01511: @@@@@@@@@@@@@@@@@@@@@@@@@@@@@@@@@@@@@@@@@@@@@@@@@@@@@@@@@@@
nid01511: IT IS POSSIBLE THAT SOMEONE IS DOING SOMETHING NASTY!
nid01511: Someone could be eavesdropping on you right now (man-in-the-middle attack)!
nid01511: It is also possible that a host key has just been changed.
nid01511: The fingerprint for the ECDSA key sent by the remote host is
nid01511: SHA256:ZJHnYRP88td1r65jbTn4UQRbOENcPA4FlQw72Hn0qyw.
nid01511: Please contact your system administrator.
nid01511: Add correct host key in /global/homes/q/qpzhang/.ssh/known_hosts to get rid of this message.
nid01511: Offending ECDSA key in /global/homes/q/qpzhang/.ssh/known_hosts:844
nid01511: Password authentication is disabled to avoid man-in-the-middle attacks.
nid01511: Keyboard-interactive authentication is disabled to avoid man-in-the-middle attacks.
nid01511: stopping org.apache.spark.deploy.worker.Worker
nid01502: stopping org.apache.spark.deploy.worker.Worker
nid01503: stopping org.apache.spark.deploy.worker.Worker
nid01500: stopping org.apache.spark.deploy.worker.Worker
nid01513: stopping org.apache.spark.deploy.worker.Worker
nid01515: @@@@@@@@@@@@@@@@@@@@@@@@@@@@@@@@@@@@@@@@@@@@@@@@@@@@@@@@@@@
nid01515: @    WARNING: REMOTE HOST IDENTIFICATION HAS CHANGED!     @
nid01515: @@@@@@@@@@@@@@@@@@@@@@@@@@@@@@@@@@@@@@@@@@@@@@@@@@@@@@@@@@@
nid01515: IT IS POSSIBLE THAT SOMEONE IS DOING SOMETHING NASTY!
nid01515: Someone could be eavesdropping on you right now (man-in-the-middle attack)!
nid01515: It is also possible that a host key has just been changed.
nid01515: The fingerprint for the ECDSA key sent by the remote host is
nid01515: SHA256:1CZfMPiHc2UZRlYfE8lb2nlHaNMKl45ka1X3Am70Ti0.
nid01515: Please contact your system administrator.
nid01515: Add correct host key in /global/homes/q/qpzhang/.ssh/known_hosts to get rid of this message.
nid01515: Offending ECDSA key in /global/homes/q/qpzhang/.ssh/known_hosts:480
nid01515: Password authentication is disabled to avoid man-in-the-middle attacks.
nid01515: Keyboard-interactive authentication is disabled to avoid man-in-the-middle attacks.
nid01515: stopping org.apache.spark.deploy.worker.Worker
nid01516: stopping org.apache.spark.deploy.worker.Worker
nid01514: stopping org.apache.spark.deploy.worker.Worker
nid01517: stopping org.apache.spark.deploy.worker.Worker
nid01512: stopping org.apache.spark.deploy.worker.Worker
stopping org.apache.spark.deploy.master.Master
