writing to /global/cscratch1/sd/qpzhang/spark_env
starting org.apache.spark.deploy.master.Master, logging to /global/cscratch1/sd/qpzhang/spark/2250157/sparklogs/spark-qpzhang-org.apache.spark.deploy.master.Master-1-nid00296.out
/global/common/cori/software/spark/1.5.1/sbin/..
nid00297: doing ssh -o StrictHostKeyChecking=no nid00297  cd /global/common/cori/software/spark/1.5.1/sbin/.. ; /usr/common/software/spark/1.5.1/sbin/start-slave.sh spark://nid00296:7077
nid00379: doing ssh -o StrictHostKeyChecking=no nid00379  cd /global/common/cori/software/spark/1.5.1/sbin/.. ; /usr/common/software/spark/1.5.1/sbin/start-slave.sh spark://nid00296:7077
nid00380: doing ssh -o StrictHostKeyChecking=no nid00380  cd /global/common/cori/software/spark/1.5.1/sbin/.. ; /usr/common/software/spark/1.5.1/sbin/start-slave.sh spark://nid00296:7077
nid00412: doing ssh -o StrictHostKeyChecking=no nid00412  cd /global/common/cori/software/spark/1.5.1/sbin/.. ; /usr/common/software/spark/1.5.1/sbin/start-slave.sh spark://nid00296:7077
nid00427: doing ssh -o StrictHostKeyChecking=no nid00427  cd /global/common/cori/software/spark/1.5.1/sbin/.. ; /usr/common/software/spark/1.5.1/sbin/start-slave.sh spark://nid00296:7077
nid00428: doing ssh -o StrictHostKeyChecking=no nid00428  cd /global/common/cori/software/spark/1.5.1/sbin/.. ; /usr/common/software/spark/1.5.1/sbin/start-slave.sh spark://nid00296:7077
nid00429: doing ssh -o StrictHostKeyChecking=no nid00429  cd /global/common/cori/software/spark/1.5.1/sbin/.. ; /usr/common/software/spark/1.5.1/sbin/start-slave.sh spark://nid00296:7077
nid00430: doing ssh -o StrictHostKeyChecking=no nid00430  cd /global/common/cori/software/spark/1.5.1/sbin/.. ; /usr/common/software/spark/1.5.1/sbin/start-slave.sh spark://nid00296:7077
nid00431: doing ssh -o StrictHostKeyChecking=no nid00431  cd /global/common/cori/software/spark/1.5.1/sbin/.. ; /usr/common/software/spark/1.5.1/sbin/start-slave.sh spark://nid00296:7077
nid00432: doing ssh -o StrictHostKeyChecking=no nid00432  cd /global/common/cori/software/spark/1.5.1/sbin/.. ; /usr/common/software/spark/1.5.1/sbin/start-slave.sh spark://nid00296:7077
nid00433: doing ssh -o StrictHostKeyChecking=no nid00433  cd /global/common/cori/software/spark/1.5.1/sbin/.. ; /usr/common/software/spark/1.5.1/sbin/start-slave.sh spark://nid00296:7077
nid00434: doing ssh -o StrictHostKeyChecking=no nid00434  cd /global/common/cori/software/spark/1.5.1/sbin/.. ; /usr/common/software/spark/1.5.1/sbin/start-slave.sh spark://nid00296:7077
nid00435: doing ssh -o StrictHostKeyChecking=no nid00435  cd /global/common/cori/software/spark/1.5.1/sbin/.. ; /usr/common/software/spark/1.5.1/sbin/start-slave.sh spark://nid00296:7077
nid00493: doing ssh -o StrictHostKeyChecking=no nid00493  cd /global/common/cori/software/spark/1.5.1/sbin/.. ; /usr/common/software/spark/1.5.1/sbin/start-slave.sh spark://nid00296:7077
nid00494: doing ssh -o StrictHostKeyChecking=no nid00494  cd /global/common/cori/software/spark/1.5.1/sbin/.. ; /usr/common/software/spark/1.5.1/sbin/start-slave.sh spark://nid00296:7077
nid00697: doing ssh -o StrictHostKeyChecking=no nid00697  cd /global/common/cori/software/spark/1.5.1/sbin/.. ; /usr/common/software/spark/1.5.1/sbin/start-slave.sh spark://nid00296:7077
nid00698: doing ssh -o StrictHostKeyChecking=no nid00698  cd /global/common/cori/software/spark/1.5.1/sbin/.. ; /usr/common/software/spark/1.5.1/sbin/start-slave.sh spark://nid00296:7077
nid00699: doing ssh -o StrictHostKeyChecking=no nid00699  cd /global/common/cori/software/spark/1.5.1/sbin/.. ; /usr/common/software/spark/1.5.1/sbin/start-slave.sh spark://nid00296:7077
nid00700: doing ssh -o StrictHostKeyChecking=no nid00700  cd /global/common/cori/software/spark/1.5.1/sbin/.. ; /usr/common/software/spark/1.5.1/sbin/start-slave.sh spark://nid00296:7077
nid00727: doing ssh -o StrictHostKeyChecking=no nid00727  cd /global/common/cori/software/spark/1.5.1/sbin/.. ; /usr/common/software/spark/1.5.1/sbin/start-slave.sh spark://nid00296:7077
nid00728: doing ssh -o StrictHostKeyChecking=no nid00728  cd /global/common/cori/software/spark/1.5.1/sbin/.. ; /usr/common/software/spark/1.5.1/sbin/start-slave.sh spark://nid00296:7077
nid00729: doing ssh -o StrictHostKeyChecking=no nid00729  cd /global/common/cori/software/spark/1.5.1/sbin/.. ; /usr/common/software/spark/1.5.1/sbin/start-slave.sh spark://nid00296:7077
nid00730: doing ssh -o StrictHostKeyChecking=no nid00730  cd /global/common/cori/software/spark/1.5.1/sbin/.. ; /usr/common/software/spark/1.5.1/sbin/start-slave.sh spark://nid00296:7077
nid00731: doing ssh -o StrictHostKeyChecking=no nid00731  cd /global/common/cori/software/spark/1.5.1/sbin/.. ; /usr/common/software/spark/1.5.1/sbin/start-slave.sh spark://nid00296:7077
nid00732: doing ssh -o StrictHostKeyChecking=no nid00732  cd /global/common/cori/software/spark/1.5.1/sbin/.. ; /usr/common/software/spark/1.5.1/sbin/start-slave.sh spark://nid00296:7077
nid00809: doing ssh -o StrictHostKeyChecking=no nid00809  cd /global/common/cori/software/spark/1.5.1/sbin/.. ; /usr/common/software/spark/1.5.1/sbin/start-slave.sh spark://nid00296:7077
nid00810: doing ssh -o StrictHostKeyChecking=no nid00810  cd /global/common/cori/software/spark/1.5.1/sbin/.. ; /usr/common/software/spark/1.5.1/sbin/start-slave.sh spark://nid00296:7077
nid00861: doing ssh -o StrictHostKeyChecking=no nid00861  cd /global/common/cori/software/spark/1.5.1/sbin/.. ; /usr/common/software/spark/1.5.1/sbin/start-slave.sh spark://nid00296:7077
nid00862: doing ssh -o StrictHostKeyChecking=no nid00862  cd /global/common/cori/software/spark/1.5.1/sbin/.. ; /usr/common/software/spark/1.5.1/sbin/start-slave.sh spark://nid00296:7077
nid01013: doing ssh -o StrictHostKeyChecking=no nid01013  cd /global/common/cori/software/spark/1.5.1/sbin/.. ; /usr/common/software/spark/1.5.1/sbin/start-slave.sh spark://nid00296:7077
nid01014: doing ssh -o StrictHostKeyChecking=no nid01014  cd /global/common/cori/software/spark/1.5.1/sbin/.. ; /usr/common/software/spark/1.5.1/sbin/start-slave.sh spark://nid00296:7077
nid01577: doing ssh -o StrictHostKeyChecking=no nid01577  cd /global/common/cori/software/spark/1.5.1/sbin/.. ; /usr/common/software/spark/1.5.1/sbin/start-slave.sh spark://nid00296:7077
nid01578: doing ssh -o StrictHostKeyChecking=no nid01578  cd /global/common/cori/software/spark/1.5.1/sbin/.. ; /usr/common/software/spark/1.5.1/sbin/start-slave.sh spark://nid00296:7077
nid01579: doing ssh -o StrictHostKeyChecking=no nid01579  cd /global/common/cori/software/spark/1.5.1/sbin/.. ; /usr/common/software/spark/1.5.1/sbin/start-slave.sh spark://nid00296:7077
nid01580: doing ssh -o StrictHostKeyChecking=no nid01580  cd /global/common/cori/software/spark/1.5.1/sbin/.. ; /usr/common/software/spark/1.5.1/sbin/start-slave.sh spark://nid00296:7077
nid01581: doing ssh -o StrictHostKeyChecking=no nid01581  cd /global/common/cori/software/spark/1.5.1/sbin/.. ; /usr/common/software/spark/1.5.1/sbin/start-slave.sh spark://nid00296:7077
nid01582: doing ssh -o StrictHostKeyChecking=no nid01582  cd /global/common/cori/software/spark/1.5.1/sbin/.. ; /usr/common/software/spark/1.5.1/sbin/start-slave.sh spark://nid00296:7077
nid01583: doing ssh -o StrictHostKeyChecking=no nid01583  cd /global/common/cori/software/spark/1.5.1/sbin/.. ; /usr/common/software/spark/1.5.1/sbin/start-slave.sh spark://nid00296:7077
nid01584: doing ssh -o StrictHostKeyChecking=no nid01584  cd /global/common/cori/software/spark/1.5.1/sbin/.. ; /usr/common/software/spark/1.5.1/sbin/start-slave.sh spark://nid00296:7077
nid00297: @@@@@@@@@@@@@@@@@@@@@@@@@@@@@@@@@@@@@@@@@@@@@@@@@@@@@@@@@@@
nid00297: @    WARNING: REMOTE HOST IDENTIFICATION HAS CHANGED!     @
nid00297: @@@@@@@@@@@@@@@@@@@@@@@@@@@@@@@@@@@@@@@@@@@@@@@@@@@@@@@@@@@
nid00297: IT IS POSSIBLE THAT SOMEONE IS DOING SOMETHING NASTY!
nid00297: Someone could be eavesdropping on you right now (man-in-the-middle attack)!
nid00297: It is also possible that a host key has just been changed.
nid00297: The fingerprint for the ECDSA key sent by the remote host is
nid00297: SHA256:jhs7fontwPDoli69NIvqKb5jfrLNEB2hLPpHZr4dua4.
nid00297: Please contact your system administrator.
nid00297: Add correct host key in /global/homes/q/qpzhang/.ssh/known_hosts to get rid of this message.
nid00297: Offending ECDSA key in /global/homes/q/qpzhang/.ssh/known_hosts:223
nid00297: Password authentication is disabled to avoid man-in-the-middle attacks.
nid00297: Keyboard-interactive authentication is disabled to avoid man-in-the-middle attacks.
nid00297: starting org.apache.spark.deploy.worker.Worker, logging to /global/cscratch1/sd/qpzhang/spark/2250157/sparklogs/spark-qpzhang-org.apache.spark.deploy.worker.Worker-1-nid00296.out
nid00427: @@@@@@@@@@@@@@@@@@@@@@@@@@@@@@@@@@@@@@@@@@@@@@@@@@@@@@@@@@@
nid00427: @    WARNING: REMOTE HOST IDENTIFICATION HAS CHANGED!     @
nid00427: @@@@@@@@@@@@@@@@@@@@@@@@@@@@@@@@@@@@@@@@@@@@@@@@@@@@@@@@@@@
nid00427: IT IS POSSIBLE THAT SOMEONE IS DOING SOMETHING NASTY!
nid00427: Someone could be eavesdropping on you right now (man-in-the-middle attack)!
nid00427: It is also possible that a host key has just been changed.
nid00427: The fingerprint for the ECDSA key sent by the remote host is
nid00427: SHA256:emenGOD3jJO2QxIOirzaeCIYpFfwzB9tum6eyFh8f7A.
nid00427: Please contact your system administrator.
nid00427: Add correct host key in /global/homes/q/qpzhang/.ssh/known_hosts to get rid of this message.
nid00427: Offending ECDSA key in /global/homes/q/qpzhang/.ssh/known_hosts:704
nid00427: Password authentication is disabled to avoid man-in-the-middle attacks.
nid00427: Keyboard-interactive authentication is disabled to avoid man-in-the-middle attacks.
nid00427: starting org.apache.spark.deploy.worker.Worker, logging to /global/cscratch1/sd/qpzhang/spark/2250157/sparklogs/spark-qpzhang-org.apache.spark.deploy.worker.Worker-1-nid00296.out
nid00412: Warning: Permanently added '[nid00412]:204,[10.128.1.159]:204' (ECDSA) to the list of known hosts.
nid00412: starting org.apache.spark.deploy.worker.Worker, logging to /global/cscratch1/sd/qpzhang/spark/2250157/sparklogs/spark-qpzhang-org.apache.spark.deploy.worker.Worker-1-nid00296.out
nid00428: @@@@@@@@@@@@@@@@@@@@@@@@@@@@@@@@@@@@@@@@@@@@@@@@@@@@@@@@@@@
nid00428: @    WARNING: REMOTE HOST IDENTIFICATION HAS CHANGED!     @
nid00428: @@@@@@@@@@@@@@@@@@@@@@@@@@@@@@@@@@@@@@@@@@@@@@@@@@@@@@@@@@@
nid00428: IT IS POSSIBLE THAT SOMEONE IS DOING SOMETHING NASTY!
nid00428: Someone could be eavesdropping on you right now (man-in-the-middle attack)!
nid00428: It is also possible that a host key has just been changed.
nid00428: The fingerprint for the ECDSA key sent by the remote host is
nid00428: SHA256:ZKZnTDSAyjuBvIAphqxJqy1iVbRPmnqZ/QSvHQ8Jskg.
nid00428: Please contact your system administrator.
nid00428: Add correct host key in /global/homes/q/qpzhang/.ssh/known_hosts to get rid of this message.
nid00428: Offending ECDSA key in /global/homes/q/qpzhang/.ssh/known_hosts:706
nid00428: Password authentication is disabled to avoid man-in-the-middle attacks.
nid00428: Keyboard-interactive authentication is disabled to avoid man-in-the-middle attacks.
nid00428: starting org.apache.spark.deploy.worker.Worker, logging to /global/cscratch1/sd/qpzhang/spark/2250157/sparklogs/spark-qpzhang-org.apache.spark.deploy.worker.Worker-1-nid00296.out
nid00379: Warning: Permanently added '[nid00379]:204,[10.128.1.126]:204' (ECDSA) to the list of known hosts.
nid00379: starting org.apache.spark.deploy.worker.Worker, logging to /global/cscratch1/sd/qpzhang/spark/2250157/sparklogs/spark-qpzhang-org.apache.spark.deploy.worker.Worker-1-nid00296.out
nid00429: @@@@@@@@@@@@@@@@@@@@@@@@@@@@@@@@@@@@@@@@@@@@@@@@@@@@@@@@@@@
nid00429: @    WARNING: REMOTE HOST IDENTIFICATION HAS CHANGED!     @
nid00429: @@@@@@@@@@@@@@@@@@@@@@@@@@@@@@@@@@@@@@@@@@@@@@@@@@@@@@@@@@@
nid00429: IT IS POSSIBLE THAT SOMEONE IS DOING SOMETHING NASTY!
nid00429: Someone could be eavesdropping on you right now (man-in-the-middle attack)!
nid00429: It is also possible that a host key has just been changed.
nid00429: The fingerprint for the ECDSA key sent by the remote host is
nid00429: SHA256:yTXLr8+lgDIF/N0p4Naw0Osisbd5rc1wArzIWdodxjw.
nid00429: Please contact your system administrator.
nid00429: Add correct host key in /global/homes/q/qpzhang/.ssh/known_hosts to get rid of this message.
nid00429: Offending ECDSA key in /global/homes/q/qpzhang/.ssh/known_hosts:705
nid00429: Password authentication is disabled to avoid man-in-the-middle attacks.
nid00429: Keyboard-interactive authentication is disabled to avoid man-in-the-middle attacks.
nid00429: starting org.apache.spark.deploy.worker.Worker, logging to /global/cscratch1/sd/qpzhang/spark/2250157/sparklogs/spark-qpzhang-org.apache.spark.deploy.worker.Worker-1-nid00296.out
nid00432: Warning: Permanently added '[nid00432]:204,[10.128.1.179]:204' (ECDSA) to the list of known hosts.
nid00432: starting org.apache.spark.deploy.worker.Worker, logging to /global/cscratch1/sd/qpzhang/spark/2250157/sparklogs/spark-qpzhang-org.apache.spark.deploy.worker.Worker-1-nid00296.out
nid00434: @@@@@@@@@@@@@@@@@@@@@@@@@@@@@@@@@@@@@@@@@@@@@@@@@@@@@@@@@@@
nid00434: @    WARNING: REMOTE HOST IDENTIFICATION HAS CHANGED!     @
nid00434: @@@@@@@@@@@@@@@@@@@@@@@@@@@@@@@@@@@@@@@@@@@@@@@@@@@@@@@@@@@
nid00434: IT IS POSSIBLE THAT SOMEONE IS DOING SOMETHING NASTY!
nid00434: Someone could be eavesdropping on you right now (man-in-the-middle attack)!
nid00434: It is also possible that a host key has just been changed.
nid00434: The fingerprint for the ECDSA key sent by the remote host is
nid00434: SHA256:6mERX1lu1P41krPto17uZe+Ca02BldAbKMg3x7udRw8.
nid00434: Please contact your system administrator.
nid00434: Add correct host key in /global/homes/q/qpzhang/.ssh/known_hosts to get rid of this message.
nid00434: Offending ECDSA key in /global/homes/q/qpzhang/.ssh/known_hosts:162
nid00434: Password authentication is disabled to avoid man-in-the-middle attacks.
nid00434: Keyboard-interactive authentication is disabled to avoid man-in-the-middle attacks.
nid00434: starting org.apache.spark.deploy.worker.Worker, logging to /global/cscratch1/sd/qpzhang/spark/2250157/sparklogs/spark-qpzhang-org.apache.spark.deploy.worker.Worker-1-nid00296.out
nid00430: @@@@@@@@@@@@@@@@@@@@@@@@@@@@@@@@@@@@@@@@@@@@@@@@@@@@@@@@@@@
nid00430: @    WARNING: REMOTE HOST IDENTIFICATION HAS CHANGED!     @
nid00430: @@@@@@@@@@@@@@@@@@@@@@@@@@@@@@@@@@@@@@@@@@@@@@@@@@@@@@@@@@@
nid00430: IT IS POSSIBLE THAT SOMEONE IS DOING SOMETHING NASTY!
nid00430: Someone could be eavesdropping on you right now (man-in-the-middle attack)!
nid00430: It is also possible that a host key has just been changed.
nid00430: The fingerprint for the ECDSA key sent by the remote host is
nid00430: SHA256:Bu7z2qgch+bSb812MSv+8hSsu933T3HBZBv460vJQ2A.
nid00430: Please contact your system administrator.
nid00430: Add correct host key in /global/homes/q/qpzhang/.ssh/known_hosts to get rid of this message.
nid00430: Offending ECDSA key in /global/homes/q/qpzhang/.ssh/known_hosts:707
nid00430: Password authentication is disabled to avoid man-in-the-middle attacks.
nid00430: Keyboard-interactive authentication is disabled to avoid man-in-the-middle attacks.
nid00430: mv: cannot stat `/global/cscratch1/sd/qpzhang/spark/2250157/sparklogs/spark-qpzhang-org.apache.spark.deploy.worker.Worker-1-nid00296.out.2': No such file or directory
nid00430: mv: cannot stat `/global/cscratch1/sd/qpzhang/spark/2250157/sparklogs/spark-qpzhang-org.apache.spark.deploy.worker.Worker-1-nid00296.out.1': No such file or directory
nid00430: mv: cannot stat `/global/cscratch1/sd/qpzhang/spark/2250157/sparklogs/spark-qpzhang-org.apache.spark.deploy.worker.Worker-1-nid00296.out': No such file or directory
nid00430: starting org.apache.spark.deploy.worker.Worker, logging to /global/cscratch1/sd/qpzhang/spark/2250157/sparklogs/spark-qpzhang-org.apache.spark.deploy.worker.Worker-1-nid00296.out
nid00431: Warning: Permanently added '[nid00431]:204,[10.128.1.178]:204' (ECDSA) to the list of known hosts.
nid00431: starting org.apache.spark.deploy.worker.Worker, logging to /global/cscratch1/sd/qpzhang/spark/2250157/sparklogs/spark-qpzhang-org.apache.spark.deploy.worker.Worker-1-nid00296.out
nid00727: Warning: Permanently added '[nid00727]:204,[10.128.2.220]:204' (ECDSA) to the list of known hosts.
nid00727: starting org.apache.spark.deploy.worker.Worker, logging to /global/cscratch1/sd/qpzhang/spark/2250157/sparklogs/spark-qpzhang-org.apache.spark.deploy.worker.Worker-1-nid00296.out
nid00493: Warning: Permanently added '[nid00493]:204,[10.128.1.240]:204' (ECDSA) to the list of known hosts.
nid00493: starting org.apache.spark.deploy.worker.Worker, logging to /global/cscratch1/sd/qpzhang/spark/2250157/sparklogs/spark-qpzhang-org.apache.spark.deploy.worker.Worker-1-nid00296.out
nid00728: Warning: Permanently added '[nid00728]:204,[10.128.2.221]:204' (ECDSA) to the list of known hosts.
nid00728: starting org.apache.spark.deploy.worker.Worker, logging to /global/cscratch1/sd/qpzhang/spark/2250157/sparklogs/spark-qpzhang-org.apache.spark.deploy.worker.Worker-1-nid00296.out
nid00435: @@@@@@@@@@@@@@@@@@@@@@@@@@@@@@@@@@@@@@@@@@@@@@@@@@@@@@@@@@@
nid00435: @    WARNING: REMOTE HOST IDENTIFICATION HAS CHANGED!     @
nid00435: @@@@@@@@@@@@@@@@@@@@@@@@@@@@@@@@@@@@@@@@@@@@@@@@@@@@@@@@@@@
nid00435: IT IS POSSIBLE THAT SOMEONE IS DOING SOMETHING NASTY!
nid00435: Someone could be eavesdropping on you right now (man-in-the-middle attack)!
nid00435: It is also possible that a host key has just been changed.
nid00435: The fingerprint for the ECDSA key sent by the remote host is
nid00435: SHA256:BElsW7HBWfqmiXlSSwxUdZkHawc3lSgrkfuaG+BqieE.
nid00435: Please contact your system administrator.
nid00435: Add correct host key in /global/homes/q/qpzhang/.ssh/known_hosts to get rid of this message.
nid00435: Offending ECDSA key in /global/homes/q/qpzhang/.ssh/known_hosts:167
nid00435: Password authentication is disabled to avoid man-in-the-middle attacks.
nid00435: Keyboard-interactive authentication is disabled to avoid man-in-the-middle attacks.
nid00435: starting org.apache.spark.deploy.worker.Worker, logging to /global/cscratch1/sd/qpzhang/spark/2250157/sparklogs/spark-qpzhang-org.apache.spark.deploy.worker.Worker-1-nid00296.out
nid00380: Warning: Permanently added '[nid00380]:204,[10.128.1.127]:204' (ECDSA) to the list of known hosts.
nid00380: mv: cannot stat `/global/cscratch1/sd/qpzhang/spark/2250157/sparklogs/spark-qpzhang-org.apache.spark.deploy.worker.Worker-1-nid00296.out.3': No such file or directory
nid00380: mv: cannot stat `/global/cscratch1/sd/qpzhang/spark/2250157/sparklogs/spark-qpzhang-org.apache.spark.deploy.worker.Worker-1-nid00296.out.2': No such file or directory
nid00380: mv: cannot stat `/global/cscratch1/sd/qpzhang/spark/2250157/sparklogs/spark-qpzhang-org.apache.spark.deploy.worker.Worker-1-nid00296.out.1': No such file or directory
nid00380: starting org.apache.spark.deploy.worker.Worker, logging to /global/cscratch1/sd/qpzhang/spark/2250157/sparklogs/spark-qpzhang-org.apache.spark.deploy.worker.Worker-1-nid00296.out
nid00433: @@@@@@@@@@@@@@@@@@@@@@@@@@@@@@@@@@@@@@@@@@@@@@@@@@@@@@@@@@@
nid00433: @    WARNING: REMOTE HOST IDENTIFICATION HAS CHANGED!     @
nid00433: @@@@@@@@@@@@@@@@@@@@@@@@@@@@@@@@@@@@@@@@@@@@@@@@@@@@@@@@@@@
nid00433: IT IS POSSIBLE THAT SOMEONE IS DOING SOMETHING NASTY!
nid00433: Someone could be eavesdropping on you right now (man-in-the-middle attack)!
nid00433: It is also possible that a host key has just been changed.
nid00433: The fingerprint for the ECDSA key sent by the remote host is
nid00433: SHA256:EgEiReITaUplnBgSmfvWoV+tlEj6+ePvM2I5NzzvGvc.
nid00433: Please contact your system administrator.
nid00433: Add correct host key in /global/homes/q/qpzhang/.ssh/known_hosts to get rid of this message.
nid00433: Offending ECDSA key in /global/homes/q/qpzhang/.ssh/known_hosts:163
nid00433: Password authentication is disabled to avoid man-in-the-middle attacks.
nid00433: Keyboard-interactive authentication is disabled to avoid man-in-the-middle attacks.
nid00433: starting org.apache.spark.deploy.worker.Worker, logging to /global/cscratch1/sd/qpzhang/spark/2250157/sparklogs/spark-qpzhang-org.apache.spark.deploy.worker.Worker-1-nid00296.out
nid00698: Warning: Permanently added '[nid00698]:204,[10.128.2.191]:204' (ECDSA) to the list of known hosts.
nid00698: starting org.apache.spark.deploy.worker.Worker, logging to /global/cscratch1/sd/qpzhang/spark/2250157/sparklogs/spark-qpzhang-org.apache.spark.deploy.worker.Worker-1-nid00296.out
nid00697: @@@@@@@@@@@@@@@@@@@@@@@@@@@@@@@@@@@@@@@@@@@@@@@@@@@@@@@@@@@
nid00697: @    WARNING: REMOTE HOST IDENTIFICATION HAS CHANGED!     @
nid00697: @@@@@@@@@@@@@@@@@@@@@@@@@@@@@@@@@@@@@@@@@@@@@@@@@@@@@@@@@@@
nid00697: IT IS POSSIBLE THAT SOMEONE IS DOING SOMETHING NASTY!
nid00697: Someone could be eavesdropping on you right now (man-in-the-middle attack)!
nid00697: It is also possible that a host key has just been changed.
nid00697: The fingerprint for the ECDSA key sent by the remote host is
nid00697: SHA256:b7Eo6xWluyJnpuPRhTSXGlzQ2HlwLOiGwDQw0tGIhpk.
nid00697: Please contact your system administrator.
nid00697: Add correct host key in /global/homes/q/qpzhang/.ssh/known_hosts to get rid of this message.
nid00697: Offending ECDSA key in /global/homes/q/qpzhang/.ssh/known_hosts:141
nid00697: Password authentication is disabled to avoid man-in-the-middle attacks.
nid00697: Keyboard-interactive authentication is disabled to avoid man-in-the-middle attacks.
nid00697: mv: cannot stat `/global/cscratch1/sd/qpzhang/spark/2250157/sparklogs/spark-qpzhang-org.apache.spark.deploy.worker.Worker-1-nid00296.out.4': No such file or directory
nid00697: mv: cannot stat `/global/cscratch1/sd/qpzhang/spark/2250157/sparklogs/spark-qpzhang-org.apache.spark.deploy.worker.Worker-1-nid00296.out.3': No such file or directory
nid00697: mv: cannot stat `/global/cscratch1/sd/qpzhang/spark/2250157/sparklogs/spark-qpzhang-org.apache.spark.deploy.worker.Worker-1-nid00296.out.2': No such file or directory
nid00697: mv: cannot stat `/global/cscratch1/sd/qpzhang/spark/2250157/sparklogs/spark-qpzhang-org.apache.spark.deploy.worker.Worker-1-nid00296.out.1': No such file or directory
nid00697: mv: cannot stat `/global/cscratch1/sd/qpzhang/spark/2250157/sparklogs/spark-qpzhang-org.apache.spark.deploy.worker.Worker-1-nid00296.out': No such file or directory
nid00697: starting org.apache.spark.deploy.worker.Worker, logging to /global/cscratch1/sd/qpzhang/spark/2250157/sparklogs/spark-qpzhang-org.apache.spark.deploy.worker.Worker-1-nid00296.out
nid00729: Warning: Permanently added '[nid00729]:204,[10.128.2.222]:204' (ECDSA) to the list of known hosts.
nid00729: mv: cannot stat `/global/cscratch1/sd/qpzhang/spark/2250157/sparklogs/spark-qpzhang-org.apache.spark.deploy.worker.Worker-1-nid00296.out.3': No such file or directory
nid00729: mv: cannot move `/global/cscratch1/sd/qpzhang/spark/2250157/sparklogs/spark-qpzhang-org.apache.spark.deploy.worker.Worker-1-nid00296.out.1' to `/global/cscratch1/sd/qpzhang/spark/2250157/sparklogs/spark-qpzhang-org.apache.spark.deploy.worker.Worker-1-nid00296.out.2': No such file or directory
nid00729: mv: cannot stat `/global/cscratch1/sd/qpzhang/spark/2250157/sparklogs/spark-qpzhang-org.apache.spark.deploy.worker.Worker-1-nid00296.out': No such file or directory
nid00729: starting org.apache.spark.deploy.worker.Worker, logging to /global/cscratch1/sd/qpzhang/spark/2250157/sparklogs/spark-qpzhang-org.apache.spark.deploy.worker.Worker-1-nid00296.out
nid00700: @@@@@@@@@@@@@@@@@@@@@@@@@@@@@@@@@@@@@@@@@@@@@@@@@@@@@@@@@@@
nid00700: @    WARNING: REMOTE HOST IDENTIFICATION HAS CHANGED!     @
nid00700: @@@@@@@@@@@@@@@@@@@@@@@@@@@@@@@@@@@@@@@@@@@@@@@@@@@@@@@@@@@
nid00700: IT IS POSSIBLE THAT SOMEONE IS DOING SOMETHING NASTY!
nid00700: Someone could be eavesdropping on you right now (man-in-the-middle attack)!
nid00700: It is also possible that a host key has just been changed.
nid00700: The fingerprint for the ECDSA key sent by the remote host is
nid00700: SHA256:jeWvgbcSbiiqTQaSBr2b8shnrIs/c95fwDPCgz5Pb5s.
nid00700: Please contact your system administrator.
nid00700: Add correct host key in /global/homes/q/qpzhang/.ssh/known_hosts to get rid of this message.
nid00700: Offending ECDSA key in /global/homes/q/qpzhang/.ssh/known_hosts:512
nid00700: Password authentication is disabled to avoid man-in-the-middle attacks.
nid00700: Keyboard-interactive authentication is disabled to avoid man-in-the-middle attacks.
nid00700: mv: cannot stat `/global/cscratch1/sd/qpzhang/spark/2250157/sparklogs/spark-qpzhang-org.apache.spark.deploy.worker.Worker-1-nid00296.out.2': No such file or directory
nid00700: starting org.apache.spark.deploy.worker.Worker, logging to /global/cscratch1/sd/qpzhang/spark/2250157/sparklogs/spark-qpzhang-org.apache.spark.deploy.worker.Worker-1-nid00296.out
nid00730: Warning: Permanently added '[nid00730]:204,[10.128.2.223]:204' (ECDSA) to the list of known hosts.
nid00730: mv: cannot stat `/global/cscratch1/sd/qpzhang/spark/2250157/sparklogs/spark-qpzhang-org.apache.spark.deploy.worker.Worker-1-nid00296.out.4': No such file or directory
nid00730: mv: cannot stat `/global/cscratch1/sd/qpzhang/spark/2250157/sparklogs/spark-qpzhang-org.apache.spark.deploy.worker.Worker-1-nid00296.out.1': No such file or directory
nid00730: starting org.apache.spark.deploy.worker.Worker, logging to /global/cscratch1/sd/qpzhang/spark/2250157/sparklogs/spark-qpzhang-org.apache.spark.deploy.worker.Worker-1-nid00296.out
nid00731: Warning: Permanently added '[nid00731]:204,[10.128.2.224]:204' (ECDSA) to the list of known hosts.
nid00731: mv: cannot stat `/global/cscratch1/sd/qpzhang/spark/2250157/sparklogs/spark-qpzhang-org.apache.spark.deploy.worker.Worker-1-nid00296.out.4': No such file or directory
nid00731: mv: cannot stat `/global/cscratch1/sd/qpzhang/spark/2250157/sparklogs/spark-qpzhang-org.apache.spark.deploy.worker.Worker-1-nid00296.out.3': No such file or directory
nid00731: mv: cannot stat `/global/cscratch1/sd/qpzhang/spark/2250157/sparklogs/spark-qpzhang-org.apache.spark.deploy.worker.Worker-1-nid00296.out.2': No such file or directory
nid00731: mv: cannot stat `/global/cscratch1/sd/qpzhang/spark/2250157/sparklogs/spark-qpzhang-org.apache.spark.deploy.worker.Worker-1-nid00296.out.1': No such file or directory
nid00731: mv: cannot stat `/global/cscratch1/sd/qpzhang/spark/2250157/sparklogs/spark-qpzhang-org.apache.spark.deploy.worker.Worker-1-nid00296.out': No such file or directory
nid00731: starting org.apache.spark.deploy.worker.Worker, logging to /global/cscratch1/sd/qpzhang/spark/2250157/sparklogs/spark-qpzhang-org.apache.spark.deploy.worker.Worker-1-nid00296.out
nid00494: Warning: Permanently added '[nid00494]:204,[10.128.1.241]:204' (ECDSA) to the list of known hosts.
nid00494: mv: cannot stat `/global/cscratch1/sd/qpzhang/spark/2250157/sparklogs/spark-qpzhang-org.apache.spark.deploy.worker.Worker-1-nid00296.out.3': No such file or directory
nid00494: mv: cannot stat `/global/cscratch1/sd/qpzhang/spark/2250157/sparklogs/spark-qpzhang-org.apache.spark.deploy.worker.Worker-1-nid00296.out.2': No such file or directory
nid00494: mv: cannot stat `/global/cscratch1/sd/qpzhang/spark/2250157/sparklogs/spark-qpzhang-org.apache.spark.deploy.worker.Worker-1-nid00296.out': No such file or directory
nid00494: starting org.apache.spark.deploy.worker.Worker, logging to /global/cscratch1/sd/qpzhang/spark/2250157/sparklogs/spark-qpzhang-org.apache.spark.deploy.worker.Worker-1-nid00296.out
nid00732: Warning: Permanently added '[nid00732]:204,[10.128.2.225]:204' (ECDSA) to the list of known hosts.
nid00732: starting org.apache.spark.deploy.worker.Worker, logging to /global/cscratch1/sd/qpzhang/spark/2250157/sparklogs/spark-qpzhang-org.apache.spark.deploy.worker.Worker-1-nid00296.out
nid00810: Warning: Permanently added '[nid00810]:204,[10.128.3.49]:204' (ECDSA) to the list of known hosts.
nid00810: mv: cannot stat `/global/cscratch1/sd/qpzhang/spark/2250157/sparklogs/spark-qpzhang-org.apache.spark.deploy.worker.Worker-1-nid00296.out.3': No such file or directory
nid00810: mv: cannot stat `/global/cscratch1/sd/qpzhang/spark/2250157/sparklogs/spark-qpzhang-org.apache.spark.deploy.worker.Worker-1-nid00296.out.2': No such file or directory
nid00810: mv: cannot stat `/global/cscratch1/sd/qpzhang/spark/2250157/sparklogs/spark-qpzhang-org.apache.spark.deploy.worker.Worker-1-nid00296.out.1': No such file or directory
nid00810: mv: cannot move `/global/cscratch1/sd/qpzhang/spark/2250157/sparklogs/spark-qpzhang-org.apache.spark.deploy.worker.Worker-1-nid00296.out' to `/global/cscratch1/sd/qpzhang/spark/2250157/sparklogs/spark-qpzhang-org.apache.spark.deploy.worker.Worker-1-nid00296.out.1': No such file or directory
nid00810: starting org.apache.spark.deploy.worker.Worker, logging to /global/cscratch1/sd/qpzhang/spark/2250157/sparklogs/spark-qpzhang-org.apache.spark.deploy.worker.Worker-1-nid00296.out
nid00699: Warning: Permanently added '[nid00699]:204,[10.128.2.192]:204' (ECDSA) to the list of known hosts.
nid00699: starting org.apache.spark.deploy.worker.Worker, logging to /global/cscratch1/sd/qpzhang/spark/2250157/sparklogs/spark-qpzhang-org.apache.spark.deploy.worker.Worker-1-nid00296.out
nid01581: Warning: Permanently added '[nid01581]:204,[10.128.6.58]:204' (ECDSA) to the list of known hosts.
nid01581: starting org.apache.spark.deploy.worker.Worker, logging to /global/cscratch1/sd/qpzhang/spark/2250157/sparklogs/spark-qpzhang-org.apache.spark.deploy.worker.Worker-1-nid00296.out
nid00861: @@@@@@@@@@@@@@@@@@@@@@@@@@@@@@@@@@@@@@@@@@@@@@@@@@@@@@@@@@@
nid00861: @    WARNING: REMOTE HOST IDENTIFICATION HAS CHANGED!     @
nid00861: @@@@@@@@@@@@@@@@@@@@@@@@@@@@@@@@@@@@@@@@@@@@@@@@@@@@@@@@@@@
nid00861: IT IS POSSIBLE THAT SOMEONE IS DOING SOMETHING NASTY!
nid00861: Someone could be eavesdropping on you right now (man-in-the-middle attack)!
nid00861: It is also possible that a host key has just been changed.
nid00861: The fingerprint for the ECDSA key sent by the remote host is
nid00861: SHA256:+v6A9TvyReQ+7KBCtZ5IoqJjYrd2M4TWOr8Ayg95JMk.
nid00861: Please contact your system administrator.
nid00861: Add correct host key in /global/homes/q/qpzhang/.ssh/known_hosts to get rid of this message.
nid00861: Offending ECDSA key in /global/homes/q/qpzhang/.ssh/known_hosts:610
nid00861: Password authentication is disabled to avoid man-in-the-middle attacks.
nid00861: Keyboard-interactive authentication is disabled to avoid man-in-the-middle attacks.
nid00861: mv: cannot stat `/global/cscratch1/sd/qpzhang/spark/2250157/sparklogs/spark-qpzhang-org.apache.spark.deploy.worker.Worker-1-nid00296.out.3': No such file or directory
nid00861: mv: cannot stat `/global/cscratch1/sd/qpzhang/spark/2250157/sparklogs/spark-qpzhang-org.apache.spark.deploy.worker.Worker-1-nid00296.out.2': No such file or directory
nid00861: mv: cannot stat `/global/cscratch1/sd/qpzhang/spark/2250157/sparklogs/spark-qpzhang-org.apache.spark.deploy.worker.Worker-1-nid00296.out': No such file or directory
nid00861: starting org.apache.spark.deploy.worker.Worker, logging to /global/cscratch1/sd/qpzhang/spark/2250157/sparklogs/spark-qpzhang-org.apache.spark.deploy.worker.Worker-1-nid00296.out
nid00862: Warning: Permanently added '[nid00862]:204,[10.128.3.101]:204' (ECDSA) to the list of known hosts.
nid00862: starting org.apache.spark.deploy.worker.Worker, logging to /global/cscratch1/sd/qpzhang/spark/2250157/sparklogs/spark-qpzhang-org.apache.spark.deploy.worker.Worker-1-nid00296.out
nid01014: @@@@@@@@@@@@@@@@@@@@@@@@@@@@@@@@@@@@@@@@@@@@@@@@@@@@@@@@@@@
nid01014: @    WARNING: REMOTE HOST IDENTIFICATION HAS CHANGED!     @
nid01014: @@@@@@@@@@@@@@@@@@@@@@@@@@@@@@@@@@@@@@@@@@@@@@@@@@@@@@@@@@@
nid01014: IT IS POSSIBLE THAT SOMEONE IS DOING SOMETHING NASTY!
nid01014: Someone could be eavesdropping on you right now (man-in-the-middle attack)!
nid01014: It is also possible that a host key has just been changed.
nid01014: The fingerprint for the ECDSA key sent by the remote host is
nid01014: SHA256:C1beMRVWAs7D3kCLaruXvDq2r3M2uaulGQ58uf5q5V0.
nid01014: Please contact your system administrator.
nid01014: Add correct host key in /global/homes/q/qpzhang/.ssh/known_hosts to get rid of this message.
nid01014: Offending ECDSA key in /global/homes/q/qpzhang/.ssh/known_hosts:383
nid01014: Password authentication is disabled to avoid man-in-the-middle attacks.
nid01014: Keyboard-interactive authentication is disabled to avoid man-in-the-middle attacks.
nid01014: mv: cannot stat `/global/cscratch1/sd/qpzhang/spark/2250157/sparklogs/spark-qpzhang-org.apache.spark.deploy.worker.Worker-1-nid00296.out.1': No such file or directory
nid01014: mv: cannot stat `/global/cscratch1/sd/qpzhang/spark/2250157/sparklogs/spark-qpzhang-org.apache.spark.deploy.worker.Worker-1-nid00296.out': No such file or directory
nid01014: starting org.apache.spark.deploy.worker.Worker, logging to /global/cscratch1/sd/qpzhang/spark/2250157/sparklogs/spark-qpzhang-org.apache.spark.deploy.worker.Worker-1-nid00296.out
nid01580: Warning: Permanently added '[nid01580]:204,[10.128.6.57]:204' (ECDSA) to the list of known hosts.
nid01580: mv: cannot stat `/global/cscratch1/sd/qpzhang/spark/2250157/sparklogs/spark-qpzhang-org.apache.spark.deploy.worker.Worker-1-nid00296.out.4': No such file or directory
nid01580: mv: cannot stat `/global/cscratch1/sd/qpzhang/spark/2250157/sparklogs/spark-qpzhang-org.apache.spark.deploy.worker.Worker-1-nid00296.out.3': No such file or directory
nid01580: mv: cannot stat `/global/cscratch1/sd/qpzhang/spark/2250157/sparklogs/spark-qpzhang-org.apache.spark.deploy.worker.Worker-1-nid00296.out.2': No such file or directory
nid01580: mv: cannot stat `/global/cscratch1/sd/qpzhang/spark/2250157/sparklogs/spark-qpzhang-org.apache.spark.deploy.worker.Worker-1-nid00296.out.1': No such file or directory
nid01580: starting org.apache.spark.deploy.worker.Worker, logging to /global/cscratch1/sd/qpzhang/spark/2250157/sparklogs/spark-qpzhang-org.apache.spark.deploy.worker.Worker-1-nid00296.out
nid01579: Warning: Permanently added '[nid01579]:204,[10.128.6.56]:204' (ECDSA) to the list of known hosts.
nid01579: mv: `/global/cscratch1/sd/qpzhang/spark/2250157/sparklogs/spark-qpzhang-org.apache.spark.deploy.worker.Worker-1-nid00296.out' and `/global/cscratch1/sd/qpzhang/spark/2250157/sparklogs/spark-qpzhang-org.apache.spark.deploy.worker.Worker-1-nid00296.out.1' are the same file
nid01579: starting org.apache.spark.deploy.worker.Worker, logging to /global/cscratch1/sd/qpzhang/spark/2250157/sparklogs/spark-qpzhang-org.apache.spark.deploy.worker.Worker-1-nid00296.out
nid01584: Warning: Permanently added '[nid01584]:204,[10.128.6.61]:204' (ECDSA) to the list of known hosts.
nid01584: mv: cannot stat `/global/cscratch1/sd/qpzhang/spark/2250157/sparklogs/spark-qpzhang-org.apache.spark.deploy.worker.Worker-1-nid00296.out.2': No such file or directory
nid01584: mv: cannot stat `/global/cscratch1/sd/qpzhang/spark/2250157/sparklogs/spark-qpzhang-org.apache.spark.deploy.worker.Worker-1-nid00296.out': No such file or directory
nid01584: starting org.apache.spark.deploy.worker.Worker, logging to /global/cscratch1/sd/qpzhang/spark/2250157/sparklogs/spark-qpzhang-org.apache.spark.deploy.worker.Worker-1-nid00296.out
nid01582: Warning: Permanently added '[nid01582]:204,[10.128.6.59]:204' (ECDSA) to the list of known hosts.
nid01582: mv: cannot stat `/global/cscratch1/sd/qpzhang/spark/2250157/sparklogs/spark-qpzhang-org.apache.spark.deploy.worker.Worker-1-nid00296.out.2': No such file or directory
nid01582: mv: cannot stat `/global/cscratch1/sd/qpzhang/spark/2250157/sparklogs/spark-qpzhang-org.apache.spark.deploy.worker.Worker-1-nid00296.out.1': No such file or directory
nid01582: mv: cannot stat `/global/cscratch1/sd/qpzhang/spark/2250157/sparklogs/spark-qpzhang-org.apache.spark.deploy.worker.Worker-1-nid00296.out': No such file or directory
nid01582: starting org.apache.spark.deploy.worker.Worker, logging to /global/cscratch1/sd/qpzhang/spark/2250157/sparklogs/spark-qpzhang-org.apache.spark.deploy.worker.Worker-1-nid00296.out
nid01578: Warning: Permanently added '[nid01578]:204,[10.128.6.55]:204' (ECDSA) to the list of known hosts.
nid01578: mv: cannot stat `/global/cscratch1/sd/qpzhang/spark/2250157/sparklogs/spark-qpzhang-org.apache.spark.deploy.worker.Worker-1-nid00296.out.4': No such file or directory
nid01578: mv: cannot stat `/global/cscratch1/sd/qpzhang/spark/2250157/sparklogs/spark-qpzhang-org.apache.spark.deploy.worker.Worker-1-nid00296.out.3': No such file or directory
nid01578: mv: cannot stat `/global/cscratch1/sd/qpzhang/spark/2250157/sparklogs/spark-qpzhang-org.apache.spark.deploy.worker.Worker-1-nid00296.out.2': No such file or directory
nid01578: mv: cannot stat `/global/cscratch1/sd/qpzhang/spark/2250157/sparklogs/spark-qpzhang-org.apache.spark.deploy.worker.Worker-1-nid00296.out.1': No such file or directory
nid01578: mv: cannot stat `/global/cscratch1/sd/qpzhang/spark/2250157/sparklogs/spark-qpzhang-org.apache.spark.deploy.worker.Worker-1-nid00296.out': No such file or directory
nid01578: starting org.apache.spark.deploy.worker.Worker, logging to /global/cscratch1/sd/qpzhang/spark/2250157/sparklogs/spark-qpzhang-org.apache.spark.deploy.worker.Worker-1-nid00296.out
nid00809: Warning: Permanently added '[nid00809]:204,[10.128.3.48]:204' (ECDSA) to the list of known hosts.
nid00809: mv: cannot stat `/global/cscratch1/sd/qpzhang/spark/2250157/sparklogs/spark-qpzhang-org.apache.spark.deploy.worker.Worker-1-nid00296.out.3': No such file or directory
nid00809: mv: cannot stat `/global/cscratch1/sd/qpzhang/spark/2250157/sparklogs/spark-qpzhang-org.apache.spark.deploy.worker.Worker-1-nid00296.out.1': No such file or directory
nid00809: mv: cannot stat `/global/cscratch1/sd/qpzhang/spark/2250157/sparklogs/spark-qpzhang-org.apache.spark.deploy.worker.Worker-1-nid00296.out': No such file or directory
nid00809: starting org.apache.spark.deploy.worker.Worker, logging to /global/cscratch1/sd/qpzhang/spark/2250157/sparklogs/spark-qpzhang-org.apache.spark.deploy.worker.Worker-1-nid00296.out
nid01577: Warning: Permanently added '[nid01577]:204,[10.128.6.54]:204' (ECDSA) to the list of known hosts.
nid01577: starting org.apache.spark.deploy.worker.Worker, logging to /global/cscratch1/sd/qpzhang/spark/2250157/sparklogs/spark-qpzhang-org.apache.spark.deploy.worker.Worker-1-nid00296.out
nid01583: Warning: Permanently added '[nid01583]:204,[10.128.6.60]:204' (ECDSA) to the list of known hosts.
nid01583: mv: cannot stat `/global/cscratch1/sd/qpzhang/spark/2250157/sparklogs/spark-qpzhang-org.apache.spark.deploy.worker.Worker-1-nid00296.out.4': No such file or directory
nid01583: mv: cannot stat `/global/cscratch1/sd/qpzhang/spark/2250157/sparklogs/spark-qpzhang-org.apache.spark.deploy.worker.Worker-1-nid00296.out.3': No such file or directory
nid01583: mv: cannot stat `/global/cscratch1/sd/qpzhang/spark/2250157/sparklogs/spark-qpzhang-org.apache.spark.deploy.worker.Worker-1-nid00296.out.2': No such file or directory
nid01583: starting org.apache.spark.deploy.worker.Worker, logging to /global/cscratch1/sd/qpzhang/spark/2250157/sparklogs/spark-qpzhang-org.apache.spark.deploy.worker.Worker-1-nid00296.out
nid01013: @@@@@@@@@@@@@@@@@@@@@@@@@@@@@@@@@@@@@@@@@@@@@@@@@@@@@@@@@@@
nid01013: @    WARNING: REMOTE HOST IDENTIFICATION HAS CHANGED!     @
nid01013: @@@@@@@@@@@@@@@@@@@@@@@@@@@@@@@@@@@@@@@@@@@@@@@@@@@@@@@@@@@
nid01013: IT IS POSSIBLE THAT SOMEONE IS DOING SOMETHING NASTY!
nid01013: Someone could be eavesdropping on you right now (man-in-the-middle attack)!
nid01013: It is also possible that a host key has just been changed.
nid01013: The fingerprint for the ECDSA key sent by the remote host is
nid01013: SHA256:hWR7Iskci1wjm8QspxXBMFGZKpWEn5VDedLhyG5iUdI.
nid01013: Please contact your system administrator.
nid01013: Add correct host key in /global/homes/q/qpzhang/.ssh/known_hosts to get rid of this message.
nid01013: Offending ECDSA key in /global/homes/q/qpzhang/.ssh/known_hosts:384
nid01013: Password authentication is disabled to avoid man-in-the-middle attacks.
nid01013: Keyboard-interactive authentication is disabled to avoid man-in-the-middle attacks.
nid01013: mv: cannot stat `/global/cscratch1/sd/qpzhang/spark/2250157/sparklogs/spark-qpzhang-org.apache.spark.deploy.worker.Worker-1-nid00296.out.1': No such file or directory
nid01013: mv: cannot stat `/global/cscratch1/sd/qpzhang/spark/2250157/sparklogs/spark-qpzhang-org.apache.spark.deploy.worker.Worker-1-nid00296.out': No such file or directory
nid01013: starting org.apache.spark.deploy.worker.Worker, logging to /global/cscratch1/sd/qpzhang/spark/2250157/sparklogs/spark-qpzhang-org.apache.spark.deploy.worker.Worker-1-nid00296.out
