writing to /global/cscratch1/sd/qpzhang/spark_env
starting org.apache.spark.deploy.master.Master, logging to /global/cscratch1/sd/qpzhang/spark/2253725/sparklogs/spark-qpzhang-org.apache.spark.deploy.master.Master-1-nid01317.out
/global/common/cori/software/spark/1.5.1/sbin/..
nid01318: doing ssh -o StrictHostKeyChecking=no nid01318  cd /global/common/cori/software/spark/1.5.1/sbin/.. ; /usr/common/software/spark/1.5.1/sbin/start-slave.sh spark://nid01317:7077
nid01319: doing ssh -o StrictHostKeyChecking=no nid01319  cd /global/common/cori/software/spark/1.5.1/sbin/.. ; /usr/common/software/spark/1.5.1/sbin/start-slave.sh spark://nid01317:7077
nid01320: doing ssh -o StrictHostKeyChecking=no nid01320  cd /global/common/cori/software/spark/1.5.1/sbin/.. ; /usr/common/software/spark/1.5.1/sbin/start-slave.sh spark://nid01317:7077
nid01321: doing ssh -o StrictHostKeyChecking=no nid01321  cd /global/common/cori/software/spark/1.5.1/sbin/.. ; /usr/common/software/spark/1.5.1/sbin/start-slave.sh spark://nid01317:7077
nid01322: doing ssh -o StrictHostKeyChecking=no nid01322  cd /global/common/cori/software/spark/1.5.1/sbin/.. ; /usr/common/software/spark/1.5.1/sbin/start-slave.sh spark://nid01317:7077
nid01323: doing ssh -o StrictHostKeyChecking=no nid01323  cd /global/common/cori/software/spark/1.5.1/sbin/.. ; /usr/common/software/spark/1.5.1/sbin/start-slave.sh spark://nid01317:7077
nid01324: doing ssh -o StrictHostKeyChecking=no nid01324  cd /global/common/cori/software/spark/1.5.1/sbin/.. ; /usr/common/software/spark/1.5.1/sbin/start-slave.sh spark://nid01317:7077
nid01325: doing ssh -o StrictHostKeyChecking=no nid01325  cd /global/common/cori/software/spark/1.5.1/sbin/.. ; /usr/common/software/spark/1.5.1/sbin/start-slave.sh spark://nid01317:7077
nid01326: doing ssh -o StrictHostKeyChecking=no nid01326  cd /global/common/cori/software/spark/1.5.1/sbin/.. ; /usr/common/software/spark/1.5.1/sbin/start-slave.sh spark://nid01317:7077
nid01327: doing ssh -o StrictHostKeyChecking=no nid01327  cd /global/common/cori/software/spark/1.5.1/sbin/.. ; /usr/common/software/spark/1.5.1/sbin/start-slave.sh spark://nid01317:7077
nid01328: doing ssh -o StrictHostKeyChecking=no nid01328  cd /global/common/cori/software/spark/1.5.1/sbin/.. ; /usr/common/software/spark/1.5.1/sbin/start-slave.sh spark://nid01317:7077
nid01329: doing ssh -o StrictHostKeyChecking=no nid01329  cd /global/common/cori/software/spark/1.5.1/sbin/.. ; /usr/common/software/spark/1.5.1/sbin/start-slave.sh spark://nid01317:7077
nid01330: doing ssh -o StrictHostKeyChecking=no nid01330  cd /global/common/cori/software/spark/1.5.1/sbin/.. ; /usr/common/software/spark/1.5.1/sbin/start-slave.sh spark://nid01317:7077
nid01331: doing ssh -o StrictHostKeyChecking=no nid01331  cd /global/common/cori/software/spark/1.5.1/sbin/.. ; /usr/common/software/spark/1.5.1/sbin/start-slave.sh spark://nid01317:7077
nid01332: doing ssh -o StrictHostKeyChecking=no nid01332  cd /global/common/cori/software/spark/1.5.1/sbin/.. ; /usr/common/software/spark/1.5.1/sbin/start-slave.sh spark://nid01317:7077
nid01508: doing ssh -o StrictHostKeyChecking=no nid01508  cd /global/common/cori/software/spark/1.5.1/sbin/.. ; /usr/common/software/spark/1.5.1/sbin/start-slave.sh spark://nid01317:7077
nid01509: doing ssh -o StrictHostKeyChecking=no nid01509  cd /global/common/cori/software/spark/1.5.1/sbin/.. ; /usr/common/software/spark/1.5.1/sbin/start-slave.sh spark://nid01317:7077
nid01510: doing ssh -o StrictHostKeyChecking=no nid01510  cd /global/common/cori/software/spark/1.5.1/sbin/.. ; /usr/common/software/spark/1.5.1/sbin/start-slave.sh spark://nid01317:7077
nid01511: doing ssh -o StrictHostKeyChecking=no nid01511  cd /global/common/cori/software/spark/1.5.1/sbin/.. ; /usr/common/software/spark/1.5.1/sbin/start-slave.sh spark://nid01317:7077
nid02205: doing ssh -o StrictHostKeyChecking=no nid02205  cd /global/common/cori/software/spark/1.5.1/sbin/.. ; /usr/common/software/spark/1.5.1/sbin/start-slave.sh spark://nid01317:7077
nid02206: doing ssh -o StrictHostKeyChecking=no nid02206  cd /global/common/cori/software/spark/1.5.1/sbin/.. ; /usr/common/software/spark/1.5.1/sbin/start-slave.sh spark://nid01317:7077
nid02207: doing ssh -o StrictHostKeyChecking=no nid02207  cd /global/common/cori/software/spark/1.5.1/sbin/.. ; /usr/common/software/spark/1.5.1/sbin/start-slave.sh spark://nid01317:7077
nid02208: doing ssh -o StrictHostKeyChecking=no nid02208  cd /global/common/cori/software/spark/1.5.1/sbin/.. ; /usr/common/software/spark/1.5.1/sbin/start-slave.sh spark://nid01317:7077
nid02209: doing ssh -o StrictHostKeyChecking=no nid02209  cd /global/common/cori/software/spark/1.5.1/sbin/.. ; /usr/common/software/spark/1.5.1/sbin/start-slave.sh spark://nid01317:7077
nid02210: doing ssh -o StrictHostKeyChecking=no nid02210  cd /global/common/cori/software/spark/1.5.1/sbin/.. ; /usr/common/software/spark/1.5.1/sbin/start-slave.sh spark://nid01317:7077
nid02211: doing ssh -o StrictHostKeyChecking=no nid02211  cd /global/common/cori/software/spark/1.5.1/sbin/.. ; /usr/common/software/spark/1.5.1/sbin/start-slave.sh spark://nid01317:7077
nid02212: doing ssh -o StrictHostKeyChecking=no nid02212  cd /global/common/cori/software/spark/1.5.1/sbin/.. ; /usr/common/software/spark/1.5.1/sbin/start-slave.sh spark://nid01317:7077
nid02213: doing ssh -o StrictHostKeyChecking=no nid02213  cd /global/common/cori/software/spark/1.5.1/sbin/.. ; /usr/common/software/spark/1.5.1/sbin/start-slave.sh spark://nid01317:7077
nid02214: doing ssh -o StrictHostKeyChecking=no nid02214  cd /global/common/cori/software/spark/1.5.1/sbin/.. ; /usr/common/software/spark/1.5.1/sbin/start-slave.sh spark://nid01317:7077
nid02215: doing ssh -o StrictHostKeyChecking=no nid02215  cd /global/common/cori/software/spark/1.5.1/sbin/.. ; /usr/common/software/spark/1.5.1/sbin/start-slave.sh spark://nid01317:7077
nid02216: doing ssh -o StrictHostKeyChecking=no nid02216  cd /global/common/cori/software/spark/1.5.1/sbin/.. ; /usr/common/software/spark/1.5.1/sbin/start-slave.sh spark://nid01317:7077
nid02217: doing ssh -o StrictHostKeyChecking=no nid02217  cd /global/common/cori/software/spark/1.5.1/sbin/.. ; /usr/common/software/spark/1.5.1/sbin/start-slave.sh spark://nid01317:7077
nid02218: doing ssh -o StrictHostKeyChecking=no nid02218  cd /global/common/cori/software/spark/1.5.1/sbin/.. ; /usr/common/software/spark/1.5.1/sbin/start-slave.sh spark://nid01317:7077
nid02219: doing ssh -o StrictHostKeyChecking=no nid02219  cd /global/common/cori/software/spark/1.5.1/sbin/.. ; /usr/common/software/spark/1.5.1/sbin/start-slave.sh spark://nid01317:7077
nid02220: doing ssh -o StrictHostKeyChecking=no nid02220  cd /global/common/cori/software/spark/1.5.1/sbin/.. ; /usr/common/software/spark/1.5.1/sbin/start-slave.sh spark://nid01317:7077
nid02221: doing ssh -o StrictHostKeyChecking=no nid02221  cd /global/common/cori/software/spark/1.5.1/sbin/.. ; /usr/common/software/spark/1.5.1/sbin/start-slave.sh spark://nid01317:7077
nid02222: doing ssh -o StrictHostKeyChecking=no nid02222  cd /global/common/cori/software/spark/1.5.1/sbin/.. ; /usr/common/software/spark/1.5.1/sbin/start-slave.sh spark://nid01317:7077
nid02223: doing ssh -o StrictHostKeyChecking=no nid02223  cd /global/common/cori/software/spark/1.5.1/sbin/.. ; /usr/common/software/spark/1.5.1/sbin/start-slave.sh spark://nid01317:7077
nid02224: doing ssh -o StrictHostKeyChecking=no nid02224  cd /global/common/cori/software/spark/1.5.1/sbin/.. ; /usr/common/software/spark/1.5.1/sbin/start-slave.sh spark://nid01317:7077
nid01321: Warning: Permanently added '[nid01321]:204,[10.128.5.52]:204' (ECDSA) to the list of known hosts.
nid01321: starting org.apache.spark.deploy.worker.Worker, logging to /global/cscratch1/sd/qpzhang/spark/2253725/sparklogs/spark-qpzhang-org.apache.spark.deploy.worker.Worker-1-nid01317.out
nid01323: @@@@@@@@@@@@@@@@@@@@@@@@@@@@@@@@@@@@@@@@@@@@@@@@@@@@@@@@@@@
nid01323: @    WARNING: REMOTE HOST IDENTIFICATION HAS CHANGED!     @
nid01323: @@@@@@@@@@@@@@@@@@@@@@@@@@@@@@@@@@@@@@@@@@@@@@@@@@@@@@@@@@@
nid01323: IT IS POSSIBLE THAT SOMEONE IS DOING SOMETHING NASTY!
nid01323: Someone could be eavesdropping on you right now (man-in-the-middle attack)!
nid01323: It is also possible that a host key has just been changed.
nid01323: The fingerprint for the ECDSA key sent by the remote host is
nid01323: SHA256:WtrDtxexB88Z7fOo9/A/nXxWez4oIjiBNMyRIHeXLQg.
nid01323: Please contact your system administrator.
nid01323: Add correct host key in /global/homes/q/qpzhang/.ssh/known_hosts to get rid of this message.
nid01323: Offending ECDSA key in /global/homes/q/qpzhang/.ssh/known_hosts:250
nid01323: Password authentication is disabled to avoid man-in-the-middle attacks.
nid01323: Keyboard-interactive authentication is disabled to avoid man-in-the-middle attacks.
nid01323: mv: cannot move `/global/cscratch1/sd/qpzhang/spark/2253725/sparklogs/spark-qpzhang-org.apache.spark.deploy.worker.Worker-1-nid01317.out.2' to `/global/cscratch1/sd/qpzhang/spark/2253725/sparklogs/spark-qpzhang-org.apache.spark.deploy.worker.Worker-1-nid01317.out.3': No such file or directory
nid01323: mv: `/global/cscratch1/sd/qpzhang/spark/2253725/sparklogs/spark-qpzhang-org.apache.spark.deploy.worker.Worker-1-nid01317.out.1' and `/global/cscratch1/sd/qpzhang/spark/2253725/sparklogs/spark-qpzhang-org.apache.spark.deploy.worker.Worker-1-nid01317.out.2' are the same file
nid01323: starting org.apache.spark.deploy.worker.Worker, logging to /global/cscratch1/sd/qpzhang/spark/2253725/sparklogs/spark-qpzhang-org.apache.spark.deploy.worker.Worker-1-nid01317.out
nid01508: @@@@@@@@@@@@@@@@@@@@@@@@@@@@@@@@@@@@@@@@@@@@@@@@@@@@@@@@@@@
nid01508: @    WARNING: REMOTE HOST IDENTIFICATION HAS CHANGED!     @
nid01508: @@@@@@@@@@@@@@@@@@@@@@@@@@@@@@@@@@@@@@@@@@@@@@@@@@@@@@@@@@@
nid01508: IT IS POSSIBLE THAT SOMEONE IS DOING SOMETHING NASTY!
nid01508: Someone could be eavesdropping on you right now (man-in-the-middle attack)!
nid01508: It is also possible that a host key has just been changed.
nid01508: The fingerprint for the ECDSA key sent by the remote host is
nid01508: SHA256:5zo7VPH9BrGMzzz1jLpyaIZPal0v55I1EVd5YBFSbRg.
nid01508: Please contact your system administrator.
nid01508: Add correct host key in /global/homes/q/qpzhang/.ssh/known_hosts to get rid of this message.
nid01508: Offending ECDSA key in /global/homes/q/qpzhang/.ssh/known_hosts:428
nid01508: Password authentication is disabled to avoid man-in-the-middle attacks.
nid01508: Keyboard-interactive authentication is disabled to avoid man-in-the-middle attacks.
nid01508: starting org.apache.spark.deploy.worker.Worker, logging to /global/cscratch1/sd/qpzhang/spark/2253725/sparklogs/spark-qpzhang-org.apache.spark.deploy.worker.Worker-1-nid01317.out
nid01324: @@@@@@@@@@@@@@@@@@@@@@@@@@@@@@@@@@@@@@@@@@@@@@@@@@@@@@@@@@@
nid01324: @    WARNING: REMOTE HOST IDENTIFICATION HAS CHANGED!     @
nid01324: @@@@@@@@@@@@@@@@@@@@@@@@@@@@@@@@@@@@@@@@@@@@@@@@@@@@@@@@@@@
nid01324: IT IS POSSIBLE THAT SOMEONE IS DOING SOMETHING NASTY!
nid01324: Someone could be eavesdropping on you right now (man-in-the-middle attack)!
nid01324: It is also possible that a host key has just been changed.
nid01324: The fingerprint for the ECDSA key sent by the remote host is
nid01324: SHA256:ZbzRY5unzbWdEnGRu1aDoeFZ5QTjDfrpKRo8La4L5m0.
nid01324: Please contact your system administrator.
nid01324: Add correct host key in /global/homes/q/qpzhang/.ssh/known_hosts to get rid of this message.
nid01324: Offending ECDSA key in /global/homes/q/qpzhang/.ssh/known_hosts:782
nid01324: Password authentication is disabled to avoid man-in-the-middle attacks.
nid01324: Keyboard-interactive authentication is disabled to avoid man-in-the-middle attacks.
nid01324: mv: cannot move `/global/cscratch1/sd/qpzhang/spark/2253725/sparklogs/spark-qpzhang-org.apache.spark.deploy.worker.Worker-1-nid01317.out.2' to `/global/cscratch1/sd/qpzhang/spark/2253725/sparklogs/spark-qpzhang-org.apache.spark.deploy.worker.Worker-1-nid01317.out.3': No such file or directory
nid01324: mv: cannot stat `/global/cscratch1/sd/qpzhang/spark/2253725/sparklogs/spark-qpzhang-org.apache.spark.deploy.worker.Worker-1-nid01317.out.1': No such file or directory
nid01324: mv: cannot stat `/global/cscratch1/sd/qpzhang/spark/2253725/sparklogs/spark-qpzhang-org.apache.spark.deploy.worker.Worker-1-nid01317.out': No such file or directory
nid01324: starting org.apache.spark.deploy.worker.Worker, logging to /global/cscratch1/sd/qpzhang/spark/2253725/sparklogs/spark-qpzhang-org.apache.spark.deploy.worker.Worker-1-nid01317.out
nid01509: Warning: Permanently added '[nid01509]:204,[10.128.5.240]:204' (ECDSA) to the list of known hosts.
nid01509: starting org.apache.spark.deploy.worker.Worker, logging to /global/cscratch1/sd/qpzhang/spark/2253725/sparklogs/spark-qpzhang-org.apache.spark.deploy.worker.Worker-1-nid01317.out
nid01320: Warning: Permanently added '[nid01320]:204,[10.128.5.51]:204' (ECDSA) to the list of known hosts.
nid01320: mv: cannot stat `/global/cscratch1/sd/qpzhang/spark/2253725/sparklogs/spark-qpzhang-org.apache.spark.deploy.worker.Worker-1-nid01317.out.3': No such file or directory
nid01320: mv: cannot stat `/global/cscratch1/sd/qpzhang/spark/2253725/sparklogs/spark-qpzhang-org.apache.spark.deploy.worker.Worker-1-nid01317.out.2': No such file or directory
nid01320: mv: cannot move `/global/cscratch1/sd/qpzhang/spark/2253725/sparklogs/spark-qpzhang-org.apache.spark.deploy.worker.Worker-1-nid01317.out.1' to `/global/cscratch1/sd/qpzhang/spark/2253725/sparklogs/spark-qpzhang-org.apache.spark.deploy.worker.Worker-1-nid01317.out.2': No such file or directory
nid01320: mv: cannot stat `/global/cscratch1/sd/qpzhang/spark/2253725/sparklogs/spark-qpzhang-org.apache.spark.deploy.worker.Worker-1-nid01317.out': No such file or directory
nid01320: starting org.apache.spark.deploy.worker.Worker, logging to /global/cscratch1/sd/qpzhang/spark/2253725/sparklogs/spark-qpzhang-org.apache.spark.deploy.worker.Worker-1-nid01317.out
nid01322: Warning: Permanently added '[nid01322]:204,[10.128.5.53]:204' (ECDSA) to the list of known hosts.
nid01322: mv: cannot move `/global/cscratch1/sd/qpzhang/spark/2253725/sparklogs/spark-qpzhang-org.apache.spark.deploy.worker.Worker-1-nid01317.out.1' to `/global/cscratch1/sd/qpzhang/spark/2253725/sparklogs/spark-qpzhang-org.apache.spark.deploy.worker.Worker-1-nid01317.out.2': No such file or directory
nid01322: starting org.apache.spark.deploy.worker.Worker, logging to /global/cscratch1/sd/qpzhang/spark/2253725/sparklogs/spark-qpzhang-org.apache.spark.deploy.worker.Worker-1-nid01317.out
nid01318: Warning: Permanently added '[nid01318]:204,[10.128.5.49]:204' (ECDSA) to the list of known hosts.
nid01318: mv: cannot stat `/global/cscratch1/sd/qpzhang/spark/2253725/sparklogs/spark-qpzhang-org.apache.spark.deploy.worker.Worker-1-nid01317.out.2': No such file or directory
nid01318: mv: cannot move `/global/cscratch1/sd/qpzhang/spark/2253725/sparklogs/spark-qpzhang-org.apache.spark.deploy.worker.Worker-1-nid01317.out.1' to `/global/cscratch1/sd/qpzhang/spark/2253725/sparklogs/spark-qpzhang-org.apache.spark.deploy.worker.Worker-1-nid01317.out.2': No such file or directory
nid01318: mv: cannot stat `/global/cscratch1/sd/qpzhang/spark/2253725/sparklogs/spark-qpzhang-org.apache.spark.deploy.worker.Worker-1-nid01317.out': No such file or directory
nid01318: starting org.apache.spark.deploy.worker.Worker, logging to /global/cscratch1/sd/qpzhang/spark/2253725/sparklogs/spark-qpzhang-org.apache.spark.deploy.worker.Worker-1-nid01317.out
nid01319: Warning: Permanently added '[nid01319]:204,[10.128.5.50]:204' (ECDSA) to the list of known hosts.
nid01319: mv: cannot stat `/global/cscratch1/sd/qpzhang/spark/2253725/sparklogs/spark-qpzhang-org.apache.spark.deploy.worker.Worker-1-nid01317.out.3': No such file or directory
nid01319: mv: cannot stat `/global/cscratch1/sd/qpzhang/spark/2253725/sparklogs/spark-qpzhang-org.apache.spark.deploy.worker.Worker-1-nid01317.out.2': No such file or directory
nid01319: mv: cannot move `/global/cscratch1/sd/qpzhang/spark/2253725/sparklogs/spark-qpzhang-org.apache.spark.deploy.worker.Worker-1-nid01317.out.1' to `/global/cscratch1/sd/qpzhang/spark/2253725/sparklogs/spark-qpzhang-org.apache.spark.deploy.worker.Worker-1-nid01317.out.2': No such file or directory
nid01319: mv: cannot stat `/global/cscratch1/sd/qpzhang/spark/2253725/sparklogs/spark-qpzhang-org.apache.spark.deploy.worker.Worker-1-nid01317.out': No such file or directory
nid01319: starting org.apache.spark.deploy.worker.Worker, logging to /global/cscratch1/sd/qpzhang/spark/2253725/sparklogs/spark-qpzhang-org.apache.spark.deploy.worker.Worker-1-nid01317.out
nid01325: @@@@@@@@@@@@@@@@@@@@@@@@@@@@@@@@@@@@@@@@@@@@@@@@@@@@@@@@@@@
nid01325: @    WARNING: REMOTE HOST IDENTIFICATION HAS CHANGED!     @
nid01325: @@@@@@@@@@@@@@@@@@@@@@@@@@@@@@@@@@@@@@@@@@@@@@@@@@@@@@@@@@@
nid01325: IT IS POSSIBLE THAT SOMEONE IS DOING SOMETHING NASTY!
nid01325: Someone could be eavesdropping on you right now (man-in-the-middle attack)!
nid01325: It is also possible that a host key has just been changed.
nid01325: The fingerprint for the ECDSA key sent by the remote host is
nid01325: SHA256:FeLgUBBfL+QdT41e64UMjmWarFLqExGQtS9YDQZQBBk.
nid01325: Please contact your system administrator.
nid01325: Add correct host key in /global/homes/q/qpzhang/.ssh/known_hosts to get rid of this message.
nid01325: Offending ECDSA key in /global/homes/q/qpzhang/.ssh/known_hosts:784
nid01325: Password authentication is disabled to avoid man-in-the-middle attacks.
nid01325: Keyboard-interactive authentication is disabled to avoid man-in-the-middle attacks.
nid01325: mv: cannot stat `/global/cscratch1/sd/qpzhang/spark/2253725/sparklogs/spark-qpzhang-org.apache.spark.deploy.worker.Worker-1-nid01317.out.4': No such file or directory
nid01325: mv: cannot move `/global/cscratch1/sd/qpzhang/spark/2253725/sparklogs/spark-qpzhang-org.apache.spark.deploy.worker.Worker-1-nid01317.out.3' to `/global/cscratch1/sd/qpzhang/spark/2253725/sparklogs/spark-qpzhang-org.apache.spark.deploy.worker.Worker-1-nid01317.out.4': No such file or directory
nid01325: mv: cannot move `/global/cscratch1/sd/qpzhang/spark/2253725/sparklogs/spark-qpzhang-org.apache.spark.deploy.worker.Worker-1-nid01317.out.2' to `/global/cscratch1/sd/qpzhang/spark/2253725/sparklogs/spark-qpzhang-org.apache.spark.deploy.worker.Worker-1-nid01317.out.3': No such file or directory
nid01325: starting org.apache.spark.deploy.worker.Worker, logging to /global/cscratch1/sd/qpzhang/spark/2253725/sparklogs/spark-qpzhang-org.apache.spark.deploy.worker.Worker-1-nid01317.out
nid01330: @@@@@@@@@@@@@@@@@@@@@@@@@@@@@@@@@@@@@@@@@@@@@@@@@@@@@@@@@@@
nid01330: @    WARNING: REMOTE HOST IDENTIFICATION HAS CHANGED!     @
nid01330: @@@@@@@@@@@@@@@@@@@@@@@@@@@@@@@@@@@@@@@@@@@@@@@@@@@@@@@@@@@
nid01330: IT IS POSSIBLE THAT SOMEONE IS DOING SOMETHING NASTY!
nid01330: Someone could be eavesdropping on you right now (man-in-the-middle attack)!
nid01330: It is also possible that a host key has just been changed.
nid01330: The fingerprint for the ECDSA key sent by the remote host is
nid01330: SHA256:OFKIgJjOWpn8VqU9r+CzTwFFS0UoM2OquCHgSpKrUVU.
nid01330: Please contact your system administrator.
nid01330: Add correct host key in /global/homes/q/qpzhang/.ssh/known_hosts to get rid of this message.
nid01330: Offending ECDSA key in /global/homes/q/qpzhang/.ssh/known_hosts:788
nid01330: Password authentication is disabled to avoid man-in-the-middle attacks.
nid01330: Keyboard-interactive authentication is disabled to avoid man-in-the-middle attacks.
nid01330: starting org.apache.spark.deploy.worker.Worker, logging to /global/cscratch1/sd/qpzhang/spark/2253725/sparklogs/spark-qpzhang-org.apache.spark.deploy.worker.Worker-1-nid01317.out
nid01327: @@@@@@@@@@@@@@@@@@@@@@@@@@@@@@@@@@@@@@@@@@@@@@@@@@@@@@@@@@@
nid01327: @    WARNING: REMOTE HOST IDENTIFICATION HAS CHANGED!     @
nid01327: @@@@@@@@@@@@@@@@@@@@@@@@@@@@@@@@@@@@@@@@@@@@@@@@@@@@@@@@@@@
nid01327: IT IS POSSIBLE THAT SOMEONE IS DOING SOMETHING NASTY!
nid01327: Someone could be eavesdropping on you right now (man-in-the-middle attack)!
nid01327: It is also possible that a host key has just been changed.
nid01327: The fingerprint for the ECDSA key sent by the remote host is
nid01327: SHA256:x6Axfd19iGkSll99ozjJxDfiN6ZCTYu1toDKoxbPrOQ.
nid01327: Please contact your system administrator.
nid01327: Add correct host key in /global/homes/q/qpzhang/.ssh/known_hosts to get rid of this message.
nid01327: Offending ECDSA key in /global/homes/q/qpzhang/.ssh/known_hosts:785
nid01327: Password authentication is disabled to avoid man-in-the-middle attacks.
nid01327: Keyboard-interactive authentication is disabled to avoid man-in-the-middle attacks.
nid01327: mv: cannot stat `/global/cscratch1/sd/qpzhang/spark/2253725/sparklogs/spark-qpzhang-org.apache.spark.deploy.worker.Worker-1-nid01317.out.3': No such file or directory
nid01327: mv: cannot stat `/global/cscratch1/sd/qpzhang/spark/2253725/sparklogs/spark-qpzhang-org.apache.spark.deploy.worker.Worker-1-nid01317.out.2': No such file or directory
nid01327: mv: cannot move `/global/cscratch1/sd/qpzhang/spark/2253725/sparklogs/spark-qpzhang-org.apache.spark.deploy.worker.Worker-1-nid01317.out.1' to `/global/cscratch1/sd/qpzhang/spark/2253725/sparklogs/spark-qpzhang-org.apache.spark.deploy.worker.Worker-1-nid01317.out.2': No such file or directory
nid01327: mv: cannot move `/global/cscratch1/sd/qpzhang/spark/2253725/sparklogs/spark-qpzhang-org.apache.spark.deploy.worker.Worker-1-nid01317.out' to `/global/cscratch1/sd/qpzhang/spark/2253725/sparklogs/spark-qpzhang-org.apache.spark.deploy.worker.Worker-1-nid01317.out.1': No such file or directory
nid01327: starting org.apache.spark.deploy.worker.Worker, logging to /global/cscratch1/sd/qpzhang/spark/2253725/sparklogs/spark-qpzhang-org.apache.spark.deploy.worker.Worker-1-nid01317.out
nid01326: @@@@@@@@@@@@@@@@@@@@@@@@@@@@@@@@@@@@@@@@@@@@@@@@@@@@@@@@@@@
nid01326: @    WARNING: REMOTE HOST IDENTIFICATION HAS CHANGED!     @
nid01326: @@@@@@@@@@@@@@@@@@@@@@@@@@@@@@@@@@@@@@@@@@@@@@@@@@@@@@@@@@@
nid01326: IT IS POSSIBLE THAT SOMEONE IS DOING SOMETHING NASTY!
nid01326: Someone could be eavesdropping on you right now (man-in-the-middle attack)!
nid01326: It is also possible that a host key has just been changed.
nid01326: The fingerprint for the ECDSA key sent by the remote host is
nid01326: SHA256:px4vF9Vy9MIW6O62zb/6fu3/aeC3cH3bNZ7q9ftkxAc.
nid01326: Please contact your system administrator.
nid01326: Add correct host key in /global/homes/q/qpzhang/.ssh/known_hosts to get rid of this message.
nid01326: Offending ECDSA key in /global/homes/q/qpzhang/.ssh/known_hosts:783
nid01326: Password authentication is disabled to avoid man-in-the-middle attacks.
nid01326: Keyboard-interactive authentication is disabled to avoid man-in-the-middle attacks.
nid01326: mv: cannot stat `/global/cscratch1/sd/qpzhang/spark/2253725/sparklogs/spark-qpzhang-org.apache.spark.deploy.worker.Worker-1-nid01317.out.3': No such file or directory
nid01326: mv: `/global/cscratch1/sd/qpzhang/spark/2253725/sparklogs/spark-qpzhang-org.apache.spark.deploy.worker.Worker-1-nid01317.out.2' and `/global/cscratch1/sd/qpzhang/spark/2253725/sparklogs/spark-qpzhang-org.apache.spark.deploy.worker.Worker-1-nid01317.out.3' are the same file
nid01326: mv: cannot move `/global/cscratch1/sd/qpzhang/spark/2253725/sparklogs/spark-qpzhang-org.apache.spark.deploy.worker.Worker-1-nid01317.out.1' to `/global/cscratch1/sd/qpzhang/spark/2253725/sparklogs/spark-qpzhang-org.apache.spark.deploy.worker.Worker-1-nid01317.out.2': No such file or directory
nid01326: starting org.apache.spark.deploy.worker.Worker, logging to /global/cscratch1/sd/qpzhang/spark/2253725/sparklogs/spark-qpzhang-org.apache.spark.deploy.worker.Worker-1-nid01317.out
nid01510: Warning: Permanently added '[nid01510]:204,[10.128.5.241]:204' (ECDSA) to the list of known hosts.
nid01510: mv: cannot move `/global/cscratch1/sd/qpzhang/spark/2253725/sparklogs/spark-qpzhang-org.apache.spark.deploy.worker.Worker-1-nid01317.out.1' to `/global/cscratch1/sd/qpzhang/spark/2253725/sparklogs/spark-qpzhang-org.apache.spark.deploy.worker.Worker-1-nid01317.out.2': No such file or directory
nid01510: mv: `/global/cscratch1/sd/qpzhang/spark/2253725/sparklogs/spark-qpzhang-org.apache.spark.deploy.worker.Worker-1-nid01317.out' and `/global/cscratch1/sd/qpzhang/spark/2253725/sparklogs/spark-qpzhang-org.apache.spark.deploy.worker.Worker-1-nid01317.out.1' are the same file
nid01510: starting org.apache.spark.deploy.worker.Worker, logging to /global/cscratch1/sd/qpzhang/spark/2253725/sparklogs/spark-qpzhang-org.apache.spark.deploy.worker.Worker-1-nid01317.out
nid01329: @@@@@@@@@@@@@@@@@@@@@@@@@@@@@@@@@@@@@@@@@@@@@@@@@@@@@@@@@@@
nid01329: @    WARNING: REMOTE HOST IDENTIFICATION HAS CHANGED!     @
nid01329: @@@@@@@@@@@@@@@@@@@@@@@@@@@@@@@@@@@@@@@@@@@@@@@@@@@@@@@@@@@
nid01329: IT IS POSSIBLE THAT SOMEONE IS DOING SOMETHING NASTY!
nid01329: Someone could be eavesdropping on you right now (man-in-the-middle attack)!
nid01329: It is also possible that a host key has just been changed.
nid01329: The fingerprint for the ECDSA key sent by the remote host is
nid01329: SHA256:LmprOTOoYjpi77OSF9d03wVRl27Ja825sSOQWmugYso.
nid01329: Please contact your system administrator.
nid01329: Add correct host key in /global/homes/q/qpzhang/.ssh/known_hosts to get rid of this message.
nid01329: Offending ECDSA key in /global/homes/q/qpzhang/.ssh/known_hosts:787
nid01329: Password authentication is disabled to avoid man-in-the-middle attacks.
nid01329: Keyboard-interactive authentication is disabled to avoid man-in-the-middle attacks.
nid01329: mv: cannot move `/global/cscratch1/sd/qpzhang/spark/2253725/sparklogs/spark-qpzhang-org.apache.spark.deploy.worker.Worker-1-nid01317.out.3' to `/global/cscratch1/sd/qpzhang/spark/2253725/sparklogs/spark-qpzhang-org.apache.spark.deploy.worker.Worker-1-nid01317.out.4': No such file or directory
nid01329: mv: cannot stat `/global/cscratch1/sd/qpzhang/spark/2253725/sparklogs/spark-qpzhang-org.apache.spark.deploy.worker.Worker-1-nid01317.out.2': No such file or directory
nid01329: mv: cannot move `/global/cscratch1/sd/qpzhang/spark/2253725/sparklogs/spark-qpzhang-org.apache.spark.deploy.worker.Worker-1-nid01317.out.1' to `/global/cscratch1/sd/qpzhang/spark/2253725/sparklogs/spark-qpzhang-org.apache.spark.deploy.worker.Worker-1-nid01317.out.2': No such file or directory
nid01329: mv: cannot stat `/global/cscratch1/sd/qpzhang/spark/2253725/sparklogs/spark-qpzhang-org.apache.spark.deploy.worker.Worker-1-nid01317.out': No such file or directory
nid01329: starting org.apache.spark.deploy.worker.Worker, logging to /global/cscratch1/sd/qpzhang/spark/2253725/sparklogs/spark-qpzhang-org.apache.spark.deploy.worker.Worker-1-nid01317.out
nid01511: Warning: Permanently added '[nid01511]:204,[10.128.5.242]:204' (ECDSA) to the list of known hosts.
nid01511: mv: cannot move `/global/cscratch1/sd/qpzhang/spark/2253725/sparklogs/spark-qpzhang-org.apache.spark.deploy.worker.Worker-1-nid01317.out.3' to `/global/cscratch1/sd/qpzhang/spark/2253725/sparklogs/spark-qpzhang-org.apache.spark.deploy.worker.Worker-1-nid01317.out.4': No such file or directory
nid01511: mv: cannot move `/global/cscratch1/sd/qpzhang/spark/2253725/sparklogs/spark-qpzhang-org.apache.spark.deploy.worker.Worker-1-nid01317.out.2' to `/global/cscratch1/sd/qpzhang/spark/2253725/sparklogs/spark-qpzhang-org.apache.spark.deploy.worker.Worker-1-nid01317.out.3': No such file or directory
nid01511: starting org.apache.spark.deploy.worker.Worker, logging to /global/cscratch1/sd/qpzhang/spark/2253725/sparklogs/spark-qpzhang-org.apache.spark.deploy.worker.Worker-1-nid01317.out
nid01331: @@@@@@@@@@@@@@@@@@@@@@@@@@@@@@@@@@@@@@@@@@@@@@@@@@@@@@@@@@@
nid01331: @    WARNING: REMOTE HOST IDENTIFICATION HAS CHANGED!     @
nid01331: @@@@@@@@@@@@@@@@@@@@@@@@@@@@@@@@@@@@@@@@@@@@@@@@@@@@@@@@@@@
nid01331: IT IS POSSIBLE THAT SOMEONE IS DOING SOMETHING NASTY!
nid01331: Someone could be eavesdropping on you right now (man-in-the-middle attack)!
nid01331: It is also possible that a host key has just been changed.
nid01331: The fingerprint for the ECDSA key sent by the remote host is
nid01331: SHA256:hk1l/BFWh7GiK2rfwNG2HFMcVuRVuQMEy2uIt0z8cEY.
nid01331: Please contact your system administrator.
nid01331: Add correct host key in /global/homes/q/qpzhang/.ssh/known_hosts to get rid of this message.
nid01331: Offending ECDSA key in /global/homes/q/qpzhang/.ssh/known_hosts:789
nid01331: Password authentication is disabled to avoid man-in-the-middle attacks.
nid01331: Keyboard-interactive authentication is disabled to avoid man-in-the-middle attacks.
nid01331: mv: cannot move `/global/cscratch1/sd/qpzhang/spark/2253725/sparklogs/spark-qpzhang-org.apache.spark.deploy.worker.Worker-1-nid01317.out.3' to `/global/cscratch1/sd/qpzhang/spark/2253725/sparklogs/spark-qpzhang-org.apache.spark.deploy.worker.Worker-1-nid01317.out.4': No such file or directory
nid01331: mv: cannot stat `/global/cscratch1/sd/qpzhang/spark/2253725/sparklogs/spark-qpzhang-org.apache.spark.deploy.worker.Worker-1-nid01317.out.2': No such file or directory
nid01331: mv: cannot move `/global/cscratch1/sd/qpzhang/spark/2253725/sparklogs/spark-qpzhang-org.apache.spark.deploy.worker.Worker-1-nid01317.out.1' to `/global/cscratch1/sd/qpzhang/spark/2253725/sparklogs/spark-qpzhang-org.apache.spark.deploy.worker.Worker-1-nid01317.out.2': No such file or directory
nid01331: mv: cannot stat `/global/cscratch1/sd/qpzhang/spark/2253725/sparklogs/spark-qpzhang-org.apache.spark.deploy.worker.Worker-1-nid01317.out': No such file or directory
nid01331: starting org.apache.spark.deploy.worker.Worker, logging to /global/cscratch1/sd/qpzhang/spark/2253725/sparklogs/spark-qpzhang-org.apache.spark.deploy.worker.Worker-1-nid01317.out
nid01332: @@@@@@@@@@@@@@@@@@@@@@@@@@@@@@@@@@@@@@@@@@@@@@@@@@@@@@@@@@@
nid01332: @    WARNING: REMOTE HOST IDENTIFICATION HAS CHANGED!     @
nid01332: @@@@@@@@@@@@@@@@@@@@@@@@@@@@@@@@@@@@@@@@@@@@@@@@@@@@@@@@@@@
nid01332: IT IS POSSIBLE THAT SOMEONE IS DOING SOMETHING NASTY!
nid01332: Someone could be eavesdropping on you right now (man-in-the-middle attack)!
nid01332: It is also possible that a host key has just been changed.
nid01332: The fingerprint for the ECDSA key sent by the remote host is
nid01332: SHA256:q5sTT+owmZ6i0jvJVRsZHOKM7Jt46PaDPrq4Q/BcBvA.
nid01332: Please contact your system administrator.
nid01332: Add correct host key in /global/homes/q/qpzhang/.ssh/known_hosts to get rid of this message.
nid01332: Offending ECDSA key in /global/homes/q/qpzhang/.ssh/known_hosts:790
nid01332: Password authentication is disabled to avoid man-in-the-middle attacks.
nid01332: Keyboard-interactive authentication is disabled to avoid man-in-the-middle attacks.
nid01332: starting org.apache.spark.deploy.worker.Worker, logging to /global/cscratch1/sd/qpzhang/spark/2253725/sparklogs/spark-qpzhang-org.apache.spark.deploy.worker.Worker-1-nid01317.out
nid02213: @@@@@@@@@@@@@@@@@@@@@@@@@@@@@@@@@@@@@@@@@@@@@@@@@@@@@@@@@@@
nid02213: @    WARNING: REMOTE HOST IDENTIFICATION HAS CHANGED!     @
nid02213: @@@@@@@@@@@@@@@@@@@@@@@@@@@@@@@@@@@@@@@@@@@@@@@@@@@@@@@@@@@
nid02213: IT IS POSSIBLE THAT SOMEONE IS DOING SOMETHING NASTY!
nid02213: Someone could be eavesdropping on you right now (man-in-the-middle attack)!
nid02213: It is also possible that a host key has just been changed.
nid02213: The fingerprint for the ECDSA key sent by the remote host is
nid02213: SHA256:RpJZBVJZxzDml/BgBzgbqQqkeqMhcDVN1ah5m4JSAA8.
nid02213: Please contact your system administrator.
nid02213: Add correct host key in /global/homes/q/qpzhang/.ssh/known_hosts to get rid of this message.
nid02213: Offending ECDSA key in /global/homes/q/qpzhang/.ssh/known_hosts:650
nid02213: Password authentication is disabled to avoid man-in-the-middle attacks.
nid02213: Keyboard-interactive authentication is disabled to avoid man-in-the-middle attacks.
nid02213: mv: cannot stat `/global/cscratch1/sd/qpzhang/spark/2253725/sparklogs/spark-qpzhang-org.apache.spark.deploy.worker.Worker-1-nid01317.out.3': No such file or directory
nid02213: mv: cannot stat `/global/cscratch1/sd/qpzhang/spark/2253725/sparklogs/spark-qpzhang-org.apache.spark.deploy.worker.Worker-1-nid01317.out.2': No such file or directory
nid02213: mv: cannot stat `/global/cscratch1/sd/qpzhang/spark/2253725/sparklogs/spark-qpzhang-org.apache.spark.deploy.worker.Worker-1-nid01317.out.1': No such file or directory
nid02213: mv: cannot stat `/global/cscratch1/sd/qpzhang/spark/2253725/sparklogs/spark-qpzhang-org.apache.spark.deploy.worker.Worker-1-nid01317.out': No such file or directory
nid02213: starting org.apache.spark.deploy.worker.Worker, logging to /global/cscratch1/sd/qpzhang/spark/2253725/sparklogs/spark-qpzhang-org.apache.spark.deploy.worker.Worker-1-nid01317.out
nid02212: @@@@@@@@@@@@@@@@@@@@@@@@@@@@@@@@@@@@@@@@@@@@@@@@@@@@@@@@@@@
nid02212: @    WARNING: REMOTE HOST IDENTIFICATION HAS CHANGED!     @
nid02212: @@@@@@@@@@@@@@@@@@@@@@@@@@@@@@@@@@@@@@@@@@@@@@@@@@@@@@@@@@@
nid02212: IT IS POSSIBLE THAT SOMEONE IS DOING SOMETHING NASTY!
nid02212: Someone could be eavesdropping on you right now (man-in-the-middle attack)!
nid02212: It is also possible that a host key has just been changed.
nid02212: The fingerprint for the ECDSA key sent by the remote host is
nid02212: SHA256:nwISBrZmWJ29D8e5NR3lBzgR+NhVgViSX8rKstEAUk4.
nid02212: Please contact your system administrator.
nid02212: Add correct host key in /global/homes/q/qpzhang/.ssh/known_hosts to get rid of this message.
nid02212: Offending ECDSA key in /global/homes/q/qpzhang/.ssh/known_hosts:649
nid02212: Password authentication is disabled to avoid man-in-the-middle attacks.
nid02212: Keyboard-interactive authentication is disabled to avoid man-in-the-middle attacks.
nid02212: mv: cannot stat `/global/cscratch1/sd/qpzhang/spark/2253725/sparklogs/spark-qpzhang-org.apache.spark.deploy.worker.Worker-1-nid01317.out.2': No such file or directory
nid02212: mv: cannot stat `/global/cscratch1/sd/qpzhang/spark/2253725/sparklogs/spark-qpzhang-org.apache.spark.deploy.worker.Worker-1-nid01317.out': No such file or directory
nid02212: starting org.apache.spark.deploy.worker.Worker, logging to /global/cscratch1/sd/qpzhang/spark/2253725/sparklogs/spark-qpzhang-org.apache.spark.deploy.worker.Worker-1-nid01317.out
nid02208: @@@@@@@@@@@@@@@@@@@@@@@@@@@@@@@@@@@@@@@@@@@@@@@@@@@@@@@@@@@
nid02208: @    WARNING: REMOTE HOST IDENTIFICATION HAS CHANGED!     @
nid02208: @@@@@@@@@@@@@@@@@@@@@@@@@@@@@@@@@@@@@@@@@@@@@@@@@@@@@@@@@@@
nid02208: IT IS POSSIBLE THAT SOMEONE IS DOING SOMETHING NASTY!
nid02208: Someone could be eavesdropping on you right now (man-in-the-middle attack)!
nid02208: It is also possible that a host key has just been changed.
nid02208: The fingerprint for the ECDSA key sent by the remote host is
nid02208: SHA256:H6wyAuo/qtOjHGwbbxTu83xDHmBJDLfG92XVRx0YMAk.
nid02208: Please contact your system administrator.
nid02208: Add correct host key in /global/homes/q/qpzhang/.ssh/known_hosts to get rid of this message.
nid02208: Offending ECDSA key in /global/homes/q/qpzhang/.ssh/known_hosts:248
nid02208: Password authentication is disabled to avoid man-in-the-middle attacks.
nid02208: Keyboard-interactive authentication is disabled to avoid man-in-the-middle attacks.
nid02208: mv: cannot stat `/global/cscratch1/sd/qpzhang/spark/2253725/sparklogs/spark-qpzhang-org.apache.spark.deploy.worker.Worker-1-nid01317.out.2': No such file or directory
nid02208: mv: `/global/cscratch1/sd/qpzhang/spark/2253725/sparklogs/spark-qpzhang-org.apache.spark.deploy.worker.Worker-1-nid01317.out' and `/global/cscratch1/sd/qpzhang/spark/2253725/sparklogs/spark-qpzhang-org.apache.spark.deploy.worker.Worker-1-nid01317.out.1' are the same file
nid02208: starting org.apache.spark.deploy.worker.Worker, logging to /global/cscratch1/sd/qpzhang/spark/2253725/sparklogs/spark-qpzhang-org.apache.spark.deploy.worker.Worker-1-nid01317.out
nid02216: Warning: Permanently added '[nid02216]:204,[10.128.8.185]:204' (ECDSA) to the list of known hosts.
nid02216: mv: cannot stat `/global/cscratch1/sd/qpzhang/spark/2253725/sparklogs/spark-qpzhang-org.apache.spark.deploy.worker.Worker-1-nid01317.out.3': No such file or directory
nid02216: mv: cannot stat `/global/cscratch1/sd/qpzhang/spark/2253725/sparklogs/spark-qpzhang-org.apache.spark.deploy.worker.Worker-1-nid01317.out.2': No such file or directory
nid02216: mv: cannot stat `/global/cscratch1/sd/qpzhang/spark/2253725/sparklogs/spark-qpzhang-org.apache.spark.deploy.worker.Worker-1-nid01317.out.1': No such file or directory
nid02216: mv: cannot stat `/global/cscratch1/sd/qpzhang/spark/2253725/sparklogs/spark-qpzhang-org.apache.spark.deploy.worker.Worker-1-nid01317.out': No such file or directory
nid02216: starting org.apache.spark.deploy.worker.Worker, logging to /global/cscratch1/sd/qpzhang/spark/2253725/sparklogs/spark-qpzhang-org.apache.spark.deploy.worker.Worker-1-nid01317.out
nid02217: @@@@@@@@@@@@@@@@@@@@@@@@@@@@@@@@@@@@@@@@@@@@@@@@@@@@@@@@@@@
nid02217: @    WARNING: REMOTE HOST IDENTIFICATION HAS CHANGED!     @
nid02217: @@@@@@@@@@@@@@@@@@@@@@@@@@@@@@@@@@@@@@@@@@@@@@@@@@@@@@@@@@@
nid02217: IT IS POSSIBLE THAT SOMEONE IS DOING SOMETHING NASTY!
nid02217: Someone could be eavesdropping on you right now (man-in-the-middle attack)!
nid02217: It is also possible that a host key has just been changed.
nid02217: The fingerprint for the ECDSA key sent by the remote host is
nid02217: SHA256:JE4bebL7EN39+tTbphp6dk53IhKdHn+xljCkxvNgzq0.
nid02217: Please contact your system administrator.
nid02217: Add correct host key in /global/homes/q/qpzhang/.ssh/known_hosts to get rid of this message.
nid02217: Offending ECDSA key in /global/homes/q/qpzhang/.ssh/known_hosts:238
nid02217: Password authentication is disabled to avoid man-in-the-middle attacks.
nid02217: Keyboard-interactive authentication is disabled to avoid man-in-the-middle attacks.
nid02217: mv: cannot stat `/global/cscratch1/sd/qpzhang/spark/2253725/sparklogs/spark-qpzhang-org.apache.spark.deploy.worker.Worker-1-nid01317.out.3': No such file or directory
nid02217: mv: cannot stat `/global/cscratch1/sd/qpzhang/spark/2253725/sparklogs/spark-qpzhang-org.apache.spark.deploy.worker.Worker-1-nid01317.out.2': No such file or directory
nid02217: mv: cannot stat `/global/cscratch1/sd/qpzhang/spark/2253725/sparklogs/spark-qpzhang-org.apache.spark.deploy.worker.Worker-1-nid01317.out.1': No such file or directory
nid02217: mv: cannot stat `/global/cscratch1/sd/qpzhang/spark/2253725/sparklogs/spark-qpzhang-org.apache.spark.deploy.worker.Worker-1-nid01317.out': No such file or directory
nid02217: starting org.apache.spark.deploy.worker.Worker, logging to /global/cscratch1/sd/qpzhang/spark/2253725/sparklogs/spark-qpzhang-org.apache.spark.deploy.worker.Worker-1-nid01317.out
nid02205: @@@@@@@@@@@@@@@@@@@@@@@@@@@@@@@@@@@@@@@@@@@@@@@@@@@@@@@@@@@
nid02205: @    WARNING: REMOTE HOST IDENTIFICATION HAS CHANGED!     @
nid02205: @@@@@@@@@@@@@@@@@@@@@@@@@@@@@@@@@@@@@@@@@@@@@@@@@@@@@@@@@@@
nid02205: IT IS POSSIBLE THAT SOMEONE IS DOING SOMETHING NASTY!
nid02205: Someone could be eavesdropping on you right now (man-in-the-middle attack)!
nid02205: It is also possible that a host key has just been changed.
nid02205: The fingerprint for the ECDSA key sent by the remote host is
nid02205: SHA256:jH4C+ykRLYp3kMDko2CjV57wGwS71VY86H1j85IknBY.
nid02205: Please contact your system administrator.
nid02205: Add correct host key in /global/homes/q/qpzhang/.ssh/known_hosts to get rid of this message.
nid02205: Offending ECDSA key in /global/homes/q/qpzhang/.ssh/known_hosts:261
nid02205: Password authentication is disabled to avoid man-in-the-middle attacks.
nid02205: Keyboard-interactive authentication is disabled to avoid man-in-the-middle attacks.
nid02205: mv: cannot stat `/global/cscratch1/sd/qpzhang/spark/2253725/sparklogs/spark-qpzhang-org.apache.spark.deploy.worker.Worker-1-nid01317.out.3': No such file or directory
nid02205: mv: cannot stat `/global/cscratch1/sd/qpzhang/spark/2253725/sparklogs/spark-qpzhang-org.apache.spark.deploy.worker.Worker-1-nid01317.out.1': No such file or directory
nid02205: mv: cannot stat `/global/cscratch1/sd/qpzhang/spark/2253725/sparklogs/spark-qpzhang-org.apache.spark.deploy.worker.Worker-1-nid01317.out': No such file or directory
nid02205: starting org.apache.spark.deploy.worker.Worker, logging to /global/cscratch1/sd/qpzhang/spark/2253725/sparklogs/spark-qpzhang-org.apache.spark.deploy.worker.Worker-1-nid01317.out
nid02207: Warning: Permanently added '[nid02207]:204,[10.128.8.176]:204' (ECDSA) to the list of known hosts.
nid02207: mv: cannot stat `/global/cscratch1/sd/qpzhang/spark/2253725/sparklogs/spark-qpzhang-org.apache.spark.deploy.worker.Worker-1-nid01317.out.2': No such file or directory
nid02207: mv: cannot stat `/global/cscratch1/sd/qpzhang/spark/2253725/sparklogs/spark-qpzhang-org.apache.spark.deploy.worker.Worker-1-nid01317.out': No such file or directory
nid02207: starting org.apache.spark.deploy.worker.Worker, logging to /global/cscratch1/sd/qpzhang/spark/2253725/sparklogs/spark-qpzhang-org.apache.spark.deploy.worker.Worker-1-nid01317.out
nid02214: @@@@@@@@@@@@@@@@@@@@@@@@@@@@@@@@@@@@@@@@@@@@@@@@@@@@@@@@@@@
nid02214: @    WARNING: REMOTE HOST IDENTIFICATION HAS CHANGED!     @
nid02214: @@@@@@@@@@@@@@@@@@@@@@@@@@@@@@@@@@@@@@@@@@@@@@@@@@@@@@@@@@@
nid02214: IT IS POSSIBLE THAT SOMEONE IS DOING SOMETHING NASTY!
nid02214: Someone could be eavesdropping on you right now (man-in-the-middle attack)!
nid02214: It is also possible that a host key has just been changed.
nid02214: The fingerprint for the ECDSA key sent by the remote host is
nid02214: SHA256:vN7Pt4csXHDEjg8Hi1EHup48cFoK0fWVA3/QPZ7hTkw.
nid02214: Please contact your system administrator.
nid02214: Add correct host key in /global/homes/q/qpzhang/.ssh/known_hosts to get rid of this message.
nid02214: Offending ECDSA key in /global/homes/q/qpzhang/.ssh/known_hosts:651
nid02214: Password authentication is disabled to avoid man-in-the-middle attacks.
nid02214: Keyboard-interactive authentication is disabled to avoid man-in-the-middle attacks.
nid02214: mv: cannot stat `/global/cscratch1/sd/qpzhang/spark/2253725/sparklogs/spark-qpzhang-org.apache.spark.deploy.worker.Worker-1-nid01317.out.3': No such file or directory
nid02214: mv: cannot stat `/global/cscratch1/sd/qpzhang/spark/2253725/sparklogs/spark-qpzhang-org.apache.spark.deploy.worker.Worker-1-nid01317.out.1': No such file or directory
nid02214: starting org.apache.spark.deploy.worker.Worker, logging to /global/cscratch1/sd/qpzhang/spark/2253725/sparklogs/spark-qpzhang-org.apache.spark.deploy.worker.Worker-1-nid01317.out
nid02210: Warning: Permanently added '[nid02210]:204,[10.128.8.179]:204' (ECDSA) to the list of known hosts.
nid02210: mv: cannot stat `/global/cscratch1/sd/qpzhang/spark/2253725/sparklogs/spark-qpzhang-org.apache.spark.deploy.worker.Worker-1-nid01317.out.1': No such file or directory
nid02210: starting org.apache.spark.deploy.worker.Worker, logging to /global/cscratch1/sd/qpzhang/spark/2253725/sparklogs/spark-qpzhang-org.apache.spark.deploy.worker.Worker-1-nid01317.out
nid02215: Warning: Permanently added '[nid02215]:204,[10.128.8.184]:204' (ECDSA) to the list of known hosts.
nid02215: mv: cannot stat `/global/cscratch1/sd/qpzhang/spark/2253725/sparklogs/spark-qpzhang-org.apache.spark.deploy.worker.Worker-1-nid01317.out.3': No such file or directory
nid02215: mv: cannot stat `/global/cscratch1/sd/qpzhang/spark/2253725/sparklogs/spark-qpzhang-org.apache.spark.deploy.worker.Worker-1-nid01317.out.2': No such file or directory
nid02215: mv: cannot stat `/global/cscratch1/sd/qpzhang/spark/2253725/sparklogs/spark-qpzhang-org.apache.spark.deploy.worker.Worker-1-nid01317.out.1': No such file or directory
nid02215: starting org.apache.spark.deploy.worker.Worker, logging to /global/cscratch1/sd/qpzhang/spark/2253725/sparklogs/spark-qpzhang-org.apache.spark.deploy.worker.Worker-1-nid01317.out
nid01328: @@@@@@@@@@@@@@@@@@@@@@@@@@@@@@@@@@@@@@@@@@@@@@@@@@@@@@@@@@@
nid01328: @    WARNING: REMOTE HOST IDENTIFICATION HAS CHANGED!     @
nid01328: @@@@@@@@@@@@@@@@@@@@@@@@@@@@@@@@@@@@@@@@@@@@@@@@@@@@@@@@@@@
nid01328: IT IS POSSIBLE THAT SOMEONE IS DOING SOMETHING NASTY!
nid01328: Someone could be eavesdropping on you right now (man-in-the-middle attack)!
nid01328: It is also possible that a host key has just been changed.
nid01328: The fingerprint for the ECDSA key sent by the remote host is
nid01328: SHA256:fZsEJoZ23g9ZqvNnxFY1WnPbnQabxlPxgqiUIeLhd/o.
nid01328: Please contact your system administrator.
nid01328: Add correct host key in /global/homes/q/qpzhang/.ssh/known_hosts to get rid of this message.
nid01328: Offending ECDSA key in /global/homes/q/qpzhang/.ssh/known_hosts:786
nid01328: Password authentication is disabled to avoid man-in-the-middle attacks.
nid01328: Keyboard-interactive authentication is disabled to avoid man-in-the-middle attacks.
nid01328: mv: cannot stat `/global/cscratch1/sd/qpzhang/spark/2253725/sparklogs/spark-qpzhang-org.apache.spark.deploy.worker.Worker-1-nid01317.out.4': No such file or directory
nid01328: mv: cannot stat `/global/cscratch1/sd/qpzhang/spark/2253725/sparklogs/spark-qpzhang-org.apache.spark.deploy.worker.Worker-1-nid01317.out.3': No such file or directory
nid01328: mv: cannot stat `/global/cscratch1/sd/qpzhang/spark/2253725/sparklogs/spark-qpzhang-org.apache.spark.deploy.worker.Worker-1-nid01317.out.2': No such file or directory
nid01328: mv: cannot stat `/global/cscratch1/sd/qpzhang/spark/2253725/sparklogs/spark-qpzhang-org.apache.spark.deploy.worker.Worker-1-nid01317.out.1': No such file or directory
nid01328: starting org.apache.spark.deploy.worker.Worker, logging to /global/cscratch1/sd/qpzhang/spark/2253725/sparklogs/spark-qpzhang-org.apache.spark.deploy.worker.Worker-1-nid01317.out
nid02211: Warning: Permanently added '[nid02211]:204,[10.128.8.180]:204' (ECDSA) to the list of known hosts.
nid02211: mv: cannot stat `/global/cscratch1/sd/qpzhang/spark/2253725/sparklogs/spark-qpzhang-org.apache.spark.deploy.worker.Worker-1-nid01317.out.3': No such file or directory
nid02211: mv: cannot move `/global/cscratch1/sd/qpzhang/spark/2253725/sparklogs/spark-qpzhang-org.apache.spark.deploy.worker.Worker-1-nid01317.out.2' to `/global/cscratch1/sd/qpzhang/spark/2253725/sparklogs/spark-qpzhang-org.apache.spark.deploy.worker.Worker-1-nid01317.out.3': No such file or directory
nid02211: mv: `/global/cscratch1/sd/qpzhang/spark/2253725/sparklogs/spark-qpzhang-org.apache.spark.deploy.worker.Worker-1-nid01317.out' and `/global/cscratch1/sd/qpzhang/spark/2253725/sparklogs/spark-qpzhang-org.apache.spark.deploy.worker.Worker-1-nid01317.out.1' are the same file
nid02211: starting org.apache.spark.deploy.worker.Worker, logging to /global/cscratch1/sd/qpzhang/spark/2253725/sparklogs/spark-qpzhang-org.apache.spark.deploy.worker.Worker-1-nid01317.out
nid02219: @@@@@@@@@@@@@@@@@@@@@@@@@@@@@@@@@@@@@@@@@@@@@@@@@@@@@@@@@@@
nid02219: @    WARNING: REMOTE HOST IDENTIFICATION HAS CHANGED!     @
nid02219: @@@@@@@@@@@@@@@@@@@@@@@@@@@@@@@@@@@@@@@@@@@@@@@@@@@@@@@@@@@
nid02219: IT IS POSSIBLE THAT SOMEONE IS DOING SOMETHING NASTY!
nid02219: Someone could be eavesdropping on you right now (man-in-the-middle attack)!
nid02219: It is also possible that a host key has just been changed.
nid02219: The fingerprint for the ECDSA key sent by the remote host is
nid02219: SHA256:WnblrA3d08+/yNd2Ol5EhH50Tr2A1Is8ZmiGAbng/mY.
nid02219: Please contact your system administrator.
nid02219: Add correct host key in /global/homes/q/qpzhang/.ssh/known_hosts to get rid of this message.
nid02219: Offending ECDSA key in /global/homes/q/qpzhang/.ssh/known_hosts:244
nid02219: Password authentication is disabled to avoid man-in-the-middle attacks.
nid02219: Keyboard-interactive authentication is disabled to avoid man-in-the-middle attacks.
nid02219: mv: cannot move `/global/cscratch1/sd/qpzhang/spark/2253725/sparklogs/spark-qpzhang-org.apache.spark.deploy.worker.Worker-1-nid01317.out.1' to `/global/cscratch1/sd/qpzhang/spark/2253725/sparklogs/spark-qpzhang-org.apache.spark.deploy.worker.Worker-1-nid01317.out.2': No such file or directory
nid02219: starting org.apache.spark.deploy.worker.Worker, logging to /global/cscratch1/sd/qpzhang/spark/2253725/sparklogs/spark-qpzhang-org.apache.spark.deploy.worker.Worker-1-nid01317.out
nid02218: @@@@@@@@@@@@@@@@@@@@@@@@@@@@@@@@@@@@@@@@@@@@@@@@@@@@@@@@@@@
nid02218: @    WARNING: REMOTE HOST IDENTIFICATION HAS CHANGED!     @
nid02218: @@@@@@@@@@@@@@@@@@@@@@@@@@@@@@@@@@@@@@@@@@@@@@@@@@@@@@@@@@@
nid02218: IT IS POSSIBLE THAT SOMEONE IS DOING SOMETHING NASTY!
nid02218: Someone could be eavesdropping on you right now (man-in-the-middle attack)!
nid02218: It is also possible that a host key has just been changed.
nid02218: The fingerprint for the ECDSA key sent by the remote host is
nid02218: SHA256:N36Mbw+GP+u+nI9LCfTJa/AH3c13yDg34vP1g0QoY3A.
nid02218: Please contact your system administrator.
nid02218: Add correct host key in /global/homes/q/qpzhang/.ssh/known_hosts to get rid of this message.
nid02218: Offending ECDSA key in /global/homes/q/qpzhang/.ssh/known_hosts:245
nid02218: Password authentication is disabled to avoid man-in-the-middle attacks.
nid02218: Keyboard-interactive authentication is disabled to avoid man-in-the-middle attacks.
nid02218: mv: cannot stat `/global/cscratch1/sd/qpzhang/spark/2253725/sparklogs/spark-qpzhang-org.apache.spark.deploy.worker.Worker-1-nid01317.out.3': No such file or directory
nid02218: mv: cannot move `/global/cscratch1/sd/qpzhang/spark/2253725/sparklogs/spark-qpzhang-org.apache.spark.deploy.worker.Worker-1-nid01317.out.2' to `/global/cscratch1/sd/qpzhang/spark/2253725/sparklogs/spark-qpzhang-org.apache.spark.deploy.worker.Worker-1-nid01317.out.3': No such file or directory
nid02218: mv: cannot move `/global/cscratch1/sd/qpzhang/spark/2253725/sparklogs/spark-qpzhang-org.apache.spark.deploy.worker.Worker-1-nid01317.out' to `/global/cscratch1/sd/qpzhang/spark/2253725/sparklogs/spark-qpzhang-org.apache.spark.deploy.worker.Worker-1-nid01317.out.1': No such file or directory
nid02218: starting org.apache.spark.deploy.worker.Worker, logging to /global/cscratch1/sd/qpzhang/spark/2253725/sparklogs/spark-qpzhang-org.apache.spark.deploy.worker.Worker-1-nid01317.out
nid02206: Warning: Permanently added '[nid02206]:204,[10.128.8.175]:204' (ECDSA) to the list of known hosts.
nid02206: mv: cannot stat `/global/cscratch1/sd/qpzhang/spark/2253725/sparklogs/spark-qpzhang-org.apache.spark.deploy.worker.Worker-1-nid01317.out.3': No such file or directory
nid02206: mv: cannot move `/global/cscratch1/sd/qpzhang/spark/2253725/sparklogs/spark-qpzhang-org.apache.spark.deploy.worker.Worker-1-nid01317.out.2' to `/global/cscratch1/sd/qpzhang/spark/2253725/sparklogs/spark-qpzhang-org.apache.spark.deploy.worker.Worker-1-nid01317.out.3': No such file or directory
nid02206: mv: cannot move `/global/cscratch1/sd/qpzhang/spark/2253725/sparklogs/spark-qpzhang-org.apache.spark.deploy.worker.Worker-1-nid01317.out.1' to `/global/cscratch1/sd/qpzhang/spark/2253725/sparklogs/spark-qpzhang-org.apache.spark.deploy.worker.Worker-1-nid01317.out.2': No such file or directory
nid02206: mv: cannot stat `/global/cscratch1/sd/qpzhang/spark/2253725/sparklogs/spark-qpzhang-org.apache.spark.deploy.worker.Worker-1-nid01317.out': No such file or directory
nid02206: starting org.apache.spark.deploy.worker.Worker, logging to /global/cscratch1/sd/qpzhang/spark/2253725/sparklogs/spark-qpzhang-org.apache.spark.deploy.worker.Worker-1-nid01317.out
nid02209: Warning: Permanently added '[nid02209]:204,[10.128.8.178]:204' (ECDSA) to the list of known hosts.
nid02209: mv: cannot stat `/global/cscratch1/sd/qpzhang/spark/2253725/sparklogs/spark-qpzhang-org.apache.spark.deploy.worker.Worker-1-nid01317.out.3': No such file or directory
nid02209: mv: cannot move `/global/cscratch1/sd/qpzhang/spark/2253725/sparklogs/spark-qpzhang-org.apache.spark.deploy.worker.Worker-1-nid01317.out.2' to `/global/cscratch1/sd/qpzhang/spark/2253725/sparklogs/spark-qpzhang-org.apache.spark.deploy.worker.Worker-1-nid01317.out.3': No such file or directory
nid02209: mv: cannot move `/global/cscratch1/sd/qpzhang/spark/2253725/sparklogs/spark-qpzhang-org.apache.spark.deploy.worker.Worker-1-nid01317.out.1' to `/global/cscratch1/sd/qpzhang/spark/2253725/sparklogs/spark-qpzhang-org.apache.spark.deploy.worker.Worker-1-nid01317.out.2': No such file or directory
nid02209: mv: cannot stat `/global/cscratch1/sd/qpzhang/spark/2253725/sparklogs/spark-qpzhang-org.apache.spark.deploy.worker.Worker-1-nid01317.out': No such file or directory
nid02209: starting org.apache.spark.deploy.worker.Worker, logging to /global/cscratch1/sd/qpzhang/spark/2253725/sparklogs/spark-qpzhang-org.apache.spark.deploy.worker.Worker-1-nid01317.out
nid02222: Warning: Permanently added '[nid02222]:204,[10.128.8.191]:204' (ECDSA) to the list of known hosts.
nid02222: mv: `/global/cscratch1/sd/qpzhang/spark/2253725/sparklogs/spark-qpzhang-org.apache.spark.deploy.worker.Worker-1-nid01317.out.4' and `/global/cscratch1/sd/qpzhang/spark/2253725/sparklogs/spark-qpzhang-org.apache.spark.deploy.worker.Worker-1-nid01317.out.5' are the same file
nid02222: mv: cannot move `/global/cscratch1/sd/qpzhang/spark/2253725/sparklogs/spark-qpzhang-org.apache.spark.deploy.worker.Worker-1-nid01317.out.2' to `/global/cscratch1/sd/qpzhang/spark/2253725/sparklogs/spark-qpzhang-org.apache.spark.deploy.worker.Worker-1-nid01317.out.3': No such file or directory
nid02222: mv: `/global/cscratch1/sd/qpzhang/spark/2253725/sparklogs/spark-qpzhang-org.apache.spark.deploy.worker.Worker-1-nid01317.out' and `/global/cscratch1/sd/qpzhang/spark/2253725/sparklogs/spark-qpzhang-org.apache.spark.deploy.worker.Worker-1-nid01317.out.1' are the same file
nid02222: starting org.apache.spark.deploy.worker.Worker, logging to /global/cscratch1/sd/qpzhang/spark/2253725/sparklogs/spark-qpzhang-org.apache.spark.deploy.worker.Worker-1-nid01317.out
nid02224: Warning: Permanently added '[nid02224]:204,[10.128.8.193]:204' (ECDSA) to the list of known hosts.
nid02224: mv: cannot stat `/global/cscratch1/sd/qpzhang/spark/2253725/sparklogs/spark-qpzhang-org.apache.spark.deploy.worker.Worker-1-nid01317.out.2': No such file or directory
nid02224: starting org.apache.spark.deploy.worker.Worker, logging to /global/cscratch1/sd/qpzhang/spark/2253725/sparklogs/spark-qpzhang-org.apache.spark.deploy.worker.Worker-1-nid01317.out
nid02223: Warning: Permanently added '[nid02223]:204,[10.128.8.192]:204' (ECDSA) to the list of known hosts.
nid02223: mv: cannot move `/global/cscratch1/sd/qpzhang/spark/2253725/sparklogs/spark-qpzhang-org.apache.spark.deploy.worker.Worker-1-nid01317.out.3' to `/global/cscratch1/sd/qpzhang/spark/2253725/sparklogs/spark-qpzhang-org.apache.spark.deploy.worker.Worker-1-nid01317.out.4': No such file or directory
nid02223: mv: cannot stat `/global/cscratch1/sd/qpzhang/spark/2253725/sparklogs/spark-qpzhang-org.apache.spark.deploy.worker.Worker-1-nid01317.out.1': No such file or directory
nid02223: starting org.apache.spark.deploy.worker.Worker, logging to /global/cscratch1/sd/qpzhang/spark/2253725/sparklogs/spark-qpzhang-org.apache.spark.deploy.worker.Worker-1-nid01317.out
nid02221: Warning: Permanently added '[nid02221]:204,[10.128.8.190]:204' (ECDSA) to the list of known hosts.
nid02221: mv: cannot stat `/global/cscratch1/sd/qpzhang/spark/2253725/sparklogs/spark-qpzhang-org.apache.spark.deploy.worker.Worker-1-nid01317.out.4': No such file or directory
nid02221: mv: cannot stat `/global/cscratch1/sd/qpzhang/spark/2253725/sparklogs/spark-qpzhang-org.apache.spark.deploy.worker.Worker-1-nid01317.out.3': No such file or directory
nid02221: mv: cannot stat `/global/cscratch1/sd/qpzhang/spark/2253725/sparklogs/spark-qpzhang-org.apache.spark.deploy.worker.Worker-1-nid01317.out.2': No such file or directory
nid02221: mv: cannot stat `/global/cscratch1/sd/qpzhang/spark/2253725/sparklogs/spark-qpzhang-org.apache.spark.deploy.worker.Worker-1-nid01317.out.1': No such file or directory
nid02221: starting org.apache.spark.deploy.worker.Worker, logging to /global/cscratch1/sd/qpzhang/spark/2253725/sparklogs/spark-qpzhang-org.apache.spark.deploy.worker.Worker-1-nid01317.out
nid02220: Warning: Permanently added '[nid02220]:204,[10.128.8.189]:204' (ECDSA) to the list of known hosts.
nid02220: mv: cannot stat `/global/cscratch1/sd/qpzhang/spark/2253725/sparklogs/spark-qpzhang-org.apache.spark.deploy.worker.Worker-1-nid01317.out.4': No such file or directory
nid02220: mv: cannot stat `/global/cscratch1/sd/qpzhang/spark/2253725/sparklogs/spark-qpzhang-org.apache.spark.deploy.worker.Worker-1-nid01317.out.3': No such file or directory
nid02220: mv: cannot stat `/global/cscratch1/sd/qpzhang/spark/2253725/sparklogs/spark-qpzhang-org.apache.spark.deploy.worker.Worker-1-nid01317.out.2': No such file or directory
nid02220: mv: cannot stat `/global/cscratch1/sd/qpzhang/spark/2253725/sparklogs/spark-qpzhang-org.apache.spark.deploy.worker.Worker-1-nid01317.out.1': No such file or directory
nid02220: mv: cannot stat `/global/cscratch1/sd/qpzhang/spark/2253725/sparklogs/spark-qpzhang-org.apache.spark.deploy.worker.Worker-1-nid01317.out': No such file or directory
nid02220: starting org.apache.spark.deploy.worker.Worker, logging to /global/cscratch1/sd/qpzhang/spark/2253725/sparklogs/spark-qpzhang-org.apache.spark.deploy.worker.Worker-1-nid01317.out
