writing to /global/cscratch1/sd/qpzhang/spark_env
starting org.apache.spark.deploy.master.Master, logging to /global/cscratch1/sd/qpzhang/spark/2250173/sparklogs/spark-qpzhang-org.apache.spark.deploy.master.Master-1-nid00627.out
/global/common/cori/software/spark/1.5.1/sbin/..
nid01323: doing ssh -o StrictHostKeyChecking=no nid01323  cd /global/common/cori/software/spark/1.5.1/sbin/.. ; /usr/common/software/spark/1.5.1/sbin/start-slave.sh spark://nid01263:7077
nid01324: doing ssh -o StrictHostKeyChecking=no nid01324  cd /global/common/cori/software/spark/1.5.1/sbin/.. ; /usr/common/software/spark/1.5.1/sbin/start-slave.sh spark://nid01263:7077
nid01325: doing ssh -o StrictHostKeyChecking=no nid01325  cd /global/common/cori/software/spark/1.5.1/sbin/.. ; /usr/common/software/spark/1.5.1/sbin/start-slave.sh spark://nid01263:7077
nid01326: doing ssh -o StrictHostKeyChecking=no nid01326  cd /global/common/cori/software/spark/1.5.1/sbin/.. ; /usr/common/software/spark/1.5.1/sbin/start-slave.sh spark://nid01263:7077
nid01327: doing ssh -o StrictHostKeyChecking=no nid01327  cd /global/common/cori/software/spark/1.5.1/sbin/.. ; /usr/common/software/spark/1.5.1/sbin/start-slave.sh spark://nid01263:7077
nid01328: doing ssh -o StrictHostKeyChecking=no nid01328  cd /global/common/cori/software/spark/1.5.1/sbin/.. ; /usr/common/software/spark/1.5.1/sbin/start-slave.sh spark://nid01263:7077
nid01329: doing ssh -o StrictHostKeyChecking=no nid01329  cd /global/common/cori/software/spark/1.5.1/sbin/.. ; /usr/common/software/spark/1.5.1/sbin/start-slave.sh spark://nid01263:7077
nid01330: doing ssh -o StrictHostKeyChecking=no nid01330  cd /global/common/cori/software/spark/1.5.1/sbin/.. ; /usr/common/software/spark/1.5.1/sbin/start-slave.sh spark://nid01263:7077
nid01331: doing ssh -o StrictHostKeyChecking=no nid01331  cd /global/common/cori/software/spark/1.5.1/sbin/.. ; /usr/common/software/spark/1.5.1/sbin/start-slave.sh spark://nid01263:7077
nid01332: doing ssh -o StrictHostKeyChecking=no nid01332  cd /global/common/cori/software/spark/1.5.1/sbin/.. ; /usr/common/software/spark/1.5.1/sbin/start-slave.sh spark://nid01263:7077
nid01333: doing ssh -o StrictHostKeyChecking=no nid01333  cd /global/common/cori/software/spark/1.5.1/sbin/.. ; /usr/common/software/spark/1.5.1/sbin/start-slave.sh spark://nid01263:7077
nid01334: doing ssh -o StrictHostKeyChecking=no nid01334  cd /global/common/cori/software/spark/1.5.1/sbin/.. ; /usr/common/software/spark/1.5.1/sbin/start-slave.sh spark://nid01263:7077
nid01335: doing ssh -o StrictHostKeyChecking=no nid01335  cd /global/common/cori/software/spark/1.5.1/sbin/.. ; /usr/common/software/spark/1.5.1/sbin/start-slave.sh spark://nid01263:7077
nid01336: doing ssh -o StrictHostKeyChecking=no nid01336  cd /global/common/cori/software/spark/1.5.1/sbin/.. ; /usr/common/software/spark/1.5.1/sbin/start-slave.sh spark://nid01263:7077
nid01337: doing ssh -o StrictHostKeyChecking=no nid01337  cd /global/common/cori/software/spark/1.5.1/sbin/.. ; /usr/common/software/spark/1.5.1/sbin/start-slave.sh spark://nid01263:7077
nid01338: doing ssh -o StrictHostKeyChecking=no nid01338  cd /global/common/cori/software/spark/1.5.1/sbin/.. ; /usr/common/software/spark/1.5.1/sbin/start-slave.sh spark://nid01263:7077
nid01339: doing ssh -o StrictHostKeyChecking=no nid01339  cd /global/common/cori/software/spark/1.5.1/sbin/.. ; /usr/common/software/spark/1.5.1/sbin/start-slave.sh spark://nid01263:7077
nid01340: doing ssh -o StrictHostKeyChecking=no nid01340  cd /global/common/cori/software/spark/1.5.1/sbin/.. ; /usr/common/software/spark/1.5.1/sbin/start-slave.sh spark://nid01263:7077
nid01341: doing ssh -o StrictHostKeyChecking=no nid01341  cd /global/common/cori/software/spark/1.5.1/sbin/.. ; /usr/common/software/spark/1.5.1/sbin/start-slave.sh spark://nid01263:7077
nid01342: doing ssh -o StrictHostKeyChecking=no nid01342  cd /global/common/cori/software/spark/1.5.1/sbin/.. ; /usr/common/software/spark/1.5.1/sbin/start-slave.sh spark://nid01263:7077
nid01343: doing ssh -o StrictHostKeyChecking=no nid01343  cd /global/common/cori/software/spark/1.5.1/sbin/.. ; /usr/common/software/spark/1.5.1/sbin/start-slave.sh spark://nid01263:7077
nid01364: doing ssh -o StrictHostKeyChecking=no nid01364  cd /global/common/cori/software/spark/1.5.1/sbin/.. ; /usr/common/software/spark/1.5.1/sbin/start-slave.sh spark://nid01263:7077
nid01365: doing ssh -o StrictHostKeyChecking=no nid01365  cd /global/common/cori/software/spark/1.5.1/sbin/.. ; /usr/common/software/spark/1.5.1/sbin/start-slave.sh spark://nid01263:7077
nid01366: doing ssh -o StrictHostKeyChecking=no nid01366  cd /global/common/cori/software/spark/1.5.1/sbin/.. ; /usr/common/software/spark/1.5.1/sbin/start-slave.sh spark://nid01263:7077
nid01367: doing ssh -o StrictHostKeyChecking=no nid01367  cd /global/common/cori/software/spark/1.5.1/sbin/.. ; /usr/common/software/spark/1.5.1/sbin/start-slave.sh spark://nid01263:7077
nid01368: doing ssh -o StrictHostKeyChecking=no nid01368  cd /global/common/cori/software/spark/1.5.1/sbin/.. ; /usr/common/software/spark/1.5.1/sbin/start-slave.sh spark://nid01263:7077
nid01369: doing ssh -o StrictHostKeyChecking=no nid01369  cd /global/common/cori/software/spark/1.5.1/sbin/.. ; /usr/common/software/spark/1.5.1/sbin/start-slave.sh spark://nid01263:7077
nid01370: doing ssh -o StrictHostKeyChecking=no nid01370  cd /global/common/cori/software/spark/1.5.1/sbin/.. ; /usr/common/software/spark/1.5.1/sbin/start-slave.sh spark://nid01263:7077
nid01371: doing ssh -o StrictHostKeyChecking=no nid01371  cd /global/common/cori/software/spark/1.5.1/sbin/.. ; /usr/common/software/spark/1.5.1/sbin/start-slave.sh spark://nid01263:7077
nid01372: doing ssh -o StrictHostKeyChecking=no nid01372  cd /global/common/cori/software/spark/1.5.1/sbin/.. ; /usr/common/software/spark/1.5.1/sbin/start-slave.sh spark://nid01263:7077
nid01373: doing ssh -o StrictHostKeyChecking=no nid01373  cd /global/common/cori/software/spark/1.5.1/sbin/.. ; /usr/common/software/spark/1.5.1/sbin/start-slave.sh spark://nid01263:7077
nid01374: doing ssh -o StrictHostKeyChecking=no nid01374  cd /global/common/cori/software/spark/1.5.1/sbin/.. ; /usr/common/software/spark/1.5.1/sbin/start-slave.sh spark://nid01263:7077
nid01375: doing ssh -o StrictHostKeyChecking=no nid01375  cd /global/common/cori/software/spark/1.5.1/sbin/.. ; /usr/common/software/spark/1.5.1/sbin/start-slave.sh spark://nid01263:7077
nid01376: doing ssh -o StrictHostKeyChecking=no nid01376  cd /global/common/cori/software/spark/1.5.1/sbin/.. ; /usr/common/software/spark/1.5.1/sbin/start-slave.sh spark://nid01263:7077
nid01377: doing ssh -o StrictHostKeyChecking=no nid01377  cd /global/common/cori/software/spark/1.5.1/sbin/.. ; /usr/common/software/spark/1.5.1/sbin/start-slave.sh spark://nid01263:7077
nid01378: doing ssh -o StrictHostKeyChecking=no nid01378  cd /global/common/cori/software/spark/1.5.1/sbin/.. ; /usr/common/software/spark/1.5.1/sbin/start-slave.sh spark://nid01263:7077
nid01379: doing ssh -o StrictHostKeyChecking=no nid01379  cd /global/common/cori/software/spark/1.5.1/sbin/.. ; /usr/common/software/spark/1.5.1/sbin/start-slave.sh spark://nid01263:7077
nid01380: doing ssh -o StrictHostKeyChecking=no nid01380  cd /global/common/cori/software/spark/1.5.1/sbin/.. ; /usr/common/software/spark/1.5.1/sbin/start-slave.sh spark://nid01263:7077
nid01381: doing ssh -o StrictHostKeyChecking=no nid01381  cd /global/common/cori/software/spark/1.5.1/sbin/.. ; /usr/common/software/spark/1.5.1/sbin/start-slave.sh spark://nid01263:7077
nid01323: @@@@@@@@@@@@@@@@@@@@@@@@@@@@@@@@@@@@@@@@@@@@@@@@@@@@@@@@@@@
nid01323: @    WARNING: REMOTE HOST IDENTIFICATION HAS CHANGED!     @
nid01323: @@@@@@@@@@@@@@@@@@@@@@@@@@@@@@@@@@@@@@@@@@@@@@@@@@@@@@@@@@@
nid01323: IT IS POSSIBLE THAT SOMEONE IS DOING SOMETHING NASTY!
nid01323: Someone could be eavesdropping on you right now (man-in-the-middle attack)!
nid01323: It is also possible that a host key has just been changed.
nid01323: The fingerprint for the ECDSA key sent by the remote host is
nid01323: SHA256:XFPIfcS8RN39u7MUGrUmvRmPI75a7i4z5PBOWlzGm6I.
nid01323: Please contact your system administrator.
nid01323: Add correct host key in /global/homes/q/qpzhang/.ssh/known_hosts to get rid of this message.
nid01323: Offending ECDSA key in /global/homes/q/qpzhang/.ssh/known_hosts:250
nid01323: Password authentication is disabled to avoid man-in-the-middle attacks.
nid01323: Keyboard-interactive authentication is disabled to avoid man-in-the-middle attacks.
nid01323: starting org.apache.spark.deploy.worker.Worker, logging to /global/cscratch1/sd/qpzhang/spark/2250173/sparklogs/spark-qpzhang-org.apache.spark.deploy.worker.Worker-1-nid00627.out
nid01324: Warning: Permanently added '[nid01324]:204,[10.128.5.55]:204' (ECDSA) to the list of known hosts.
nid01324: starting org.apache.spark.deploy.worker.Worker, logging to /global/cscratch1/sd/qpzhang/spark/2250173/sparklogs/spark-qpzhang-org.apache.spark.deploy.worker.Worker-1-nid00627.out
nid01325: Warning: Permanently added '[nid01325]:204,[10.128.5.56]:204' (ECDSA) to the list of known hosts.
nid01325: mv: cannot stat `/global/cscratch1/sd/qpzhang/spark/2250173/sparklogs/spark-qpzhang-org.apache.spark.deploy.worker.Worker-1-nid00627.out': No such file or directory
nid01325: starting org.apache.spark.deploy.worker.Worker, logging to /global/cscratch1/sd/qpzhang/spark/2250173/sparklogs/spark-qpzhang-org.apache.spark.deploy.worker.Worker-1-nid00627.out
nid01326: Warning: Permanently added '[nid01326]:204,[10.128.5.57]:204' (ECDSA) to the list of known hosts.
nid01326: starting org.apache.spark.deploy.worker.Worker, logging to /global/cscratch1/sd/qpzhang/spark/2250173/sparklogs/spark-qpzhang-org.apache.spark.deploy.worker.Worker-1-nid00627.out
nid01337: Warning: Permanently added '[nid01337]:204,[10.128.5.68]:204' (ECDSA) to the list of known hosts.
nid01337: starting org.apache.spark.deploy.worker.Worker, logging to /global/cscratch1/sd/qpzhang/spark/2250173/sparklogs/spark-qpzhang-org.apache.spark.deploy.worker.Worker-1-nid00627.out
nid01332: Warning: Permanently added '[nid01332]:204,[10.128.5.63]:204' (ECDSA) to the list of known hosts.
nid01332: starting org.apache.spark.deploy.worker.Worker, logging to /global/cscratch1/sd/qpzhang/spark/2250173/sparklogs/spark-qpzhang-org.apache.spark.deploy.worker.Worker-1-nid00627.out
nid01327: Warning: Permanently added '[nid01327]:204,[10.128.5.58]:204' (ECDSA) to the list of known hosts.
nid01327: mv: cannot stat `/global/cscratch1/sd/qpzhang/spark/2250173/sparklogs/spark-qpzhang-org.apache.spark.deploy.worker.Worker-1-nid00627.out.2': No such file or directory
nid01327: mv: cannot stat `/global/cscratch1/sd/qpzhang/spark/2250173/sparklogs/spark-qpzhang-org.apache.spark.deploy.worker.Worker-1-nid00627.out': No such file or directory
nid01327: starting org.apache.spark.deploy.worker.Worker, logging to /global/cscratch1/sd/qpzhang/spark/2250173/sparklogs/spark-qpzhang-org.apache.spark.deploy.worker.Worker-1-nid00627.out
nid01331: Warning: Permanently added '[nid01331]:204,[10.128.5.62]:204' (ECDSA) to the list of known hosts.
nid01331: starting org.apache.spark.deploy.worker.Worker, logging to /global/cscratch1/sd/qpzhang/spark/2250173/sparklogs/spark-qpzhang-org.apache.spark.deploy.worker.Worker-1-nid00627.out
nid01329: Warning: Permanently added '[nid01329]:204,[10.128.5.60]:204' (ECDSA) to the list of known hosts.
nid01329: mv: cannot stat `/global/cscratch1/sd/qpzhang/spark/2250173/sparklogs/spark-qpzhang-org.apache.spark.deploy.worker.Worker-1-nid00627.out.3': No such file or directory
nid01329: mv: cannot stat `/global/cscratch1/sd/qpzhang/spark/2250173/sparklogs/spark-qpzhang-org.apache.spark.deploy.worker.Worker-1-nid00627.out.1': No such file or directory
nid01329: mv: cannot stat `/global/cscratch1/sd/qpzhang/spark/2250173/sparklogs/spark-qpzhang-org.apache.spark.deploy.worker.Worker-1-nid00627.out': No such file or directory
nid01329: starting org.apache.spark.deploy.worker.Worker, logging to /global/cscratch1/sd/qpzhang/spark/2250173/sparklogs/spark-qpzhang-org.apache.spark.deploy.worker.Worker-1-nid00627.out
nid01328: Warning: Permanently added '[nid01328]:204,[10.128.5.59]:204' (ECDSA) to the list of known hosts.
nid01328: mv: cannot stat `/global/cscratch1/sd/qpzhang/spark/2250173/sparklogs/spark-qpzhang-org.apache.spark.deploy.worker.Worker-1-nid00627.out.1': No such file or directory
nid01328: mv: cannot stat `/global/cscratch1/sd/qpzhang/spark/2250173/sparklogs/spark-qpzhang-org.apache.spark.deploy.worker.Worker-1-nid00627.out': No such file or directory
nid01328: starting org.apache.spark.deploy.worker.Worker, logging to /global/cscratch1/sd/qpzhang/spark/2250173/sparklogs/spark-qpzhang-org.apache.spark.deploy.worker.Worker-1-nid00627.out
nid01330: Warning: Permanently added '[nid01330]:204,[10.128.5.61]:204' (ECDSA) to the list of known hosts.
nid01330: mv: cannot stat `/global/cscratch1/sd/qpzhang/spark/2250173/sparklogs/spark-qpzhang-org.apache.spark.deploy.worker.Worker-1-nid00627.out.3': No such file or directory
nid01330: starting org.apache.spark.deploy.worker.Worker, logging to /global/cscratch1/sd/qpzhang/spark/2250173/sparklogs/spark-qpzhang-org.apache.spark.deploy.worker.Worker-1-nid00627.out
nid01339: Warning: Permanently added '[nid01339]:204,[10.128.5.70]:204' (ECDSA) to the list of known hosts.
nid01339: mv: cannot stat `/global/cscratch1/sd/qpzhang/spark/2250173/sparklogs/spark-qpzhang-org.apache.spark.deploy.worker.Worker-1-nid00627.out': No such file or directory
nid01339: starting org.apache.spark.deploy.worker.Worker, logging to /global/cscratch1/sd/qpzhang/spark/2250173/sparklogs/spark-qpzhang-org.apache.spark.deploy.worker.Worker-1-nid00627.out
nid01335: Warning: Permanently added '[nid01335]:204,[10.128.5.66]:204' (ECDSA) to the list of known hosts.
nid01335: starting org.apache.spark.deploy.worker.Worker, logging to /global/cscratch1/sd/qpzhang/spark/2250173/sparklogs/spark-qpzhang-org.apache.spark.deploy.worker.Worker-1-nid00627.out
nid01341: Warning: Permanently added '[nid01341]:204,[10.128.5.72]:204' (ECDSA) to the list of known hosts.
nid01341: mv: cannot stat `/global/cscratch1/sd/qpzhang/spark/2250173/sparklogs/spark-qpzhang-org.apache.spark.deploy.worker.Worker-1-nid00627.out.4': No such file or directory
nid01341: mv: cannot stat `/global/cscratch1/sd/qpzhang/spark/2250173/sparklogs/spark-qpzhang-org.apache.spark.deploy.worker.Worker-1-nid00627.out.1': No such file or directory
nid01341: mv: cannot stat `/global/cscratch1/sd/qpzhang/spark/2250173/sparklogs/spark-qpzhang-org.apache.spark.deploy.worker.Worker-1-nid00627.out': No such file or directory
nid01341: starting org.apache.spark.deploy.worker.Worker, logging to /global/cscratch1/sd/qpzhang/spark/2250173/sparklogs/spark-qpzhang-org.apache.spark.deploy.worker.Worker-1-nid00627.out
nid01340: Warning: Permanently added '[nid01340]:204,[10.128.5.71]:204' (ECDSA) to the list of known hosts.
nid01340: mv: cannot stat `/global/cscratch1/sd/qpzhang/spark/2250173/sparklogs/spark-qpzhang-org.apache.spark.deploy.worker.Worker-1-nid00627.out.4': No such file or directory
nid01340: mv: cannot stat `/global/cscratch1/sd/qpzhang/spark/2250173/sparklogs/spark-qpzhang-org.apache.spark.deploy.worker.Worker-1-nid00627.out.2': No such file or directory
nid01340: starting org.apache.spark.deploy.worker.Worker, logging to /global/cscratch1/sd/qpzhang/spark/2250173/sparklogs/spark-qpzhang-org.apache.spark.deploy.worker.Worker-1-nid00627.out
nid01333: Warning: Permanently added '[nid01333]:204,[10.128.5.64]:204' (ECDSA) to the list of known hosts.
nid01333: mv: cannot stat `/global/cscratch1/sd/qpzhang/spark/2250173/sparklogs/spark-qpzhang-org.apache.spark.deploy.worker.Worker-1-nid00627.out.4': No such file or directory
nid01333: mv: cannot stat `/global/cscratch1/sd/qpzhang/spark/2250173/sparklogs/spark-qpzhang-org.apache.spark.deploy.worker.Worker-1-nid00627.out.1': No such file or directory
nid01333: mv: cannot stat `/global/cscratch1/sd/qpzhang/spark/2250173/sparklogs/spark-qpzhang-org.apache.spark.deploy.worker.Worker-1-nid00627.out': No such file or directory
nid01333: starting org.apache.spark.deploy.worker.Worker, logging to /global/cscratch1/sd/qpzhang/spark/2250173/sparklogs/spark-qpzhang-org.apache.spark.deploy.worker.Worker-1-nid00627.out
nid01364: @@@@@@@@@@@@@@@@@@@@@@@@@@@@@@@@@@@@@@@@@@@@@@@@@@@@@@@@@@@
nid01364: @    WARNING: REMOTE HOST IDENTIFICATION HAS CHANGED!     @
nid01364: @@@@@@@@@@@@@@@@@@@@@@@@@@@@@@@@@@@@@@@@@@@@@@@@@@@@@@@@@@@
nid01364: IT IS POSSIBLE THAT SOMEONE IS DOING SOMETHING NASTY!
nid01364: Someone could be eavesdropping on you right now (man-in-the-middle attack)!
nid01364: It is also possible that a host key has just been changed.
nid01364: The fingerprint for the ECDSA key sent by the remote host is
nid01364: SHA256:RcDKyWwe0l6jKwqHggGPQ3wdDI6gY0TsvmRORnHl4uE.
nid01364: Please contact your system administrator.
nid01364: Add correct host key in /global/homes/q/qpzhang/.ssh/known_hosts to get rid of this message.
nid01364: Offending ECDSA key in /global/homes/q/qpzhang/.ssh/known_hosts:513
nid01364: Password authentication is disabled to avoid man-in-the-middle attacks.
nid01364: Keyboard-interactive authentication is disabled to avoid man-in-the-middle attacks.
nid01364: mv: cannot stat `/global/cscratch1/sd/qpzhang/spark/2250173/sparklogs/spark-qpzhang-org.apache.spark.deploy.worker.Worker-1-nid00627.out.2': No such file or directory
nid01364: starting org.apache.spark.deploy.worker.Worker, logging to /global/cscratch1/sd/qpzhang/spark/2250173/sparklogs/spark-qpzhang-org.apache.spark.deploy.worker.Worker-1-nid00627.out
nid01365: @@@@@@@@@@@@@@@@@@@@@@@@@@@@@@@@@@@@@@@@@@@@@@@@@@@@@@@@@@@
nid01365: @    WARNING: REMOTE HOST IDENTIFICATION HAS CHANGED!     @
nid01365: @@@@@@@@@@@@@@@@@@@@@@@@@@@@@@@@@@@@@@@@@@@@@@@@@@@@@@@@@@@
nid01365: IT IS POSSIBLE THAT SOMEONE IS DOING SOMETHING NASTY!
nid01365: Someone could be eavesdropping on you right now (man-in-the-middle attack)!
nid01365: It is also possible that a host key has just been changed.
nid01365: The fingerprint for the ECDSA key sent by the remote host is
nid01365: SHA256:t2FprAwS+vptzBCQ9UPQQfqkl1WQEhXKtQkuSm1ZE/U.
nid01365: Please contact your system administrator.
nid01365: Add correct host key in /global/homes/q/qpzhang/.ssh/known_hosts to get rid of this message.
nid01365: Offending ECDSA key in /global/homes/q/qpzhang/.ssh/known_hosts:515
nid01365: Password authentication is disabled to avoid man-in-the-middle attacks.
nid01365: Keyboard-interactive authentication is disabled to avoid man-in-the-middle attacks.
nid01365: mv: cannot stat `/global/cscratch1/sd/qpzhang/spark/2250173/sparklogs/spark-qpzhang-org.apache.spark.deploy.worker.Worker-1-nid00627.out.4': No such file or directory
nid01365: mv: cannot stat `/global/cscratch1/sd/qpzhang/spark/2250173/sparklogs/spark-qpzhang-org.apache.spark.deploy.worker.Worker-1-nid00627.out.2': No such file or directory
nid01365: mv: cannot stat `/global/cscratch1/sd/qpzhang/spark/2250173/sparklogs/spark-qpzhang-org.apache.spark.deploy.worker.Worker-1-nid00627.out.1': No such file or directory
nid01365: mv: cannot stat `/global/cscratch1/sd/qpzhang/spark/2250173/sparklogs/spark-qpzhang-org.apache.spark.deploy.worker.Worker-1-nid00627.out': No such file or directory
nid01365: starting org.apache.spark.deploy.worker.Worker, logging to /global/cscratch1/sd/qpzhang/spark/2250173/sparklogs/spark-qpzhang-org.apache.spark.deploy.worker.Worker-1-nid00627.out
nid01367: @@@@@@@@@@@@@@@@@@@@@@@@@@@@@@@@@@@@@@@@@@@@@@@@@@@@@@@@@@@
nid01367: @    WARNING: REMOTE HOST IDENTIFICATION HAS CHANGED!     @
nid01367: @@@@@@@@@@@@@@@@@@@@@@@@@@@@@@@@@@@@@@@@@@@@@@@@@@@@@@@@@@@
nid01367: IT IS POSSIBLE THAT SOMEONE IS DOING SOMETHING NASTY!
nid01367: Someone could be eavesdropping on you right now (man-in-the-middle attack)!
nid01367: It is also possible that a host key has just been changed.
nid01367: The fingerprint for the ECDSA key sent by the remote host is
nid01367: SHA256:/MCLQF0z31FfBMS0f7rBKzrsc/TdPgmKJXyFsOCSeYE.
nid01367: Please contact your system administrator.
nid01367: Add correct host key in /global/homes/q/qpzhang/.ssh/known_hosts to get rid of this message.
nid01367: Offending ECDSA key in /global/homes/q/qpzhang/.ssh/known_hosts:516
nid01367: Password authentication is disabled to avoid man-in-the-middle attacks.
nid01367: Keyboard-interactive authentication is disabled to avoid man-in-the-middle attacks.
nid01367: mv: cannot stat `/global/cscratch1/sd/qpzhang/spark/2250173/sparklogs/spark-qpzhang-org.apache.spark.deploy.worker.Worker-1-nid00627.out.1': No such file or directory
nid01367: mv: cannot stat `/global/cscratch1/sd/qpzhang/spark/2250173/sparklogs/spark-qpzhang-org.apache.spark.deploy.worker.Worker-1-nid00627.out': No such file or directory
nid01367: starting org.apache.spark.deploy.worker.Worker, logging to /global/cscratch1/sd/qpzhang/spark/2250173/sparklogs/spark-qpzhang-org.apache.spark.deploy.worker.Worker-1-nid00627.out
nid01371: @@@@@@@@@@@@@@@@@@@@@@@@@@@@@@@@@@@@@@@@@@@@@@@@@@@@@@@@@@@
nid01371: @    WARNING: REMOTE HOST IDENTIFICATION HAS CHANGED!     @
nid01371: @@@@@@@@@@@@@@@@@@@@@@@@@@@@@@@@@@@@@@@@@@@@@@@@@@@@@@@@@@@
nid01371: IT IS POSSIBLE THAT SOMEONE IS DOING SOMETHING NASTY!
nid01371: Someone could be eavesdropping on you right now (man-in-the-middle attack)!
nid01371: It is also possible that a host key has just been changed.
nid01371: The fingerprint for the ECDSA key sent by the remote host is
nid01371: SHA256:Kad5dFaoQyvCyjqOiP7+jPVfIEJntYZX3aD4qq5mHCo.
nid01371: Please contact your system administrator.
nid01371: Add correct host key in /global/homes/q/qpzhang/.ssh/known_hosts to get rid of this message.
nid01371: Offending ECDSA key in /global/homes/q/qpzhang/.ssh/known_hosts:265
nid01371: Password authentication is disabled to avoid man-in-the-middle attacks.
nid01371: Keyboard-interactive authentication is disabled to avoid man-in-the-middle attacks.
nid01371: starting org.apache.spark.deploy.worker.Worker, logging to /global/cscratch1/sd/qpzhang/spark/2250173/sparklogs/spark-qpzhang-org.apache.spark.deploy.worker.Worker-1-nid00627.out
nid01338: Warning: Permanently added '[nid01338]:204,[10.128.5.69]:204' (ECDSA) to the list of known hosts.
nid01338: mv: cannot stat `/global/cscratch1/sd/qpzhang/spark/2250173/sparklogs/spark-qpzhang-org.apache.spark.deploy.worker.Worker-1-nid00627.out.4': No such file or directory
nid01338: mv: cannot stat `/global/cscratch1/sd/qpzhang/spark/2250173/sparklogs/spark-qpzhang-org.apache.spark.deploy.worker.Worker-1-nid00627.out.1': No such file or directory
nid01338: mv: cannot stat `/global/cscratch1/sd/qpzhang/spark/2250173/sparklogs/spark-qpzhang-org.apache.spark.deploy.worker.Worker-1-nid00627.out': No such file or directory
nid01338: starting org.apache.spark.deploy.worker.Worker, logging to /global/cscratch1/sd/qpzhang/spark/2250173/sparklogs/spark-qpzhang-org.apache.spark.deploy.worker.Worker-1-nid00627.out
nid01336: Warning: Permanently added '[nid01336]:204,[10.128.5.67]:204' (ECDSA) to the list of known hosts.
nid01336: mv: cannot stat `/global/cscratch1/sd/qpzhang/spark/2250173/sparklogs/spark-qpzhang-org.apache.spark.deploy.worker.Worker-1-nid00627.out.2': No such file or directory
nid01336: mv: cannot stat `/global/cscratch1/sd/qpzhang/spark/2250173/sparklogs/spark-qpzhang-org.apache.spark.deploy.worker.Worker-1-nid00627.out': No such file or directory
nid01336: starting org.apache.spark.deploy.worker.Worker, logging to /global/cscratch1/sd/qpzhang/spark/2250173/sparklogs/spark-qpzhang-org.apache.spark.deploy.worker.Worker-1-nid00627.out
nid01372: Warning: Permanently added '[nid01372]:204,[10.128.5.103]:204' (ECDSA) to the list of known hosts.
nid01372: starting org.apache.spark.deploy.worker.Worker, logging to /global/cscratch1/sd/qpzhang/spark/2250173/sparklogs/spark-qpzhang-org.apache.spark.deploy.worker.Worker-1-nid00627.out
nid01378: @@@@@@@@@@@@@@@@@@@@@@@@@@@@@@@@@@@@@@@@@@@@@@@@@@@@@@@@@@@
nid01378: @    WARNING: REMOTE HOST IDENTIFICATION HAS CHANGED!     @
nid01378: @@@@@@@@@@@@@@@@@@@@@@@@@@@@@@@@@@@@@@@@@@@@@@@@@@@@@@@@@@@
nid01378: IT IS POSSIBLE THAT SOMEONE IS DOING SOMETHING NASTY!
nid01378: Someone could be eavesdropping on you right now (man-in-the-middle attack)!
nid01378: It is also possible that a host key has just been changed.
nid01378: The fingerprint for the ECDSA key sent by the remote host is
nid01378: SHA256:Gt7TmiawRXjwW3ZjeH1SFIQGR8JjfQAk7g7k5KLIiKI.
nid01378: Please contact your system administrator.
nid01378: Add correct host key in /global/homes/q/qpzhang/.ssh/known_hosts to get rid of this message.
nid01378: Offending ECDSA key in /global/homes/q/qpzhang/.ssh/known_hosts:486
nid01378: Password authentication is disabled to avoid man-in-the-middle attacks.
nid01378: Keyboard-interactive authentication is disabled to avoid man-in-the-middle attacks.
nid01378: starting org.apache.spark.deploy.worker.Worker, logging to /global/cscratch1/sd/qpzhang/spark/2250173/sparklogs/spark-qpzhang-org.apache.spark.deploy.worker.Worker-1-nid00627.out
nid01343: Warning: Permanently added '[nid01343]:204,[10.128.5.74]:204' (ECDSA) to the list of known hosts.
nid01343: mv: cannot stat `/global/cscratch1/sd/qpzhang/spark/2250173/sparklogs/spark-qpzhang-org.apache.spark.deploy.worker.Worker-1-nid00627.out.4': No such file or directory
nid01343: mv: `/global/cscratch1/sd/qpzhang/spark/2250173/sparklogs/spark-qpzhang-org.apache.spark.deploy.worker.Worker-1-nid00627.out.2' and `/global/cscratch1/sd/qpzhang/spark/2250173/sparklogs/spark-qpzhang-org.apache.spark.deploy.worker.Worker-1-nid00627.out.3' are the same file
nid01343: starting org.apache.spark.deploy.worker.Worker, logging to /global/cscratch1/sd/qpzhang/spark/2250173/sparklogs/spark-qpzhang-org.apache.spark.deploy.worker.Worker-1-nid00627.out
nid01366: @@@@@@@@@@@@@@@@@@@@@@@@@@@@@@@@@@@@@@@@@@@@@@@@@@@@@@@@@@@
nid01366: @    WARNING: REMOTE HOST IDENTIFICATION HAS CHANGED!     @
nid01366: @@@@@@@@@@@@@@@@@@@@@@@@@@@@@@@@@@@@@@@@@@@@@@@@@@@@@@@@@@@
nid01366: IT IS POSSIBLE THAT SOMEONE IS DOING SOMETHING NASTY!
nid01366: Someone could be eavesdropping on you right now (man-in-the-middle attack)!
nid01366: It is also possible that a host key has just been changed.
nid01366: The fingerprint for the ECDSA key sent by the remote host is
nid01366: SHA256:/j3wGQXk4gWlXjNVLIKJhlBze+/tbE8spXYqI0+X/DI.
nid01366: Please contact your system administrator.
nid01366: Add correct host key in /global/homes/q/qpzhang/.ssh/known_hosts to get rid of this message.
nid01366: Offending ECDSA key in /global/homes/q/qpzhang/.ssh/known_hosts:514
nid01366: Password authentication is disabled to avoid man-in-the-middle attacks.
nid01366: Keyboard-interactive authentication is disabled to avoid man-in-the-middle attacks.
nid01366: mv: cannot stat `/global/cscratch1/sd/qpzhang/spark/2250173/sparklogs/spark-qpzhang-org.apache.spark.deploy.worker.Worker-1-nid00627.out.3': No such file or directory
nid01366: mv: cannot stat `/global/cscratch1/sd/qpzhang/spark/2250173/sparklogs/spark-qpzhang-org.apache.spark.deploy.worker.Worker-1-nid00627.out.1': No such file or directory
nid01366: mv: cannot stat `/global/cscratch1/sd/qpzhang/spark/2250173/sparklogs/spark-qpzhang-org.apache.spark.deploy.worker.Worker-1-nid00627.out': No such file or directory
nid01366: starting org.apache.spark.deploy.worker.Worker, logging to /global/cscratch1/sd/qpzhang/spark/2250173/sparklogs/spark-qpzhang-org.apache.spark.deploy.worker.Worker-1-nid00627.out
nid01373: Warning: Permanently added '[nid01373]:204,[10.128.5.104]:204' (ECDSA) to the list of known hosts.
nid01373: starting org.apache.spark.deploy.worker.Worker, logging to /global/cscratch1/sd/qpzhang/spark/2250173/sparklogs/spark-qpzhang-org.apache.spark.deploy.worker.Worker-1-nid00627.out
nid01342: Warning: Permanently added '[nid01342]:204,[10.128.5.73]:204' (ECDSA) to the list of known hosts.
nid01342: mv: cannot stat `/global/cscratch1/sd/qpzhang/spark/2250173/sparklogs/spark-qpzhang-org.apache.spark.deploy.worker.Worker-1-nid00627.out.4': No such file or directory
nid01342: starting org.apache.spark.deploy.worker.Worker, logging to /global/cscratch1/sd/qpzhang/spark/2250173/sparklogs/spark-qpzhang-org.apache.spark.deploy.worker.Worker-1-nid00627.out
nid01334: Warning: Permanently added '[nid01334]:204,[10.128.5.65]:204' (ECDSA) to the list of known hosts.
nid01334: mv: cannot stat `/global/cscratch1/sd/qpzhang/spark/2250173/sparklogs/spark-qpzhang-org.apache.spark.deploy.worker.Worker-1-nid00627.out.2': No such file or directory
nid01334: mv: cannot stat `/global/cscratch1/sd/qpzhang/spark/2250173/sparklogs/spark-qpzhang-org.apache.spark.deploy.worker.Worker-1-nid00627.out': No such file or directory
nid01334: starting org.apache.spark.deploy.worker.Worker, logging to /global/cscratch1/sd/qpzhang/spark/2250173/sparklogs/spark-qpzhang-org.apache.spark.deploy.worker.Worker-1-nid00627.out
nid01369: @@@@@@@@@@@@@@@@@@@@@@@@@@@@@@@@@@@@@@@@@@@@@@@@@@@@@@@@@@@
nid01369: @    WARNING: REMOTE HOST IDENTIFICATION HAS CHANGED!     @
nid01369: @@@@@@@@@@@@@@@@@@@@@@@@@@@@@@@@@@@@@@@@@@@@@@@@@@@@@@@@@@@
nid01369: IT IS POSSIBLE THAT SOMEONE IS DOING SOMETHING NASTY!
nid01369: Someone could be eavesdropping on you right now (man-in-the-middle attack)!
nid01369: It is also possible that a host key has just been changed.
nid01369: The fingerprint for the ECDSA key sent by the remote host is
nid01369: SHA256:pE1QIsCQIPHW3QgoQLjLnW1AXzHKhtHL0u99aLqZl6k.
nid01369: Please contact your system administrator.
nid01369: Add correct host key in /global/homes/q/qpzhang/.ssh/known_hosts to get rid of this message.
nid01369: Offending ECDSA key in /global/homes/q/qpzhang/.ssh/known_hosts:264
nid01369: Password authentication is disabled to avoid man-in-the-middle attacks.
nid01369: Keyboard-interactive authentication is disabled to avoid man-in-the-middle attacks.
nid01369: mv: cannot stat `/global/cscratch1/sd/qpzhang/spark/2250173/sparklogs/spark-qpzhang-org.apache.spark.deploy.worker.Worker-1-nid00627.out.3': No such file or directory
nid01369: mv: cannot stat `/global/cscratch1/sd/qpzhang/spark/2250173/sparklogs/spark-qpzhang-org.apache.spark.deploy.worker.Worker-1-nid00627.out.1': No such file or directory
nid01369: mv: cannot stat `/global/cscratch1/sd/qpzhang/spark/2250173/sparklogs/spark-qpzhang-org.apache.spark.deploy.worker.Worker-1-nid00627.out': No such file or directory
nid01369: starting org.apache.spark.deploy.worker.Worker, logging to /global/cscratch1/sd/qpzhang/spark/2250173/sparklogs/spark-qpzhang-org.apache.spark.deploy.worker.Worker-1-nid00627.out
nid01370: Warning: Permanently added '[nid01370]:204,[10.128.5.101]:204' (ECDSA) to the list of known hosts.
nid01370: mv: cannot stat `/global/cscratch1/sd/qpzhang/spark/2250173/sparklogs/spark-qpzhang-org.apache.spark.deploy.worker.Worker-1-nid00627.out.4': No such file or directory
nid01370: mv: cannot stat `/global/cscratch1/sd/qpzhang/spark/2250173/sparklogs/spark-qpzhang-org.apache.spark.deploy.worker.Worker-1-nid00627.out.2': No such file or directory
nid01370: starting org.apache.spark.deploy.worker.Worker, logging to /global/cscratch1/sd/qpzhang/spark/2250173/sparklogs/spark-qpzhang-org.apache.spark.deploy.worker.Worker-1-nid00627.out
nid01380: @@@@@@@@@@@@@@@@@@@@@@@@@@@@@@@@@@@@@@@@@@@@@@@@@@@@@@@@@@@
nid01380: @    WARNING: REMOTE HOST IDENTIFICATION HAS CHANGED!     @
nid01380: @@@@@@@@@@@@@@@@@@@@@@@@@@@@@@@@@@@@@@@@@@@@@@@@@@@@@@@@@@@
nid01380: IT IS POSSIBLE THAT SOMEONE IS DOING SOMETHING NASTY!
nid01380: Someone could be eavesdropping on you right now (man-in-the-middle attack)!
nid01380: It is also possible that a host key has just been changed.
nid01380: The fingerprint for the ECDSA key sent by the remote host is
nid01380: SHA256:s3K1aX3fwx+QAhYE5TATnrnlMvsMFSqAr5mXGd65Ss0.
nid01380: Please contact your system administrator.
nid01380: Add correct host key in /global/homes/q/qpzhang/.ssh/known_hosts to get rid of this message.
nid01380: Offending ECDSA key in /global/homes/q/qpzhang/.ssh/known_hosts:488
nid01380: Password authentication is disabled to avoid man-in-the-middle attacks.
nid01380: Keyboard-interactive authentication is disabled to avoid man-in-the-middle attacks.
nid01380: starting org.apache.spark.deploy.worker.Worker, logging to /global/cscratch1/sd/qpzhang/spark/2250173/sparklogs/spark-qpzhang-org.apache.spark.deploy.worker.Worker-1-nid00627.out
nid01380: failed to launch org.apache.spark.deploy.worker.Worker:
nid01380: full log in /global/cscratch1/sd/qpzhang/spark/2250173/sparklogs/spark-qpzhang-org.apache.spark.deploy.worker.Worker-1-nid00627.out
nid01368: @@@@@@@@@@@@@@@@@@@@@@@@@@@@@@@@@@@@@@@@@@@@@@@@@@@@@@@@@@@
nid01368: @    WARNING: REMOTE HOST IDENTIFICATION HAS CHANGED!     @
nid01368: @@@@@@@@@@@@@@@@@@@@@@@@@@@@@@@@@@@@@@@@@@@@@@@@@@@@@@@@@@@
nid01368: IT IS POSSIBLE THAT SOMEONE IS DOING SOMETHING NASTY!
nid01368: Someone could be eavesdropping on you right now (man-in-the-middle attack)!
nid01368: It is also possible that a host key has just been changed.
nid01368: The fingerprint for the ECDSA key sent by the remote host is
nid01368: SHA256:Z2X0zlkutUeKsESNOLZmbd0qjO01H4OyV7ghydZj3bY.
nid01368: Please contact your system administrator.
nid01368: Add correct host key in /global/homes/q/qpzhang/.ssh/known_hosts to get rid of this message.
nid01368: Offending ECDSA key in /global/homes/q/qpzhang/.ssh/known_hosts:262
nid01368: Password authentication is disabled to avoid man-in-the-middle attacks.
nid01368: Keyboard-interactive authentication is disabled to avoid man-in-the-middle attacks.
nid01368: mv: cannot stat `/global/cscratch1/sd/qpzhang/spark/2250173/sparklogs/spark-qpzhang-org.apache.spark.deploy.worker.Worker-1-nid00627.out.4': No such file or directory
nid01368: mv: cannot stat `/global/cscratch1/sd/qpzhang/spark/2250173/sparklogs/spark-qpzhang-org.apache.spark.deploy.worker.Worker-1-nid00627.out': No such file or directory
nid01368: starting org.apache.spark.deploy.worker.Worker, logging to /global/cscratch1/sd/qpzhang/spark/2250173/sparklogs/spark-qpzhang-org.apache.spark.deploy.worker.Worker-1-nid00627.out
nid01368: failed to launch org.apache.spark.deploy.worker.Worker:
nid01368: full log in /global/cscratch1/sd/qpzhang/spark/2250173/sparklogs/spark-qpzhang-org.apache.spark.deploy.worker.Worker-1-nid00627.out
nid01374: Warning: Permanently added '[nid01374]:204,[10.128.5.105]:204' (ECDSA) to the list of known hosts.
nid01374: starting org.apache.spark.deploy.worker.Worker, logging to /global/cscratch1/sd/qpzhang/spark/2250173/sparklogs/spark-qpzhang-org.apache.spark.deploy.worker.Worker-1-nid00627.out
nid01376: Warning: Permanently added '[nid01376]:204,[10.128.5.107]:204' (ECDSA) to the list of known hosts.
nid01376: starting org.apache.spark.deploy.worker.Worker, logging to /global/cscratch1/sd/qpzhang/spark/2250173/sparklogs/spark-qpzhang-org.apache.spark.deploy.worker.Worker-1-nid00627.out
nid01377: Warning: Permanently added '[nid01377]:204,[10.128.5.108]:204' (ECDSA) to the list of known hosts.
nid01377: mv: cannot stat `/global/cscratch1/sd/qpzhang/spark/2250173/sparklogs/spark-qpzhang-org.apache.spark.deploy.worker.Worker-1-nid00627.out.2': No such file or directory
nid01377: mv: cannot stat `/global/cscratch1/sd/qpzhang/spark/2250173/sparklogs/spark-qpzhang-org.apache.spark.deploy.worker.Worker-1-nid00627.out.1': No such file or directory
nid01377: mv: cannot stat `/global/cscratch1/sd/qpzhang/spark/2250173/sparklogs/spark-qpzhang-org.apache.spark.deploy.worker.Worker-1-nid00627.out': No such file or directory
nid01377: starting org.apache.spark.deploy.worker.Worker, logging to /global/cscratch1/sd/qpzhang/spark/2250173/sparklogs/spark-qpzhang-org.apache.spark.deploy.worker.Worker-1-nid00627.out
nid01379: @@@@@@@@@@@@@@@@@@@@@@@@@@@@@@@@@@@@@@@@@@@@@@@@@@@@@@@@@@@
nid01379: @    WARNING: REMOTE HOST IDENTIFICATION HAS CHANGED!     @
nid01379: @@@@@@@@@@@@@@@@@@@@@@@@@@@@@@@@@@@@@@@@@@@@@@@@@@@@@@@@@@@
nid01379: IT IS POSSIBLE THAT SOMEONE IS DOING SOMETHING NASTY!
nid01379: Someone could be eavesdropping on you right now (man-in-the-middle attack)!
nid01379: It is also possible that a host key has just been changed.
nid01379: The fingerprint for the ECDSA key sent by the remote host is
nid01379: SHA256:y2pgHxG9y95HtPkeQ7IZ4cYvLRVwdEUZDbXD5+54G2k.
nid01379: Please contact your system administrator.
nid01379: Add correct host key in /global/homes/q/qpzhang/.ssh/known_hosts to get rid of this message.
nid01379: Offending ECDSA key in /global/homes/q/qpzhang/.ssh/known_hosts:487
nid01379: Password authentication is disabled to avoid man-in-the-middle attacks.
nid01379: Keyboard-interactive authentication is disabled to avoid man-in-the-middle attacks.
nid01379: mv: cannot stat `/global/cscratch1/sd/qpzhang/spark/2250173/sparklogs/spark-qpzhang-org.apache.spark.deploy.worker.Worker-1-nid00627.out.4': No such file or directory
nid01379: mv: cannot stat `/global/cscratch1/sd/qpzhang/spark/2250173/sparklogs/spark-qpzhang-org.apache.spark.deploy.worker.Worker-1-nid00627.out.2': No such file or directory
nid01379: starting org.apache.spark.deploy.worker.Worker, logging to /global/cscratch1/sd/qpzhang/spark/2250173/sparklogs/spark-qpzhang-org.apache.spark.deploy.worker.Worker-1-nid00627.out
nid01375: Warning: Permanently added '[nid01375]:204,[10.128.5.106]:204' (ECDSA) to the list of known hosts.
nid01375: mv: cannot stat `/global/cscratch1/sd/qpzhang/spark/2250173/sparklogs/spark-qpzhang-org.apache.spark.deploy.worker.Worker-1-nid00627.out': No such file or directory
nid01375: starting org.apache.spark.deploy.worker.Worker, logging to /global/cscratch1/sd/qpzhang/spark/2250173/sparklogs/spark-qpzhang-org.apache.spark.deploy.worker.Worker-1-nid00627.out
nid01375: failed to launch org.apache.spark.deploy.worker.Worker:
nid01375:   ========================================
nid01375:   16/05/18 22:07:04 INFO Worker: Registered signal handlers for [TERM, HUP, INT]
nid01375: full log in /global/cscratch1/sd/qpzhang/spark/2250173/sparklogs/spark-qpzhang-org.apache.spark.deploy.worker.Worker-1-nid00627.out
nid01381: Warning: Permanently added '[nid01381]:204,[10.128.5.112]:204' (ECDSA) to the list of known hosts.
nid01381: mv: cannot stat `/global/cscratch1/sd/qpzhang/spark/2250173/sparklogs/spark-qpzhang-org.apache.spark.deploy.worker.Worker-1-nid00627.out.4': No such file or directory
nid01381: mv: cannot stat `/global/cscratch1/sd/qpzhang/spark/2250173/sparklogs/spark-qpzhang-org.apache.spark.deploy.worker.Worker-1-nid00627.out': No such file or directory
nid01381: starting org.apache.spark.deploy.worker.Worker, logging to /global/cscratch1/sd/qpzhang/spark/2250173/sparklogs/spark-qpzhang-org.apache.spark.deploy.worker.Worker-1-nid00627.out
nid01381: failed to launch org.apache.spark.deploy.worker.Worker:
nid01381:   ========================================
nid01381:   16/05/18 22:07:04 INFO Worker: Registered signal handlers for [TERM, HUP, INT]
nid01381: full log in /global/cscratch1/sd/qpzhang/spark/2250173/sparklogs/spark-qpzhang-org.apache.spark.deploy.worker.Worker-1-nid00627.out
