writing to /global/cscratch1/sd/qpzhang/spark_env
starting org.apache.spark.deploy.master.Master, logging to /global/cscratch1/sd/qpzhang/spark/1403674/sparklogs/spark-qpzhang-org.apache.spark.deploy.master.Master-1-nid00336.out
/global/common/cori/software/spark/1.5.1/sbin/..
nid00337: doing ssh -o StrictHostKeyChecking=no nid00337  cd /global/common/cori/software/spark/1.5.1/sbin/.. ; /usr/common/software/spark/1.5.1/sbin/start-slave.sh spark://nid00336:7077
nid00338: doing ssh -o StrictHostKeyChecking=no nid00338  cd /global/common/cori/software/spark/1.5.1/sbin/.. ; /usr/common/software/spark/1.5.1/sbin/start-slave.sh spark://nid00336:7077
nid00339: doing ssh -o StrictHostKeyChecking=no nid00339  cd /global/common/cori/software/spark/1.5.1/sbin/.. ; /usr/common/software/spark/1.5.1/sbin/start-slave.sh spark://nid00336:7077
nid00340: doing ssh -o StrictHostKeyChecking=no nid00340  cd /global/common/cori/software/spark/1.5.1/sbin/.. ; /usr/common/software/spark/1.5.1/sbin/start-slave.sh spark://nid00336:7077
nid00341: doing ssh -o StrictHostKeyChecking=no nid00341  cd /global/common/cori/software/spark/1.5.1/sbin/.. ; /usr/common/software/spark/1.5.1/sbin/start-slave.sh spark://nid00336:7077
nid00342: doing ssh -o StrictHostKeyChecking=no nid00342  cd /global/common/cori/software/spark/1.5.1/sbin/.. ; /usr/common/software/spark/1.5.1/sbin/start-slave.sh spark://nid00336:7077
nid00343: doing ssh -o StrictHostKeyChecking=no nid00343  cd /global/common/cori/software/spark/1.5.1/sbin/.. ; /usr/common/software/spark/1.5.1/sbin/start-slave.sh spark://nid00336:7077
nid00348: doing ssh -o StrictHostKeyChecking=no nid00348  cd /global/common/cori/software/spark/1.5.1/sbin/.. ; /usr/common/software/spark/1.5.1/sbin/start-slave.sh spark://nid00336:7077
nid00349: doing ssh -o StrictHostKeyChecking=no nid00349  cd /global/common/cori/software/spark/1.5.1/sbin/.. ; /usr/common/software/spark/1.5.1/sbin/start-slave.sh spark://nid00336:7077
nid00338: @@@@@@@@@@@@@@@@@@@@@@@@@@@@@@@@@@@@@@@@@@@@@@@@@@@@@@@@@@@
nid00338: @    WARNING: REMOTE HOST IDENTIFICATION HAS CHANGED!     @
nid00338: @@@@@@@@@@@@@@@@@@@@@@@@@@@@@@@@@@@@@@@@@@@@@@@@@@@@@@@@@@@
nid00338: IT IS POSSIBLE THAT SOMEONE IS DOING SOMETHING NASTY!
nid00338: Someone could be eavesdropping on you right now (man-in-the-middle attack)!
nid00338: It is also possible that a host key has just been changed.
nid00338: The fingerprint for the ECDSA key sent by the remote host is
nid00338: SHA256:ijTpNbhepSLo56m/sOEybfToXBhQycnnxcdPkYGpxAc.
nid00338: Please contact your system administrator.
nid00338: Add correct host key in /global/homes/q/qpzhang/.ssh/known_hosts to get rid of this message.
nid00338: Offending ECDSA key in /global/homes/q/qpzhang/.ssh/known_hosts:215
nid00338: Password authentication is disabled to avoid man-in-the-middle attacks.
nid00338: Keyboard-interactive authentication is disabled to avoid man-in-the-middle attacks.
nid00338: starting org.apache.spark.deploy.worker.Worker, logging to /global/cscratch1/sd/qpzhang/spark/1403674/sparklogs/spark-qpzhang-org.apache.spark.deploy.worker.Worker-1-nid00336.out
nid00339: @@@@@@@@@@@@@@@@@@@@@@@@@@@@@@@@@@@@@@@@@@@@@@@@@@@@@@@@@@@
nid00339: @    WARNING: REMOTE HOST IDENTIFICATION HAS CHANGED!     @
nid00339: @@@@@@@@@@@@@@@@@@@@@@@@@@@@@@@@@@@@@@@@@@@@@@@@@@@@@@@@@@@
nid00339: IT IS POSSIBLE THAT SOMEONE IS DOING SOMETHING NASTY!
nid00339: Someone could be eavesdropping on you right now (man-in-the-middle attack)!
nid00339: It is also possible that a host key has just been changed.
nid00339: The fingerprint for the ECDSA key sent by the remote host is
nid00339: SHA256:mOCJmUd+E50DheIkH6kqf4dX2/tHDaIWI55B3G+yKj8.
nid00339: Please contact your system administrator.
nid00339: Add correct host key in /global/homes/q/qpzhang/.ssh/known_hosts to get rid of this message.
nid00339: Offending ECDSA key in /global/homes/q/qpzhang/.ssh/known_hosts:213
nid00339: Password authentication is disabled to avoid man-in-the-middle attacks.
nid00339: Keyboard-interactive authentication is disabled to avoid man-in-the-middle attacks.
nid00339: starting org.apache.spark.deploy.worker.Worker, logging to /global/cscratch1/sd/qpzhang/spark/1403674/sparklogs/spark-qpzhang-org.apache.spark.deploy.worker.Worker-1-nid00336.out
nid00337: @@@@@@@@@@@@@@@@@@@@@@@@@@@@@@@@@@@@@@@@@@@@@@@@@@@@@@@@@@@
nid00337: @    WARNING: REMOTE HOST IDENTIFICATION HAS CHANGED!     @
nid00337: @@@@@@@@@@@@@@@@@@@@@@@@@@@@@@@@@@@@@@@@@@@@@@@@@@@@@@@@@@@
nid00337: IT IS POSSIBLE THAT SOMEONE IS DOING SOMETHING NASTY!
nid00337: Someone could be eavesdropping on you right now (man-in-the-middle attack)!
nid00337: It is also possible that a host key has just been changed.
nid00337: The fingerprint for the ECDSA key sent by the remote host is
nid00337: SHA256:hiaNp69AWOFi/LH8nutNyeawAg2i4x6vrlfSMzXsRxo.
nid00337: Please contact your system administrator.
nid00337: Add correct host key in /global/homes/q/qpzhang/.ssh/known_hosts to get rid of this message.
nid00337: Offending ECDSA key in /global/homes/q/qpzhang/.ssh/known_hosts:211
nid00337: Password authentication is disabled to avoid man-in-the-middle attacks.
nid00337: Keyboard-interactive authentication is disabled to avoid man-in-the-middle attacks.
nid00337: starting org.apache.spark.deploy.worker.Worker, logging to /global/cscratch1/sd/qpzhang/spark/1403674/sparklogs/spark-qpzhang-org.apache.spark.deploy.worker.Worker-1-nid00336.out
nid00342: Warning: Permanently added '[nid00342]:204,[10.128.1.89]:204' (ECDSA) to the list of known hosts.
nid00342: starting org.apache.spark.deploy.worker.Worker, logging to /global/cscratch1/sd/qpzhang/spark/1403674/sparklogs/spark-qpzhang-org.apache.spark.deploy.worker.Worker-1-nid00336.out
nid00341: @@@@@@@@@@@@@@@@@@@@@@@@@@@@@@@@@@@@@@@@@@@@@@@@@@@@@@@@@@@
nid00341: @    WARNING: REMOTE HOST IDENTIFICATION HAS CHANGED!     @
nid00341: @@@@@@@@@@@@@@@@@@@@@@@@@@@@@@@@@@@@@@@@@@@@@@@@@@@@@@@@@@@
nid00341: IT IS POSSIBLE THAT SOMEONE IS DOING SOMETHING NASTY!
nid00341: Someone could be eavesdropping on you right now (man-in-the-middle attack)!
nid00341: It is also possible that a host key has just been changed.
nid00341: The fingerprint for the ECDSA key sent by the remote host is
nid00341: SHA256:xZvsO9hh/5LnXY0x0kwlpN/etkSPdH0suJ6SnxHGTqg.
nid00341: Please contact your system administrator.
nid00341: Add correct host key in /global/homes/q/qpzhang/.ssh/known_hosts to get rid of this message.
nid00341: Offending ECDSA key in /global/homes/q/qpzhang/.ssh/known_hosts:125
nid00341: Password authentication is disabled to avoid man-in-the-middle attacks.
nid00341: Keyboard-interactive authentication is disabled to avoid man-in-the-middle attacks.
nid00341: starting org.apache.spark.deploy.worker.Worker, logging to /global/cscratch1/sd/qpzhang/spark/1403674/sparklogs/spark-qpzhang-org.apache.spark.deploy.worker.Worker-1-nid00336.out
nid00349: Warning: Permanently added '[nid00349]:204,[10.128.1.96]:204' (ECDSA) to the list of known hosts.
nid00349: mv: `/global/cscratch1/sd/qpzhang/spark/1403674/sparklogs/spark-qpzhang-org.apache.spark.deploy.worker.Worker-1-nid00336.out.1' and `/global/cscratch1/sd/qpzhang/spark/1403674/sparklogs/spark-qpzhang-org.apache.spark.deploy.worker.Worker-1-nid00336.out.2' are the same file
nid00349: mv: cannot stat `/global/cscratch1/sd/qpzhang/spark/1403674/sparklogs/spark-qpzhang-org.apache.spark.deploy.worker.Worker-1-nid00336.out': No such file or directory
nid00349: starting org.apache.spark.deploy.worker.Worker, logging to /global/cscratch1/sd/qpzhang/spark/1403674/sparklogs/spark-qpzhang-org.apache.spark.deploy.worker.Worker-1-nid00336.out
nid00348: Warning: Permanently added '[nid00348]:204,[10.128.1.95]:204' (ECDSA) to the list of known hosts.
nid00348: starting org.apache.spark.deploy.worker.Worker, logging to /global/cscratch1/sd/qpzhang/spark/1403674/sparklogs/spark-qpzhang-org.apache.spark.deploy.worker.Worker-1-nid00336.out
nid00343: Warning: Permanently added '[nid00343]:204,[10.128.1.90]:204' (ECDSA) to the list of known hosts.
nid00343: starting org.apache.spark.deploy.worker.Worker, logging to /global/cscratch1/sd/qpzhang/spark/1403674/sparklogs/spark-qpzhang-org.apache.spark.deploy.worker.Worker-1-nid00336.out
nid00340: Warning: Permanently added '[nid00340]:204,[10.128.1.87]:204' (ECDSA) to the list of known hosts.
nid00340: starting org.apache.spark.deploy.worker.Worker, logging to /global/cscratch1/sd/qpzhang/spark/1403674/sparklogs/spark-qpzhang-org.apache.spark.deploy.worker.Worker-1-nid00336.out
nid00337: doing ssh -o StrictHostKeyChecking=no nid00337  cd /global/common/cori/software/spark/1.5.1/sbin/.. ; /usr/common/software/spark/1.5.1/sbin/stop-slave.sh
nid00338: doing ssh -o StrictHostKeyChecking=no nid00338  cd /global/common/cori/software/spark/1.5.1/sbin/.. ; /usr/common/software/spark/1.5.1/sbin/stop-slave.sh
nid00339: doing ssh -o StrictHostKeyChecking=no nid00339  cd /global/common/cori/software/spark/1.5.1/sbin/.. ; /usr/common/software/spark/1.5.1/sbin/stop-slave.sh
nid00340: doing ssh -o StrictHostKeyChecking=no nid00340  cd /global/common/cori/software/spark/1.5.1/sbin/.. ; /usr/common/software/spark/1.5.1/sbin/stop-slave.sh
nid00341: doing ssh -o StrictHostKeyChecking=no nid00341  cd /global/common/cori/software/spark/1.5.1/sbin/.. ; /usr/common/software/spark/1.5.1/sbin/stop-slave.sh
nid00342: doing ssh -o StrictHostKeyChecking=no nid00342  cd /global/common/cori/software/spark/1.5.1/sbin/.. ; /usr/common/software/spark/1.5.1/sbin/stop-slave.sh
nid00343: doing ssh -o StrictHostKeyChecking=no nid00343  cd /global/common/cori/software/spark/1.5.1/sbin/.. ; /usr/common/software/spark/1.5.1/sbin/stop-slave.sh
nid00348: doing ssh -o StrictHostKeyChecking=no nid00348  cd /global/common/cori/software/spark/1.5.1/sbin/.. ; /usr/common/software/spark/1.5.1/sbin/stop-slave.sh
nid00349: doing ssh -o StrictHostKeyChecking=no nid00349  cd /global/common/cori/software/spark/1.5.1/sbin/.. ; /usr/common/software/spark/1.5.1/sbin/stop-slave.sh
nid00337: @@@@@@@@@@@@@@@@@@@@@@@@@@@@@@@@@@@@@@@@@@@@@@@@@@@@@@@@@@@
nid00337: @    WARNING: REMOTE HOST IDENTIFICATION HAS CHANGED!     @
nid00337: @@@@@@@@@@@@@@@@@@@@@@@@@@@@@@@@@@@@@@@@@@@@@@@@@@@@@@@@@@@
nid00337: IT IS POSSIBLE THAT SOMEONE IS DOING SOMETHING NASTY!
nid00337: Someone could be eavesdropping on you right now (man-in-the-middle attack)!
nid00337: It is also possible that a host key has just been changed.
nid00337: The fingerprint for the ECDSA key sent by the remote host is
nid00337: SHA256:hiaNp69AWOFi/LH8nutNyeawAg2i4x6vrlfSMzXsRxo.
nid00337: Please contact your system administrator.
nid00337: Add correct host key in /global/homes/q/qpzhang/.ssh/known_hosts to get rid of this message.
nid00337: Offending ECDSA key in /global/homes/q/qpzhang/.ssh/known_hosts:211
nid00337: Password authentication is disabled to avoid man-in-the-middle attacks.
nid00337: Keyboard-interactive authentication is disabled to avoid man-in-the-middle attacks.
nid00337: stopping org.apache.spark.deploy.worker.Worker
nid00339: @@@@@@@@@@@@@@@@@@@@@@@@@@@@@@@@@@@@@@@@@@@@@@@@@@@@@@@@@@@
nid00339: @    WARNING: REMOTE HOST IDENTIFICATION HAS CHANGED!     @
nid00339: @@@@@@@@@@@@@@@@@@@@@@@@@@@@@@@@@@@@@@@@@@@@@@@@@@@@@@@@@@@
nid00339: IT IS POSSIBLE THAT SOMEONE IS DOING SOMETHING NASTY!
nid00339: Someone could be eavesdropping on you right now (man-in-the-middle attack)!
nid00339: It is also possible that a host key has just been changed.
nid00339: The fingerprint for the ECDSA key sent by the remote host is
nid00339: SHA256:mOCJmUd+E50DheIkH6kqf4dX2/tHDaIWI55B3G+yKj8.
nid00339: Please contact your system administrator.
nid00339: Add correct host key in /global/homes/q/qpzhang/.ssh/known_hosts to get rid of this message.
nid00339: Offending ECDSA key in /global/homes/q/qpzhang/.ssh/known_hosts:213
nid00339: Password authentication is disabled to avoid man-in-the-middle attacks.
nid00339: Keyboard-interactive authentication is disabled to avoid man-in-the-middle attacks.
nid00339: stopping org.apache.spark.deploy.worker.Worker
nid00338: @@@@@@@@@@@@@@@@@@@@@@@@@@@@@@@@@@@@@@@@@@@@@@@@@@@@@@@@@@@
nid00338: @    WARNING: REMOTE HOST IDENTIFICATION HAS CHANGED!     @
nid00338: @@@@@@@@@@@@@@@@@@@@@@@@@@@@@@@@@@@@@@@@@@@@@@@@@@@@@@@@@@@
nid00338: IT IS POSSIBLE THAT SOMEONE IS DOING SOMETHING NASTY!
nid00338: Someone could be eavesdropping on you right now (man-in-the-middle attack)!
nid00338: It is also possible that a host key has just been changed.
nid00338: The fingerprint for the ECDSA key sent by the remote host is
nid00338: SHA256:ijTpNbhepSLo56m/sOEybfToXBhQycnnxcdPkYGpxAc.
nid00338: Please contact your system administrator.
nid00338: Add correct host key in /global/homes/q/qpzhang/.ssh/known_hosts to get rid of this message.
nid00338: Offending ECDSA key in /global/homes/q/qpzhang/.ssh/known_hosts:215
nid00338: Password authentication is disabled to avoid man-in-the-middle attacks.
nid00338: Keyboard-interactive authentication is disabled to avoid man-in-the-middle attacks.
nid00338: stopping org.apache.spark.deploy.worker.Worker
nid00341: @@@@@@@@@@@@@@@@@@@@@@@@@@@@@@@@@@@@@@@@@@@@@@@@@@@@@@@@@@@
nid00341: @    WARNING: REMOTE HOST IDENTIFICATION HAS CHANGED!     @
nid00341: @@@@@@@@@@@@@@@@@@@@@@@@@@@@@@@@@@@@@@@@@@@@@@@@@@@@@@@@@@@
nid00341: IT IS POSSIBLE THAT SOMEONE IS DOING SOMETHING NASTY!
nid00341: Someone could be eavesdropping on you right now (man-in-the-middle attack)!
nid00341: It is also possible that a host key has just been changed.
nid00341: The fingerprint for the ECDSA key sent by the remote host is
nid00341: SHA256:xZvsO9hh/5LnXY0x0kwlpN/etkSPdH0suJ6SnxHGTqg.
nid00341: Please contact your system administrator.
nid00341: Add correct host key in /global/homes/q/qpzhang/.ssh/known_hosts to get rid of this message.
nid00341: Offending ECDSA key in /global/homes/q/qpzhang/.ssh/known_hosts:125
nid00341: Password authentication is disabled to avoid man-in-the-middle attacks.
nid00341: Keyboard-interactive authentication is disabled to avoid man-in-the-middle attacks.
nid00341: stopping org.apache.spark.deploy.worker.Worker
nid00348: stopping org.apache.spark.deploy.worker.Worker
nid00343: stopping org.apache.spark.deploy.worker.Worker
nid00349: stopping org.apache.spark.deploy.worker.Worker
nid00342: stopping org.apache.spark.deploy.worker.Worker
nid00340: stopping org.apache.spark.deploy.worker.Worker
stopping org.apache.spark.deploy.master.Master
