writing to /global/cscratch1/sd/qpzhang/spark_env
starting org.apache.spark.deploy.master.Master, logging to /global/cscratch1/sd/qpzhang/spark/1383629/sparklogs/spark-qpzhang-org.apache.spark.deploy.master.Master-1-nid00951.out
/global/common/cori/software/spark/1.5.1/sbin/..
nid01127: doing ssh -o StrictHostKeyChecking=no nid01127  cd /global/common/cori/software/spark/1.5.1/sbin/.. ; /usr/common/software/spark/1.5.1/sbin/start-slave.sh spark://nid00951:7077
nid01972: doing ssh -o StrictHostKeyChecking=no nid01972  cd /global/common/cori/software/spark/1.5.1/sbin/.. ; /usr/common/software/spark/1.5.1/sbin/start-slave.sh spark://nid00951:7077
nid01973: doing ssh -o StrictHostKeyChecking=no nid01973  cd /global/common/cori/software/spark/1.5.1/sbin/.. ; /usr/common/software/spark/1.5.1/sbin/start-slave.sh spark://nid00951:7077
nid01974: doing ssh -o StrictHostKeyChecking=no nid01974  cd /global/common/cori/software/spark/1.5.1/sbin/.. ; /usr/common/software/spark/1.5.1/sbin/start-slave.sh spark://nid00951:7077
nid01975: doing ssh -o StrictHostKeyChecking=no nid01975  cd /global/common/cori/software/spark/1.5.1/sbin/.. ; /usr/common/software/spark/1.5.1/sbin/start-slave.sh spark://nid00951:7077
nid02148: doing ssh -o StrictHostKeyChecking=no nid02148  cd /global/common/cori/software/spark/1.5.1/sbin/.. ; /usr/common/software/spark/1.5.1/sbin/start-slave.sh spark://nid00951:7077
nid02149: doing ssh -o StrictHostKeyChecking=no nid02149  cd /global/common/cori/software/spark/1.5.1/sbin/.. ; /usr/common/software/spark/1.5.1/sbin/start-slave.sh spark://nid00951:7077
nid02204: doing ssh -o StrictHostKeyChecking=no nid02204  cd /global/common/cori/software/spark/1.5.1/sbin/.. ; /usr/common/software/spark/1.5.1/sbin/start-slave.sh spark://nid00951:7077
nid02205: doing ssh -o StrictHostKeyChecking=no nid02205  cd /global/common/cori/software/spark/1.5.1/sbin/.. ; /usr/common/software/spark/1.5.1/sbin/start-slave.sh spark://nid00951:7077
nid01973: @@@@@@@@@@@@@@@@@@@@@@@@@@@@@@@@@@@@@@@@@@@@@@@@@@@@@@@@@@@
nid01973: @    WARNING: REMOTE HOST IDENTIFICATION HAS CHANGED!     @
nid01973: @@@@@@@@@@@@@@@@@@@@@@@@@@@@@@@@@@@@@@@@@@@@@@@@@@@@@@@@@@@
nid01973: IT IS POSSIBLE THAT SOMEONE IS DOING SOMETHING NASTY!
nid01973: Someone could be eavesdropping on you right now (man-in-the-middle attack)!
nid01973: It is also possible that a host key has just been changed.
nid01973: The fingerprint for the ECDSA key sent by the remote host is
nid01973: SHA256:eaYwA5CnWt7UxECR2liCvNC3hDi86dH6nKbR+j8Sl20.
nid01973: Please contact your system administrator.
nid01973: Add correct host key in /global/homes/q/qpzhang/.ssh/known_hosts to get rid of this message.
nid01973: Offending ECDSA key in /global/homes/q/qpzhang/.ssh/known_hosts:251
nid01973: Password authentication is disabled to avoid man-in-the-middle attacks.
nid01973: Keyboard-interactive authentication is disabled to avoid man-in-the-middle attacks.
nid01973: starting org.apache.spark.deploy.worker.Worker, logging to /global/cscratch1/sd/qpzhang/spark/1383629/sparklogs/spark-qpzhang-org.apache.spark.deploy.worker.Worker-1-nid00951.out
nid01972: @@@@@@@@@@@@@@@@@@@@@@@@@@@@@@@@@@@@@@@@@@@@@@@@@@@@@@@@@@@
nid01972: @    WARNING: REMOTE HOST IDENTIFICATION HAS CHANGED!     @
nid01972: @@@@@@@@@@@@@@@@@@@@@@@@@@@@@@@@@@@@@@@@@@@@@@@@@@@@@@@@@@@
nid01972: IT IS POSSIBLE THAT SOMEONE IS DOING SOMETHING NASTY!
nid01972: Someone could be eavesdropping on you right now (man-in-the-middle attack)!
nid01972: It is also possible that a host key has just been changed.
nid01972: The fingerprint for the ECDSA key sent by the remote host is
nid01972: SHA256:a6wFk9R11UA9yq0/rJQycqIfoiOv0TUgl2EsohaB2Rw.
nid01972: Please contact your system administrator.
nid01972: Add correct host key in /global/homes/q/qpzhang/.ssh/known_hosts to get rid of this message.
nid01972: Offending ECDSA key in /global/homes/q/qpzhang/.ssh/known_hosts:249
nid01972: Password authentication is disabled to avoid man-in-the-middle attacks.
nid01972: Keyboard-interactive authentication is disabled to avoid man-in-the-middle attacks.
nid01972: starting org.apache.spark.deploy.worker.Worker, logging to /global/cscratch1/sd/qpzhang/spark/1383629/sparklogs/spark-qpzhang-org.apache.spark.deploy.worker.Worker-1-nid00951.out
nid01975: @@@@@@@@@@@@@@@@@@@@@@@@@@@@@@@@@@@@@@@@@@@@@@@@@@@@@@@@@@@
nid01975: @    WARNING: REMOTE HOST IDENTIFICATION HAS CHANGED!     @
nid01975: @@@@@@@@@@@@@@@@@@@@@@@@@@@@@@@@@@@@@@@@@@@@@@@@@@@@@@@@@@@
nid01975: IT IS POSSIBLE THAT SOMEONE IS DOING SOMETHING NASTY!
nid01975: Someone could be eavesdropping on you right now (man-in-the-middle attack)!
nid01975: It is also possible that a host key has just been changed.
nid01975: The fingerprint for the ECDSA key sent by the remote host is
nid01975: SHA256:Skl//zp6E9ZZsoTYIMtIDYNIz2cmDMAKyZXIcfD0OzY.
nid01975: Please contact your system administrator.
nid01975: Add correct host key in /global/homes/q/qpzhang/.ssh/known_hosts to get rid of this message.
nid01975: Offending ECDSA key in /global/homes/q/qpzhang/.ssh/known_hosts:253
nid01975: Password authentication is disabled to avoid man-in-the-middle attacks.
nid01975: Keyboard-interactive authentication is disabled to avoid man-in-the-middle attacks.
nid01975: mv: cannot stat `/global/cscratch1/sd/qpzhang/spark/1383629/sparklogs/spark-qpzhang-org.apache.spark.deploy.worker.Worker-1-nid00951.out': No such file or directory
nid01975: starting org.apache.spark.deploy.worker.Worker, logging to /global/cscratch1/sd/qpzhang/spark/1383629/sparklogs/spark-qpzhang-org.apache.spark.deploy.worker.Worker-1-nid00951.out
nid01127: @@@@@@@@@@@@@@@@@@@@@@@@@@@@@@@@@@@@@@@@@@@@@@@@@@@@@@@@@@@
nid01127: @    WARNING: REMOTE HOST IDENTIFICATION HAS CHANGED!     @
nid01127: @@@@@@@@@@@@@@@@@@@@@@@@@@@@@@@@@@@@@@@@@@@@@@@@@@@@@@@@@@@
nid01127: IT IS POSSIBLE THAT SOMEONE IS DOING SOMETHING NASTY!
nid01127: Someone could be eavesdropping on you right now (man-in-the-middle attack)!
nid01127: It is also possible that a host key has just been changed.
nid01127: The fingerprint for the ECDSA key sent by the remote host is
nid01127: SHA256:3oZ6DdgIPwJXd4oMPay9lFnfdP7EZ/P74yk9cT31kEc.
nid01127: Please contact your system administrator.
nid01127: Add correct host key in /global/homes/q/qpzhang/.ssh/known_hosts to get rid of this message.
nid01127: Offending ECDSA key in /global/homes/q/qpzhang/.ssh/known_hosts:145
nid01127: Password authentication is disabled to avoid man-in-the-middle attacks.
nid01127: Keyboard-interactive authentication is disabled to avoid man-in-the-middle attacks.
nid01127: starting org.apache.spark.deploy.worker.Worker, logging to /global/cscratch1/sd/qpzhang/spark/1383629/sparklogs/spark-qpzhang-org.apache.spark.deploy.worker.Worker-1-nid00951.out
nid01974: @@@@@@@@@@@@@@@@@@@@@@@@@@@@@@@@@@@@@@@@@@@@@@@@@@@@@@@@@@@
nid01974: @    WARNING: REMOTE HOST IDENTIFICATION HAS CHANGED!     @
nid01974: @@@@@@@@@@@@@@@@@@@@@@@@@@@@@@@@@@@@@@@@@@@@@@@@@@@@@@@@@@@
nid01974: IT IS POSSIBLE THAT SOMEONE IS DOING SOMETHING NASTY!
nid01974: Someone could be eavesdropping on you right now (man-in-the-middle attack)!
nid01974: It is also possible that a host key has just been changed.
nid01974: The fingerprint for the ECDSA key sent by the remote host is
nid01974: SHA256:Q+wS8p8rJtQebtSzMA0VKeO+ip2/upOz7h7dNFm3YT4.
nid01974: Please contact your system administrator.
nid01974: Add correct host key in /global/homes/q/qpzhang/.ssh/known_hosts to get rid of this message.
nid01974: Offending ECDSA key in /global/homes/q/qpzhang/.ssh/known_hosts:252
nid01974: Password authentication is disabled to avoid man-in-the-middle attacks.
nid01974: Keyboard-interactive authentication is disabled to avoid man-in-the-middle attacks.
nid01974: starting org.apache.spark.deploy.worker.Worker, logging to /global/cscratch1/sd/qpzhang/spark/1383629/sparklogs/spark-qpzhang-org.apache.spark.deploy.worker.Worker-1-nid00951.out
nid02204: Warning: Permanently added '[nid02204]:204,[10.128.8.173]:204' (ECDSA) to the list of known hosts.
nid02204: starting org.apache.spark.deploy.worker.Worker, logging to /global/cscratch1/sd/qpzhang/spark/1383629/sparklogs/spark-qpzhang-org.apache.spark.deploy.worker.Worker-1-nid00951.out
nid02148: Warning: Permanently added '[nid02148]:204,[10.128.8.117]:204' (ECDSA) to the list of known hosts.
nid02148: starting org.apache.spark.deploy.worker.Worker, logging to /global/cscratch1/sd/qpzhang/spark/1383629/sparklogs/spark-qpzhang-org.apache.spark.deploy.worker.Worker-1-nid00951.out
nid02205: Warning: Permanently added '[nid02205]:204,[10.128.8.174]:204' (ECDSA) to the list of known hosts.
nid02205: starting org.apache.spark.deploy.worker.Worker, logging to /global/cscratch1/sd/qpzhang/spark/1383629/sparklogs/spark-qpzhang-org.apache.spark.deploy.worker.Worker-1-nid00951.out
nid02149: Warning: Permanently added '[nid02149]:204,[10.128.8.118]:204' (ECDSA) to the list of known hosts.
nid02149: starting org.apache.spark.deploy.worker.Worker, logging to /global/cscratch1/sd/qpzhang/spark/1383629/sparklogs/spark-qpzhang-org.apache.spark.deploy.worker.Worker-1-nid00951.out
nid01127: doing ssh -o StrictHostKeyChecking=no nid01127  cd /global/common/cori/software/spark/1.5.1/sbin/.. ; /usr/common/software/spark/1.5.1/sbin/stop-slave.sh
nid01972: doing ssh -o StrictHostKeyChecking=no nid01972  cd /global/common/cori/software/spark/1.5.1/sbin/.. ; /usr/common/software/spark/1.5.1/sbin/stop-slave.sh
nid01973: doing ssh -o StrictHostKeyChecking=no nid01973  cd /global/common/cori/software/spark/1.5.1/sbin/.. ; /usr/common/software/spark/1.5.1/sbin/stop-slave.sh
nid01974: doing ssh -o StrictHostKeyChecking=no nid01974  cd /global/common/cori/software/spark/1.5.1/sbin/.. ; /usr/common/software/spark/1.5.1/sbin/stop-slave.sh
nid01975: doing ssh -o StrictHostKeyChecking=no nid01975  cd /global/common/cori/software/spark/1.5.1/sbin/.. ; /usr/common/software/spark/1.5.1/sbin/stop-slave.sh
nid02148: doing ssh -o StrictHostKeyChecking=no nid02148  cd /global/common/cori/software/spark/1.5.1/sbin/.. ; /usr/common/software/spark/1.5.1/sbin/stop-slave.sh
nid02149: doing ssh -o StrictHostKeyChecking=no nid02149  cd /global/common/cori/software/spark/1.5.1/sbin/.. ; /usr/common/software/spark/1.5.1/sbin/stop-slave.sh
nid02204: doing ssh -o StrictHostKeyChecking=no nid02204  cd /global/common/cori/software/spark/1.5.1/sbin/.. ; /usr/common/software/spark/1.5.1/sbin/stop-slave.sh
nid02205: doing ssh -o StrictHostKeyChecking=no nid02205  cd /global/common/cori/software/spark/1.5.1/sbin/.. ; /usr/common/software/spark/1.5.1/sbin/stop-slave.sh
nid01127: @@@@@@@@@@@@@@@@@@@@@@@@@@@@@@@@@@@@@@@@@@@@@@@@@@@@@@@@@@@
nid01127: @    WARNING: REMOTE HOST IDENTIFICATION HAS CHANGED!     @
nid01127: @@@@@@@@@@@@@@@@@@@@@@@@@@@@@@@@@@@@@@@@@@@@@@@@@@@@@@@@@@@
nid01127: IT IS POSSIBLE THAT SOMEONE IS DOING SOMETHING NASTY!
nid01127: Someone could be eavesdropping on you right now (man-in-the-middle attack)!
nid01127: It is also possible that a host key has just been changed.
nid01127: The fingerprint for the ECDSA key sent by the remote host is
nid01127: SHA256:3oZ6DdgIPwJXd4oMPay9lFnfdP7EZ/P74yk9cT31kEc.
nid01127: Please contact your system administrator.
nid01127: Add correct host key in /global/homes/q/qpzhang/.ssh/known_hosts to get rid of this message.
nid01127: Offending ECDSA key in /global/homes/q/qpzhang/.ssh/known_hosts:145
nid01127: Password authentication is disabled to avoid man-in-the-middle attacks.
nid01127: Keyboard-interactive authentication is disabled to avoid man-in-the-middle attacks.
nid01127: stopping org.apache.spark.deploy.worker.Worker
nid01972: @@@@@@@@@@@@@@@@@@@@@@@@@@@@@@@@@@@@@@@@@@@@@@@@@@@@@@@@@@@
nid01972: @    WARNING: REMOTE HOST IDENTIFICATION HAS CHANGED!     @
nid01972: @@@@@@@@@@@@@@@@@@@@@@@@@@@@@@@@@@@@@@@@@@@@@@@@@@@@@@@@@@@
nid01972: IT IS POSSIBLE THAT SOMEONE IS DOING SOMETHING NASTY!
nid01972: Someone could be eavesdropping on you right now (man-in-the-middle attack)!
nid01972: It is also possible that a host key has just been changed.
nid01972: The fingerprint for the ECDSA key sent by the remote host is
nid01972: SHA256:a6wFk9R11UA9yq0/rJQycqIfoiOv0TUgl2EsohaB2Rw.
nid01972: Please contact your system administrator.
nid01972: Add correct host key in /global/homes/q/qpzhang/.ssh/known_hosts to get rid of this message.
nid01972: Offending ECDSA key in /global/homes/q/qpzhang/.ssh/known_hosts:249
nid01972: Password authentication is disabled to avoid man-in-the-middle attacks.
nid01972: Keyboard-interactive authentication is disabled to avoid man-in-the-middle attacks.
nid01972: stopping org.apache.spark.deploy.worker.Worker
nid01973: @@@@@@@@@@@@@@@@@@@@@@@@@@@@@@@@@@@@@@@@@@@@@@@@@@@@@@@@@@@
nid01973: @    WARNING: REMOTE HOST IDENTIFICATION HAS CHANGED!     @
nid01973: @@@@@@@@@@@@@@@@@@@@@@@@@@@@@@@@@@@@@@@@@@@@@@@@@@@@@@@@@@@
nid01973: IT IS POSSIBLE THAT SOMEONE IS DOING SOMETHING NASTY!
nid01973: Someone could be eavesdropping on you right now (man-in-the-middle attack)!
nid01973: It is also possible that a host key has just been changed.
nid01973: The fingerprint for the ECDSA key sent by the remote host is
nid01973: SHA256:eaYwA5CnWt7UxECR2liCvNC3hDi86dH6nKbR+j8Sl20.
nid01973: Please contact your system administrator.
nid01973: Add correct host key in /global/homes/q/qpzhang/.ssh/known_hosts to get rid of this message.
nid01973: Offending ECDSA key in /global/homes/q/qpzhang/.ssh/known_hosts:251
nid01973: Password authentication is disabled to avoid man-in-the-middle attacks.
nid01973: Keyboard-interactive authentication is disabled to avoid man-in-the-middle attacks.
nid01973: stopping org.apache.spark.deploy.worker.Worker
nid01975: @@@@@@@@@@@@@@@@@@@@@@@@@@@@@@@@@@@@@@@@@@@@@@@@@@@@@@@@@@@
nid01975: @    WARNING: REMOTE HOST IDENTIFICATION HAS CHANGED!     @
nid01975: @@@@@@@@@@@@@@@@@@@@@@@@@@@@@@@@@@@@@@@@@@@@@@@@@@@@@@@@@@@
nid01975: IT IS POSSIBLE THAT SOMEONE IS DOING SOMETHING NASTY!
nid01975: Someone could be eavesdropping on you right now (man-in-the-middle attack)!
nid01975: It is also possible that a host key has just been changed.
nid01975: The fingerprint for the ECDSA key sent by the remote host is
nid01975: SHA256:Skl//zp6E9ZZsoTYIMtIDYNIz2cmDMAKyZXIcfD0OzY.
nid01975: Please contact your system administrator.
nid01975: Add correct host key in /global/homes/q/qpzhang/.ssh/known_hosts to get rid of this message.
nid01975: Offending ECDSA key in /global/homes/q/qpzhang/.ssh/known_hosts:253
nid01975: Password authentication is disabled to avoid man-in-the-middle attacks.
nid01975: Keyboard-interactive authentication is disabled to avoid man-in-the-middle attacks.
nid01975: stopping org.apache.spark.deploy.worker.Worker
nid01974: @@@@@@@@@@@@@@@@@@@@@@@@@@@@@@@@@@@@@@@@@@@@@@@@@@@@@@@@@@@
nid01974: @    WARNING: REMOTE HOST IDENTIFICATION HAS CHANGED!     @
nid01974: @@@@@@@@@@@@@@@@@@@@@@@@@@@@@@@@@@@@@@@@@@@@@@@@@@@@@@@@@@@
nid01974: IT IS POSSIBLE THAT SOMEONE IS DOING SOMETHING NASTY!
nid01974: Someone could be eavesdropping on you right now (man-in-the-middle attack)!
nid01974: It is also possible that a host key has just been changed.
nid01974: The fingerprint for the ECDSA key sent by the remote host is
nid01974: SHA256:Q+wS8p8rJtQebtSzMA0VKeO+ip2/upOz7h7dNFm3YT4.
nid01974: Please contact your system administrator.
nid01974: Add correct host key in /global/homes/q/qpzhang/.ssh/known_hosts to get rid of this message.
nid01974: Offending ECDSA key in /global/homes/q/qpzhang/.ssh/known_hosts:252
nid01974: Password authentication is disabled to avoid man-in-the-middle attacks.
nid01974: Keyboard-interactive authentication is disabled to avoid man-in-the-middle attacks.
nid01974: stopping org.apache.spark.deploy.worker.Worker
nid02204: stopping org.apache.spark.deploy.worker.Worker
nid02205: stopping org.apache.spark.deploy.worker.Worker
nid02149: stopping org.apache.spark.deploy.worker.Worker
nid02148: stopping org.apache.spark.deploy.worker.Worker
stopping org.apache.spark.deploy.master.Master
