writing to /global/cscratch1/sd/qpzhang/spark_env
starting org.apache.spark.deploy.master.Master, logging to /global/cscratch1/sd/qpzhang/spark/1383536/sparklogs/spark-qpzhang-org.apache.spark.deploy.master.Master-1-nid00420.out
/global/common/cori/software/spark/1.5.1/sbin/..
nid00425: doing ssh -o StrictHostKeyChecking=no nid00425  cd /global/common/cori/software/spark/1.5.1/sbin/.. ; /usr/common/software/spark/1.5.1/sbin/start-slave.sh spark://nid00420:7077
nid01556: doing ssh -o StrictHostKeyChecking=no nid01556  cd /global/common/cori/software/spark/1.5.1/sbin/.. ; /usr/common/software/spark/1.5.1/sbin/start-slave.sh spark://nid00420:7077
nid01557: doing ssh -o StrictHostKeyChecking=no nid01557  cd /global/common/cori/software/spark/1.5.1/sbin/.. ; /usr/common/software/spark/1.5.1/sbin/start-slave.sh spark://nid00420:7077
nid01558: doing ssh -o StrictHostKeyChecking=no nid01558  cd /global/common/cori/software/spark/1.5.1/sbin/.. ; /usr/common/software/spark/1.5.1/sbin/start-slave.sh spark://nid00420:7077
nid01559: doing ssh -o StrictHostKeyChecking=no nid01559  cd /global/common/cori/software/spark/1.5.1/sbin/.. ; /usr/common/software/spark/1.5.1/sbin/start-slave.sh spark://nid00420:7077
nid02019: doing ssh -o StrictHostKeyChecking=no nid02019  cd /global/common/cori/software/spark/1.5.1/sbin/.. ; /usr/common/software/spark/1.5.1/sbin/start-slave.sh spark://nid00420:7077
nid02094: doing ssh -o StrictHostKeyChecking=no nid02094  cd /global/common/cori/software/spark/1.5.1/sbin/.. ; /usr/common/software/spark/1.5.1/sbin/start-slave.sh spark://nid00420:7077
nid02134: doing ssh -o StrictHostKeyChecking=no nid02134  cd /global/common/cori/software/spark/1.5.1/sbin/.. ; /usr/common/software/spark/1.5.1/sbin/start-slave.sh spark://nid00420:7077
nid02208: doing ssh -o StrictHostKeyChecking=no nid02208  cd /global/common/cori/software/spark/1.5.1/sbin/.. ; /usr/common/software/spark/1.5.1/sbin/start-slave.sh spark://nid00420:7077
nid01557: @@@@@@@@@@@@@@@@@@@@@@@@@@@@@@@@@@@@@@@@@@@@@@@@@@@@@@@@@@@
nid01557: @    WARNING: REMOTE HOST IDENTIFICATION HAS CHANGED!     @
nid01557: @@@@@@@@@@@@@@@@@@@@@@@@@@@@@@@@@@@@@@@@@@@@@@@@@@@@@@@@@@@
nid01557: IT IS POSSIBLE THAT SOMEONE IS DOING SOMETHING NASTY!
nid01557: Someone could be eavesdropping on you right now (man-in-the-middle attack)!
nid01557: It is also possible that a host key has just been changed.
nid01557: The fingerprint for the ECDSA key sent by the remote host is
nid01557: SHA256:HDzY4hMWSCnseQ27NgUvgQS3yrLvBqqqDCAIlLDo6G0.
nid01557: Please contact your system administrator.
nid01557: Add correct host key in /global/homes/q/qpzhang/.ssh/known_hosts to get rid of this message.
nid01557: Offending ECDSA key in /global/homes/q/qpzhang/.ssh/known_hosts:242
nid01557: Password authentication is disabled to avoid man-in-the-middle attacks.
nid01557: Keyboard-interactive authentication is disabled to avoid man-in-the-middle attacks.
nid01557: starting org.apache.spark.deploy.worker.Worker, logging to /global/cscratch1/sd/qpzhang/spark/1383536/sparklogs/spark-qpzhang-org.apache.spark.deploy.worker.Worker-1-nid00420.out
nid01556: @@@@@@@@@@@@@@@@@@@@@@@@@@@@@@@@@@@@@@@@@@@@@@@@@@@@@@@@@@@
nid01556: @    WARNING: REMOTE HOST IDENTIFICATION HAS CHANGED!     @
nid01556: @@@@@@@@@@@@@@@@@@@@@@@@@@@@@@@@@@@@@@@@@@@@@@@@@@@@@@@@@@@
nid01556: IT IS POSSIBLE THAT SOMEONE IS DOING SOMETHING NASTY!
nid01556: Someone could be eavesdropping on you right now (man-in-the-middle attack)!
nid01556: It is also possible that a host key has just been changed.
nid01556: The fingerprint for the ECDSA key sent by the remote host is
nid01556: SHA256:U8Oe6PTSV9w8BcqKb0LnIN3tUQatMtfFYvsCSPn4S0M.
nid01556: Please contact your system administrator.
nid01556: Add correct host key in /global/homes/q/qpzhang/.ssh/known_hosts to get rid of this message.
nid01556: Offending ECDSA key in /global/homes/q/qpzhang/.ssh/known_hosts:240
nid01556: Password authentication is disabled to avoid man-in-the-middle attacks.
nid01556: Keyboard-interactive authentication is disabled to avoid man-in-the-middle attacks.
nid01556: starting org.apache.spark.deploy.worker.Worker, logging to /global/cscratch1/sd/qpzhang/spark/1383536/sparklogs/spark-qpzhang-org.apache.spark.deploy.worker.Worker-1-nid00420.out
nid01559: @@@@@@@@@@@@@@@@@@@@@@@@@@@@@@@@@@@@@@@@@@@@@@@@@@@@@@@@@@@
nid01559: @    WARNING: REMOTE HOST IDENTIFICATION HAS CHANGED!     @
nid01559: @@@@@@@@@@@@@@@@@@@@@@@@@@@@@@@@@@@@@@@@@@@@@@@@@@@@@@@@@@@
nid01559: IT IS POSSIBLE THAT SOMEONE IS DOING SOMETHING NASTY!
nid01559: Someone could be eavesdropping on you right now (man-in-the-middle attack)!
nid01559: It is also possible that a host key has just been changed.
nid01559: The fingerprint for the ECDSA key sent by the remote host is
nid01559: SHA256:A/jE3kEkVyCgbNJMV7y/8R/ImEejLAfzuJjJlkJ6NCc.
nid01559: Please contact your system administrator.
nid01559: Add correct host key in /global/homes/q/qpzhang/.ssh/known_hosts to get rid of this message.
nid01559: Offending ECDSA key in /global/homes/q/qpzhang/.ssh/known_hosts:243
nid01559: Password authentication is disabled to avoid man-in-the-middle attacks.
nid01559: Keyboard-interactive authentication is disabled to avoid man-in-the-middle attacks.
nid01559: mv: cannot stat `/global/cscratch1/sd/qpzhang/spark/1383536/sparklogs/spark-qpzhang-org.apache.spark.deploy.worker.Worker-1-nid00420.out': No such file or directory
nid01559: starting org.apache.spark.deploy.worker.Worker, logging to /global/cscratch1/sd/qpzhang/spark/1383536/sparklogs/spark-qpzhang-org.apache.spark.deploy.worker.Worker-1-nid00420.out
nid00425: Warning: Permanently added '[nid00425]:204,[10.128.1.172]:204' (ECDSA) to the list of known hosts.
nid00425: starting org.apache.spark.deploy.worker.Worker, logging to /global/cscratch1/sd/qpzhang/spark/1383536/sparklogs/spark-qpzhang-org.apache.spark.deploy.worker.Worker-1-nid00420.out
nid01558: @@@@@@@@@@@@@@@@@@@@@@@@@@@@@@@@@@@@@@@@@@@@@@@@@@@@@@@@@@@
nid01558: @    WARNING: REMOTE HOST IDENTIFICATION HAS CHANGED!     @
nid01558: @@@@@@@@@@@@@@@@@@@@@@@@@@@@@@@@@@@@@@@@@@@@@@@@@@@@@@@@@@@
nid01558: IT IS POSSIBLE THAT SOMEONE IS DOING SOMETHING NASTY!
nid01558: Someone could be eavesdropping on you right now (man-in-the-middle attack)!
nid01558: It is also possible that a host key has just been changed.
nid01558: The fingerprint for the ECDSA key sent by the remote host is
nid01558: SHA256:ACrA9p+5epiu5Ts4GYaZpp/am3/lWcrKYcsyrriUPhM.
nid01558: Please contact your system administrator.
nid01558: Add correct host key in /global/homes/q/qpzhang/.ssh/known_hosts to get rid of this message.
nid01558: Offending ECDSA key in /global/homes/q/qpzhang/.ssh/known_hosts:241
nid01558: Password authentication is disabled to avoid man-in-the-middle attacks.
nid01558: Keyboard-interactive authentication is disabled to avoid man-in-the-middle attacks.
nid01558: mv: cannot stat `/global/cscratch1/sd/qpzhang/spark/1383536/sparklogs/spark-qpzhang-org.apache.spark.deploy.worker.Worker-1-nid00420.out.1': No such file or directory
nid01558: starting org.apache.spark.deploy.worker.Worker, logging to /global/cscratch1/sd/qpzhang/spark/1383536/sparklogs/spark-qpzhang-org.apache.spark.deploy.worker.Worker-1-nid00420.out
nid02094: @@@@@@@@@@@@@@@@@@@@@@@@@@@@@@@@@@@@@@@@@@@@@@@@@@@@@@@@@@@
nid02094: @    WARNING: REMOTE HOST IDENTIFICATION HAS CHANGED!     @
nid02094: @@@@@@@@@@@@@@@@@@@@@@@@@@@@@@@@@@@@@@@@@@@@@@@@@@@@@@@@@@@
nid02094: IT IS POSSIBLE THAT SOMEONE IS DOING SOMETHING NASTY!
nid02094: Someone could be eavesdropping on you right now (man-in-the-middle attack)!
nid02094: It is also possible that a host key has just been changed.
nid02094: The fingerprint for the ECDSA key sent by the remote host is
nid02094: SHA256:8ydgr2pCogDfYIcGtQRJDcFOFNtA23tWONV+7F3MXEE.
nid02094: Please contact your system administrator.
nid02094: Add correct host key in /global/homes/q/qpzhang/.ssh/known_hosts to get rid of this message.
nid02094: Offending ECDSA key in /global/homes/q/qpzhang/.ssh/known_hosts:237
nid02094: Password authentication is disabled to avoid man-in-the-middle attacks.
nid02094: Keyboard-interactive authentication is disabled to avoid man-in-the-middle attacks.
nid02094: mv: cannot stat `/global/cscratch1/sd/qpzhang/spark/1383536/sparklogs/spark-qpzhang-org.apache.spark.deploy.worker.Worker-1-nid00420.out.2': No such file or directory
nid02094: mv: cannot stat `/global/cscratch1/sd/qpzhang/spark/1383536/sparklogs/spark-qpzhang-org.apache.spark.deploy.worker.Worker-1-nid00420.out.1': No such file or directory
nid02094: starting org.apache.spark.deploy.worker.Worker, logging to /global/cscratch1/sd/qpzhang/spark/1383536/sparklogs/spark-qpzhang-org.apache.spark.deploy.worker.Worker-1-nid00420.out
nid02019: Warning: Permanently added '[nid02019]:204,[10.128.7.242]:204' (ECDSA) to the list of known hosts.
nid02019: mv: cannot stat `/global/cscratch1/sd/qpzhang/spark/1383536/sparklogs/spark-qpzhang-org.apache.spark.deploy.worker.Worker-1-nid00420.out.2': No such file or directory
nid02019: mv: cannot stat `/global/cscratch1/sd/qpzhang/spark/1383536/sparklogs/spark-qpzhang-org.apache.spark.deploy.worker.Worker-1-nid00420.out.1': No such file or directory
nid02019: mv: cannot stat `/global/cscratch1/sd/qpzhang/spark/1383536/sparklogs/spark-qpzhang-org.apache.spark.deploy.worker.Worker-1-nid00420.out': No such file or directory
nid02019: starting org.apache.spark.deploy.worker.Worker, logging to /global/cscratch1/sd/qpzhang/spark/1383536/sparklogs/spark-qpzhang-org.apache.spark.deploy.worker.Worker-1-nid00420.out
nid02208: Warning: Permanently added '[nid02208]:204,[10.128.8.177]:204' (ECDSA) to the list of known hosts.
nid02208: starting org.apache.spark.deploy.worker.Worker, logging to /global/cscratch1/sd/qpzhang/spark/1383536/sparklogs/spark-qpzhang-org.apache.spark.deploy.worker.Worker-1-nid00420.out
nid02134: @@@@@@@@@@@@@@@@@@@@@@@@@@@@@@@@@@@@@@@@@@@@@@@@@@@@@@@@@@@
nid02134: @    WARNING: REMOTE HOST IDENTIFICATION HAS CHANGED!     @
nid02134: @@@@@@@@@@@@@@@@@@@@@@@@@@@@@@@@@@@@@@@@@@@@@@@@@@@@@@@@@@@
nid02134: IT IS POSSIBLE THAT SOMEONE IS DOING SOMETHING NASTY!
nid02134: Someone could be eavesdropping on you right now (man-in-the-middle attack)!
nid02134: It is also possible that a host key has just been changed.
nid02134: The fingerprint for the ECDSA key sent by the remote host is
nid02134: SHA256:SsweaiWpkeUw2gTdTmUVzqxXqE9NI0Ky2+rVOowwWOo.
nid02134: Please contact your system administrator.
nid02134: Add correct host key in /global/homes/q/qpzhang/.ssh/known_hosts to get rid of this message.
nid02134: Offending ECDSA key in /global/homes/q/qpzhang/.ssh/known_hosts:195
nid02134: Password authentication is disabled to avoid man-in-the-middle attacks.
nid02134: Keyboard-interactive authentication is disabled to avoid man-in-the-middle attacks.
nid02134: starting org.apache.spark.deploy.worker.Worker, logging to /global/cscratch1/sd/qpzhang/spark/1383536/sparklogs/spark-qpzhang-org.apache.spark.deploy.worker.Worker-1-nid00420.out
nid00425: doing ssh -o StrictHostKeyChecking=no nid00425  cd /global/common/cori/software/spark/1.5.1/sbin/.. ; /usr/common/software/spark/1.5.1/sbin/stop-slave.sh
nid01556: doing ssh -o StrictHostKeyChecking=no nid01556  cd /global/common/cori/software/spark/1.5.1/sbin/.. ; /usr/common/software/spark/1.5.1/sbin/stop-slave.sh
nid01557: doing ssh -o StrictHostKeyChecking=no nid01557  cd /global/common/cori/software/spark/1.5.1/sbin/.. ; /usr/common/software/spark/1.5.1/sbin/stop-slave.sh
nid01558: doing ssh -o StrictHostKeyChecking=no nid01558  cd /global/common/cori/software/spark/1.5.1/sbin/.. ; /usr/common/software/spark/1.5.1/sbin/stop-slave.sh
nid01559: doing ssh -o StrictHostKeyChecking=no nid01559  cd /global/common/cori/software/spark/1.5.1/sbin/.. ; /usr/common/software/spark/1.5.1/sbin/stop-slave.sh
nid02019: doing ssh -o StrictHostKeyChecking=no nid02019  cd /global/common/cori/software/spark/1.5.1/sbin/.. ; /usr/common/software/spark/1.5.1/sbin/stop-slave.sh
nid02094: doing ssh -o StrictHostKeyChecking=no nid02094  cd /global/common/cori/software/spark/1.5.1/sbin/.. ; /usr/common/software/spark/1.5.1/sbin/stop-slave.sh
nid02134: doing ssh -o StrictHostKeyChecking=no nid02134  cd /global/common/cori/software/spark/1.5.1/sbin/.. ; /usr/common/software/spark/1.5.1/sbin/stop-slave.sh
nid02208: doing ssh -o StrictHostKeyChecking=no nid02208  cd /global/common/cori/software/spark/1.5.1/sbin/.. ; /usr/common/software/spark/1.5.1/sbin/stop-slave.sh
nid01557: @@@@@@@@@@@@@@@@@@@@@@@@@@@@@@@@@@@@@@@@@@@@@@@@@@@@@@@@@@@
nid01557: @    WARNING: REMOTE HOST IDENTIFICATION HAS CHANGED!     @
nid01557: @@@@@@@@@@@@@@@@@@@@@@@@@@@@@@@@@@@@@@@@@@@@@@@@@@@@@@@@@@@
nid01557: IT IS POSSIBLE THAT SOMEONE IS DOING SOMETHING NASTY!
nid01557: Someone could be eavesdropping on you right now (man-in-the-middle attack)!
nid01557: It is also possible that a host key has just been changed.
nid01557: The fingerprint for the ECDSA key sent by the remote host is
nid01557: SHA256:HDzY4hMWSCnseQ27NgUvgQS3yrLvBqqqDCAIlLDo6G0.
nid01557: Please contact your system administrator.
nid01557: Add correct host key in /global/homes/q/qpzhang/.ssh/known_hosts to get rid of this message.
nid01557: Offending ECDSA key in /global/homes/q/qpzhang/.ssh/known_hosts:242
nid01557: Password authentication is disabled to avoid man-in-the-middle attacks.
nid01557: Keyboard-interactive authentication is disabled to avoid man-in-the-middle attacks.
nid01557: stopping org.apache.spark.deploy.worker.Worker
nid01556: @@@@@@@@@@@@@@@@@@@@@@@@@@@@@@@@@@@@@@@@@@@@@@@@@@@@@@@@@@@
nid01556: @    WARNING: REMOTE HOST IDENTIFICATION HAS CHANGED!     @
nid01556: @@@@@@@@@@@@@@@@@@@@@@@@@@@@@@@@@@@@@@@@@@@@@@@@@@@@@@@@@@@
nid01556: IT IS POSSIBLE THAT SOMEONE IS DOING SOMETHING NASTY!
nid01556: Someone could be eavesdropping on you right now (man-in-the-middle attack)!
nid01556: It is also possible that a host key has just been changed.
nid01556: The fingerprint for the ECDSA key sent by the remote host is
nid01556: SHA256:U8Oe6PTSV9w8BcqKb0LnIN3tUQatMtfFYvsCSPn4S0M.
nid01556: Please contact your system administrator.
nid01556: Add correct host key in /global/homes/q/qpzhang/.ssh/known_hosts to get rid of this message.
nid01556: Offending ECDSA key in /global/homes/q/qpzhang/.ssh/known_hosts:240
nid01556: Password authentication is disabled to avoid man-in-the-middle attacks.
nid01556: Keyboard-interactive authentication is disabled to avoid man-in-the-middle attacks.
nid01556: stopping org.apache.spark.deploy.worker.Worker
nid00425: stopping org.apache.spark.deploy.worker.Worker
nid01558: @@@@@@@@@@@@@@@@@@@@@@@@@@@@@@@@@@@@@@@@@@@@@@@@@@@@@@@@@@@
nid01558: @    WARNING: REMOTE HOST IDENTIFICATION HAS CHANGED!     @
nid01558: @@@@@@@@@@@@@@@@@@@@@@@@@@@@@@@@@@@@@@@@@@@@@@@@@@@@@@@@@@@
nid01558: IT IS POSSIBLE THAT SOMEONE IS DOING SOMETHING NASTY!
nid01558: Someone could be eavesdropping on you right now (man-in-the-middle attack)!
nid01558: It is also possible that a host key has just been changed.
nid01558: The fingerprint for the ECDSA key sent by the remote host is
nid01558: SHA256:ACrA9p+5epiu5Ts4GYaZpp/am3/lWcrKYcsyrriUPhM.
nid01558: Please contact your system administrator.
nid01558: Add correct host key in /global/homes/q/qpzhang/.ssh/known_hosts to get rid of this message.
nid01558: Offending ECDSA key in /global/homes/q/qpzhang/.ssh/known_hosts:241
nid01558: Password authentication is disabled to avoid man-in-the-middle attacks.
nid01558: Keyboard-interactive authentication is disabled to avoid man-in-the-middle attacks.
nid01558: stopping org.apache.spark.deploy.worker.Worker
nid02134: @@@@@@@@@@@@@@@@@@@@@@@@@@@@@@@@@@@@@@@@@@@@@@@@@@@@@@@@@@@
nid02134: @    WARNING: REMOTE HOST IDENTIFICATION HAS CHANGED!     @
nid02134: @@@@@@@@@@@@@@@@@@@@@@@@@@@@@@@@@@@@@@@@@@@@@@@@@@@@@@@@@@@
nid02134: IT IS POSSIBLE THAT SOMEONE IS DOING SOMETHING NASTY!
nid02134: Someone could be eavesdropping on you right now (man-in-the-middle attack)!
nid02134: It is also possible that a host key has just been changed.
nid02134: The fingerprint for the ECDSA key sent by the remote host is
nid02134: SHA256:SsweaiWpkeUw2gTdTmUVzqxXqE9NI0Ky2+rVOowwWOo.
nid02134: Please contact your system administrator.
nid02134: Add correct host key in /global/homes/q/qpzhang/.ssh/known_hosts to get rid of this message.
nid02134: Offending ECDSA key in /global/homes/q/qpzhang/.ssh/known_hosts:195
nid02134: Password authentication is disabled to avoid man-in-the-middle attacks.
nid02134: Keyboard-interactive authentication is disabled to avoid man-in-the-middle attacks.
nid02134: stopping org.apache.spark.deploy.worker.Worker
nid01559: @@@@@@@@@@@@@@@@@@@@@@@@@@@@@@@@@@@@@@@@@@@@@@@@@@@@@@@@@@@
nid01559: @    WARNING: REMOTE HOST IDENTIFICATION HAS CHANGED!     @
nid01559: @@@@@@@@@@@@@@@@@@@@@@@@@@@@@@@@@@@@@@@@@@@@@@@@@@@@@@@@@@@
nid01559: IT IS POSSIBLE THAT SOMEONE IS DOING SOMETHING NASTY!
nid01559: Someone could be eavesdropping on you right now (man-in-the-middle attack)!
nid01559: It is also possible that a host key has just been changed.
nid01559: The fingerprint for the ECDSA key sent by the remote host is
nid01559: SHA256:A/jE3kEkVyCgbNJMV7y/8R/ImEejLAfzuJjJlkJ6NCc.
nid01559: Please contact your system administrator.
nid01559: Add correct host key in /global/homes/q/qpzhang/.ssh/known_hosts to get rid of this message.
nid01559: Offending ECDSA key in /global/homes/q/qpzhang/.ssh/known_hosts:243
nid01559: Password authentication is disabled to avoid man-in-the-middle attacks.
nid01559: Keyboard-interactive authentication is disabled to avoid man-in-the-middle attacks.
nid01559: stopping org.apache.spark.deploy.worker.Worker
nid02094: @@@@@@@@@@@@@@@@@@@@@@@@@@@@@@@@@@@@@@@@@@@@@@@@@@@@@@@@@@@
nid02094: @    WARNING: REMOTE HOST IDENTIFICATION HAS CHANGED!     @
nid02094: @@@@@@@@@@@@@@@@@@@@@@@@@@@@@@@@@@@@@@@@@@@@@@@@@@@@@@@@@@@
nid02094: IT IS POSSIBLE THAT SOMEONE IS DOING SOMETHING NASTY!
nid02094: Someone could be eavesdropping on you right now (man-in-the-middle attack)!
nid02094: It is also possible that a host key has just been changed.
nid02094: The fingerprint for the ECDSA key sent by the remote host is
nid02094: SHA256:8ydgr2pCogDfYIcGtQRJDcFOFNtA23tWONV+7F3MXEE.
nid02094: Please contact your system administrator.
nid02094: Add correct host key in /global/homes/q/qpzhang/.ssh/known_hosts to get rid of this message.
nid02094: Offending ECDSA key in /global/homes/q/qpzhang/.ssh/known_hosts:237
nid02094: Password authentication is disabled to avoid man-in-the-middle attacks.
nid02094: Keyboard-interactive authentication is disabled to avoid man-in-the-middle attacks.
nid02094: stopping org.apache.spark.deploy.worker.Worker
nid02208: stopping org.apache.spark.deploy.worker.Worker
nid02019: stopping org.apache.spark.deploy.worker.Worker
stopping org.apache.spark.deploy.master.Master
