writing to /global/cscratch1/sd/qpzhang/spark_env
starting org.apache.spark.deploy.master.Master, logging to /global/cscratch1/sd/qpzhang/spark/1402390/sparklogs/spark-qpzhang-org.apache.spark.deploy.master.Master-1-nid00864.out
/global/common/cori/software/spark/1.5.1/sbin/..
nid01187: doing ssh -o StrictHostKeyChecking=no nid01187  cd /global/common/cori/software/spark/1.5.1/sbin/.. ; /usr/common/software/spark/1.5.1/sbin/start-slave.sh spark://nid00864:7077
nid01368: doing ssh -o StrictHostKeyChecking=no nid01368  cd /global/common/cori/software/spark/1.5.1/sbin/.. ; /usr/common/software/spark/1.5.1/sbin/start-slave.sh spark://nid00864:7077
nid01369: doing ssh -o StrictHostKeyChecking=no nid01369  cd /global/common/cori/software/spark/1.5.1/sbin/.. ; /usr/common/software/spark/1.5.1/sbin/start-slave.sh spark://nid00864:7077
nid01371: doing ssh -o StrictHostKeyChecking=no nid01371  cd /global/common/cori/software/spark/1.5.1/sbin/.. ; /usr/common/software/spark/1.5.1/sbin/start-slave.sh spark://nid00864:7077
nid01532: doing ssh -o StrictHostKeyChecking=no nid01532  cd /global/common/cori/software/spark/1.5.1/sbin/.. ; /usr/common/software/spark/1.5.1/sbin/start-slave.sh spark://nid00864:7077
nid01533: doing ssh -o StrictHostKeyChecking=no nid01533  cd /global/common/cori/software/spark/1.5.1/sbin/.. ; /usr/common/software/spark/1.5.1/sbin/start-slave.sh spark://nid00864:7077
nid01534: doing ssh -o StrictHostKeyChecking=no nid01534  cd /global/common/cori/software/spark/1.5.1/sbin/.. ; /usr/common/software/spark/1.5.1/sbin/start-slave.sh spark://nid00864:7077
nid01535: doing ssh -o StrictHostKeyChecking=no nid01535  cd /global/common/cori/software/spark/1.5.1/sbin/.. ; /usr/common/software/spark/1.5.1/sbin/start-slave.sh spark://nid00864:7077
nid01901: doing ssh -o StrictHostKeyChecking=no nid01901  cd /global/common/cori/software/spark/1.5.1/sbin/.. ; /usr/common/software/spark/1.5.1/sbin/start-slave.sh spark://nid00864:7077
nid01533: Warning: Permanently added '[nid01533]:204,[10.128.6.10]:204' (ECDSA) to the list of known hosts.
nid01533: starting org.apache.spark.deploy.worker.Worker, logging to /global/cscratch1/sd/qpzhang/spark/1402390/sparklogs/spark-qpzhang-org.apache.spark.deploy.worker.Worker-1-nid00864.out
nid01535: Warning: Permanently added '[nid01535]:204,[10.128.6.12]:204' (ECDSA) to the list of known hosts.
nid01535: starting org.apache.spark.deploy.worker.Worker, logging to /global/cscratch1/sd/qpzhang/spark/1402390/sparklogs/spark-qpzhang-org.apache.spark.deploy.worker.Worker-1-nid00864.out
nid01369: Warning: Permanently added '[nid01369]:204,[10.128.5.100]:204' (ECDSA) to the list of known hosts.
nid01369: starting org.apache.spark.deploy.worker.Worker, logging to /global/cscratch1/sd/qpzhang/spark/1402390/sparklogs/spark-qpzhang-org.apache.spark.deploy.worker.Worker-1-nid00864.out
nid01187: Warning: Permanently added '[nid01187]:204,[10.128.4.172]:204' (ECDSA) to the list of known hosts.
nid01187: starting org.apache.spark.deploy.worker.Worker, logging to /global/cscratch1/sd/qpzhang/spark/1402390/sparklogs/spark-qpzhang-org.apache.spark.deploy.worker.Worker-1-nid00864.out
nid01371: Warning: Permanently added '[nid01371]:204,[10.128.5.102]:204' (ECDSA) to the list of known hosts.
nid01371: starting org.apache.spark.deploy.worker.Worker, logging to /global/cscratch1/sd/qpzhang/spark/1402390/sparklogs/spark-qpzhang-org.apache.spark.deploy.worker.Worker-1-nid00864.out
nid01901: Warning: Permanently added '[nid01901]:204,[10.128.7.124]:204' (ECDSA) to the list of known hosts.
nid01901: starting org.apache.spark.deploy.worker.Worker, logging to /global/cscratch1/sd/qpzhang/spark/1402390/sparklogs/spark-qpzhang-org.apache.spark.deploy.worker.Worker-1-nid00864.out
nid01532: Warning: Permanently added '[nid01532]:204,[10.128.6.9]:204' (ECDSA) to the list of known hosts.
nid01532: mv: cannot stat `/global/cscratch1/sd/qpzhang/spark/1402390/sparklogs/spark-qpzhang-org.apache.spark.deploy.worker.Worker-1-nid00864.out': No such file or directory
nid01532: starting org.apache.spark.deploy.worker.Worker, logging to /global/cscratch1/sd/qpzhang/spark/1402390/sparklogs/spark-qpzhang-org.apache.spark.deploy.worker.Worker-1-nid00864.out
nid01534: Warning: Permanently added '[nid01534]:204,[10.128.6.11]:204' (ECDSA) to the list of known hosts.
nid01534: starting org.apache.spark.deploy.worker.Worker, logging to /global/cscratch1/sd/qpzhang/spark/1402390/sparklogs/spark-qpzhang-org.apache.spark.deploy.worker.Worker-1-nid00864.out
nid01368: Warning: Permanently added '[nid01368]:204,[10.128.5.99]:204' (ECDSA) to the list of known hosts.
nid01368: mv: cannot stat `/global/cscratch1/sd/qpzhang/spark/1402390/sparklogs/spark-qpzhang-org.apache.spark.deploy.worker.Worker-1-nid00864.out.1': No such file or directory
nid01368: mv: cannot stat `/global/cscratch1/sd/qpzhang/spark/1402390/sparklogs/spark-qpzhang-org.apache.spark.deploy.worker.Worker-1-nid00864.out': No such file or directory
nid01368: starting org.apache.spark.deploy.worker.Worker, logging to /global/cscratch1/sd/qpzhang/spark/1402390/sparklogs/spark-qpzhang-org.apache.spark.deploy.worker.Worker-1-nid00864.out
nid01187: doing ssh -o StrictHostKeyChecking=no nid01187  cd /global/common/cori/software/spark/1.5.1/sbin/.. ; /usr/common/software/spark/1.5.1/sbin/stop-slave.sh
nid01368: doing ssh -o StrictHostKeyChecking=no nid01368  cd /global/common/cori/software/spark/1.5.1/sbin/.. ; /usr/common/software/spark/1.5.1/sbin/stop-slave.sh
nid01369: doing ssh -o StrictHostKeyChecking=no nid01369  cd /global/common/cori/software/spark/1.5.1/sbin/.. ; /usr/common/software/spark/1.5.1/sbin/stop-slave.sh
nid01371: doing ssh -o StrictHostKeyChecking=no nid01371  cd /global/common/cori/software/spark/1.5.1/sbin/.. ; /usr/common/software/spark/1.5.1/sbin/stop-slave.sh
nid01532: doing ssh -o StrictHostKeyChecking=no nid01532  cd /global/common/cori/software/spark/1.5.1/sbin/.. ; /usr/common/software/spark/1.5.1/sbin/stop-slave.sh
nid01533: doing ssh -o StrictHostKeyChecking=no nid01533  cd /global/common/cori/software/spark/1.5.1/sbin/.. ; /usr/common/software/spark/1.5.1/sbin/stop-slave.sh
nid01534: doing ssh -o StrictHostKeyChecking=no nid01534  cd /global/common/cori/software/spark/1.5.1/sbin/.. ; /usr/common/software/spark/1.5.1/sbin/stop-slave.sh
nid01535: doing ssh -o StrictHostKeyChecking=no nid01535  cd /global/common/cori/software/spark/1.5.1/sbin/.. ; /usr/common/software/spark/1.5.1/sbin/stop-slave.sh
nid01901: doing ssh -o StrictHostKeyChecking=no nid01901  cd /global/common/cori/software/spark/1.5.1/sbin/.. ; /usr/common/software/spark/1.5.1/sbin/stop-slave.sh
nid01187: stopping org.apache.spark.deploy.worker.Worker
nid01533: stopping org.apache.spark.deploy.worker.Worker
nid01368: stopping org.apache.spark.deploy.worker.Worker
nid01532: stopping org.apache.spark.deploy.worker.Worker
nid01369: stopping org.apache.spark.deploy.worker.Worker
nid01371: stopping org.apache.spark.deploy.worker.Worker
nid01534: stopping org.apache.spark.deploy.worker.Worker
nid01535: stopping org.apache.spark.deploy.worker.Worker
nid01901: stopping org.apache.spark.deploy.worker.Worker
stopping org.apache.spark.deploy.master.Master
