writing to /global/cscratch1/sd/qpzhang/spark_env
starting org.apache.spark.deploy.master.Master, logging to /global/cscratch1/sd/qpzhang/spark/1383367/sparklogs/spark-qpzhang-org.apache.spark.deploy.master.Master-1-nid00952.out
/global/common/cori/software/spark/1.5.1/sbin/..
nid01127: doing ssh -o StrictHostKeyChecking=no nid01127  cd /global/common/cori/software/spark/1.5.1/sbin/.. ; /usr/common/software/spark/1.5.1/sbin/start-slave.sh spark://nid00952:7077
nid01276: doing ssh -o StrictHostKeyChecking=no nid01276  cd /global/common/cori/software/spark/1.5.1/sbin/.. ; /usr/common/software/spark/1.5.1/sbin/start-slave.sh spark://nid00952:7077
nid01556: doing ssh -o StrictHostKeyChecking=no nid01556  cd /global/common/cori/software/spark/1.5.1/sbin/.. ; /usr/common/software/spark/1.5.1/sbin/start-slave.sh spark://nid00952:7077
nid01557: doing ssh -o StrictHostKeyChecking=no nid01557  cd /global/common/cori/software/spark/1.5.1/sbin/.. ; /usr/common/software/spark/1.5.1/sbin/start-slave.sh spark://nid00952:7077
nid01558: doing ssh -o StrictHostKeyChecking=no nid01558  cd /global/common/cori/software/spark/1.5.1/sbin/.. ; /usr/common/software/spark/1.5.1/sbin/start-slave.sh spark://nid00952:7077
nid01559: doing ssh -o StrictHostKeyChecking=no nid01559  cd /global/common/cori/software/spark/1.5.1/sbin/.. ; /usr/common/software/spark/1.5.1/sbin/start-slave.sh spark://nid00952:7077
nid02094: doing ssh -o StrictHostKeyChecking=no nid02094  cd /global/common/cori/software/spark/1.5.1/sbin/.. ; /usr/common/software/spark/1.5.1/sbin/start-slave.sh spark://nid00952:7077
nid02218: doing ssh -o StrictHostKeyChecking=no nid02218  cd /global/common/cori/software/spark/1.5.1/sbin/.. ; /usr/common/software/spark/1.5.1/sbin/start-slave.sh spark://nid00952:7077
nid02219: doing ssh -o StrictHostKeyChecking=no nid02219  cd /global/common/cori/software/spark/1.5.1/sbin/.. ; /usr/common/software/spark/1.5.1/sbin/start-slave.sh spark://nid00952:7077
nid01127: @@@@@@@@@@@@@@@@@@@@@@@@@@@@@@@@@@@@@@@@@@@@@@@@@@@@@@@@@@@
nid01127: @    WARNING: REMOTE HOST IDENTIFICATION HAS CHANGED!     @
nid01127: @@@@@@@@@@@@@@@@@@@@@@@@@@@@@@@@@@@@@@@@@@@@@@@@@@@@@@@@@@@
nid01127: IT IS POSSIBLE THAT SOMEONE IS DOING SOMETHING NASTY!
nid01127: Someone could be eavesdropping on you right now (man-in-the-middle attack)!
nid01127: It is also possible that a host key has just been changed.
nid01127: The fingerprint for the ECDSA key sent by the remote host is
nid01127: SHA256:L98oajZoRgjZX5KeOBY03abWQ/Es2t9m9byeddmKCk0.
nid01127: Please contact your system administrator.
nid01127: Add correct host key in /global/homes/q/qpzhang/.ssh/known_hosts to get rid of this message.
nid01127: Offending ECDSA key in /global/homes/q/qpzhang/.ssh/known_hosts:145
nid01127: Password authentication is disabled to avoid man-in-the-middle attacks.
nid01127: Keyboard-interactive authentication is disabled to avoid man-in-the-middle attacks.
nid01127: starting org.apache.spark.deploy.worker.Worker, logging to /global/cscratch1/sd/qpzhang/spark/1383367/sparklogs/spark-qpzhang-org.apache.spark.deploy.worker.Worker-1-nid00952.out
nid01276: Warning: Permanently added '[nid01276]:204,[10.128.5.7]:204' (ECDSA) to the list of known hosts.
nid01276: starting org.apache.spark.deploy.worker.Worker, logging to /global/cscratch1/sd/qpzhang/spark/1383367/sparklogs/spark-qpzhang-org.apache.spark.deploy.worker.Worker-1-nid00952.out
nid01556: Warning: Permanently added '[nid01556]:204,[10.128.6.33]:204' (ECDSA) to the list of known hosts.
nid01556: starting org.apache.spark.deploy.worker.Worker, logging to /global/cscratch1/sd/qpzhang/spark/1383367/sparklogs/spark-qpzhang-org.apache.spark.deploy.worker.Worker-1-nid00952.out
nid01558: Warning: Permanently added '[nid01558]:204,[10.128.6.35]:204' (ECDSA) to the list of known hosts.
nid01558: starting org.apache.spark.deploy.worker.Worker, logging to /global/cscratch1/sd/qpzhang/spark/1383367/sparklogs/spark-qpzhang-org.apache.spark.deploy.worker.Worker-1-nid00952.out
nid02094: @@@@@@@@@@@@@@@@@@@@@@@@@@@@@@@@@@@@@@@@@@@@@@@@@@@@@@@@@@@
nid02094: @    WARNING: REMOTE HOST IDENTIFICATION HAS CHANGED!     @
nid02094: @@@@@@@@@@@@@@@@@@@@@@@@@@@@@@@@@@@@@@@@@@@@@@@@@@@@@@@@@@@
nid02094: IT IS POSSIBLE THAT SOMEONE IS DOING SOMETHING NASTY!
nid02094: Someone could be eavesdropping on you right now (man-in-the-middle attack)!
nid02094: It is also possible that a host key has just been changed.
nid02094: The fingerprint for the ECDSA key sent by the remote host is
nid02094: SHA256:wyfGoi5vpICPjkBuyaB474EjEBJX372Mxs1kKInkHgY.
nid02094: Please contact your system administrator.
nid02094: Add correct host key in /global/homes/q/qpzhang/.ssh/known_hosts to get rid of this message.
nid02094: Offending ECDSA key in /global/homes/q/qpzhang/.ssh/known_hosts:237
nid02094: Password authentication is disabled to avoid man-in-the-middle attacks.
nid02094: Keyboard-interactive authentication is disabled to avoid man-in-the-middle attacks.
nid02094: starting org.apache.spark.deploy.worker.Worker, logging to /global/cscratch1/sd/qpzhang/spark/1383367/sparklogs/spark-qpzhang-org.apache.spark.deploy.worker.Worker-1-nid00952.out
nid01559: Warning: Permanently added '[nid01559]:204,[10.128.6.36]:204' (ECDSA) to the list of known hosts.
nid01559: starting org.apache.spark.deploy.worker.Worker, logging to /global/cscratch1/sd/qpzhang/spark/1383367/sparklogs/spark-qpzhang-org.apache.spark.deploy.worker.Worker-1-nid00952.out
nid02219: Warning: Permanently added '[nid02219]:204,[10.128.8.188]:204' (ECDSA) to the list of known hosts.
nid02219: starting org.apache.spark.deploy.worker.Worker, logging to /global/cscratch1/sd/qpzhang/spark/1383367/sparklogs/spark-qpzhang-org.apache.spark.deploy.worker.Worker-1-nid00952.out
nid01557: Warning: Permanently added '[nid01557]:204,[10.128.6.34]:204' (ECDSA) to the list of known hosts.
nid01557: starting org.apache.spark.deploy.worker.Worker, logging to /global/cscratch1/sd/qpzhang/spark/1383367/sparklogs/spark-qpzhang-org.apache.spark.deploy.worker.Worker-1-nid00952.out
nid02218: Warning: Permanently added '[nid02218]:204,[10.128.8.187]:204' (ECDSA) to the list of known hosts.
nid02218: starting org.apache.spark.deploy.worker.Worker, logging to /global/cscratch1/sd/qpzhang/spark/1383367/sparklogs/spark-qpzhang-org.apache.spark.deploy.worker.Worker-1-nid00952.out
nid01127: doing ssh -o StrictHostKeyChecking=no nid01127  cd /global/common/cori/software/spark/1.5.1/sbin/.. ; /usr/common/software/spark/1.5.1/sbin/stop-slave.sh
nid01276: doing ssh -o StrictHostKeyChecking=no nid01276  cd /global/common/cori/software/spark/1.5.1/sbin/.. ; /usr/common/software/spark/1.5.1/sbin/stop-slave.sh
nid01556: doing ssh -o StrictHostKeyChecking=no nid01556  cd /global/common/cori/software/spark/1.5.1/sbin/.. ; /usr/common/software/spark/1.5.1/sbin/stop-slave.sh
nid01557: doing ssh -o StrictHostKeyChecking=no nid01557  cd /global/common/cori/software/spark/1.5.1/sbin/.. ; /usr/common/software/spark/1.5.1/sbin/stop-slave.sh
nid01558: doing ssh -o StrictHostKeyChecking=no nid01558  cd /global/common/cori/software/spark/1.5.1/sbin/.. ; /usr/common/software/spark/1.5.1/sbin/stop-slave.sh
nid01559: doing ssh -o StrictHostKeyChecking=no nid01559  cd /global/common/cori/software/spark/1.5.1/sbin/.. ; /usr/common/software/spark/1.5.1/sbin/stop-slave.sh
nid02094: doing ssh -o StrictHostKeyChecking=no nid02094  cd /global/common/cori/software/spark/1.5.1/sbin/.. ; /usr/common/software/spark/1.5.1/sbin/stop-slave.sh
nid02218: doing ssh -o StrictHostKeyChecking=no nid02218  cd /global/common/cori/software/spark/1.5.1/sbin/.. ; /usr/common/software/spark/1.5.1/sbin/stop-slave.sh
nid02219: doing ssh -o StrictHostKeyChecking=no nid02219  cd /global/common/cori/software/spark/1.5.1/sbin/.. ; /usr/common/software/spark/1.5.1/sbin/stop-slave.sh
nid01127: @@@@@@@@@@@@@@@@@@@@@@@@@@@@@@@@@@@@@@@@@@@@@@@@@@@@@@@@@@@
nid01127: @    WARNING: REMOTE HOST IDENTIFICATION HAS CHANGED!     @
nid01127: @@@@@@@@@@@@@@@@@@@@@@@@@@@@@@@@@@@@@@@@@@@@@@@@@@@@@@@@@@@
nid01127: IT IS POSSIBLE THAT SOMEONE IS DOING SOMETHING NASTY!
nid01127: Someone could be eavesdropping on you right now (man-in-the-middle attack)!
nid01127: It is also possible that a host key has just been changed.
nid01127: The fingerprint for the ECDSA key sent by the remote host is
nid01127: SHA256:L98oajZoRgjZX5KeOBY03abWQ/Es2t9m9byeddmKCk0.
nid01127: Please contact your system administrator.
nid01127: Add correct host key in /global/homes/q/qpzhang/.ssh/known_hosts to get rid of this message.
nid01127: Offending ECDSA key in /global/homes/q/qpzhang/.ssh/known_hosts:145
nid01127: Password authentication is disabled to avoid man-in-the-middle attacks.
nid01127: Keyboard-interactive authentication is disabled to avoid man-in-the-middle attacks.
nid01127: stopping org.apache.spark.deploy.worker.Worker
nid01276: stopping org.apache.spark.deploy.worker.Worker
nid01556: stopping org.apache.spark.deploy.worker.Worker
nid01557: stopping org.apache.spark.deploy.worker.Worker
nid01558: stopping org.apache.spark.deploy.worker.Worker
nid01559: stopping org.apache.spark.deploy.worker.Worker
nid02094: @@@@@@@@@@@@@@@@@@@@@@@@@@@@@@@@@@@@@@@@@@@@@@@@@@@@@@@@@@@
nid02094: @    WARNING: REMOTE HOST IDENTIFICATION HAS CHANGED!     @
nid02094: @@@@@@@@@@@@@@@@@@@@@@@@@@@@@@@@@@@@@@@@@@@@@@@@@@@@@@@@@@@
nid02094: IT IS POSSIBLE THAT SOMEONE IS DOING SOMETHING NASTY!
nid02094: Someone could be eavesdropping on you right now (man-in-the-middle attack)!
nid02094: It is also possible that a host key has just been changed.
nid02094: The fingerprint for the ECDSA key sent by the remote host is
nid02094: SHA256:wyfGoi5vpICPjkBuyaB474EjEBJX372Mxs1kKInkHgY.
nid02094: Please contact your system administrator.
nid02094: Add correct host key in /global/homes/q/qpzhang/.ssh/known_hosts to get rid of this message.
nid02094: Offending ECDSA key in /global/homes/q/qpzhang/.ssh/known_hosts:237
nid02094: Password authentication is disabled to avoid man-in-the-middle attacks.
nid02094: Keyboard-interactive authentication is disabled to avoid man-in-the-middle attacks.
nid02094: stopping org.apache.spark.deploy.worker.Worker
nid02219: stopping org.apache.spark.deploy.worker.Worker
nid02218: stopping org.apache.spark.deploy.worker.Worker
stopping org.apache.spark.deploy.master.Master
