writing to /global/cscratch1/sd/qpzhang/spark_env
starting org.apache.spark.deploy.master.Master, logging to /global/cscratch1/sd/qpzhang/spark/1382202/sparklogs/spark-qpzhang-org.apache.spark.deploy.master.Master-1-nid02044.out
/global/common/cori/software/spark/1.5.1/sbin/..
nid02045: doing ssh -o StrictHostKeyChecking=no nid02045  cd /global/common/cori/software/spark/1.5.1/sbin/.. ; /usr/common/software/spark/1.5.1/sbin/start-slave.sh spark://nid02044:7077
nid02045: @@@@@@@@@@@@@@@@@@@@@@@@@@@@@@@@@@@@@@@@@@@@@@@@@@@@@@@@@@@
nid02045: @    WARNING: REMOTE HOST IDENTIFICATION HAS CHANGED!     @
nid02045: @@@@@@@@@@@@@@@@@@@@@@@@@@@@@@@@@@@@@@@@@@@@@@@@@@@@@@@@@@@
nid02045: IT IS POSSIBLE THAT SOMEONE IS DOING SOMETHING NASTY!
nid02045: Someone could be eavesdropping on you right now (man-in-the-middle attack)!
nid02045: It is also possible that a host key has just been changed.
nid02045: The fingerprint for the ECDSA key sent by the remote host is
nid02045: SHA256:WAsmy5hG6Mnr9dCN6NtKoJW+78zokqoedkkemluRe1c.
nid02045: Please contact your system administrator.
nid02045: Add correct host key in /global/homes/q/qpzhang/.ssh/known_hosts to get rid of this message.
nid02045: Offending ECDSA key in /global/homes/q/qpzhang/.ssh/known_hosts:235
nid02045: Password authentication is disabled to avoid man-in-the-middle attacks.
nid02045: Keyboard-interactive authentication is disabled to avoid man-in-the-middle attacks.
nid02045: starting org.apache.spark.deploy.worker.Worker, logging to /global/cscratch1/sd/qpzhang/spark/1382202/sparklogs/spark-qpzhang-org.apache.spark.deploy.worker.Worker-1-nid02044.out
nid02045: doing ssh -o StrictHostKeyChecking=no nid02045  cd /global/common/cori/software/spark/1.5.1/sbin/.. ; /usr/common/software/spark/1.5.1/sbin/stop-slave.sh
nid02045: @@@@@@@@@@@@@@@@@@@@@@@@@@@@@@@@@@@@@@@@@@@@@@@@@@@@@@@@@@@
nid02045: @    WARNING: REMOTE HOST IDENTIFICATION HAS CHANGED!     @
nid02045: @@@@@@@@@@@@@@@@@@@@@@@@@@@@@@@@@@@@@@@@@@@@@@@@@@@@@@@@@@@
nid02045: IT IS POSSIBLE THAT SOMEONE IS DOING SOMETHING NASTY!
nid02045: Someone could be eavesdropping on you right now (man-in-the-middle attack)!
nid02045: It is also possible that a host key has just been changed.
nid02045: The fingerprint for the ECDSA key sent by the remote host is
nid02045: SHA256:WAsmy5hG6Mnr9dCN6NtKoJW+78zokqoedkkemluRe1c.
nid02045: Please contact your system administrator.
nid02045: Add correct host key in /global/homes/q/qpzhang/.ssh/known_hosts to get rid of this message.
nid02045: Offending ECDSA key in /global/homes/q/qpzhang/.ssh/known_hosts:235
nid02045: Password authentication is disabled to avoid man-in-the-middle attacks.
nid02045: Keyboard-interactive authentication is disabled to avoid man-in-the-middle attacks.
nid02045: stopping org.apache.spark.deploy.worker.Worker
stopping org.apache.spark.deploy.master.Master
