writing to /global/cscratch1/sd/qpzhang/spark_env
starting org.apache.spark.deploy.master.Master, logging to /global/cscratch1/sd/qpzhang/spark/1404107/sparklogs/spark-qpzhang-org.apache.spark.deploy.master.Master-1-nid00304.out
/global/common/cori/software/spark/1.5.1/sbin/..
nid00305: doing ssh -o StrictHostKeyChecking=no nid00305  cd /global/common/cori/software/spark/1.5.1/sbin/.. ; /usr/common/software/spark/1.5.1/sbin/start-slave.sh spark://nid00304:7077
nid00306: doing ssh -o StrictHostKeyChecking=no nid00306  cd /global/common/cori/software/spark/1.5.1/sbin/.. ; /usr/common/software/spark/1.5.1/sbin/start-slave.sh spark://nid00304:7077
nid00307: doing ssh -o StrictHostKeyChecking=no nid00307  cd /global/common/cori/software/spark/1.5.1/sbin/.. ; /usr/common/software/spark/1.5.1/sbin/start-slave.sh spark://nid00304:7077
nid00336: doing ssh -o StrictHostKeyChecking=no nid00336  cd /global/common/cori/software/spark/1.5.1/sbin/.. ; /usr/common/software/spark/1.5.1/sbin/start-slave.sh spark://nid00304:7077
nid00337: doing ssh -o StrictHostKeyChecking=no nid00337  cd /global/common/cori/software/spark/1.5.1/sbin/.. ; /usr/common/software/spark/1.5.1/sbin/start-slave.sh spark://nid00304:7077
nid00338: doing ssh -o StrictHostKeyChecking=no nid00338  cd /global/common/cori/software/spark/1.5.1/sbin/.. ; /usr/common/software/spark/1.5.1/sbin/start-slave.sh spark://nid00304:7077
nid00339: doing ssh -o StrictHostKeyChecking=no nid00339  cd /global/common/cori/software/spark/1.5.1/sbin/.. ; /usr/common/software/spark/1.5.1/sbin/start-slave.sh spark://nid00304:7077
nid00340: doing ssh -o StrictHostKeyChecking=no nid00340  cd /global/common/cori/software/spark/1.5.1/sbin/.. ; /usr/common/software/spark/1.5.1/sbin/start-slave.sh spark://nid00304:7077
nid00341: doing ssh -o StrictHostKeyChecking=no nid00341  cd /global/common/cori/software/spark/1.5.1/sbin/.. ; /usr/common/software/spark/1.5.1/sbin/start-slave.sh spark://nid00304:7077
nid00341: @@@@@@@@@@@@@@@@@@@@@@@@@@@@@@@@@@@@@@@@@@@@@@@@@@@@@@@@@@@
nid00341: @    WARNING: REMOTE HOST IDENTIFICATION HAS CHANGED!     @
nid00341: @@@@@@@@@@@@@@@@@@@@@@@@@@@@@@@@@@@@@@@@@@@@@@@@@@@@@@@@@@@
nid00341: IT IS POSSIBLE THAT SOMEONE IS DOING SOMETHING NASTY!
nid00341: Someone could be eavesdropping on you right now (man-in-the-middle attack)!
nid00341: It is also possible that a host key has just been changed.
nid00341: The fingerprint for the ECDSA key sent by the remote host is
nid00341: SHA256:lkx03VUKEDbPcozCxqSYYkUUlr8HB1MQg4Osm7CgBwI.
nid00341: Please contact your system administrator.
nid00341: Add correct host key in /global/homes/q/qpzhang/.ssh/known_hosts to get rid of this message.
nid00341: Offending ECDSA key in /global/homes/q/qpzhang/.ssh/known_hosts:125
nid00341: Password authentication is disabled to avoid man-in-the-middle attacks.
nid00341: Keyboard-interactive authentication is disabled to avoid man-in-the-middle attacks.
nid00341: starting org.apache.spark.deploy.worker.Worker, logging to /global/cscratch1/sd/qpzhang/spark/1404107/sparklogs/spark-qpzhang-org.apache.spark.deploy.worker.Worker-1-nid00304.out
nid00305: Warning: Permanently added '[nid00305]:204,[10.128.1.52]:204' (ECDSA) to the list of known hosts.
nid00305: starting org.apache.spark.deploy.worker.Worker, logging to /global/cscratch1/sd/qpzhang/spark/1404107/sparklogs/spark-qpzhang-org.apache.spark.deploy.worker.Worker-1-nid00304.out
nid00307: Warning: Permanently added '[nid00307]:204,[10.128.1.54]:204' (ECDSA) to the list of known hosts.
nid00307: starting org.apache.spark.deploy.worker.Worker, logging to /global/cscratch1/sd/qpzhang/spark/1404107/sparklogs/spark-qpzhang-org.apache.spark.deploy.worker.Worker-1-nid00304.out
nid00337: @@@@@@@@@@@@@@@@@@@@@@@@@@@@@@@@@@@@@@@@@@@@@@@@@@@@@@@@@@@
nid00337: @    WARNING: REMOTE HOST IDENTIFICATION HAS CHANGED!     @
nid00337: @@@@@@@@@@@@@@@@@@@@@@@@@@@@@@@@@@@@@@@@@@@@@@@@@@@@@@@@@@@
nid00337: IT IS POSSIBLE THAT SOMEONE IS DOING SOMETHING NASTY!
nid00337: Someone could be eavesdropping on you right now (man-in-the-middle attack)!
nid00337: It is also possible that a host key has just been changed.
nid00337: The fingerprint for the ECDSA key sent by the remote host is
nid00337: SHA256:N5aAeh5YTeC7QjZmVIygeNpN9UNJ+fc5d8t+zM8z3VU.
nid00337: Please contact your system administrator.
nid00337: Add correct host key in /global/homes/q/qpzhang/.ssh/known_hosts to get rid of this message.
nid00337: Offending ECDSA key in /global/homes/q/qpzhang/.ssh/known_hosts:211
nid00337: Password authentication is disabled to avoid man-in-the-middle attacks.
nid00337: Keyboard-interactive authentication is disabled to avoid man-in-the-middle attacks.
nid00337: starting org.apache.spark.deploy.worker.Worker, logging to /global/cscratch1/sd/qpzhang/spark/1404107/sparklogs/spark-qpzhang-org.apache.spark.deploy.worker.Worker-1-nid00304.out
nid00306: Warning: Permanently added '[nid00306]:204,[10.128.1.53]:204' (ECDSA) to the list of known hosts.
nid00306: starting org.apache.spark.deploy.worker.Worker, logging to /global/cscratch1/sd/qpzhang/spark/1404107/sparklogs/spark-qpzhang-org.apache.spark.deploy.worker.Worker-1-nid00304.out
nid00340: @@@@@@@@@@@@@@@@@@@@@@@@@@@@@@@@@@@@@@@@@@@@@@@@@@@@@@@@@@@
nid00340: @    WARNING: REMOTE HOST IDENTIFICATION HAS CHANGED!     @
nid00340: @@@@@@@@@@@@@@@@@@@@@@@@@@@@@@@@@@@@@@@@@@@@@@@@@@@@@@@@@@@
nid00340: IT IS POSSIBLE THAT SOMEONE IS DOING SOMETHING NASTY!
nid00340: Someone could be eavesdropping on you right now (man-in-the-middle attack)!
nid00340: It is also possible that a host key has just been changed.
nid00340: The fingerprint for the ECDSA key sent by the remote host is
nid00340: SHA256:mbYMf/aNvfQROTvLq3jP07G3hOP8HBB8y0OgLKGCupQ.
nid00340: Please contact your system administrator.
nid00340: Add correct host key in /global/homes/q/qpzhang/.ssh/known_hosts to get rid of this message.
nid00340: Offending ECDSA key in /global/homes/q/qpzhang/.ssh/known_hosts:271
nid00340: Password authentication is disabled to avoid man-in-the-middle attacks.
nid00340: Keyboard-interactive authentication is disabled to avoid man-in-the-middle attacks.
nid00340: starting org.apache.spark.deploy.worker.Worker, logging to /global/cscratch1/sd/qpzhang/spark/1404107/sparklogs/spark-qpzhang-org.apache.spark.deploy.worker.Worker-1-nid00304.out
nid00336: @@@@@@@@@@@@@@@@@@@@@@@@@@@@@@@@@@@@@@@@@@@@@@@@@@@@@@@@@@@
nid00336: @    WARNING: REMOTE HOST IDENTIFICATION HAS CHANGED!     @
nid00336: @@@@@@@@@@@@@@@@@@@@@@@@@@@@@@@@@@@@@@@@@@@@@@@@@@@@@@@@@@@
nid00336: IT IS POSSIBLE THAT SOMEONE IS DOING SOMETHING NASTY!
nid00336: Someone could be eavesdropping on you right now (man-in-the-middle attack)!
nid00336: It is also possible that a host key has just been changed.
nid00336: The fingerprint for the ECDSA key sent by the remote host is
nid00336: SHA256:U3pNmQK1XhRi74zgzzFAn46HLWM+bKw9hbijlBUG7OQ.
nid00336: Please contact your system administrator.
nid00336: Add correct host key in /global/homes/q/qpzhang/.ssh/known_hosts to get rid of this message.
nid00336: Offending ECDSA key in /global/homes/q/qpzhang/.ssh/known_hosts:210
nid00336: Password authentication is disabled to avoid man-in-the-middle attacks.
nid00336: Keyboard-interactive authentication is disabled to avoid man-in-the-middle attacks.
nid00336: starting org.apache.spark.deploy.worker.Worker, logging to /global/cscratch1/sd/qpzhang/spark/1404107/sparklogs/spark-qpzhang-org.apache.spark.deploy.worker.Worker-1-nid00304.out
nid00339: @@@@@@@@@@@@@@@@@@@@@@@@@@@@@@@@@@@@@@@@@@@@@@@@@@@@@@@@@@@
nid00339: @    WARNING: REMOTE HOST IDENTIFICATION HAS CHANGED!     @
nid00339: @@@@@@@@@@@@@@@@@@@@@@@@@@@@@@@@@@@@@@@@@@@@@@@@@@@@@@@@@@@
nid00339: IT IS POSSIBLE THAT SOMEONE IS DOING SOMETHING NASTY!
nid00339: Someone could be eavesdropping on you right now (man-in-the-middle attack)!
nid00339: It is also possible that a host key has just been changed.
nid00339: The fingerprint for the ECDSA key sent by the remote host is
nid00339: SHA256:piDiYcHq8GoIJ3ty/gMS7ZydsaMovaWuGDkE0jk2/Ec.
nid00339: Please contact your system administrator.
nid00339: Add correct host key in /global/homes/q/qpzhang/.ssh/known_hosts to get rid of this message.
nid00339: Offending ECDSA key in /global/homes/q/qpzhang/.ssh/known_hosts:213
nid00339: Password authentication is disabled to avoid man-in-the-middle attacks.
nid00339: Keyboard-interactive authentication is disabled to avoid man-in-the-middle attacks.
nid00339: starting org.apache.spark.deploy.worker.Worker, logging to /global/cscratch1/sd/qpzhang/spark/1404107/sparklogs/spark-qpzhang-org.apache.spark.deploy.worker.Worker-1-nid00304.out
nid00338: @@@@@@@@@@@@@@@@@@@@@@@@@@@@@@@@@@@@@@@@@@@@@@@@@@@@@@@@@@@
nid00338: @    WARNING: REMOTE HOST IDENTIFICATION HAS CHANGED!     @
nid00338: @@@@@@@@@@@@@@@@@@@@@@@@@@@@@@@@@@@@@@@@@@@@@@@@@@@@@@@@@@@
nid00338: IT IS POSSIBLE THAT SOMEONE IS DOING SOMETHING NASTY!
nid00338: Someone could be eavesdropping on you right now (man-in-the-middle attack)!
nid00338: It is also possible that a host key has just been changed.
nid00338: The fingerprint for the ECDSA key sent by the remote host is
nid00338: SHA256:ucMKHQEfj8cydZ8xc/X1gInLTsgHo5ZvwNFzhSjn9JU.
nid00338: Please contact your system administrator.
nid00338: Add correct host key in /global/homes/q/qpzhang/.ssh/known_hosts to get rid of this message.
nid00338: Offending ECDSA key in /global/homes/q/qpzhang/.ssh/known_hosts:215
nid00338: Password authentication is disabled to avoid man-in-the-middle attacks.
nid00338: Keyboard-interactive authentication is disabled to avoid man-in-the-middle attacks.
nid00338: mv: cannot stat `/global/cscratch1/sd/qpzhang/spark/1404107/sparklogs/spark-qpzhang-org.apache.spark.deploy.worker.Worker-1-nid00304.out.2': No such file or directory
nid00338: mv: cannot stat `/global/cscratch1/sd/qpzhang/spark/1404107/sparklogs/spark-qpzhang-org.apache.spark.deploy.worker.Worker-1-nid00304.out.1': No such file or directory
nid00338: mv: cannot stat `/global/cscratch1/sd/qpzhang/spark/1404107/sparklogs/spark-qpzhang-org.apache.spark.deploy.worker.Worker-1-nid00304.out': No such file or directory
nid00338: starting org.apache.spark.deploy.worker.Worker, logging to /global/cscratch1/sd/qpzhang/spark/1404107/sparklogs/spark-qpzhang-org.apache.spark.deploy.worker.Worker-1-nid00304.out
nid00305: doing ssh -o StrictHostKeyChecking=no nid00305  cd /global/common/cori/software/spark/1.5.1/sbin/.. ; /usr/common/software/spark/1.5.1/sbin/stop-slave.sh
nid00306: doing ssh -o StrictHostKeyChecking=no nid00306  cd /global/common/cori/software/spark/1.5.1/sbin/.. ; /usr/common/software/spark/1.5.1/sbin/stop-slave.sh
nid00307: doing ssh -o StrictHostKeyChecking=no nid00307  cd /global/common/cori/software/spark/1.5.1/sbin/.. ; /usr/common/software/spark/1.5.1/sbin/stop-slave.sh
nid00336: doing ssh -o StrictHostKeyChecking=no nid00336  cd /global/common/cori/software/spark/1.5.1/sbin/.. ; /usr/common/software/spark/1.5.1/sbin/stop-slave.sh
nid00337: doing ssh -o StrictHostKeyChecking=no nid00337  cd /global/common/cori/software/spark/1.5.1/sbin/.. ; /usr/common/software/spark/1.5.1/sbin/stop-slave.sh
nid00338: doing ssh -o StrictHostKeyChecking=no nid00338  cd /global/common/cori/software/spark/1.5.1/sbin/.. ; /usr/common/software/spark/1.5.1/sbin/stop-slave.sh
nid00339: doing ssh -o StrictHostKeyChecking=no nid00339  cd /global/common/cori/software/spark/1.5.1/sbin/.. ; /usr/common/software/spark/1.5.1/sbin/stop-slave.sh
nid00340: doing ssh -o StrictHostKeyChecking=no nid00340  cd /global/common/cori/software/spark/1.5.1/sbin/.. ; /usr/common/software/spark/1.5.1/sbin/stop-slave.sh
nid00341: doing ssh -o StrictHostKeyChecking=no nid00341  cd /global/common/cori/software/spark/1.5.1/sbin/.. ; /usr/common/software/spark/1.5.1/sbin/stop-slave.sh
nid00305: stopping org.apache.spark.deploy.worker.Worker
nid00306: stopping org.apache.spark.deploy.worker.Worker
nid00307: stopping org.apache.spark.deploy.worker.Worker
nid00336: @@@@@@@@@@@@@@@@@@@@@@@@@@@@@@@@@@@@@@@@@@@@@@@@@@@@@@@@@@@
nid00336: @    WARNING: REMOTE HOST IDENTIFICATION HAS CHANGED!     @
nid00336: @@@@@@@@@@@@@@@@@@@@@@@@@@@@@@@@@@@@@@@@@@@@@@@@@@@@@@@@@@@
nid00336: IT IS POSSIBLE THAT SOMEONE IS DOING SOMETHING NASTY!
nid00336: Someone could be eavesdropping on you right now (man-in-the-middle attack)!
nid00336: It is also possible that a host key has just been changed.
nid00336: The fingerprint for the ECDSA key sent by the remote host is
nid00336: SHA256:U3pNmQK1XhRi74zgzzFAn46HLWM+bKw9hbijlBUG7OQ.
nid00336: Please contact your system administrator.
nid00336: Add correct host key in /global/homes/q/qpzhang/.ssh/known_hosts to get rid of this message.
nid00336: Offending ECDSA key in /global/homes/q/qpzhang/.ssh/known_hosts:210
nid00336: Password authentication is disabled to avoid man-in-the-middle attacks.
nid00336: Keyboard-interactive authentication is disabled to avoid man-in-the-middle attacks.
nid00336: stopping org.apache.spark.deploy.worker.Worker
nid00337: @@@@@@@@@@@@@@@@@@@@@@@@@@@@@@@@@@@@@@@@@@@@@@@@@@@@@@@@@@@
nid00337: @    WARNING: REMOTE HOST IDENTIFICATION HAS CHANGED!     @
nid00337: @@@@@@@@@@@@@@@@@@@@@@@@@@@@@@@@@@@@@@@@@@@@@@@@@@@@@@@@@@@
nid00337: IT IS POSSIBLE THAT SOMEONE IS DOING SOMETHING NASTY!
nid00337: Someone could be eavesdropping on you right now (man-in-the-middle attack)!
nid00337: It is also possible that a host key has just been changed.
nid00337: The fingerprint for the ECDSA key sent by the remote host is
nid00337: SHA256:N5aAeh5YTeC7QjZmVIygeNpN9UNJ+fc5d8t+zM8z3VU.
nid00337: Please contact your system administrator.
nid00337: Add correct host key in /global/homes/q/qpzhang/.ssh/known_hosts to get rid of this message.
nid00337: Offending ECDSA key in /global/homes/q/qpzhang/.ssh/known_hosts:211
nid00337: Password authentication is disabled to avoid man-in-the-middle attacks.
nid00337: Keyboard-interactive authentication is disabled to avoid man-in-the-middle attacks.
nid00337: stopping org.apache.spark.deploy.worker.Worker
nid00341: @@@@@@@@@@@@@@@@@@@@@@@@@@@@@@@@@@@@@@@@@@@@@@@@@@@@@@@@@@@
nid00341: @    WARNING: REMOTE HOST IDENTIFICATION HAS CHANGED!     @
nid00341: @@@@@@@@@@@@@@@@@@@@@@@@@@@@@@@@@@@@@@@@@@@@@@@@@@@@@@@@@@@
nid00341: IT IS POSSIBLE THAT SOMEONE IS DOING SOMETHING NASTY!
nid00341: Someone could be eavesdropping on you right now (man-in-the-middle attack)!
nid00341: It is also possible that a host key has just been changed.
nid00341: The fingerprint for the ECDSA key sent by the remote host is
nid00341: SHA256:lkx03VUKEDbPcozCxqSYYkUUlr8HB1MQg4Osm7CgBwI.
nid00341: Please contact your system administrator.
nid00341: Add correct host key in /global/homes/q/qpzhang/.ssh/known_hosts to get rid of this message.
nid00341: Offending ECDSA key in /global/homes/q/qpzhang/.ssh/known_hosts:125
nid00341: Password authentication is disabled to avoid man-in-the-middle attacks.
nid00341: Keyboard-interactive authentication is disabled to avoid man-in-the-middle attacks.
nid00341: stopping org.apache.spark.deploy.worker.Worker
nid00338: @@@@@@@@@@@@@@@@@@@@@@@@@@@@@@@@@@@@@@@@@@@@@@@@@@@@@@@@@@@
nid00338: @    WARNING: REMOTE HOST IDENTIFICATION HAS CHANGED!     @
nid00338: @@@@@@@@@@@@@@@@@@@@@@@@@@@@@@@@@@@@@@@@@@@@@@@@@@@@@@@@@@@
nid00338: IT IS POSSIBLE THAT SOMEONE IS DOING SOMETHING NASTY!
nid00338: Someone could be eavesdropping on you right now (man-in-the-middle attack)!
nid00338: It is also possible that a host key has just been changed.
nid00338: The fingerprint for the ECDSA key sent by the remote host is
nid00338: SHA256:ucMKHQEfj8cydZ8xc/X1gInLTsgHo5ZvwNFzhSjn9JU.
nid00338: Please contact your system administrator.
nid00338: Add correct host key in /global/homes/q/qpzhang/.ssh/known_hosts to get rid of this message.
nid00338: Offending ECDSA key in /global/homes/q/qpzhang/.ssh/known_hosts:215
nid00338: Password authentication is disabled to avoid man-in-the-middle attacks.
nid00338: Keyboard-interactive authentication is disabled to avoid man-in-the-middle attacks.
nid00338: stopping org.apache.spark.deploy.worker.Worker
nid00339: @@@@@@@@@@@@@@@@@@@@@@@@@@@@@@@@@@@@@@@@@@@@@@@@@@@@@@@@@@@
nid00339: @    WARNING: REMOTE HOST IDENTIFICATION HAS CHANGED!     @
nid00339: @@@@@@@@@@@@@@@@@@@@@@@@@@@@@@@@@@@@@@@@@@@@@@@@@@@@@@@@@@@
nid00339: IT IS POSSIBLE THAT SOMEONE IS DOING SOMETHING NASTY!
nid00339: Someone could be eavesdropping on you right now (man-in-the-middle attack)!
nid00339: It is also possible that a host key has just been changed.
nid00339: The fingerprint for the ECDSA key sent by the remote host is
nid00339: SHA256:piDiYcHq8GoIJ3ty/gMS7ZydsaMovaWuGDkE0jk2/Ec.
nid00339: Please contact your system administrator.
nid00339: Add correct host key in /global/homes/q/qpzhang/.ssh/known_hosts to get rid of this message.
nid00339: Offending ECDSA key in /global/homes/q/qpzhang/.ssh/known_hosts:213
nid00339: Password authentication is disabled to avoid man-in-the-middle attacks.
nid00339: Keyboard-interactive authentication is disabled to avoid man-in-the-middle attacks.
nid00339: stopping org.apache.spark.deploy.worker.Worker
nid00340: @@@@@@@@@@@@@@@@@@@@@@@@@@@@@@@@@@@@@@@@@@@@@@@@@@@@@@@@@@@
nid00340: @    WARNING: REMOTE HOST IDENTIFICATION HAS CHANGED!     @
nid00340: @@@@@@@@@@@@@@@@@@@@@@@@@@@@@@@@@@@@@@@@@@@@@@@@@@@@@@@@@@@
nid00340: IT IS POSSIBLE THAT SOMEONE IS DOING SOMETHING NASTY!
nid00340: Someone could be eavesdropping on you right now (man-in-the-middle attack)!
nid00340: It is also possible that a host key has just been changed.
nid00340: The fingerprint for the ECDSA key sent by the remote host is
nid00340: SHA256:mbYMf/aNvfQROTvLq3jP07G3hOP8HBB8y0OgLKGCupQ.
nid00340: Please contact your system administrator.
nid00340: Add correct host key in /global/homes/q/qpzhang/.ssh/known_hosts to get rid of this message.
nid00340: Offending ECDSA key in /global/homes/q/qpzhang/.ssh/known_hosts:271
nid00340: Password authentication is disabled to avoid man-in-the-middle attacks.
nid00340: Keyboard-interactive authentication is disabled to avoid man-in-the-middle attacks.
nid00340: stopping org.apache.spark.deploy.worker.Worker
stopping org.apache.spark.deploy.master.Master
