apt-get update && apt-get install -y g++ make git zlib1g-dev python wget

GeneMarkS v.4.30
LINUX 64
http://topaz.gatech.edu/GeneMark/tmp/GMtool_vKYFn/genemark_suite_linux_64.tar.gz


wget http://eddylab.org/software/hmmer3/3.1b2/hmmer-3.1b2-linux-intel-x86_64.tar.gz

wget http://d3kbcqa49mib13.cloudfront.net/spark-2.0.2-bin-hadoop2.7.tgz

wget http://download.oracle.com/otn-pub/java/jdk/8u112-b15/jdk-8u112-linux-x64.tar.gz

apt-get install -y software-properties-common
add-apt-repository ppa:webupd8team/java -y
apt-get update

echo oracle-java7-installer shared/accepted-oracle-license-v1-1 select true | /usr/bin/debconf-set-selections
apt-get install -y oracle-java8-installer


apt-get clean

apt-get install vim

pip install khmer==1.4

apt-get install python-pip

pip install biopython

pip install cherrypy

pip install Flask
pip install paste

~/Downloads/spark-2.0.2-bin-hadoop2.7/bin/spark-submit server.py