writing to /global/cscratch1/sd/qpzhang/spark_env
starting org.apache.spark.deploy.master.Master, logging to /global/cscratch1/sd/qpzhang/spark/2249976/sparklogs/spark-qpzhang-org.apache.spark.deploy.master.Master-1-nid00248.out
/global/common/cori/software/spark/1.5.1/sbin/..
nid00546: doing ssh -o StrictHostKeyChecking=no nid00546  cd /global/common/cori/software/spark/1.5.1/sbin/.. ; /usr/common/software/spark/1.5.1/sbin/start-slave.sh spark://nid00248:7077
nid00547: doing ssh -o StrictHostKeyChecking=no nid00547  cd /global/common/cori/software/spark/1.5.1/sbin/.. ; /usr/common/software/spark/1.5.1/sbin/start-slave.sh spark://nid00248:7077
nid00548: doing ssh -o StrictHostKeyChecking=no nid00548  cd /global/common/cori/software/spark/1.5.1/sbin/.. ; /usr/common/software/spark/1.5.1/sbin/start-slave.sh spark://nid00248:7077
nid00549: doing ssh -o StrictHostKeyChecking=no nid00549  cd /global/common/cori/software/spark/1.5.1/sbin/.. ; /usr/common/software/spark/1.5.1/sbin/start-slave.sh spark://nid00248:7077
nid00599: doing ssh -o StrictHostKeyChecking=no nid00599  cd /global/common/cori/software/spark/1.5.1/sbin/.. ; /usr/common/software/spark/1.5.1/sbin/start-slave.sh spark://nid00248:7077
nid00600: doing ssh -o StrictHostKeyChecking=no nid00600  cd /global/common/cori/software/spark/1.5.1/sbin/.. ; /usr/common/software/spark/1.5.1/sbin/start-slave.sh spark://nid00248:7077
nid00601: doing ssh -o StrictHostKeyChecking=no nid00601  cd /global/common/cori/software/spark/1.5.1/sbin/.. ; /usr/common/software/spark/1.5.1/sbin/start-slave.sh spark://nid00248:7077
nid00683: doing ssh -o StrictHostKeyChecking=no nid00683  cd /global/common/cori/software/spark/1.5.1/sbin/.. ; /usr/common/software/spark/1.5.1/sbin/start-slave.sh spark://nid00248:7077
nid00684: doing ssh -o StrictHostKeyChecking=no nid00684  cd /global/common/cori/software/spark/1.5.1/sbin/.. ; /usr/common/software/spark/1.5.1/sbin/start-slave.sh spark://nid00248:7077
nid00693: doing ssh -o StrictHostKeyChecking=no nid00693  cd /global/common/cori/software/spark/1.5.1/sbin/.. ; /usr/common/software/spark/1.5.1/sbin/start-slave.sh spark://nid00248:7077
nid00694: doing ssh -o StrictHostKeyChecking=no nid00694  cd /global/common/cori/software/spark/1.5.1/sbin/.. ; /usr/common/software/spark/1.5.1/sbin/start-slave.sh spark://nid00248:7077
nid00831: doing ssh -o StrictHostKeyChecking=no nid00831  cd /global/common/cori/software/spark/1.5.1/sbin/.. ; /usr/common/software/spark/1.5.1/sbin/start-slave.sh spark://nid00248:7077
nid00848: doing ssh -o StrictHostKeyChecking=no nid00848  cd /global/common/cori/software/spark/1.5.1/sbin/.. ; /usr/common/software/spark/1.5.1/sbin/start-slave.sh spark://nid00248:7077
nid00849: doing ssh -o StrictHostKeyChecking=no nid00849  cd /global/common/cori/software/spark/1.5.1/sbin/.. ; /usr/common/software/spark/1.5.1/sbin/start-slave.sh spark://nid00248:7077
nid01211: doing ssh -o StrictHostKeyChecking=no nid01211  cd /global/common/cori/software/spark/1.5.1/sbin/.. ; /usr/common/software/spark/1.5.1/sbin/start-slave.sh spark://nid00248:7077
nid01212: doing ssh -o StrictHostKeyChecking=no nid01212  cd /global/common/cori/software/spark/1.5.1/sbin/.. ; /usr/common/software/spark/1.5.1/sbin/start-slave.sh spark://nid00248:7077
nid01311: doing ssh -o StrictHostKeyChecking=no nid01311  cd /global/common/cori/software/spark/1.5.1/sbin/.. ; /usr/common/software/spark/1.5.1/sbin/start-slave.sh spark://nid00248:7077
nid01312: doing ssh -o StrictHostKeyChecking=no nid01312  cd /global/common/cori/software/spark/1.5.1/sbin/.. ; /usr/common/software/spark/1.5.1/sbin/start-slave.sh spark://nid00248:7077
nid01329: doing ssh -o StrictHostKeyChecking=no nid01329  cd /global/common/cori/software/spark/1.5.1/sbin/.. ; /usr/common/software/spark/1.5.1/sbin/start-slave.sh spark://nid00248:7077
nid01330: doing ssh -o StrictHostKeyChecking=no nid01330  cd /global/common/cori/software/spark/1.5.1/sbin/.. ; /usr/common/software/spark/1.5.1/sbin/start-slave.sh spark://nid00248:7077
nid01400: doing ssh -o StrictHostKeyChecking=no nid01400  cd /global/common/cori/software/spark/1.5.1/sbin/.. ; /usr/common/software/spark/1.5.1/sbin/start-slave.sh spark://nid00248:7077
nid01401: doing ssh -o StrictHostKeyChecking=no nid01401  cd /global/common/cori/software/spark/1.5.1/sbin/.. ; /usr/common/software/spark/1.5.1/sbin/start-slave.sh spark://nid00248:7077
nid01402: doing ssh -o StrictHostKeyChecking=no nid01402  cd /global/common/cori/software/spark/1.5.1/sbin/.. ; /usr/common/software/spark/1.5.1/sbin/start-slave.sh spark://nid00248:7077
nid01403: doing ssh -o StrictHostKeyChecking=no nid01403  cd /global/common/cori/software/spark/1.5.1/sbin/.. ; /usr/common/software/spark/1.5.1/sbin/start-slave.sh spark://nid00248:7077
nid01445: doing ssh -o StrictHostKeyChecking=no nid01445  cd /global/common/cori/software/spark/1.5.1/sbin/.. ; /usr/common/software/spark/1.5.1/sbin/start-slave.sh spark://nid00248:7077
nid01446: doing ssh -o StrictHostKeyChecking=no nid01446  cd /global/common/cori/software/spark/1.5.1/sbin/.. ; /usr/common/software/spark/1.5.1/sbin/start-slave.sh spark://nid00248:7077
nid01447: doing ssh -o StrictHostKeyChecking=no nid01447  cd /global/common/cori/software/spark/1.5.1/sbin/.. ; /usr/common/software/spark/1.5.1/sbin/start-slave.sh spark://nid00248:7077
nid01448: doing ssh -o StrictHostKeyChecking=no nid01448  cd /global/common/cori/software/spark/1.5.1/sbin/.. ; /usr/common/software/spark/1.5.1/sbin/start-slave.sh spark://nid00248:7077
nid01515: doing ssh -o StrictHostKeyChecking=no nid01515  cd /global/common/cori/software/spark/1.5.1/sbin/.. ; /usr/common/software/spark/1.5.1/sbin/start-slave.sh spark://nid00248:7077
nid01516: doing ssh -o StrictHostKeyChecking=no nid01516  cd /global/common/cori/software/spark/1.5.1/sbin/.. ; /usr/common/software/spark/1.5.1/sbin/start-slave.sh spark://nid00248:7077
nid01523: doing ssh -o StrictHostKeyChecking=no nid01523  cd /global/common/cori/software/spark/1.5.1/sbin/.. ; /usr/common/software/spark/1.5.1/sbin/start-slave.sh spark://nid00248:7077
nid01524: doing ssh -o StrictHostKeyChecking=no nid01524  cd /global/common/cori/software/spark/1.5.1/sbin/.. ; /usr/common/software/spark/1.5.1/sbin/start-slave.sh spark://nid00248:7077
nid01719: doing ssh -o StrictHostKeyChecking=no nid01719  cd /global/common/cori/software/spark/1.5.1/sbin/.. ; /usr/common/software/spark/1.5.1/sbin/start-slave.sh spark://nid00248:7077
nid01720: doing ssh -o StrictHostKeyChecking=no nid01720  cd /global/common/cori/software/spark/1.5.1/sbin/.. ; /usr/common/software/spark/1.5.1/sbin/start-slave.sh spark://nid00248:7077
nid01721: doing ssh -o StrictHostKeyChecking=no nid01721  cd /global/common/cori/software/spark/1.5.1/sbin/.. ; /usr/common/software/spark/1.5.1/sbin/start-slave.sh spark://nid00248:7077
nid01910: doing ssh -o StrictHostKeyChecking=no nid01910  cd /global/common/cori/software/spark/1.5.1/sbin/.. ; /usr/common/software/spark/1.5.1/sbin/start-slave.sh spark://nid00248:7077
nid01911: doing ssh -o StrictHostKeyChecking=no nid01911  cd /global/common/cori/software/spark/1.5.1/sbin/.. ; /usr/common/software/spark/1.5.1/sbin/start-slave.sh spark://nid00248:7077
nid01912: doing ssh -o StrictHostKeyChecking=no nid01912  cd /global/common/cori/software/spark/1.5.1/sbin/.. ; /usr/common/software/spark/1.5.1/sbin/start-slave.sh spark://nid00248:7077
nid01913: doing ssh -o StrictHostKeyChecking=no nid01913  cd /global/common/cori/software/spark/1.5.1/sbin/.. ; /usr/common/software/spark/1.5.1/sbin/start-slave.sh spark://nid00248:7077
nid00546: Warning: Permanently added '[nid00546]:204,[10.128.2.39]:204' (ECDSA) to the list of known hosts.
nid00546: starting org.apache.spark.deploy.worker.Worker, logging to /global/cscratch1/sd/qpzhang/spark/2249976/sparklogs/spark-qpzhang-org.apache.spark.deploy.worker.Worker-1-nid00248.out
nid00600: @@@@@@@@@@@@@@@@@@@@@@@@@@@@@@@@@@@@@@@@@@@@@@@@@@@@@@@@@@@
nid00600: @    WARNING: REMOTE HOST IDENTIFICATION HAS CHANGED!     @
nid00600: @@@@@@@@@@@@@@@@@@@@@@@@@@@@@@@@@@@@@@@@@@@@@@@@@@@@@@@@@@@
nid00600: IT IS POSSIBLE THAT SOMEONE IS DOING SOMETHING NASTY!
nid00600: Someone could be eavesdropping on you right now (man-in-the-middle attack)!
nid00600: It is also possible that a host key has just been changed.
nid00600: The fingerprint for the ECDSA key sent by the remote host is
nid00600: SHA256:dNGEjlCbBxwhd43N4ODCgd1DRUAi2y9jkFaZSnDe59k.
nid00600: Please contact your system administrator.
nid00600: Add correct host key in /global/homes/q/qpzhang/.ssh/known_hosts to get rid of this message.
nid00600: Offending ECDSA key in /global/homes/q/qpzhang/.ssh/known_hosts:471
nid00600: Password authentication is disabled to avoid man-in-the-middle attacks.
nid00600: Keyboard-interactive authentication is disabled to avoid man-in-the-middle attacks.
nid00600: starting org.apache.spark.deploy.worker.Worker, logging to /global/cscratch1/sd/qpzhang/spark/2249976/sparklogs/spark-qpzhang-org.apache.spark.deploy.worker.Worker-1-nid00248.out
nid00547: Warning: Permanently added '[nid00547]:204,[10.128.2.40]:204' (ECDSA) to the list of known hosts.
nid00547: starting org.apache.spark.deploy.worker.Worker, logging to /global/cscratch1/sd/qpzhang/spark/2249976/sparklogs/spark-qpzhang-org.apache.spark.deploy.worker.Worker-1-nid00248.out
nid00549: Warning: Permanently added '[nid00549]:204,[10.128.2.42]:204' (ECDSA) to the list of known hosts.
nid00549: starting org.apache.spark.deploy.worker.Worker, logging to /global/cscratch1/sd/qpzhang/spark/2249976/sparklogs/spark-qpzhang-org.apache.spark.deploy.worker.Worker-1-nid00248.out
nid00599: @@@@@@@@@@@@@@@@@@@@@@@@@@@@@@@@@@@@@@@@@@@@@@@@@@@@@@@@@@@
nid00599: @    WARNING: REMOTE HOST IDENTIFICATION HAS CHANGED!     @
nid00599: @@@@@@@@@@@@@@@@@@@@@@@@@@@@@@@@@@@@@@@@@@@@@@@@@@@@@@@@@@@
nid00599: IT IS POSSIBLE THAT SOMEONE IS DOING SOMETHING NASTY!
nid00599: Someone could be eavesdropping on you right now (man-in-the-middle attack)!
nid00599: It is also possible that a host key has just been changed.
nid00599: The fingerprint for the ECDSA key sent by the remote host is
nid00599: SHA256:AFhqPLBaJhBl4JUbupLQ5YryvY1FjhKou9D2KQOUqlk.
nid00599: Please contact your system administrator.
nid00599: Add correct host key in /global/homes/q/qpzhang/.ssh/known_hosts to get rid of this message.
nid00599: Offending ECDSA key in /global/homes/q/qpzhang/.ssh/known_hosts:628
nid00599: Password authentication is disabled to avoid man-in-the-middle attacks.
nid00599: Keyboard-interactive authentication is disabled to avoid man-in-the-middle attacks.
nid00599: mv: cannot stat `/global/cscratch1/sd/qpzhang/spark/2249976/sparklogs/spark-qpzhang-org.apache.spark.deploy.worker.Worker-1-nid00248.out': No such file or directory
nid00599: starting org.apache.spark.deploy.worker.Worker, logging to /global/cscratch1/sd/qpzhang/spark/2249976/sparklogs/spark-qpzhang-org.apache.spark.deploy.worker.Worker-1-nid00248.out
nid00548: @@@@@@@@@@@@@@@@@@@@@@@@@@@@@@@@@@@@@@@@@@@@@@@@@@@@@@@@@@@
nid00548: @    WARNING: REMOTE HOST IDENTIFICATION HAS CHANGED!     @
nid00548: @@@@@@@@@@@@@@@@@@@@@@@@@@@@@@@@@@@@@@@@@@@@@@@@@@@@@@@@@@@
nid00548: IT IS POSSIBLE THAT SOMEONE IS DOING SOMETHING NASTY!
nid00548: Someone could be eavesdropping on you right now (man-in-the-middle attack)!
nid00548: It is also possible that a host key has just been changed.
nid00548: The fingerprint for the ECDSA key sent by the remote host is
nid00548: SHA256:Jqtml/wu0DQWwU/msYO9cI35mCdbDWmUWiEnuaw/rU0.
nid00548: Please contact your system administrator.
nid00548: Add correct host key in /global/homes/q/qpzhang/.ssh/known_hosts to get rid of this message.
nid00548: Offending ECDSA key in /global/homes/q/qpzhang/.ssh/known_hosts:523
nid00548: Password authentication is disabled to avoid man-in-the-middle attacks.
nid00548: Keyboard-interactive authentication is disabled to avoid man-in-the-middle attacks.
nid00548: mv: cannot stat `/global/cscratch1/sd/qpzhang/spark/2249976/sparklogs/spark-qpzhang-org.apache.spark.deploy.worker.Worker-1-nid00248.out': No such file or directory
nid00548: starting org.apache.spark.deploy.worker.Worker, logging to /global/cscratch1/sd/qpzhang/spark/2249976/sparklogs/spark-qpzhang-org.apache.spark.deploy.worker.Worker-1-nid00248.out
nid01211: Warning: Permanently added '[nid01211]:204,[10.128.4.196]:204' (ECDSA) to the list of known hosts.
nid01211: starting org.apache.spark.deploy.worker.Worker, logging to /global/cscratch1/sd/qpzhang/spark/2249976/sparklogs/spark-qpzhang-org.apache.spark.deploy.worker.Worker-1-nid00248.out
nid00601: Warning: Permanently added '[nid00601]:204,[10.128.2.94]:204' (ECDSA) to the list of known hosts.
nid00601: starting org.apache.spark.deploy.worker.Worker, logging to /global/cscratch1/sd/qpzhang/spark/2249976/sparklogs/spark-qpzhang-org.apache.spark.deploy.worker.Worker-1-nid00248.out
nid00848: @@@@@@@@@@@@@@@@@@@@@@@@@@@@@@@@@@@@@@@@@@@@@@@@@@@@@@@@@@@
nid00848: @    WARNING: REMOTE HOST IDENTIFICATION HAS CHANGED!     @
nid00848: @@@@@@@@@@@@@@@@@@@@@@@@@@@@@@@@@@@@@@@@@@@@@@@@@@@@@@@@@@@
nid00848: IT IS POSSIBLE THAT SOMEONE IS DOING SOMETHING NASTY!
nid00848: Someone could be eavesdropping on you right now (man-in-the-middle attack)!
nid00848: It is also possible that a host key has just been changed.
nid00848: The fingerprint for the ECDSA key sent by the remote host is
nid00848: SHA256:ZlcwdVuFzZXRUcMwnQHrJFiBK81FE0WyQQ0OE9NWRsY.
nid00848: Please contact your system administrator.
nid00848: Add correct host key in /global/homes/q/qpzhang/.ssh/known_hosts to get rid of this message.
nid00848: Offending ECDSA key in /global/homes/q/qpzhang/.ssh/known_hosts:608
nid00848: Password authentication is disabled to avoid man-in-the-middle attacks.
nid00848: Keyboard-interactive authentication is disabled to avoid man-in-the-middle attacks.
nid00848: starting org.apache.spark.deploy.worker.Worker, logging to /global/cscratch1/sd/qpzhang/spark/2249976/sparklogs/spark-qpzhang-org.apache.spark.deploy.worker.Worker-1-nid00248.out
nid00831: @@@@@@@@@@@@@@@@@@@@@@@@@@@@@@@@@@@@@@@@@@@@@@@@@@@@@@@@@@@
nid00831: @    WARNING: REMOTE HOST IDENTIFICATION HAS CHANGED!     @
nid00831: @@@@@@@@@@@@@@@@@@@@@@@@@@@@@@@@@@@@@@@@@@@@@@@@@@@@@@@@@@@
nid00831: IT IS POSSIBLE THAT SOMEONE IS DOING SOMETHING NASTY!
nid00831: Someone could be eavesdropping on you right now (man-in-the-middle attack)!
nid00831: It is also possible that a host key has just been changed.
nid00831: The fingerprint for the ECDSA key sent by the remote host is
nid00831: SHA256:7fuTe2SzXEZj8R9D6NAtcW1y2Zl7RkOW2g2gGANclHQ.
nid00831: Please contact your system administrator.
nid00831: Add correct host key in /global/homes/q/qpzhang/.ssh/known_hosts to get rid of this message.
nid00831: Offending ECDSA key in /global/homes/q/qpzhang/.ssh/known_hosts:483
nid00831: Password authentication is disabled to avoid man-in-the-middle attacks.
nid00831: Keyboard-interactive authentication is disabled to avoid man-in-the-middle attacks.
nid00831: starting org.apache.spark.deploy.worker.Worker, logging to /global/cscratch1/sd/qpzhang/spark/2249976/sparklogs/spark-qpzhang-org.apache.spark.deploy.worker.Worker-1-nid00248.out
nid00693: Warning: Permanently added '[nid00693]:204,[10.128.2.186]:204' (ECDSA) to the list of known hosts.
nid00693: mv: cannot stat `/global/cscratch1/sd/qpzhang/spark/2249976/sparklogs/spark-qpzhang-org.apache.spark.deploy.worker.Worker-1-nid00248.out.1': No such file or directory
nid00693: starting org.apache.spark.deploy.worker.Worker, logging to /global/cscratch1/sd/qpzhang/spark/2249976/sparklogs/spark-qpzhang-org.apache.spark.deploy.worker.Worker-1-nid00248.out
nid00684: @@@@@@@@@@@@@@@@@@@@@@@@@@@@@@@@@@@@@@@@@@@@@@@@@@@@@@@@@@@
nid00684: @    WARNING: REMOTE HOST IDENTIFICATION HAS CHANGED!     @
nid00684: @@@@@@@@@@@@@@@@@@@@@@@@@@@@@@@@@@@@@@@@@@@@@@@@@@@@@@@@@@@
nid00684: IT IS POSSIBLE THAT SOMEONE IS DOING SOMETHING NASTY!
nid00684: Someone could be eavesdropping on you right now (man-in-the-middle attack)!
nid00684: It is also possible that a host key has just been changed.
nid00684: The fingerprint for the ECDSA key sent by the remote host is
nid00684: SHA256:VrxgWSfFNZF74cydITlhRrxlMJo11+zRRx4lLt5oRRY.
nid00684: Please contact your system administrator.
nid00684: Add correct host key in /global/homes/q/qpzhang/.ssh/known_hosts to get rid of this message.
nid00684: Offending ECDSA key in /global/homes/q/qpzhang/.ssh/known_hosts:998
nid00684: Password authentication is disabled to avoid man-in-the-middle attacks.
nid00684: Keyboard-interactive authentication is disabled to avoid man-in-the-middle attacks.
nid00684: starting org.apache.spark.deploy.worker.Worker, logging to /global/cscratch1/sd/qpzhang/spark/2249976/sparklogs/spark-qpzhang-org.apache.spark.deploy.worker.Worker-1-nid00248.out
nid01329: @@@@@@@@@@@@@@@@@@@@@@@@@@@@@@@@@@@@@@@@@@@@@@@@@@@@@@@@@@@
nid01329: @    WARNING: REMOTE HOST IDENTIFICATION HAS CHANGED!     @
nid01329: @@@@@@@@@@@@@@@@@@@@@@@@@@@@@@@@@@@@@@@@@@@@@@@@@@@@@@@@@@@
nid01329: IT IS POSSIBLE THAT SOMEONE IS DOING SOMETHING NASTY!
nid01329: Someone could be eavesdropping on you right now (man-in-the-middle attack)!
nid01329: It is also possible that a host key has just been changed.
nid01329: The fingerprint for the ECDSA key sent by the remote host is
nid01329: SHA256:uHk9Wj74FKS3EKut+uCvwyBswI2kwvCzzgJp2JWMVSs.
nid01329: Please contact your system administrator.
nid01329: Add correct host key in /global/homes/q/qpzhang/.ssh/known_hosts to get rid of this message.
nid01329: Offending ECDSA key in /global/homes/q/qpzhang/.ssh/known_hosts:787
nid01329: Password authentication is disabled to avoid man-in-the-middle attacks.
nid01329: Keyboard-interactive authentication is disabled to avoid man-in-the-middle attacks.
nid01329: starting org.apache.spark.deploy.worker.Worker, logging to /global/cscratch1/sd/qpzhang/spark/2249976/sparklogs/spark-qpzhang-org.apache.spark.deploy.worker.Worker-1-nid00248.out
nid00694: Warning: Permanently added '[nid00694]:204,[10.128.2.187]:204' (ECDSA) to the list of known hosts.
nid00694: mv: cannot move `/global/cscratch1/sd/qpzhang/spark/2249976/sparklogs/spark-qpzhang-org.apache.spark.deploy.worker.Worker-1-nid00248.out' to `/global/cscratch1/sd/qpzhang/spark/2249976/sparklogs/spark-qpzhang-org.apache.spark.deploy.worker.Worker-1-nid00248.out.1': No such file or directory
nid00694: starting org.apache.spark.deploy.worker.Worker, logging to /global/cscratch1/sd/qpzhang/spark/2249976/sparklogs/spark-qpzhang-org.apache.spark.deploy.worker.Worker-1-nid00248.out
nid01330: @@@@@@@@@@@@@@@@@@@@@@@@@@@@@@@@@@@@@@@@@@@@@@@@@@@@@@@@@@@
nid01330: @    WARNING: REMOTE HOST IDENTIFICATION HAS CHANGED!     @
nid01330: @@@@@@@@@@@@@@@@@@@@@@@@@@@@@@@@@@@@@@@@@@@@@@@@@@@@@@@@@@@
nid01330: IT IS POSSIBLE THAT SOMEONE IS DOING SOMETHING NASTY!
nid01330: Someone could be eavesdropping on you right now (man-in-the-middle attack)!
nid01330: It is also possible that a host key has just been changed.
nid01330: The fingerprint for the ECDSA key sent by the remote host is
nid01330: SHA256:4FMDVh4prDcouVES4aGMzlbOf+MxWpvj4L+tm/K3XnQ.
nid01330: Please contact your system administrator.
nid01330: Add correct host key in /global/homes/q/qpzhang/.ssh/known_hosts to get rid of this message.
nid01330: Offending ECDSA key in /global/homes/q/qpzhang/.ssh/known_hosts:788
nid01330: Password authentication is disabled to avoid man-in-the-middle attacks.
nid01330: Keyboard-interactive authentication is disabled to avoid man-in-the-middle attacks.
nid01330: mv: cannot stat `/global/cscratch1/sd/qpzhang/spark/2249976/sparklogs/spark-qpzhang-org.apache.spark.deploy.worker.Worker-1-nid00248.out.2': No such file or directory
nid01330: starting org.apache.spark.deploy.worker.Worker, logging to /global/cscratch1/sd/qpzhang/spark/2249976/sparklogs/spark-qpzhang-org.apache.spark.deploy.worker.Worker-1-nid00248.out
nid01402: Warning: Permanently added '[nid01402]:204,[10.128.5.133]:204' (ECDSA) to the list of known hosts.
nid01402: starting org.apache.spark.deploy.worker.Worker, logging to /global/cscratch1/sd/qpzhang/spark/2249976/sparklogs/spark-qpzhang-org.apache.spark.deploy.worker.Worker-1-nid00248.out
nid00683: @@@@@@@@@@@@@@@@@@@@@@@@@@@@@@@@@@@@@@@@@@@@@@@@@@@@@@@@@@@
nid00683: @    WARNING: REMOTE HOST IDENTIFICATION HAS CHANGED!     @
nid00683: @@@@@@@@@@@@@@@@@@@@@@@@@@@@@@@@@@@@@@@@@@@@@@@@@@@@@@@@@@@
nid00683: IT IS POSSIBLE THAT SOMEONE IS DOING SOMETHING NASTY!
nid00683: Someone could be eavesdropping on you right now (man-in-the-middle attack)!
nid00683: It is also possible that a host key has just been changed.
nid00683: The fingerprint for the ECDSA key sent by the remote host is
nid00683: SHA256:iaKWn8/vsB4Ko1WgQMi8BG/SSnCnjT5PQIyrDYzsZsk.
nid00683: Please contact your system administrator.
nid00683: Add correct host key in /global/homes/q/qpzhang/.ssh/known_hosts to get rid of this message.
nid00683: Offending ECDSA key in /global/homes/q/qpzhang/.ssh/known_hosts:996
nid00683: Password authentication is disabled to avoid man-in-the-middle attacks.
nid00683: Keyboard-interactive authentication is disabled to avoid man-in-the-middle attacks.
nid00683: mv: cannot stat `/global/cscratch1/sd/qpzhang/spark/2249976/sparklogs/spark-qpzhang-org.apache.spark.deploy.worker.Worker-1-nid00248.out.3': No such file or directory
nid00683: mv: cannot stat `/global/cscratch1/sd/qpzhang/spark/2249976/sparklogs/spark-qpzhang-org.apache.spark.deploy.worker.Worker-1-nid00248.out.2': No such file or directory
nid00683: mv: cannot stat `/global/cscratch1/sd/qpzhang/spark/2249976/sparklogs/spark-qpzhang-org.apache.spark.deploy.worker.Worker-1-nid00248.out.1': No such file or directory
nid00683: mv: cannot stat `/global/cscratch1/sd/qpzhang/spark/2249976/sparklogs/spark-qpzhang-org.apache.spark.deploy.worker.Worker-1-nid00248.out': No such file or directory
nid00683: starting org.apache.spark.deploy.worker.Worker, logging to /global/cscratch1/sd/qpzhang/spark/2249976/sparklogs/spark-qpzhang-org.apache.spark.deploy.worker.Worker-1-nid00248.out
nid01445: @@@@@@@@@@@@@@@@@@@@@@@@@@@@@@@@@@@@@@@@@@@@@@@@@@@@@@@@@@@
nid01445: @    WARNING: REMOTE HOST IDENTIFICATION HAS CHANGED!     @
nid01445: @@@@@@@@@@@@@@@@@@@@@@@@@@@@@@@@@@@@@@@@@@@@@@@@@@@@@@@@@@@
nid01445: IT IS POSSIBLE THAT SOMEONE IS DOING SOMETHING NASTY!
nid01445: Someone could be eavesdropping on you right now (man-in-the-middle attack)!
nid01445: It is also possible that a host key has just been changed.
nid01445: The fingerprint for the ECDSA key sent by the remote host is
nid01445: SHA256:r9ouP+ztoxRDS1tDmRnH0qOP6Qx5cII8h1T7dzAepOs.
nid01445: Please contact your system administrator.
nid01445: Add correct host key in /global/homes/q/qpzhang/.ssh/known_hosts to get rid of this message.
nid01445: Offending ECDSA key in /global/homes/q/qpzhang/.ssh/known_hosts:923
nid01445: Password authentication is disabled to avoid man-in-the-middle attacks.
nid01445: Keyboard-interactive authentication is disabled to avoid man-in-the-middle attacks.
nid01445: starting org.apache.spark.deploy.worker.Worker, logging to /global/cscratch1/sd/qpzhang/spark/2249976/sparklogs/spark-qpzhang-org.apache.spark.deploy.worker.Worker-1-nid00248.out
nid01312: @@@@@@@@@@@@@@@@@@@@@@@@@@@@@@@@@@@@@@@@@@@@@@@@@@@@@@@@@@@
nid01312: @    WARNING: REMOTE HOST IDENTIFICATION HAS CHANGED!     @
nid01312: @@@@@@@@@@@@@@@@@@@@@@@@@@@@@@@@@@@@@@@@@@@@@@@@@@@@@@@@@@@
nid01312: IT IS POSSIBLE THAT SOMEONE IS DOING SOMETHING NASTY!
nid01312: Someone could be eavesdropping on you right now (man-in-the-middle attack)!
nid01312: It is also possible that a host key has just been changed.
nid01312: The fingerprint for the ECDSA key sent by the remote host is
nid01312: SHA256:z3zi24LVFKMn0dneoDYX4bG9iXviL6JKd6R70DUBEMg.
nid01312: Please contact your system administrator.
nid01312: Add correct host key in /global/homes/q/qpzhang/.ssh/known_hosts to get rid of this message.
nid01312: Offending ECDSA key in /global/homes/q/qpzhang/.ssh/known_hosts:421
nid01312: Password authentication is disabled to avoid man-in-the-middle attacks.
nid01312: Keyboard-interactive authentication is disabled to avoid man-in-the-middle attacks.
nid01312: mv: cannot stat `/global/cscratch1/sd/qpzhang/spark/2249976/sparklogs/spark-qpzhang-org.apache.spark.deploy.worker.Worker-1-nid00248.out.4': No such file or directory
nid01312: mv: cannot move `/global/cscratch1/sd/qpzhang/spark/2249976/sparklogs/spark-qpzhang-org.apache.spark.deploy.worker.Worker-1-nid00248.out.3' to `/global/cscratch1/sd/qpzhang/spark/2249976/sparklogs/spark-qpzhang-org.apache.spark.deploy.worker.Worker-1-nid00248.out.4': No such file or directory
nid01312: mv: cannot move `/global/cscratch1/sd/qpzhang/spark/2249976/sparklogs/spark-qpzhang-org.apache.spark.deploy.worker.Worker-1-nid00248.out.2' to `/global/cscratch1/sd/qpzhang/spark/2249976/sparklogs/spark-qpzhang-org.apache.spark.deploy.worker.Worker-1-nid00248.out.3': No such file or directory
nid01312: starting org.apache.spark.deploy.worker.Worker, logging to /global/cscratch1/sd/qpzhang/spark/2249976/sparklogs/spark-qpzhang-org.apache.spark.deploy.worker.Worker-1-nid00248.out
nid01403: @@@@@@@@@@@@@@@@@@@@@@@@@@@@@@@@@@@@@@@@@@@@@@@@@@@@@@@@@@@
nid01403: @    WARNING: REMOTE HOST IDENTIFICATION HAS CHANGED!     @
nid01403: @@@@@@@@@@@@@@@@@@@@@@@@@@@@@@@@@@@@@@@@@@@@@@@@@@@@@@@@@@@
nid01403: IT IS POSSIBLE THAT SOMEONE IS DOING SOMETHING NASTY!
nid01403: Someone could be eavesdropping on you right now (man-in-the-middle attack)!
nid01403: It is also possible that a host key has just been changed.
nid01403: The fingerprint for the ECDSA key sent by the remote host is
nid01403: SHA256:YniUMX8fVYgwJoOvMlbL4seE66bOqTBhRKSbDMYu/LE.
nid01403: Please contact your system administrator.
nid01403: Add correct host key in /global/homes/q/qpzhang/.ssh/known_hosts to get rid of this message.
nid01403: Offending ECDSA key in /global/homes/q/qpzhang/.ssh/known_hosts:905
nid01403: Password authentication is disabled to avoid man-in-the-middle attacks.
nid01403: Keyboard-interactive authentication is disabled to avoid man-in-the-middle attacks.
nid01403: mv: cannot stat `/global/cscratch1/sd/qpzhang/spark/2249976/sparklogs/spark-qpzhang-org.apache.spark.deploy.worker.Worker-1-nid00248.out.3': No such file or directory
nid01403: mv: cannot stat `/global/cscratch1/sd/qpzhang/spark/2249976/sparklogs/spark-qpzhang-org.apache.spark.deploy.worker.Worker-1-nid00248.out.1': No such file or directory
nid01403: mv: cannot stat `/global/cscratch1/sd/qpzhang/spark/2249976/sparklogs/spark-qpzhang-org.apache.spark.deploy.worker.Worker-1-nid00248.out': No such file or directory
nid01403: starting org.apache.spark.deploy.worker.Worker, logging to /global/cscratch1/sd/qpzhang/spark/2249976/sparklogs/spark-qpzhang-org.apache.spark.deploy.worker.Worker-1-nid00248.out
nid00849: @@@@@@@@@@@@@@@@@@@@@@@@@@@@@@@@@@@@@@@@@@@@@@@@@@@@@@@@@@@
nid00849: @    WARNING: REMOTE HOST IDENTIFICATION HAS CHANGED!     @
nid00849: @@@@@@@@@@@@@@@@@@@@@@@@@@@@@@@@@@@@@@@@@@@@@@@@@@@@@@@@@@@
nid00849: IT IS POSSIBLE THAT SOMEONE IS DOING SOMETHING NASTY!
nid00849: Someone could be eavesdropping on you right now (man-in-the-middle attack)!
nid00849: It is also possible that a host key has just been changed.
nid00849: The fingerprint for the ECDSA key sent by the remote host is
nid00849: SHA256:bX4PR8MghK+gAFRq55zhwcQ8oi4tYo0M3uR5fQFSqVc.
nid00849: Please contact your system administrator.
nid00849: Add correct host key in /global/homes/q/qpzhang/.ssh/known_hosts to get rid of this message.
nid00849: Offending ECDSA key in /global/homes/q/qpzhang/.ssh/known_hosts:609
nid00849: Password authentication is disabled to avoid man-in-the-middle attacks.
nid00849: Keyboard-interactive authentication is disabled to avoid man-in-the-middle attacks.
nid00849: mv: cannot stat `/global/cscratch1/sd/qpzhang/spark/2249976/sparklogs/spark-qpzhang-org.apache.spark.deploy.worker.Worker-1-nid00248.out.4': No such file or directory
nid00849: mv: cannot move `/global/cscratch1/sd/qpzhang/spark/2249976/sparklogs/spark-qpzhang-org.apache.spark.deploy.worker.Worker-1-nid00248.out.2' to `/global/cscratch1/sd/qpzhang/spark/2249976/sparklogs/spark-qpzhang-org.apache.spark.deploy.worker.Worker-1-nid00248.out.3': No such file or directory
nid00849: mv: cannot stat `/global/cscratch1/sd/qpzhang/spark/2249976/sparklogs/spark-qpzhang-org.apache.spark.deploy.worker.Worker-1-nid00248.out': No such file or directory
nid00849: starting org.apache.spark.deploy.worker.Worker, logging to /global/cscratch1/sd/qpzhang/spark/2249976/sparklogs/spark-qpzhang-org.apache.spark.deploy.worker.Worker-1-nid00248.out
nid01911: @@@@@@@@@@@@@@@@@@@@@@@@@@@@@@@@@@@@@@@@@@@@@@@@@@@@@@@@@@@
nid01911: @    WARNING: REMOTE HOST IDENTIFICATION HAS CHANGED!     @
nid01911: @@@@@@@@@@@@@@@@@@@@@@@@@@@@@@@@@@@@@@@@@@@@@@@@@@@@@@@@@@@
nid01911: IT IS POSSIBLE THAT SOMEONE IS DOING SOMETHING NASTY!
nid01911: Someone could be eavesdropping on you right now (man-in-the-middle attack)!
nid01911: It is also possible that a host key has just been changed.
nid01911: The fingerprint for the ECDSA key sent by the remote host is
nid01911: SHA256:UfrhI+H8AZtX75ZxGAftHBdti5NlWVPKNsvfpHGqj4U.
nid01911: Please contact your system administrator.
nid01911: Add correct host key in /global/homes/q/qpzhang/.ssh/known_hosts to get rid of this message.
nid01911: Offending ECDSA key in /global/homes/q/qpzhang/.ssh/known_hosts:593
nid01911: Password authentication is disabled to avoid man-in-the-middle attacks.
nid01911: Keyboard-interactive authentication is disabled to avoid man-in-the-middle attacks.
nid01911: starting org.apache.spark.deploy.worker.Worker, logging to /global/cscratch1/sd/qpzhang/spark/2249976/sparklogs/spark-qpzhang-org.apache.spark.deploy.worker.Worker-1-nid00248.out
nid01212: Warning: Permanently added '[nid01212]:204,[10.128.4.197]:204' (ECDSA) to the list of known hosts.
nid01212: mv: cannot move `/global/cscratch1/sd/qpzhang/spark/2249976/sparklogs/spark-qpzhang-org.apache.spark.deploy.worker.Worker-1-nid00248.out.1' to `/global/cscratch1/sd/qpzhang/spark/2249976/sparklogs/spark-qpzhang-org.apache.spark.deploy.worker.Worker-1-nid00248.out.2': No such file or directory
nid01212: mv: cannot stat `/global/cscratch1/sd/qpzhang/spark/2249976/sparklogs/spark-qpzhang-org.apache.spark.deploy.worker.Worker-1-nid00248.out': No such file or directory
nid01212: starting org.apache.spark.deploy.worker.Worker, logging to /global/cscratch1/sd/qpzhang/spark/2249976/sparklogs/spark-qpzhang-org.apache.spark.deploy.worker.Worker-1-nid00248.out
nid01401: Warning: Permanently added '[nid01401]:204,[10.128.5.132]:204' (ECDSA) to the list of known hosts.
nid01401: mv: `/global/cscratch1/sd/qpzhang/spark/2249976/sparklogs/spark-qpzhang-org.apache.spark.deploy.worker.Worker-1-nid00248.out.3' and `/global/cscratch1/sd/qpzhang/spark/2249976/sparklogs/spark-qpzhang-org.apache.spark.deploy.worker.Worker-1-nid00248.out.4' are the same file
nid01401: mv: `/global/cscratch1/sd/qpzhang/spark/2249976/sparklogs/spark-qpzhang-org.apache.spark.deploy.worker.Worker-1-nid00248.out.1' and `/global/cscratch1/sd/qpzhang/spark/2249976/sparklogs/spark-qpzhang-org.apache.spark.deploy.worker.Worker-1-nid00248.out.2' are the same file
nid01401: starting org.apache.spark.deploy.worker.Worker, logging to /global/cscratch1/sd/qpzhang/spark/2249976/sparklogs/spark-qpzhang-org.apache.spark.deploy.worker.Worker-1-nid00248.out
nid01523: @@@@@@@@@@@@@@@@@@@@@@@@@@@@@@@@@@@@@@@@@@@@@@@@@@@@@@@@@@@
nid01523: @    WARNING: REMOTE HOST IDENTIFICATION HAS CHANGED!     @
nid01523: @@@@@@@@@@@@@@@@@@@@@@@@@@@@@@@@@@@@@@@@@@@@@@@@@@@@@@@@@@@
nid01523: IT IS POSSIBLE THAT SOMEONE IS DOING SOMETHING NASTY!
nid01523: Someone could be eavesdropping on you right now (man-in-the-middle attack)!
nid01523: It is also possible that a host key has just been changed.
nid01523: The fingerprint for the ECDSA key sent by the remote host is
nid01523: SHA256:Yc0E1Q48PciPTZJF7Gdl5bPhiSnH9fHjVcr0MRQTsJE.
nid01523: Please contact your system administrator.
nid01523: Add correct host key in /global/homes/q/qpzhang/.ssh/known_hosts to get rid of this message.
nid01523: Offending ECDSA key in /global/homes/q/qpzhang/.ssh/known_hosts:697
nid01523: Password authentication is disabled to avoid man-in-the-middle attacks.
nid01523: Keyboard-interactive authentication is disabled to avoid man-in-the-middle attacks.
nid01523: mv: cannot stat `/global/cscratch1/sd/qpzhang/spark/2249976/sparklogs/spark-qpzhang-org.apache.spark.deploy.worker.Worker-1-nid00248.out.3': No such file or directory
nid01523: mv: cannot stat `/global/cscratch1/sd/qpzhang/spark/2249976/sparklogs/spark-qpzhang-org.apache.spark.deploy.worker.Worker-1-nid00248.out.2': No such file or directory
nid01523: mv: cannot move `/global/cscratch1/sd/qpzhang/spark/2249976/sparklogs/spark-qpzhang-org.apache.spark.deploy.worker.Worker-1-nid00248.out' to `/global/cscratch1/sd/qpzhang/spark/2249976/sparklogs/spark-qpzhang-org.apache.spark.deploy.worker.Worker-1-nid00248.out.1': No such file or directory
nid01523: starting org.apache.spark.deploy.worker.Worker, logging to /global/cscratch1/sd/qpzhang/spark/2249976/sparklogs/spark-qpzhang-org.apache.spark.deploy.worker.Worker-1-nid00248.out
nid01447: @@@@@@@@@@@@@@@@@@@@@@@@@@@@@@@@@@@@@@@@@@@@@@@@@@@@@@@@@@@
nid01447: @    WARNING: REMOTE HOST IDENTIFICATION HAS CHANGED!     @
nid01447: @@@@@@@@@@@@@@@@@@@@@@@@@@@@@@@@@@@@@@@@@@@@@@@@@@@@@@@@@@@
nid01447: IT IS POSSIBLE THAT SOMEONE IS DOING SOMETHING NASTY!
nid01447: Someone could be eavesdropping on you right now (man-in-the-middle attack)!
nid01447: It is also possible that a host key has just been changed.
nid01447: The fingerprint for the ECDSA key sent by the remote host is
nid01447: SHA256:r6eRgjNpkVi4YdcxIVjIpGvNMcnItl8aNP/y23M05Ls.
nid01447: Please contact your system administrator.
nid01447: Add correct host key in /global/homes/q/qpzhang/.ssh/known_hosts to get rid of this message.
nid01447: Offending ECDSA key in /global/homes/q/qpzhang/.ssh/known_hosts:474
nid01447: Password authentication is disabled to avoid man-in-the-middle attacks.
nid01447: Keyboard-interactive authentication is disabled to avoid man-in-the-middle attacks.
nid01447: mv: cannot stat `/global/cscratch1/sd/qpzhang/spark/2249976/sparklogs/spark-qpzhang-org.apache.spark.deploy.worker.Worker-1-nid00248.out.3': No such file or directory
nid01447: mv: cannot move `/global/cscratch1/sd/qpzhang/spark/2249976/sparklogs/spark-qpzhang-org.apache.spark.deploy.worker.Worker-1-nid00248.out.2' to `/global/cscratch1/sd/qpzhang/spark/2249976/sparklogs/spark-qpzhang-org.apache.spark.deploy.worker.Worker-1-nid00248.out.3': No such file or directory
nid01447: mv: cannot stat `/global/cscratch1/sd/qpzhang/spark/2249976/sparklogs/spark-qpzhang-org.apache.spark.deploy.worker.Worker-1-nid00248.out.1': No such file or directory
nid01447: mv: cannot stat `/global/cscratch1/sd/qpzhang/spark/2249976/sparklogs/spark-qpzhang-org.apache.spark.deploy.worker.Worker-1-nid00248.out': No such file or directory
nid01447: starting org.apache.spark.deploy.worker.Worker, logging to /global/cscratch1/sd/qpzhang/spark/2249976/sparklogs/spark-qpzhang-org.apache.spark.deploy.worker.Worker-1-nid00248.out
nid01400: Warning: Permanently added '[nid01400]:204,[10.128.5.131]:204' (ECDSA) to the list of known hosts.
nid01400: mv: cannot stat `/global/cscratch1/sd/qpzhang/spark/2249976/sparklogs/spark-qpzhang-org.apache.spark.deploy.worker.Worker-1-nid00248.out.4': No such file or directory
nid01400: mv: cannot move `/global/cscratch1/sd/qpzhang/spark/2249976/sparklogs/spark-qpzhang-org.apache.spark.deploy.worker.Worker-1-nid00248.out.2' to `/global/cscratch1/sd/qpzhang/spark/2249976/sparklogs/spark-qpzhang-org.apache.spark.deploy.worker.Worker-1-nid00248.out.3': No such file or directory
nid01400: mv: cannot stat `/global/cscratch1/sd/qpzhang/spark/2249976/sparklogs/spark-qpzhang-org.apache.spark.deploy.worker.Worker-1-nid00248.out.1': No such file or directory
nid01400: mv: cannot stat `/global/cscratch1/sd/qpzhang/spark/2249976/sparklogs/spark-qpzhang-org.apache.spark.deploy.worker.Worker-1-nid00248.out': No such file or directory
nid01400: starting org.apache.spark.deploy.worker.Worker, logging to /global/cscratch1/sd/qpzhang/spark/2249976/sparklogs/spark-qpzhang-org.apache.spark.deploy.worker.Worker-1-nid00248.out
nid01446: @@@@@@@@@@@@@@@@@@@@@@@@@@@@@@@@@@@@@@@@@@@@@@@@@@@@@@@@@@@
nid01446: @    WARNING: REMOTE HOST IDENTIFICATION HAS CHANGED!     @
nid01446: @@@@@@@@@@@@@@@@@@@@@@@@@@@@@@@@@@@@@@@@@@@@@@@@@@@@@@@@@@@
nid01446: IT IS POSSIBLE THAT SOMEONE IS DOING SOMETHING NASTY!
nid01446: Someone could be eavesdropping on you right now (man-in-the-middle attack)!
nid01446: It is also possible that a host key has just been changed.
nid01446: The fingerprint for the ECDSA key sent by the remote host is
nid01446: SHA256:bGT7UdeETVG7MldIHYDXdJNB2gCC7M5186suGM8wByg.
nid01446: Please contact your system administrator.
nid01446: Add correct host key in /global/homes/q/qpzhang/.ssh/known_hosts to get rid of this message.
nid01446: Offending ECDSA key in /global/homes/q/qpzhang/.ssh/known_hosts:924
nid01446: Password authentication is disabled to avoid man-in-the-middle attacks.
nid01446: Keyboard-interactive authentication is disabled to avoid man-in-the-middle attacks.
nid01446: mv: cannot stat `/global/cscratch1/sd/qpzhang/spark/2249976/sparklogs/spark-qpzhang-org.apache.spark.deploy.worker.Worker-1-nid00248.out.2': No such file or directory
nid01446: mv: cannot stat `/global/cscratch1/sd/qpzhang/spark/2249976/sparklogs/spark-qpzhang-org.apache.spark.deploy.worker.Worker-1-nid00248.out.1': No such file or directory
nid01446: mv: cannot stat `/global/cscratch1/sd/qpzhang/spark/2249976/sparklogs/spark-qpzhang-org.apache.spark.deploy.worker.Worker-1-nid00248.out': No such file or directory
nid01446: starting org.apache.spark.deploy.worker.Worker, logging to /global/cscratch1/sd/qpzhang/spark/2249976/sparklogs/spark-qpzhang-org.apache.spark.deploy.worker.Worker-1-nid00248.out
nid01524: @@@@@@@@@@@@@@@@@@@@@@@@@@@@@@@@@@@@@@@@@@@@@@@@@@@@@@@@@@@
nid01524: @    WARNING: REMOTE HOST IDENTIFICATION HAS CHANGED!     @
nid01524: @@@@@@@@@@@@@@@@@@@@@@@@@@@@@@@@@@@@@@@@@@@@@@@@@@@@@@@@@@@
nid01524: IT IS POSSIBLE THAT SOMEONE IS DOING SOMETHING NASTY!
nid01524: Someone could be eavesdropping on you right now (man-in-the-middle attack)!
nid01524: It is also possible that a host key has just been changed.
nid01524: The fingerprint for the ECDSA key sent by the remote host is
nid01524: SHA256:HdfbUwtlEmdte4O70QAoBnw8Snp2XHA2TlInRUR158s.
nid01524: Please contact your system administrator.
nid01524: Add correct host key in /global/homes/q/qpzhang/.ssh/known_hosts to get rid of this message.
nid01524: Offending ECDSA key in /global/homes/q/qpzhang/.ssh/known_hosts:698
nid01524: Password authentication is disabled to avoid man-in-the-middle attacks.
nid01524: Keyboard-interactive authentication is disabled to avoid man-in-the-middle attacks.
nid01524: mv: cannot stat `/global/cscratch1/sd/qpzhang/spark/2249976/sparklogs/spark-qpzhang-org.apache.spark.deploy.worker.Worker-1-nid00248.out.2': No such file or directory
nid01524: mv: cannot stat `/global/cscratch1/sd/qpzhang/spark/2249976/sparklogs/spark-qpzhang-org.apache.spark.deploy.worker.Worker-1-nid00248.out.1': No such file or directory
nid01524: starting org.apache.spark.deploy.worker.Worker, logging to /global/cscratch1/sd/qpzhang/spark/2249976/sparklogs/spark-qpzhang-org.apache.spark.deploy.worker.Worker-1-nid00248.out
nid01515: @@@@@@@@@@@@@@@@@@@@@@@@@@@@@@@@@@@@@@@@@@@@@@@@@@@@@@@@@@@
nid01515: @    WARNING: REMOTE HOST IDENTIFICATION HAS CHANGED!     @
nid01515: @@@@@@@@@@@@@@@@@@@@@@@@@@@@@@@@@@@@@@@@@@@@@@@@@@@@@@@@@@@
nid01515: IT IS POSSIBLE THAT SOMEONE IS DOING SOMETHING NASTY!
nid01515: Someone could be eavesdropping on you right now (man-in-the-middle attack)!
nid01515: It is also possible that a host key has just been changed.
nid01515: The fingerprint for the ECDSA key sent by the remote host is
nid01515: SHA256:PgGQPZrkjTxfAfBu8NH/niRTcaorXl7h+N0FyP2zRrA.
nid01515: Please contact your system administrator.
nid01515: Add correct host key in /global/homes/q/qpzhang/.ssh/known_hosts to get rid of this message.
nid01515: Offending ECDSA key in /global/homes/q/qpzhang/.ssh/known_hosts:480
nid01515: Password authentication is disabled to avoid man-in-the-middle attacks.
nid01515: Keyboard-interactive authentication is disabled to avoid man-in-the-middle attacks.
nid01515: mv: cannot stat `/global/cscratch1/sd/qpzhang/spark/2249976/sparklogs/spark-qpzhang-org.apache.spark.deploy.worker.Worker-1-nid00248.out.4': No such file or directory
nid01515: mv: cannot stat `/global/cscratch1/sd/qpzhang/spark/2249976/sparklogs/spark-qpzhang-org.apache.spark.deploy.worker.Worker-1-nid00248.out.3': No such file or directory
nid01515: mv: cannot move `/global/cscratch1/sd/qpzhang/spark/2249976/sparklogs/spark-qpzhang-org.apache.spark.deploy.worker.Worker-1-nid00248.out.2' to `/global/cscratch1/sd/qpzhang/spark/2249976/sparklogs/spark-qpzhang-org.apache.spark.deploy.worker.Worker-1-nid00248.out.3': No such file or directory
nid01515: mv: cannot move `/global/cscratch1/sd/qpzhang/spark/2249976/sparklogs/spark-qpzhang-org.apache.spark.deploy.worker.Worker-1-nid00248.out.1' to `/global/cscratch1/sd/qpzhang/spark/2249976/sparklogs/spark-qpzhang-org.apache.spark.deploy.worker.Worker-1-nid00248.out.2': No such file or directory
nid01515: starting org.apache.spark.deploy.worker.Worker, logging to /global/cscratch1/sd/qpzhang/spark/2249976/sparklogs/spark-qpzhang-org.apache.spark.deploy.worker.Worker-1-nid00248.out
nid01516: @@@@@@@@@@@@@@@@@@@@@@@@@@@@@@@@@@@@@@@@@@@@@@@@@@@@@@@@@@@
nid01516: @    WARNING: REMOTE HOST IDENTIFICATION HAS CHANGED!     @
nid01516: @@@@@@@@@@@@@@@@@@@@@@@@@@@@@@@@@@@@@@@@@@@@@@@@@@@@@@@@@@@
nid01516: IT IS POSSIBLE THAT SOMEONE IS DOING SOMETHING NASTY!
nid01516: Someone could be eavesdropping on you right now (man-in-the-middle attack)!
nid01516: It is also possible that a host key has just been changed.
nid01516: The fingerprint for the ECDSA key sent by the remote host is
nid01516: SHA256:b0HSlJj6alMDj4wx/eWngZ710pWPadKkuv6EGjQwdY4.
nid01516: Please contact your system administrator.
nid01516: Add correct host key in /global/homes/q/qpzhang/.ssh/known_hosts to get rid of this message.
nid01516: Offending ECDSA key in /global/homes/q/qpzhang/.ssh/known_hosts:971
nid01516: Password authentication is disabled to avoid man-in-the-middle attacks.
nid01516: Keyboard-interactive authentication is disabled to avoid man-in-the-middle attacks.
nid01516: mv: cannot stat `/global/cscratch1/sd/qpzhang/spark/2249976/sparklogs/spark-qpzhang-org.apache.spark.deploy.worker.Worker-1-nid00248.out.2': No such file or directory
nid01516: mv: cannot stat `/global/cscratch1/sd/qpzhang/spark/2249976/sparklogs/spark-qpzhang-org.apache.spark.deploy.worker.Worker-1-nid00248.out.1': No such file or directory
nid01516: mv: cannot stat `/global/cscratch1/sd/qpzhang/spark/2249976/sparklogs/spark-qpzhang-org.apache.spark.deploy.worker.Worker-1-nid00248.out': No such file or directory
nid01516: starting org.apache.spark.deploy.worker.Worker, logging to /global/cscratch1/sd/qpzhang/spark/2249976/sparklogs/spark-qpzhang-org.apache.spark.deploy.worker.Worker-1-nid00248.out
nid01910: @@@@@@@@@@@@@@@@@@@@@@@@@@@@@@@@@@@@@@@@@@@@@@@@@@@@@@@@@@@
nid01910: @    WARNING: REMOTE HOST IDENTIFICATION HAS CHANGED!     @
nid01910: @@@@@@@@@@@@@@@@@@@@@@@@@@@@@@@@@@@@@@@@@@@@@@@@@@@@@@@@@@@
nid01910: IT IS POSSIBLE THAT SOMEONE IS DOING SOMETHING NASTY!
nid01910: Someone could be eavesdropping on you right now (man-in-the-middle attack)!
nid01910: It is also possible that a host key has just been changed.
nid01910: The fingerprint for the ECDSA key sent by the remote host is
nid01910: SHA256:4o3NZ60gZ1HeyncVTLaHeVevRr9hfJvOaXFcZZb+6+A.
nid01910: Please contact your system administrator.
nid01910: Add correct host key in /global/homes/q/qpzhang/.ssh/known_hosts to get rid of this message.
nid01910: Offending ECDSA key in /global/homes/q/qpzhang/.ssh/known_hosts:595
nid01910: Password authentication is disabled to avoid man-in-the-middle attacks.
nid01910: Keyboard-interactive authentication is disabled to avoid man-in-the-middle attacks.
nid01910: starting org.apache.spark.deploy.worker.Worker, logging to /global/cscratch1/sd/qpzhang/spark/2249976/sparklogs/spark-qpzhang-org.apache.spark.deploy.worker.Worker-1-nid00248.out
nid01448: @@@@@@@@@@@@@@@@@@@@@@@@@@@@@@@@@@@@@@@@@@@@@@@@@@@@@@@@@@@
nid01448: @    WARNING: REMOTE HOST IDENTIFICATION HAS CHANGED!     @
nid01448: @@@@@@@@@@@@@@@@@@@@@@@@@@@@@@@@@@@@@@@@@@@@@@@@@@@@@@@@@@@
nid01448: IT IS POSSIBLE THAT SOMEONE IS DOING SOMETHING NASTY!
nid01448: Someone could be eavesdropping on you right now (man-in-the-middle attack)!
nid01448: It is also possible that a host key has just been changed.
nid01448: The fingerprint for the ECDSA key sent by the remote host is
nid01448: SHA256:RerCp3FzV7W9Ytc/Xaift4r2xmV2+kXUX4W6IjEe1Ms.
nid01448: Please contact your system administrator.
nid01448: Add correct host key in /global/homes/q/qpzhang/.ssh/known_hosts to get rid of this message.
nid01448: Offending ECDSA key in /global/homes/q/qpzhang/.ssh/known_hosts:925
nid01448: Password authentication is disabled to avoid man-in-the-middle attacks.
nid01448: Keyboard-interactive authentication is disabled to avoid man-in-the-middle attacks.
nid01448: mv: `/global/cscratch1/sd/qpzhang/spark/2249976/sparklogs/spark-qpzhang-org.apache.spark.deploy.worker.Worker-1-nid00248.out' and `/global/cscratch1/sd/qpzhang/spark/2249976/sparklogs/spark-qpzhang-org.apache.spark.deploy.worker.Worker-1-nid00248.out.1' are the same file
nid01448: starting org.apache.spark.deploy.worker.Worker, logging to /global/cscratch1/sd/qpzhang/spark/2249976/sparklogs/spark-qpzhang-org.apache.spark.deploy.worker.Worker-1-nid00248.out
nid01913: @@@@@@@@@@@@@@@@@@@@@@@@@@@@@@@@@@@@@@@@@@@@@@@@@@@@@@@@@@@
nid01913: @    WARNING: REMOTE HOST IDENTIFICATION HAS CHANGED!     @
nid01913: @@@@@@@@@@@@@@@@@@@@@@@@@@@@@@@@@@@@@@@@@@@@@@@@@@@@@@@@@@@
nid01913: IT IS POSSIBLE THAT SOMEONE IS DOING SOMETHING NASTY!
nid01913: Someone could be eavesdropping on you right now (man-in-the-middle attack)!
nid01913: It is also possible that a host key has just been changed.
nid01913: The fingerprint for the ECDSA key sent by the remote host is
nid01913: SHA256:6/JssaIojUCwuiDQNViPW1LjT5hQzqLsboqL3EVI3rE.
nid01913: Please contact your system administrator.
nid01913: Add correct host key in /global/homes/q/qpzhang/.ssh/known_hosts to get rid of this message.
nid01913: Offending ECDSA key in /global/homes/q/qpzhang/.ssh/known_hosts:596
nid01913: Password authentication is disabled to avoid man-in-the-middle attacks.
nid01913: Keyboard-interactive authentication is disabled to avoid man-in-the-middle attacks.
nid01913: starting org.apache.spark.deploy.worker.Worker, logging to /global/cscratch1/sd/qpzhang/spark/2249976/sparklogs/spark-qpzhang-org.apache.spark.deploy.worker.Worker-1-nid00248.out
nid01912: @@@@@@@@@@@@@@@@@@@@@@@@@@@@@@@@@@@@@@@@@@@@@@@@@@@@@@@@@@@
nid01912: @    WARNING: REMOTE HOST IDENTIFICATION HAS CHANGED!     @
nid01912: @@@@@@@@@@@@@@@@@@@@@@@@@@@@@@@@@@@@@@@@@@@@@@@@@@@@@@@@@@@
nid01912: IT IS POSSIBLE THAT SOMEONE IS DOING SOMETHING NASTY!
nid01912: Someone could be eavesdropping on you right now (man-in-the-middle attack)!
nid01912: It is also possible that a host key has just been changed.
nid01912: The fingerprint for the ECDSA key sent by the remote host is
nid01912: SHA256:5UeIjsNxfOnAP9VIKaywnnGtXFhi0MN2pI5HSdep5p4.
nid01912: Please contact your system administrator.
nid01912: Add correct host key in /global/homes/q/qpzhang/.ssh/known_hosts to get rid of this message.
nid01912: Offending ECDSA key in /global/homes/q/qpzhang/.ssh/known_hosts:594
nid01912: Password authentication is disabled to avoid man-in-the-middle attacks.
nid01912: Keyboard-interactive authentication is disabled to avoid man-in-the-middle attacks.
nid01912: mv: cannot stat `/global/cscratch1/sd/qpzhang/spark/2249976/sparklogs/spark-qpzhang-org.apache.spark.deploy.worker.Worker-1-nid00248.out.4': No such file or directory
nid01912: mv: cannot stat `/global/cscratch1/sd/qpzhang/spark/2249976/sparklogs/spark-qpzhang-org.apache.spark.deploy.worker.Worker-1-nid00248.out.2': No such file or directory
nid01912: mv: cannot stat `/global/cscratch1/sd/qpzhang/spark/2249976/sparklogs/spark-qpzhang-org.apache.spark.deploy.worker.Worker-1-nid00248.out': No such file or directory
nid01912: starting org.apache.spark.deploy.worker.Worker, logging to /global/cscratch1/sd/qpzhang/spark/2249976/sparklogs/spark-qpzhang-org.apache.spark.deploy.worker.Worker-1-nid00248.out
nid01720: @@@@@@@@@@@@@@@@@@@@@@@@@@@@@@@@@@@@@@@@@@@@@@@@@@@@@@@@@@@
nid01720: @    WARNING: REMOTE HOST IDENTIFICATION HAS CHANGED!     @
nid01720: @@@@@@@@@@@@@@@@@@@@@@@@@@@@@@@@@@@@@@@@@@@@@@@@@@@@@@@@@@@
nid01720: IT IS POSSIBLE THAT SOMEONE IS DOING SOMETHING NASTY!
nid01720: Someone could be eavesdropping on you right now (man-in-the-middle attack)!
nid01720: It is also possible that a host key has just been changed.
nid01720: The fingerprint for the ECDSA key sent by the remote host is
nid01720: SHA256:WCTdnmSpQIWzul4JCNfTWTkL9FidOiDNfzC30ZxA8eU.
nid01720: Please contact your system administrator.
nid01720: Add correct host key in /global/homes/q/qpzhang/.ssh/known_hosts to get rid of this message.
nid01720: Offending ECDSA key in /global/homes/q/qpzhang/.ssh/known_hosts:48
nid01720: Password authentication is disabled to avoid man-in-the-middle attacks.
nid01720: Keyboard-interactive authentication is disabled to avoid man-in-the-middle attacks.
nid01720: mv: cannot stat `/global/cscratch1/sd/qpzhang/spark/2249976/sparklogs/spark-qpzhang-org.apache.spark.deploy.worker.Worker-1-nid00248.out.3': No such file or directory
nid01720: mv: cannot stat `/global/cscratch1/sd/qpzhang/spark/2249976/sparklogs/spark-qpzhang-org.apache.spark.deploy.worker.Worker-1-nid00248.out.2': No such file or directory
nid01720: mv: cannot stat `/global/cscratch1/sd/qpzhang/spark/2249976/sparklogs/spark-qpzhang-org.apache.spark.deploy.worker.Worker-1-nid00248.out.1': No such file or directory
nid01720: starting org.apache.spark.deploy.worker.Worker, logging to /global/cscratch1/sd/qpzhang/spark/2249976/sparklogs/spark-qpzhang-org.apache.spark.deploy.worker.Worker-1-nid00248.out
nid01721: @@@@@@@@@@@@@@@@@@@@@@@@@@@@@@@@@@@@@@@@@@@@@@@@@@@@@@@@@@@
nid01721: @    WARNING: REMOTE HOST IDENTIFICATION HAS CHANGED!     @
nid01721: @@@@@@@@@@@@@@@@@@@@@@@@@@@@@@@@@@@@@@@@@@@@@@@@@@@@@@@@@@@
nid01721: IT IS POSSIBLE THAT SOMEONE IS DOING SOMETHING NASTY!
nid01721: Someone could be eavesdropping on you right now (man-in-the-middle attack)!
nid01721: It is also possible that a host key has just been changed.
nid01721: The fingerprint for the ECDSA key sent by the remote host is
nid01721: SHA256:rbx7ZKVZymBXtlYYI1/8EXf1fjxcoDaSCJYvKEP0emk.
nid01721: Please contact your system administrator.
nid01721: Add correct host key in /global/homes/q/qpzhang/.ssh/known_hosts to get rid of this message.
nid01721: Offending ECDSA key in /global/homes/q/qpzhang/.ssh/known_hosts:50
nid01721: Password authentication is disabled to avoid man-in-the-middle attacks.
nid01721: Keyboard-interactive authentication is disabled to avoid man-in-the-middle attacks.
nid01721: mv: cannot stat `/global/cscratch1/sd/qpzhang/spark/2249976/sparklogs/spark-qpzhang-org.apache.spark.deploy.worker.Worker-1-nid00248.out.4': No such file or directory
nid01721: mv: cannot stat `/global/cscratch1/sd/qpzhang/spark/2249976/sparklogs/spark-qpzhang-org.apache.spark.deploy.worker.Worker-1-nid00248.out.3': No such file or directory
nid01721: mv: cannot stat `/global/cscratch1/sd/qpzhang/spark/2249976/sparklogs/spark-qpzhang-org.apache.spark.deploy.worker.Worker-1-nid00248.out.2': No such file or directory
nid01721: starting org.apache.spark.deploy.worker.Worker, logging to /global/cscratch1/sd/qpzhang/spark/2249976/sparklogs/spark-qpzhang-org.apache.spark.deploy.worker.Worker-1-nid00248.out
nid01719: Warning: Permanently added '[nid01719]:204,[10.128.6.196]:204' (ECDSA) to the list of known hosts.
nid01719: mv: cannot stat `/global/cscratch1/sd/qpzhang/spark/2249976/sparklogs/spark-qpzhang-org.apache.spark.deploy.worker.Worker-1-nid00248.out.1': No such file or directory
nid01719: mv: cannot stat `/global/cscratch1/sd/qpzhang/spark/2249976/sparklogs/spark-qpzhang-org.apache.spark.deploy.worker.Worker-1-nid00248.out': No such file or directory
nid01719: starting org.apache.spark.deploy.worker.Worker, logging to /global/cscratch1/sd/qpzhang/spark/2249976/sparklogs/spark-qpzhang-org.apache.spark.deploy.worker.Worker-1-nid00248.out
nid01311: @@@@@@@@@@@@@@@@@@@@@@@@@@@@@@@@@@@@@@@@@@@@@@@@@@@@@@@@@@@
nid01311: @    WARNING: REMOTE HOST IDENTIFICATION HAS CHANGED!     @
nid01311: @@@@@@@@@@@@@@@@@@@@@@@@@@@@@@@@@@@@@@@@@@@@@@@@@@@@@@@@@@@
nid01311: IT IS POSSIBLE THAT SOMEONE IS DOING SOMETHING NASTY!
nid01311: Someone could be eavesdropping on you right now (man-in-the-middle attack)!
nid01311: It is also possible that a host key has just been changed.
nid01311: The fingerprint for the ECDSA key sent by the remote host is
nid01311: SHA256:frAGcYvPHRAQoOLNVvHO4e+rJG8uey5vxfCmepp2x5I.
nid01311: Please contact your system administrator.
nid01311: Add correct host key in /global/homes/q/qpzhang/.ssh/known_hosts to get rid of this message.
nid01311: Offending ECDSA key in /global/homes/q/qpzhang/.ssh/known_hosts:420
nid01311: Password authentication is disabled to avoid man-in-the-middle attacks.
nid01311: Keyboard-interactive authentication is disabled to avoid man-in-the-middle attacks.
nid01311: starting org.apache.spark.deploy.worker.Worker, logging to /global/cscratch1/sd/qpzhang/spark/2249976/sparklogs/spark-qpzhang-org.apache.spark.deploy.worker.Worker-1-nid00248.out
nid01311: failed to launch org.apache.spark.deploy.worker.Worker:
nid01311: full log in /global/cscratch1/sd/qpzhang/spark/2249976/sparklogs/spark-qpzhang-org.apache.spark.deploy.worker.Worker-1-nid00248.out
