file	accuracy	precision	recall	f1_score	auc	log_loss
/global/projectb/scratch/qpzhang/Genelearn_Project/Genome/Testing_on_genome/non-normalized_model
SVM_no_rescaling.results		0.834647643121	0.0045928744833	0.0958904109589	0.00876588817231	N/A	N/A
logistic_no_rescaling.results		0.996762097743	0.858361774744	0.68904109589	0.76443768997	0.994952062508	0.00994892214325
logistic_rescaling.results		0.997754358112	0.855172413793	0.849315068493	0.852233676976	0.994956539279	0.00760897671937
boosted_trees.results		0.995289374458	0.868073878628	0.450684931507	0.593327321912	0.905001273825	0.021822606193
SVM_rescaling.results		0.00762473757324	0.00762473757324	1.0	0.0151340817448	N/A	N/A
/global/projectb/scratch/qpzhang/Genelearn_Project/Genome/Testing_on_genome/normalized_model
SVM_no_rescaling.results		0.946156818918	0.119387579563	0.950684931507	0.21213510622	N/A	N/A
logistic_no_rescaling.results		0.968101440344	0.188805570434	0.965753424658	0.315860215054	0.994138991549	0.114168120003
logistic_rescaling.results		0.985753230069	0.345516569201	0.971232876712	0.509705248023	0.995748365402	0.0510782419347
boosted_trees.results		0.986285917214	0.318380062305	0.7	0.437687366167	0.906203326421	0.27891207144
SVM_rescaling.results		0.981032159681	0.283665338645	0.975342465753	0.43950617284	N/A	N/A
/global/projectb/scratch/qpzhang/Genelearn_Project/Genome/Testing_on_genome_multiple_labels/non-normalized_model
logistic_no_rescaling.results		0.98207664428	0.929722708602	0.135992941256	0.147753465155	0.746019996413	0.127090879779
logistic_rescaling.results		0.991215884522	0.844335817797	0.411193012409	0.429440055091	0.867464127166	0.0299519106941
boosted_trees.results		0.989680492161	0.960139165469	0.392917559638	0.484809682583	0.912336561365	0.0633821268198
/global/projectb/scratch/qpzhang/Genelearn_Project/Genome/Testing_on_genome_multiple_labels/normalized_model
logistic_no_rescaling.results		0.39997493237	0.220924460578	0.538639855901	0.112551315657	0.861456363665	2.14185797452
logistic_rescaling.results		0.938438077731	0.265184481578	0.923670958278	0.353393554537	0.995454541274	0.204185081064
boosted_trees.results		0.890642462477	0.149521282653	0.442553485892	0.162855690124	0.644148248439	1.65036731387
/global/projectb/scratch/qpzhang/Genelearn_Project/Genome/Testing_on_segment/non-normalized_model
SVM_no_rescaling.results		0.928105584952	0.992565055762	0.0199668465594	0.0391462118343	N/A	N/A
logistic_no_rescaling.results		0.954428687922	0.93440466659	0.407288771453	0.567301766416	0.955213668952	0.166872869663
logistic_rescaling.results		0.953861891928	0.927668256796	0.402340682761	0.561257400179	0.921569900667	0.311147646546
boosted_trees.results		0.946356415948	0.929773488595	0.290591153266	0.442792164013	0.836090824095	0.229103556008
SVM_rescaling.results		0.0733479725159	0.0733479725159	1.0	0.136671376653	N/A	N/A
/global/projectb/scratch/qpzhang/Genelearn_Project/Genome/Testing_on_segment/normalized_model
SVM_no_rescaling.results		0.895964595363	0.401837620334	0.856343399848	0.546997591704	N/A	N/A
logistic_no_rescaling.results		0.926813838598	0.500660630174	0.835940323807	0.626248856188	0.95892847183	0.188902121054
logistic_rescaling.results		0.946285109355	0.618254702436	0.699712088542	0.656466144752	0.938130493965	0.255040364923
boosted_trees.results		0.907059169845	0.404663618085	0.566911370633	0.472240247099	0.793858338442	0.352824139441
SVM_rescaling.results		0.947095079114	0.609938840927	0.77314820585	0.681913870338	N/A	N/A
/global/projectb/scratch/qpzhang/Genelearn_Project/Genome/Testing_on_segment_multiple_labels/non-normalized_model
logistic_no_rescaling.results		0.912231640381	0.718822206368	0.153144184468	0.148293586684	nan	0.593927434075
logistic_rescaling.results		0.922023498265	0.557112828832	0.314090298107	0.306159473307	nan	0.356469324495
boosted_trees.results		0.922561954459	0.752593676996	0.371432859291	0.401875168891	nan	0.39351656867
/global/projectb/scratch/qpzhang/Genelearn_Project/Genome/Testing_on_segment_multiple_labels/normalized_model
logistic_no_rescaling.results		0.319916114193	0.224622321518	0.411287382792	0.120130304238	nan	2.18501705697
logistic_rescaling.results		0.79827547748	0.315455194676	0.760568500028	0.327397434835	nan	0.693865851941
boosted_trees.results		0.686027930244	0.150940558013	0.399537003116	0.162698807126	nan	1.89344438299
/global/projectb/scratch/qpzhang/Genelearn_Project/Segment/Both_Feature/Full_data/Multiple_label/dato_model
logistic_no_rescaling.results		0.434681568972	0.288012969807	0.434595491775	0.230573961728	0.858091912234	1.60699835119
logistic_rescaling.results		0.770803916705	0.384013107158	0.761826647114	0.45923082169	0.965793179398	0.78540035148
boosted_trees.results		0.795041628505	0.464097089927	0.734107383663	0.528047611754	0.972492034948	0.676358136095
/global/projectb/scratch/qpzhang/Genelearn_Project/Segment/Both_Feature/Full_data/Single_label/dato_model
SVM_no_rescaling.results		0.8570375706	0.295976234378	0.900290404198	0.445493596642	N/A	N/A
logistic_no_rescaling.results		0.927859296291	0.467087743043	0.929081549986	0.62164754153	0.977403472749	0.192767774627
logistic_rescaling.results		0.9300560029	0.475274970938	0.927423877955	0.628476108026	0.977950440563	0.188673485389
boosted_trees.results		0.879431575332	0.334172336127	0.896875350542	0.486920099605	0.957218223703	0.278924374738
SVM_rescaling.results		0.877175240421	0.32965676716	0.895529270998	0.481914215768	N/A	N/A
/global/projectb/scratch/qpzhang/Genelearn_Project/Segment/Both_Feature/Pro_data/Multiple_label/dato_model
logistic_no_rescaling.results		0.546291691502	0.203021918526	0.459161856882	0.207366614425	0.812063562265	1.52791543103
logistic_rescaling.results		0.715994068754	0.311609735898	0.795989331302	0.386041670784	0.955789955574	0.893164240649
boosted_trees.results		0.815977796224	0.41936836384	0.712694244525	0.501786972478	0.968542227832	0.580960592866
/global/projectb/scratch/qpzhang/Genelearn_Project/Segment/Both_Feature/Pro_data/Single_label/dato_model
SVM_no_rescaling.results		0.893235746909	0.398690709135	0.896451584759	0.551919151614	N/A	N/A
logistic_no_rescaling.results		0.932926093459	0.524062971144	0.931462116585	0.670747359068	0.980130720408	0.177699777291
logistic_rescaling.results		0.935321263626	0.533866163835	0.93159921728	0.678759535053	0.980691451493	0.174345718523
boosted_trees.results		0.895627260328	0.403179330925	0.880685004923	0.553133195037	0.957948575989	0.270166238034
SVM_rescaling.results		0.836051516271	0.30227955582	0.944212481149	0.457950987148	N/A	N/A
/global/projectb/scratch/qpzhang/Genelearn_Project/Segment/GeneMark/dato_model
SVM_no_rescaling.results		0.874509409514	0.312191404503	0.869874248223	0.459479154423	N/A	N/A
logistic_no_rescaling.results		0.918462574787	0.423003847433	0.90587053543	0.576708719356	0.967759167004	0.214375859327
logistic_rescaling.results		0.920339955623	0.429016219347	0.904039569214	0.58189258312	0.968284147197	0.209880017407
boosted_trees.results		0.856048238084	0.283294691087	0.880898190649	0.42871552423	0.940099785512	0.311197192139
SVM_rescaling.results		0.873648683417	0.314120562255	0.89619438758	0.465189800316	N/A	N/A
/global/projectb/scratch/qpzhang/Genelearn_Project/Segment/Kmer/dato_model
SVM_no_rescaling.results		0.552017771436	0.148816875998	0.880246268657	0.254591762401	N/A	N/A
logistic_no_rescaling.results		0.873794266442	0.395592351068	0.85652238806	0.541218299963	0.935172771549	0.326519512565
logistic_rescaling.results		0.873183940848	0.394519289126	0.858641791045	0.540634008472	0.936144983021	0.325122905765
boosted_trees.results		0.876958749514	0.397759350417	0.808641791045	0.533230320284	0.91537142455	0.412189087326
SVM_rescaling.results		0.84077441951	0.332317660081	0.824485074627	0.473703843449	N/A	N/A
