#convert_tax_id_to_num.py#
GeneLearn.ini
GeneLearn.py
Multiple_Spark
Old
calculate_accurary.py
conert_split_pfam_vector.py
config.json.template
config_schema.json
convert_tax_id_to_num.py
create_training_data.py
env-reftree.sh
env.sh
env.sh.template
estimate_lognorm_params.py
extract_vector_from_tmp_dir.py
feature_extraction_v2.py
feature_extraction_v2_0408.py
generate_confusion_matrix.py
generate_svmlib.py
generate_svmlib_multiple_tax.py
generate_task_list.py
get_feature_coefficient.py
gm_parameters
ls.log
pick_virus_seq.py
plot_PRC.R
precision-recall.R
process_pfam_vector.py
processing_vect.py
rank_statitstics.py
scripts.readme
setup_configuration.py
shred.py
shred.pyc
single_taxon_training.py
single_taxon_training.sh
single_taxon_training.sh.template
spark
split_feature.py
split_feature_LIBSVM.py
split_vectors_on_rank.py
split_vectors_on_rank_v2.py
training_data_formatter.py
transform_log_pfam.py
