writing to /global/cscratch1/sd/qpzhang/spark_env
starting org.apache.spark.deploy.master.Master, logging to /global/cscratch1/sd/qpzhang/spark/2188439/sparklogs/spark-qpzhang-org.apache.spark.deploy.master.Master-1-nid00984.out
/global/common/cori/software/spark/1.5.1/sbin/..
nid01183: doing ssh -o StrictHostKeyChecking=no nid01183  cd /global/common/cori/software/spark/1.5.1/sbin/.. ; /usr/common/software/spark/1.5.1/sbin/start-slave.sh spark://nid00984:7077
nid01184: doing ssh -o StrictHostKeyChecking=no nid01184  cd /global/common/cori/software/spark/1.5.1/sbin/.. ; /usr/common/software/spark/1.5.1/sbin/start-slave.sh spark://nid00984:7077
nid01185: doing ssh -o StrictHostKeyChecking=no nid01185  cd /global/common/cori/software/spark/1.5.1/sbin/.. ; /usr/common/software/spark/1.5.1/sbin/start-slave.sh spark://nid00984:7077
nid01186: doing ssh -o StrictHostKeyChecking=no nid01186  cd /global/common/cori/software/spark/1.5.1/sbin/.. ; /usr/common/software/spark/1.5.1/sbin/start-slave.sh spark://nid00984:7077
nid01187: doing ssh -o StrictHostKeyChecking=no nid01187  cd /global/common/cori/software/spark/1.5.1/sbin/.. ; /usr/common/software/spark/1.5.1/sbin/start-slave.sh spark://nid00984:7077
nid01188: doing ssh -o StrictHostKeyChecking=no nid01188  cd /global/common/cori/software/spark/1.5.1/sbin/.. ; /usr/common/software/spark/1.5.1/sbin/start-slave.sh spark://nid00984:7077
nid01189: doing ssh -o StrictHostKeyChecking=no nid01189  cd /global/common/cori/software/spark/1.5.1/sbin/.. ; /usr/common/software/spark/1.5.1/sbin/start-slave.sh spark://nid00984:7077
nid01190: doing ssh -o StrictHostKeyChecking=no nid01190  cd /global/common/cori/software/spark/1.5.1/sbin/.. ; /usr/common/software/spark/1.5.1/sbin/start-slave.sh spark://nid00984:7077
nid01191: doing ssh -o StrictHostKeyChecking=no nid01191  cd /global/common/cori/software/spark/1.5.1/sbin/.. ; /usr/common/software/spark/1.5.1/sbin/start-slave.sh spark://nid00984:7077
nid01192: doing ssh -o StrictHostKeyChecking=no nid01192  cd /global/common/cori/software/spark/1.5.1/sbin/.. ; /usr/common/software/spark/1.5.1/sbin/start-slave.sh spark://nid00984:7077
nid01193: doing ssh -o StrictHostKeyChecking=no nid01193  cd /global/common/cori/software/spark/1.5.1/sbin/.. ; /usr/common/software/spark/1.5.1/sbin/start-slave.sh spark://nid00984:7077
nid01194: doing ssh -o StrictHostKeyChecking=no nid01194  cd /global/common/cori/software/spark/1.5.1/sbin/.. ; /usr/common/software/spark/1.5.1/sbin/start-slave.sh spark://nid00984:7077
nid01195: doing ssh -o StrictHostKeyChecking=no nid01195  cd /global/common/cori/software/spark/1.5.1/sbin/.. ; /usr/common/software/spark/1.5.1/sbin/start-slave.sh spark://nid00984:7077
nid01196: doing ssh -o StrictHostKeyChecking=no nid01196  cd /global/common/cori/software/spark/1.5.1/sbin/.. ; /usr/common/software/spark/1.5.1/sbin/start-slave.sh spark://nid00984:7077
nid01197: doing ssh -o StrictHostKeyChecking=no nid01197  cd /global/common/cori/software/spark/1.5.1/sbin/.. ; /usr/common/software/spark/1.5.1/sbin/start-slave.sh spark://nid00984:7077
nid01198: doing ssh -o StrictHostKeyChecking=no nid01198  cd /global/common/cori/software/spark/1.5.1/sbin/.. ; /usr/common/software/spark/1.5.1/sbin/start-slave.sh spark://nid00984:7077
nid01199: doing ssh -o StrictHostKeyChecking=no nid01199  cd /global/common/cori/software/spark/1.5.1/sbin/.. ; /usr/common/software/spark/1.5.1/sbin/start-slave.sh spark://nid00984:7077
nid01200: doing ssh -o StrictHostKeyChecking=no nid01200  cd /global/common/cori/software/spark/1.5.1/sbin/.. ; /usr/common/software/spark/1.5.1/sbin/start-slave.sh spark://nid00984:7077
nid01201: doing ssh -o StrictHostKeyChecking=no nid01201  cd /global/common/cori/software/spark/1.5.1/sbin/.. ; /usr/common/software/spark/1.5.1/sbin/start-slave.sh spark://nid00984:7077
nid01189: Warning: Permanently added '[nid01189]:204,[10.128.4.174]:204' (ECDSA) to the list of known hosts.
nid01189: starting org.apache.spark.deploy.worker.Worker, logging to /global/cscratch1/sd/qpzhang/spark/2188439/sparklogs/spark-qpzhang-org.apache.spark.deploy.worker.Worker-1-nid00984.out
nid01190: Warning: Permanently added '[nid01190]:204,[10.128.4.175]:204' (ECDSA) to the list of known hosts.
nid01190: starting org.apache.spark.deploy.worker.Worker, logging to /global/cscratch1/sd/qpzhang/spark/2188439/sparklogs/spark-qpzhang-org.apache.spark.deploy.worker.Worker-1-nid00984.out
nid01183: Warning: Permanently added '[nid01183]:204,[10.128.4.168]:204' (ECDSA) to the list of known hosts.
nid01183: starting org.apache.spark.deploy.worker.Worker, logging to /global/cscratch1/sd/qpzhang/spark/2188439/sparklogs/spark-qpzhang-org.apache.spark.deploy.worker.Worker-1-nid00984.out
nid01185: Warning: Permanently added '[nid01185]:204,[10.128.4.170]:204' (ECDSA) to the list of known hosts.
nid01185: mv: cannot move `/global/cscratch1/sd/qpzhang/spark/2188439/sparklogs/spark-qpzhang-org.apache.spark.deploy.worker.Worker-1-nid00984.out' to `/global/cscratch1/sd/qpzhang/spark/2188439/sparklogs/spark-qpzhang-org.apache.spark.deploy.worker.Worker-1-nid00984.out.1': No such file or directory
nid01185: starting org.apache.spark.deploy.worker.Worker, logging to /global/cscratch1/sd/qpzhang/spark/2188439/sparklogs/spark-qpzhang-org.apache.spark.deploy.worker.Worker-1-nid00984.out
nid01186: Warning: Permanently added '[nid01186]:204,[10.128.4.171]:204' (ECDSA) to the list of known hosts.
nid01186: starting org.apache.spark.deploy.worker.Worker, logging to /global/cscratch1/sd/qpzhang/spark/2188439/sparklogs/spark-qpzhang-org.apache.spark.deploy.worker.Worker-1-nid00984.out
nid01188: Warning: Permanently added '[nid01188]:204,[10.128.4.173]:204' (ECDSA) to the list of known hosts.
nid01188: starting org.apache.spark.deploy.worker.Worker, logging to /global/cscratch1/sd/qpzhang/spark/2188439/sparklogs/spark-qpzhang-org.apache.spark.deploy.worker.Worker-1-nid00984.out
nid01187: @@@@@@@@@@@@@@@@@@@@@@@@@@@@@@@@@@@@@@@@@@@@@@@@@@@@@@@@@@@
nid01187: @    WARNING: REMOTE HOST IDENTIFICATION HAS CHANGED!     @
nid01187: @@@@@@@@@@@@@@@@@@@@@@@@@@@@@@@@@@@@@@@@@@@@@@@@@@@@@@@@@@@
nid01187: IT IS POSSIBLE THAT SOMEONE IS DOING SOMETHING NASTY!
nid01187: Someone could be eavesdropping on you right now (man-in-the-middle attack)!
nid01187: It is also possible that a host key has just been changed.
nid01187: The fingerprint for the ECDSA key sent by the remote host is
nid01187: SHA256:RuKgi2ez7Tlcryy7kZqyuS/j/diom8c+zePl1P0IDnE.
nid01187: Please contact your system administrator.
nid01187: Add correct host key in /global/homes/q/qpzhang/.ssh/known_hosts to get rid of this message.
nid01187: Offending ECDSA key in /global/homes/q/qpzhang/.ssh/known_hosts:263
nid01187: Password authentication is disabled to avoid man-in-the-middle attacks.
nid01187: Keyboard-interactive authentication is disabled to avoid man-in-the-middle attacks.
nid01187: starting org.apache.spark.deploy.worker.Worker, logging to /global/cscratch1/sd/qpzhang/spark/2188439/sparklogs/spark-qpzhang-org.apache.spark.deploy.worker.Worker-1-nid00984.out
nid01192: Warning: Permanently added '[nid01192]:204,[10.128.4.177]:204' (ECDSA) to the list of known hosts.
nid01192: starting org.apache.spark.deploy.worker.Worker, logging to /global/cscratch1/sd/qpzhang/spark/2188439/sparklogs/spark-qpzhang-org.apache.spark.deploy.worker.Worker-1-nid00984.out
nid01184: Warning: Permanently added '[nid01184]:204,[10.128.4.169]:204' (ECDSA) to the list of known hosts.
nid01184: mv: cannot stat `/global/cscratch1/sd/qpzhang/spark/2188439/sparklogs/spark-qpzhang-org.apache.spark.deploy.worker.Worker-1-nid00984.out.2': No such file or directory
nid01184: mv: `/global/cscratch1/sd/qpzhang/spark/2188439/sparklogs/spark-qpzhang-org.apache.spark.deploy.worker.Worker-1-nid00984.out' and `/global/cscratch1/sd/qpzhang/spark/2188439/sparklogs/spark-qpzhang-org.apache.spark.deploy.worker.Worker-1-nid00984.out.1' are the same file
nid01184: starting org.apache.spark.deploy.worker.Worker, logging to /global/cscratch1/sd/qpzhang/spark/2188439/sparklogs/spark-qpzhang-org.apache.spark.deploy.worker.Worker-1-nid00984.out
nid01194: Warning: Permanently added '[nid01194]:204,[10.128.4.179]:204' (ECDSA) to the list of known hosts.
nid01194: starting org.apache.spark.deploy.worker.Worker, logging to /global/cscratch1/sd/qpzhang/spark/2188439/sparklogs/spark-qpzhang-org.apache.spark.deploy.worker.Worker-1-nid00984.out
nid01193: Warning: Permanently added '[nid01193]:204,[10.128.4.178]:204' (ECDSA) to the list of known hosts.
nid01193: starting org.apache.spark.deploy.worker.Worker, logging to /global/cscratch1/sd/qpzhang/spark/2188439/sparklogs/spark-qpzhang-org.apache.spark.deploy.worker.Worker-1-nid00984.out
nid01196: Warning: Permanently added '[nid01196]:204,[10.128.4.181]:204' (ECDSA) to the list of known hosts.
nid01196: starting org.apache.spark.deploy.worker.Worker, logging to /global/cscratch1/sd/qpzhang/spark/2188439/sparklogs/spark-qpzhang-org.apache.spark.deploy.worker.Worker-1-nid00984.out
nid01199: Warning: Permanently added '[nid01199]:204,[10.128.4.184]:204' (ECDSA) to the list of known hosts.
nid01199: mv: cannot stat `/global/cscratch1/sd/qpzhang/spark/2188439/sparklogs/spark-qpzhang-org.apache.spark.deploy.worker.Worker-1-nid00984.out.3': No such file or directory
nid01199: mv: cannot stat `/global/cscratch1/sd/qpzhang/spark/2188439/sparklogs/spark-qpzhang-org.apache.spark.deploy.worker.Worker-1-nid00984.out.2': No such file or directory
nid01199: mv: cannot stat `/global/cscratch1/sd/qpzhang/spark/2188439/sparklogs/spark-qpzhang-org.apache.spark.deploy.worker.Worker-1-nid00984.out.1': No such file or directory
nid01199: mv: cannot stat `/global/cscratch1/sd/qpzhang/spark/2188439/sparklogs/spark-qpzhang-org.apache.spark.deploy.worker.Worker-1-nid00984.out': No such file or directory
nid01199: starting org.apache.spark.deploy.worker.Worker, logging to /global/cscratch1/sd/qpzhang/spark/2188439/sparklogs/spark-qpzhang-org.apache.spark.deploy.worker.Worker-1-nid00984.out
nid01197: Warning: Permanently added '[nid01197]:204,[10.128.4.182]:204' (ECDSA) to the list of known hosts.
nid01197: mv: cannot stat `/global/cscratch1/sd/qpzhang/spark/2188439/sparklogs/spark-qpzhang-org.apache.spark.deploy.worker.Worker-1-nid00984.out.3': No such file or directory
nid01197: mv: cannot stat `/global/cscratch1/sd/qpzhang/spark/2188439/sparklogs/spark-qpzhang-org.apache.spark.deploy.worker.Worker-1-nid00984.out.1': No such file or directory
nid01197: starting org.apache.spark.deploy.worker.Worker, logging to /global/cscratch1/sd/qpzhang/spark/2188439/sparklogs/spark-qpzhang-org.apache.spark.deploy.worker.Worker-1-nid00984.out
nid01200: Warning: Permanently added '[nid01200]:204,[10.128.4.185]:204' (ECDSA) to the list of known hosts.
nid01200: mv: cannot stat `/global/cscratch1/sd/qpzhang/spark/2188439/sparklogs/spark-qpzhang-org.apache.spark.deploy.worker.Worker-1-nid00984.out.4': No such file or directory
nid01200: mv: `/global/cscratch1/sd/qpzhang/spark/2188439/sparklogs/spark-qpzhang-org.apache.spark.deploy.worker.Worker-1-nid00984.out' and `/global/cscratch1/sd/qpzhang/spark/2188439/sparklogs/spark-qpzhang-org.apache.spark.deploy.worker.Worker-1-nid00984.out.1' are the same file
nid01200: starting org.apache.spark.deploy.worker.Worker, logging to /global/cscratch1/sd/qpzhang/spark/2188439/sparklogs/spark-qpzhang-org.apache.spark.deploy.worker.Worker-1-nid00984.out
nid01198: @@@@@@@@@@@@@@@@@@@@@@@@@@@@@@@@@@@@@@@@@@@@@@@@@@@@@@@@@@@
nid01198: @    WARNING: REMOTE HOST IDENTIFICATION HAS CHANGED!     @
nid01198: @@@@@@@@@@@@@@@@@@@@@@@@@@@@@@@@@@@@@@@@@@@@@@@@@@@@@@@@@@@
nid01198: IT IS POSSIBLE THAT SOMEONE IS DOING SOMETHING NASTY!
nid01198: Someone could be eavesdropping on you right now (man-in-the-middle attack)!
nid01198: It is also possible that a host key has just been changed.
nid01198: The fingerprint for the ECDSA key sent by the remote host is
nid01198: SHA256:epHLTOPAZqwfNwUjcMDOj3wkCO7Ae3kV3BUVKluYn3E.
nid01198: Please contact your system administrator.
nid01198: Add correct host key in /global/homes/q/qpzhang/.ssh/known_hosts to get rid of this message.
nid01198: Offending ECDSA key in /global/homes/q/qpzhang/.ssh/known_hosts:461
nid01198: Password authentication is disabled to avoid man-in-the-middle attacks.
nid01198: Keyboard-interactive authentication is disabled to avoid man-in-the-middle attacks.
nid01198: mv: cannot stat `/global/cscratch1/sd/qpzhang/spark/2188439/sparklogs/spark-qpzhang-org.apache.spark.deploy.worker.Worker-1-nid00984.out.3': No such file or directory
nid01198: mv: cannot stat `/global/cscratch1/sd/qpzhang/spark/2188439/sparklogs/spark-qpzhang-org.apache.spark.deploy.worker.Worker-1-nid00984.out.2': No such file or directory
nid01198: mv: cannot stat `/global/cscratch1/sd/qpzhang/spark/2188439/sparklogs/spark-qpzhang-org.apache.spark.deploy.worker.Worker-1-nid00984.out.1': No such file or directory
nid01198: mv: cannot stat `/global/cscratch1/sd/qpzhang/spark/2188439/sparklogs/spark-qpzhang-org.apache.spark.deploy.worker.Worker-1-nid00984.out': No such file or directory
nid01198: starting org.apache.spark.deploy.worker.Worker, logging to /global/cscratch1/sd/qpzhang/spark/2188439/sparklogs/spark-qpzhang-org.apache.spark.deploy.worker.Worker-1-nid00984.out
nid01201: Warning: Permanently added '[nid01201]:204,[10.128.4.186]:204' (ECDSA) to the list of known hosts.
nid01201: mv: cannot stat `/global/cscratch1/sd/qpzhang/spark/2188439/sparklogs/spark-qpzhang-org.apache.spark.deploy.worker.Worker-1-nid00984.out.3': No such file or directory
nid01201: mv: cannot stat `/global/cscratch1/sd/qpzhang/spark/2188439/sparklogs/spark-qpzhang-org.apache.spark.deploy.worker.Worker-1-nid00984.out.2': No such file or directory
nid01201: mv: cannot stat `/global/cscratch1/sd/qpzhang/spark/2188439/sparklogs/spark-qpzhang-org.apache.spark.deploy.worker.Worker-1-nid00984.out.1': No such file or directory
nid01201: mv: cannot stat `/global/cscratch1/sd/qpzhang/spark/2188439/sparklogs/spark-qpzhang-org.apache.spark.deploy.worker.Worker-1-nid00984.out': No such file or directory
nid01201: starting org.apache.spark.deploy.worker.Worker, logging to /global/cscratch1/sd/qpzhang/spark/2188439/sparklogs/spark-qpzhang-org.apache.spark.deploy.worker.Worker-1-nid00984.out
nid01191: Warning: Permanently added '[nid01191]:204,[10.128.4.176]:204' (ECDSA) to the list of known hosts.
nid01191: starting org.apache.spark.deploy.worker.Worker, logging to /global/cscratch1/sd/qpzhang/spark/2188439/sparklogs/spark-qpzhang-org.apache.spark.deploy.worker.Worker-1-nid00984.out
nid01191: failed to launch org.apache.spark.deploy.worker.Worker:
nid01191:   Spark Command: /opt/java/jdk1.8.0_51/bin/java -cp /global/common/cori/software/spark/1.5.1/sbin/../conf/:/global/common/cori/software/spark/1.5.1/lib/spark-assembly-1.5.1-hadoop2.6.0.jar:/global/common/cori/software/spark/1.5.1/lib/datanucleus-core-3.2.10.jar:/global/common/cori/software/spark/1.5.1/lib/datanucleus-api-jdo-3.2.6.jar:/global/common/cori/software/spark/1.5.1/lib/datanucleus-rdbms-3.2.9.jar -Xms1g -Xmx1g org.apache.spark.deploy.worker.Worker --webui-port 8081 spark://nid00984:7077
nid01191:   ========================================
nid01191: full log in /global/cscratch1/sd/qpzhang/spark/2188439/sparklogs/spark-qpzhang-org.apache.spark.deploy.worker.Worker-1-nid00984.out
nid01195: Warning: Permanently added '[nid01195]:204,[10.128.4.180]:204' (ECDSA) to the list of known hosts.
nid01195: starting org.apache.spark.deploy.worker.Worker, logging to /global/cscratch1/sd/qpzhang/spark/2188480/sparklogs/spark-qpzhang-org.apache.spark.deploy.worker.Worker-1-cori01.out
