writing to /global/cscratch1/sd/qpzhang/spark_env
starting org.apache.spark.deploy.master.Master, logging to /global/cscratch1/sd/qpzhang/spark/2222006/sparklogs/spark-qpzhang-org.apache.spark.deploy.master.Master-1-nid00381.out
/global/common/cori/software/spark/1.5.1/sbin/..
nid00382: doing ssh -o StrictHostKeyChecking=no nid00382  cd /global/common/cori/software/spark/1.5.1/sbin/.. ; /usr/common/software/spark/1.5.1/sbin/start-slave.sh spark://nid00381:7077
nid01754: doing ssh -o StrictHostKeyChecking=no nid01754  cd /global/common/cori/software/spark/1.5.1/sbin/.. ; /usr/common/software/spark/1.5.1/sbin/start-slave.sh spark://nid00381:7077
nid01755: doing ssh -o StrictHostKeyChecking=no nid01755  cd /global/common/cori/software/spark/1.5.1/sbin/.. ; /usr/common/software/spark/1.5.1/sbin/start-slave.sh spark://nid00381:7077
nid01756: doing ssh -o StrictHostKeyChecking=no nid01756  cd /global/common/cori/software/spark/1.5.1/sbin/.. ; /usr/common/software/spark/1.5.1/sbin/start-slave.sh spark://nid00381:7077
nid01757: doing ssh -o StrictHostKeyChecking=no nid01757  cd /global/common/cori/software/spark/1.5.1/sbin/.. ; /usr/common/software/spark/1.5.1/sbin/start-slave.sh spark://nid00381:7077
nid01758: doing ssh -o StrictHostKeyChecking=no nid01758  cd /global/common/cori/software/spark/1.5.1/sbin/.. ; /usr/common/software/spark/1.5.1/sbin/start-slave.sh spark://nid00381:7077
nid01759: doing ssh -o StrictHostKeyChecking=no nid01759  cd /global/common/cori/software/spark/1.5.1/sbin/.. ; /usr/common/software/spark/1.5.1/sbin/start-slave.sh spark://nid00381:7077
nid01760: doing ssh -o StrictHostKeyChecking=no nid01760  cd /global/common/cori/software/spark/1.5.1/sbin/.. ; /usr/common/software/spark/1.5.1/sbin/start-slave.sh spark://nid00381:7077
nid01761: doing ssh -o StrictHostKeyChecking=no nid01761  cd /global/common/cori/software/spark/1.5.1/sbin/.. ; /usr/common/software/spark/1.5.1/sbin/start-slave.sh spark://nid00381:7077
nid01762: doing ssh -o StrictHostKeyChecking=no nid01762  cd /global/common/cori/software/spark/1.5.1/sbin/.. ; /usr/common/software/spark/1.5.1/sbin/start-slave.sh spark://nid00381:7077
nid01763: doing ssh -o StrictHostKeyChecking=no nid01763  cd /global/common/cori/software/spark/1.5.1/sbin/.. ; /usr/common/software/spark/1.5.1/sbin/start-slave.sh spark://nid00381:7077
nid01833: doing ssh -o StrictHostKeyChecking=no nid01833  cd /global/common/cori/software/spark/1.5.1/sbin/.. ; /usr/common/software/spark/1.5.1/sbin/start-slave.sh spark://nid00381:7077
nid01834: doing ssh -o StrictHostKeyChecking=no nid01834  cd /global/common/cori/software/spark/1.5.1/sbin/.. ; /usr/common/software/spark/1.5.1/sbin/start-slave.sh spark://nid00381:7077
nid01835: doing ssh -o StrictHostKeyChecking=no nid01835  cd /global/common/cori/software/spark/1.5.1/sbin/.. ; /usr/common/software/spark/1.5.1/sbin/start-slave.sh spark://nid00381:7077
nid01836: doing ssh -o StrictHostKeyChecking=no nid01836  cd /global/common/cori/software/spark/1.5.1/sbin/.. ; /usr/common/software/spark/1.5.1/sbin/start-slave.sh spark://nid00381:7077
nid01837: doing ssh -o StrictHostKeyChecking=no nid01837  cd /global/common/cori/software/spark/1.5.1/sbin/.. ; /usr/common/software/spark/1.5.1/sbin/start-slave.sh spark://nid00381:7077
nid01838: doing ssh -o StrictHostKeyChecking=no nid01838  cd /global/common/cori/software/spark/1.5.1/sbin/.. ; /usr/common/software/spark/1.5.1/sbin/start-slave.sh spark://nid00381:7077
nid01839: doing ssh -o StrictHostKeyChecking=no nid01839  cd /global/common/cori/software/spark/1.5.1/sbin/.. ; /usr/common/software/spark/1.5.1/sbin/start-slave.sh spark://nid00381:7077
nid01840: doing ssh -o StrictHostKeyChecking=no nid01840  cd /global/common/cori/software/spark/1.5.1/sbin/.. ; /usr/common/software/spark/1.5.1/sbin/start-slave.sh spark://nid00381:7077
nid01841: doing ssh -o StrictHostKeyChecking=no nid01841  cd /global/common/cori/software/spark/1.5.1/sbin/.. ; /usr/common/software/spark/1.5.1/sbin/start-slave.sh spark://nid00381:7077
nid02033: doing ssh -o StrictHostKeyChecking=no nid02033  cd /global/common/cori/software/spark/1.5.1/sbin/.. ; /usr/common/software/spark/1.5.1/sbin/start-slave.sh spark://nid00381:7077
nid02034: doing ssh -o StrictHostKeyChecking=no nid02034  cd /global/common/cori/software/spark/1.5.1/sbin/.. ; /usr/common/software/spark/1.5.1/sbin/start-slave.sh spark://nid00381:7077
nid02035: doing ssh -o StrictHostKeyChecking=no nid02035  cd /global/common/cori/software/spark/1.5.1/sbin/.. ; /usr/common/software/spark/1.5.1/sbin/start-slave.sh spark://nid00381:7077
nid02036: doing ssh -o StrictHostKeyChecking=no nid02036  cd /global/common/cori/software/spark/1.5.1/sbin/.. ; /usr/common/software/spark/1.5.1/sbin/start-slave.sh spark://nid00381:7077
nid02037: doing ssh -o StrictHostKeyChecking=no nid02037  cd /global/common/cori/software/spark/1.5.1/sbin/.. ; /usr/common/software/spark/1.5.1/sbin/start-slave.sh spark://nid00381:7077
nid02038: doing ssh -o StrictHostKeyChecking=no nid02038  cd /global/common/cori/software/spark/1.5.1/sbin/.. ; /usr/common/software/spark/1.5.1/sbin/start-slave.sh spark://nid00381:7077
nid02039: doing ssh -o StrictHostKeyChecking=no nid02039  cd /global/common/cori/software/spark/1.5.1/sbin/.. ; /usr/common/software/spark/1.5.1/sbin/start-slave.sh spark://nid00381:7077
nid02040: doing ssh -o StrictHostKeyChecking=no nid02040  cd /global/common/cori/software/spark/1.5.1/sbin/.. ; /usr/common/software/spark/1.5.1/sbin/start-slave.sh spark://nid00381:7077
nid02041: doing ssh -o StrictHostKeyChecking=no nid02041  cd /global/common/cori/software/spark/1.5.1/sbin/.. ; /usr/common/software/spark/1.5.1/sbin/start-slave.sh spark://nid00381:7077
nid02042: doing ssh -o StrictHostKeyChecking=no nid02042  cd /global/common/cori/software/spark/1.5.1/sbin/.. ; /usr/common/software/spark/1.5.1/sbin/start-slave.sh spark://nid00381:7077
nid02165: doing ssh -o StrictHostKeyChecking=no nid02165  cd /global/common/cori/software/spark/1.5.1/sbin/.. ; /usr/common/software/spark/1.5.1/sbin/start-slave.sh spark://nid00381:7077
nid02166: doing ssh -o StrictHostKeyChecking=no nid02166  cd /global/common/cori/software/spark/1.5.1/sbin/.. ; /usr/common/software/spark/1.5.1/sbin/start-slave.sh spark://nid00381:7077
nid02167: doing ssh -o StrictHostKeyChecking=no nid02167  cd /global/common/cori/software/spark/1.5.1/sbin/.. ; /usr/common/software/spark/1.5.1/sbin/start-slave.sh spark://nid00381:7077
nid02168: doing ssh -o StrictHostKeyChecking=no nid02168  cd /global/common/cori/software/spark/1.5.1/sbin/.. ; /usr/common/software/spark/1.5.1/sbin/start-slave.sh spark://nid00381:7077
nid02169: doing ssh -o StrictHostKeyChecking=no nid02169  cd /global/common/cori/software/spark/1.5.1/sbin/.. ; /usr/common/software/spark/1.5.1/sbin/start-slave.sh spark://nid00381:7077
nid02170: doing ssh -o StrictHostKeyChecking=no nid02170  cd /global/common/cori/software/spark/1.5.1/sbin/.. ; /usr/common/software/spark/1.5.1/sbin/start-slave.sh spark://nid00381:7077
nid02171: doing ssh -o StrictHostKeyChecking=no nid02171  cd /global/common/cori/software/spark/1.5.1/sbin/.. ; /usr/common/software/spark/1.5.1/sbin/start-slave.sh spark://nid00381:7077
nid02172: doing ssh -o StrictHostKeyChecking=no nid02172  cd /global/common/cori/software/spark/1.5.1/sbin/.. ; /usr/common/software/spark/1.5.1/sbin/start-slave.sh spark://nid00381:7077
nid02173: doing ssh -o StrictHostKeyChecking=no nid02173  cd /global/common/cori/software/spark/1.5.1/sbin/.. ; /usr/common/software/spark/1.5.1/sbin/start-slave.sh spark://nid00381:7077
nid01757: @@@@@@@@@@@@@@@@@@@@@@@@@@@@@@@@@@@@@@@@@@@@@@@@@@@@@@@@@@@
nid01757: @    WARNING: REMOTE HOST IDENTIFICATION HAS CHANGED!     @
nid01757: @@@@@@@@@@@@@@@@@@@@@@@@@@@@@@@@@@@@@@@@@@@@@@@@@@@@@@@@@@@
nid01757: IT IS POSSIBLE THAT SOMEONE IS DOING SOMETHING NASTY!
nid01757: Someone could be eavesdropping on you right now (man-in-the-middle attack)!
nid01757: It is also possible that a host key has just been changed.
nid01757: The fingerprint for the ECDSA key sent by the remote host is
nid01757: SHA256:/qArLfUjQKEd+Sn7YqGIiBV3gYoXPs57jBQzYY2c3Wk.
nid01757: Please contact your system administrator.
nid01757: Add correct host key in /global/homes/q/qpzhang/.ssh/known_hosts to get rid of this message.
nid01757: Offending ECDSA key in /global/homes/q/qpzhang/.ssh/known_hosts:622
nid01757: Password authentication is disabled to avoid man-in-the-middle attacks.
nid01757: Keyboard-interactive authentication is disabled to avoid man-in-the-middle attacks.
nid01757: starting org.apache.spark.deploy.worker.Worker, logging to /global/cscratch1/sd/qpzhang/spark/2222006/sparklogs/spark-qpzhang-org.apache.spark.deploy.worker.Worker-1-nid00381.out
nid02033: Warning: Permanently added '[nid02033]:204,[10.128.8.2]:204' (ECDSA) to the list of known hosts.
nid02033: starting org.apache.spark.deploy.worker.Worker, logging to /global/cscratch1/sd/qpzhang/spark/2222006/sparklogs/spark-qpzhang-org.apache.spark.deploy.worker.Worker-1-nid00381.out
nid01756: @@@@@@@@@@@@@@@@@@@@@@@@@@@@@@@@@@@@@@@@@@@@@@@@@@@@@@@@@@@
nid01756: @    WARNING: REMOTE HOST IDENTIFICATION HAS CHANGED!     @
nid01756: @@@@@@@@@@@@@@@@@@@@@@@@@@@@@@@@@@@@@@@@@@@@@@@@@@@@@@@@@@@
nid01756: IT IS POSSIBLE THAT SOMEONE IS DOING SOMETHING NASTY!
nid01756: Someone could be eavesdropping on you right now (man-in-the-middle attack)!
nid01756: It is also possible that a host key has just been changed.
nid01756: The fingerprint for the ECDSA key sent by the remote host is
nid01756: SHA256:Z5PeuYEljCKJ6aXO+DNhkPsMDA8+q4ClosK7eJmiHOg.
nid01756: Please contact your system administrator.
nid01756: Add correct host key in /global/homes/q/qpzhang/.ssh/known_hosts to get rid of this message.
nid01756: Offending ECDSA key in /global/homes/q/qpzhang/.ssh/known_hosts:621
nid01756: Password authentication is disabled to avoid man-in-the-middle attacks.
nid01756: Keyboard-interactive authentication is disabled to avoid man-in-the-middle attacks.
nid01756: starting org.apache.spark.deploy.worker.Worker, logging to /global/cscratch1/sd/qpzhang/spark/2222006/sparklogs/spark-qpzhang-org.apache.spark.deploy.worker.Worker-1-nid00381.out
nid01839: @@@@@@@@@@@@@@@@@@@@@@@@@@@@@@@@@@@@@@@@@@@@@@@@@@@@@@@@@@@
nid01839: @    WARNING: REMOTE HOST IDENTIFICATION HAS CHANGED!     @
nid01839: @@@@@@@@@@@@@@@@@@@@@@@@@@@@@@@@@@@@@@@@@@@@@@@@@@@@@@@@@@@
nid01839: IT IS POSSIBLE THAT SOMEONE IS DOING SOMETHING NASTY!
nid01839: Someone could be eavesdropping on you right now (man-in-the-middle attack)!
nid01839: It is also possible that a host key has just been changed.
nid01839: The fingerprint for the ECDSA key sent by the remote host is
nid01839: SHA256:5zSyUQCjKo1lTpVOpEBE5PFHhEqYlbU+vsacvWMqMN0.
nid01839: Please contact your system administrator.
nid01839: Add correct host key in /global/homes/q/qpzhang/.ssh/known_hosts to get rid of this message.
nid01839: Offending ECDSA key in /global/homes/q/qpzhang/.ssh/known_hosts:640
nid01839: Password authentication is disabled to avoid man-in-the-middle attacks.
nid01839: Keyboard-interactive authentication is disabled to avoid man-in-the-middle attacks.
nid01839: starting org.apache.spark.deploy.worker.Worker, logging to /global/cscratch1/sd/qpzhang/spark/2222006/sparklogs/spark-qpzhang-org.apache.spark.deploy.worker.Worker-1-nid00381.out
nid01754: Warning: Permanently added '[nid01754]:204,[10.128.6.231]:204' (ECDSA) to the list of known hosts.
nid01754: starting org.apache.spark.deploy.worker.Worker, logging to /global/cscratch1/sd/qpzhang/spark/2222006/sparklogs/spark-qpzhang-org.apache.spark.deploy.worker.Worker-1-nid00381.out
nid01755: Warning: Permanently added '[nid01755]:204,[10.128.6.232]:204' (ECDSA) to the list of known hosts.
nid01755: starting org.apache.spark.deploy.worker.Worker, logging to /global/cscratch1/sd/qpzhang/spark/2222006/sparklogs/spark-qpzhang-org.apache.spark.deploy.worker.Worker-1-nid00381.out
nid02035: Warning: Permanently added '[nid02035]:204,[10.128.8.4]:204' (ECDSA) to the list of known hosts.
nid02035: mv: cannot stat `/global/cscratch1/sd/qpzhang/spark/2222006/sparklogs/spark-qpzhang-org.apache.spark.deploy.worker.Worker-1-nid00381.out.1': No such file or directory
nid02035: mv: cannot stat `/global/cscratch1/sd/qpzhang/spark/2222006/sparklogs/spark-qpzhang-org.apache.spark.deploy.worker.Worker-1-nid00381.out': No such file or directory
nid02035: starting org.apache.spark.deploy.worker.Worker, logging to /global/cscratch1/sd/qpzhang/spark/2222006/sparklogs/spark-qpzhang-org.apache.spark.deploy.worker.Worker-1-nid00381.out
nid00382: Warning: Permanently added '[nid00382]:204,[10.128.1.129]:204' (ECDSA) to the list of known hosts.
nid00382: mv: cannot stat `/global/cscratch1/sd/qpzhang/spark/2222006/sparklogs/spark-qpzhang-org.apache.spark.deploy.worker.Worker-1-nid00381.out.1': No such file or directory
nid00382: mv: cannot stat `/global/cscratch1/sd/qpzhang/spark/2222006/sparklogs/spark-qpzhang-org.apache.spark.deploy.worker.Worker-1-nid00381.out': No such file or directory
nid00382: starting org.apache.spark.deploy.worker.Worker, logging to /global/cscratch1/sd/qpzhang/spark/2222006/sparklogs/spark-qpzhang-org.apache.spark.deploy.worker.Worker-1-nid00381.out
nid01758: @@@@@@@@@@@@@@@@@@@@@@@@@@@@@@@@@@@@@@@@@@@@@@@@@@@@@@@@@@@
nid01758: @    WARNING: REMOTE HOST IDENTIFICATION HAS CHANGED!     @
nid01758: @@@@@@@@@@@@@@@@@@@@@@@@@@@@@@@@@@@@@@@@@@@@@@@@@@@@@@@@@@@
nid01758: IT IS POSSIBLE THAT SOMEONE IS DOING SOMETHING NASTY!
nid01758: Someone could be eavesdropping on you right now (man-in-the-middle attack)!
nid01758: It is also possible that a host key has just been changed.
nid01758: The fingerprint for the ECDSA key sent by the remote host is
nid01758: SHA256:d0aUURmHFwZ/WA9GEVyR0Jvt4H9ubi3jtnI7/Tdfsck.
nid01758: Please contact your system administrator.
nid01758: Add correct host key in /global/homes/q/qpzhang/.ssh/known_hosts to get rid of this message.
nid01758: Offending ECDSA key in /global/homes/q/qpzhang/.ssh/known_hosts:624
nid01758: Password authentication is disabled to avoid man-in-the-middle attacks.
nid01758: Keyboard-interactive authentication is disabled to avoid man-in-the-middle attacks.
nid01758: starting org.apache.spark.deploy.worker.Worker, logging to /global/cscratch1/sd/qpzhang/spark/2222006/sparklogs/spark-qpzhang-org.apache.spark.deploy.worker.Worker-1-nid00381.out
nid01759: @@@@@@@@@@@@@@@@@@@@@@@@@@@@@@@@@@@@@@@@@@@@@@@@@@@@@@@@@@@
nid01759: @    WARNING: REMOTE HOST IDENTIFICATION HAS CHANGED!     @
nid01759: @@@@@@@@@@@@@@@@@@@@@@@@@@@@@@@@@@@@@@@@@@@@@@@@@@@@@@@@@@@
nid01759: IT IS POSSIBLE THAT SOMEONE IS DOING SOMETHING NASTY!
nid01759: Someone could be eavesdropping on you right now (man-in-the-middle attack)!
nid01759: It is also possible that a host key has just been changed.
nid01759: The fingerprint for the ECDSA key sent by the remote host is
nid01759: SHA256:SwO1wQWS0zj5v2TupJYJ7Dz9G1LH1/WG/WmJsqLoYo4.
nid01759: Please contact your system administrator.
nid01759: Add correct host key in /global/homes/q/qpzhang/.ssh/known_hosts to get rid of this message.
nid01759: Offending ECDSA key in /global/homes/q/qpzhang/.ssh/known_hosts:623
nid01759: Password authentication is disabled to avoid man-in-the-middle attacks.
nid01759: Keyboard-interactive authentication is disabled to avoid man-in-the-middle attacks.
nid01759: starting org.apache.spark.deploy.worker.Worker, logging to /global/cscratch1/sd/qpzhang/spark/2222006/sparklogs/spark-qpzhang-org.apache.spark.deploy.worker.Worker-1-nid00381.out
nid02165: Warning: Permanently added '[nid02165]:204,[10.128.8.134]:204' (ECDSA) to the list of known hosts.
nid02165: starting org.apache.spark.deploy.worker.Worker, logging to /global/cscratch1/sd/qpzhang/spark/2222006/sparklogs/spark-qpzhang-org.apache.spark.deploy.worker.Worker-1-nid00381.out
nid02034: Warning: Permanently added '[nid02034]:204,[10.128.8.3]:204' (ECDSA) to the list of known hosts.
nid02034: mv: cannot stat `/global/cscratch1/sd/qpzhang/spark/2222006/sparklogs/spark-qpzhang-org.apache.spark.deploy.worker.Worker-1-nid00381.out.2': No such file or directory
nid02034: mv: cannot stat `/global/cscratch1/sd/qpzhang/spark/2222006/sparklogs/spark-qpzhang-org.apache.spark.deploy.worker.Worker-1-nid00381.out.1': No such file or directory
nid02034: mv: cannot stat `/global/cscratch1/sd/qpzhang/spark/2222006/sparklogs/spark-qpzhang-org.apache.spark.deploy.worker.Worker-1-nid00381.out': No such file or directory
nid02034: starting org.apache.spark.deploy.worker.Worker, logging to /global/cscratch1/sd/qpzhang/spark/2222006/sparklogs/spark-qpzhang-org.apache.spark.deploy.worker.Worker-1-nid00381.out
nid01838: @@@@@@@@@@@@@@@@@@@@@@@@@@@@@@@@@@@@@@@@@@@@@@@@@@@@@@@@@@@
nid01838: @    WARNING: REMOTE HOST IDENTIFICATION HAS CHANGED!     @
nid01838: @@@@@@@@@@@@@@@@@@@@@@@@@@@@@@@@@@@@@@@@@@@@@@@@@@@@@@@@@@@
nid01838: IT IS POSSIBLE THAT SOMEONE IS DOING SOMETHING NASTY!
nid01838: Someone could be eavesdropping on you right now (man-in-the-middle attack)!
nid01838: It is also possible that a host key has just been changed.
nid01838: The fingerprint for the ECDSA key sent by the remote host is
nid01838: SHA256:LFbfa2/Udis/8CJD6rwBK0kqdbHwjgP+WUBhDrurC/8.
nid01838: Please contact your system administrator.
nid01838: Add correct host key in /global/homes/q/qpzhang/.ssh/known_hosts to get rid of this message.
nid01838: Offending ECDSA key in /global/homes/q/qpzhang/.ssh/known_hosts:639
nid01838: Password authentication is disabled to avoid man-in-the-middle attacks.
nid01838: Keyboard-interactive authentication is disabled to avoid man-in-the-middle attacks.
nid01838: starting org.apache.spark.deploy.worker.Worker, logging to /global/cscratch1/sd/qpzhang/spark/2222006/sparklogs/spark-qpzhang-org.apache.spark.deploy.worker.Worker-1-nid00381.out
nid01837: @@@@@@@@@@@@@@@@@@@@@@@@@@@@@@@@@@@@@@@@@@@@@@@@@@@@@@@@@@@
nid01837: @    WARNING: REMOTE HOST IDENTIFICATION HAS CHANGED!     @
nid01837: @@@@@@@@@@@@@@@@@@@@@@@@@@@@@@@@@@@@@@@@@@@@@@@@@@@@@@@@@@@
nid01837: IT IS POSSIBLE THAT SOMEONE IS DOING SOMETHING NASTY!
nid01837: Someone could be eavesdropping on you right now (man-in-the-middle attack)!
nid01837: It is also possible that a host key has just been changed.
nid01837: The fingerprint for the ECDSA key sent by the remote host is
nid01837: SHA256:1IlYOV5jwG3m99SrCngkGqFzG/5VqTTCGGBXPa3U4vU.
nid01837: Please contact your system administrator.
nid01837: Add correct host key in /global/homes/q/qpzhang/.ssh/known_hosts to get rid of this message.
nid01837: Offending ECDSA key in /global/homes/q/qpzhang/.ssh/known_hosts:638
nid01837: Password authentication is disabled to avoid man-in-the-middle attacks.
nid01837: Keyboard-interactive authentication is disabled to avoid man-in-the-middle attacks.
nid01837: mv: cannot stat `/global/cscratch1/sd/qpzhang/spark/2222006/sparklogs/spark-qpzhang-org.apache.spark.deploy.worker.Worker-1-nid00381.out.1': No such file or directory
nid01837: mv: cannot stat `/global/cscratch1/sd/qpzhang/spark/2222006/sparklogs/spark-qpzhang-org.apache.spark.deploy.worker.Worker-1-nid00381.out': No such file or directory
nid01837: starting org.apache.spark.deploy.worker.Worker, logging to /global/cscratch1/sd/qpzhang/spark/2222006/sparklogs/spark-qpzhang-org.apache.spark.deploy.worker.Worker-1-nid00381.out
nid01840: Warning: Permanently added '[nid01840]:204,[10.128.7.63]:204' (ECDSA) to the list of known hosts.
nid01840: mv: cannot stat `/global/cscratch1/sd/qpzhang/spark/2222006/sparklogs/spark-qpzhang-org.apache.spark.deploy.worker.Worker-1-nid00381.out.1': No such file or directory
nid01840: mv: cannot stat `/global/cscratch1/sd/qpzhang/spark/2222006/sparklogs/spark-qpzhang-org.apache.spark.deploy.worker.Worker-1-nid00381.out': No such file or directory
nid01840: starting org.apache.spark.deploy.worker.Worker, logging to /global/cscratch1/sd/qpzhang/spark/2222006/sparklogs/spark-qpzhang-org.apache.spark.deploy.worker.Worker-1-nid00381.out
nid01841: Warning: Permanently added '[nid01841]:204,[10.128.7.64]:204' (ECDSA) to the list of known hosts.
nid01841: starting org.apache.spark.deploy.worker.Worker, logging to /global/cscratch1/sd/qpzhang/spark/2222006/sparklogs/spark-qpzhang-org.apache.spark.deploy.worker.Worker-1-nid00381.out
nid02173: Warning: Permanently added '[nid02173]:204,[10.128.8.142]:204' (ECDSA) to the list of known hosts.
nid02173: starting org.apache.spark.deploy.worker.Worker, logging to /global/cscratch1/sd/qpzhang/spark/2222006/sparklogs/spark-qpzhang-org.apache.spark.deploy.worker.Worker-1-nid00381.out
nid02037: Warning: Permanently added '[nid02037]:204,[10.128.8.6]:204' (ECDSA) to the list of known hosts.
nid02037: mv: cannot stat `/global/cscratch1/sd/qpzhang/spark/2222006/sparklogs/spark-qpzhang-org.apache.spark.deploy.worker.Worker-1-nid00381.out.3': No such file or directory
nid02037: mv: cannot stat `/global/cscratch1/sd/qpzhang/spark/2222006/sparklogs/spark-qpzhang-org.apache.spark.deploy.worker.Worker-1-nid00381.out.2': No such file or directory
nid02037: mv: cannot stat `/global/cscratch1/sd/qpzhang/spark/2222006/sparklogs/spark-qpzhang-org.apache.spark.deploy.worker.Worker-1-nid00381.out.1': No such file or directory
nid02037: mv: cannot stat `/global/cscratch1/sd/qpzhang/spark/2222006/sparklogs/spark-qpzhang-org.apache.spark.deploy.worker.Worker-1-nid00381.out': No such file or directory
nid02037: starting org.apache.spark.deploy.worker.Worker, logging to /global/cscratch1/sd/qpzhang/spark/2222006/sparklogs/spark-qpzhang-org.apache.spark.deploy.worker.Worker-1-nid00381.out
nid02039: Warning: Permanently added '[nid02039]:204,[10.128.8.8]:204' (ECDSA) to the list of known hosts.
nid02039: mv: cannot stat `/global/cscratch1/sd/qpzhang/spark/2222006/sparklogs/spark-qpzhang-org.apache.spark.deploy.worker.Worker-1-nid00381.out.2': No such file or directory
nid02039: mv: cannot stat `/global/cscratch1/sd/qpzhang/spark/2222006/sparklogs/spark-qpzhang-org.apache.spark.deploy.worker.Worker-1-nid00381.out.1': No such file or directory
nid02039: mv: cannot stat `/global/cscratch1/sd/qpzhang/spark/2222006/sparklogs/spark-qpzhang-org.apache.spark.deploy.worker.Worker-1-nid00381.out': No such file or directory
nid02039: starting org.apache.spark.deploy.worker.Worker, logging to /global/cscratch1/sd/qpzhang/spark/2222006/sparklogs/spark-qpzhang-org.apache.spark.deploy.worker.Worker-1-nid00381.out
nid02041: Warning: Permanently added '[nid02041]:204,[10.128.8.10]:204' (ECDSA) to the list of known hosts.
nid02041: mv: cannot stat `/global/cscratch1/sd/qpzhang/spark/2222006/sparklogs/spark-qpzhang-org.apache.spark.deploy.worker.Worker-1-nid00381.out.2': No such file or directory
nid02041: mv: cannot stat `/global/cscratch1/sd/qpzhang/spark/2222006/sparklogs/spark-qpzhang-org.apache.spark.deploy.worker.Worker-1-nid00381.out.1': No such file or directory
nid02041: mv: cannot stat `/global/cscratch1/sd/qpzhang/spark/2222006/sparklogs/spark-qpzhang-org.apache.spark.deploy.worker.Worker-1-nid00381.out': No such file or directory
nid02041: starting org.apache.spark.deploy.worker.Worker, logging to /global/cscratch1/sd/qpzhang/spark/2222006/sparklogs/spark-qpzhang-org.apache.spark.deploy.worker.Worker-1-nid00381.out
nid02040: Warning: Permanently added '[nid02040]:204,[10.128.8.9]:204' (ECDSA) to the list of known hosts.
nid02040: mv: cannot stat `/global/cscratch1/sd/qpzhang/spark/2222006/sparklogs/spark-qpzhang-org.apache.spark.deploy.worker.Worker-1-nid00381.out.3': No such file or directory
nid02040: mv: cannot stat `/global/cscratch1/sd/qpzhang/spark/2222006/sparklogs/spark-qpzhang-org.apache.spark.deploy.worker.Worker-1-nid00381.out.2': No such file or directory
nid02040: mv: cannot stat `/global/cscratch1/sd/qpzhang/spark/2222006/sparklogs/spark-qpzhang-org.apache.spark.deploy.worker.Worker-1-nid00381.out.1': No such file or directory
nid02040: mv: cannot stat `/global/cscratch1/sd/qpzhang/spark/2222006/sparklogs/spark-qpzhang-org.apache.spark.deploy.worker.Worker-1-nid00381.out': No such file or directory
nid02040: starting org.apache.spark.deploy.worker.Worker, logging to /global/cscratch1/sd/qpzhang/spark/2222006/sparklogs/spark-qpzhang-org.apache.spark.deploy.worker.Worker-1-nid00381.out
nid01836: Warning: Permanently added '[nid01836]:204,[10.128.7.59]:204' (ECDSA) to the list of known hosts.
nid01836: mv: cannot stat `/global/cscratch1/sd/qpzhang/spark/2222006/sparklogs/spark-qpzhang-org.apache.spark.deploy.worker.Worker-1-nid00381.out.2': No such file or directory
nid01836: mv: cannot stat `/global/cscratch1/sd/qpzhang/spark/2222006/sparklogs/spark-qpzhang-org.apache.spark.deploy.worker.Worker-1-nid00381.out.1': No such file or directory
nid01836: mv: cannot stat `/global/cscratch1/sd/qpzhang/spark/2222006/sparklogs/spark-qpzhang-org.apache.spark.deploy.worker.Worker-1-nid00381.out': No such file or directory
nid01836: starting org.apache.spark.deploy.worker.Worker, logging to /global/cscratch1/sd/qpzhang/spark/2222006/sparklogs/spark-qpzhang-org.apache.spark.deploy.worker.Worker-1-nid00381.out
nid02038: Warning: Permanently added '[nid02038]:204,[10.128.8.7]:204' (ECDSA) to the list of known hosts.
nid02038: starting org.apache.spark.deploy.worker.Worker, logging to /global/cscratch1/sd/qpzhang/spark/2222006/sparklogs/spark-qpzhang-org.apache.spark.deploy.worker.Worker-1-nid00381.out
nid02042: Warning: Permanently added '[nid02042]:204,[10.128.8.11]:204' (ECDSA) to the list of known hosts.
nid02042: mv: cannot stat `/global/cscratch1/sd/qpzhang/spark/2222006/sparklogs/spark-qpzhang-org.apache.spark.deploy.worker.Worker-1-nid00381.out.1': No such file or directory
nid02042: mv: cannot stat `/global/cscratch1/sd/qpzhang/spark/2222006/sparklogs/spark-qpzhang-org.apache.spark.deploy.worker.Worker-1-nid00381.out': No such file or directory
nid02042: starting org.apache.spark.deploy.worker.Worker, logging to /global/cscratch1/sd/qpzhang/spark/2222006/sparklogs/spark-qpzhang-org.apache.spark.deploy.worker.Worker-1-nid00381.out
nid01763: Warning: Permanently added '[nid01763]:204,[10.128.6.240]:204' (ECDSA) to the list of known hosts.
nid01763: mv: cannot stat `/global/cscratch1/sd/qpzhang/spark/2222006/sparklogs/spark-qpzhang-org.apache.spark.deploy.worker.Worker-1-nid00381.out.4': No such file or directory
nid01763: mv: cannot stat `/global/cscratch1/sd/qpzhang/spark/2222006/sparklogs/spark-qpzhang-org.apache.spark.deploy.worker.Worker-1-nid00381.out.3': No such file or directory
nid01763: mv: cannot move `/global/cscratch1/sd/qpzhang/spark/2222006/sparklogs/spark-qpzhang-org.apache.spark.deploy.worker.Worker-1-nid00381.out.2' to `/global/cscratch1/sd/qpzhang/spark/2222006/sparklogs/spark-qpzhang-org.apache.spark.deploy.worker.Worker-1-nid00381.out.3': No such file or directory
nid01763: starting org.apache.spark.deploy.worker.Worker, logging to /global/cscratch1/sd/qpzhang/spark/2222006/sparklogs/spark-qpzhang-org.apache.spark.deploy.worker.Worker-1-nid00381.out
nid02166: Warning: Permanently added '[nid02166]:204,[10.128.8.135]:204' (ECDSA) to the list of known hosts.
nid02166: mv: cannot stat `/global/cscratch1/sd/qpzhang/spark/2222006/sparklogs/spark-qpzhang-org.apache.spark.deploy.worker.Worker-1-nid00381.out.3': No such file or directory
nid02166: mv: cannot move `/global/cscratch1/sd/qpzhang/spark/2222006/sparklogs/spark-qpzhang-org.apache.spark.deploy.worker.Worker-1-nid00381.out.2' to `/global/cscratch1/sd/qpzhang/spark/2222006/sparklogs/spark-qpzhang-org.apache.spark.deploy.worker.Worker-1-nid00381.out.3': No such file or directory
nid02166: mv: cannot stat `/global/cscratch1/sd/qpzhang/spark/2222006/sparklogs/spark-qpzhang-org.apache.spark.deploy.worker.Worker-1-nid00381.out.1': No such file or directory
nid02166: mv: cannot stat `/global/cscratch1/sd/qpzhang/spark/2222006/sparklogs/spark-qpzhang-org.apache.spark.deploy.worker.Worker-1-nid00381.out': No such file or directory
nid02166: starting org.apache.spark.deploy.worker.Worker, logging to /global/cscratch1/sd/qpzhang/spark/2222006/sparklogs/spark-qpzhang-org.apache.spark.deploy.worker.Worker-1-nid00381.out
nid01835: Warning: Permanently added '[nid01835]:204,[10.128.7.58]:204' (ECDSA) to the list of known hosts.
nid01835: mv: cannot stat `/global/cscratch1/sd/qpzhang/spark/2222006/sparklogs/spark-qpzhang-org.apache.spark.deploy.worker.Worker-1-nid00381.out.4': No such file or directory
nid01835: mv: cannot stat `/global/cscratch1/sd/qpzhang/spark/2222006/sparklogs/spark-qpzhang-org.apache.spark.deploy.worker.Worker-1-nid00381.out.3': No such file or directory
nid01835: mv: cannot move `/global/cscratch1/sd/qpzhang/spark/2222006/sparklogs/spark-qpzhang-org.apache.spark.deploy.worker.Worker-1-nid00381.out.2' to `/global/cscratch1/sd/qpzhang/spark/2222006/sparklogs/spark-qpzhang-org.apache.spark.deploy.worker.Worker-1-nid00381.out.3': No such file or directory
nid01835: mv: cannot stat `/global/cscratch1/sd/qpzhang/spark/2222006/sparklogs/spark-qpzhang-org.apache.spark.deploy.worker.Worker-1-nid00381.out.1': No such file or directory
nid01835: mv: cannot stat `/global/cscratch1/sd/qpzhang/spark/2222006/sparklogs/spark-qpzhang-org.apache.spark.deploy.worker.Worker-1-nid00381.out': No such file or directory
nid01835: starting org.apache.spark.deploy.worker.Worker, logging to /global/cscratch1/sd/qpzhang/spark/2222006/sparklogs/spark-qpzhang-org.apache.spark.deploy.worker.Worker-1-nid00381.out
nid01760: Warning: Permanently added '[nid01760]:204,[10.128.6.237]:204' (ECDSA) to the list of known hosts.
nid01760: mv: cannot stat `/global/cscratch1/sd/qpzhang/spark/2222006/sparklogs/spark-qpzhang-org.apache.spark.deploy.worker.Worker-1-nid00381.out.4': No such file or directory
nid01760: mv: cannot stat `/global/cscratch1/sd/qpzhang/spark/2222006/sparklogs/spark-qpzhang-org.apache.spark.deploy.worker.Worker-1-nid00381.out.3': No such file or directory
nid01760: mv: cannot move `/global/cscratch1/sd/qpzhang/spark/2222006/sparklogs/spark-qpzhang-org.apache.spark.deploy.worker.Worker-1-nid00381.out.2' to `/global/cscratch1/sd/qpzhang/spark/2222006/sparklogs/spark-qpzhang-org.apache.spark.deploy.worker.Worker-1-nid00381.out.3': No such file or directory
nid01760: mv: cannot stat `/global/cscratch1/sd/qpzhang/spark/2222006/sparklogs/spark-qpzhang-org.apache.spark.deploy.worker.Worker-1-nid00381.out.1': No such file or directory
nid01760: mv: cannot stat `/global/cscratch1/sd/qpzhang/spark/2222006/sparklogs/spark-qpzhang-org.apache.spark.deploy.worker.Worker-1-nid00381.out': No such file or directory
nid01760: starting org.apache.spark.deploy.worker.Worker, logging to /global/cscratch1/sd/qpzhang/spark/2222006/sparklogs/spark-qpzhang-org.apache.spark.deploy.worker.Worker-1-nid00381.out
nid02167: Warning: Permanently added '[nid02167]:204,[10.128.8.136]:204' (ECDSA) to the list of known hosts.
nid02167: mv: cannot move `/global/cscratch1/sd/qpzhang/spark/2222006/sparklogs/spark-qpzhang-org.apache.spark.deploy.worker.Worker-1-nid00381.out.2' to `/global/cscratch1/sd/qpzhang/spark/2222006/sparklogs/spark-qpzhang-org.apache.spark.deploy.worker.Worker-1-nid00381.out.3': No such file or directory
nid02167: mv: cannot stat `/global/cscratch1/sd/qpzhang/spark/2222006/sparklogs/spark-qpzhang-org.apache.spark.deploy.worker.Worker-1-nid00381.out.1': No such file or directory
nid02167: mv: cannot stat `/global/cscratch1/sd/qpzhang/spark/2222006/sparklogs/spark-qpzhang-org.apache.spark.deploy.worker.Worker-1-nid00381.out': No such file or directory
nid02167: starting org.apache.spark.deploy.worker.Worker, logging to /global/cscratch1/sd/qpzhang/spark/2222006/sparklogs/spark-qpzhang-org.apache.spark.deploy.worker.Worker-1-nid00381.out
nid01834: Warning: Permanently added '[nid01834]:204,[10.128.7.57]:204' (ECDSA) to the list of known hosts.
nid01834: starting org.apache.spark.deploy.worker.Worker, logging to /global/cscratch1/sd/qpzhang/spark/2222006/sparklogs/spark-qpzhang-org.apache.spark.deploy.worker.Worker-1-nid00381.out
nid01761: Warning: Permanently added '[nid01761]:204,[10.128.6.238]:204' (ECDSA) to the list of known hosts.
nid01761: mv: cannot stat `/global/cscratch1/sd/qpzhang/spark/2222006/sparklogs/spark-qpzhang-org.apache.spark.deploy.worker.Worker-1-nid00381.out.4': No such file or directory
nid01761: mv: cannot stat `/global/cscratch1/sd/qpzhang/spark/2222006/sparklogs/spark-qpzhang-org.apache.spark.deploy.worker.Worker-1-nid00381.out.3': No such file or directory
nid01761: mv: cannot move `/global/cscratch1/sd/qpzhang/spark/2222006/sparklogs/spark-qpzhang-org.apache.spark.deploy.worker.Worker-1-nid00381.out.2' to `/global/cscratch1/sd/qpzhang/spark/2222006/sparklogs/spark-qpzhang-org.apache.spark.deploy.worker.Worker-1-nid00381.out.3': No such file or directory
nid01761: mv: cannot stat `/global/cscratch1/sd/qpzhang/spark/2222006/sparklogs/spark-qpzhang-org.apache.spark.deploy.worker.Worker-1-nid00381.out.1': No such file or directory
nid01761: mv: cannot stat `/global/cscratch1/sd/qpzhang/spark/2222006/sparklogs/spark-qpzhang-org.apache.spark.deploy.worker.Worker-1-nid00381.out': No such file or directory
nid01761: starting org.apache.spark.deploy.worker.Worker, logging to /global/cscratch1/sd/qpzhang/spark/2222006/sparklogs/spark-qpzhang-org.apache.spark.deploy.worker.Worker-1-nid00381.out
nid01833: Warning: Permanently added '[nid01833]:204,[10.128.7.56]:204' (ECDSA) to the list of known hosts.
nid01833: mv: cannot stat `/global/cscratch1/sd/qpzhang/spark/2222006/sparklogs/spark-qpzhang-org.apache.spark.deploy.worker.Worker-1-nid00381.out.4': No such file or directory
nid01833: mv: cannot stat `/global/cscratch1/sd/qpzhang/spark/2222006/sparklogs/spark-qpzhang-org.apache.spark.deploy.worker.Worker-1-nid00381.out.3': No such file or directory
nid01833: mv: cannot move `/global/cscratch1/sd/qpzhang/spark/2222006/sparklogs/spark-qpzhang-org.apache.spark.deploy.worker.Worker-1-nid00381.out.2' to `/global/cscratch1/sd/qpzhang/spark/2222006/sparklogs/spark-qpzhang-org.apache.spark.deploy.worker.Worker-1-nid00381.out.3': No such file or directory
nid01833: mv: cannot stat `/global/cscratch1/sd/qpzhang/spark/2222006/sparklogs/spark-qpzhang-org.apache.spark.deploy.worker.Worker-1-nid00381.out.1': No such file or directory
nid01833: mv: cannot stat `/global/cscratch1/sd/qpzhang/spark/2222006/sparklogs/spark-qpzhang-org.apache.spark.deploy.worker.Worker-1-nid00381.out': No such file or directory
nid01833: starting org.apache.spark.deploy.worker.Worker, logging to /global/cscratch1/sd/qpzhang/spark/2222006/sparklogs/spark-qpzhang-org.apache.spark.deploy.worker.Worker-1-nid00381.out
nid02171: Warning: Permanently added '[nid02171]:204,[10.128.8.140]:204' (ECDSA) to the list of known hosts.
nid02171: mv: cannot stat `/global/cscratch1/sd/qpzhang/spark/2222006/sparklogs/spark-qpzhang-org.apache.spark.deploy.worker.Worker-1-nid00381.out.4': No such file or directory
nid02171: mv: cannot stat `/global/cscratch1/sd/qpzhang/spark/2222006/sparklogs/spark-qpzhang-org.apache.spark.deploy.worker.Worker-1-nid00381.out.2': No such file or directory
nid02171: mv: cannot stat `/global/cscratch1/sd/qpzhang/spark/2222006/sparklogs/spark-qpzhang-org.apache.spark.deploy.worker.Worker-1-nid00381.out.1': No such file or directory
nid02171: mv: cannot stat `/global/cscratch1/sd/qpzhang/spark/2222006/sparklogs/spark-qpzhang-org.apache.spark.deploy.worker.Worker-1-nid00381.out': No such file or directory
nid02171: starting org.apache.spark.deploy.worker.Worker, logging to /global/cscratch1/sd/qpzhang/spark/2222006/sparklogs/spark-qpzhang-org.apache.spark.deploy.worker.Worker-1-nid00381.out
nid02170: Warning: Permanently added '[nid02170]:204,[10.128.8.139]:204' (ECDSA) to the list of known hosts.
nid02170: starting org.apache.spark.deploy.worker.Worker, logging to /global/cscratch1/sd/qpzhang/spark/2222006/sparklogs/spark-qpzhang-org.apache.spark.deploy.worker.Worker-1-nid00381.out
nid02169: Warning: Permanently added '[nid02169]:204,[10.128.8.138]:204' (ECDSA) to the list of known hosts.
nid02169: mv: cannot stat `/global/cscratch1/sd/qpzhang/spark/2222006/sparklogs/spark-qpzhang-org.apache.spark.deploy.worker.Worker-1-nid00381.out.4': No such file or directory
nid02169: mv: cannot move `/global/cscratch1/sd/qpzhang/spark/2222006/sparklogs/spark-qpzhang-org.apache.spark.deploy.worker.Worker-1-nid00381.out.2' to `/global/cscratch1/sd/qpzhang/spark/2222006/sparklogs/spark-qpzhang-org.apache.spark.deploy.worker.Worker-1-nid00381.out.3': No such file or directory
nid02169: mv: cannot move `/global/cscratch1/sd/qpzhang/spark/2222006/sparklogs/spark-qpzhang-org.apache.spark.deploy.worker.Worker-1-nid00381.out' to `/global/cscratch1/sd/qpzhang/spark/2222006/sparklogs/spark-qpzhang-org.apache.spark.deploy.worker.Worker-1-nid00381.out.1': No such file or directory
nid02169: starting org.apache.spark.deploy.worker.Worker, logging to /global/cscratch1/sd/qpzhang/spark/2222006/sparklogs/spark-qpzhang-org.apache.spark.deploy.worker.Worker-1-nid00381.out
nid01762: Warning: Permanently added '[nid01762]:204,[10.128.6.239]:204' (ECDSA) to the list of known hosts.
nid01762: mv: cannot stat `/global/cscratch1/sd/qpzhang/spark/2222006/sparklogs/spark-qpzhang-org.apache.spark.deploy.worker.Worker-1-nid00381.out.4': No such file or directory
nid01762: mv: cannot stat `/global/cscratch1/sd/qpzhang/spark/2222006/sparklogs/spark-qpzhang-org.apache.spark.deploy.worker.Worker-1-nid00381.out.3': No such file or directory
nid01762: mv: cannot stat `/global/cscratch1/sd/qpzhang/spark/2222006/sparklogs/spark-qpzhang-org.apache.spark.deploy.worker.Worker-1-nid00381.out': No such file or directory
nid01762: starting org.apache.spark.deploy.worker.Worker, logging to /global/cscratch1/sd/qpzhang/spark/2222006/sparklogs/spark-qpzhang-org.apache.spark.deploy.worker.Worker-1-nid00381.out
nid02172: Warning: Permanently added '[nid02172]:204,[10.128.8.141]:204' (ECDSA) to the list of known hosts.
nid02172: starting org.apache.spark.deploy.worker.Worker, logging to /global/cscratch1/sd/qpzhang/spark/2222006/sparklogs/spark-qpzhang-org.apache.spark.deploy.worker.Worker-1-nid00381.out
nid02168: Warning: Permanently added '[nid02168]:204,[10.128.8.137]:204' (ECDSA) to the list of known hosts.
nid02168: mv: cannot stat `/global/cscratch1/sd/qpzhang/spark/2222006/sparklogs/spark-qpzhang-org.apache.spark.deploy.worker.Worker-1-nid00381.out.4': No such file or directory
nid02168: mv: cannot stat `/global/cscratch1/sd/qpzhang/spark/2222006/sparklogs/spark-qpzhang-org.apache.spark.deploy.worker.Worker-1-nid00381.out.1': No such file or directory
nid02168: mv: cannot stat `/global/cscratch1/sd/qpzhang/spark/2222006/sparklogs/spark-qpzhang-org.apache.spark.deploy.worker.Worker-1-nid00381.out': No such file or directory
nid02168: starting org.apache.spark.deploy.worker.Worker, logging to /global/cscratch1/sd/qpzhang/spark/2222006/sparklogs/spark-qpzhang-org.apache.spark.deploy.worker.Worker-1-nid00381.out
nid02036: Warning: Permanently added '[nid02036]:204,[10.128.8.5]:204' (ECDSA) to the list of known hosts.
nid02036: starting org.apache.spark.deploy.worker.Worker, logging to /global/cscratch1/sd/qpzhang/spark/2222006/sparklogs/spark-qpzhang-org.apache.spark.deploy.worker.Worker-1-nid00381.out
nid00382: doing ssh -o StrictHostKeyChecking=no nid00382  cd /global/common/cori/software/spark/1.5.1/sbin/.. ; /usr/common/software/spark/1.5.1/sbin/stop-slave.sh
nid01754: doing ssh -o StrictHostKeyChecking=no nid01754  cd /global/common/cori/software/spark/1.5.1/sbin/.. ; /usr/common/software/spark/1.5.1/sbin/stop-slave.sh
nid01755: doing ssh -o StrictHostKeyChecking=no nid01755  cd /global/common/cori/software/spark/1.5.1/sbin/.. ; /usr/common/software/spark/1.5.1/sbin/stop-slave.sh
nid01756: doing ssh -o StrictHostKeyChecking=no nid01756  cd /global/common/cori/software/spark/1.5.1/sbin/.. ; /usr/common/software/spark/1.5.1/sbin/stop-slave.sh
nid01757: doing ssh -o StrictHostKeyChecking=no nid01757  cd /global/common/cori/software/spark/1.5.1/sbin/.. ; /usr/common/software/spark/1.5.1/sbin/stop-slave.sh
nid01758: doing ssh -o StrictHostKeyChecking=no nid01758  cd /global/common/cori/software/spark/1.5.1/sbin/.. ; /usr/common/software/spark/1.5.1/sbin/stop-slave.sh
nid01759: doing ssh -o StrictHostKeyChecking=no nid01759  cd /global/common/cori/software/spark/1.5.1/sbin/.. ; /usr/common/software/spark/1.5.1/sbin/stop-slave.sh
nid01760: doing ssh -o StrictHostKeyChecking=no nid01760  cd /global/common/cori/software/spark/1.5.1/sbin/.. ; /usr/common/software/spark/1.5.1/sbin/stop-slave.sh
nid01761: doing ssh -o StrictHostKeyChecking=no nid01761  cd /global/common/cori/software/spark/1.5.1/sbin/.. ; /usr/common/software/spark/1.5.1/sbin/stop-slave.sh
nid01762: doing ssh -o StrictHostKeyChecking=no nid01762  cd /global/common/cori/software/spark/1.5.1/sbin/.. ; /usr/common/software/spark/1.5.1/sbin/stop-slave.sh
nid01763: doing ssh -o StrictHostKeyChecking=no nid01763  cd /global/common/cori/software/spark/1.5.1/sbin/.. ; /usr/common/software/spark/1.5.1/sbin/stop-slave.sh
nid01833: doing ssh -o StrictHostKeyChecking=no nid01833  cd /global/common/cori/software/spark/1.5.1/sbin/.. ; /usr/common/software/spark/1.5.1/sbin/stop-slave.sh
nid01834: doing ssh -o StrictHostKeyChecking=no nid01834  cd /global/common/cori/software/spark/1.5.1/sbin/.. ; /usr/common/software/spark/1.5.1/sbin/stop-slave.sh
nid01835: doing ssh -o StrictHostKeyChecking=no nid01835  cd /global/common/cori/software/spark/1.5.1/sbin/.. ; /usr/common/software/spark/1.5.1/sbin/stop-slave.sh
nid01836: doing ssh -o StrictHostKeyChecking=no nid01836  cd /global/common/cori/software/spark/1.5.1/sbin/.. ; /usr/common/software/spark/1.5.1/sbin/stop-slave.sh
nid01837: doing ssh -o StrictHostKeyChecking=no nid01837  cd /global/common/cori/software/spark/1.5.1/sbin/.. ; /usr/common/software/spark/1.5.1/sbin/stop-slave.sh
nid01838: doing ssh -o StrictHostKeyChecking=no nid01838  cd /global/common/cori/software/spark/1.5.1/sbin/.. ; /usr/common/software/spark/1.5.1/sbin/stop-slave.sh
nid01839: doing ssh -o StrictHostKeyChecking=no nid01839  cd /global/common/cori/software/spark/1.5.1/sbin/.. ; /usr/common/software/spark/1.5.1/sbin/stop-slave.sh
nid01840: doing ssh -o StrictHostKeyChecking=no nid01840  cd /global/common/cori/software/spark/1.5.1/sbin/.. ; /usr/common/software/spark/1.5.1/sbin/stop-slave.sh
nid01841: doing ssh -o StrictHostKeyChecking=no nid01841  cd /global/common/cori/software/spark/1.5.1/sbin/.. ; /usr/common/software/spark/1.5.1/sbin/stop-slave.sh
nid02033: doing ssh -o StrictHostKeyChecking=no nid02033  cd /global/common/cori/software/spark/1.5.1/sbin/.. ; /usr/common/software/spark/1.5.1/sbin/stop-slave.sh
nid02034: doing ssh -o StrictHostKeyChecking=no nid02034  cd /global/common/cori/software/spark/1.5.1/sbin/.. ; /usr/common/software/spark/1.5.1/sbin/stop-slave.sh
nid02035: doing ssh -o StrictHostKeyChecking=no nid02035  cd /global/common/cori/software/spark/1.5.1/sbin/.. ; /usr/common/software/spark/1.5.1/sbin/stop-slave.sh
nid02036: doing ssh -o StrictHostKeyChecking=no nid02036  cd /global/common/cori/software/spark/1.5.1/sbin/.. ; /usr/common/software/spark/1.5.1/sbin/stop-slave.sh
nid02037: doing ssh -o StrictHostKeyChecking=no nid02037  cd /global/common/cori/software/spark/1.5.1/sbin/.. ; /usr/common/software/spark/1.5.1/sbin/stop-slave.sh
nid02038: doing ssh -o StrictHostKeyChecking=no nid02038  cd /global/common/cori/software/spark/1.5.1/sbin/.. ; /usr/common/software/spark/1.5.1/sbin/stop-slave.sh
nid02039: doing ssh -o StrictHostKeyChecking=no nid02039  cd /global/common/cori/software/spark/1.5.1/sbin/.. ; /usr/common/software/spark/1.5.1/sbin/stop-slave.sh
nid02040: doing ssh -o StrictHostKeyChecking=no nid02040  cd /global/common/cori/software/spark/1.5.1/sbin/.. ; /usr/common/software/spark/1.5.1/sbin/stop-slave.sh
nid02041: doing ssh -o StrictHostKeyChecking=no nid02041  cd /global/common/cori/software/spark/1.5.1/sbin/.. ; /usr/common/software/spark/1.5.1/sbin/stop-slave.sh
nid02042: doing ssh -o StrictHostKeyChecking=no nid02042  cd /global/common/cori/software/spark/1.5.1/sbin/.. ; /usr/common/software/spark/1.5.1/sbin/stop-slave.sh
nid02165: doing ssh -o StrictHostKeyChecking=no nid02165  cd /global/common/cori/software/spark/1.5.1/sbin/.. ; /usr/common/software/spark/1.5.1/sbin/stop-slave.sh
nid02166: doing ssh -o StrictHostKeyChecking=no nid02166  cd /global/common/cori/software/spark/1.5.1/sbin/.. ; /usr/common/software/spark/1.5.1/sbin/stop-slave.sh
nid02167: doing ssh -o StrictHostKeyChecking=no nid02167  cd /global/common/cori/software/spark/1.5.1/sbin/.. ; /usr/common/software/spark/1.5.1/sbin/stop-slave.sh
nid02168: doing ssh -o StrictHostKeyChecking=no nid02168  cd /global/common/cori/software/spark/1.5.1/sbin/.. ; /usr/common/software/spark/1.5.1/sbin/stop-slave.sh
nid02169: doing ssh -o StrictHostKeyChecking=no nid02169  cd /global/common/cori/software/spark/1.5.1/sbin/.. ; /usr/common/software/spark/1.5.1/sbin/stop-slave.sh
nid02170: doing ssh -o StrictHostKeyChecking=no nid02170  cd /global/common/cori/software/spark/1.5.1/sbin/.. ; /usr/common/software/spark/1.5.1/sbin/stop-slave.sh
nid02171: doing ssh -o StrictHostKeyChecking=no nid02171  cd /global/common/cori/software/spark/1.5.1/sbin/.. ; /usr/common/software/spark/1.5.1/sbin/stop-slave.sh
nid02172: doing ssh -o StrictHostKeyChecking=no nid02172  cd /global/common/cori/software/spark/1.5.1/sbin/.. ; /usr/common/software/spark/1.5.1/sbin/stop-slave.sh
nid02173: doing ssh -o StrictHostKeyChecking=no nid02173  cd /global/common/cori/software/spark/1.5.1/sbin/.. ; /usr/common/software/spark/1.5.1/sbin/stop-slave.sh
nid01755: stopping org.apache.spark.deploy.worker.Worker
nid01757: @@@@@@@@@@@@@@@@@@@@@@@@@@@@@@@@@@@@@@@@@@@@@@@@@@@@@@@@@@@
nid01757: @    WARNING: REMOTE HOST IDENTIFICATION HAS CHANGED!     @
nid01757: @@@@@@@@@@@@@@@@@@@@@@@@@@@@@@@@@@@@@@@@@@@@@@@@@@@@@@@@@@@
nid01757: IT IS POSSIBLE THAT SOMEONE IS DOING SOMETHING NASTY!
nid01757: Someone could be eavesdropping on you right now (man-in-the-middle attack)!
nid01757: It is also possible that a host key has just been changed.
nid01757: The fingerprint for the ECDSA key sent by the remote host is
nid01757: SHA256:/qArLfUjQKEd+Sn7YqGIiBV3gYoXPs57jBQzYY2c3Wk.
nid01757: Please contact your system administrator.
nid01757: Add correct host key in /global/homes/q/qpzhang/.ssh/known_hosts to get rid of this message.
nid01757: Offending ECDSA key in /global/homes/q/qpzhang/.ssh/known_hosts:622
nid01757: Password authentication is disabled to avoid man-in-the-middle attacks.
nid01757: Keyboard-interactive authentication is disabled to avoid man-in-the-middle attacks.
nid01757: stopping org.apache.spark.deploy.worker.Worker
nid01754: stopping org.apache.spark.deploy.worker.Worker
nid01756: @@@@@@@@@@@@@@@@@@@@@@@@@@@@@@@@@@@@@@@@@@@@@@@@@@@@@@@@@@@
nid01756: @    WARNING: REMOTE HOST IDENTIFICATION HAS CHANGED!     @
nid01756: @@@@@@@@@@@@@@@@@@@@@@@@@@@@@@@@@@@@@@@@@@@@@@@@@@@@@@@@@@@
nid01756: IT IS POSSIBLE THAT SOMEONE IS DOING SOMETHING NASTY!
nid01756: Someone could be eavesdropping on you right now (man-in-the-middle attack)!
nid01756: It is also possible that a host key has just been changed.
nid01756: The fingerprint for the ECDSA key sent by the remote host is
nid01756: SHA256:Z5PeuYEljCKJ6aXO+DNhkPsMDA8+q4ClosK7eJmiHOg.
nid01756: Please contact your system administrator.
nid01756: Add correct host key in /global/homes/q/qpzhang/.ssh/known_hosts to get rid of this message.
nid01756: Offending ECDSA key in /global/homes/q/qpzhang/.ssh/known_hosts:621
nid01756: Password authentication is disabled to avoid man-in-the-middle attacks.
nid01756: Keyboard-interactive authentication is disabled to avoid man-in-the-middle attacks.
nid01756: stopping org.apache.spark.deploy.worker.Worker
nid00382: stopping org.apache.spark.deploy.worker.Worker
nid01759: @@@@@@@@@@@@@@@@@@@@@@@@@@@@@@@@@@@@@@@@@@@@@@@@@@@@@@@@@@@
nid01759: @    WARNING: REMOTE HOST IDENTIFICATION HAS CHANGED!     @
nid01759: @@@@@@@@@@@@@@@@@@@@@@@@@@@@@@@@@@@@@@@@@@@@@@@@@@@@@@@@@@@
nid01759: IT IS POSSIBLE THAT SOMEONE IS DOING SOMETHING NASTY!
nid01759: Someone could be eavesdropping on you right now (man-in-the-middle attack)!
nid01759: It is also possible that a host key has just been changed.
nid01759: The fingerprint for the ECDSA key sent by the remote host is
nid01759: SHA256:SwO1wQWS0zj5v2TupJYJ7Dz9G1LH1/WG/WmJsqLoYo4.
nid01759: Please contact your system administrator.
nid01759: Add correct host key in /global/homes/q/qpzhang/.ssh/known_hosts to get rid of this message.
nid01759: Offending ECDSA key in /global/homes/q/qpzhang/.ssh/known_hosts:623
nid01759: Password authentication is disabled to avoid man-in-the-middle attacks.
nid01759: Keyboard-interactive authentication is disabled to avoid man-in-the-middle attacks.
nid01759: stopping org.apache.spark.deploy.worker.Worker
nid01758: @@@@@@@@@@@@@@@@@@@@@@@@@@@@@@@@@@@@@@@@@@@@@@@@@@@@@@@@@@@
nid01758: @    WARNING: REMOTE HOST IDENTIFICATION HAS CHANGED!     @
nid01758: @@@@@@@@@@@@@@@@@@@@@@@@@@@@@@@@@@@@@@@@@@@@@@@@@@@@@@@@@@@
nid01758: IT IS POSSIBLE THAT SOMEONE IS DOING SOMETHING NASTY!
nid01758: Someone could be eavesdropping on you right now (man-in-the-middle attack)!
nid01758: It is also possible that a host key has just been changed.
nid01758: The fingerprint for the ECDSA key sent by the remote host is
nid01758: SHA256:d0aUURmHFwZ/WA9GEVyR0Jvt4H9ubi3jtnI7/Tdfsck.
nid01758: Please contact your system administrator.
nid01758: Add correct host key in /global/homes/q/qpzhang/.ssh/known_hosts to get rid of this message.
nid01758: Offending ECDSA key in /global/homes/q/qpzhang/.ssh/known_hosts:624
nid01758: Password authentication is disabled to avoid man-in-the-middle attacks.
nid01758: Keyboard-interactive authentication is disabled to avoid man-in-the-middle attacks.
nid01758: stopping org.apache.spark.deploy.worker.Worker
nid01761: stopping org.apache.spark.deploy.worker.Worker
nid01833: stopping org.apache.spark.deploy.worker.Worker
nid01760: stopping org.apache.spark.deploy.worker.Worker
nid02033: stopping org.apache.spark.deploy.worker.Worker
nid01762: stopping org.apache.spark.deploy.worker.Worker
nid01839: @@@@@@@@@@@@@@@@@@@@@@@@@@@@@@@@@@@@@@@@@@@@@@@@@@@@@@@@@@@
nid01839: @    WARNING: REMOTE HOST IDENTIFICATION HAS CHANGED!     @
nid01839: @@@@@@@@@@@@@@@@@@@@@@@@@@@@@@@@@@@@@@@@@@@@@@@@@@@@@@@@@@@
nid01839: IT IS POSSIBLE THAT SOMEONE IS DOING SOMETHING NASTY!
nid01839: Someone could be eavesdropping on you right now (man-in-the-middle attack)!
nid01839: It is also possible that a host key has just been changed.
nid01839: The fingerprint for the ECDSA key sent by the remote host is
nid01839: SHA256:5zSyUQCjKo1lTpVOpEBE5PFHhEqYlbU+vsacvWMqMN0.
nid01839: Please contact your system administrator.
nid01839: Add correct host key in /global/homes/q/qpzhang/.ssh/known_hosts to get rid of this message.
nid01839: Offending ECDSA key in /global/homes/q/qpzhang/.ssh/known_hosts:640
nid01839: Password authentication is disabled to avoid man-in-the-middle attacks.
nid01839: Keyboard-interactive authentication is disabled to avoid man-in-the-middle attacks.
nid01839: stopping org.apache.spark.deploy.worker.Worker
nid01835: stopping org.apache.spark.deploy.worker.Worker
nid01763: stopping org.apache.spark.deploy.worker.Worker
nid01834: stopping org.apache.spark.deploy.worker.Worker
nid01836: stopping org.apache.spark.deploy.worker.Worker
nid02035: stopping org.apache.spark.deploy.worker.Worker
nid02036: stopping org.apache.spark.deploy.worker.Worker
nid01837: @@@@@@@@@@@@@@@@@@@@@@@@@@@@@@@@@@@@@@@@@@@@@@@@@@@@@@@@@@@
nid01837: @    WARNING: REMOTE HOST IDENTIFICATION HAS CHANGED!     @
nid01837: @@@@@@@@@@@@@@@@@@@@@@@@@@@@@@@@@@@@@@@@@@@@@@@@@@@@@@@@@@@
nid01837: IT IS POSSIBLE THAT SOMEONE IS DOING SOMETHING NASTY!
nid01837: Someone could be eavesdropping on you right now (man-in-the-middle attack)!
nid01837: It is also possible that a host key has just been changed.
nid01837: The fingerprint for the ECDSA key sent by the remote host is
nid01837: SHA256:1IlYOV5jwG3m99SrCngkGqFzG/5VqTTCGGBXPa3U4vU.
nid01837: Please contact your system administrator.
nid01837: Add correct host key in /global/homes/q/qpzhang/.ssh/known_hosts to get rid of this message.
nid01837: Offending ECDSA key in /global/homes/q/qpzhang/.ssh/known_hosts:638
nid01837: Password authentication is disabled to avoid man-in-the-middle attacks.
nid01837: Keyboard-interactive authentication is disabled to avoid man-in-the-middle attacks.
nid01837: stopping org.apache.spark.deploy.worker.Worker
nid02034: stopping org.apache.spark.deploy.worker.Worker
nid01840: stopping org.apache.spark.deploy.worker.Worker
nid01838: @@@@@@@@@@@@@@@@@@@@@@@@@@@@@@@@@@@@@@@@@@@@@@@@@@@@@@@@@@@
nid01838: @    WARNING: REMOTE HOST IDENTIFICATION HAS CHANGED!     @
nid01838: @@@@@@@@@@@@@@@@@@@@@@@@@@@@@@@@@@@@@@@@@@@@@@@@@@@@@@@@@@@
nid01838: IT IS POSSIBLE THAT SOMEONE IS DOING SOMETHING NASTY!
nid01838: Someone could be eavesdropping on you right now (man-in-the-middle attack)!
nid01838: It is also possible that a host key has just been changed.
nid01838: The fingerprint for the ECDSA key sent by the remote host is
nid01838: SHA256:LFbfa2/Udis/8CJD6rwBK0kqdbHwjgP+WUBhDrurC/8.
nid01838: Please contact your system administrator.
nid01838: Add correct host key in /global/homes/q/qpzhang/.ssh/known_hosts to get rid of this message.
nid01838: Offending ECDSA key in /global/homes/q/qpzhang/.ssh/known_hosts:639
nid01838: Password authentication is disabled to avoid man-in-the-middle attacks.
nid01838: Keyboard-interactive authentication is disabled to avoid man-in-the-middle attacks.
nid01838: stopping org.apache.spark.deploy.worker.Worker
nid02037: stopping org.apache.spark.deploy.worker.Worker
nid02038: stopping org.apache.spark.deploy.worker.Worker
nid01841: stopping org.apache.spark.deploy.worker.Worker
nid02039: stopping org.apache.spark.deploy.worker.Worker
nid02040: stopping org.apache.spark.deploy.worker.Worker
nid02165: stopping org.apache.spark.deploy.worker.Worker
nid02166: stopping org.apache.spark.deploy.worker.Worker
nid02167: stopping org.apache.spark.deploy.worker.Worker
nid02169: stopping org.apache.spark.deploy.worker.Worker
nid02041: stopping org.apache.spark.deploy.worker.Worker
nid02042: stopping org.apache.spark.deploy.worker.Worker
nid02173: stopping org.apache.spark.deploy.worker.Worker
nid02168: stopping org.apache.spark.deploy.worker.Worker
nid02171: stopping org.apache.spark.deploy.worker.Worker
nid02172: stopping org.apache.spark.deploy.worker.Worker
nid02170: stopping org.apache.spark.deploy.worker.Worker
stopping org.apache.spark.deploy.master.Master
