writing to /global/cscratch1/sd/qpzhang/spark_env
starting org.apache.spark.deploy.master.Master, logging to /global/cscratch1/sd/qpzhang/spark/2201045/sparklogs/spark-qpzhang-org.apache.spark.deploy.master.Master-1-nid00567.out
/global/common/cori/software/spark/1.5.1/sbin/..
nid00568: doing ssh -o StrictHostKeyChecking=no nid00568  cd /global/common/cori/software/spark/1.5.1/sbin/.. ; /usr/common/software/spark/1.5.1/sbin/start-slave.sh spark://nid00567:7077
nid00574: doing ssh -o StrictHostKeyChecking=no nid00574  cd /global/common/cori/software/spark/1.5.1/sbin/.. ; /usr/common/software/spark/1.5.1/sbin/start-slave.sh spark://nid00567:7077
nid00575: doing ssh -o StrictHostKeyChecking=no nid00575  cd /global/common/cori/software/spark/1.5.1/sbin/.. ; /usr/common/software/spark/1.5.1/sbin/start-slave.sh spark://nid00567:7077
nid00598: doing ssh -o StrictHostKeyChecking=no nid00598  cd /global/common/cori/software/spark/1.5.1/sbin/.. ; /usr/common/software/spark/1.5.1/sbin/start-slave.sh spark://nid00567:7077
nid00599: doing ssh -o StrictHostKeyChecking=no nid00599  cd /global/common/cori/software/spark/1.5.1/sbin/.. ; /usr/common/software/spark/1.5.1/sbin/start-slave.sh spark://nid00567:7077
nid00667: doing ssh -o StrictHostKeyChecking=no nid00667  cd /global/common/cori/software/spark/1.5.1/sbin/.. ; /usr/common/software/spark/1.5.1/sbin/start-slave.sh spark://nid00567:7077
nid00668: doing ssh -o StrictHostKeyChecking=no nid00668  cd /global/common/cori/software/spark/1.5.1/sbin/.. ; /usr/common/software/spark/1.5.1/sbin/start-slave.sh spark://nid00567:7077
nid00767: doing ssh -o StrictHostKeyChecking=no nid00767  cd /global/common/cori/software/spark/1.5.1/sbin/.. ; /usr/common/software/spark/1.5.1/sbin/start-slave.sh spark://nid00567:7077
nid00788: doing ssh -o StrictHostKeyChecking=no nid00788  cd /global/common/cori/software/spark/1.5.1/sbin/.. ; /usr/common/software/spark/1.5.1/sbin/start-slave.sh spark://nid00567:7077
nid00880: doing ssh -o StrictHostKeyChecking=no nid00880  cd /global/common/cori/software/spark/1.5.1/sbin/.. ; /usr/common/software/spark/1.5.1/sbin/start-slave.sh spark://nid00567:7077
nid00881: doing ssh -o StrictHostKeyChecking=no nid00881  cd /global/common/cori/software/spark/1.5.1/sbin/.. ; /usr/common/software/spark/1.5.1/sbin/start-slave.sh spark://nid00567:7077
nid00889: doing ssh -o StrictHostKeyChecking=no nid00889  cd /global/common/cori/software/spark/1.5.1/sbin/.. ; /usr/common/software/spark/1.5.1/sbin/start-slave.sh spark://nid00567:7077
nid00890: doing ssh -o StrictHostKeyChecking=no nid00890  cd /global/common/cori/software/spark/1.5.1/sbin/.. ; /usr/common/software/spark/1.5.1/sbin/start-slave.sh spark://nid00567:7077
nid01018: doing ssh -o StrictHostKeyChecking=no nid01018  cd /global/common/cori/software/spark/1.5.1/sbin/.. ; /usr/common/software/spark/1.5.1/sbin/start-slave.sh spark://nid00567:7077
nid01019: doing ssh -o StrictHostKeyChecking=no nid01019  cd /global/common/cori/software/spark/1.5.1/sbin/.. ; /usr/common/software/spark/1.5.1/sbin/start-slave.sh spark://nid00567:7077
nid01021: doing ssh -o StrictHostKeyChecking=no nid01021  cd /global/common/cori/software/spark/1.5.1/sbin/.. ; /usr/common/software/spark/1.5.1/sbin/start-slave.sh spark://nid00567:7077
nid01022: doing ssh -o StrictHostKeyChecking=no nid01022  cd /global/common/cori/software/spark/1.5.1/sbin/.. ; /usr/common/software/spark/1.5.1/sbin/start-slave.sh spark://nid00567:7077
nid01174: doing ssh -o StrictHostKeyChecking=no nid01174  cd /global/common/cori/software/spark/1.5.1/sbin/.. ; /usr/common/software/spark/1.5.1/sbin/start-slave.sh spark://nid00567:7077
nid01660: doing ssh -o StrictHostKeyChecking=no nid01660  cd /global/common/cori/software/spark/1.5.1/sbin/.. ; /usr/common/software/spark/1.5.1/sbin/start-slave.sh spark://nid00567:7077
nid01661: doing ssh -o StrictHostKeyChecking=no nid01661  cd /global/common/cori/software/spark/1.5.1/sbin/.. ; /usr/common/software/spark/1.5.1/sbin/start-slave.sh spark://nid00567:7077
nid01662: doing ssh -o StrictHostKeyChecking=no nid01662  cd /global/common/cori/software/spark/1.5.1/sbin/.. ; /usr/common/software/spark/1.5.1/sbin/start-slave.sh spark://nid00567:7077
nid01837: doing ssh -o StrictHostKeyChecking=no nid01837  cd /global/common/cori/software/spark/1.5.1/sbin/.. ; /usr/common/software/spark/1.5.1/sbin/start-slave.sh spark://nid00567:7077
nid01838: doing ssh -o StrictHostKeyChecking=no nid01838  cd /global/common/cori/software/spark/1.5.1/sbin/.. ; /usr/common/software/spark/1.5.1/sbin/start-slave.sh spark://nid00567:7077
nid01839: doing ssh -o StrictHostKeyChecking=no nid01839  cd /global/common/cori/software/spark/1.5.1/sbin/.. ; /usr/common/software/spark/1.5.1/sbin/start-slave.sh spark://nid00567:7077
nid02003: doing ssh -o StrictHostKeyChecking=no nid02003  cd /global/common/cori/software/spark/1.5.1/sbin/.. ; /usr/common/software/spark/1.5.1/sbin/start-slave.sh spark://nid00567:7077
nid02008: doing ssh -o StrictHostKeyChecking=no nid02008  cd /global/common/cori/software/spark/1.5.1/sbin/.. ; /usr/common/software/spark/1.5.1/sbin/start-slave.sh spark://nid00567:7077
nid02009: doing ssh -o StrictHostKeyChecking=no nid02009  cd /global/common/cori/software/spark/1.5.1/sbin/.. ; /usr/common/software/spark/1.5.1/sbin/start-slave.sh spark://nid00567:7077
nid02099: doing ssh -o StrictHostKeyChecking=no nid02099  cd /global/common/cori/software/spark/1.5.1/sbin/.. ; /usr/common/software/spark/1.5.1/sbin/start-slave.sh spark://nid00567:7077
nid02100: doing ssh -o StrictHostKeyChecking=no nid02100  cd /global/common/cori/software/spark/1.5.1/sbin/.. ; /usr/common/software/spark/1.5.1/sbin/start-slave.sh spark://nid00567:7077
nid02101: doing ssh -o StrictHostKeyChecking=no nid02101  cd /global/common/cori/software/spark/1.5.1/sbin/.. ; /usr/common/software/spark/1.5.1/sbin/start-slave.sh spark://nid00567:7077
nid02137: doing ssh -o StrictHostKeyChecking=no nid02137  cd /global/common/cori/software/spark/1.5.1/sbin/.. ; /usr/common/software/spark/1.5.1/sbin/start-slave.sh spark://nid00567:7077
nid02138: doing ssh -o StrictHostKeyChecking=no nid02138  cd /global/common/cori/software/spark/1.5.1/sbin/.. ; /usr/common/software/spark/1.5.1/sbin/start-slave.sh spark://nid00567:7077
nid02139: doing ssh -o StrictHostKeyChecking=no nid02139  cd /global/common/cori/software/spark/1.5.1/sbin/.. ; /usr/common/software/spark/1.5.1/sbin/start-slave.sh spark://nid00567:7077
nid02212: doing ssh -o StrictHostKeyChecking=no nid02212  cd /global/common/cori/software/spark/1.5.1/sbin/.. ; /usr/common/software/spark/1.5.1/sbin/start-slave.sh spark://nid00567:7077
nid02213: doing ssh -o StrictHostKeyChecking=no nid02213  cd /global/common/cori/software/spark/1.5.1/sbin/.. ; /usr/common/software/spark/1.5.1/sbin/start-slave.sh spark://nid00567:7077
nid02214: doing ssh -o StrictHostKeyChecking=no nid02214  cd /global/common/cori/software/spark/1.5.1/sbin/.. ; /usr/common/software/spark/1.5.1/sbin/start-slave.sh spark://nid00567:7077
nid02231: doing ssh -o StrictHostKeyChecking=no nid02231  cd /global/common/cori/software/spark/1.5.1/sbin/.. ; /usr/common/software/spark/1.5.1/sbin/start-slave.sh spark://nid00567:7077
nid02232: doing ssh -o StrictHostKeyChecking=no nid02232  cd /global/common/cori/software/spark/1.5.1/sbin/.. ; /usr/common/software/spark/1.5.1/sbin/start-slave.sh spark://nid00567:7077
nid02233: doing ssh -o StrictHostKeyChecking=no nid02233  cd /global/common/cori/software/spark/1.5.1/sbin/.. ; /usr/common/software/spark/1.5.1/sbin/start-slave.sh spark://nid00567:7077
nid00574: Warning: Permanently added '[nid00574]:204,[10.128.2.67]:204' (ECDSA) to the list of known hosts.
nid00574: starting org.apache.spark.deploy.worker.Worker, logging to /global/cscratch1/sd/qpzhang/spark/2201045/sparklogs/spark-qpzhang-org.apache.spark.deploy.worker.Worker-1-nid00567.out
nid00575: Warning: Permanently added '[nid00575]:204,[10.128.2.68]:204' (ECDSA) to the list of known hosts.
nid00575: starting org.apache.spark.deploy.worker.Worker, logging to /global/cscratch1/sd/qpzhang/spark/2201045/sparklogs/spark-qpzhang-org.apache.spark.deploy.worker.Worker-1-nid00567.out
nid00598: @@@@@@@@@@@@@@@@@@@@@@@@@@@@@@@@@@@@@@@@@@@@@@@@@@@@@@@@@@@
nid00598: @    WARNING: REMOTE HOST IDENTIFICATION HAS CHANGED!     @
nid00598: @@@@@@@@@@@@@@@@@@@@@@@@@@@@@@@@@@@@@@@@@@@@@@@@@@@@@@@@@@@
nid00598: IT IS POSSIBLE THAT SOMEONE IS DOING SOMETHING NASTY!
nid00598: Someone could be eavesdropping on you right now (man-in-the-middle attack)!
nid00598: It is also possible that a host key has just been changed.
nid00598: The fingerprint for the ECDSA key sent by the remote host is
nid00598: SHA256:QKgRgHF5zWm35sJ4+/ohqN0zgray7NrMklM1zvGYzeA.
nid00598: Please contact your system administrator.
nid00598: Add correct host key in /global/homes/q/qpzhang/.ssh/known_hosts to get rid of this message.
nid00598: Offending ECDSA key in /global/homes/q/qpzhang/.ssh/known_hosts:413
nid00598: Password authentication is disabled to avoid man-in-the-middle attacks.
nid00598: Keyboard-interactive authentication is disabled to avoid man-in-the-middle attacks.
nid00598: starting org.apache.spark.deploy.worker.Worker, logging to /global/cscratch1/sd/qpzhang/spark/2201045/sparklogs/spark-qpzhang-org.apache.spark.deploy.worker.Worker-1-nid00567.out
nid00599: Warning: Permanently added '[nid00599]:204,[10.128.2.92]:204' (ECDSA) to the list of known hosts.
nid00599: mv: cannot stat `/global/cscratch1/sd/qpzhang/spark/2201045/sparklogs/spark-qpzhang-org.apache.spark.deploy.worker.Worker-1-nid00567.out': No such file or directory
nid00599: starting org.apache.spark.deploy.worker.Worker, logging to /global/cscratch1/sd/qpzhang/spark/2201045/sparklogs/spark-qpzhang-org.apache.spark.deploy.worker.Worker-1-nid00567.out
nid00568: Warning: Permanently added '[nid00568]:204,[10.128.2.61]:204' (ECDSA) to the list of known hosts.
nid00568: starting org.apache.spark.deploy.worker.Worker, logging to /global/cscratch1/sd/qpzhang/spark/2201045/sparklogs/spark-qpzhang-org.apache.spark.deploy.worker.Worker-1-nid00567.out
nid00890: @@@@@@@@@@@@@@@@@@@@@@@@@@@@@@@@@@@@@@@@@@@@@@@@@@@@@@@@@@@
nid00890: @    WARNING: REMOTE HOST IDENTIFICATION HAS CHANGED!     @
nid00890: @@@@@@@@@@@@@@@@@@@@@@@@@@@@@@@@@@@@@@@@@@@@@@@@@@@@@@@@@@@
nid00890: IT IS POSSIBLE THAT SOMEONE IS DOING SOMETHING NASTY!
nid00890: Someone could be eavesdropping on you right now (man-in-the-middle attack)!
nid00890: It is also possible that a host key has just been changed.
nid00890: The fingerprint for the ECDSA key sent by the remote host is
nid00890: SHA256:y5iNejSOGmMhjNnCgeCjFlpSDzB9vaPHk4RQ4ywrYVg.
nid00890: Please contact your system administrator.
nid00890: Add correct host key in /global/homes/q/qpzhang/.ssh/known_hosts to get rid of this message.
nid00890: Offending ECDSA key in /global/homes/q/qpzhang/.ssh/known_hosts:285
nid00890: Password authentication is disabled to avoid man-in-the-middle attacks.
nid00890: Keyboard-interactive authentication is disabled to avoid man-in-the-middle attacks.
nid00890: starting org.apache.spark.deploy.worker.Worker, logging to /global/cscratch1/sd/qpzhang/spark/2201045/sparklogs/spark-qpzhang-org.apache.spark.deploy.worker.Worker-1-nid00567.out
nid00788: Warning: Permanently added '[nid00788]:204,[10.128.3.27]:204' (ECDSA) to the list of known hosts.
nid00788: starting org.apache.spark.deploy.worker.Worker, logging to /global/cscratch1/sd/qpzhang/spark/2201045/sparklogs/spark-qpzhang-org.apache.spark.deploy.worker.Worker-1-nid00567.out
nid00767: Warning: Permanently added '[nid00767]:204,[10.128.3.6]:204' (ECDSA) to the list of known hosts.
nid00767: starting org.apache.spark.deploy.worker.Worker, logging to /global/cscratch1/sd/qpzhang/spark/2201045/sparklogs/spark-qpzhang-org.apache.spark.deploy.worker.Worker-1-nid00567.out
nid00880: Warning: Permanently added '[nid00880]:204,[10.128.3.119]:204' (ECDSA) to the list of known hosts.
nid00880: starting org.apache.spark.deploy.worker.Worker, logging to /global/cscratch1/sd/qpzhang/spark/2201045/sparklogs/spark-qpzhang-org.apache.spark.deploy.worker.Worker-1-nid00567.out
nid01022: @@@@@@@@@@@@@@@@@@@@@@@@@@@@@@@@@@@@@@@@@@@@@@@@@@@@@@@@@@@
nid01022: @    WARNING: REMOTE HOST IDENTIFICATION HAS CHANGED!     @
nid01022: @@@@@@@@@@@@@@@@@@@@@@@@@@@@@@@@@@@@@@@@@@@@@@@@@@@@@@@@@@@
nid01022: IT IS POSSIBLE THAT SOMEONE IS DOING SOMETHING NASTY!
nid01022: Someone could be eavesdropping on you right now (man-in-the-middle attack)!
nid01022: It is also possible that a host key has just been changed.
nid01022: The fingerprint for the ECDSA key sent by the remote host is
nid01022: SHA256:m0/Ug1oEavVS97i92RdQqkOC/1Sdn3WoCBznLZ5rxH8.
nid01022: Please contact your system administrator.
nid01022: Add correct host key in /global/homes/q/qpzhang/.ssh/known_hosts to get rid of this message.
nid01022: Offending ECDSA key in /global/homes/q/qpzhang/.ssh/known_hosts:212
nid01022: Password authentication is disabled to avoid man-in-the-middle attacks.
nid01022: Keyboard-interactive authentication is disabled to avoid man-in-the-middle attacks.
nid01022: starting org.apache.spark.deploy.worker.Worker, logging to /global/cscratch1/sd/qpzhang/spark/2201045/sparklogs/spark-qpzhang-org.apache.spark.deploy.worker.Worker-1-nid00567.out
nid01174: Warning: Permanently added '[nid01174]:204,[10.128.4.159]:204' (ECDSA) to the list of known hosts.
nid01174: starting org.apache.spark.deploy.worker.Worker, logging to /global/cscratch1/sd/qpzhang/spark/2201045/sparklogs/spark-qpzhang-org.apache.spark.deploy.worker.Worker-1-nid00567.out
nid01019: @@@@@@@@@@@@@@@@@@@@@@@@@@@@@@@@@@@@@@@@@@@@@@@@@@@@@@@@@@@
nid01019: @    WARNING: REMOTE HOST IDENTIFICATION HAS CHANGED!     @
nid01019: @@@@@@@@@@@@@@@@@@@@@@@@@@@@@@@@@@@@@@@@@@@@@@@@@@@@@@@@@@@
nid01019: IT IS POSSIBLE THAT SOMEONE IS DOING SOMETHING NASTY!
nid01019: Someone could be eavesdropping on you right now (man-in-the-middle attack)!
nid01019: It is also possible that a host key has just been changed.
nid01019: The fingerprint for the ECDSA key sent by the remote host is
nid01019: SHA256:+0okeq9Hqt8c9QyLPozHfbASch61ue1Is6TiF6mxE9w.
nid01019: Please contact your system administrator.
nid01019: Add correct host key in /global/homes/q/qpzhang/.ssh/known_hosts to get rid of this message.
nid01019: Offending ECDSA key in /global/homes/q/qpzhang/.ssh/known_hosts:389
nid01019: Password authentication is disabled to avoid man-in-the-middle attacks.
nid01019: Keyboard-interactive authentication is disabled to avoid man-in-the-middle attacks.
nid01019: mv: cannot stat `/global/cscratch1/sd/qpzhang/spark/2201045/sparklogs/spark-qpzhang-org.apache.spark.deploy.worker.Worker-1-nid00567.out.3': No such file or directory
nid01019: mv: cannot stat `/global/cscratch1/sd/qpzhang/spark/2201045/sparklogs/spark-qpzhang-org.apache.spark.deploy.worker.Worker-1-nid00567.out.1': No such file or directory
nid01019: starting org.apache.spark.deploy.worker.Worker, logging to /global/cscratch1/sd/qpzhang/spark/2201045/sparklogs/spark-qpzhang-org.apache.spark.deploy.worker.Worker-1-nid00567.out
nid00667: Warning: Permanently added '[nid00667]:204,[10.128.2.160]:204' (ECDSA) to the list of known hosts.
nid00667: mv: cannot stat `/global/cscratch1/sd/qpzhang/spark/2201045/sparklogs/spark-qpzhang-org.apache.spark.deploy.worker.Worker-1-nid00567.out': No such file or directory
nid00667: starting org.apache.spark.deploy.worker.Worker, logging to /global/cscratch1/sd/qpzhang/spark/2201045/sparklogs/spark-qpzhang-org.apache.spark.deploy.worker.Worker-1-nid00567.out
nid01021: @@@@@@@@@@@@@@@@@@@@@@@@@@@@@@@@@@@@@@@@@@@@@@@@@@@@@@@@@@@
nid01021: @    WARNING: REMOTE HOST IDENTIFICATION HAS CHANGED!     @
nid01021: @@@@@@@@@@@@@@@@@@@@@@@@@@@@@@@@@@@@@@@@@@@@@@@@@@@@@@@@@@@
nid01021: IT IS POSSIBLE THAT SOMEONE IS DOING SOMETHING NASTY!
nid01021: Someone could be eavesdropping on you right now (man-in-the-middle attack)!
nid01021: It is also possible that a host key has just been changed.
nid01021: The fingerprint for the ECDSA key sent by the remote host is
nid01021: SHA256:9DFtVIvHIm4DTLVLWJc05+/egxk4In4WoL+Yij0Z1ds.
nid01021: Please contact your system administrator.
nid01021: Add correct host key in /global/homes/q/qpzhang/.ssh/known_hosts to get rid of this message.
nid01021: Offending ECDSA key in /global/homes/q/qpzhang/.ssh/known_hosts:390
nid01021: Password authentication is disabled to avoid man-in-the-middle attacks.
nid01021: Keyboard-interactive authentication is disabled to avoid man-in-the-middle attacks.
nid01021: mv: cannot stat `/global/cscratch1/sd/qpzhang/spark/2201045/sparklogs/spark-qpzhang-org.apache.spark.deploy.worker.Worker-1-nid00567.out.3': No such file or directory
nid01021: mv: cannot stat `/global/cscratch1/sd/qpzhang/spark/2201045/sparklogs/spark-qpzhang-org.apache.spark.deploy.worker.Worker-1-nid00567.out.2': No such file or directory
nid01021: mv: cannot stat `/global/cscratch1/sd/qpzhang/spark/2201045/sparklogs/spark-qpzhang-org.apache.spark.deploy.worker.Worker-1-nid00567.out.1': No such file or directory
nid01021: mv: cannot stat `/global/cscratch1/sd/qpzhang/spark/2201045/sparklogs/spark-qpzhang-org.apache.spark.deploy.worker.Worker-1-nid00567.out': No such file or directory
nid01021: starting org.apache.spark.deploy.worker.Worker, logging to /global/cscratch1/sd/qpzhang/spark/2201045/sparklogs/spark-qpzhang-org.apache.spark.deploy.worker.Worker-1-nid00567.out
nid00889: @@@@@@@@@@@@@@@@@@@@@@@@@@@@@@@@@@@@@@@@@@@@@@@@@@@@@@@@@@@
nid00889: @    WARNING: REMOTE HOST IDENTIFICATION HAS CHANGED!     @
nid00889: @@@@@@@@@@@@@@@@@@@@@@@@@@@@@@@@@@@@@@@@@@@@@@@@@@@@@@@@@@@
nid00889: IT IS POSSIBLE THAT SOMEONE IS DOING SOMETHING NASTY!
nid00889: Someone could be eavesdropping on you right now (man-in-the-middle attack)!
nid00889: It is also possible that a host key has just been changed.
nid00889: The fingerprint for the ECDSA key sent by the remote host is
nid00889: SHA256:u3ztgRdBH+dSsVJL1dRuxOSeY4ViD3iuvJNTd1Z5ggU.
nid00889: Please contact your system administrator.
nid00889: Add correct host key in /global/homes/q/qpzhang/.ssh/known_hosts to get rid of this message.
nid00889: Offending ECDSA key in /global/homes/q/qpzhang/.ssh/known_hosts:282
nid00889: Password authentication is disabled to avoid man-in-the-middle attacks.
nid00889: Keyboard-interactive authentication is disabled to avoid man-in-the-middle attacks.
nid00889: mv: cannot stat `/global/cscratch1/sd/qpzhang/spark/2201045/sparklogs/spark-qpzhang-org.apache.spark.deploy.worker.Worker-1-nid00567.out.3': No such file or directory
nid00889: mv: cannot stat `/global/cscratch1/sd/qpzhang/spark/2201045/sparklogs/spark-qpzhang-org.apache.spark.deploy.worker.Worker-1-nid00567.out.2': No such file or directory
nid00889: mv: cannot stat `/global/cscratch1/sd/qpzhang/spark/2201045/sparklogs/spark-qpzhang-org.apache.spark.deploy.worker.Worker-1-nid00567.out.1': No such file or directory
nid00889: mv: cannot stat `/global/cscratch1/sd/qpzhang/spark/2201045/sparklogs/spark-qpzhang-org.apache.spark.deploy.worker.Worker-1-nid00567.out': No such file or directory
nid00889: starting org.apache.spark.deploy.worker.Worker, logging to /global/cscratch1/sd/qpzhang/spark/2201045/sparklogs/spark-qpzhang-org.apache.spark.deploy.worker.Worker-1-nid00567.out
nid00668: @@@@@@@@@@@@@@@@@@@@@@@@@@@@@@@@@@@@@@@@@@@@@@@@@@@@@@@@@@@
nid00668: @    WARNING: REMOTE HOST IDENTIFICATION HAS CHANGED!     @
nid00668: @@@@@@@@@@@@@@@@@@@@@@@@@@@@@@@@@@@@@@@@@@@@@@@@@@@@@@@@@@@
nid00668: IT IS POSSIBLE THAT SOMEONE IS DOING SOMETHING NASTY!
nid00668: Someone could be eavesdropping on you right now (man-in-the-middle attack)!
nid00668: It is also possible that a host key has just been changed.
nid00668: The fingerprint for the ECDSA key sent by the remote host is
nid00668: SHA256:Cwzpylt6etR8xIZ7xaSzWXV9ARrsJNEaAG5jaV5XurM.
nid00668: Please contact your system administrator.
nid00668: Add correct host key in /global/homes/q/qpzhang/.ssh/known_hosts to get rid of this message.
nid00668: Offending ECDSA key in /global/homes/q/qpzhang/.ssh/known_hosts:31
nid00668: Password authentication is disabled to avoid man-in-the-middle attacks.
nid00668: Keyboard-interactive authentication is disabled to avoid man-in-the-middle attacks.
nid00668: starting org.apache.spark.deploy.worker.Worker, logging to /global/cscratch1/sd/qpzhang/spark/2201045/sparklogs/spark-qpzhang-org.apache.spark.deploy.worker.Worker-1-nid00567.out
nid00881: Warning: Permanently added '[nid00881]:204,[10.128.3.120]:204' (ECDSA) to the list of known hosts.
nid00881: mv: cannot stat `/global/cscratch1/sd/qpzhang/spark/2201045/sparklogs/spark-qpzhang-org.apache.spark.deploy.worker.Worker-1-nid00567.out.4': No such file or directory
nid00881: mv: cannot stat `/global/cscratch1/sd/qpzhang/spark/2201045/sparklogs/spark-qpzhang-org.apache.spark.deploy.worker.Worker-1-nid00567.out.3': No such file or directory
nid00881: mv: cannot stat `/global/cscratch1/sd/qpzhang/spark/2201045/sparklogs/spark-qpzhang-org.apache.spark.deploy.worker.Worker-1-nid00567.out.2': No such file or directory
nid00881: mv: cannot stat `/global/cscratch1/sd/qpzhang/spark/2201045/sparklogs/spark-qpzhang-org.apache.spark.deploy.worker.Worker-1-nid00567.out.1': No such file or directory
nid00881: mv: cannot stat `/global/cscratch1/sd/qpzhang/spark/2201045/sparklogs/spark-qpzhang-org.apache.spark.deploy.worker.Worker-1-nid00567.out': No such file or directory
nid00881: starting org.apache.spark.deploy.worker.Worker, logging to /global/cscratch1/sd/qpzhang/spark/2201045/sparklogs/spark-qpzhang-org.apache.spark.deploy.worker.Worker-1-nid00567.out
nid01661: Warning: Permanently added '[nid01661]:204,[10.128.6.138]:204' (ECDSA) to the list of known hosts.
nid01661: mv: cannot stat `/global/cscratch1/sd/qpzhang/spark/2201045/sparklogs/spark-qpzhang-org.apache.spark.deploy.worker.Worker-1-nid00567.out.2': No such file or directory
nid01661: mv: cannot stat `/global/cscratch1/sd/qpzhang/spark/2201045/sparklogs/spark-qpzhang-org.apache.spark.deploy.worker.Worker-1-nid00567.out': No such file or directory
nid01661: starting org.apache.spark.deploy.worker.Worker, logging to /global/cscratch1/sd/qpzhang/spark/2201045/sparklogs/spark-qpzhang-org.apache.spark.deploy.worker.Worker-1-nid00567.out
nid01018: @@@@@@@@@@@@@@@@@@@@@@@@@@@@@@@@@@@@@@@@@@@@@@@@@@@@@@@@@@@
nid01018: @    WARNING: REMOTE HOST IDENTIFICATION HAS CHANGED!     @
nid01018: @@@@@@@@@@@@@@@@@@@@@@@@@@@@@@@@@@@@@@@@@@@@@@@@@@@@@@@@@@@
nid01018: IT IS POSSIBLE THAT SOMEONE IS DOING SOMETHING NASTY!
nid01018: Someone could be eavesdropping on you right now (man-in-the-middle attack)!
nid01018: It is also possible that a host key has just been changed.
nid01018: The fingerprint for the ECDSA key sent by the remote host is
nid01018: SHA256:a+sPItxIzP93e7v1My9hEteT+xqs8kLcMzE+mgMf8hs.
nid01018: Please contact your system administrator.
nid01018: Add correct host key in /global/homes/q/qpzhang/.ssh/known_hosts to get rid of this message.
nid01018: Offending ECDSA key in /global/homes/q/qpzhang/.ssh/known_hosts:388
nid01018: Password authentication is disabled to avoid man-in-the-middle attacks.
nid01018: Keyboard-interactive authentication is disabled to avoid man-in-the-middle attacks.
nid01018: starting org.apache.spark.deploy.worker.Worker, logging to /global/cscratch1/sd/qpzhang/spark/2201045/sparklogs/spark-qpzhang-org.apache.spark.deploy.worker.Worker-1-nid00567.out
nid01838: Warning: Permanently added '[nid01838]:204,[10.128.7.61]:204' (ECDSA) to the list of known hosts.
nid01838: starting org.apache.spark.deploy.worker.Worker, logging to /global/cscratch1/sd/qpzhang/spark/2201045/sparklogs/spark-qpzhang-org.apache.spark.deploy.worker.Worker-1-nid00567.out
nid02101: Warning: Permanently added '[nid02101]:204,[10.128.8.70]:204' (ECDSA) to the list of known hosts.
nid02101: starting org.apache.spark.deploy.worker.Worker, logging to /global/cscratch1/sd/qpzhang/spark/2201045/sparklogs/spark-qpzhang-org.apache.spark.deploy.worker.Worker-1-nid00567.out
nid01660: Warning: Permanently added '[nid01660]:204,[10.128.6.137]:204' (ECDSA) to the list of known hosts.
nid01660: mv: cannot stat `/global/cscratch1/sd/qpzhang/spark/2201045/sparklogs/spark-qpzhang-org.apache.spark.deploy.worker.Worker-1-nid00567.out.4': No such file or directory
nid01660: mv: cannot stat `/global/cscratch1/sd/qpzhang/spark/2201045/sparklogs/spark-qpzhang-org.apache.spark.deploy.worker.Worker-1-nid00567.out.3': No such file or directory
nid01660: mv: cannot stat `/global/cscratch1/sd/qpzhang/spark/2201045/sparklogs/spark-qpzhang-org.apache.spark.deploy.worker.Worker-1-nid00567.out.2': No such file or directory
nid01660: mv: cannot stat `/global/cscratch1/sd/qpzhang/spark/2201045/sparklogs/spark-qpzhang-org.apache.spark.deploy.worker.Worker-1-nid00567.out.1': No such file or directory
nid01660: mv: cannot stat `/global/cscratch1/sd/qpzhang/spark/2201045/sparklogs/spark-qpzhang-org.apache.spark.deploy.worker.Worker-1-nid00567.out': No such file or directory
nid01660: starting org.apache.spark.deploy.worker.Worker, logging to /global/cscratch1/sd/qpzhang/spark/2201045/sparklogs/spark-qpzhang-org.apache.spark.deploy.worker.Worker-1-nid00567.out
nid01839: Warning: Permanently added '[nid01839]:204,[10.128.7.62]:204' (ECDSA) to the list of known hosts.
nid01839: starting org.apache.spark.deploy.worker.Worker, logging to /global/cscratch1/sd/qpzhang/spark/2201045/sparklogs/spark-qpzhang-org.apache.spark.deploy.worker.Worker-1-nid00567.out
nid02003: Warning: Permanently added '[nid02003]:204,[10.128.7.226]:204' (ECDSA) to the list of known hosts.
nid02003: mv: cannot stat `/global/cscratch1/sd/qpzhang/spark/2201045/sparklogs/spark-qpzhang-org.apache.spark.deploy.worker.Worker-1-nid00567.out.4': No such file or directory
nid02003: mv: `/global/cscratch1/sd/qpzhang/spark/2201045/sparklogs/spark-qpzhang-org.apache.spark.deploy.worker.Worker-1-nid00567.out.3' and `/global/cscratch1/sd/qpzhang/spark/2201045/sparklogs/spark-qpzhang-org.apache.spark.deploy.worker.Worker-1-nid00567.out.4' are the same file
nid02003: mv: cannot stat `/global/cscratch1/sd/qpzhang/spark/2201045/sparklogs/spark-qpzhang-org.apache.spark.deploy.worker.Worker-1-nid00567.out.2': No such file or directory
nid02003: mv: cannot stat `/global/cscratch1/sd/qpzhang/spark/2201045/sparklogs/spark-qpzhang-org.apache.spark.deploy.worker.Worker-1-nid00567.out.1': No such file or directory
nid02003: mv: cannot stat `/global/cscratch1/sd/qpzhang/spark/2201045/sparklogs/spark-qpzhang-org.apache.spark.deploy.worker.Worker-1-nid00567.out': No such file or directory
nid02003: starting org.apache.spark.deploy.worker.Worker, logging to /global/cscratch1/sd/qpzhang/spark/2201045/sparklogs/spark-qpzhang-org.apache.spark.deploy.worker.Worker-1-nid00567.out
nid01662: Warning: Permanently added '[nid01662]:204,[10.128.6.139]:204' (ECDSA) to the list of known hosts.
nid01662: mv: cannot stat `/global/cscratch1/sd/qpzhang/spark/2201045/sparklogs/spark-qpzhang-org.apache.spark.deploy.worker.Worker-1-nid00567.out.4': No such file or directory
nid01662: mv: cannot stat `/global/cscratch1/sd/qpzhang/spark/2201045/sparklogs/spark-qpzhang-org.apache.spark.deploy.worker.Worker-1-nid00567.out.3': No such file or directory
nid01662: mv: cannot stat `/global/cscratch1/sd/qpzhang/spark/2201045/sparklogs/spark-qpzhang-org.apache.spark.deploy.worker.Worker-1-nid00567.out.2': No such file or directory
nid01662: mv: cannot stat `/global/cscratch1/sd/qpzhang/spark/2201045/sparklogs/spark-qpzhang-org.apache.spark.deploy.worker.Worker-1-nid00567.out.1': No such file or directory
nid01662: mv: cannot stat `/global/cscratch1/sd/qpzhang/spark/2201045/sparklogs/spark-qpzhang-org.apache.spark.deploy.worker.Worker-1-nid00567.out': No such file or directory
nid01662: starting org.apache.spark.deploy.worker.Worker, logging to /global/cscratch1/sd/qpzhang/spark/2201045/sparklogs/spark-qpzhang-org.apache.spark.deploy.worker.Worker-1-nid00567.out
nid01837: Warning: Permanently added '[nid01837]:204,[10.128.7.60]:204' (ECDSA) to the list of known hosts.
nid01837: starting org.apache.spark.deploy.worker.Worker, logging to /global/cscratch1/sd/qpzhang/spark/2201045/sparklogs/spark-qpzhang-org.apache.spark.deploy.worker.Worker-1-nid00567.out
nid02232: @@@@@@@@@@@@@@@@@@@@@@@@@@@@@@@@@@@@@@@@@@@@@@@@@@@@@@@@@@@
nid02232: @    WARNING: REMOTE HOST IDENTIFICATION HAS CHANGED!     @
nid02232: @@@@@@@@@@@@@@@@@@@@@@@@@@@@@@@@@@@@@@@@@@@@@@@@@@@@@@@@@@@
nid02232: IT IS POSSIBLE THAT SOMEONE IS DOING SOMETHING NASTY!
nid02232: Someone could be eavesdropping on you right now (man-in-the-middle attack)!
nid02232: It is also possible that a host key has just been changed.
nid02232: The fingerprint for the ECDSA key sent by the remote host is
nid02232: SHA256:nX+wW4eDpIezfatLanymlhHOCC7KkUHkyp0DgKj4LAo.
nid02232: Please contact your system administrator.
nid02232: Add correct host key in /global/homes/q/qpzhang/.ssh/known_hosts to get rid of this message.
nid02232: Offending ECDSA key in /global/homes/q/qpzhang/.ssh/known_hosts:166
nid02232: Password authentication is disabled to avoid man-in-the-middle attacks.
nid02232: Keyboard-interactive authentication is disabled to avoid man-in-the-middle attacks.
nid02232: mv: cannot stat `/global/cscratch1/sd/qpzhang/spark/2201045/sparklogs/spark-qpzhang-org.apache.spark.deploy.worker.Worker-1-nid00567.out.4': No such file or directory
nid02232: mv: `/global/cscratch1/sd/qpzhang/spark/2201045/sparklogs/spark-qpzhang-org.apache.spark.deploy.worker.Worker-1-nid00567.out.3' and `/global/cscratch1/sd/qpzhang/spark/2201045/sparklogs/spark-qpzhang-org.apache.spark.deploy.worker.Worker-1-nid00567.out.4' are the same file
nid02232: starting org.apache.spark.deploy.worker.Worker, logging to /global/cscratch1/sd/qpzhang/spark/2201045/sparklogs/spark-qpzhang-org.apache.spark.deploy.worker.Worker-1-nid00567.out
nid02213: Warning: Permanently added '[nid02213]:204,[10.128.8.182]:204' (ECDSA) to the list of known hosts.
nid02213: mv: cannot stat `/global/cscratch1/sd/qpzhang/spark/2201045/sparklogs/spark-qpzhang-org.apache.spark.deploy.worker.Worker-1-nid00567.out.2': No such file or directory
nid02213: mv: cannot stat `/global/cscratch1/sd/qpzhang/spark/2201045/sparklogs/spark-qpzhang-org.apache.spark.deploy.worker.Worker-1-nid00567.out.1': No such file or directory
nid02213: mv: cannot stat `/global/cscratch1/sd/qpzhang/spark/2201045/sparklogs/spark-qpzhang-org.apache.spark.deploy.worker.Worker-1-nid00567.out': No such file or directory
nid02213: starting org.apache.spark.deploy.worker.Worker, logging to /global/cscratch1/sd/qpzhang/spark/2201045/sparklogs/spark-qpzhang-org.apache.spark.deploy.worker.Worker-1-nid00567.out
nid02231: Warning: Permanently added '[nid02231]:204,[10.128.8.200]:204' (ECDSA) to the list of known hosts.
nid02231: mv: cannot stat `/global/cscratch1/sd/qpzhang/spark/2201045/sparklogs/spark-qpzhang-org.apache.spark.deploy.worker.Worker-1-nid00567.out.3': No such file or directory
nid02231: mv: cannot stat `/global/cscratch1/sd/qpzhang/spark/2201045/sparklogs/spark-qpzhang-org.apache.spark.deploy.worker.Worker-1-nid00567.out.1': No such file or directory
nid02231: mv: cannot stat `/global/cscratch1/sd/qpzhang/spark/2201045/sparklogs/spark-qpzhang-org.apache.spark.deploy.worker.Worker-1-nid00567.out': No such file or directory
nid02231: starting org.apache.spark.deploy.worker.Worker, logging to /global/cscratch1/sd/qpzhang/spark/2201045/sparklogs/spark-qpzhang-org.apache.spark.deploy.worker.Worker-1-nid00567.out
nid02233: @@@@@@@@@@@@@@@@@@@@@@@@@@@@@@@@@@@@@@@@@@@@@@@@@@@@@@@@@@@
nid02233: @    WARNING: REMOTE HOST IDENTIFICATION HAS CHANGED!     @
nid02233: @@@@@@@@@@@@@@@@@@@@@@@@@@@@@@@@@@@@@@@@@@@@@@@@@@@@@@@@@@@
nid02233: IT IS POSSIBLE THAT SOMEONE IS DOING SOMETHING NASTY!
nid02233: Someone could be eavesdropping on you right now (man-in-the-middle attack)!
nid02233: It is also possible that a host key has just been changed.
nid02233: The fingerprint for the ECDSA key sent by the remote host is
nid02233: SHA256:DeYIzmLB2hbn4DsL/q0FdnGSdlJ9dKcXt8l19KAmXI8.
nid02233: Please contact your system administrator.
nid02233: Add correct host key in /global/homes/q/qpzhang/.ssh/known_hosts to get rid of this message.
nid02233: Offending ECDSA key in /global/homes/q/qpzhang/.ssh/known_hosts:168
nid02233: Password authentication is disabled to avoid man-in-the-middle attacks.
nid02233: Keyboard-interactive authentication is disabled to avoid man-in-the-middle attacks.
nid02233: mv: cannot stat `/global/cscratch1/sd/qpzhang/spark/2201045/sparklogs/spark-qpzhang-org.apache.spark.deploy.worker.Worker-1-nid00567.out.4': No such file or directory
nid02233: mv: cannot stat `/global/cscratch1/sd/qpzhang/spark/2201045/sparklogs/spark-qpzhang-org.apache.spark.deploy.worker.Worker-1-nid00567.out.3': No such file or directory
nid02233: mv: cannot stat `/global/cscratch1/sd/qpzhang/spark/2201045/sparklogs/spark-qpzhang-org.apache.spark.deploy.worker.Worker-1-nid00567.out.2': No such file or directory
nid02233: mv: cannot stat `/global/cscratch1/sd/qpzhang/spark/2201045/sparklogs/spark-qpzhang-org.apache.spark.deploy.worker.Worker-1-nid00567.out.1': No such file or directory
nid02233: mv: cannot stat `/global/cscratch1/sd/qpzhang/spark/2201045/sparklogs/spark-qpzhang-org.apache.spark.deploy.worker.Worker-1-nid00567.out': No such file or directory
nid02233: starting org.apache.spark.deploy.worker.Worker, logging to /global/cscratch1/sd/qpzhang/spark/2201045/sparklogs/spark-qpzhang-org.apache.spark.deploy.worker.Worker-1-nid00567.out
nid02138: Warning: Permanently added '[nid02138]:204,[10.128.8.107]:204' (ECDSA) to the list of known hosts.
nid02138: mv: cannot stat `/global/cscratch1/sd/qpzhang/spark/2201045/sparklogs/spark-qpzhang-org.apache.spark.deploy.worker.Worker-1-nid00567.out.2': No such file or directory
nid02138: mv: cannot stat `/global/cscratch1/sd/qpzhang/spark/2201045/sparklogs/spark-qpzhang-org.apache.spark.deploy.worker.Worker-1-nid00567.out': No such file or directory
nid02138: starting org.apache.spark.deploy.worker.Worker, logging to /global/cscratch1/sd/qpzhang/spark/2201045/sparklogs/spark-qpzhang-org.apache.spark.deploy.worker.Worker-1-nid00567.out
nid02008: Warning: Permanently added '[nid02008]:204,[10.128.7.231]:204' (ECDSA) to the list of known hosts.
nid02008: mv: cannot stat `/global/cscratch1/sd/qpzhang/spark/2201045/sparklogs/spark-qpzhang-org.apache.spark.deploy.worker.Worker-1-nid00567.out.4': No such file or directory
nid02008: mv: cannot stat `/global/cscratch1/sd/qpzhang/spark/2201045/sparklogs/spark-qpzhang-org.apache.spark.deploy.worker.Worker-1-nid00567.out.3': No such file or directory
nid02008: mv: cannot stat `/global/cscratch1/sd/qpzhang/spark/2201045/sparklogs/spark-qpzhang-org.apache.spark.deploy.worker.Worker-1-nid00567.out.2': No such file or directory
nid02008: mv: cannot stat `/global/cscratch1/sd/qpzhang/spark/2201045/sparklogs/spark-qpzhang-org.apache.spark.deploy.worker.Worker-1-nid00567.out.1': No such file or directory
nid02008: mv: cannot stat `/global/cscratch1/sd/qpzhang/spark/2201045/sparklogs/spark-qpzhang-org.apache.spark.deploy.worker.Worker-1-nid00567.out': No such file or directory
nid02008: starting org.apache.spark.deploy.worker.Worker, logging to /global/cscratch1/sd/qpzhang/spark/2201045/sparklogs/spark-qpzhang-org.apache.spark.deploy.worker.Worker-1-nid00567.out
nid02100: Warning: Permanently added '[nid02100]:204,[10.128.8.69]:204' (ECDSA) to the list of known hosts.
nid02100: mv: cannot stat `/global/cscratch1/sd/qpzhang/spark/2201045/sparklogs/spark-qpzhang-org.apache.spark.deploy.worker.Worker-1-nid00567.out.3': No such file or directory
nid02100: mv: cannot stat `/global/cscratch1/sd/qpzhang/spark/2201045/sparklogs/spark-qpzhang-org.apache.spark.deploy.worker.Worker-1-nid00567.out.1': No such file or directory
nid02100: mv: cannot stat `/global/cscratch1/sd/qpzhang/spark/2201045/sparklogs/spark-qpzhang-org.apache.spark.deploy.worker.Worker-1-nid00567.out': No such file or directory
nid02100: starting org.apache.spark.deploy.worker.Worker, logging to /global/cscratch1/sd/qpzhang/spark/2201045/sparklogs/spark-qpzhang-org.apache.spark.deploy.worker.Worker-1-nid00567.out
nid02214: Warning: Permanently added '[nid02214]:204,[10.128.8.183]:204' (ECDSA) to the list of known hosts.
nid02214: mv: cannot stat `/global/cscratch1/sd/qpzhang/spark/2201045/sparklogs/spark-qpzhang-org.apache.spark.deploy.worker.Worker-1-nid00567.out.2': No such file or directory
nid02214: mv: cannot stat `/global/cscratch1/sd/qpzhang/spark/2201045/sparklogs/spark-qpzhang-org.apache.spark.deploy.worker.Worker-1-nid00567.out.1': No such file or directory
nid02214: starting org.apache.spark.deploy.worker.Worker, logging to /global/cscratch1/sd/qpzhang/spark/2201045/sparklogs/spark-qpzhang-org.apache.spark.deploy.worker.Worker-1-nid00567.out
nid02099: Warning: Permanently added '[nid02099]:204,[10.128.8.68]:204' (ECDSA) to the list of known hosts.
nid02099: mv: cannot stat `/global/cscratch1/sd/qpzhang/spark/2201045/sparklogs/spark-qpzhang-org.apache.spark.deploy.worker.Worker-1-nid00567.out.4': No such file or directory
nid02099: mv: cannot stat `/global/cscratch1/sd/qpzhang/spark/2201045/sparklogs/spark-qpzhang-org.apache.spark.deploy.worker.Worker-1-nid00567.out.3': No such file or directory
nid02099: mv: cannot stat `/global/cscratch1/sd/qpzhang/spark/2201045/sparklogs/spark-qpzhang-org.apache.spark.deploy.worker.Worker-1-nid00567.out.2': No such file or directory
nid02099: mv: cannot stat `/global/cscratch1/sd/qpzhang/spark/2201045/sparklogs/spark-qpzhang-org.apache.spark.deploy.worker.Worker-1-nid00567.out.1': No such file or directory
nid02099: mv: cannot stat `/global/cscratch1/sd/qpzhang/spark/2201045/sparklogs/spark-qpzhang-org.apache.spark.deploy.worker.Worker-1-nid00567.out': No such file or directory
nid02099: starting org.apache.spark.deploy.worker.Worker, logging to /global/cscratch1/sd/qpzhang/spark/2201045/sparklogs/spark-qpzhang-org.apache.spark.deploy.worker.Worker-1-nid00567.out
nid02009: Warning: Permanently added '[nid02009]:204,[10.128.7.232]:204' (ECDSA) to the list of known hosts.
nid02009: mv: cannot stat `/global/cscratch1/sd/qpzhang/spark/2201045/sparklogs/spark-qpzhang-org.apache.spark.deploy.worker.Worker-1-nid00567.out.4': No such file or directory
nid02009: mv: cannot stat `/global/cscratch1/sd/qpzhang/spark/2201045/sparklogs/spark-qpzhang-org.apache.spark.deploy.worker.Worker-1-nid00567.out.3': No such file or directory
nid02009: mv: cannot stat `/global/cscratch1/sd/qpzhang/spark/2201045/sparklogs/spark-qpzhang-org.apache.spark.deploy.worker.Worker-1-nid00567.out.2': No such file or directory
nid02009: mv: cannot stat `/global/cscratch1/sd/qpzhang/spark/2201045/sparklogs/spark-qpzhang-org.apache.spark.deploy.worker.Worker-1-nid00567.out.1': No such file or directory
nid02009: starting org.apache.spark.deploy.worker.Worker, logging to /global/cscratch1/sd/qpzhang/spark/2201045/sparklogs/spark-qpzhang-org.apache.spark.deploy.worker.Worker-1-nid00567.out
nid02137: @@@@@@@@@@@@@@@@@@@@@@@@@@@@@@@@@@@@@@@@@@@@@@@@@@@@@@@@@@@
nid02137: @    WARNING: REMOTE HOST IDENTIFICATION HAS CHANGED!     @
nid02137: @@@@@@@@@@@@@@@@@@@@@@@@@@@@@@@@@@@@@@@@@@@@@@@@@@@@@@@@@@@
nid02137: IT IS POSSIBLE THAT SOMEONE IS DOING SOMETHING NASTY!
nid02137: Someone could be eavesdropping on you right now (man-in-the-middle attack)!
nid02137: It is also possible that a host key has just been changed.
nid02137: The fingerprint for the ECDSA key sent by the remote host is
nid02137: SHA256:v1a+qDptX1Bq30U0Oc+LqtDrE92/SYfIfRW2Fl3hN5w.
nid02137: Please contact your system administrator.
nid02137: Add correct host key in /global/homes/q/qpzhang/.ssh/known_hosts to get rid of this message.
nid02137: Offending ECDSA key in /global/homes/q/qpzhang/.ssh/known_hosts:536
nid02137: Password authentication is disabled to avoid man-in-the-middle attacks.
nid02137: Keyboard-interactive authentication is disabled to avoid man-in-the-middle attacks.
nid02137: starting org.apache.spark.deploy.worker.Worker, logging to /global/cscratch1/sd/qpzhang/spark/2201045/sparklogs/spark-qpzhang-org.apache.spark.deploy.worker.Worker-1-nid00567.out
nid02212: Warning: Permanently added '[nid02212]:204,[10.128.8.181]:204' (ECDSA) to the list of known hosts.
nid02212: mv: cannot stat `/global/cscratch1/sd/qpzhang/spark/2201045/sparklogs/spark-qpzhang-org.apache.spark.deploy.worker.Worker-1-nid00567.out.2': No such file or directory
nid02212: mv: cannot stat `/global/cscratch1/sd/qpzhang/spark/2201045/sparklogs/spark-qpzhang-org.apache.spark.deploy.worker.Worker-1-nid00567.out': No such file or directory
nid02212: starting org.apache.spark.deploy.worker.Worker, logging to /global/cscratch1/sd/qpzhang/spark/2201045/sparklogs/spark-qpzhang-org.apache.spark.deploy.worker.Worker-1-nid00567.out
nid02139: Warning: Permanently added '[nid02139]:204,[10.128.8.108]:204' (ECDSA) to the list of known hosts.
nid02139: mv: cannot stat `/global/cscratch1/sd/qpzhang/spark/2201045/sparklogs/spark-qpzhang-org.apache.spark.deploy.worker.Worker-1-nid00567.out.4': No such file or directory
nid02139: mv: cannot stat `/global/cscratch1/sd/qpzhang/spark/2201045/sparklogs/spark-qpzhang-org.apache.spark.deploy.worker.Worker-1-nid00567.out.3': No such file or directory
nid02139: mv: cannot stat `/global/cscratch1/sd/qpzhang/spark/2201045/sparklogs/spark-qpzhang-org.apache.spark.deploy.worker.Worker-1-nid00567.out.2': No such file or directory
nid02139: mv: cannot stat `/global/cscratch1/sd/qpzhang/spark/2201045/sparklogs/spark-qpzhang-org.apache.spark.deploy.worker.Worker-1-nid00567.out.1': No such file or directory
nid02139: mv: cannot stat `/global/cscratch1/sd/qpzhang/spark/2201045/sparklogs/spark-qpzhang-org.apache.spark.deploy.worker.Worker-1-nid00567.out': No such file or directory
nid02139: starting org.apache.spark.deploy.worker.Worker, logging to /global/cscratch1/sd/qpzhang/spark/2201045/sparklogs/spark-qpzhang-org.apache.spark.deploy.worker.Worker-1-nid00567.out
nid00568: doing ssh -o StrictHostKeyChecking=no nid00568  cd /global/common/cori/software/spark/1.5.1/sbin/.. ; /usr/common/software/spark/1.5.1/sbin/stop-slave.sh
nid00574: doing ssh -o StrictHostKeyChecking=no nid00574  cd /global/common/cori/software/spark/1.5.1/sbin/.. ; /usr/common/software/spark/1.5.1/sbin/stop-slave.sh
nid00575: doing ssh -o StrictHostKeyChecking=no nid00575  cd /global/common/cori/software/spark/1.5.1/sbin/.. ; /usr/common/software/spark/1.5.1/sbin/stop-slave.sh
nid00598: doing ssh -o StrictHostKeyChecking=no nid00598  cd /global/common/cori/software/spark/1.5.1/sbin/.. ; /usr/common/software/spark/1.5.1/sbin/stop-slave.sh
nid00599: doing ssh -o StrictHostKeyChecking=no nid00599  cd /global/common/cori/software/spark/1.5.1/sbin/.. ; /usr/common/software/spark/1.5.1/sbin/stop-slave.sh
nid00667: doing ssh -o StrictHostKeyChecking=no nid00667  cd /global/common/cori/software/spark/1.5.1/sbin/.. ; /usr/common/software/spark/1.5.1/sbin/stop-slave.sh
nid00668: doing ssh -o StrictHostKeyChecking=no nid00668  cd /global/common/cori/software/spark/1.5.1/sbin/.. ; /usr/common/software/spark/1.5.1/sbin/stop-slave.sh
nid00767: doing ssh -o StrictHostKeyChecking=no nid00767  cd /global/common/cori/software/spark/1.5.1/sbin/.. ; /usr/common/software/spark/1.5.1/sbin/stop-slave.sh
nid00788: doing ssh -o StrictHostKeyChecking=no nid00788  cd /global/common/cori/software/spark/1.5.1/sbin/.. ; /usr/common/software/spark/1.5.1/sbin/stop-slave.sh
nid00880: doing ssh -o StrictHostKeyChecking=no nid00880  cd /global/common/cori/software/spark/1.5.1/sbin/.. ; /usr/common/software/spark/1.5.1/sbin/stop-slave.sh
nid00881: doing ssh -o StrictHostKeyChecking=no nid00881  cd /global/common/cori/software/spark/1.5.1/sbin/.. ; /usr/common/software/spark/1.5.1/sbin/stop-slave.sh
nid00889: doing ssh -o StrictHostKeyChecking=no nid00889  cd /global/common/cori/software/spark/1.5.1/sbin/.. ; /usr/common/software/spark/1.5.1/sbin/stop-slave.sh
nid00890: doing ssh -o StrictHostKeyChecking=no nid00890  cd /global/common/cori/software/spark/1.5.1/sbin/.. ; /usr/common/software/spark/1.5.1/sbin/stop-slave.sh
nid01018: doing ssh -o StrictHostKeyChecking=no nid01018  cd /global/common/cori/software/spark/1.5.1/sbin/.. ; /usr/common/software/spark/1.5.1/sbin/stop-slave.sh
nid01019: doing ssh -o StrictHostKeyChecking=no nid01019  cd /global/common/cori/software/spark/1.5.1/sbin/.. ; /usr/common/software/spark/1.5.1/sbin/stop-slave.sh
nid01021: doing ssh -o StrictHostKeyChecking=no nid01021  cd /global/common/cori/software/spark/1.5.1/sbin/.. ; /usr/common/software/spark/1.5.1/sbin/stop-slave.sh
nid01022: doing ssh -o StrictHostKeyChecking=no nid01022  cd /global/common/cori/software/spark/1.5.1/sbin/.. ; /usr/common/software/spark/1.5.1/sbin/stop-slave.sh
nid01174: doing ssh -o StrictHostKeyChecking=no nid01174  cd /global/common/cori/software/spark/1.5.1/sbin/.. ; /usr/common/software/spark/1.5.1/sbin/stop-slave.sh
nid01660: doing ssh -o StrictHostKeyChecking=no nid01660  cd /global/common/cori/software/spark/1.5.1/sbin/.. ; /usr/common/software/spark/1.5.1/sbin/stop-slave.sh
nid01661: doing ssh -o StrictHostKeyChecking=no nid01661  cd /global/common/cori/software/spark/1.5.1/sbin/.. ; /usr/common/software/spark/1.5.1/sbin/stop-slave.sh
nid01662: doing ssh -o StrictHostKeyChecking=no nid01662  cd /global/common/cori/software/spark/1.5.1/sbin/.. ; /usr/common/software/spark/1.5.1/sbin/stop-slave.sh
nid01837: doing ssh -o StrictHostKeyChecking=no nid01837  cd /global/common/cori/software/spark/1.5.1/sbin/.. ; /usr/common/software/spark/1.5.1/sbin/stop-slave.sh
nid01838: doing ssh -o StrictHostKeyChecking=no nid01838  cd /global/common/cori/software/spark/1.5.1/sbin/.. ; /usr/common/software/spark/1.5.1/sbin/stop-slave.sh
nid01839: doing ssh -o StrictHostKeyChecking=no nid01839  cd /global/common/cori/software/spark/1.5.1/sbin/.. ; /usr/common/software/spark/1.5.1/sbin/stop-slave.sh
nid02003: doing ssh -o StrictHostKeyChecking=no nid02003  cd /global/common/cori/software/spark/1.5.1/sbin/.. ; /usr/common/software/spark/1.5.1/sbin/stop-slave.sh
nid02008: doing ssh -o StrictHostKeyChecking=no nid02008  cd /global/common/cori/software/spark/1.5.1/sbin/.. ; /usr/common/software/spark/1.5.1/sbin/stop-slave.sh
nid02009: doing ssh -o StrictHostKeyChecking=no nid02009  cd /global/common/cori/software/spark/1.5.1/sbin/.. ; /usr/common/software/spark/1.5.1/sbin/stop-slave.sh
nid02099: doing ssh -o StrictHostKeyChecking=no nid02099  cd /global/common/cori/software/spark/1.5.1/sbin/.. ; /usr/common/software/spark/1.5.1/sbin/stop-slave.sh
nid02100: doing ssh -o StrictHostKeyChecking=no nid02100  cd /global/common/cori/software/spark/1.5.1/sbin/.. ; /usr/common/software/spark/1.5.1/sbin/stop-slave.sh
nid02101: doing ssh -o StrictHostKeyChecking=no nid02101  cd /global/common/cori/software/spark/1.5.1/sbin/.. ; /usr/common/software/spark/1.5.1/sbin/stop-slave.sh
nid02137: doing ssh -o StrictHostKeyChecking=no nid02137  cd /global/common/cori/software/spark/1.5.1/sbin/.. ; /usr/common/software/spark/1.5.1/sbin/stop-slave.sh
nid02138: doing ssh -o StrictHostKeyChecking=no nid02138  cd /global/common/cori/software/spark/1.5.1/sbin/.. ; /usr/common/software/spark/1.5.1/sbin/stop-slave.sh
nid02139: doing ssh -o StrictHostKeyChecking=no nid02139  cd /global/common/cori/software/spark/1.5.1/sbin/.. ; /usr/common/software/spark/1.5.1/sbin/stop-slave.sh
nid02212: doing ssh -o StrictHostKeyChecking=no nid02212  cd /global/common/cori/software/spark/1.5.1/sbin/.. ; /usr/common/software/spark/1.5.1/sbin/stop-slave.sh
nid02213: doing ssh -o StrictHostKeyChecking=no nid02213  cd /global/common/cori/software/spark/1.5.1/sbin/.. ; /usr/common/software/spark/1.5.1/sbin/stop-slave.sh
nid02214: doing ssh -o StrictHostKeyChecking=no nid02214  cd /global/common/cori/software/spark/1.5.1/sbin/.. ; /usr/common/software/spark/1.5.1/sbin/stop-slave.sh
nid02231: doing ssh -o StrictHostKeyChecking=no nid02231  cd /global/common/cori/software/spark/1.5.1/sbin/.. ; /usr/common/software/spark/1.5.1/sbin/stop-slave.sh
nid02232: doing ssh -o StrictHostKeyChecking=no nid02232  cd /global/common/cori/software/spark/1.5.1/sbin/.. ; /usr/common/software/spark/1.5.1/sbin/stop-slave.sh
nid02233: doing ssh -o StrictHostKeyChecking=no nid02233  cd /global/common/cori/software/spark/1.5.1/sbin/.. ; /usr/common/software/spark/1.5.1/sbin/stop-slave.sh
nid00574: stopping org.apache.spark.deploy.worker.Worker
nid00575: stopping org.apache.spark.deploy.worker.Worker
nid00598: @@@@@@@@@@@@@@@@@@@@@@@@@@@@@@@@@@@@@@@@@@@@@@@@@@@@@@@@@@@
nid00598: @    WARNING: REMOTE HOST IDENTIFICATION HAS CHANGED!     @
nid00598: @@@@@@@@@@@@@@@@@@@@@@@@@@@@@@@@@@@@@@@@@@@@@@@@@@@@@@@@@@@
nid00598: IT IS POSSIBLE THAT SOMEONE IS DOING SOMETHING NASTY!
nid00598: Someone could be eavesdropping on you right now (man-in-the-middle attack)!
nid00598: It is also possible that a host key has just been changed.
nid00598: The fingerprint for the ECDSA key sent by the remote host is
nid00598: SHA256:QKgRgHF5zWm35sJ4+/ohqN0zgray7NrMklM1zvGYzeA.
nid00598: Please contact your system administrator.
nid00598: Add correct host key in /global/homes/q/qpzhang/.ssh/known_hosts to get rid of this message.
nid00598: Offending ECDSA key in /global/homes/q/qpzhang/.ssh/known_hosts:413
nid00598: Password authentication is disabled to avoid man-in-the-middle attacks.
nid00598: Keyboard-interactive authentication is disabled to avoid man-in-the-middle attacks.
nid00598: stopping org.apache.spark.deploy.worker.Worker
nid00568: stopping org.apache.spark.deploy.worker.Worker
nid00599: stopping org.apache.spark.deploy.worker.Worker
nid00788: stopping org.apache.spark.deploy.worker.Worker
nid00667: stopping org.apache.spark.deploy.worker.Worker
nid00767: stopping org.apache.spark.deploy.worker.Worker
nid00889: @@@@@@@@@@@@@@@@@@@@@@@@@@@@@@@@@@@@@@@@@@@@@@@@@@@@@@@@@@@
nid00889: @    WARNING: REMOTE HOST IDENTIFICATION HAS CHANGED!     @
nid00889: @@@@@@@@@@@@@@@@@@@@@@@@@@@@@@@@@@@@@@@@@@@@@@@@@@@@@@@@@@@
nid00889: IT IS POSSIBLE THAT SOMEONE IS DOING SOMETHING NASTY!
nid00889: Someone could be eavesdropping on you right now (man-in-the-middle attack)!
nid00889: It is also possible that a host key has just been changed.
nid00889: The fingerprint for the ECDSA key sent by the remote host is
nid00889: SHA256:u3ztgRdBH+dSsVJL1dRuxOSeY4ViD3iuvJNTd1Z5ggU.
nid00889: Please contact your system administrator.
nid00889: Add correct host key in /global/homes/q/qpzhang/.ssh/known_hosts to get rid of this message.
nid00889: Offending ECDSA key in /global/homes/q/qpzhang/.ssh/known_hosts:282
nid00889: Password authentication is disabled to avoid man-in-the-middle attacks.
nid00889: Keyboard-interactive authentication is disabled to avoid man-in-the-middle attacks.
nid00889: stopping org.apache.spark.deploy.worker.Worker
nid00668: @@@@@@@@@@@@@@@@@@@@@@@@@@@@@@@@@@@@@@@@@@@@@@@@@@@@@@@@@@@
nid00668: @    WARNING: REMOTE HOST IDENTIFICATION HAS CHANGED!     @
nid00668: @@@@@@@@@@@@@@@@@@@@@@@@@@@@@@@@@@@@@@@@@@@@@@@@@@@@@@@@@@@
nid00668: IT IS POSSIBLE THAT SOMEONE IS DOING SOMETHING NASTY!
nid00668: Someone could be eavesdropping on you right now (man-in-the-middle attack)!
nid00668: It is also possible that a host key has just been changed.
nid00668: The fingerprint for the ECDSA key sent by the remote host is
nid00668: SHA256:Cwzpylt6etR8xIZ7xaSzWXV9ARrsJNEaAG5jaV5XurM.
nid00668: Please contact your system administrator.
nid00668: Add correct host key in /global/homes/q/qpzhang/.ssh/known_hosts to get rid of this message.
nid00668: Offending ECDSA key in /global/homes/q/qpzhang/.ssh/known_hosts:31
nid00668: Password authentication is disabled to avoid man-in-the-middle attacks.
nid00668: Keyboard-interactive authentication is disabled to avoid man-in-the-middle attacks.
nid00668: stopping org.apache.spark.deploy.worker.Worker
nid00890: @@@@@@@@@@@@@@@@@@@@@@@@@@@@@@@@@@@@@@@@@@@@@@@@@@@@@@@@@@@
nid00890: @    WARNING: REMOTE HOST IDENTIFICATION HAS CHANGED!     @
nid00890: @@@@@@@@@@@@@@@@@@@@@@@@@@@@@@@@@@@@@@@@@@@@@@@@@@@@@@@@@@@
nid00890: IT IS POSSIBLE THAT SOMEONE IS DOING SOMETHING NASTY!
nid00890: Someone could be eavesdropping on you right now (man-in-the-middle attack)!
nid00890: It is also possible that a host key has just been changed.
nid00890: The fingerprint for the ECDSA key sent by the remote host is
nid00890: SHA256:y5iNejSOGmMhjNnCgeCjFlpSDzB9vaPHk4RQ4ywrYVg.
nid00890: Please contact your system administrator.
nid00890: Add correct host key in /global/homes/q/qpzhang/.ssh/known_hosts to get rid of this message.
nid00890: Offending ECDSA key in /global/homes/q/qpzhang/.ssh/known_hosts:285
nid00890: Password authentication is disabled to avoid man-in-the-middle attacks.
nid00890: Keyboard-interactive authentication is disabled to avoid man-in-the-middle attacks.
nid00890: stopping org.apache.spark.deploy.worker.Worker
nid00880: stopping org.apache.spark.deploy.worker.Worker
nid01019: @@@@@@@@@@@@@@@@@@@@@@@@@@@@@@@@@@@@@@@@@@@@@@@@@@@@@@@@@@@
nid01019: @    WARNING: REMOTE HOST IDENTIFICATION HAS CHANGED!     @
nid01019: @@@@@@@@@@@@@@@@@@@@@@@@@@@@@@@@@@@@@@@@@@@@@@@@@@@@@@@@@@@
nid01019: IT IS POSSIBLE THAT SOMEONE IS DOING SOMETHING NASTY!
nid01019: Someone could be eavesdropping on you right now (man-in-the-middle attack)!
nid01019: It is also possible that a host key has just been changed.
nid01019: The fingerprint for the ECDSA key sent by the remote host is
nid01019: SHA256:+0okeq9Hqt8c9QyLPozHfbASch61ue1Is6TiF6mxE9w.
nid01019: Please contact your system administrator.
nid01019: Add correct host key in /global/homes/q/qpzhang/.ssh/known_hosts to get rid of this message.
nid01019: Offending ECDSA key in /global/homes/q/qpzhang/.ssh/known_hosts:389
nid01019: Password authentication is disabled to avoid man-in-the-middle attacks.
nid01019: Keyboard-interactive authentication is disabled to avoid man-in-the-middle attacks.
nid01019: stopping org.apache.spark.deploy.worker.Worker
nid00881: stopping org.apache.spark.deploy.worker.Worker
nid01022: @@@@@@@@@@@@@@@@@@@@@@@@@@@@@@@@@@@@@@@@@@@@@@@@@@@@@@@@@@@
nid01022: @    WARNING: REMOTE HOST IDENTIFICATION HAS CHANGED!     @
nid01022: @@@@@@@@@@@@@@@@@@@@@@@@@@@@@@@@@@@@@@@@@@@@@@@@@@@@@@@@@@@
nid01022: IT IS POSSIBLE THAT SOMEONE IS DOING SOMETHING NASTY!
nid01022: Someone could be eavesdropping on you right now (man-in-the-middle attack)!
nid01022: It is also possible that a host key has just been changed.
nid01022: The fingerprint for the ECDSA key sent by the remote host is
nid01022: SHA256:m0/Ug1oEavVS97i92RdQqkOC/1Sdn3WoCBznLZ5rxH8.
nid01022: Please contact your system administrator.
nid01022: Add correct host key in /global/homes/q/qpzhang/.ssh/known_hosts to get rid of this message.
nid01022: Offending ECDSA key in /global/homes/q/qpzhang/.ssh/known_hosts:212
nid01022: Password authentication is disabled to avoid man-in-the-middle attacks.
nid01022: Keyboard-interactive authentication is disabled to avoid man-in-the-middle attacks.
nid01022: stopping org.apache.spark.deploy.worker.Worker
nid01021: @@@@@@@@@@@@@@@@@@@@@@@@@@@@@@@@@@@@@@@@@@@@@@@@@@@@@@@@@@@
nid01021: @    WARNING: REMOTE HOST IDENTIFICATION HAS CHANGED!     @
nid01021: @@@@@@@@@@@@@@@@@@@@@@@@@@@@@@@@@@@@@@@@@@@@@@@@@@@@@@@@@@@
nid01021: IT IS POSSIBLE THAT SOMEONE IS DOING SOMETHING NASTY!
nid01021: Someone could be eavesdropping on you right now (man-in-the-middle attack)!
nid01021: It is also possible that a host key has just been changed.
nid01021: The fingerprint for the ECDSA key sent by the remote host is
nid01021: SHA256:9DFtVIvHIm4DTLVLWJc05+/egxk4In4WoL+Yij0Z1ds.
nid01021: Please contact your system administrator.
nid01021: Add correct host key in /global/homes/q/qpzhang/.ssh/known_hosts to get rid of this message.
nid01021: Offending ECDSA key in /global/homes/q/qpzhang/.ssh/known_hosts:390
nid01021: Password authentication is disabled to avoid man-in-the-middle attacks.
nid01021: Keyboard-interactive authentication is disabled to avoid man-in-the-middle attacks.
nid01021: stopping org.apache.spark.deploy.worker.Worker
nid01018: @@@@@@@@@@@@@@@@@@@@@@@@@@@@@@@@@@@@@@@@@@@@@@@@@@@@@@@@@@@
nid01018: @    WARNING: REMOTE HOST IDENTIFICATION HAS CHANGED!     @
nid01018: @@@@@@@@@@@@@@@@@@@@@@@@@@@@@@@@@@@@@@@@@@@@@@@@@@@@@@@@@@@
nid01018: IT IS POSSIBLE THAT SOMEONE IS DOING SOMETHING NASTY!
nid01018: Someone could be eavesdropping on you right now (man-in-the-middle attack)!
nid01018: It is also possible that a host key has just been changed.
nid01018: The fingerprint for the ECDSA key sent by the remote host is
nid01018: SHA256:a+sPItxIzP93e7v1My9hEteT+xqs8kLcMzE+mgMf8hs.
nid01018: Please contact your system administrator.
nid01018: Add correct host key in /global/homes/q/qpzhang/.ssh/known_hosts to get rid of this message.
nid01018: Offending ECDSA key in /global/homes/q/qpzhang/.ssh/known_hosts:388
nid01018: Password authentication is disabled to avoid man-in-the-middle attacks.
nid01018: Keyboard-interactive authentication is disabled to avoid man-in-the-middle attacks.
nid01018: stopping org.apache.spark.deploy.worker.Worker
nid01174: stopping org.apache.spark.deploy.worker.Worker
nid01661: stopping org.apache.spark.deploy.worker.Worker
nid01660: stopping org.apache.spark.deploy.worker.Worker
nid01837: stopping org.apache.spark.deploy.worker.Worker
nid01839: stopping org.apache.spark.deploy.worker.Worker
nid01662: stopping org.apache.spark.deploy.worker.Worker
nid01838: stopping org.apache.spark.deploy.worker.Worker
nid02101: stopping org.apache.spark.deploy.worker.Worker
nid02003: stopping org.apache.spark.deploy.worker.Worker
nid02008: stopping org.apache.spark.deploy.worker.Worker
nid02009: stopping org.apache.spark.deploy.worker.Worker
nid02100: stopping org.apache.spark.deploy.worker.Worker
nid02099: stopping org.apache.spark.deploy.worker.Worker
nid02232: @@@@@@@@@@@@@@@@@@@@@@@@@@@@@@@@@@@@@@@@@@@@@@@@@@@@@@@@@@@
nid02232: @    WARNING: REMOTE HOST IDENTIFICATION HAS CHANGED!     @
nid02232: @@@@@@@@@@@@@@@@@@@@@@@@@@@@@@@@@@@@@@@@@@@@@@@@@@@@@@@@@@@
nid02232: IT IS POSSIBLE THAT SOMEONE IS DOING SOMETHING NASTY!
nid02232: Someone could be eavesdropping on you right now (man-in-the-middle attack)!
nid02232: It is also possible that a host key has just been changed.
nid02232: The fingerprint for the ECDSA key sent by the remote host is
nid02232: SHA256:nX+wW4eDpIezfatLanymlhHOCC7KkUHkyp0DgKj4LAo.
nid02232: Please contact your system administrator.
nid02232: Add correct host key in /global/homes/q/qpzhang/.ssh/known_hosts to get rid of this message.
nid02232: Offending ECDSA key in /global/homes/q/qpzhang/.ssh/known_hosts:166
nid02232: Password authentication is disabled to avoid man-in-the-middle attacks.
nid02232: Keyboard-interactive authentication is disabled to avoid man-in-the-middle attacks.
nid02232: stopping org.apache.spark.deploy.worker.Worker
nid02233: @@@@@@@@@@@@@@@@@@@@@@@@@@@@@@@@@@@@@@@@@@@@@@@@@@@@@@@@@@@
nid02233: @    WARNING: REMOTE HOST IDENTIFICATION HAS CHANGED!     @
nid02233: @@@@@@@@@@@@@@@@@@@@@@@@@@@@@@@@@@@@@@@@@@@@@@@@@@@@@@@@@@@
nid02233: IT IS POSSIBLE THAT SOMEONE IS DOING SOMETHING NASTY!
nid02233: Someone could be eavesdropping on you right now (man-in-the-middle attack)!
nid02233: It is also possible that a host key has just been changed.
nid02233: The fingerprint for the ECDSA key sent by the remote host is
nid02233: SHA256:DeYIzmLB2hbn4DsL/q0FdnGSdlJ9dKcXt8l19KAmXI8.
nid02233: Please contact your system administrator.
nid02233: Add correct host key in /global/homes/q/qpzhang/.ssh/known_hosts to get rid of this message.
nid02233: Offending ECDSA key in /global/homes/q/qpzhang/.ssh/known_hosts:168
nid02233: Password authentication is disabled to avoid man-in-the-middle attacks.
nid02233: Keyboard-interactive authentication is disabled to avoid man-in-the-middle attacks.
nid02233: stopping org.apache.spark.deploy.worker.Worker
nid02213: stopping org.apache.spark.deploy.worker.Worker
nid02138: stopping org.apache.spark.deploy.worker.Worker
nid02231: stopping org.apache.spark.deploy.worker.Worker
nid02137: @@@@@@@@@@@@@@@@@@@@@@@@@@@@@@@@@@@@@@@@@@@@@@@@@@@@@@@@@@@
nid02137: @    WARNING: REMOTE HOST IDENTIFICATION HAS CHANGED!     @
nid02137: @@@@@@@@@@@@@@@@@@@@@@@@@@@@@@@@@@@@@@@@@@@@@@@@@@@@@@@@@@@
nid02137: IT IS POSSIBLE THAT SOMEONE IS DOING SOMETHING NASTY!
nid02137: Someone could be eavesdropping on you right now (man-in-the-middle attack)!
nid02137: It is also possible that a host key has just been changed.
nid02137: The fingerprint for the ECDSA key sent by the remote host is
nid02137: SHA256:v1a+qDptX1Bq30U0Oc+LqtDrE92/SYfIfRW2Fl3hN5w.
nid02137: Please contact your system administrator.
nid02137: Add correct host key in /global/homes/q/qpzhang/.ssh/known_hosts to get rid of this message.
nid02137: Offending ECDSA key in /global/homes/q/qpzhang/.ssh/known_hosts:536
nid02137: Password authentication is disabled to avoid man-in-the-middle attacks.
nid02137: Keyboard-interactive authentication is disabled to avoid man-in-the-middle attacks.
nid02137: stopping org.apache.spark.deploy.worker.Worker
nid02214: stopping org.apache.spark.deploy.worker.Worker
nid02139: stopping org.apache.spark.deploy.worker.Worker
nid02212: stopping org.apache.spark.deploy.worker.Worker
stopping org.apache.spark.deploy.master.Master
