writing to /global/cscratch1/sd/qpzhang/spark_env
starting org.apache.spark.deploy.master.Master, logging to /global/cscratch1/sd/qpzhang/spark/2242593/sparklogs/spark-qpzhang-org.apache.spark.deploy.master.Master-1-nid01175.out
/global/common/cori/software/spark/1.5.1/sbin/..
nid01176: doing ssh -o StrictHostKeyChecking=no nid01176  cd /global/common/cori/software/spark/1.5.1/sbin/.. ; /usr/common/software/spark/1.5.1/sbin/start-slave.sh spark://nid01175:7077
nid01177: doing ssh -o StrictHostKeyChecking=no nid01177  cd /global/common/cori/software/spark/1.5.1/sbin/.. ; /usr/common/software/spark/1.5.1/sbin/start-slave.sh spark://nid01175:7077
nid01178: doing ssh -o StrictHostKeyChecking=no nid01178  cd /global/common/cori/software/spark/1.5.1/sbin/.. ; /usr/common/software/spark/1.5.1/sbin/start-slave.sh spark://nid01175:7077
nid01179: doing ssh -o StrictHostKeyChecking=no nid01179  cd /global/common/cori/software/spark/1.5.1/sbin/.. ; /usr/common/software/spark/1.5.1/sbin/start-slave.sh spark://nid01175:7077
nid01180: doing ssh -o StrictHostKeyChecking=no nid01180  cd /global/common/cori/software/spark/1.5.1/sbin/.. ; /usr/common/software/spark/1.5.1/sbin/start-slave.sh spark://nid01175:7077
nid01181: doing ssh -o StrictHostKeyChecking=no nid01181  cd /global/common/cori/software/spark/1.5.1/sbin/.. ; /usr/common/software/spark/1.5.1/sbin/start-slave.sh spark://nid01175:7077
nid01182: doing ssh -o StrictHostKeyChecking=no nid01182  cd /global/common/cori/software/spark/1.5.1/sbin/.. ; /usr/common/software/spark/1.5.1/sbin/start-slave.sh spark://nid01175:7077
nid01183: doing ssh -o StrictHostKeyChecking=no nid01183  cd /global/common/cori/software/spark/1.5.1/sbin/.. ; /usr/common/software/spark/1.5.1/sbin/start-slave.sh spark://nid01175:7077
nid01184: doing ssh -o StrictHostKeyChecking=no nid01184  cd /global/common/cori/software/spark/1.5.1/sbin/.. ; /usr/common/software/spark/1.5.1/sbin/start-slave.sh spark://nid01175:7077
nid01185: doing ssh -o StrictHostKeyChecking=no nid01185  cd /global/common/cori/software/spark/1.5.1/sbin/.. ; /usr/common/software/spark/1.5.1/sbin/start-slave.sh spark://nid01175:7077
nid01186: doing ssh -o StrictHostKeyChecking=no nid01186  cd /global/common/cori/software/spark/1.5.1/sbin/.. ; /usr/common/software/spark/1.5.1/sbin/start-slave.sh spark://nid01175:7077
nid01187: doing ssh -o StrictHostKeyChecking=no nid01187  cd /global/common/cori/software/spark/1.5.1/sbin/.. ; /usr/common/software/spark/1.5.1/sbin/start-slave.sh spark://nid01175:7077
nid01188: doing ssh -o StrictHostKeyChecking=no nid01188  cd /global/common/cori/software/spark/1.5.1/sbin/.. ; /usr/common/software/spark/1.5.1/sbin/start-slave.sh spark://nid01175:7077
nid01189: doing ssh -o StrictHostKeyChecking=no nid01189  cd /global/common/cori/software/spark/1.5.1/sbin/.. ; /usr/common/software/spark/1.5.1/sbin/start-slave.sh spark://nid01175:7077
nid01190: doing ssh -o StrictHostKeyChecking=no nid01190  cd /global/common/cori/software/spark/1.5.1/sbin/.. ; /usr/common/software/spark/1.5.1/sbin/start-slave.sh spark://nid01175:7077
nid01191: doing ssh -o StrictHostKeyChecking=no nid01191  cd /global/common/cori/software/spark/1.5.1/sbin/.. ; /usr/common/software/spark/1.5.1/sbin/start-slave.sh spark://nid01175:7077
nid01192: doing ssh -o StrictHostKeyChecking=no nid01192  cd /global/common/cori/software/spark/1.5.1/sbin/.. ; /usr/common/software/spark/1.5.1/sbin/start-slave.sh spark://nid01175:7077
nid01193: doing ssh -o StrictHostKeyChecking=no nid01193  cd /global/common/cori/software/spark/1.5.1/sbin/.. ; /usr/common/software/spark/1.5.1/sbin/start-slave.sh spark://nid01175:7077
nid01518: doing ssh -o StrictHostKeyChecking=no nid01518  cd /global/common/cori/software/spark/1.5.1/sbin/.. ; /usr/common/software/spark/1.5.1/sbin/start-slave.sh spark://nid01175:7077
nid01519: doing ssh -o StrictHostKeyChecking=no nid01519  cd /global/common/cori/software/spark/1.5.1/sbin/.. ; /usr/common/software/spark/1.5.1/sbin/start-slave.sh spark://nid01175:7077
nid01520: doing ssh -o StrictHostKeyChecking=no nid01520  cd /global/common/cori/software/spark/1.5.1/sbin/.. ; /usr/common/software/spark/1.5.1/sbin/start-slave.sh spark://nid01175:7077
nid01521: doing ssh -o StrictHostKeyChecking=no nid01521  cd /global/common/cori/software/spark/1.5.1/sbin/.. ; /usr/common/software/spark/1.5.1/sbin/start-slave.sh spark://nid01175:7077
nid01522: doing ssh -o StrictHostKeyChecking=no nid01522  cd /global/common/cori/software/spark/1.5.1/sbin/.. ; /usr/common/software/spark/1.5.1/sbin/start-slave.sh spark://nid01175:7077
nid01523: doing ssh -o StrictHostKeyChecking=no nid01523  cd /global/common/cori/software/spark/1.5.1/sbin/.. ; /usr/common/software/spark/1.5.1/sbin/start-slave.sh spark://nid01175:7077
nid01524: doing ssh -o StrictHostKeyChecking=no nid01524  cd /global/common/cori/software/spark/1.5.1/sbin/.. ; /usr/common/software/spark/1.5.1/sbin/start-slave.sh spark://nid01175:7077
nid01525: doing ssh -o StrictHostKeyChecking=no nid01525  cd /global/common/cori/software/spark/1.5.1/sbin/.. ; /usr/common/software/spark/1.5.1/sbin/start-slave.sh spark://nid01175:7077
nid01526: doing ssh -o StrictHostKeyChecking=no nid01526  cd /global/common/cori/software/spark/1.5.1/sbin/.. ; /usr/common/software/spark/1.5.1/sbin/start-slave.sh spark://nid01175:7077
nid01527: doing ssh -o StrictHostKeyChecking=no nid01527  cd /global/common/cori/software/spark/1.5.1/sbin/.. ; /usr/common/software/spark/1.5.1/sbin/start-slave.sh spark://nid01175:7077
nid01528: doing ssh -o StrictHostKeyChecking=no nid01528  cd /global/common/cori/software/spark/1.5.1/sbin/.. ; /usr/common/software/spark/1.5.1/sbin/start-slave.sh spark://nid01175:7077
nid01529: doing ssh -o StrictHostKeyChecking=no nid01529  cd /global/common/cori/software/spark/1.5.1/sbin/.. ; /usr/common/software/spark/1.5.1/sbin/start-slave.sh spark://nid01175:7077
nid01530: doing ssh -o StrictHostKeyChecking=no nid01530  cd /global/common/cori/software/spark/1.5.1/sbin/.. ; /usr/common/software/spark/1.5.1/sbin/start-slave.sh spark://nid01175:7077
nid01531: doing ssh -o StrictHostKeyChecking=no nid01531  cd /global/common/cori/software/spark/1.5.1/sbin/.. ; /usr/common/software/spark/1.5.1/sbin/start-slave.sh spark://nid01175:7077
nid01532: doing ssh -o StrictHostKeyChecking=no nid01532  cd /global/common/cori/software/spark/1.5.1/sbin/.. ; /usr/common/software/spark/1.5.1/sbin/start-slave.sh spark://nid01175:7077
nid01533: doing ssh -o StrictHostKeyChecking=no nid01533  cd /global/common/cori/software/spark/1.5.1/sbin/.. ; /usr/common/software/spark/1.5.1/sbin/start-slave.sh spark://nid01175:7077
nid01534: doing ssh -o StrictHostKeyChecking=no nid01534  cd /global/common/cori/software/spark/1.5.1/sbin/.. ; /usr/common/software/spark/1.5.1/sbin/start-slave.sh spark://nid01175:7077
nid01535: doing ssh -o StrictHostKeyChecking=no nid01535  cd /global/common/cori/software/spark/1.5.1/sbin/.. ; /usr/common/software/spark/1.5.1/sbin/start-slave.sh spark://nid01175:7077
nid01556: doing ssh -o StrictHostKeyChecking=no nid01556  cd /global/common/cori/software/spark/1.5.1/sbin/.. ; /usr/common/software/spark/1.5.1/sbin/start-slave.sh spark://nid01175:7077
nid01557: doing ssh -o StrictHostKeyChecking=no nid01557  cd /global/common/cori/software/spark/1.5.1/sbin/.. ; /usr/common/software/spark/1.5.1/sbin/start-slave.sh spark://nid01175:7077
nid01558: doing ssh -o StrictHostKeyChecking=no nid01558  cd /global/common/cori/software/spark/1.5.1/sbin/.. ; /usr/common/software/spark/1.5.1/sbin/start-slave.sh spark://nid01175:7077
nid01176: Warning: Permanently added '[nid01176]:204,[10.128.4.161]:204' (ECDSA) to the list of known hosts.
nid01176: starting org.apache.spark.deploy.worker.Worker, logging to /global/cscratch1/sd/qpzhang/spark/2242593/sparklogs/spark-qpzhang-org.apache.spark.deploy.worker.Worker-1-nid01175.out
nid01179: Warning: Permanently added '[nid01179]:204,[10.128.4.164]:204' (ECDSA) to the list of known hosts.
nid01179: starting org.apache.spark.deploy.worker.Worker, logging to /global/cscratch1/sd/qpzhang/spark/2242593/sparklogs/spark-qpzhang-org.apache.spark.deploy.worker.Worker-1-nid01175.out
nid01177: Warning: Permanently added '[nid01177]:204,[10.128.4.162]:204' (ECDSA) to the list of known hosts.
nid01177: starting org.apache.spark.deploy.worker.Worker, logging to /global/cscratch1/sd/qpzhang/spark/2242593/sparklogs/spark-qpzhang-org.apache.spark.deploy.worker.Worker-1-nid01175.out
nid01178: Warning: Permanently added '[nid01178]:204,[10.128.4.163]:204' (ECDSA) to the list of known hosts.
nid01178: starting org.apache.spark.deploy.worker.Worker, logging to /global/cscratch1/sd/qpzhang/spark/2242593/sparklogs/spark-qpzhang-org.apache.spark.deploy.worker.Worker-1-nid01175.out
nid01189: @@@@@@@@@@@@@@@@@@@@@@@@@@@@@@@@@@@@@@@@@@@@@@@@@@@@@@@@@@@
nid01189: @    WARNING: REMOTE HOST IDENTIFICATION HAS CHANGED!     @
nid01189: @@@@@@@@@@@@@@@@@@@@@@@@@@@@@@@@@@@@@@@@@@@@@@@@@@@@@@@@@@@
nid01189: IT IS POSSIBLE THAT SOMEONE IS DOING SOMETHING NASTY!
nid01189: Someone could be eavesdropping on you right now (man-in-the-middle attack)!
nid01189: It is also possible that a host key has just been changed.
nid01189: The fingerprint for the ECDSA key sent by the remote host is
nid01189: SHA256:0S74pIGZBS2xnwZ+nk01O6bVx4uAE567RbiiHDfTiyY.
nid01189: Please contact your system administrator.
nid01189: Add correct host key in /global/homes/q/qpzhang/.ssh/known_hosts to get rid of this message.
nid01189: Offending ECDSA key in /global/homes/q/qpzhang/.ssh/known_hosts:499
nid01189: Password authentication is disabled to avoid man-in-the-middle attacks.
nid01189: Keyboard-interactive authentication is disabled to avoid man-in-the-middle attacks.
nid01189: starting org.apache.spark.deploy.worker.Worker, logging to /global/cscratch1/sd/qpzhang/spark/2242593/sparklogs/spark-qpzhang-org.apache.spark.deploy.worker.Worker-1-nid01175.out
nid01193: @@@@@@@@@@@@@@@@@@@@@@@@@@@@@@@@@@@@@@@@@@@@@@@@@@@@@@@@@@@
nid01193: @    WARNING: REMOTE HOST IDENTIFICATION HAS CHANGED!     @
nid01193: @@@@@@@@@@@@@@@@@@@@@@@@@@@@@@@@@@@@@@@@@@@@@@@@@@@@@@@@@@@
nid01193: IT IS POSSIBLE THAT SOMEONE IS DOING SOMETHING NASTY!
nid01193: Someone could be eavesdropping on you right now (man-in-the-middle attack)!
nid01193: It is also possible that a host key has just been changed.
nid01193: The fingerprint for the ECDSA key sent by the remote host is
nid01193: SHA256:11TS/THwSx0rBmZXDbycaoWhCOhxtsYqxpoPIF9aX5Y.
nid01193: Please contact your system administrator.
nid01193: Add correct host key in /global/homes/q/qpzhang/.ssh/known_hosts to get rid of this message.
nid01193: Offending ECDSA key in /global/homes/q/qpzhang/.ssh/known_hosts:505
nid01193: Password authentication is disabled to avoid man-in-the-middle attacks.
nid01193: Keyboard-interactive authentication is disabled to avoid man-in-the-middle attacks.
nid01193: mv: `/global/cscratch1/sd/qpzhang/spark/2242593/sparklogs/spark-qpzhang-org.apache.spark.deploy.worker.Worker-1-nid01175.out' and `/global/cscratch1/sd/qpzhang/spark/2242593/sparklogs/spark-qpzhang-org.apache.spark.deploy.worker.Worker-1-nid01175.out.1' are the same file
nid01193: starting org.apache.spark.deploy.worker.Worker, logging to /global/cscratch1/sd/qpzhang/spark/2242593/sparklogs/spark-qpzhang-org.apache.spark.deploy.worker.Worker-1-nid01175.out
nid01192: @@@@@@@@@@@@@@@@@@@@@@@@@@@@@@@@@@@@@@@@@@@@@@@@@@@@@@@@@@@
nid01192: @    WARNING: REMOTE HOST IDENTIFICATION HAS CHANGED!     @
nid01192: @@@@@@@@@@@@@@@@@@@@@@@@@@@@@@@@@@@@@@@@@@@@@@@@@@@@@@@@@@@
nid01192: IT IS POSSIBLE THAT SOMEONE IS DOING SOMETHING NASTY!
nid01192: Someone could be eavesdropping on you right now (man-in-the-middle attack)!
nid01192: It is also possible that a host key has just been changed.
nid01192: The fingerprint for the ECDSA key sent by the remote host is
nid01192: SHA256:4F5lvzcINrmwbqFQs+wU6NHSXL6CDY2JZSaSSc+wVr8.
nid01192: Please contact your system administrator.
nid01192: Add correct host key in /global/homes/q/qpzhang/.ssh/known_hosts to get rid of this message.
nid01192: Offending ECDSA key in /global/homes/q/qpzhang/.ssh/known_hosts:504
nid01192: Password authentication is disabled to avoid man-in-the-middle attacks.
nid01192: Keyboard-interactive authentication is disabled to avoid man-in-the-middle attacks.
nid01192: mv: cannot stat `/global/cscratch1/sd/qpzhang/spark/2242593/sparklogs/spark-qpzhang-org.apache.spark.deploy.worker.Worker-1-nid01175.out.1': No such file or directory
nid01192: starting org.apache.spark.deploy.worker.Worker, logging to /global/cscratch1/sd/qpzhang/spark/2242593/sparklogs/spark-qpzhang-org.apache.spark.deploy.worker.Worker-1-nid01175.out
nid01182: Warning: Permanently added '[nid01182]:204,[10.128.4.167]:204' (ECDSA) to the list of known hosts.
nid01182: starting org.apache.spark.deploy.worker.Worker, logging to /global/cscratch1/sd/qpzhang/spark/2242593/sparklogs/spark-qpzhang-org.apache.spark.deploy.worker.Worker-1-nid01175.out
nid01184: @@@@@@@@@@@@@@@@@@@@@@@@@@@@@@@@@@@@@@@@@@@@@@@@@@@@@@@@@@@
nid01184: @    WARNING: REMOTE HOST IDENTIFICATION HAS CHANGED!     @
nid01184: @@@@@@@@@@@@@@@@@@@@@@@@@@@@@@@@@@@@@@@@@@@@@@@@@@@@@@@@@@@
nid01184: IT IS POSSIBLE THAT SOMEONE IS DOING SOMETHING NASTY!
nid01184: Someone could be eavesdropping on you right now (man-in-the-middle attack)!
nid01184: It is also possible that a host key has just been changed.
nid01184: The fingerprint for the ECDSA key sent by the remote host is
nid01184: SHA256:LbE9DTjjtoWHDJB9vgbehc/evFm426N+MyVvYk+4qDs.
nid01184: Please contact your system administrator.
nid01184: Add correct host key in /global/homes/q/qpzhang/.ssh/known_hosts to get rid of this message.
nid01184: Offending ECDSA key in /global/homes/q/qpzhang/.ssh/known_hosts:497
nid01184: Password authentication is disabled to avoid man-in-the-middle attacks.
nid01184: Keyboard-interactive authentication is disabled to avoid man-in-the-middle attacks.
nid01184: starting org.apache.spark.deploy.worker.Worker, logging to /global/cscratch1/sd/qpzhang/spark/2242593/sparklogs/spark-qpzhang-org.apache.spark.deploy.worker.Worker-1-nid01175.out
nid01185: @@@@@@@@@@@@@@@@@@@@@@@@@@@@@@@@@@@@@@@@@@@@@@@@@@@@@@@@@@@
nid01185: @    WARNING: REMOTE HOST IDENTIFICATION HAS CHANGED!     @
nid01185: @@@@@@@@@@@@@@@@@@@@@@@@@@@@@@@@@@@@@@@@@@@@@@@@@@@@@@@@@@@
nid01185: IT IS POSSIBLE THAT SOMEONE IS DOING SOMETHING NASTY!
nid01185: Someone could be eavesdropping on you right now (man-in-the-middle attack)!
nid01185: It is also possible that a host key has just been changed.
nid01185: The fingerprint for the ECDSA key sent by the remote host is
nid01185: SHA256:NEJHMBuygcAD/oun3STVMO+UpeNRTSTWxszsZ5ML07M.
nid01185: Please contact your system administrator.
nid01185: Add correct host key in /global/homes/q/qpzhang/.ssh/known_hosts to get rid of this message.
nid01185: Offending ECDSA key in /global/homes/q/qpzhang/.ssh/known_hosts:495
nid01185: Password authentication is disabled to avoid man-in-the-middle attacks.
nid01185: Keyboard-interactive authentication is disabled to avoid man-in-the-middle attacks.
nid01185: starting org.apache.spark.deploy.worker.Worker, logging to /global/cscratch1/sd/qpzhang/spark/2242593/sparklogs/spark-qpzhang-org.apache.spark.deploy.worker.Worker-1-nid01175.out
nid01180: Warning: Permanently added '[nid01180]:204,[10.128.4.165]:204' (ECDSA) to the list of known hosts.
nid01180: starting org.apache.spark.deploy.worker.Worker, logging to /global/cscratch1/sd/qpzhang/spark/2242593/sparklogs/spark-qpzhang-org.apache.spark.deploy.worker.Worker-1-nid01175.out
nid01186: @@@@@@@@@@@@@@@@@@@@@@@@@@@@@@@@@@@@@@@@@@@@@@@@@@@@@@@@@@@
nid01186: @    WARNING: REMOTE HOST IDENTIFICATION HAS CHANGED!     @
nid01186: @@@@@@@@@@@@@@@@@@@@@@@@@@@@@@@@@@@@@@@@@@@@@@@@@@@@@@@@@@@
nid01186: IT IS POSSIBLE THAT SOMEONE IS DOING SOMETHING NASTY!
nid01186: Someone could be eavesdropping on you right now (man-in-the-middle attack)!
nid01186: It is also possible that a host key has just been changed.
nid01186: The fingerprint for the ECDSA key sent by the remote host is
nid01186: SHA256:1miaGkK3sS3obsA4s0c3unxS2vYsylMpUAzU9nXkZ18.
nid01186: Please contact your system administrator.
nid01186: Add correct host key in /global/homes/q/qpzhang/.ssh/known_hosts to get rid of this message.
nid01186: Offending ECDSA key in /global/homes/q/qpzhang/.ssh/known_hosts:496
nid01186: Password authentication is disabled to avoid man-in-the-middle attacks.
nid01186: Keyboard-interactive authentication is disabled to avoid man-in-the-middle attacks.
nid01186: starting org.apache.spark.deploy.worker.Worker, logging to /global/cscratch1/sd/qpzhang/spark/2242593/sparklogs/spark-qpzhang-org.apache.spark.deploy.worker.Worker-1-nid01175.out
nid01190: @@@@@@@@@@@@@@@@@@@@@@@@@@@@@@@@@@@@@@@@@@@@@@@@@@@@@@@@@@@
nid01190: @    WARNING: REMOTE HOST IDENTIFICATION HAS CHANGED!     @
nid01190: @@@@@@@@@@@@@@@@@@@@@@@@@@@@@@@@@@@@@@@@@@@@@@@@@@@@@@@@@@@
nid01190: IT IS POSSIBLE THAT SOMEONE IS DOING SOMETHING NASTY!
nid01190: Someone could be eavesdropping on you right now (man-in-the-middle attack)!
nid01190: It is also possible that a host key has just been changed.
nid01190: The fingerprint for the ECDSA key sent by the remote host is
nid01190: SHA256:csTMBd7YgQENCNhVFdWCTm3kZnwOpSGK8EFyBLLBIqk.
nid01190: Please contact your system administrator.
nid01190: Add correct host key in /global/homes/q/qpzhang/.ssh/known_hosts to get rid of this message.
nid01190: Offending ECDSA key in /global/homes/q/qpzhang/.ssh/known_hosts:500
nid01190: Password authentication is disabled to avoid man-in-the-middle attacks.
nid01190: Keyboard-interactive authentication is disabled to avoid man-in-the-middle attacks.
nid01190: mv: cannot stat `/global/cscratch1/sd/qpzhang/spark/2242593/sparklogs/spark-qpzhang-org.apache.spark.deploy.worker.Worker-1-nid01175.out.2': No such file or directory
nid01190: starting org.apache.spark.deploy.worker.Worker, logging to /global/cscratch1/sd/qpzhang/spark/2242593/sparklogs/spark-qpzhang-org.apache.spark.deploy.worker.Worker-1-nid01175.out
nid01191: @@@@@@@@@@@@@@@@@@@@@@@@@@@@@@@@@@@@@@@@@@@@@@@@@@@@@@@@@@@
nid01191: @    WARNING: REMOTE HOST IDENTIFICATION HAS CHANGED!     @
nid01191: @@@@@@@@@@@@@@@@@@@@@@@@@@@@@@@@@@@@@@@@@@@@@@@@@@@@@@@@@@@
nid01191: IT IS POSSIBLE THAT SOMEONE IS DOING SOMETHING NASTY!
nid01191: Someone could be eavesdropping on you right now (man-in-the-middle attack)!
nid01191: It is also possible that a host key has just been changed.
nid01191: The fingerprint for the ECDSA key sent by the remote host is
nid01191: SHA256:d0twwxlM97p6c2mcIjZQpL5fPmt7XdTUgQ/H8TH8PMw.
nid01191: Please contact your system administrator.
nid01191: Add correct host key in /global/homes/q/qpzhang/.ssh/known_hosts to get rid of this message.
nid01191: Offending ECDSA key in /global/homes/q/qpzhang/.ssh/known_hosts:501
nid01191: Password authentication is disabled to avoid man-in-the-middle attacks.
nid01191: Keyboard-interactive authentication is disabled to avoid man-in-the-middle attacks.
nid01191: starting org.apache.spark.deploy.worker.Worker, logging to /global/cscratch1/sd/qpzhang/spark/2242593/sparklogs/spark-qpzhang-org.apache.spark.deploy.worker.Worker-1-nid01175.out
nid01187: @@@@@@@@@@@@@@@@@@@@@@@@@@@@@@@@@@@@@@@@@@@@@@@@@@@@@@@@@@@
nid01187: @    WARNING: REMOTE HOST IDENTIFICATION HAS CHANGED!     @
nid01187: @@@@@@@@@@@@@@@@@@@@@@@@@@@@@@@@@@@@@@@@@@@@@@@@@@@@@@@@@@@
nid01187: IT IS POSSIBLE THAT SOMEONE IS DOING SOMETHING NASTY!
nid01187: Someone could be eavesdropping on you right now (man-in-the-middle attack)!
nid01187: It is also possible that a host key has just been changed.
nid01187: The fingerprint for the ECDSA key sent by the remote host is
nid01187: SHA256:BuH41yWPmZjKYStBO7SaHbkhIAsCrrv2+GYrYi0e5cA.
nid01187: Please contact your system administrator.
nid01187: Add correct host key in /global/homes/q/qpzhang/.ssh/known_hosts to get rid of this message.
nid01187: Offending ECDSA key in /global/homes/q/qpzhang/.ssh/known_hosts:263
nid01187: Password authentication is disabled to avoid man-in-the-middle attacks.
nid01187: Keyboard-interactive authentication is disabled to avoid man-in-the-middle attacks.
nid01187: starting org.apache.spark.deploy.worker.Worker, logging to /global/cscratch1/sd/qpzhang/spark/2242593/sparklogs/spark-qpzhang-org.apache.spark.deploy.worker.Worker-1-nid01175.out
nid01521: Warning: Permanently added '[nid01521]:204,[10.128.5.252]:204' (ECDSA) to the list of known hosts.
nid01521: starting org.apache.spark.deploy.worker.Worker, logging to /global/cscratch1/sd/qpzhang/spark/2242593/sparklogs/spark-qpzhang-org.apache.spark.deploy.worker.Worker-1-nid01175.out
nid01523: Warning: Permanently added '[nid01523]:204,[10.128.5.254]:204' (ECDSA) to the list of known hosts.
nid01523: starting org.apache.spark.deploy.worker.Worker, logging to /global/cscratch1/sd/qpzhang/spark/2242593/sparklogs/spark-qpzhang-org.apache.spark.deploy.worker.Worker-1-nid01175.out
nid01183: @@@@@@@@@@@@@@@@@@@@@@@@@@@@@@@@@@@@@@@@@@@@@@@@@@@@@@@@@@@
nid01183: @    WARNING: REMOTE HOST IDENTIFICATION HAS CHANGED!     @
nid01183: @@@@@@@@@@@@@@@@@@@@@@@@@@@@@@@@@@@@@@@@@@@@@@@@@@@@@@@@@@@
nid01183: IT IS POSSIBLE THAT SOMEONE IS DOING SOMETHING NASTY!
nid01183: Someone could be eavesdropping on you right now (man-in-the-middle attack)!
nid01183: It is also possible that a host key has just been changed.
nid01183: The fingerprint for the ECDSA key sent by the remote host is
nid01183: SHA256:wC5IiijnIGgatokINxIX4UmrN8djy4NAkn3ccgxU7Ss.
nid01183: Please contact your system administrator.
nid01183: Add correct host key in /global/homes/q/qpzhang/.ssh/known_hosts to get rid of this message.
nid01183: Offending ECDSA key in /global/homes/q/qpzhang/.ssh/known_hosts:494
nid01183: Password authentication is disabled to avoid man-in-the-middle attacks.
nid01183: Keyboard-interactive authentication is disabled to avoid man-in-the-middle attacks.
nid01183: mv: cannot stat `/global/cscratch1/sd/qpzhang/spark/2242593/sparklogs/spark-qpzhang-org.apache.spark.deploy.worker.Worker-1-nid01175.out.2': No such file or directory
nid01183: mv: cannot stat `/global/cscratch1/sd/qpzhang/spark/2242593/sparklogs/spark-qpzhang-org.apache.spark.deploy.worker.Worker-1-nid01175.out.1': No such file or directory
nid01183: mv: cannot stat `/global/cscratch1/sd/qpzhang/spark/2242593/sparklogs/spark-qpzhang-org.apache.spark.deploy.worker.Worker-1-nid01175.out': No such file or directory
nid01183: starting org.apache.spark.deploy.worker.Worker, logging to /global/cscratch1/sd/qpzhang/spark/2242593/sparklogs/spark-qpzhang-org.apache.spark.deploy.worker.Worker-1-nid01175.out
nid01181: Warning: Permanently added '[nid01181]:204,[10.128.4.166]:204' (ECDSA) to the list of known hosts.
nid01181: mv: cannot stat `/global/cscratch1/sd/qpzhang/spark/2242593/sparklogs/spark-qpzhang-org.apache.spark.deploy.worker.Worker-1-nid01175.out.2': No such file or directory
nid01181: mv: cannot stat `/global/cscratch1/sd/qpzhang/spark/2242593/sparklogs/spark-qpzhang-org.apache.spark.deploy.worker.Worker-1-nid01175.out': No such file or directory
nid01181: starting org.apache.spark.deploy.worker.Worker, logging to /global/cscratch1/sd/qpzhang/spark/2242593/sparklogs/spark-qpzhang-org.apache.spark.deploy.worker.Worker-1-nid01175.out
nid01525: Warning: Permanently added '[nid01525]:204,[10.128.6.2]:204' (ECDSA) to the list of known hosts.
nid01525: mv: cannot stat `/global/cscratch1/sd/qpzhang/spark/2242593/sparklogs/spark-qpzhang-org.apache.spark.deploy.worker.Worker-1-nid01175.out.2': No such file or directory
nid01525: mv: cannot stat `/global/cscratch1/sd/qpzhang/spark/2242593/sparklogs/spark-qpzhang-org.apache.spark.deploy.worker.Worker-1-nid01175.out': No such file or directory
nid01525: starting org.apache.spark.deploy.worker.Worker, logging to /global/cscratch1/sd/qpzhang/spark/2242593/sparklogs/spark-qpzhang-org.apache.spark.deploy.worker.Worker-1-nid01175.out
nid01188: @@@@@@@@@@@@@@@@@@@@@@@@@@@@@@@@@@@@@@@@@@@@@@@@@@@@@@@@@@@
nid01188: @    WARNING: REMOTE HOST IDENTIFICATION HAS CHANGED!     @
nid01188: @@@@@@@@@@@@@@@@@@@@@@@@@@@@@@@@@@@@@@@@@@@@@@@@@@@@@@@@@@@
nid01188: IT IS POSSIBLE THAT SOMEONE IS DOING SOMETHING NASTY!
nid01188: Someone could be eavesdropping on you right now (man-in-the-middle attack)!
nid01188: It is also possible that a host key has just been changed.
nid01188: The fingerprint for the ECDSA key sent by the remote host is
nid01188: SHA256:JzVOkipNxDVudXd6+v8ZWKf5wZuBFsLqLjRIWDOnxOE.
nid01188: Please contact your system administrator.
nid01188: Add correct host key in /global/homes/q/qpzhang/.ssh/known_hosts to get rid of this message.
nid01188: Offending ECDSA key in /global/homes/q/qpzhang/.ssh/known_hosts:498
nid01188: Password authentication is disabled to avoid man-in-the-middle attacks.
nid01188: Keyboard-interactive authentication is disabled to avoid man-in-the-middle attacks.
nid01188: starting org.apache.spark.deploy.worker.Worker, logging to /global/cscratch1/sd/qpzhang/spark/2242593/sparklogs/spark-qpzhang-org.apache.spark.deploy.worker.Worker-1-nid01175.out
nid01524: Warning: Permanently added '[nid01524]:204,[10.128.6.1]:204' (ECDSA) to the list of known hosts.
nid01524: mv: cannot stat `/global/cscratch1/sd/qpzhang/spark/2242593/sparklogs/spark-qpzhang-org.apache.spark.deploy.worker.Worker-1-nid01175.out.2': No such file or directory
nid01524: mv: cannot stat `/global/cscratch1/sd/qpzhang/spark/2242593/sparklogs/spark-qpzhang-org.apache.spark.deploy.worker.Worker-1-nid01175.out.1': No such file or directory
nid01524: mv: cannot stat `/global/cscratch1/sd/qpzhang/spark/2242593/sparklogs/spark-qpzhang-org.apache.spark.deploy.worker.Worker-1-nid01175.out': No such file or directory
nid01524: starting org.apache.spark.deploy.worker.Worker, logging to /global/cscratch1/sd/qpzhang/spark/2242593/sparklogs/spark-qpzhang-org.apache.spark.deploy.worker.Worker-1-nid01175.out
nid01526: @@@@@@@@@@@@@@@@@@@@@@@@@@@@@@@@@@@@@@@@@@@@@@@@@@@@@@@@@@@
nid01526: @    WARNING: REMOTE HOST IDENTIFICATION HAS CHANGED!     @
nid01526: @@@@@@@@@@@@@@@@@@@@@@@@@@@@@@@@@@@@@@@@@@@@@@@@@@@@@@@@@@@
nid01526: IT IS POSSIBLE THAT SOMEONE IS DOING SOMETHING NASTY!
nid01526: Someone could be eavesdropping on you right now (man-in-the-middle attack)!
nid01526: It is also possible that a host key has just been changed.
nid01526: The fingerprint for the ECDSA key sent by the remote host is
nid01526: SHA256:0vbTQpbszZtMgJi0kLQybvtCuD6wEbc+8wP11Rku9Xo.
nid01526: Please contact your system administrator.
nid01526: Add correct host key in /global/homes/q/qpzhang/.ssh/known_hosts to get rid of this message.
nid01526: Offending ECDSA key in /global/homes/q/qpzhang/.ssh/known_hosts:468
nid01526: Password authentication is disabled to avoid man-in-the-middle attacks.
nid01526: Keyboard-interactive authentication is disabled to avoid man-in-the-middle attacks.
nid01526: mv: cannot stat `/global/cscratch1/sd/qpzhang/spark/2242593/sparklogs/spark-qpzhang-org.apache.spark.deploy.worker.Worker-1-nid01175.out.2': No such file or directory
nid01526: mv: cannot stat `/global/cscratch1/sd/qpzhang/spark/2242593/sparklogs/spark-qpzhang-org.apache.spark.deploy.worker.Worker-1-nid01175.out': No such file or directory
nid01526: starting org.apache.spark.deploy.worker.Worker, logging to /global/cscratch1/sd/qpzhang/spark/2242593/sparklogs/spark-qpzhang-org.apache.spark.deploy.worker.Worker-1-nid01175.out
nid01520: Warning: Permanently added '[nid01520]:204,[10.128.5.251]:204' (ECDSA) to the list of known hosts.
nid01520: starting org.apache.spark.deploy.worker.Worker, logging to /global/cscratch1/sd/qpzhang/spark/2242593/sparklogs/spark-qpzhang-org.apache.spark.deploy.worker.Worker-1-nid01175.out
nid01527: @@@@@@@@@@@@@@@@@@@@@@@@@@@@@@@@@@@@@@@@@@@@@@@@@@@@@@@@@@@
nid01527: @    WARNING: REMOTE HOST IDENTIFICATION HAS CHANGED!     @
nid01527: @@@@@@@@@@@@@@@@@@@@@@@@@@@@@@@@@@@@@@@@@@@@@@@@@@@@@@@@@@@
nid01527: IT IS POSSIBLE THAT SOMEONE IS DOING SOMETHING NASTY!
nid01527: Someone could be eavesdropping on you right now (man-in-the-middle attack)!
nid01527: It is also possible that a host key has just been changed.
nid01527: The fingerprint for the ECDSA key sent by the remote host is
nid01527: SHA256:QfwnFDX6wF4zPLRBD9KiEb+g42yBgk8ekKcUc1F+bdM.
nid01527: Please contact your system administrator.
nid01527: Add correct host key in /global/homes/q/qpzhang/.ssh/known_hosts to get rid of this message.
nid01527: Offending ECDSA key in /global/homes/q/qpzhang/.ssh/known_hosts:469
nid01527: Password authentication is disabled to avoid man-in-the-middle attacks.
nid01527: Keyboard-interactive authentication is disabled to avoid man-in-the-middle attacks.
nid01527: starting org.apache.spark.deploy.worker.Worker, logging to /global/cscratch1/sd/qpzhang/spark/2242593/sparklogs/spark-qpzhang-org.apache.spark.deploy.worker.Worker-1-nid01175.out
nid01522: Warning: Permanently added '[nid01522]:204,[10.128.5.253]:204' (ECDSA) to the list of known hosts.
nid01522: starting org.apache.spark.deploy.worker.Worker, logging to /global/cscratch1/sd/qpzhang/spark/2242593/sparklogs/spark-qpzhang-org.apache.spark.deploy.worker.Worker-1-nid01175.out
nid01518: Warning: Permanently added '[nid01518]:204,[10.128.5.249]:204' (ECDSA) to the list of known hosts.
nid01518: mv: cannot stat `/global/cscratch1/sd/qpzhang/spark/2242593/sparklogs/spark-qpzhang-org.apache.spark.deploy.worker.Worker-1-nid01175.out.4': No such file or directory
nid01518: mv: cannot stat `/global/cscratch1/sd/qpzhang/spark/2242593/sparklogs/spark-qpzhang-org.apache.spark.deploy.worker.Worker-1-nid01175.out.2': No such file or directory
nid01518: mv: cannot stat `/global/cscratch1/sd/qpzhang/spark/2242593/sparklogs/spark-qpzhang-org.apache.spark.deploy.worker.Worker-1-nid01175.out.1': No such file or directory
nid01518: starting org.apache.spark.deploy.worker.Worker, logging to /global/cscratch1/sd/qpzhang/spark/2242593/sparklogs/spark-qpzhang-org.apache.spark.deploy.worker.Worker-1-nid01175.out
nid01519: Warning: Permanently added '[nid01519]:204,[10.128.5.250]:204' (ECDSA) to the list of known hosts.
nid01519: starting org.apache.spark.deploy.worker.Worker, logging to /global/cscratch1/sd/qpzhang/spark/2242593/sparklogs/spark-qpzhang-org.apache.spark.deploy.worker.Worker-1-nid01175.out
nid01528: Warning: Permanently added '[nid01528]:204,[10.128.6.5]:204' (ECDSA) to the list of known hosts.
nid01528: starting org.apache.spark.deploy.worker.Worker, logging to /global/cscratch1/sd/qpzhang/spark/2242593/sparklogs/spark-qpzhang-org.apache.spark.deploy.worker.Worker-1-nid01175.out
nid01534: @@@@@@@@@@@@@@@@@@@@@@@@@@@@@@@@@@@@@@@@@@@@@@@@@@@@@@@@@@@
nid01534: @    WARNING: REMOTE HOST IDENTIFICATION HAS CHANGED!     @
nid01534: @@@@@@@@@@@@@@@@@@@@@@@@@@@@@@@@@@@@@@@@@@@@@@@@@@@@@@@@@@@
nid01534: IT IS POSSIBLE THAT SOMEONE IS DOING SOMETHING NASTY!
nid01534: Someone could be eavesdropping on you right now (man-in-the-middle attack)!
nid01534: It is also possible that a host key has just been changed.
nid01534: The fingerprint for the ECDSA key sent by the remote host is
nid01534: SHA256:pH5v1oMo6w3l6hEVgMmNTtWkbTqrwubNECQ/+xH1C2s.
nid01534: Please contact your system administrator.
nid01534: Add correct host key in /global/homes/q/qpzhang/.ssh/known_hosts to get rid of this message.
nid01534: Offending ECDSA key in /global/homes/q/qpzhang/.ssh/known_hosts:270
nid01534: Password authentication is disabled to avoid man-in-the-middle attacks.
nid01534: Keyboard-interactive authentication is disabled to avoid man-in-the-middle attacks.
nid01534: mv: cannot stat `/global/cscratch1/sd/qpzhang/spark/2242593/sparklogs/spark-qpzhang-org.apache.spark.deploy.worker.Worker-1-nid01175.out.2': No such file or directory
nid01534: starting org.apache.spark.deploy.worker.Worker, logging to /global/cscratch1/sd/qpzhang/spark/2242593/sparklogs/spark-qpzhang-org.apache.spark.deploy.worker.Worker-1-nid01175.out
nid01529: Warning: Permanently added '[nid01529]:204,[10.128.6.6]:204' (ECDSA) to the list of known hosts.
nid01529: mv: cannot stat `/global/cscratch1/sd/qpzhang/spark/2242593/sparklogs/spark-qpzhang-org.apache.spark.deploy.worker.Worker-1-nid01175.out.3': No such file or directory
nid01529: mv: cannot stat `/global/cscratch1/sd/qpzhang/spark/2242593/sparklogs/spark-qpzhang-org.apache.spark.deploy.worker.Worker-1-nid01175.out.1': No such file or directory
nid01529: mv: cannot stat `/global/cscratch1/sd/qpzhang/spark/2242593/sparklogs/spark-qpzhang-org.apache.spark.deploy.worker.Worker-1-nid01175.out': No such file or directory
nid01529: starting org.apache.spark.deploy.worker.Worker, logging to /global/cscratch1/sd/qpzhang/spark/2242593/sparklogs/spark-qpzhang-org.apache.spark.deploy.worker.Worker-1-nid01175.out
nid01530: Warning: Permanently added '[nid01530]:204,[10.128.6.7]:204' (ECDSA) to the list of known hosts.
nid01530: mv: cannot stat `/global/cscratch1/sd/qpzhang/spark/2242593/sparklogs/spark-qpzhang-org.apache.spark.deploy.worker.Worker-1-nid01175.out.3': No such file or directory
nid01530: mv: cannot stat `/global/cscratch1/sd/qpzhang/spark/2242593/sparklogs/spark-qpzhang-org.apache.spark.deploy.worker.Worker-1-nid01175.out.2': No such file or directory
nid01530: mv: cannot stat `/global/cscratch1/sd/qpzhang/spark/2242593/sparklogs/spark-qpzhang-org.apache.spark.deploy.worker.Worker-1-nid01175.out.1': No such file or directory
nid01530: mv: cannot stat `/global/cscratch1/sd/qpzhang/spark/2242593/sparklogs/spark-qpzhang-org.apache.spark.deploy.worker.Worker-1-nid01175.out': No such file or directory
nid01530: starting org.apache.spark.deploy.worker.Worker, logging to /global/cscratch1/sd/qpzhang/spark/2242593/sparklogs/spark-qpzhang-org.apache.spark.deploy.worker.Worker-1-nid01175.out
nid01532: @@@@@@@@@@@@@@@@@@@@@@@@@@@@@@@@@@@@@@@@@@@@@@@@@@@@@@@@@@@
nid01532: @    WARNING: REMOTE HOST IDENTIFICATION HAS CHANGED!     @
nid01532: @@@@@@@@@@@@@@@@@@@@@@@@@@@@@@@@@@@@@@@@@@@@@@@@@@@@@@@@@@@
nid01532: IT IS POSSIBLE THAT SOMEONE IS DOING SOMETHING NASTY!
nid01532: Someone could be eavesdropping on you right now (man-in-the-middle attack)!
nid01532: It is also possible that a host key has just been changed.
nid01532: The fingerprint for the ECDSA key sent by the remote host is
nid01532: SHA256:U3g/r/VF+yWTnF/e5lSbjjT9XqyO0MxmVu6DqFnwd/8.
nid01532: Please contact your system administrator.
nid01532: Add correct host key in /global/homes/q/qpzhang/.ssh/known_hosts to get rid of this message.
nid01532: Offending ECDSA key in /global/homes/q/qpzhang/.ssh/known_hosts:266
nid01532: Password authentication is disabled to avoid man-in-the-middle attacks.
nid01532: Keyboard-interactive authentication is disabled to avoid man-in-the-middle attacks.
nid01532: mv: cannot stat `/global/cscratch1/sd/qpzhang/spark/2242593/sparklogs/spark-qpzhang-org.apache.spark.deploy.worker.Worker-1-nid01175.out.2': No such file or directory
nid01532: mv: cannot stat `/global/cscratch1/sd/qpzhang/spark/2242593/sparklogs/spark-qpzhang-org.apache.spark.deploy.worker.Worker-1-nid01175.out.1': No such file or directory
nid01532: starting org.apache.spark.deploy.worker.Worker, logging to /global/cscratch1/sd/qpzhang/spark/2242593/sparklogs/spark-qpzhang-org.apache.spark.deploy.worker.Worker-1-nid01175.out
nid01533: @@@@@@@@@@@@@@@@@@@@@@@@@@@@@@@@@@@@@@@@@@@@@@@@@@@@@@@@@@@
nid01533: @    WARNING: REMOTE HOST IDENTIFICATION HAS CHANGED!     @
nid01533: @@@@@@@@@@@@@@@@@@@@@@@@@@@@@@@@@@@@@@@@@@@@@@@@@@@@@@@@@@@
nid01533: IT IS POSSIBLE THAT SOMEONE IS DOING SOMETHING NASTY!
nid01533: Someone could be eavesdropping on you right now (man-in-the-middle attack)!
nid01533: It is also possible that a host key has just been changed.
nid01533: The fingerprint for the ECDSA key sent by the remote host is
nid01533: SHA256:yOeqmH4Ve0VTAFqt/U/vAhkdUVa1qWqD7i53g1xhiQk.
nid01533: Please contact your system administrator.
nid01533: Add correct host key in /global/homes/q/qpzhang/.ssh/known_hosts to get rid of this message.
nid01533: Offending ECDSA key in /global/homes/q/qpzhang/.ssh/known_hosts:267
nid01533: Password authentication is disabled to avoid man-in-the-middle attacks.
nid01533: Keyboard-interactive authentication is disabled to avoid man-in-the-middle attacks.
nid01533: starting org.apache.spark.deploy.worker.Worker, logging to /global/cscratch1/sd/qpzhang/spark/2242593/sparklogs/spark-qpzhang-org.apache.spark.deploy.worker.Worker-1-nid01175.out
nid01531: Warning: Permanently added '[nid01531]:204,[10.128.6.8]:204' (ECDSA) to the list of known hosts.
nid01531: mv: cannot stat `/global/cscratch1/sd/qpzhang/spark/2242593/sparklogs/spark-qpzhang-org.apache.spark.deploy.worker.Worker-1-nid01175.out.4': No such file or directory
nid01531: mv: cannot stat `/global/cscratch1/sd/qpzhang/spark/2242593/sparklogs/spark-qpzhang-org.apache.spark.deploy.worker.Worker-1-nid01175.out.3': No such file or directory
nid01531: mv: cannot stat `/global/cscratch1/sd/qpzhang/spark/2242593/sparklogs/spark-qpzhang-org.apache.spark.deploy.worker.Worker-1-nid01175.out.2': No such file or directory
nid01531: mv: cannot stat `/global/cscratch1/sd/qpzhang/spark/2242593/sparklogs/spark-qpzhang-org.apache.spark.deploy.worker.Worker-1-nid01175.out.1': No such file or directory
nid01531: mv: cannot stat `/global/cscratch1/sd/qpzhang/spark/2242593/sparklogs/spark-qpzhang-org.apache.spark.deploy.worker.Worker-1-nid01175.out': No such file or directory
nid01531: starting org.apache.spark.deploy.worker.Worker, logging to /global/cscratch1/sd/qpzhang/spark/2242593/sparklogs/spark-qpzhang-org.apache.spark.deploy.worker.Worker-1-nid01175.out
nid01556: @@@@@@@@@@@@@@@@@@@@@@@@@@@@@@@@@@@@@@@@@@@@@@@@@@@@@@@@@@@
nid01556: @    WARNING: REMOTE HOST IDENTIFICATION HAS CHANGED!     @
nid01556: @@@@@@@@@@@@@@@@@@@@@@@@@@@@@@@@@@@@@@@@@@@@@@@@@@@@@@@@@@@
nid01556: IT IS POSSIBLE THAT SOMEONE IS DOING SOMETHING NASTY!
nid01556: Someone could be eavesdropping on you right now (man-in-the-middle attack)!
nid01556: It is also possible that a host key has just been changed.
nid01556: The fingerprint for the ECDSA key sent by the remote host is
nid01556: SHA256:f362/WnKON0Ad/Y6ZmRwYvial7F/WP5/cDLm7nMQYwQ.
nid01556: Please contact your system administrator.
nid01556: Add correct host key in /global/homes/q/qpzhang/.ssh/known_hosts to get rid of this message.
nid01556: Offending ECDSA key in /global/homes/q/qpzhang/.ssh/known_hosts:240
nid01556: Password authentication is disabled to avoid man-in-the-middle attacks.
nid01556: Keyboard-interactive authentication is disabled to avoid man-in-the-middle attacks.
nid01556: mv: cannot stat `/global/cscratch1/sd/qpzhang/spark/2242593/sparklogs/spark-qpzhang-org.apache.spark.deploy.worker.Worker-1-nid01175.out': No such file or directory
nid01556: starting org.apache.spark.deploy.worker.Worker, logging to /global/cscratch1/sd/qpzhang/spark/2242593/sparklogs/spark-qpzhang-org.apache.spark.deploy.worker.Worker-1-nid01175.out
nid01558: @@@@@@@@@@@@@@@@@@@@@@@@@@@@@@@@@@@@@@@@@@@@@@@@@@@@@@@@@@@
nid01558: @    WARNING: REMOTE HOST IDENTIFICATION HAS CHANGED!     @
nid01558: @@@@@@@@@@@@@@@@@@@@@@@@@@@@@@@@@@@@@@@@@@@@@@@@@@@@@@@@@@@
nid01558: IT IS POSSIBLE THAT SOMEONE IS DOING SOMETHING NASTY!
nid01558: Someone could be eavesdropping on you right now (man-in-the-middle attack)!
nid01558: It is also possible that a host key has just been changed.
nid01558: The fingerprint for the ECDSA key sent by the remote host is
nid01558: SHA256:K1/qeicKpOBrXNmIzJ+tDOlIDFU7ELdIgQUb8madiik.
nid01558: Please contact your system administrator.
nid01558: Add correct host key in /global/homes/q/qpzhang/.ssh/known_hosts to get rid of this message.
nid01558: Offending ECDSA key in /global/homes/q/qpzhang/.ssh/known_hosts:241
nid01558: Password authentication is disabled to avoid man-in-the-middle attacks.
nid01558: Keyboard-interactive authentication is disabled to avoid man-in-the-middle attacks.
nid01558: mv: cannot stat `/global/cscratch1/sd/qpzhang/spark/2242593/sparklogs/spark-qpzhang-org.apache.spark.deploy.worker.Worker-1-nid01175.out.2': No such file or directory
nid01558: starting org.apache.spark.deploy.worker.Worker, logging to /global/cscratch1/sd/qpzhang/spark/2242593/sparklogs/spark-qpzhang-org.apache.spark.deploy.worker.Worker-1-nid01175.out
nid01535: @@@@@@@@@@@@@@@@@@@@@@@@@@@@@@@@@@@@@@@@@@@@@@@@@@@@@@@@@@@
nid01535: @    WARNING: REMOTE HOST IDENTIFICATION HAS CHANGED!     @
nid01535: @@@@@@@@@@@@@@@@@@@@@@@@@@@@@@@@@@@@@@@@@@@@@@@@@@@@@@@@@@@
nid01535: IT IS POSSIBLE THAT SOMEONE IS DOING SOMETHING NASTY!
nid01535: Someone could be eavesdropping on you right now (man-in-the-middle attack)!
nid01535: It is also possible that a host key has just been changed.
nid01535: The fingerprint for the ECDSA key sent by the remote host is
nid01535: SHA256:LF7fEzMOSJh3T02Kn6Rc7iJ4oCwQdfFOb9jjOUGMjVY.
nid01535: Please contact your system administrator.
nid01535: Add correct host key in /global/homes/q/qpzhang/.ssh/known_hosts to get rid of this message.
nid01535: Offending ECDSA key in /global/homes/q/qpzhang/.ssh/known_hosts:268
nid01535: Password authentication is disabled to avoid man-in-the-middle attacks.
nid01535: Keyboard-interactive authentication is disabled to avoid man-in-the-middle attacks.
nid01535: mv: cannot stat `/global/cscratch1/sd/qpzhang/spark/2242593/sparklogs/spark-qpzhang-org.apache.spark.deploy.worker.Worker-1-nid01175.out.4': No such file or directory
nid01535: mv: cannot stat `/global/cscratch1/sd/qpzhang/spark/2242593/sparklogs/spark-qpzhang-org.apache.spark.deploy.worker.Worker-1-nid01175.out.3': No such file or directory
nid01535: mv: cannot stat `/global/cscratch1/sd/qpzhang/spark/2242593/sparklogs/spark-qpzhang-org.apache.spark.deploy.worker.Worker-1-nid01175.out.2': No such file or directory
nid01535: mv: cannot stat `/global/cscratch1/sd/qpzhang/spark/2242593/sparklogs/spark-qpzhang-org.apache.spark.deploy.worker.Worker-1-nid01175.out.1': No such file or directory
nid01535: starting org.apache.spark.deploy.worker.Worker, logging to /global/cscratch1/sd/qpzhang/spark/2242593/sparklogs/spark-qpzhang-org.apache.spark.deploy.worker.Worker-1-nid01175.out
nid01557: @@@@@@@@@@@@@@@@@@@@@@@@@@@@@@@@@@@@@@@@@@@@@@@@@@@@@@@@@@@
nid01557: @    WARNING: REMOTE HOST IDENTIFICATION HAS CHANGED!     @
nid01557: @@@@@@@@@@@@@@@@@@@@@@@@@@@@@@@@@@@@@@@@@@@@@@@@@@@@@@@@@@@
nid01557: IT IS POSSIBLE THAT SOMEONE IS DOING SOMETHING NASTY!
nid01557: Someone could be eavesdropping on you right now (man-in-the-middle attack)!
nid01557: It is also possible that a host key has just been changed.
nid01557: The fingerprint for the ECDSA key sent by the remote host is
nid01557: SHA256:FMMoLFShW6ue7+ljbv/Pu9+YC80ksU7vHXu9gZJaRUg.
nid01557: Please contact your system administrator.
nid01557: Add correct host key in /global/homes/q/qpzhang/.ssh/known_hosts to get rid of this message.
nid01557: Offending ECDSA key in /global/homes/q/qpzhang/.ssh/known_hosts:242
nid01557: Password authentication is disabled to avoid man-in-the-middle attacks.
nid01557: Keyboard-interactive authentication is disabled to avoid man-in-the-middle attacks.
nid01557: starting org.apache.spark.deploy.worker.Worker, logging to /global/cscratch1/sd/qpzhang/spark/2242593/sparklogs/spark-qpzhang-org.apache.spark.deploy.worker.Worker-1-nid01175.out
nid01176: doing ssh -o StrictHostKeyChecking=no nid01176  cd /global/common/cori/software/spark/1.5.1/sbin/.. ; /usr/common/software/spark/1.5.1/sbin/stop-slave.sh
nid01177: doing ssh -o StrictHostKeyChecking=no nid01177  cd /global/common/cori/software/spark/1.5.1/sbin/.. ; /usr/common/software/spark/1.5.1/sbin/stop-slave.sh
nid01178: doing ssh -o StrictHostKeyChecking=no nid01178  cd /global/common/cori/software/spark/1.5.1/sbin/.. ; /usr/common/software/spark/1.5.1/sbin/stop-slave.sh
nid01179: doing ssh -o StrictHostKeyChecking=no nid01179  cd /global/common/cori/software/spark/1.5.1/sbin/.. ; /usr/common/software/spark/1.5.1/sbin/stop-slave.sh
nid01180: doing ssh -o StrictHostKeyChecking=no nid01180  cd /global/common/cori/software/spark/1.5.1/sbin/.. ; /usr/common/software/spark/1.5.1/sbin/stop-slave.sh
nid01181: doing ssh -o StrictHostKeyChecking=no nid01181  cd /global/common/cori/software/spark/1.5.1/sbin/.. ; /usr/common/software/spark/1.5.1/sbin/stop-slave.sh
nid01182: doing ssh -o StrictHostKeyChecking=no nid01182  cd /global/common/cori/software/spark/1.5.1/sbin/.. ; /usr/common/software/spark/1.5.1/sbin/stop-slave.sh
nid01183: doing ssh -o StrictHostKeyChecking=no nid01183  cd /global/common/cori/software/spark/1.5.1/sbin/.. ; /usr/common/software/spark/1.5.1/sbin/stop-slave.sh
nid01184: doing ssh -o StrictHostKeyChecking=no nid01184  cd /global/common/cori/software/spark/1.5.1/sbin/.. ; /usr/common/software/spark/1.5.1/sbin/stop-slave.sh
nid01185: doing ssh -o StrictHostKeyChecking=no nid01185  cd /global/common/cori/software/spark/1.5.1/sbin/.. ; /usr/common/software/spark/1.5.1/sbin/stop-slave.sh
nid01186: doing ssh -o StrictHostKeyChecking=no nid01186  cd /global/common/cori/software/spark/1.5.1/sbin/.. ; /usr/common/software/spark/1.5.1/sbin/stop-slave.sh
nid01187: doing ssh -o StrictHostKeyChecking=no nid01187  cd /global/common/cori/software/spark/1.5.1/sbin/.. ; /usr/common/software/spark/1.5.1/sbin/stop-slave.sh
nid01188: doing ssh -o StrictHostKeyChecking=no nid01188  cd /global/common/cori/software/spark/1.5.1/sbin/.. ; /usr/common/software/spark/1.5.1/sbin/stop-slave.sh
nid01189: doing ssh -o StrictHostKeyChecking=no nid01189  cd /global/common/cori/software/spark/1.5.1/sbin/.. ; /usr/common/software/spark/1.5.1/sbin/stop-slave.sh
nid01190: doing ssh -o StrictHostKeyChecking=no nid01190  cd /global/common/cori/software/spark/1.5.1/sbin/.. ; /usr/common/software/spark/1.5.1/sbin/stop-slave.sh
nid01191: doing ssh -o StrictHostKeyChecking=no nid01191  cd /global/common/cori/software/spark/1.5.1/sbin/.. ; /usr/common/software/spark/1.5.1/sbin/stop-slave.sh
nid01192: doing ssh -o StrictHostKeyChecking=no nid01192  cd /global/common/cori/software/spark/1.5.1/sbin/.. ; /usr/common/software/spark/1.5.1/sbin/stop-slave.sh
nid01193: doing ssh -o StrictHostKeyChecking=no nid01193  cd /global/common/cori/software/spark/1.5.1/sbin/.. ; /usr/common/software/spark/1.5.1/sbin/stop-slave.sh
nid01518: doing ssh -o StrictHostKeyChecking=no nid01518  cd /global/common/cori/software/spark/1.5.1/sbin/.. ; /usr/common/software/spark/1.5.1/sbin/stop-slave.sh
nid01519: doing ssh -o StrictHostKeyChecking=no nid01519  cd /global/common/cori/software/spark/1.5.1/sbin/.. ; /usr/common/software/spark/1.5.1/sbin/stop-slave.sh
nid01520: doing ssh -o StrictHostKeyChecking=no nid01520  cd /global/common/cori/software/spark/1.5.1/sbin/.. ; /usr/common/software/spark/1.5.1/sbin/stop-slave.sh
nid01521: doing ssh -o StrictHostKeyChecking=no nid01521  cd /global/common/cori/software/spark/1.5.1/sbin/.. ; /usr/common/software/spark/1.5.1/sbin/stop-slave.sh
nid01522: doing ssh -o StrictHostKeyChecking=no nid01522  cd /global/common/cori/software/spark/1.5.1/sbin/.. ; /usr/common/software/spark/1.5.1/sbin/stop-slave.sh
nid01523: doing ssh -o StrictHostKeyChecking=no nid01523  cd /global/common/cori/software/spark/1.5.1/sbin/.. ; /usr/common/software/spark/1.5.1/sbin/stop-slave.sh
nid01524: doing ssh -o StrictHostKeyChecking=no nid01524  cd /global/common/cori/software/spark/1.5.1/sbin/.. ; /usr/common/software/spark/1.5.1/sbin/stop-slave.sh
nid01525: doing ssh -o StrictHostKeyChecking=no nid01525  cd /global/common/cori/software/spark/1.5.1/sbin/.. ; /usr/common/software/spark/1.5.1/sbin/stop-slave.sh
nid01526: doing ssh -o StrictHostKeyChecking=no nid01526  cd /global/common/cori/software/spark/1.5.1/sbin/.. ; /usr/common/software/spark/1.5.1/sbin/stop-slave.sh
nid01527: doing ssh -o StrictHostKeyChecking=no nid01527  cd /global/common/cori/software/spark/1.5.1/sbin/.. ; /usr/common/software/spark/1.5.1/sbin/stop-slave.sh
nid01528: doing ssh -o StrictHostKeyChecking=no nid01528  cd /global/common/cori/software/spark/1.5.1/sbin/.. ; /usr/common/software/spark/1.5.1/sbin/stop-slave.sh
nid01529: doing ssh -o StrictHostKeyChecking=no nid01529  cd /global/common/cori/software/spark/1.5.1/sbin/.. ; /usr/common/software/spark/1.5.1/sbin/stop-slave.sh
nid01530: doing ssh -o StrictHostKeyChecking=no nid01530  cd /global/common/cori/software/spark/1.5.1/sbin/.. ; /usr/common/software/spark/1.5.1/sbin/stop-slave.sh
nid01531: doing ssh -o StrictHostKeyChecking=no nid01531  cd /global/common/cori/software/spark/1.5.1/sbin/.. ; /usr/common/software/spark/1.5.1/sbin/stop-slave.sh
nid01532: doing ssh -o StrictHostKeyChecking=no nid01532  cd /global/common/cori/software/spark/1.5.1/sbin/.. ; /usr/common/software/spark/1.5.1/sbin/stop-slave.sh
nid01533: doing ssh -o StrictHostKeyChecking=no nid01533  cd /global/common/cori/software/spark/1.5.1/sbin/.. ; /usr/common/software/spark/1.5.1/sbin/stop-slave.sh
nid01534: doing ssh -o StrictHostKeyChecking=no nid01534  cd /global/common/cori/software/spark/1.5.1/sbin/.. ; /usr/common/software/spark/1.5.1/sbin/stop-slave.sh
nid01535: doing ssh -o StrictHostKeyChecking=no nid01535  cd /global/common/cori/software/spark/1.5.1/sbin/.. ; /usr/common/software/spark/1.5.1/sbin/stop-slave.sh
nid01556: doing ssh -o StrictHostKeyChecking=no nid01556  cd /global/common/cori/software/spark/1.5.1/sbin/.. ; /usr/common/software/spark/1.5.1/sbin/stop-slave.sh
nid01557: doing ssh -o StrictHostKeyChecking=no nid01557  cd /global/common/cori/software/spark/1.5.1/sbin/.. ; /usr/common/software/spark/1.5.1/sbin/stop-slave.sh
nid01558: doing ssh -o StrictHostKeyChecking=no nid01558  cd /global/common/cori/software/spark/1.5.1/sbin/.. ; /usr/common/software/spark/1.5.1/sbin/stop-slave.sh
nid01176: stopping org.apache.spark.deploy.worker.Worker
nid01179: stopping org.apache.spark.deploy.worker.Worker
nid01178: stopping org.apache.spark.deploy.worker.Worker
nid01177: stopping org.apache.spark.deploy.worker.Worker
nid01182: stopping org.apache.spark.deploy.worker.Worker
nid01192: @@@@@@@@@@@@@@@@@@@@@@@@@@@@@@@@@@@@@@@@@@@@@@@@@@@@@@@@@@@
nid01192: @    WARNING: REMOTE HOST IDENTIFICATION HAS CHANGED!     @
nid01192: @@@@@@@@@@@@@@@@@@@@@@@@@@@@@@@@@@@@@@@@@@@@@@@@@@@@@@@@@@@
nid01192: IT IS POSSIBLE THAT SOMEONE IS DOING SOMETHING NASTY!
nid01192: Someone could be eavesdropping on you right now (man-in-the-middle attack)!
nid01192: It is also possible that a host key has just been changed.
nid01192: The fingerprint for the ECDSA key sent by the remote host is
nid01192: SHA256:4F5lvzcINrmwbqFQs+wU6NHSXL6CDY2JZSaSSc+wVr8.
nid01192: Please contact your system administrator.
nid01192: Add correct host key in /global/homes/q/qpzhang/.ssh/known_hosts to get rid of this message.
nid01192: Offending ECDSA key in /global/homes/q/qpzhang/.ssh/known_hosts:504
nid01192: Password authentication is disabled to avoid man-in-the-middle attacks.
nid01192: Keyboard-interactive authentication is disabled to avoid man-in-the-middle attacks.
nid01192: stopping org.apache.spark.deploy.worker.Worker
nid01181: stopping org.apache.spark.deploy.worker.Worker
nid01193: @@@@@@@@@@@@@@@@@@@@@@@@@@@@@@@@@@@@@@@@@@@@@@@@@@@@@@@@@@@
nid01193: @    WARNING: REMOTE HOST IDENTIFICATION HAS CHANGED!     @
nid01193: @@@@@@@@@@@@@@@@@@@@@@@@@@@@@@@@@@@@@@@@@@@@@@@@@@@@@@@@@@@
nid01193: IT IS POSSIBLE THAT SOMEONE IS DOING SOMETHING NASTY!
nid01193: Someone could be eavesdropping on you right now (man-in-the-middle attack)!
nid01193: It is also possible that a host key has just been changed.
nid01193: The fingerprint for the ECDSA key sent by the remote host is
nid01193: SHA256:11TS/THwSx0rBmZXDbycaoWhCOhxtsYqxpoPIF9aX5Y.
nid01193: Please contact your system administrator.
nid01193: Add correct host key in /global/homes/q/qpzhang/.ssh/known_hosts to get rid of this message.
nid01193: Offending ECDSA key in /global/homes/q/qpzhang/.ssh/known_hosts:505
nid01193: Password authentication is disabled to avoid man-in-the-middle attacks.
nid01193: Keyboard-interactive authentication is disabled to avoid man-in-the-middle attacks.
nid01193: stopping org.apache.spark.deploy.worker.Worker
nid01191: @@@@@@@@@@@@@@@@@@@@@@@@@@@@@@@@@@@@@@@@@@@@@@@@@@@@@@@@@@@
nid01191: @    WARNING: REMOTE HOST IDENTIFICATION HAS CHANGED!     @
nid01191: @@@@@@@@@@@@@@@@@@@@@@@@@@@@@@@@@@@@@@@@@@@@@@@@@@@@@@@@@@@
nid01191: IT IS POSSIBLE THAT SOMEONE IS DOING SOMETHING NASTY!
nid01191: Someone could be eavesdropping on you right now (man-in-the-middle attack)!
nid01191: It is also possible that a host key has just been changed.
nid01191: The fingerprint for the ECDSA key sent by the remote host is
nid01191: SHA256:d0twwxlM97p6c2mcIjZQpL5fPmt7XdTUgQ/H8TH8PMw.
nid01191: Please contact your system administrator.
nid01191: Add correct host key in /global/homes/q/qpzhang/.ssh/known_hosts to get rid of this message.
nid01191: Offending ECDSA key in /global/homes/q/qpzhang/.ssh/known_hosts:501
nid01191: Password authentication is disabled to avoid man-in-the-middle attacks.
nid01191: Keyboard-interactive authentication is disabled to avoid man-in-the-middle attacks.
nid01191: stopping org.apache.spark.deploy.worker.Worker
nid01190: @@@@@@@@@@@@@@@@@@@@@@@@@@@@@@@@@@@@@@@@@@@@@@@@@@@@@@@@@@@
nid01190: @    WARNING: REMOTE HOST IDENTIFICATION HAS CHANGED!     @
nid01190: @@@@@@@@@@@@@@@@@@@@@@@@@@@@@@@@@@@@@@@@@@@@@@@@@@@@@@@@@@@
nid01190: IT IS POSSIBLE THAT SOMEONE IS DOING SOMETHING NASTY!
nid01190: Someone could be eavesdropping on you right now (man-in-the-middle attack)!
nid01190: It is also possible that a host key has just been changed.
nid01190: The fingerprint for the ECDSA key sent by the remote host is
nid01190: SHA256:csTMBd7YgQENCNhVFdWCTm3kZnwOpSGK8EFyBLLBIqk.
nid01190: Please contact your system administrator.
nid01190: Add correct host key in /global/homes/q/qpzhang/.ssh/known_hosts to get rid of this message.
nid01190: Offending ECDSA key in /global/homes/q/qpzhang/.ssh/known_hosts:500
nid01190: Password authentication is disabled to avoid man-in-the-middle attacks.
nid01190: Keyboard-interactive authentication is disabled to avoid man-in-the-middle attacks.
nid01190: stopping org.apache.spark.deploy.worker.Worker
nid01184: @@@@@@@@@@@@@@@@@@@@@@@@@@@@@@@@@@@@@@@@@@@@@@@@@@@@@@@@@@@
nid01184: @    WARNING: REMOTE HOST IDENTIFICATION HAS CHANGED!     @
nid01184: @@@@@@@@@@@@@@@@@@@@@@@@@@@@@@@@@@@@@@@@@@@@@@@@@@@@@@@@@@@
nid01184: IT IS POSSIBLE THAT SOMEONE IS DOING SOMETHING NASTY!
nid01184: Someone could be eavesdropping on you right now (man-in-the-middle attack)!
nid01184: It is also possible that a host key has just been changed.
nid01184: The fingerprint for the ECDSA key sent by the remote host is
nid01184: SHA256:LbE9DTjjtoWHDJB9vgbehc/evFm426N+MyVvYk+4qDs.
nid01184: Please contact your system administrator.
nid01184: Add correct host key in /global/homes/q/qpzhang/.ssh/known_hosts to get rid of this message.
nid01184: Offending ECDSA key in /global/homes/q/qpzhang/.ssh/known_hosts:497
nid01184: Password authentication is disabled to avoid man-in-the-middle attacks.
nid01184: Keyboard-interactive authentication is disabled to avoid man-in-the-middle attacks.
nid01184: stopping org.apache.spark.deploy.worker.Worker
nid01185: @@@@@@@@@@@@@@@@@@@@@@@@@@@@@@@@@@@@@@@@@@@@@@@@@@@@@@@@@@@
nid01185: @    WARNING: REMOTE HOST IDENTIFICATION HAS CHANGED!     @
nid01185: @@@@@@@@@@@@@@@@@@@@@@@@@@@@@@@@@@@@@@@@@@@@@@@@@@@@@@@@@@@
nid01185: IT IS POSSIBLE THAT SOMEONE IS DOING SOMETHING NASTY!
nid01185: Someone could be eavesdropping on you right now (man-in-the-middle attack)!
nid01185: It is also possible that a host key has just been changed.
nid01185: The fingerprint for the ECDSA key sent by the remote host is
nid01185: SHA256:NEJHMBuygcAD/oun3STVMO+UpeNRTSTWxszsZ5ML07M.
nid01185: Please contact your system administrator.
nid01185: Add correct host key in /global/homes/q/qpzhang/.ssh/known_hosts to get rid of this message.
nid01185: Offending ECDSA key in /global/homes/q/qpzhang/.ssh/known_hosts:495
nid01185: Password authentication is disabled to avoid man-in-the-middle attacks.
nid01185: Keyboard-interactive authentication is disabled to avoid man-in-the-middle attacks.
nid01185: stopping org.apache.spark.deploy.worker.Worker
nid01183: @@@@@@@@@@@@@@@@@@@@@@@@@@@@@@@@@@@@@@@@@@@@@@@@@@@@@@@@@@@
nid01183: @    WARNING: REMOTE HOST IDENTIFICATION HAS CHANGED!     @
nid01183: @@@@@@@@@@@@@@@@@@@@@@@@@@@@@@@@@@@@@@@@@@@@@@@@@@@@@@@@@@@
nid01183: IT IS POSSIBLE THAT SOMEONE IS DOING SOMETHING NASTY!
nid01183: Someone could be eavesdropping on you right now (man-in-the-middle attack)!
nid01183: It is also possible that a host key has just been changed.
nid01183: The fingerprint for the ECDSA key sent by the remote host is
nid01183: SHA256:wC5IiijnIGgatokINxIX4UmrN8djy4NAkn3ccgxU7Ss.
nid01183: Please contact your system administrator.
nid01183: Add correct host key in /global/homes/q/qpzhang/.ssh/known_hosts to get rid of this message.
nid01183: Offending ECDSA key in /global/homes/q/qpzhang/.ssh/known_hosts:494
nid01183: Password authentication is disabled to avoid man-in-the-middle attacks.
nid01183: Keyboard-interactive authentication is disabled to avoid man-in-the-middle attacks.
nid01183: stopping org.apache.spark.deploy.worker.Worker
nid01189: @@@@@@@@@@@@@@@@@@@@@@@@@@@@@@@@@@@@@@@@@@@@@@@@@@@@@@@@@@@
nid01189: @    WARNING: REMOTE HOST IDENTIFICATION HAS CHANGED!     @
nid01189: @@@@@@@@@@@@@@@@@@@@@@@@@@@@@@@@@@@@@@@@@@@@@@@@@@@@@@@@@@@
nid01189: IT IS POSSIBLE THAT SOMEONE IS DOING SOMETHING NASTY!
nid01189: Someone could be eavesdropping on you right now (man-in-the-middle attack)!
nid01189: It is also possible that a host key has just been changed.
nid01189: The fingerprint for the ECDSA key sent by the remote host is
nid01189: SHA256:0S74pIGZBS2xnwZ+nk01O6bVx4uAE567RbiiHDfTiyY.
nid01189: Please contact your system administrator.
nid01189: Add correct host key in /global/homes/q/qpzhang/.ssh/known_hosts to get rid of this message.
nid01189: Offending ECDSA key in /global/homes/q/qpzhang/.ssh/known_hosts:499
nid01189: Password authentication is disabled to avoid man-in-the-middle attacks.
nid01189: Keyboard-interactive authentication is disabled to avoid man-in-the-middle attacks.
nid01189: stopping org.apache.spark.deploy.worker.Worker
nid01187: @@@@@@@@@@@@@@@@@@@@@@@@@@@@@@@@@@@@@@@@@@@@@@@@@@@@@@@@@@@
nid01187: @    WARNING: REMOTE HOST IDENTIFICATION HAS CHANGED!     @
nid01187: @@@@@@@@@@@@@@@@@@@@@@@@@@@@@@@@@@@@@@@@@@@@@@@@@@@@@@@@@@@
nid01187: IT IS POSSIBLE THAT SOMEONE IS DOING SOMETHING NASTY!
nid01187: Someone could be eavesdropping on you right now (man-in-the-middle attack)!
nid01187: It is also possible that a host key has just been changed.
nid01187: The fingerprint for the ECDSA key sent by the remote host is
nid01187: SHA256:BuH41yWPmZjKYStBO7SaHbkhIAsCrrv2+GYrYi0e5cA.
nid01187: Please contact your system administrator.
nid01187: Add correct host key in /global/homes/q/qpzhang/.ssh/known_hosts to get rid of this message.
nid01187: Offending ECDSA key in /global/homes/q/qpzhang/.ssh/known_hosts:263
nid01187: Password authentication is disabled to avoid man-in-the-middle attacks.
nid01187: Keyboard-interactive authentication is disabled to avoid man-in-the-middle attacks.
nid01187: stopping org.apache.spark.deploy.worker.Worker
nid01521: stopping org.apache.spark.deploy.worker.Worker
nid01523: stopping org.apache.spark.deploy.worker.Worker
nid01180: stopping org.apache.spark.deploy.worker.Worker
nid01524: stopping org.apache.spark.deploy.worker.Worker
nid01525: stopping org.apache.spark.deploy.worker.Worker
nid01520: stopping org.apache.spark.deploy.worker.Worker
nid01519: stopping org.apache.spark.deploy.worker.Worker
nid01527: @@@@@@@@@@@@@@@@@@@@@@@@@@@@@@@@@@@@@@@@@@@@@@@@@@@@@@@@@@@
nid01527: @    WARNING: REMOTE HOST IDENTIFICATION HAS CHANGED!     @
nid01527: @@@@@@@@@@@@@@@@@@@@@@@@@@@@@@@@@@@@@@@@@@@@@@@@@@@@@@@@@@@
nid01527: IT IS POSSIBLE THAT SOMEONE IS DOING SOMETHING NASTY!
nid01527: Someone could be eavesdropping on you right now (man-in-the-middle attack)!
nid01527: It is also possible that a host key has just been changed.
nid01527: The fingerprint for the ECDSA key sent by the remote host is
nid01527: SHA256:QfwnFDX6wF4zPLRBD9KiEb+g42yBgk8ekKcUc1F+bdM.
nid01527: Please contact your system administrator.
nid01527: Add correct host key in /global/homes/q/qpzhang/.ssh/known_hosts to get rid of this message.
nid01527: Offending ECDSA key in /global/homes/q/qpzhang/.ssh/known_hosts:469
nid01527: Password authentication is disabled to avoid man-in-the-middle attacks.
nid01527: Keyboard-interactive authentication is disabled to avoid man-in-the-middle attacks.
nid01527: stopping org.apache.spark.deploy.worker.Worker
nid01526: @@@@@@@@@@@@@@@@@@@@@@@@@@@@@@@@@@@@@@@@@@@@@@@@@@@@@@@@@@@
nid01526: @    WARNING: REMOTE HOST IDENTIFICATION HAS CHANGED!     @
nid01526: @@@@@@@@@@@@@@@@@@@@@@@@@@@@@@@@@@@@@@@@@@@@@@@@@@@@@@@@@@@
nid01526: IT IS POSSIBLE THAT SOMEONE IS DOING SOMETHING NASTY!
nid01526: Someone could be eavesdropping on you right now (man-in-the-middle attack)!
nid01526: It is also possible that a host key has just been changed.
nid01526: The fingerprint for the ECDSA key sent by the remote host is
nid01526: SHA256:0vbTQpbszZtMgJi0kLQybvtCuD6wEbc+8wP11Rku9Xo.
nid01526: Please contact your system administrator.
nid01526: Add correct host key in /global/homes/q/qpzhang/.ssh/known_hosts to get rid of this message.
nid01526: Offending ECDSA key in /global/homes/q/qpzhang/.ssh/known_hosts:468
nid01526: Password authentication is disabled to avoid man-in-the-middle attacks.
nid01526: Keyboard-interactive authentication is disabled to avoid man-in-the-middle attacks.
nid01526: stopping org.apache.spark.deploy.worker.Worker
nid01188: @@@@@@@@@@@@@@@@@@@@@@@@@@@@@@@@@@@@@@@@@@@@@@@@@@@@@@@@@@@
nid01188: @    WARNING: REMOTE HOST IDENTIFICATION HAS CHANGED!     @
nid01188: @@@@@@@@@@@@@@@@@@@@@@@@@@@@@@@@@@@@@@@@@@@@@@@@@@@@@@@@@@@
nid01188: IT IS POSSIBLE THAT SOMEONE IS DOING SOMETHING NASTY!
nid01188: Someone could be eavesdropping on you right now (man-in-the-middle attack)!
nid01188: It is also possible that a host key has just been changed.
nid01188: The fingerprint for the ECDSA key sent by the remote host is
nid01188: SHA256:JzVOkipNxDVudXd6+v8ZWKf5wZuBFsLqLjRIWDOnxOE.
nid01188: Please contact your system administrator.
nid01188: Add correct host key in /global/homes/q/qpzhang/.ssh/known_hosts to get rid of this message.
nid01188: Offending ECDSA key in /global/homes/q/qpzhang/.ssh/known_hosts:498
nid01188: Password authentication is disabled to avoid man-in-the-middle attacks.
nid01188: Keyboard-interactive authentication is disabled to avoid man-in-the-middle attacks.
nid01188: stopping org.apache.spark.deploy.worker.Worker
nid01186: @@@@@@@@@@@@@@@@@@@@@@@@@@@@@@@@@@@@@@@@@@@@@@@@@@@@@@@@@@@
nid01186: @    WARNING: REMOTE HOST IDENTIFICATION HAS CHANGED!     @
nid01186: @@@@@@@@@@@@@@@@@@@@@@@@@@@@@@@@@@@@@@@@@@@@@@@@@@@@@@@@@@@
nid01186: IT IS POSSIBLE THAT SOMEONE IS DOING SOMETHING NASTY!
nid01186: Someone could be eavesdropping on you right now (man-in-the-middle attack)!
nid01186: It is also possible that a host key has just been changed.
nid01186: The fingerprint for the ECDSA key sent by the remote host is
nid01186: SHA256:1miaGkK3sS3obsA4s0c3unxS2vYsylMpUAzU9nXkZ18.
nid01186: Please contact your system administrator.
nid01186: Add correct host key in /global/homes/q/qpzhang/.ssh/known_hosts to get rid of this message.
nid01186: Offending ECDSA key in /global/homes/q/qpzhang/.ssh/known_hosts:496
nid01186: Password authentication is disabled to avoid man-in-the-middle attacks.
nid01186: Keyboard-interactive authentication is disabled to avoid man-in-the-middle attacks.
nid01186: stopping org.apache.spark.deploy.worker.Worker
nid01522: stopping org.apache.spark.deploy.worker.Worker
nid01518: stopping org.apache.spark.deploy.worker.Worker
nid01529: stopping org.apache.spark.deploy.worker.Worker
nid01528: stopping org.apache.spark.deploy.worker.Worker
nid01531: stopping org.apache.spark.deploy.worker.Worker
nid01534: @@@@@@@@@@@@@@@@@@@@@@@@@@@@@@@@@@@@@@@@@@@@@@@@@@@@@@@@@@@
nid01534: @    WARNING: REMOTE HOST IDENTIFICATION HAS CHANGED!     @
nid01534: @@@@@@@@@@@@@@@@@@@@@@@@@@@@@@@@@@@@@@@@@@@@@@@@@@@@@@@@@@@
nid01534: IT IS POSSIBLE THAT SOMEONE IS DOING SOMETHING NASTY!
nid01534: Someone could be eavesdropping on you right now (man-in-the-middle attack)!
nid01534: It is also possible that a host key has just been changed.
nid01534: The fingerprint for the ECDSA key sent by the remote host is
nid01534: SHA256:pH5v1oMo6w3l6hEVgMmNTtWkbTqrwubNECQ/+xH1C2s.
nid01534: Please contact your system administrator.
nid01534: Add correct host key in /global/homes/q/qpzhang/.ssh/known_hosts to get rid of this message.
nid01534: Offending ECDSA key in /global/homes/q/qpzhang/.ssh/known_hosts:270
nid01534: Password authentication is disabled to avoid man-in-the-middle attacks.
nid01534: Keyboard-interactive authentication is disabled to avoid man-in-the-middle attacks.
nid01534: stopping org.apache.spark.deploy.worker.Worker
nid01532: @@@@@@@@@@@@@@@@@@@@@@@@@@@@@@@@@@@@@@@@@@@@@@@@@@@@@@@@@@@
nid01532: @    WARNING: REMOTE HOST IDENTIFICATION HAS CHANGED!     @
nid01532: @@@@@@@@@@@@@@@@@@@@@@@@@@@@@@@@@@@@@@@@@@@@@@@@@@@@@@@@@@@
nid01532: IT IS POSSIBLE THAT SOMEONE IS DOING SOMETHING NASTY!
nid01532: Someone could be eavesdropping on you right now (man-in-the-middle attack)!
nid01532: It is also possible that a host key has just been changed.
nid01532: The fingerprint for the ECDSA key sent by the remote host is
nid01532: SHA256:U3g/r/VF+yWTnF/e5lSbjjT9XqyO0MxmVu6DqFnwd/8.
nid01532: Please contact your system administrator.
nid01532: Add correct host key in /global/homes/q/qpzhang/.ssh/known_hosts to get rid of this message.
nid01532: Offending ECDSA key in /global/homes/q/qpzhang/.ssh/known_hosts:266
nid01532: Password authentication is disabled to avoid man-in-the-middle attacks.
nid01532: Keyboard-interactive authentication is disabled to avoid man-in-the-middle attacks.
nid01532: stopping org.apache.spark.deploy.worker.Worker
nid01533: @@@@@@@@@@@@@@@@@@@@@@@@@@@@@@@@@@@@@@@@@@@@@@@@@@@@@@@@@@@
nid01533: @    WARNING: REMOTE HOST IDENTIFICATION HAS CHANGED!     @
nid01533: @@@@@@@@@@@@@@@@@@@@@@@@@@@@@@@@@@@@@@@@@@@@@@@@@@@@@@@@@@@
nid01533: IT IS POSSIBLE THAT SOMEONE IS DOING SOMETHING NASTY!
nid01533: Someone could be eavesdropping on you right now (man-in-the-middle attack)!
nid01533: It is also possible that a host key has just been changed.
nid01533: The fingerprint for the ECDSA key sent by the remote host is
nid01533: SHA256:yOeqmH4Ve0VTAFqt/U/vAhkdUVa1qWqD7i53g1xhiQk.
nid01533: Please contact your system administrator.
nid01533: Add correct host key in /global/homes/q/qpzhang/.ssh/known_hosts to get rid of this message.
nid01533: Offending ECDSA key in /global/homes/q/qpzhang/.ssh/known_hosts:267
nid01533: Password authentication is disabled to avoid man-in-the-middle attacks.
nid01533: Keyboard-interactive authentication is disabled to avoid man-in-the-middle attacks.
nid01533: stopping org.apache.spark.deploy.worker.Worker
nid01530: stopping org.apache.spark.deploy.worker.Worker
nid01556: @@@@@@@@@@@@@@@@@@@@@@@@@@@@@@@@@@@@@@@@@@@@@@@@@@@@@@@@@@@
nid01556: @    WARNING: REMOTE HOST IDENTIFICATION HAS CHANGED!     @
nid01556: @@@@@@@@@@@@@@@@@@@@@@@@@@@@@@@@@@@@@@@@@@@@@@@@@@@@@@@@@@@
nid01556: IT IS POSSIBLE THAT SOMEONE IS DOING SOMETHING NASTY!
nid01556: Someone could be eavesdropping on you right now (man-in-the-middle attack)!
nid01556: It is also possible that a host key has just been changed.
nid01556: The fingerprint for the ECDSA key sent by the remote host is
nid01556: SHA256:f362/WnKON0Ad/Y6ZmRwYvial7F/WP5/cDLm7nMQYwQ.
nid01556: Please contact your system administrator.
nid01556: Add correct host key in /global/homes/q/qpzhang/.ssh/known_hosts to get rid of this message.
nid01556: Offending ECDSA key in /global/homes/q/qpzhang/.ssh/known_hosts:240
nid01556: Password authentication is disabled to avoid man-in-the-middle attacks.
nid01556: Keyboard-interactive authentication is disabled to avoid man-in-the-middle attacks.
nid01556: stopping org.apache.spark.deploy.worker.Worker
nid01535: @@@@@@@@@@@@@@@@@@@@@@@@@@@@@@@@@@@@@@@@@@@@@@@@@@@@@@@@@@@
nid01535: @    WARNING: REMOTE HOST IDENTIFICATION HAS CHANGED!     @
nid01535: @@@@@@@@@@@@@@@@@@@@@@@@@@@@@@@@@@@@@@@@@@@@@@@@@@@@@@@@@@@
nid01535: IT IS POSSIBLE THAT SOMEONE IS DOING SOMETHING NASTY!
nid01535: Someone could be eavesdropping on you right now (man-in-the-middle attack)!
nid01535: It is also possible that a host key has just been changed.
nid01535: The fingerprint for the ECDSA key sent by the remote host is
nid01535: SHA256:LF7fEzMOSJh3T02Kn6Rc7iJ4oCwQdfFOb9jjOUGMjVY.
nid01535: Please contact your system administrator.
nid01535: Add correct host key in /global/homes/q/qpzhang/.ssh/known_hosts to get rid of this message.
nid01535: Offending ECDSA key in /global/homes/q/qpzhang/.ssh/known_hosts:268
nid01535: Password authentication is disabled to avoid man-in-the-middle attacks.
nid01535: Keyboard-interactive authentication is disabled to avoid man-in-the-middle attacks.
nid01535: stopping org.apache.spark.deploy.worker.Worker
nid01557: @@@@@@@@@@@@@@@@@@@@@@@@@@@@@@@@@@@@@@@@@@@@@@@@@@@@@@@@@@@
nid01557: @    WARNING: REMOTE HOST IDENTIFICATION HAS CHANGED!     @
nid01557: @@@@@@@@@@@@@@@@@@@@@@@@@@@@@@@@@@@@@@@@@@@@@@@@@@@@@@@@@@@
nid01557: IT IS POSSIBLE THAT SOMEONE IS DOING SOMETHING NASTY!
nid01557: Someone could be eavesdropping on you right now (man-in-the-middle attack)!
nid01557: It is also possible that a host key has just been changed.
nid01557: The fingerprint for the ECDSA key sent by the remote host is
nid01557: SHA256:FMMoLFShW6ue7+ljbv/Pu9+YC80ksU7vHXu9gZJaRUg.
nid01557: Please contact your system administrator.
nid01557: Add correct host key in /global/homes/q/qpzhang/.ssh/known_hosts to get rid of this message.
nid01557: Offending ECDSA key in /global/homes/q/qpzhang/.ssh/known_hosts:242
nid01557: Password authentication is disabled to avoid man-in-the-middle attacks.
nid01557: Keyboard-interactive authentication is disabled to avoid man-in-the-middle attacks.
nid01557: stopping org.apache.spark.deploy.worker.Worker
nid01558: @@@@@@@@@@@@@@@@@@@@@@@@@@@@@@@@@@@@@@@@@@@@@@@@@@@@@@@@@@@
nid01558: @    WARNING: REMOTE HOST IDENTIFICATION HAS CHANGED!     @
nid01558: @@@@@@@@@@@@@@@@@@@@@@@@@@@@@@@@@@@@@@@@@@@@@@@@@@@@@@@@@@@
nid01558: IT IS POSSIBLE THAT SOMEONE IS DOING SOMETHING NASTY!
nid01558: Someone could be eavesdropping on you right now (man-in-the-middle attack)!
nid01558: It is also possible that a host key has just been changed.
nid01558: The fingerprint for the ECDSA key sent by the remote host is
nid01558: SHA256:K1/qeicKpOBrXNmIzJ+tDOlIDFU7ELdIgQUb8madiik.
nid01558: Please contact your system administrator.
nid01558: Add correct host key in /global/homes/q/qpzhang/.ssh/known_hosts to get rid of this message.
nid01558: Offending ECDSA key in /global/homes/q/qpzhang/.ssh/known_hosts:241
nid01558: Password authentication is disabled to avoid man-in-the-middle attacks.
nid01558: Keyboard-interactive authentication is disabled to avoid man-in-the-middle attacks.
nid01558: stopping org.apache.spark.deploy.worker.Worker
stopping org.apache.spark.deploy.master.Master
